Numero de qubits: 15 
Threads (LinearAlgebra) :19
Threads (Julia) :1


 22.423329 seconds (88.42 M allocations: 5.156 GiB, 4.97% gc time, 96.05% compilation time)


  0.618843 seconds (506.42 k allocations: 816.756 MiB, 4.16% gc time)


  1.767365 seconds (4.38 M allocations: 1011.364 MiB, 2.58% gc time, 63.44% compilation time)


  0.750145 seconds (506.41 k allocations: 816.755 MiB, 20.65% gc time)


  0.621377 seconds (506.41 k allocations: 816.755 MiB, 3.81% gc time)


  0.766053 seconds (506.41 k allocations: 816.756 MiB, 22.40% gc time)


  0.619293 seconds (506.43 k allocations: 816.757 MiB, 3.79% gc time)


  0.797971 seconds (506.40 k allocations: 816.755 MiB, 23.28% gc time)


  0.594204 seconds (506.42 k allocations: 816.757 MiB, 2.85% gc time)


  0.623677 seconds (506.41 k allocations: 816.755 MiB, 3.91% gc time)


  0.766910 seconds (506.42 k allocations: 816.755 MiB, 22.42% gc time)


  0.613259 seconds (506.41 k allocations: 816.756 MiB, 3.67% gc time)


  0.802037 seconds (506.41 k allocations: 816.756 MiB, 24.29% gc time)


  0.614482 seconds (506.42 k allocations: 816.756 MiB, 3.22% gc time)


  0.620232 seconds (506.41 k allocations: 816.756 MiB, 3.84% gc time)


  0.771703 seconds (506.42 k allocations: 816.756 MiB, 22.75% gc time)


  0.619559 seconds (506.41 k allocations: 816.756 MiB, 3.84% gc time)


  0.794800 seconds (506.43 k allocations: 816.757 MiB, 23.57% gc time)


  0.611843 seconds (506.41 k allocations: 816.756 MiB, 3.44% gc time)


  0.626852 seconds (506.43 k allocations: 816.757 MiB, 3.90% gc time)


  0.762446 seconds (506.42 k allocations: 816.756 MiB, 22.78% gc time)


Numero de qubits: 16 
Threads (LinearAlgebra) :19
Threads (Julia) :1


  1.527194 seconds (544.54 k allocations: 1.633 GiB, 12.80% gc time)


  1.603288 seconds (544.54 k allocations: 1.633 GiB, 22.05% gc time)


  1.503063 seconds (544.53 k allocations: 1.633 GiB, 12.61% gc time)


  1.525594 seconds (544.53 k allocations: 1.633 GiB, 12.58% gc time)


  1.706161 seconds (544.54 k allocations: 1.633 GiB, 20.77% gc time)


  1.532705 seconds (544.55 k allocations: 1.633 GiB, 12.69% gc time)


  1.519017 seconds (544.55 k allocations: 1.633 GiB, 13.58% gc time)


  1.615295 seconds (544.56 k allocations: 1.633 GiB, 22.12% gc time)


  1.474490 seconds (544.54 k allocations: 1.633 GiB, 12.61% gc time)


  1.442199 seconds (544.56 k allocations: 1.633 GiB, 13.51% gc time)


  1.621042 seconds (544.53 k allocations: 1.633 GiB, 22.26% gc time)


  1.423357 seconds (544.54 k allocations: 1.633 GiB, 12.93% gc time)


  1.494323 seconds (544.55 k allocations: 1.633 GiB, 13.03% gc time)


  1.615961 seconds (544.56 k allocations: 1.633 GiB, 22.25% gc time)


  1.452805 seconds (544.54 k allocations: 1.633 GiB, 12.89% gc time)


  1.469382 seconds (544.54 k allocations: 1.633 GiB, 14.15% gc time)


  1.640384 seconds (544.55 k allocations: 1.633 GiB, 21.32% gc time)


  1.540916 seconds (544.55 k allocations: 1.633 GiB, 13.06% gc time)


  1.456735 seconds (544.54 k allocations: 1.633 GiB, 13.18% gc time)


  1.617514 seconds (544.54 k allocations: 1.633 GiB, 21.99% gc time)


  1.477480 seconds (544.54 k allocations: 1.633 GiB, 12.73% gc time)


Numero de qubits: 17 
Threads (LinearAlgebra) :19
Threads (Julia) :1


  2.344154 seconds (584.83 k allocations: 2.521 GiB, 16.04% gc time)


  2.523291 seconds (584.81 k allocations: 2.521 GiB, 21.24% gc time)


  2.317393 seconds (584.82 k allocations: 2.521 GiB, 15.55% gc time)


  2.477910 seconds (584.84 k allocations: 2.521 GiB, 21.69% gc time)


  2.255255 seconds (584.83 k allocations: 2.521 GiB, 16.01% gc time)


  2.417381 seconds (584.82 k allocations: 2.521 GiB, 21.95% gc time)


  2.225917 seconds (584.83 k allocations: 2.521 GiB, 16.00% gc time)


  2.372149 seconds (584.82 k allocations: 2.521 GiB, 22.46% gc time)


  2.241672 seconds (584.82 k allocations: 2.521 GiB, 15.85% gc time)


  2.441362 seconds (584.83 k allocations: 2.521 GiB, 21.26% gc time)


  2.305450 seconds (584.83 k allocations: 2.521 GiB, 15.89% gc time)


  2.189387 seconds (584.82 k allocations: 2.521 GiB, 16.38% gc time)


  2.259970 seconds (584.81 k allocations: 2.521 GiB, 16.31% gc time)


  2.227690 seconds (584.83 k allocations: 2.521 GiB, 15.96% gc time)


  2.380454 seconds (584.83 k allocations: 2.521 GiB, 21.75% gc time)


  2.250713 seconds (584.82 k allocations: 2.521 GiB, 16.65% gc time)


  2.199610 seconds (584.83 k allocations: 2.521 GiB, 16.37% gc time)


  2.383249 seconds (584.84 k allocations: 2.521 GiB, 21.73% gc time)


  2.230754 seconds (584.82 k allocations: 2.521 GiB, 16.71% gc time)


  2.412167 seconds (584.83 k allocations: 2.521 GiB, 21.41% gc time)


  2.236881 seconds (584.83 k allocations: 2.521 GiB, 16.17% gc time)


Numero de qubits: 18 
Threads (LinearAlgebra) :19
Threads (Julia) :1


  5.476792 seconds (626.56 k allocations: 5.342 GiB, 18.78% gc time)


  5.511890 seconds (626.56 k allocations: 5.342 GiB, 18.76% gc time)


  5.514664 seconds (626.55 k allocations: 5.342 GiB, 18.52% gc time)


  5.450750 seconds (626.55 k allocations: 5.342 GiB, 19.09% gc time)


  5.494151 seconds (626.56 k allocations: 5.342 GiB, 18.50% gc time)


  5.453503 seconds (626.55 k allocations: 5.342 GiB, 18.51% gc time)


  5.453311 seconds (626.58 k allocations: 5.342 GiB, 19.17% gc time)


  5.407972 seconds (626.56 k allocations: 5.345 GiB, 18.99% gc time)


  5.457747 seconds (626.56 k allocations: 5.342 GiB, 18.68% gc time)


  5.531832 seconds (626.55 k allocations: 5.342 GiB, 18.79% gc time)


  5.543522 seconds (626.56 k allocations: 5.342 GiB, 18.48% gc time)


  5.420231 seconds (626.56 k allocations: 5.342 GiB, 18.72% gc time)


  5.547537 seconds (626.56 k allocations: 5.342 GiB, 18.71% gc time)


  5.495380 seconds (626.57 k allocations: 5.342 GiB, 18.65% gc time)


  5.560287 seconds (626.56 k allocations: 5.342 GiB, 18.55% gc time)


  5.452332 seconds (626.56 k allocations: 5.342 GiB, 18.96% gc time)


  5.489485 seconds (626.56 k allocations: 5.342 GiB, 18.62% gc time)


  5.449322 seconds (626.56 k allocations: 5.342 GiB, 18.81% gc time)


  5.453123 seconds (626.56 k allocations: 5.342 GiB, 19.21% gc time)


  5.427960 seconds (626.55 k allocations: 5.342 GiB, 18.77% gc time)


  5.506559 seconds (626.55 k allocations: 5.342 GiB, 18.37% gc time)


Numero de qubits: 19 
Threads (LinearAlgebra) :19
Threads (Julia) :1


  8.586788 seconds (667.52 k allocations: 8.377 GiB, 21.01% gc time)


  8.312275 seconds (667.51 k allocations: 8.377 GiB, 19.97% gc time)


  8.101951 seconds (667.53 k allocations: 8.377 GiB, 19.19% gc time)


  7.449109 seconds (667.53 k allocations: 8.377 GiB, 20.03% gc time)


  7.500809 seconds (667.53 k allocations: 8.377 GiB, 22.11% gc time)


  7.477699 seconds (667.53 k allocations: 8.377 GiB, 20.90% gc time)


  7.635383 seconds (667.54 k allocations: 8.377 GiB, 22.21% gc time)


  7.388416 seconds (667.52 k allocations: 8.377 GiB, 20.47% gc time)


  7.632470 seconds (667.55 k allocations: 8.377 GiB, 22.48% gc time)


  7.404656 seconds (667.52 k allocations: 8.377 GiB, 22.35% gc time)


  7.440224 seconds (667.53 k allocations: 8.377 GiB, 20.93% gc time)


  7.425967 seconds (667.53 k allocations: 8.377 GiB, 20.34% gc time)


  7.618052 seconds (667.51 k allocations: 8.377 GiB, 22.38% gc time)


  7.543324 seconds (667.52 k allocations: 8.377 GiB, 22.13% gc time)


  7.475101 seconds (667.54 k allocations: 8.377 GiB, 20.28% gc time)


  7.378491 seconds (667.53 k allocations: 8.377 GiB, 20.44% gc time)


  7.586773 seconds (667.53 k allocations: 8.377 GiB, 22.50% gc time)


  7.416548 seconds (667.54 k allocations: 8.377 GiB, 20.41% gc time)


  7.697714 seconds (667.55 k allocations: 8.377 GiB, 22.28% gc time)


  7.401840 seconds (667.55 k allocations: 8.377 GiB, 20.37% gc time)


  7.386975 seconds (667.52 k allocations: 8.377 GiB, 20.83% gc time)


Numero de qubits: 20 
Threads (LinearAlgebra) :19
Threads (Julia) :1


 17.802428 seconds (720.65 k allocations: 18.118 GiB, 18.57% gc time)


 17.868868 seconds (720.64 k allocations: 18.119 GiB, 18.78% gc time)


 18.109116 seconds (720.66 k allocations: 18.119 GiB, 19.23% gc time)


 17.749604 seconds (720.67 k allocations: 18.119 GiB, 18.65% gc time)


 18.167149 seconds (720.66 k allocations: 18.107 GiB, 18.41% gc time)


 18.164679 seconds (720.66 k allocations: 18.107 GiB, 18.18% gc time)


 17.947352 seconds (720.64 k allocations: 18.119 GiB, 19.53% gc time)


 18.248918 seconds (720.66 k allocations: 18.107 GiB, 18.13% gc time)


 18.384720 seconds (720.66 k allocations: 18.107 GiB, 18.31% gc time)


 18.209132 seconds (720.65 k allocations: 18.107 GiB, 18.17% gc time)


 18.181969 seconds (720.65 k allocations: 18.107 GiB, 18.45% gc time)


 17.950977 seconds (720.65 k allocations: 18.119 GiB, 19.25% gc time)


 18.457698 seconds (720.66 k allocations: 18.107 GiB, 18.85% gc time)


 18.442609 seconds (720.65 k allocations: 18.107 GiB, 18.93% gc time)


 18.299040 seconds (720.65 k allocations: 18.107 GiB, 18.85% gc time)


 18.331889 seconds (720.68 k allocations: 18.107 GiB, 18.27% gc time)


 17.895438 seconds (720.66 k allocations: 18.107 GiB, 16.93% gc time)


 18.223359 seconds (720.67 k allocations: 18.107 GiB, 18.26% gc time)


 18.271751 seconds (720.66 k allocations: 18.107 GiB, 18.30% gc time)


 18.095667 seconds (720.64 k allocations: 18.119 GiB, 19.17% gc time)


 18.413813 seconds (720.67 k allocations: 18.107 GiB, 18.81% gc time)


