Numero de qubits: 20 
Threads (LinearAlgebra) :15
Threads (Julia) :1


 43.162062 seconds (88.69 M allocations: 25.232 GiB, 11.18% gc time, 48.97% compilation time)


 21.431926 seconds (772.07 k allocations: 20.874 GiB, 16.33% gc time)


 21.535467 seconds (772.06 k allocations: 20.874 GiB, 17.39% gc time)


 21.750617 seconds (772.06 k allocations: 20.874 GiB, 17.80% gc time)


 22.722224 seconds (4.65 M allocations: 21.064 GiB, 17.23% gc time, 4.74% compilation time)


 21.482454 seconds (772.03 k allocations: 20.874 GiB, 17.34% gc time)


 20.940259 seconds (772.04 k allocations: 20.884 GiB, 17.25% gc time)


 21.598453 seconds (772.06 k allocations: 20.874 GiB, 17.32% gc time)


 21.018293 seconds (772.06 k allocations: 20.884 GiB, 18.37% gc time)


 21.489318 seconds (772.06 k allocations: 20.874 GiB, 16.83% gc time)


 20.891122 seconds (772.05 k allocations: 20.884 GiB, 17.20% gc time)


 20.968575 seconds (772.04 k allocations: 20.899 GiB, 18.41% gc time)


 21.412921 seconds (772.05 k allocations: 20.889 GiB, 16.85% gc time)


 21.064096 seconds (772.07 k allocations: 20.884 GiB, 17.70% gc time)


 21.336987 seconds (772.06 k allocations: 20.874 GiB, 16.31% gc time)


 21.672490 seconds (772.07 k allocations: 20.874 GiB, 17.36% gc time)


 21.074040 seconds (772.05 k allocations: 20.884 GiB, 17.77% gc time)


 21.800437 seconds (772.05 k allocations: 20.874 GiB, 17.63% gc time)


 21.485075 seconds (772.05 k allocations: 20.874 GiB, 17.36% gc time)


 21.501756 seconds (772.07 k allocations: 20.874 GiB, 17.49% gc time)


 21.589430 seconds (772.06 k allocations: 20.874 GiB, 17.32% gc time)


Numero de qubits: 21 
Threads (LinearAlgebra) :15
Threads (Julia) :1


 34.310314 seconds (816.33 k allocations: 32.956 GiB, 15.76% gc time)


 34.573934 seconds (816.32 k allocations: 32.956 GiB, 15.53% gc time)


 34.253207 seconds (816.32 k allocations: 32.956 GiB, 15.36% gc time)


 34.569953 seconds (816.34 k allocations: 32.956 GiB, 15.59% gc time)


 34.292358 seconds (816.33 k allocations: 32.956 GiB, 15.62% gc time)


 34.232042 seconds (816.33 k allocations: 32.956 GiB, 15.40% gc time)


 34.252730 seconds (816.34 k allocations: 32.956 GiB, 15.69% gc time)


 34.210004 seconds (816.33 k allocations: 32.956 GiB, 15.75% gc time)


 34.271334 seconds (816.32 k allocations: 32.956 GiB, 15.72% gc time)


 34.668918 seconds (816.34 k allocations: 32.956 GiB, 15.53% gc time)


 34.462208 seconds (816.31 k allocations: 32.956 GiB, 15.67% gc time)


 34.599939 seconds (816.32 k allocations: 32.956 GiB, 15.58% gc time)


 34.268393 seconds (816.33 k allocations: 32.956 GiB, 15.32% gc time)


 34.463914 seconds (816.33 k allocations: 32.956 GiB, 15.61% gc time)


 34.333824 seconds (816.33 k allocations: 32.956 GiB, 15.75% gc time)


 34.451451 seconds (816.31 k allocations: 32.956 GiB, 15.62% gc time)


 34.712285 seconds (816.32 k allocations: 32.956 GiB, 15.62% gc time)


 34.245423 seconds (816.31 k allocations: 32.956 GiB, 15.68% gc time)


 34.637781 seconds (816.31 k allocations: 32.956 GiB, 15.71% gc time)


 34.450457 seconds (816.31 k allocations: 32.956 GiB, 15.60% gc time)


 34.328855 seconds (816.30 k allocations: 32.956 GiB, 15.79% gc time)


