Numero de qubits: 20 
Threads (LinearAlgebra) :15
Threads (Julia) :1


 68.516404 seconds (88.95 M allocations: 40.314 GiB, 12.63% gc time, 32.00% compilation time)


 42.901481 seconds (1.03 M allocations: 35.968 GiB, 15.19% gc time)


 42.603039 seconds (1.03 M allocations: 35.966 GiB, 14.79% gc time)


 43.935508 seconds (1.03 M allocations: 35.956 GiB, 15.23% gc time)


 43.279040 seconds (1.03 M allocations: 35.966 GiB, 15.67% gc time)


 43.946148 seconds (1.03 M allocations: 35.956 GiB, 14.97% gc time)


 43.735872 seconds (1.03 M allocations: 35.956 GiB, 14.99% gc time)


 42.029300 seconds (1.03 M allocations: 35.977 GiB, 15.55% gc time)


 43.736499 seconds (1.03 M allocations: 35.956 GiB, 14.93% gc time)


 42.886654 seconds (3.67 M allocations: 36.105 GiB, 15.38% gc time, 1.26% compilation time)


 43.476728 seconds (2.26 M allocations: 36.030 GiB, 14.87% gc time, 1.20% compilation time)


 43.558437 seconds (1.03 M allocations: 35.956 GiB, 14.91% gc time)


 43.590639 seconds (1.03 M allocations: 35.956 GiB, 14.74% gc time)


 42.214428 seconds (1.03 M allocations: 35.978 GiB, 15.33% gc time)


 42.752188 seconds (1.03 M allocations: 35.968 GiB, 14.87% gc time)


 42.574148 seconds (1.03 M allocations: 35.966 GiB, 14.94% gc time)


 43.471297 seconds (1.03 M allocations: 35.968 GiB, 15.42% gc time)


 43.661489 seconds (1.03 M allocations: 35.956 GiB, 15.03% gc time)


 42.688932 seconds (1.03 M allocations: 35.966 GiB, 15.16% gc time)


 41.236532 seconds (1.03 M allocations: 35.987 GiB, 15.72% gc time)


 42.476724 seconds (1.03 M allocations: 35.966 GiB, 14.78% gc time)


Numero de qubits: 21 
Threads (LinearAlgebra) :15
Threads (Julia) :1


 73.338841 seconds (1.09 M allocations: 58.288 GiB, 13.76% gc time)


 72.297519 seconds (1.09 M allocations: 58.288 GiB, 13.62% gc time)


 73.110561 seconds (1.09 M allocations: 58.288 GiB, 13.94% gc time)


 72.199174 seconds (1.09 M allocations: 58.288 GiB, 13.87% gc time)


 72.146065 seconds (1.09 M allocations: 58.288 GiB, 13.77% gc time)


 71.706498 seconds (1.09 M allocations: 58.288 GiB, 13.75% gc time)


 71.619594 seconds (1.09 M allocations: 58.288 GiB, 13.74% gc time)


 72.276031 seconds (1.09 M allocations: 58.288 GiB, 13.87% gc time)


 71.388573 seconds (1.09 M allocations: 58.288 GiB, 13.67% gc time)


 71.606242 seconds (1.09 M allocations: 58.288 GiB, 13.68% gc time)


 71.294360 seconds (1.09 M allocations: 58.288 GiB, 13.62% gc time)


 71.218234 seconds (1.09 M allocations: 58.288 GiB, 13.67% gc time)


 71.351381 seconds (1.09 M allocations: 58.288 GiB, 13.68% gc time)


 71.392149 seconds (1.09 M allocations: 58.288 GiB, 13.52% gc time)


 71.650735 seconds (1.09 M allocations: 58.288 GiB, 13.74% gc time)


 71.786234 seconds (1.09 M allocations: 58.288 GiB, 13.65% gc time)


 71.453622 seconds (1.09 M allocations: 58.288 GiB, 13.61% gc time)


 72.133618 seconds (1.09 M allocations: 58.288 GiB, 13.64% gc time)


 72.118495 seconds (1.09 M allocations: 58.288 GiB, 13.50% gc time)


 71.456712 seconds (1.09 M allocations: 58.288 GiB, 13.72% gc time)


 71.231696 seconds (1.09 M allocations: 58.288 GiB, 13.53% gc time)


