Numero de qubits: 20 
Threads (LinearAlgebra) :15
Threads (Julia) :1


 47.591163 seconds (88.74 M allocations: 28.415 GiB, 11.56% gc time, 44.99% compilation time)


 25.711103 seconds (823.30 k allocations: 24.057 GiB, 17.89% gc time)


 25.636677 seconds (823.29 k allocations: 24.057 GiB, 17.69% gc time)


 25.508350 seconds (823.27 k allocations: 24.057 GiB, 17.73% gc time)


 25.625827 seconds (823.27 k allocations: 24.057 GiB, 17.54% gc time)


 25.514743 seconds (823.27 k allocations: 24.057 GiB, 17.73% gc time)


 25.472935 seconds (823.30 k allocations: 24.057 GiB, 17.62% gc time)


 24.999027 seconds (823.29 k allocations: 24.069 GiB, 18.06% gc time)


 25.480669 seconds (3.46 M allocations: 24.195 GiB, 17.70% gc time, 2.16% compilation time)


 25.014769 seconds (823.27 k allocations: 24.069 GiB, 18.02% gc time)


 25.485682 seconds (823.29 k allocations: 24.057 GiB, 17.71% gc time)


 25.554832 seconds (823.27 k allocations: 24.057 GiB, 17.59% gc time)


 25.481513 seconds (823.27 k allocations: 24.057 GiB, 17.21% gc time)


 25.512509 seconds (823.32 k allocations: 24.057 GiB, 17.67% gc time)


 25.711675 seconds (823.30 k allocations: 24.057 GiB, 17.58% gc time)


 25.678007 seconds (823.27 k allocations: 24.057 GiB, 17.62% gc time)


 24.864337 seconds (823.27 k allocations: 24.067 GiB, 18.05% gc time)


 25.669122 seconds (823.30 k allocations: 24.057 GiB, 17.67% gc time)


 25.538242 seconds (823.29 k allocations: 24.057 GiB, 17.61% gc time)


 25.625216 seconds (823.29 k allocations: 24.057 GiB, 17.59% gc time)


 25.774560 seconds (823.29 k allocations: 24.057 GiB, 17.58% gc time)


Numero de qubits: 21 
Threads (LinearAlgebra) :15
Threads (Julia) :1


 40.880829 seconds (870.43 k allocations: 38.020 GiB, 16.23% gc time)


 40.774051 seconds (870.41 k allocations: 38.020 GiB, 15.88% gc time)


 40.714762 seconds (870.43 k allocations: 38.020 GiB, 15.96% gc time)


 40.965166 seconds (870.40 k allocations: 38.020 GiB, 16.26% gc time)


 40.678442 seconds (870.41 k allocations: 38.020 GiB, 16.24% gc time)


 40.920535 seconds (870.41 k allocations: 38.020 GiB, 16.21% gc time)


 40.851557 seconds (870.43 k allocations: 38.020 GiB, 15.84% gc time)


 40.767564 seconds (870.43 k allocations: 38.020 GiB, 15.84% gc time)


 40.897198 seconds (870.42 k allocations: 38.020 GiB, 16.22% gc time)


 40.766205 seconds (870.42 k allocations: 38.020 GiB, 15.86% gc time)


 40.905422 seconds (870.42 k allocations: 38.020 GiB, 16.14% gc time)


 41.535784 seconds (2.11 M allocations: 38.082 GiB, 16.02% gc time, 1.29% compilation time)


 40.830353 seconds (870.41 k allocations: 38.020 GiB, 15.93% gc time)


 40.946036 seconds (870.42 k allocations: 38.020 GiB, 16.22% gc time)


 40.750993 seconds (870.42 k allocations: 38.020 GiB, 15.59% gc time)


 40.874361 seconds (870.42 k allocations: 38.020 GiB, 16.26% gc time)


 40.735763 seconds (870.40 k allocations: 38.020 GiB, 16.15% gc time)


 40.704257 seconds (870.41 k allocations: 38.020 GiB, 15.86% gc time)


 40.826551 seconds (870.41 k allocations: 38.020 GiB, 16.15% gc time)


 40.690409 seconds (870.42 k allocations: 38.020 GiB, 15.87% gc time)


 40.796602 seconds (870.43 k allocations: 38.020 GiB, 16.22% gc time)


