Numero de qubits: 100 
Dimension max: 100 
Threads (LinearAlgebra) :15
Threads (Julia) :1


-99.0After sweep 1 energy=-126.83458341353801  maxlinkdim=4 maxerr=0.00E+00 time=9.641
After sweep 1 energy=-126.9230774639686  maxlinkdim=16 maxerr=0.00E+00 time=0.071
After sweep 1 energy=-126.93309635145717  maxlinkdim=51 maxerr=9.98E-16 time=0.219
After sweep 1 energy=-126.93867170915522  maxlinkdim=100 maxerr=1.64E-14 time=1.298
After sweep 1 energy=-126.94292121796026  maxlinkdim=100 maxerr=4.11E-13 time=1.969
After sweep 1 energy=-126.94616786787013  maxlinkdim=100 maxerr=3.97E-13 time=2.192
After sweep 1 energy=-126.94870502801973  maxlinkdim=100 maxerr=4.51E-13 time=2.179
After sweep 1 energy=-126.950793469097  maxlinkdim=100 maxerr=4.68E-13 time=2.148
After sweep 1 energy=-126.95258445881387  maxlinkdim=100 maxerr=5.83E-13 time=2.124
After sweep 1 energy=-126.95427904998803  maxlinkdim=100 maxerr=4.32E-13 time=2.131
-99.0After sweep 1 energy=-126.83458341353801  maxlinkdim=4 maxerr=0.00E+00 time=0.038
After sweep 1 energy=-126.9230774639686  maxlinkdim=16 maxerr=0.00E+00 time=0.049
After sweep 1 energy=-126.93309635145717  maxlinkdim=51 maxerr=9.98E-16 time=0.196
After sweep 1 energy=-126.93867170915522  maxlinkdim=100 maxerr=1.64E-14 time=1.202
After sweep 1 energy=-126.94292121796026  maxlinkdim=100 maxerr=4.11E-13 time=2.059
After sweep 1 energy=-126.94616786787013  maxlinkdim=100 maxerr=3.97E-13 time=2.055
After sweep 1 energy=-126.94870502801973  maxlinkdim=100 maxerr=4.51E-13 time=2.021
After sweep 1 energy=-126.950793469097  maxlinkdim=100 maxerr=4.68E-13 time=1.989
After sweep 1 energy=-126.95258445881387  maxlinkdim=100 maxerr=5.83E-13 time=2.099
After sweep 1 energy=-126.95427904998803  maxlinkdim=100 maxerr=4.32E-13 time=2.097
-99.0After sweep 1 energy=-126.83458341353801  maxlinkdim=4 maxerr=0.00E+00 time=0.039
After sweep 1 energy=-126.9230774639686  maxlinkdim=16 maxerr=0.00E+00 time=0.054
After sweep 1 energy=-126.93309635145717  maxlinkdim=51 maxerr=9.98E-16 time=0.203
After sweep 1 energy=-126.93867170915522  maxlinkdim=100 maxerr=1.64E-14 time=1.166
After sweep 1 energy=-126.94292121796026  maxlinkdim=100 maxerr=4.11E-13 time=2.046
After sweep 1 energy=-126.94616786787013  maxlinkdim=100 maxerr=3.97E-13 time=2.106
After sweep 1 energy=-126.94870502801973  maxlinkdim=100 maxerr=4.51E-13 time=2.144
After sweep 1 energy=-126.950793469097  maxlinkdim=100 maxerr=4.68E-13 time=2.142
After sweep 1 energy=-126.95258445881387  maxlinkdim=100 maxerr=5.83E-13 time=2.001
After sweep 1 energy=-126.95427904998803  maxlinkdim=100 maxerr=4.32E-13 time=1.947
-99.0After sweep 1 energy=-126.83458341353801  maxlinkdim=4 maxerr=0.00E+00 time=0.039
After sweep 1 energy=-126.9230774639686  maxlinkdim=16 maxerr=0.00E+00 time=0.051
After sweep 1 energy=-126.93309635145717  maxlinkdim=51 maxerr=9.98E-16 time=0.205
After sweep 1 energy=-126.93867170915522  maxlinkdim=100 maxerr=1.64E-14 time=1.330
After sweep 1 energy=-126.94292121796026  maxlinkdim=100 maxerr=4.11E-13 time=1.928
After sweep 1 energy=-126.94616786787013  maxlinkdim=100 maxerr=3.97E-13 time=1.980
After sweep 1 energy=-126.94870502801973  maxlinkdim=100 maxerr=4.51E-13 time=2.061
After sweep 1 energy=-126.950793469097  maxlinkdim=100 maxerr=4.68E-13 time=2.103
After sweep 1 energy=-126.95258445881387  maxlinkdim=100 maxerr=5.83E-13 time=2.150
After sweep 1 energy=-126.95427904998803  maxlinkdim=100 maxerr=4.32E-13 time=1.980
-99.0After sweep 1 energy=-126.83458341353801  maxlinkdim=4 maxerr=0.00E+00 time=0.041
After sweep 1 energy=-126.9230774639686  maxlinkdim=16 maxerr=0.00E+00 time=0.053
After sweep 1 energy=-126.93309635145717  maxlinkdim=51 maxerr=9.98E-16 time=0.330
After sweep 1 energy=-126.93867170915522  maxlinkdim=100 maxerr=1.64E-14 time=1.166
After sweep 1 energy=-126.94292121796026  maxlinkdim=100 maxerr=4.11E-13 time=2.054
After sweep 1 energy=-126.94616786787013  maxlinkdim=100 maxerr=3.97E-13 time=2.174
After sweep 1 energy=-126.94870502801973  maxlinkdim=100 maxerr=4.51E-13 time=2.041
After sweep 1 energy=-126.950793469097  maxlinkdim=100 maxerr=4.68E-13 time=1.985
After sweep 1 energy=-126.95258445881387  maxlinkdim=100 maxerr=5.83E-13 time=2.141
After sweep 1 energy=-126.95427904998803  maxlinkdim=100 maxerr=4.32E-13 time=2.073
-99.0After sweep 1 energy=-126.83458341353801  maxlinkdim=4 maxerr=0.00E+00 time=0.037
After sweep 1 energy=-126.9230774639686  maxlinkdim=16 maxerr=0.00E+00 time=0.052
After sweep 1 energy=-126.93309635145717  maxlinkdim=51 maxerr=9.98E-16 time=0.205
After sweep 1 energy=-126.93867170915522  maxlinkdim=100 maxerr=1.64E-14 time=1.156
After sweep 1 energy=-126.94292121796026  maxlinkdim=100 maxerr=4.11E-13 time=2.053
After sweep 1 energy=-126.94616786787013  maxlinkdim=100 maxerr=3.97E-13 time=2.119
After sweep 1 energy=-126.94870502801973  maxlinkdim=100 maxerr=4.51E-13 time=2.185
After sweep 1 energy=-126.950793469097  maxlinkdim=100 maxerr=4.68E-13 time=2.013
After sweep 1 energy=-126.95258445881387  maxlinkdim=100 maxerr=5.83E-13 time=1.960
After sweep 1 energy=-126.95427904998803  maxlinkdim=100 maxerr=4.32E-13 time=1.991
-99.0After sweep 1 energy=-126.83458341353801  maxlinkdim=4 maxerr=0.00E+00 time=0.041
After sweep 1 energy=-126.9230774639686  maxlinkdim=16 maxerr=0.00E+00 time=0.051
After sweep 1 energy=-126.93309635145717  maxlinkdim=51 maxerr=9.98E-16 time=0.205
After sweep 1 energy=-126.93867170915522  maxlinkdim=100 maxerr=1.64E-14 time=1.122
After sweep 1 energy=-126.94292121796026  maxlinkdim=100 maxerr=4.11E-13 time=2.016
After sweep 1 energy=-126.94616786787013  maxlinkdim=100 maxerr=3.97E-13 time=2.043
After sweep 1 energy=-126.94870502801973  maxlinkdim=100 maxerr=4.51E-13 time=2.142
After sweep 1 energy=-126.950793469097  maxlinkdim=100 maxerr=4.68E-13 time=2.028
After sweep 1 energy=-126.95258445881387  maxlinkdim=100 maxerr=5.83E-13 time=2.008
After sweep 1 energy=-126.95427904998803  maxlinkdim=100 maxerr=4.32E-13 time=1.951
-99.0After sweep 1 energy=-126.83458341353801  maxlinkdim=4 maxerr=0.00E+00 time=0.039
After sweep 1 energy=-126.9230774639686  maxlinkdim=16 maxerr=0.00E+00 time=0.053
After sweep 1 energy=-126.93309635145717  maxlinkdim=51 maxerr=9.98E-16 time=0.205
After sweep 1 energy=-126.93867170915522  maxlinkdim=100 maxerr=1.64E-14 time=1.181
After sweep 1 energy=-126.94292121796026  maxlinkdim=100 maxerr=4.11E-13 time=1.904
After sweep 1 energy=-126.94616786787013  maxlinkdim=100 maxerr=3.97E-13 time=2.134
After sweep 1 energy=-126.94870502801973  maxlinkdim=100 maxerr=4.51E-13 time=2.122
After sweep 1 energy=-126.950793469097  maxlinkdim=100 maxerr=4.68E-13 time=2.165
After sweep 1 energy=-126.95258445881387  maxlinkdim=100 maxerr=5.83E-13 time=2.016
After sweep 1 energy=-126.95427904998803  maxlinkdim=100 maxerr=4.32E-13 time=2.069
-99.0After sweep 1 energy=-126.83458341353801  maxlinkdim=4 maxerr=0.00E+00 time=0.038
After sweep 1 energy=-126.9230774639686  maxlinkdim=16 maxerr=0.00E+00 time=0.053
After sweep 1 energy=-126.93309635145717  maxlinkdim=51 maxerr=9.98E-16 time=0.204
After sweep 1 energy=-126.93867170915522  maxlinkdim=100 maxerr=1.64E-14 time=1.180
After sweep 1 energy=-126.94292121796026  maxlinkdim=100 maxerr=4.11E-13 time=1.912
After sweep 1 energy=-126.94616786787013  maxlinkdim=100 maxerr=3.97E-13 time=2.121
After sweep 1 energy=-126.94870502801973  maxlinkdim=100 maxerr=4.51E-13 time=2.160
After sweep 1 energy=-126.950793469097  maxlinkdim=100 maxerr=4.68E-13 time=2.029
After sweep 1 energy=-126.95258445881387  maxlinkdim=100 maxerr=5.83E-13 time=1.967
After sweep 1 energy=-126.95427904998803  maxlinkdim=100 maxerr=4.32E-13 time=2.069
-99.0After sweep 1 energy=-126.83458341353801  maxlinkdim=4 maxerr=0.00E+00 time=0.038
After sweep 1 energy=-126.9230774639686  maxlinkdim=16 maxerr=0.00E+00 time=0.051
After sweep 1 energy=-126.93309635145717  maxlinkdim=51 maxerr=9.98E-16 time=0.205
After sweep 1 energy=-126.93867170915522  maxlinkdim=100 maxerr=1.64E-14 time=1.182
After sweep 1 energy=-126.94292121796026  maxlinkdim=100 maxerr=4.11E-13 time=1.939
After sweep 1 energy=-126.94616786787013  maxlinkdim=100 maxerr=3.97E-13 time=2.116
After sweep 1 energy=-126.94870502801973  maxlinkdim=100 maxerr=4.51E-13 time=2.151
After sweep 1 energy=-126.950793469097  maxlinkdim=100 maxerr=4.68E-13 time=2.044
After sweep 1 energy=-126.95258445881387  maxlinkdim=100 maxerr=5.83E-13 time=1.990
After sweep 1 energy=-126.95427904998803  maxlinkdim=100 maxerr=4.32E-13 time=1.945
Numero de qubits: 100 
Dimension max: 200 
Threads (LinearAlgebra) :15
Threads (Julia) :1


-99.0After sweep 1 energy=-126.83458341353801  maxlinkdim=4 maxerr=0.00E+00 time=0.040
After sweep 1 energy=-126.9230774639686  maxlinkdim=16 maxerr=0.00E+00 time=0.051
After sweep 1 energy=-126.93309635145717  maxlinkdim=51 maxerr=9.98E-16 time=0.204
After sweep 1 energy=-126.93867088815098  maxlinkdim=121 maxerr=9.99E-16 time=1.373
After sweep 1 energy=-126.94288078563237  maxlinkdim=200 maxerr=1.83E-14 time=4.292
After sweep 1 energy=-126.94619380439708  maxlinkdim=200 maxerr=1.83E-13 time=6.708
After sweep 1 energy=-126.94872478550454  maxlinkdim=200 maxerr=1.68E-13 time=6.760
After sweep 1 energy=-126.95079110334858  maxlinkdim=200 maxerr=1.56E-13 time=6.844
After sweep 1 energy=-126.95259494265194  maxlinkdim=200 maxerr=1.42E-13 time=6.767
After sweep 1 energy=-126.954255940848  maxlinkdim=200 maxerr=1.28E-13 time=6.808
-99.0After sweep 1 energy=-126.83458341353801  maxlinkdim=4 maxerr=0.00E+00 time=0.041
After sweep 1 energy=-126.9230774639686  maxlinkdim=16 maxerr=0.00E+00 time=0.060
After sweep 1 energy=-126.93309635145717  maxlinkdim=51 maxerr=9.98E-16 time=0.192
After sweep 1 energy=-126.93867088815098  maxlinkdim=121 maxerr=9.99E-16 time=1.077
After sweep 1 energy=-126.94288078563237  maxlinkdim=200 maxerr=1.83E-14 time=3.863
After sweep 1 energy=-126.94619380439708  maxlinkdim=200 maxerr=1.83E-13 time=6.394
After sweep 1 energy=-126.94872478550454  maxlinkdim=200 maxerr=1.68E-13 time=6.907
After sweep 1 energy=-126.95079110334858  maxlinkdim=200 maxerr=1.56E-13 time=6.856
After sweep 1 energy=-126.95259494265194  maxlinkdim=200 maxerr=1.42E-13 time=6.818
After sweep 1 energy=-126.954255940848  maxlinkdim=200 maxerr=1.28E-13 time=6.803
-99.0After sweep 1 energy=-126.83458341353801  maxlinkdim=4 maxerr=0.00E+00 time=0.041
After sweep 1 energy=-126.9230774639686  maxlinkdim=16 maxerr=0.00E+00 time=0.059
After sweep 1 energy=-126.93309635145717  maxlinkdim=51 maxerr=9.98E-16 time=0.196
After sweep 1 energy=-126.93867088815098  maxlinkdim=121 maxerr=9.99E-16 time=1.179
After sweep 1 energy=-126.94288078563237  maxlinkdim=200 maxerr=1.83E-14 time=3.977
After sweep 1 energy=-126.94619380439708  maxlinkdim=200 maxerr=1.83E-13 time=6.293
After sweep 1 energy=-126.94872478550454  maxlinkdim=200 maxerr=1.68E-13 time=6.773
After sweep 1 energy=-126.95079110334858  maxlinkdim=200 maxerr=1.56E-13 time=6.771
After sweep 1 energy=-126.95259494265194  maxlinkdim=200 maxerr=1.42E-13 time=6.702
After sweep 1 energy=-126.954255940848  maxlinkdim=200 maxerr=1.28E-13 time=6.740
-99.0After sweep 1 energy=-126.83458341353801  maxlinkdim=4 maxerr=0.00E+00 time=0.037
After sweep 1 energy=-126.9230774639686  maxlinkdim=16 maxerr=0.00E+00 time=0.055
After sweep 1 energy=-126.93309635145717  maxlinkdim=51 maxerr=9.98E-16 time=0.195
After sweep 1 energy=-126.93867088815098  maxlinkdim=121 maxerr=9.99E-16 time=1.172
After sweep 1 energy=-126.94288078563237  maxlinkdim=200 maxerr=1.83E-14 time=3.962
After sweep 1 energy=-126.94619380439708  maxlinkdim=200 maxerr=1.83E-13 time=6.339
After sweep 1 energy=-126.94872478550454  maxlinkdim=200 maxerr=1.68E-13 time=6.842
After sweep 1 energy=-126.95079110334858  maxlinkdim=200 maxerr=1.56E-13 time=6.837
After sweep 1 energy=-126.95259494265194  maxlinkdim=200 maxerr=1.42E-13 time=6.707
After sweep 1 energy=-126.954255940848  maxlinkdim=200 maxerr=1.28E-13 time=6.753
-99.0After sweep 1 energy=-126.83458341353801  maxlinkdim=4 maxerr=0.00E+00 time=0.043
After sweep 1 energy=-126.9230774639686  maxlinkdim=16 maxerr=0.00E+00 time=0.051
After sweep 1 energy=-126.93309635145717  maxlinkdim=51 maxerr=9.98E-16 time=0.196
After sweep 1 energy=-126.93867088815098  maxlinkdim=121 maxerr=9.99E-16 time=1.166
After sweep 1 energy=-126.94288078563237  maxlinkdim=200 maxerr=1.83E-14 time=3.999
After sweep 1 energy=-126.94619380439708  maxlinkdim=200 maxerr=1.83E-13 time=6.255
After sweep 1 energy=-126.94872478550454  maxlinkdim=200 maxerr=1.68E-13 time=6.723
After sweep 1 energy=-126.95079110334858  maxlinkdim=200 maxerr=1.56E-13 time=6.710
After sweep 1 energy=-126.95259494265194  maxlinkdim=200 maxerr=1.42E-13 time=6.771
After sweep 1 energy=-126.954255940848  maxlinkdim=200 maxerr=1.28E-13 time=6.791
-99.0After sweep 1 energy=-126.83458341353801  maxlinkdim=4 maxerr=0.00E+00 time=0.041
After sweep 1 energy=-126.9230774639686  maxlinkdim=16 maxerr=0.00E+00 time=0.055
After sweep 1 energy=-126.93309635145717  maxlinkdim=51 maxerr=9.98E-16 time=0.197
After sweep 1 energy=-126.93867088815098  maxlinkdim=121 maxerr=9.99E-16 time=1.069
After sweep 1 energy=-126.94288078563237  maxlinkdim=200 maxerr=1.83E-14 time=3.927
After sweep 1 energy=-126.94619380439708  maxlinkdim=200 maxerr=1.83E-13 time=6.226
After sweep 1 energy=-126.94872478550454  maxlinkdim=200 maxerr=1.68E-13 time=6.700
After sweep 1 energy=-126.95079110334858  maxlinkdim=200 maxerr=1.56E-13 time=6.755
After sweep 1 energy=-126.95259494265194  maxlinkdim=200 maxerr=1.42E-13 time=6.691
After sweep 1 energy=-126.954255940848  maxlinkdim=200 maxerr=1.28E-13 time=6.723
-99.0After sweep 1 energy=-126.83458341353801  maxlinkdim=4 maxerr=0.00E+00 time=0.046
After sweep 1 energy=-126.9230774639686  maxlinkdim=16 maxerr=0.00E+00 time=0.049
After sweep 1 energy=-126.93309635145717  maxlinkdim=51 maxerr=9.98E-16 time=0.198
After sweep 1 energy=-126.93867088815098  maxlinkdim=121 maxerr=9.99E-16 time=1.171
After sweep 1 energy=-126.94288078563237  maxlinkdim=200 maxerr=1.83E-14 time=3.985
After sweep 1 energy=-126.94619380439708  maxlinkdim=200 maxerr=1.83E-13 time=6.218
After sweep 1 energy=-126.94872478550454  maxlinkdim=200 maxerr=1.68E-13 time=6.798
After sweep 1 energy=-126.95079110334858  maxlinkdim=200 maxerr=1.56E-13 time=6.776
After sweep 1 energy=-126.95259494265194  maxlinkdim=200 maxerr=1.42E-13 time=6.820
After sweep 1 energy=-126.954255940848  maxlinkdim=200 maxerr=1.28E-13 time=6.721
-99.0After sweep 1 energy=-126.83458341353801  maxlinkdim=4 maxerr=0.00E+00 time=0.040
After sweep 1 energy=-126.9230774639686  maxlinkdim=16 maxerr=0.00E+00 time=0.052
After sweep 1 energy=-126.93309635145717  maxlinkdim=51 maxerr=9.98E-16 time=0.197
After sweep 1 energy=-126.93867088815098  maxlinkdim=121 maxerr=9.99E-16 time=1.173
After sweep 1 energy=-126.94288078563237  maxlinkdim=200 maxerr=1.83E-14 time=3.977
After sweep 1 energy=-126.94619380439708  maxlinkdim=200 maxerr=1.83E-13 time=6.224
After sweep 1 energy=-126.94872478550454  maxlinkdim=200 maxerr=1.68E-13 time=6.660
After sweep 1 energy=-126.95079110334858  maxlinkdim=200 maxerr=1.56E-13 time=6.798
After sweep 1 energy=-126.95259494265194  maxlinkdim=200 maxerr=1.42E-13 time=6.773
After sweep 1 energy=-126.954255940848  maxlinkdim=200 maxerr=1.28E-13 time=6.759
-99.0After sweep 1 energy=-126.83458341353801  maxlinkdim=4 maxerr=0.00E+00 time=0.040
After sweep 1 energy=-126.9230774639686  maxlinkdim=16 maxerr=0.00E+00 time=0.052
After sweep 1 energy=-126.93309635145717  maxlinkdim=51 maxerr=9.98E-16 time=0.196
After sweep 1 energy=-126.93867088815098  maxlinkdim=121 maxerr=9.99E-16 time=1.168
After sweep 1 energy=-126.94288078563237  maxlinkdim=200 maxerr=1.83E-14 time=3.967
After sweep 1 energy=-126.94619380439708  maxlinkdim=200 maxerr=1.83E-13 time=6.240
After sweep 1 energy=-126.94872478550454  maxlinkdim=200 maxerr=1.68E-13 time=6.825
After sweep 1 energy=-126.95079110334858  maxlinkdim=200 maxerr=1.56E-13 time=7.132
After sweep 1 energy=-126.95259494265194  maxlinkdim=200 maxerr=1.42E-13 time=6.917
After sweep 1 energy=-126.954255940848  maxlinkdim=200 maxerr=1.28E-13 time=6.768
-99.0After sweep 1 energy=-126.83458341353801  maxlinkdim=4 maxerr=0.00E+00 time=0.039
After sweep 1 energy=-126.9230774639686  maxlinkdim=16 maxerr=0.00E+00 time=0.052
After sweep 1 energy=-126.93309635145717  maxlinkdim=51 maxerr=9.98E-16 time=0.195
After sweep 1 energy=-126.93867088815098  maxlinkdim=121 maxerr=9.99E-16 time=1.164
After sweep 1 energy=-126.94288078563237  maxlinkdim=200 maxerr=1.83E-14 time=3.961
After sweep 1 energy=-126.94619380439708  maxlinkdim=200 maxerr=1.83E-13 time=6.233
After sweep 1 energy=-126.94872478550454  maxlinkdim=200 maxerr=1.68E-13 time=6.747
After sweep 1 energy=-126.95079110334858  maxlinkdim=200 maxerr=1.56E-13 time=6.920
After sweep 1 energy=-126.95259494265194  maxlinkdim=200 maxerr=1.42E-13 time=6.826
After sweep 1 energy=-126.954255940848  maxlinkdim=200 maxerr=1.28E-13 time=6.786
Numero de qubits: 100 
Dimension max: 300 
Threads (LinearAlgebra) :15
Threads (Julia) :1


-99.0After sweep 1 energy=-126.83458341353801  maxlinkdim=4 maxerr=0.00E+00 time=0.040
After sweep 1 energy=-126.9230774639686  maxlinkdim=16 maxerr=0.00E+00 time=0.051
After sweep 1 energy=-126.93309635145717  maxlinkdim=51 maxerr=9.98E-16 time=0.195
After sweep 1 energy=-126.93867088815098  maxlinkdim=121 maxerr=9.99E-16 time=1.166
After sweep 1 energy=-126.9428880813356  maxlinkdim=252 maxerr=1.00E-15 time=4.333
After sweep 1 energy=-126.94612953517036  maxlinkdim=300 maxerr=7.38E-14 time=10.661
After sweep 1 energy=-126.94869772229497  maxlinkdim=300 maxerr=1.01E-13 time=13.168
After sweep 1 energy=-126.9507937286324  maxlinkdim=300 maxerr=1.27E-13 time=13.860
After sweep 1 energy=-126.95261848620245  maxlinkdim=300 maxerr=9.99E-14 time=13.906
After sweep 1 energy=-126.95428732983262  maxlinkdim=300 maxerr=8.32E-14 time=13.947
-99.0After sweep 1 energy=-126.83458341353801  maxlinkdim=4 maxerr=0.00E+00 time=0.036
After sweep 1 energy=-126.9230774639686  maxlinkdim=16 maxerr=0.00E+00 time=0.066
After sweep 1 energy=-126.93309635145717  maxlinkdim=51 maxerr=9.98E-16 time=0.185
After sweep 1 energy=-126.93867088815098  maxlinkdim=121 maxerr=9.99E-16 time=1.075
After sweep 1 energy=-126.9428880813356  maxlinkdim=252 maxerr=1.00E-15 time=4.348
After sweep 1 energy=-126.94612953517036  maxlinkdim=300 maxerr=7.38E-14 time=10.475
After sweep 1 energy=-126.94869772229497  maxlinkdim=300 maxerr=1.01E-13 time=13.088
After sweep 1 energy=-126.9507937286324  maxlinkdim=300 maxerr=1.27E-13 time=13.711
After sweep 1 energy=-126.95261848620245  maxlinkdim=300 maxerr=9.99E-14 time=13.853
After sweep 1 energy=-126.95428732983262  maxlinkdim=300 maxerr=8.32E-14 time=13.873
-99.0After sweep 1 energy=-126.83458341353801  maxlinkdim=4 maxerr=0.00E+00 time=0.040
After sweep 1 energy=-126.9230774639686  maxlinkdim=16 maxerr=0.00E+00 time=0.067
After sweep 1 energy=-126.93309635145717  maxlinkdim=51 maxerr=9.98E-16 time=0.185
After sweep 1 energy=-126.93867088815098  maxlinkdim=121 maxerr=9.99E-16 time=1.065
After sweep 1 energy=-126.9428880813356  maxlinkdim=252 maxerr=1.00E-15 time=4.242
After sweep 1 energy=-126.94612953517036  maxlinkdim=300 maxerr=7.38E-14 time=10.516
After sweep 1 energy=-126.94869772229497  maxlinkdim=300 maxerr=1.01E-13 time=13.073
After sweep 1 energy=-126.9507937286324  maxlinkdim=300 maxerr=1.27E-13 time=13.492
After sweep 1 energy=-126.95261848620245  maxlinkdim=300 maxerr=9.99E-14 time=13.721
After sweep 1 energy=-126.95428732983262  maxlinkdim=300 maxerr=8.32E-14 time=13.587
-99.0After sweep 1 energy=-126.83458341353801  maxlinkdim=4 maxerr=0.00E+00 time=0.040
After sweep 1 energy=-126.9230774639686  maxlinkdim=16 maxerr=0.00E+00 time=0.052
After sweep 1 energy=-126.93309635145717  maxlinkdim=51 maxerr=9.98E-16 time=0.198
After sweep 1 energy=-126.93867088815098  maxlinkdim=121 maxerr=9.99E-16 time=1.317
After sweep 1 energy=-126.9428880813356  maxlinkdim=252 maxerr=1.00E-15 time=4.249
After sweep 1 energy=-126.94612953517036  maxlinkdim=300 maxerr=7.38E-14 time=10.506
After sweep 1 energy=-126.94869772229497  maxlinkdim=300 maxerr=1.01E-13 time=13.158
After sweep 1 energy=-126.9507937286324  maxlinkdim=300 maxerr=1.27E-13 time=13.641
After sweep 1 energy=-126.95261848620245  maxlinkdim=300 maxerr=9.99E-14 time=13.759
After sweep 1 energy=-126.95428732983262  maxlinkdim=300 maxerr=8.32E-14 time=13.786
-99.0After sweep 1 energy=-126.83458341353801  maxlinkdim=4 maxerr=0.00E+00 time=0.044
After sweep 1 energy=-126.9230774639686  maxlinkdim=16 maxerr=0.00E+00 time=0.056
After sweep 1 energy=-126.93309635145717  maxlinkdim=51 maxerr=9.98E-16 time=0.203
After sweep 1 energy=-126.93867088815098  maxlinkdim=121 maxerr=9.99E-16 time=1.118
After sweep 1 energy=-126.9428880813356  maxlinkdim=252 maxerr=1.00E-15 time=4.351
After sweep 1 energy=-126.94612953517036  maxlinkdim=300 maxerr=7.38E-14 time=10.535
After sweep 1 energy=-126.94869772229497  maxlinkdim=300 maxerr=1.01E-13 time=13.250
After sweep 1 energy=-126.9507937286324  maxlinkdim=300 maxerr=1.27E-13 time=13.558
After sweep 1 energy=-126.95261848620245  maxlinkdim=300 maxerr=9.99E-14 time=13.736
After sweep 1 energy=-126.95428732983262  maxlinkdim=300 maxerr=8.32E-14 time=13.976
-99.0After sweep 1 energy=-126.83458341353801  maxlinkdim=4 maxerr=0.00E+00 time=0.040
After sweep 1 energy=-126.9230774639686  maxlinkdim=16 maxerr=0.00E+00 time=0.049
After sweep 1 energy=-126.93309635145717  maxlinkdim=51 maxerr=9.98E-16 time=0.326
After sweep 1 energy=-126.93867088815098  maxlinkdim=121 maxerr=9.99E-16 time=1.155
After sweep 1 energy=-126.9428880813356  maxlinkdim=252 maxerr=1.00E-15 time=4.377
After sweep 1 energy=-126.94612953517036  maxlinkdim=300 maxerr=7.38E-14 time=10.492
After sweep 1 energy=-126.94869772229497  maxlinkdim=300 maxerr=1.01E-13 time=13.090
After sweep 1 energy=-126.9507937286324  maxlinkdim=300 maxerr=1.27E-13 time=13.710
After sweep 1 energy=-126.95261848620245  maxlinkdim=300 maxerr=9.99E-14 time=14.759
After sweep 1 energy=-126.95428732983262  maxlinkdim=300 maxerr=8.32E-14 time=14.723
-99.0After sweep 1 energy=-126.83458341353801  maxlinkdim=4 maxerr=0.00E+00 time=0.040
After sweep 1 energy=-126.9230774639686  maxlinkdim=16 maxerr=0.00E+00 time=0.064
After sweep 1 energy=-126.93309635145717  maxlinkdim=51 maxerr=9.98E-16 time=0.200
After sweep 1 energy=-126.93867088815098  maxlinkdim=121 maxerr=9.99E-16 time=1.144
After sweep 1 energy=-126.9428880813356  maxlinkdim=252 maxerr=1.00E-15 time=4.350
After sweep 1 energy=-126.94612953517036  maxlinkdim=300 maxerr=7.38E-14 time=10.387
After sweep 1 energy=-126.94869772229497  maxlinkdim=300 maxerr=1.01E-13 time=13.189
After sweep 1 energy=-126.9507937286324  maxlinkdim=300 maxerr=1.27E-13 time=13.851
After sweep 1 energy=-126.95261848620245  maxlinkdim=300 maxerr=9.99E-14 time=13.921
After sweep 1 energy=-126.95428732983262  maxlinkdim=300 maxerr=8.32E-14 time=13.878
-99.0After sweep 1 energy=-126.83458341353801  maxlinkdim=4 maxerr=0.00E+00 time=0.044
After sweep 1 energy=-126.9230774639686  maxlinkdim=16 maxerr=0.00E+00 time=0.067
After sweep 1 energy=-126.93309635145717  maxlinkdim=51 maxerr=9.98E-16 time=0.185
After sweep 1 energy=-126.93867088815098  maxlinkdim=121 maxerr=9.99E-16 time=1.075
After sweep 1 energy=-126.9428880813356  maxlinkdim=252 maxerr=1.00E-15 time=4.349
After sweep 1 energy=-126.94612953517036  maxlinkdim=300 maxerr=7.38E-14 time=10.451
After sweep 1 energy=-126.94869772229497  maxlinkdim=300 maxerr=1.01E-13 time=13.286
After sweep 1 energy=-126.9507937286324  maxlinkdim=300 maxerr=1.27E-13 time=14.125
After sweep 1 energy=-126.95261848620245  maxlinkdim=300 maxerr=9.99E-14 time=14.604
After sweep 1 energy=-126.95428732983262  maxlinkdim=300 maxerr=8.32E-14 time=14.374
-99.0After sweep 1 energy=-126.83458341353801  maxlinkdim=4 maxerr=0.00E+00 time=0.040
After sweep 1 energy=-126.9230774639686  maxlinkdim=16 maxerr=0.00E+00 time=0.058
After sweep 1 energy=-126.93309635145717  maxlinkdim=51 maxerr=9.98E-16 time=0.191
After sweep 1 energy=-126.93867088815098  maxlinkdim=121 maxerr=9.99E-16 time=1.142
After sweep 1 energy=-126.9428880813356  maxlinkdim=252 maxerr=1.00E-15 time=4.381
After sweep 1 energy=-126.94612953517036  maxlinkdim=300 maxerr=7.38E-14 time=10.544
After sweep 1 energy=-126.94869772229497  maxlinkdim=300 maxerr=1.01E-13 time=13.179
After sweep 1 energy=-126.9507937286324  maxlinkdim=300 maxerr=1.27E-13 time=13.460
After sweep 1 energy=-126.95261848620245  maxlinkdim=300 maxerr=9.99E-14 time=13.682
After sweep 1 energy=-126.95428732983262  maxlinkdim=300 maxerr=8.32E-14 time=13.728
-99.0After sweep 1 energy=-126.83458341353801  maxlinkdim=4 maxerr=0.00E+00 time=0.037
After sweep 1 energy=-126.9230774639686  maxlinkdim=16 maxerr=0.00E+00 time=0.051
After sweep 1 energy=-126.93309635145717  maxlinkdim=51 maxerr=9.98E-16 time=0.197
After sweep 1 energy=-126.93867088815098  maxlinkdim=121 maxerr=9.99E-16 time=1.173
After sweep 1 energy=-126.9428880813356  maxlinkdim=252 maxerr=1.00E-15 time=4.196
After sweep 1 energy=-126.94612953517036  maxlinkdim=300 maxerr=7.38E-14 time=10.376
After sweep 1 energy=-126.94869772229497  maxlinkdim=300 maxerr=1.01E-13 time=13.193
After sweep 1 energy=-126.9507937286324  maxlinkdim=300 maxerr=1.27E-13 time=14.157
After sweep 1 energy=-126.95261848620245  maxlinkdim=300 maxerr=9.99E-14 time=14.589
After sweep 1 energy=-126.95428732983262  maxlinkdim=300 maxerr=8.32E-14 time=14.524
Numero de qubits: 100 
Dimension max: 400 
Threads (LinearAlgebra) :15
Threads (Julia) :1


-99.0After sweep 1 energy=-126.83458341353801  maxlinkdim=4 maxerr=0.00E+00 time=0.044
After sweep 1 energy=-126.9230774639686  maxlinkdim=16 maxerr=0.00E+00 time=0.061
After sweep 1 energy=-126.93309635145717  maxlinkdim=51 maxerr=9.98E-16 time=0.193
After sweep 1 energy=-126.93867088815098  maxlinkdim=121 maxerr=9.99E-16 time=1.136
After sweep 1 energy=-126.9428880813356  maxlinkdim=252 maxerr=1.00E-15 time=4.367
After sweep 1 energy=-126.9461350723874  maxlinkdim=400 maxerr=1.06E-14 time=13.241
After sweep 1 energy=-126.94869407684095  maxlinkdim=400 maxerr=7.21E-14 time=21.962
After sweep 1 energy=-126.95082059498093  maxlinkdim=400 maxerr=7.26E-14 time=22.833
After sweep 1 energy=-126.95266752924917  maxlinkdim=400 maxerr=6.91E-14 time=22.990
After sweep 1 energy=-126.95434462442533  maxlinkdim=400 maxerr=5.53E-14 time=23.078
-99.0After sweep 1 energy=-126.83458341353801  maxlinkdim=4 maxerr=0.00E+00 time=0.038
After sweep 1 energy=-126.9230774639686  maxlinkdim=16 maxerr=0.00E+00 time=0.053
After sweep 1 energy=-126.93309635145717  maxlinkdim=51 maxerr=9.98E-16 time=0.195
After sweep 1 energy=-126.93867088815098  maxlinkdim=121 maxerr=9.99E-16 time=1.072
After sweep 1 energy=-126.9428880813356  maxlinkdim=252 maxerr=1.00E-15 time=4.253
After sweep 1 energy=-126.9461350723874  maxlinkdim=400 maxerr=1.06E-14 time=12.867
After sweep 1 energy=-126.94869407684095  maxlinkdim=400 maxerr=7.21E-14 time=20.954
After sweep 1 energy=-126.95082059498093  maxlinkdim=400 maxerr=7.26E-14 time=23.095
After sweep 1 energy=-126.95266752924917  maxlinkdim=400 maxerr=6.91E-14 time=23.806
After sweep 1 energy=-126.95434462442533  maxlinkdim=400 maxerr=5.53E-14 time=23.821
-99.0After sweep 1 energy=-126.83458341353801  maxlinkdim=4 maxerr=0.00E+00 time=0.038
After sweep 1 energy=-126.9230774639686  maxlinkdim=16 maxerr=0.00E+00 time=0.056
After sweep 1 energy=-126.93309635145717  maxlinkdim=51 maxerr=9.98E-16 time=0.196
After sweep 1 energy=-126.93867088815098  maxlinkdim=121 maxerr=9.99E-16 time=1.065
After sweep 1 energy=-126.9428880813356  maxlinkdim=252 maxerr=1.00E-15 time=4.359
After sweep 1 energy=-126.9461350723874  maxlinkdim=400 maxerr=1.06E-14 time=12.866
After sweep 1 energy=-126.94869407684095  maxlinkdim=400 maxerr=7.21E-14 time=21.430
After sweep 1 energy=-126.95082059498093  maxlinkdim=400 maxerr=7.26E-14 time=22.628
After sweep 1 energy=-126.95266752924917  maxlinkdim=400 maxerr=6.91E-14 time=23.169
After sweep 1 energy=-126.95434462442533  maxlinkdim=400 maxerr=5.53E-14 time=23.450
-99.0After sweep 1 energy=-126.83458341353801  maxlinkdim=4 maxerr=0.00E+00 time=0.043
After sweep 1 energy=-126.9230774639686  maxlinkdim=16 maxerr=0.00E+00 time=0.054
After sweep 1 energy=-126.93309635145717  maxlinkdim=51 maxerr=9.98E-16 time=0.199
After sweep 1 energy=-126.93867088815098  maxlinkdim=121 maxerr=9.99E-16 time=1.073
After sweep 1 energy=-126.9428880813356  maxlinkdim=252 maxerr=1.00E-15 time=4.263
After sweep 1 energy=-126.9461350723874  maxlinkdim=400 maxerr=1.06E-14 time=13.105
After sweep 1 energy=-126.94869407684095  maxlinkdim=400 maxerr=7.21E-14 time=20.964
After sweep 1 energy=-126.95082059498093  maxlinkdim=400 maxerr=7.26E-14 time=22.874
After sweep 1 energy=-126.95266752924917  maxlinkdim=400 maxerr=6.91E-14 time=23.456
After sweep 1 energy=-126.95434462442533  maxlinkdim=400 maxerr=5.53E-14 time=22.943
-99.0After sweep 1 energy=-126.83458341353801  maxlinkdim=4 maxerr=0.00E+00 time=0.044
After sweep 1 energy=-126.9230774639686  maxlinkdim=16 maxerr=0.00E+00 time=0.056
After sweep 1 energy=-126.93309635145717  maxlinkdim=51 maxerr=9.98E-16 time=0.183
After sweep 1 energy=-126.93867088815098  maxlinkdim=121 maxerr=9.99E-16 time=1.066
After sweep 1 energy=-126.9428880813356  maxlinkdim=252 maxerr=1.00E-15 time=4.272
After sweep 1 energy=-126.9461350723874  maxlinkdim=400 maxerr=1.06E-14 time=13.066
After sweep 1 energy=-126.94869407684095  maxlinkdim=400 maxerr=7.21E-14 time=20.847
After sweep 1 energy=-126.95082059498093  maxlinkdim=400 maxerr=7.26E-14 time=22.672
After sweep 1 energy=-126.95266752924917  maxlinkdim=400 maxerr=6.91E-14 time=22.626
After sweep 1 energy=-126.95434462442533  maxlinkdim=400 maxerr=5.53E-14 time=24.351
-99.0After sweep 1 energy=-126.83458341353801  maxlinkdim=4 maxerr=0.00E+00 time=0.042
After sweep 1 energy=-126.9230774639686  maxlinkdim=16 maxerr=0.00E+00 time=0.056
After sweep 1 energy=-126.93309635145717  maxlinkdim=51 maxerr=9.98E-16 time=0.203
After sweep 1 energy=-126.93867088815098  maxlinkdim=121 maxerr=9.99E-16 time=1.144
After sweep 1 energy=-126.9428880813356  maxlinkdim=252 maxerr=1.00E-15 time=4.285
After sweep 1 energy=-126.9461350723874  maxlinkdim=400 maxerr=1.06E-14 time=13.001
After sweep 1 energy=-126.94869407684095  maxlinkdim=400 maxerr=7.21E-14 time=20.855
After sweep 1 energy=-126.95082059498093  maxlinkdim=400 maxerr=7.26E-14 time=22.506
After sweep 1 energy=-126.95266752924917  maxlinkdim=400 maxerr=6.91E-14 time=22.845
After sweep 1 energy=-126.95434462442533  maxlinkdim=400 maxerr=5.53E-14 time=22.858
-99.0After sweep 1 energy=-126.83458341353801  maxlinkdim=4 maxerr=0.00E+00 time=0.039
After sweep 1 energy=-126.9230774639686  maxlinkdim=16 maxerr=0.00E+00 time=0.054
After sweep 1 energy=-126.93309635145717  maxlinkdim=51 maxerr=9.98E-16 time=0.329
After sweep 1 energy=-126.93867088815098  maxlinkdim=121 maxerr=9.99E-16 time=1.157
After sweep 1 energy=-126.9428880813356  maxlinkdim=252 maxerr=1.00E-15 time=4.369
After sweep 1 energy=-126.9461350723874  maxlinkdim=400 maxerr=1.06E-14 time=13.020
After sweep 1 energy=-126.94869407684095  maxlinkdim=400 maxerr=7.21E-14 time=20.976
After sweep 1 energy=-126.95082059498093  maxlinkdim=400 maxerr=7.26E-14 time=22.673
After sweep 1 energy=-126.95266752924917  maxlinkdim=400 maxerr=6.91E-14 time=23.099
After sweep 1 energy=-126.95434462442533  maxlinkdim=400 maxerr=5.53E-14 time=23.665
-99.0After sweep 1 energy=-126.83458341353801  maxlinkdim=4 maxerr=0.00E+00 time=0.043
After sweep 1 energy=-126.9230774639686  maxlinkdim=16 maxerr=0.00E+00 time=0.049
After sweep 1 energy=-126.93309635145717  maxlinkdim=51 maxerr=9.98E-16 time=0.197
After sweep 1 energy=-126.93867088815098  maxlinkdim=121 maxerr=9.99E-16 time=1.070
After sweep 1 energy=-126.9428880813356  maxlinkdim=252 maxerr=1.00E-15 time=4.244
After sweep 1 energy=-126.9461350723874  maxlinkdim=400 maxerr=1.06E-14 time=13.126
After sweep 1 energy=-126.94869407684095  maxlinkdim=400 maxerr=7.21E-14 time=21.070
After sweep 1 energy=-126.95082059498093  maxlinkdim=400 maxerr=7.26E-14 time=22.531
After sweep 1 energy=-126.95266752924917  maxlinkdim=400 maxerr=6.91E-14 time=23.862
After sweep 1 energy=-126.95434462442533  maxlinkdim=400 maxerr=5.53E-14 time=23.749
-99.0After sweep 1 energy=-126.83458341353801  maxlinkdim=4 maxerr=0.00E+00 time=0.038
After sweep 1 energy=-126.9230774639686  maxlinkdim=16 maxerr=0.00E+00 time=0.055
After sweep 1 energy=-126.93309635145717  maxlinkdim=51 maxerr=9.98E-16 time=0.195
After sweep 1 energy=-126.93867088815098  maxlinkdim=121 maxerr=9.99E-16 time=1.172
After sweep 1 energy=-126.9428880813356  maxlinkdim=252 maxerr=1.00E-15 time=4.191
After sweep 1 energy=-126.9461350723874  maxlinkdim=400 maxerr=1.06E-14 time=12.876
After sweep 1 energy=-126.94869407684095  maxlinkdim=400 maxerr=7.21E-14 time=21.682
After sweep 1 energy=-126.95082059498093  maxlinkdim=400 maxerr=7.26E-14 time=22.857
After sweep 1 energy=-126.95266752924917  maxlinkdim=400 maxerr=6.91E-14 time=24.052
After sweep 1 energy=-126.95434462442533  maxlinkdim=400 maxerr=5.53E-14 time=22.709
-99.0After sweep 1 energy=-126.83458341353801  maxlinkdim=4 maxerr=0.00E+00 time=0.072
After sweep 1 energy=-126.9230774639686  maxlinkdim=16 maxerr=0.00E+00 time=0.189
After sweep 1 energy=-126.93309635145717  maxlinkdim=51 maxerr=9.98E-16 time=0.187
After sweep 1 energy=-126.93867088815098  maxlinkdim=121 maxerr=9.99E-16 time=1.185
After sweep 1 energy=-126.9428880813356  maxlinkdim=252 maxerr=1.00E-15 time=4.592
After sweep 1 energy=-126.9461350723874  maxlinkdim=400 maxerr=1.06E-14 time=13.598
After sweep 1 energy=-126.94869407684095  maxlinkdim=400 maxerr=7.21E-14 time=21.779
After sweep 1 energy=-126.95082059498093  maxlinkdim=400 maxerr=7.26E-14 time=23.632
After sweep 1 energy=-126.95266752924917  maxlinkdim=400 maxerr=6.91E-14 time=23.622
After sweep 1 energy=-126.95434462442533  maxlinkdim=400 maxerr=5.53E-14 time=23.038
Numero de qubits: 100 
Dimension max: 500 
Threads (LinearAlgebra) :15
Threads (Julia) :1


-99.0After sweep 1 energy=-126.83458341353801  maxlinkdim=4 maxerr=0.00E+00 time=0.041
After sweep 1 energy=-126.9230774639686  maxlinkdim=16 maxerr=0.00E+00 time=0.052
After sweep 1 energy=-126.93309635145717  maxlinkdim=51 maxerr=9.98E-16 time=0.195
After sweep 1 energy=-126.93867088815098  maxlinkdim=121 maxerr=9.99E-16 time=1.064
After sweep 1 energy=-126.9428880813356  maxlinkdim=252 maxerr=1.00E-15 time=4.371
After sweep 1 energy=-126.94613945958514  maxlinkdim=485 maxerr=1.00E-15 time=13.968
After sweep 1 energy=-126.94869861566107  maxlinkdim=500 maxerr=4.99E-14 time=28.299
After sweep 1 energy=-126.95082050448295  maxlinkdim=500 maxerr=5.33E-14 time=32.409
After sweep 1 energy=-126.95268930786793  maxlinkdim=500 maxerr=5.24E-14 time=34.275
After sweep 1 energy=-126.95439136467185  maxlinkdim=500 maxerr=4.73E-14 time=34.449
-99.0After sweep 1 energy=-126.83458341353801  maxlinkdim=4 maxerr=0.00E+00 time=0.040
After sweep 1 energy=-126.9230774639686  maxlinkdim=16 maxerr=0.00E+00 time=0.069
After sweep 1 energy=-126.93309635145717  maxlinkdim=51 maxerr=9.98E-16 time=0.186
After sweep 1 energy=-126.93867088815098  maxlinkdim=121 maxerr=9.99E-16 time=1.051
After sweep 1 energy=-126.9428880813356  maxlinkdim=252 maxerr=1.00E-15 time=4.086
After sweep 1 energy=-126.94613945958514  maxlinkdim=485 maxerr=1.00E-15 time=13.773
After sweep 1 energy=-126.94869861566107  maxlinkdim=500 maxerr=4.99E-14 time=27.874
After sweep 1 energy=-126.95082050448295  maxlinkdim=500 maxerr=5.33E-14 time=32.146
After sweep 1 energy=-126.95268930786793  maxlinkdim=500 maxerr=5.24E-14 time=33.651
After sweep 1 energy=-126.95439136467185  maxlinkdim=500 maxerr=4.73E-14 time=34.359
-99.0After sweep 1 energy=-126.83458341353801  maxlinkdim=4 maxerr=0.00E+00 time=0.041
After sweep 1 energy=-126.9230774639686  maxlinkdim=16 maxerr=0.00E+00 time=0.050
After sweep 1 energy=-126.93309635145717  maxlinkdim=51 maxerr=9.98E-16 time=0.193
After sweep 1 energy=-126.93867088815098  maxlinkdim=121 maxerr=9.99E-16 time=1.322
After sweep 1 energy=-126.9428880813356  maxlinkdim=252 maxerr=1.00E-15 time=4.226
After sweep 1 energy=-126.94613945958514  maxlinkdim=485 maxerr=1.00E-15 time=13.749
After sweep 1 energy=-126.94869861566107  maxlinkdim=500 maxerr=4.99E-14 time=27.898
After sweep 1 energy=-126.95082050448295  maxlinkdim=500 maxerr=5.33E-14 time=32.030
After sweep 1 energy=-126.95268930786793  maxlinkdim=500 maxerr=5.24E-14 time=33.586
After sweep 1 energy=-126.95439136467185  maxlinkdim=500 maxerr=4.73E-14 time=34.336
-99.0After sweep 1 energy=-126.83458341353801  maxlinkdim=4 maxerr=0.00E+00 time=0.046
After sweep 1 energy=-126.9230774639686  maxlinkdim=16 maxerr=0.00E+00 time=0.051
After sweep 1 energy=-126.93309635145717  maxlinkdim=51 maxerr=9.98E-16 time=0.193
After sweep 1 energy=-126.93867088815098  maxlinkdim=121 maxerr=9.99E-16 time=1.318
After sweep 1 energy=-126.9428880813356  maxlinkdim=252 maxerr=1.00E-15 time=4.242
After sweep 1 energy=-126.94613945958514  maxlinkdim=485 maxerr=1.00E-15 time=13.782
After sweep 1 energy=-126.94869861566107  maxlinkdim=500 maxerr=4.99E-14 time=27.801
After sweep 1 energy=-126.95082050448295  maxlinkdim=500 maxerr=5.33E-14 time=32.160
After sweep 1 energy=-126.95268930786793  maxlinkdim=500 maxerr=5.24E-14 time=33.167
After sweep 1 energy=-126.95439136467185  maxlinkdim=500 maxerr=4.73E-14 time=33.641
-99.0After sweep 1 energy=-126.83458341353801  maxlinkdim=4 maxerr=0.00E+00 time=0.041
After sweep 1 energy=-126.9230774639686  maxlinkdim=16 maxerr=0.00E+00 time=0.065
After sweep 1 energy=-126.93309635145717  maxlinkdim=51 maxerr=9.98E-16 time=0.194
After sweep 1 energy=-126.93867088815098  maxlinkdim=121 maxerr=9.99E-16 time=1.050
After sweep 1 energy=-126.9428880813356  maxlinkdim=252 maxerr=1.00E-15 time=4.059
After sweep 1 energy=-126.94613945958514  maxlinkdim=485 maxerr=1.00E-15 time=13.811
After sweep 1 energy=-126.94869861566107  maxlinkdim=500 maxerr=4.99E-14 time=27.711
After sweep 1 energy=-126.95082050448295  maxlinkdim=500 maxerr=5.33E-14 time=31.821
After sweep 1 energy=-126.95268930786793  maxlinkdim=500 maxerr=5.24E-14 time=33.113
After sweep 1 energy=-126.95439136467185  maxlinkdim=500 maxerr=4.73E-14 time=33.775
-99.0After sweep 1 energy=-126.83458341353801  maxlinkdim=4 maxerr=0.00E+00 time=0.045
After sweep 1 energy=-126.9230774639686  maxlinkdim=16 maxerr=0.00E+00 time=0.062
After sweep 1 energy=-126.93309635145717  maxlinkdim=51 maxerr=9.98E-16 time=0.183
After sweep 1 energy=-126.93867088815098  maxlinkdim=121 maxerr=9.99E-16 time=1.048
After sweep 1 energy=-126.9428880813356  maxlinkdim=252 maxerr=1.00E-15 time=4.058
After sweep 1 energy=-126.94613945958514  maxlinkdim=485 maxerr=1.00E-15 time=13.809
After sweep 1 energy=-126.94869861566107  maxlinkdim=500 maxerr=4.99E-14 time=27.665
After sweep 1 energy=-126.95082050448295  maxlinkdim=500 maxerr=5.33E-14 time=31.958
After sweep 1 energy=-126.95268930786793  maxlinkdim=500 maxerr=5.24E-14 time=33.340
After sweep 1 energy=-126.95439136467185  maxlinkdim=500 maxerr=4.73E-14 time=33.752
-99.0After sweep 1 energy=-126.83458341353801  maxlinkdim=4 maxerr=0.00E+00 time=0.051
After sweep 1 energy=-126.9230774639686  maxlinkdim=16 maxerr=0.00E+00 time=0.053
After sweep 1 energy=-126.93309635145717  maxlinkdim=51 maxerr=9.98E-16 time=0.195
After sweep 1 energy=-126.93867088815098  maxlinkdim=121 maxerr=9.99E-16 time=1.057
After sweep 1 energy=-126.9428880813356  maxlinkdim=252 maxerr=1.00E-15 time=4.374
After sweep 1 energy=-126.94613945958514  maxlinkdim=485 maxerr=1.00E-15 time=13.891
After sweep 1 energy=-126.94869861566107  maxlinkdim=500 maxerr=4.99E-14 time=27.843
After sweep 1 energy=-126.95082050448295  maxlinkdim=500 maxerr=5.33E-14 time=32.039
After sweep 1 energy=-126.95268930786793  maxlinkdim=500 maxerr=5.24E-14 time=33.593
After sweep 1 energy=-126.95439136467185  maxlinkdim=500 maxerr=4.73E-14 time=33.795
-99.0After sweep 1 energy=-126.83458341353801  maxlinkdim=4 maxerr=0.00E+00 time=0.040
After sweep 1 energy=-126.9230774639686  maxlinkdim=16 maxerr=0.00E+00 time=0.062
After sweep 1 energy=-126.93309635145717  maxlinkdim=51 maxerr=9.98E-16 time=0.192
After sweep 1 energy=-126.93867088815098  maxlinkdim=121 maxerr=9.99E-16 time=1.154
After sweep 1 energy=-126.9428880813356  maxlinkdim=252 maxerr=1.00E-15 time=4.386
After sweep 1 energy=-126.94613945958514  maxlinkdim=485 maxerr=1.00E-15 time=13.815
After sweep 1 energy=-126.94869861566107  maxlinkdim=500 maxerr=4.99E-14 time=27.814
After sweep 1 energy=-126.95082050448295  maxlinkdim=500 maxerr=5.33E-14 time=32.031
After sweep 1 energy=-126.95268930786793  maxlinkdim=500 maxerr=5.24E-14 time=33.774
After sweep 1 energy=-126.95439136467185  maxlinkdim=500 maxerr=4.73E-14 time=34.118
-99.0After sweep 1 energy=-126.83458341353801  maxlinkdim=4 maxerr=0.00E+00 time=0.053
After sweep 1 energy=-126.9230774639686  maxlinkdim=16 maxerr=0.00E+00 time=0.053
After sweep 1 energy=-126.93309635145717  maxlinkdim=51 maxerr=9.98E-16 time=0.193
After sweep 1 energy=-126.93867088815098  maxlinkdim=121 maxerr=9.99E-16 time=1.060
After sweep 1 energy=-126.9428880813356  maxlinkdim=252 maxerr=1.00E-15 time=4.078
After sweep 1 energy=-126.94613945958514  maxlinkdim=485 maxerr=1.00E-15 time=13.774
After sweep 1 energy=-126.94869861566107  maxlinkdim=500 maxerr=4.99E-14 time=27.940
After sweep 1 energy=-126.95082050448295  maxlinkdim=500 maxerr=5.33E-14 time=32.388
After sweep 1 energy=-126.95268930786793  maxlinkdim=500 maxerr=5.24E-14 time=34.041
After sweep 1 energy=-126.95439136467185  maxlinkdim=500 maxerr=4.73E-14 time=33.840
-99.0After sweep 1 energy=-126.83458341353801  maxlinkdim=4 maxerr=0.00E+00 time=0.038
After sweep 1 energy=-126.9230774639686  maxlinkdim=16 maxerr=0.00E+00 time=0.061
After sweep 1 energy=-126.93309635145717  maxlinkdim=51 maxerr=9.98E-16 time=0.194
After sweep 1 energy=-126.93867088815098  maxlinkdim=121 maxerr=9.99E-16 time=1.060
After sweep 1 energy=-126.9428880813356  maxlinkdim=252 maxerr=1.00E-15 time=4.163
After sweep 1 energy=-126.94613945958514  maxlinkdim=485 maxerr=1.00E-15 time=13.718
After sweep 1 energy=-126.94869861566107  maxlinkdim=500 maxerr=4.99E-14 time=28.060
After sweep 1 energy=-126.95082050448295  maxlinkdim=500 maxerr=5.33E-14 time=32.502
After sweep 1 energy=-126.95268930786793  maxlinkdim=500 maxerr=5.24E-14 time=34.057
After sweep 1 energy=-126.95439136467185  maxlinkdim=500 maxerr=4.73E-14 time=35.159
Numero de qubits: 100 
Dimension max: 600 
Threads (LinearAlgebra) :15
Threads (Julia) :1


-99.0After sweep 1 energy=-126.83458341353801  maxlinkdim=4 maxerr=0.00E+00 time=0.041
After sweep 1 energy=-126.9230774639686  maxlinkdim=16 maxerr=0.00E+00 time=0.055
After sweep 1 energy=-126.93309635145717  maxlinkdim=51 maxerr=9.98E-16 time=0.201
After sweep 1 energy=-126.93867088815098  maxlinkdim=121 maxerr=9.99E-16 time=1.115
After sweep 1 energy=-126.9428880813356  maxlinkdim=252 maxerr=1.00E-15 time=4.400
After sweep 1 energy=-126.94613945958514  maxlinkdim=485 maxerr=1.00E-15 time=13.801
After sweep 1 energy=-126.9487062144507  maxlinkdim=600 maxerr=3.43E-14 time=35.197
After sweep 1 energy=-126.9508323764157  maxlinkdim=600 maxerr=4.45E-14 time=45.162
After sweep 1 energy=-126.95271595651955  maxlinkdim=600 maxerr=4.32E-14 time=47.795
After sweep 1 energy=-126.95443149587521  maxlinkdim=600 maxerr=3.91E-14 time=48.103
-99.0After sweep 1 energy=-126.83458341353801  maxlinkdim=4 maxerr=0.00E+00 time=0.040
After sweep 1 energy=-126.9230774639686  maxlinkdim=16 maxerr=0.00E+00 time=0.062
After sweep 1 energy=-126.93309635145717  maxlinkdim=51 maxerr=9.98E-16 time=0.190
After sweep 1 energy=-126.93867088815098  maxlinkdim=121 maxerr=9.99E-16 time=1.037
After sweep 1 energy=-126.9428880813356  maxlinkdim=252 maxerr=1.00E-15 time=3.913
After sweep 1 energy=-126.94613945958514  maxlinkdim=485 maxerr=1.00E-15 time=13.717
After sweep 1 energy=-126.9487062144507  maxlinkdim=600 maxerr=3.43E-14 time=34.203
After sweep 1 energy=-126.9508323764157  maxlinkdim=600 maxerr=4.45E-14 time=44.097
After sweep 1 energy=-126.95271595651955  maxlinkdim=600 maxerr=4.32E-14 time=47.585
After sweep 1 energy=-126.95443149587521  maxlinkdim=600 maxerr=3.91E-14 time=48.514
-99.0After sweep 1 energy=-126.83458341353801  maxlinkdim=4 maxerr=0.00E+00 time=0.045
After sweep 1 energy=-126.9230774639686  maxlinkdim=16 maxerr=0.00E+00 time=0.056
After sweep 1 energy=-126.93309635145717  maxlinkdim=51 maxerr=9.98E-16 time=0.203
After sweep 1 energy=-126.93867088815098  maxlinkdim=121 maxerr=9.99E-16 time=1.096
After sweep 1 energy=-126.9428880813356  maxlinkdim=252 maxerr=1.00E-15 time=4.086
After sweep 1 energy=-126.94613945958514  maxlinkdim=485 maxerr=1.00E-15 time=13.738
After sweep 1 energy=-126.9487062144507  maxlinkdim=600 maxerr=3.43E-14 time=34.191
After sweep 1 energy=-126.9508323764157  maxlinkdim=600 maxerr=4.45E-14 time=43.402
After sweep 1 energy=-126.95271595651955  maxlinkdim=600 maxerr=4.32E-14 time=46.849
After sweep 1 energy=-126.95443149587521  maxlinkdim=600 maxerr=3.91E-14 time=48.266
-99.0After sweep 1 energy=-126.83458341353801  maxlinkdim=4 maxerr=0.00E+00 time=0.039
After sweep 1 energy=-126.9230774639686  maxlinkdim=16 maxerr=0.00E+00 time=0.056
After sweep 1 energy=-126.93309635145717  maxlinkdim=51 maxerr=9.98E-16 time=0.194
After sweep 1 energy=-126.93867088815098  maxlinkdim=121 maxerr=9.99E-16 time=1.030
After sweep 1 energy=-126.9428880813356  maxlinkdim=252 maxerr=1.00E-15 time=3.931
After sweep 1 energy=-126.94613945958514  maxlinkdim=485 maxerr=1.00E-15 time=13.703
After sweep 1 energy=-126.9487062144507  maxlinkdim=600 maxerr=3.43E-14 time=34.023
After sweep 1 energy=-126.9508323764157  maxlinkdim=600 maxerr=4.45E-14 time=43.663
After sweep 1 energy=-126.95271595651955  maxlinkdim=600 maxerr=4.32E-14 time=47.402
After sweep 1 energy=-126.95443149587521  maxlinkdim=600 maxerr=3.91E-14 time=47.452
-99.0After sweep 1 energy=-126.83458341353801  maxlinkdim=4 maxerr=0.00E+00 time=0.046
After sweep 1 energy=-126.9230774639686  maxlinkdim=16 maxerr=0.00E+00 time=0.053
After sweep 1 energy=-126.93309635145717  maxlinkdim=51 maxerr=9.98E-16 time=0.190
After sweep 1 energy=-126.93867088815098  maxlinkdim=121 maxerr=9.99E-16 time=1.036
After sweep 1 energy=-126.9428880813356  maxlinkdim=252 maxerr=1.00E-15 time=4.035
After sweep 1 energy=-126.94613945958514  maxlinkdim=485 maxerr=1.00E-15 time=13.788
After sweep 1 energy=-126.9487062144507  maxlinkdim=600 maxerr=3.43E-14 time=33.958
After sweep 1 energy=-126.9508323764157  maxlinkdim=600 maxerr=4.45E-14 time=44.637
After sweep 1 energy=-126.95271595651955  maxlinkdim=600 maxerr=4.32E-14 time=47.597
After sweep 1 energy=-126.95443149587521  maxlinkdim=600 maxerr=3.91E-14 time=47.975
-99.0After sweep 1 energy=-126.83458341353801  maxlinkdim=4 maxerr=0.00E+00 time=0.041
After sweep 1 energy=-126.9230774639686  maxlinkdim=16 maxerr=0.00E+00 time=0.062
After sweep 1 energy=-126.93309635145717  maxlinkdim=51 maxerr=9.98E-16 time=0.190
After sweep 1 energy=-126.93867088815098  maxlinkdim=121 maxerr=9.99E-16 time=1.038
After sweep 1 energy=-126.9428880813356  maxlinkdim=252 maxerr=1.00E-15 time=3.897
After sweep 1 energy=-126.94613945958514  maxlinkdim=485 maxerr=1.00E-15 time=13.740
After sweep 1 energy=-126.9487062144507  maxlinkdim=600 maxerr=3.43E-14 time=34.140
After sweep 1 energy=-126.9508323764157  maxlinkdim=600 maxerr=4.45E-14 time=43.959
After sweep 1 energy=-126.95271595651955  maxlinkdim=600 maxerr=4.32E-14 time=47.281
After sweep 1 energy=-126.95443149587521  maxlinkdim=600 maxerr=3.91E-14 time=48.620
-99.0After sweep 1 energy=-126.83458341353801  maxlinkdim=4 maxerr=0.00E+00 time=0.045
After sweep 1 energy=-126.9230774639686  maxlinkdim=16 maxerr=0.00E+00 time=0.055
After sweep 1 energy=-126.93309635145717  maxlinkdim=51 maxerr=9.98E-16 time=0.237
After sweep 1 energy=-126.93867088815098  maxlinkdim=121 maxerr=9.99E-16 time=1.010
After sweep 1 energy=-126.9428880813356  maxlinkdim=252 maxerr=1.00E-15 time=3.796
After sweep 1 energy=-126.94613945958514  maxlinkdim=485 maxerr=1.00E-15 time=13.692
After sweep 1 energy=-126.9487062144507  maxlinkdim=600 maxerr=3.43E-14 time=34.271
After sweep 1 energy=-126.9508323764157  maxlinkdim=600 maxerr=4.45E-14 time=45.143
After sweep 1 energy=-126.95271595651955  maxlinkdim=600 maxerr=4.32E-14 time=48.032
After sweep 1 energy=-126.95443149587521  maxlinkdim=600 maxerr=3.91E-14 time=48.219
-99.0After sweep 1 energy=-126.83458341353801  maxlinkdim=4 maxerr=0.00E+00 time=0.046
After sweep 1 energy=-126.9230774639686  maxlinkdim=16 maxerr=0.00E+00 time=0.052
After sweep 1 energy=-126.93309635145717  maxlinkdim=51 maxerr=9.98E-16 time=0.190
After sweep 1 energy=-126.93867088815098  maxlinkdim=121 maxerr=9.99E-16 time=1.027
After sweep 1 energy=-126.9428880813356  maxlinkdim=252 maxerr=1.00E-15 time=4.235
After sweep 1 energy=-126.94613945958514  maxlinkdim=485 maxerr=1.00E-15 time=13.645
After sweep 1 energy=-126.9487062144507  maxlinkdim=600 maxerr=3.43E-14 time=34.384
After sweep 1 energy=-126.9508323764157  maxlinkdim=600 maxerr=4.45E-14 time=45.122
After sweep 1 energy=-126.95271595651955  maxlinkdim=600 maxerr=4.32E-14 time=47.622
After sweep 1 energy=-126.95443149587521  maxlinkdim=600 maxerr=3.91E-14 time=47.960
-99.0After sweep 1 energy=-126.83458341353801  maxlinkdim=4 maxerr=0.00E+00 time=0.041
After sweep 1 energy=-126.9230774639686  maxlinkdim=16 maxerr=0.00E+00 time=0.050
After sweep 1 energy=-126.93309635145717  maxlinkdim=51 maxerr=9.98E-16 time=0.190
After sweep 1 energy=-126.93867088815098  maxlinkdim=121 maxerr=9.99E-16 time=1.025
After sweep 1 energy=-126.9428880813356  maxlinkdim=252 maxerr=1.00E-15 time=4.247
After sweep 1 energy=-126.94613945958514  maxlinkdim=485 maxerr=1.00E-15 time=13.709
After sweep 1 energy=-126.9487062144507  maxlinkdim=600 maxerr=3.43E-14 time=33.891
After sweep 1 energy=-126.9508323764157  maxlinkdim=600 maxerr=4.45E-14 time=44.212
After sweep 1 energy=-126.95271595651955  maxlinkdim=600 maxerr=4.32E-14 time=47.233
After sweep 1 energy=-126.95443149587521  maxlinkdim=600 maxerr=3.91E-14 time=48.225
-99.0After sweep 1 energy=-126.83458341353801  maxlinkdim=4 maxerr=0.00E+00 time=0.037
After sweep 1 energy=-126.9230774639686  maxlinkdim=16 maxerr=0.00E+00 time=0.058
After sweep 1 energy=-126.93309635145717  maxlinkdim=51 maxerr=9.98E-16 time=0.193
After sweep 1 energy=-126.93867088815098  maxlinkdim=121 maxerr=9.99E-16 time=1.034
After sweep 1 energy=-126.9428880813356  maxlinkdim=252 maxerr=1.00E-15 time=3.927
After sweep 1 energy=-126.94613945958514  maxlinkdim=485 maxerr=1.00E-15 time=13.672
After sweep 1 energy=-126.9487062144507  maxlinkdim=600 maxerr=3.43E-14 time=34.156
After sweep 1 energy=-126.9508323764157  maxlinkdim=600 maxerr=4.45E-14 time=44.311
After sweep 1 energy=-126.95271595651955  maxlinkdim=600 maxerr=4.32E-14 time=47.633
After sweep 1 energy=-126.95443149587521  maxlinkdim=600 maxerr=3.91E-14 time=47.992
Numero de qubits: 100 
Dimension max: 700 
Threads (LinearAlgebra) :15
Threads (Julia) :1


-99.0After sweep 1 energy=-126.83458341353801  maxlinkdim=4 maxerr=0.00E+00 time=0.045
After sweep 1 energy=-126.9230774639686  maxlinkdim=16 maxerr=0.00E+00 time=0.049
After sweep 1 energy=-126.93309635145717  maxlinkdim=51 maxerr=9.98E-16 time=0.190
After sweep 1 energy=-126.93867088815098  maxlinkdim=121 maxerr=9.99E-16 time=1.035
After sweep 1 energy=-126.9428880813356  maxlinkdim=252 maxerr=1.00E-15 time=3.916
After sweep 1 energy=-126.94613945958514  maxlinkdim=485 maxerr=1.00E-15 time=13.691
After sweep 1 energy=-126.94871160943471  maxlinkdim=700 maxerr=1.03E-14 time=39.175
After sweep 1 energy=-126.95085421854262  maxlinkdim=700 maxerr=4.11E-14 time=59.120
After sweep 1 energy=-126.9527464954237  maxlinkdim=700 maxerr=3.72E-14 time=63.134
After sweep 1 energy=-126.95446711965671  maxlinkdim=700 maxerr=3.57E-14 time=63.922
-99.0After sweep 1 energy=-126.83458341353801  maxlinkdim=4 maxerr=0.00E+00 time=0.044
After sweep 1 energy=-126.9230774639686  maxlinkdim=16 maxerr=0.00E+00 time=0.056
After sweep 1 energy=-126.93309635145717  maxlinkdim=51 maxerr=9.98E-16 time=0.190
After sweep 1 energy=-126.93867088815098  maxlinkdim=121 maxerr=9.99E-16 time=1.004
After sweep 1 energy=-126.9428880813356  maxlinkdim=252 maxerr=1.00E-15 time=3.612
After sweep 1 energy=-126.94613945958514  maxlinkdim=485 maxerr=1.00E-15 time=13.723
After sweep 1 energy=-126.94871160943471  maxlinkdim=700 maxerr=1.03E-14 time=38.493
After sweep 1 energy=-126.95085421854262  maxlinkdim=700 maxerr=4.11E-14 time=56.222
After sweep 1 energy=-126.9527464954237  maxlinkdim=700 maxerr=3.72E-14 time=62.562
After sweep 1 energy=-126.95446711965671  maxlinkdim=700 maxerr=3.57E-14 time=63.957
-99.0After sweep 1 energy=-126.83458341353801  maxlinkdim=4 maxerr=0.00E+00 time=0.038
After sweep 1 energy=-126.9230774639686  maxlinkdim=16 maxerr=0.00E+00 time=0.058
After sweep 1 energy=-126.93309635145717  maxlinkdim=51 maxerr=9.98E-16 time=0.186
After sweep 1 energy=-126.93867088815098  maxlinkdim=121 maxerr=9.99E-16 time=1.124
After sweep 1 energy=-126.9428880813356  maxlinkdim=252 maxerr=1.00E-15 time=4.243
After sweep 1 energy=-126.94613945958514  maxlinkdim=485 maxerr=1.00E-15 time=13.671
After sweep 1 energy=-126.94871160943471  maxlinkdim=700 maxerr=1.03E-14 time=38.470
After sweep 1 energy=-126.95085421854262  maxlinkdim=700 maxerr=4.11E-14 time=56.251
After sweep 1 energy=-126.9527464954237  maxlinkdim=700 maxerr=3.72E-14 time=62.517
After sweep 1 energy=-126.95446711965671  maxlinkdim=700 maxerr=3.57E-14 time=64.616
-99.0After sweep 1 energy=-126.83458341353801  maxlinkdim=4 maxerr=0.00E+00 time=0.041
After sweep 1 energy=-126.9230774639686  maxlinkdim=16 maxerr=0.00E+00 time=0.062
After sweep 1 energy=-126.93309635145717  maxlinkdim=51 maxerr=9.98E-16 time=0.189
After sweep 1 energy=-126.93867088815098  maxlinkdim=121 maxerr=9.99E-16 time=1.022
After sweep 1 energy=-126.9428880813356  maxlinkdim=252 maxerr=1.00E-15 time=4.234
After sweep 1 energy=-126.94613945958514  maxlinkdim=485 maxerr=1.00E-15 time=13.749
After sweep 1 energy=-126.94871160943471  maxlinkdim=700 maxerr=1.03E-14 time=38.503
After sweep 1 energy=-126.95085421854262  maxlinkdim=700 maxerr=4.11E-14 time=56.613
After sweep 1 energy=-126.9527464954237  maxlinkdim=700 maxerr=3.72E-14 time=63.130
After sweep 1 energy=-126.95446711965671  maxlinkdim=700 maxerr=3.57E-14 time=64.415
-99.0After sweep 1 energy=-126.83458341353801  maxlinkdim=4 maxerr=0.00E+00 time=0.046
After sweep 1 energy=-126.9230774639686  maxlinkdim=16 maxerr=0.00E+00 time=0.047
After sweep 1 energy=-126.93309635145717  maxlinkdim=51 maxerr=9.98E-16 time=0.193
After sweep 1 energy=-126.93867088815098  maxlinkdim=121 maxerr=9.99E-16 time=1.064
After sweep 1 energy=-126.9428880813356  maxlinkdim=252 maxerr=1.00E-15 time=4.163
After sweep 1 energy=-126.94613945958514  maxlinkdim=485 maxerr=1.00E-15 time=13.700
After sweep 1 energy=-126.94871160943471  maxlinkdim=700 maxerr=1.03E-14 time=38.343
After sweep 1 energy=-126.95085421854262  maxlinkdim=700 maxerr=4.11E-14 time=57.990
After sweep 1 energy=-126.9527464954237  maxlinkdim=700 maxerr=3.72E-14 time=63.025
After sweep 1 energy=-126.95446711965671  maxlinkdim=700 maxerr=3.57E-14 time=64.198
-99.0After sweep 1 energy=-126.83458341353801  maxlinkdim=4 maxerr=0.00E+00 time=0.047
After sweep 1 energy=-126.9230774639686  maxlinkdim=16 maxerr=0.00E+00 time=0.050
After sweep 1 energy=-126.93309635145717  maxlinkdim=51 maxerr=9.98E-16 time=0.186
After sweep 1 energy=-126.93867088815098  maxlinkdim=121 maxerr=9.99E-16 time=1.003
After sweep 1 energy=-126.9428880813356  maxlinkdim=252 maxerr=1.00E-15 time=4.110
After sweep 1 energy=-126.94613945958514  maxlinkdim=485 maxerr=1.00E-15 time=13.719
After sweep 1 energy=-126.94871160943471  maxlinkdim=700 maxerr=1.03E-14 time=38.382
slurmstepd: error: *** JOB 4326991 ON orion00 CANCELLED AT 2025-03-07T14:39:31 DUE TO TIME LIMIT ***
