Numero de qubits: 15 
Threads (LinearAlgebra) :1
Threads (Julia) :1


 22.965943 seconds (91.41 M allocations: 5.301 GiB, 4.18% gc time, 97.59% compilation time)


  0.944140 seconds (1.39 M allocations: 862.750 MiB, 20.27% gc time, 26.47% compilation time)


  0.492151 seconds (506.43 k allocations: 816.757 MiB, 4.81% gc time)


  0.663503 seconds (506.41 k allocations: 816.755 MiB, 26.38% gc time)


  0.501473 seconds (506.41 k allocations: 816.756 MiB, 4.56% gc time)


  0.663225 seconds (506.43 k allocations: 816.757 MiB, 27.65% gc time)


  0.510387 seconds (506.43 k allocations: 816.757 MiB, 3.13% gc time)


  0.486110 seconds (506.41 k allocations: 816.756 MiB, 4.71% gc time)


  0.661259 seconds (506.41 k allocations: 816.756 MiB, 26.57% gc time)


  0.498683 seconds (506.41 k allocations: 816.756 MiB, 4.36% gc time)


  0.485683 seconds (506.40 k allocations: 816.755 MiB, 4.69% gc time)


  0.687299 seconds (506.41 k allocations: 816.756 MiB, 27.87% gc time)


  0.490675 seconds (506.41 k allocations: 816.756 MiB, 4.56% gc time)


  0.662960 seconds (506.41 k allocations: 816.756 MiB, 26.59% gc time)


  0.496264 seconds (506.41 k allocations: 816.756 MiB, 3.89% gc time)


  0.485658 seconds (506.41 k allocations: 816.756 MiB, 4.67% gc time)


  0.666489 seconds (506.42 k allocations: 816.756 MiB, 25.97% gc time)


  0.493236 seconds (506.41 k allocations: 816.756 MiB, 4.93% gc time)


  0.671040 seconds (506.40 k allocations: 816.755 MiB, 28.62% gc time)


  0.504852 seconds (506.41 k allocations: 816.756 MiB, 3.62% gc time)


  0.486256 seconds (506.42 k allocations: 816.756 MiB, 4.61% gc time)


Numero de qubits: 16 
Threads (LinearAlgebra) :1
Threads (Julia) :1


  1.742759 seconds (544.53 k allocations: 1.633 GiB, 19.95% gc time)


  1.589280 seconds (544.53 k allocations: 1.633 GiB, 11.80% gc time)


  1.580981 seconds (544.54 k allocations: 1.633 GiB, 12.20% gc time)


  1.735899 seconds (544.55 k allocations: 1.633 GiB, 19.97% gc time)


  1.590575 seconds (544.55 k allocations: 1.633 GiB, 13.08% gc time)


  1.583050 seconds (544.55 k allocations: 1.633 GiB, 13.27% gc time)


  1.581449 seconds (544.56 k allocations: 1.633 GiB, 11.58% gc time)


  1.604093 seconds (544.55 k allocations: 1.633 GiB, 13.17% gc time)


  1.716053 seconds (544.55 k allocations: 1.633 GiB, 20.17% gc time)


  1.552302 seconds (544.55 k allocations: 1.633 GiB, 11.88% gc time)


  1.579255 seconds (544.53 k allocations: 1.633 GiB, 12.51% gc time)


  1.740297 seconds (544.55 k allocations: 1.633 GiB, 20.04% gc time)


  1.567499 seconds (544.54 k allocations: 1.633 GiB, 12.10% gc time)


  1.590158 seconds (544.55 k allocations: 1.633 GiB, 12.41% gc time)


  1.593092 seconds (544.54 k allocations: 1.633 GiB, 11.57% gc time)


  1.569623 seconds (544.54 k allocations: 1.633 GiB, 12.22% gc time)


  1.737480 seconds (544.55 k allocations: 1.633 GiB, 20.61% gc time)


  1.582882 seconds (544.55 k allocations: 1.633 GiB, 12.56% gc time)


  1.580893 seconds (544.56 k allocations: 1.633 GiB, 13.50% gc time)


  1.735551 seconds (544.55 k allocations: 1.633 GiB, 20.13% gc time)


  1.600795 seconds (544.53 k allocations: 1.633 GiB, 13.34% gc time)


Numero de qubits: 17 
Threads (LinearAlgebra) :1
Threads (Julia) :1


  2.855180 seconds (584.82 k allocations: 2.521 GiB, 18.20% gc time)


  2.702277 seconds (584.82 k allocations: 2.521 GiB, 12.98% gc time)


  2.859254 seconds (584.82 k allocations: 2.521 GiB, 18.08% gc time)


  2.696926 seconds (584.83 k allocations: 2.521 GiB, 13.13% gc time)


  2.861750 seconds (584.83 k allocations: 2.521 GiB, 17.97% gc time)


  2.690843 seconds (584.82 k allocations: 2.521 GiB, 13.12% gc time)


  2.855966 seconds (584.83 k allocations: 2.521 GiB, 18.16% gc time)


  2.729790 seconds (584.84 k allocations: 2.521 GiB, 13.87% gc time)


  2.710900 seconds (584.83 k allocations: 2.521 GiB, 13.12% gc time)


  2.880919 seconds (584.83 k allocations: 2.521 GiB, 18.61% gc time)


  2.706684 seconds (584.84 k allocations: 2.521 GiB, 13.14% gc time)


  2.861129 seconds (584.81 k allocations: 2.521 GiB, 17.95% gc time)


  2.859342 seconds (584.82 k allocations: 2.521 GiB, 18.25% gc time)


  2.690309 seconds (584.82 k allocations: 2.521 GiB, 13.10% gc time)


  2.853090 seconds (584.83 k allocations: 2.521 GiB, 18.10% gc time)


  2.708687 seconds (584.82 k allocations: 2.521 GiB, 13.16% gc time)


  2.888472 seconds (584.82 k allocations: 2.521 GiB, 17.80% gc time)


  2.854277 seconds (584.84 k allocations: 2.521 GiB, 18.10% gc time)


  2.713279 seconds (584.83 k allocations: 2.521 GiB, 13.13% gc time)


  2.883457 seconds (584.83 k allocations: 2.521 GiB, 18.20% gc time)


  2.871225 seconds (584.83 k allocations: 2.521 GiB, 18.03% gc time)


Numero de qubits: 18 
Threads (LinearAlgebra) :1
Threads (Julia) :1


  8.550439 seconds (626.57 k allocations: 5.342 GiB, 13.84% gc time)


  8.500769 seconds (626.57 k allocations: 5.342 GiB, 13.83% gc time)


  8.474975 seconds (626.56 k allocations: 5.342 GiB, 13.85% gc time)


  8.517994 seconds (626.57 k allocations: 5.342 GiB, 13.78% gc time)


  8.538765 seconds (626.58 k allocations: 5.342 GiB, 13.90% gc time)


  8.530677 seconds (626.56 k allocations: 5.342 GiB, 13.73% gc time)


  8.526439 seconds (626.56 k allocations: 5.342 GiB, 13.97% gc time)


  8.502993 seconds (626.57 k allocations: 5.342 GiB, 13.85% gc time)


  8.517522 seconds (626.57 k allocations: 5.342 GiB, 13.77% gc time)


  8.558540 seconds (626.55 k allocations: 5.342 GiB, 13.87% gc time)


  8.495489 seconds (626.59 k allocations: 5.342 GiB, 13.72% gc time)


  8.504629 seconds (626.55 k allocations: 5.342 GiB, 13.84% gc time)


  8.512975 seconds (626.55 k allocations: 5.342 GiB, 13.85% gc time)


  8.526216 seconds (626.55 k allocations: 5.342 GiB, 13.95% gc time)


  8.509043 seconds (626.56 k allocations: 5.342 GiB, 13.90% gc time)


  8.485873 seconds (626.56 k allocations: 5.342 GiB, 13.83% gc time)


  8.534712 seconds (626.57 k allocations: 5.342 GiB, 13.78% gc time)


  8.503477 seconds (626.57 k allocations: 5.342 GiB, 13.69% gc time)


  8.530621 seconds (626.56 k allocations: 5.342 GiB, 13.85% gc time)


  8.520831 seconds (626.56 k allocations: 5.342 GiB, 13.82% gc time)


  8.542403 seconds (626.58 k allocations: 5.342 GiB, 13.93% gc time)


Numero de qubits: 19 
Threads (LinearAlgebra) :1
Threads (Julia) :1


 15.239613 seconds (667.52 k allocations: 8.377 GiB, 13.20% gc time)


 15.208598 seconds (667.53 k allocations: 8.377 GiB, 12.97% gc time)


 15.221847 seconds (667.53 k allocations: 8.377 GiB, 13.11% gc time)


 15.237377 seconds (667.53 k allocations: 8.377 GiB, 13.13% gc time)


 15.193248 seconds (667.53 k allocations: 8.377 GiB, 13.08% gc time)


 15.254033 seconds (667.53 k allocations: 8.377 GiB, 13.04% gc time)


 15.193511 seconds (667.55 k allocations: 8.377 GiB, 13.08% gc time)


 15.216257 seconds (667.52 k allocations: 8.377 GiB, 13.22% gc time)


 15.182333 seconds (667.53 k allocations: 8.377 GiB, 13.17% gc time)


 15.182670 seconds (667.53 k allocations: 8.377 GiB, 13.06% gc time)


 15.200923 seconds (667.53 k allocations: 8.377 GiB, 13.01% gc time)


 15.227921 seconds (667.54 k allocations: 8.377 GiB, 13.17% gc time)


 15.196666 seconds (667.53 k allocations: 8.377 GiB, 13.15% gc time)


 15.243448 seconds (667.54 k allocations: 8.377 GiB, 12.94% gc time)


 15.199386 seconds (667.53 k allocations: 8.377 GiB, 13.13% gc time)


 15.211073 seconds (667.54 k allocations: 8.377 GiB, 13.25% gc time)


 15.204230 seconds (667.53 k allocations: 8.377 GiB, 13.03% gc time)


 15.188540 seconds (667.53 k allocations: 8.377 GiB, 13.08% gc time)


 15.222372 seconds (667.53 k allocations: 8.377 GiB, 13.15% gc time)


 15.183989 seconds (667.54 k allocations: 8.377 GiB, 13.12% gc time)


 15.205024 seconds (667.54 k allocations: 8.377 GiB, 13.02% gc time)


Numero de qubits: 20 
Threads (LinearAlgebra) :1
Threads (Julia) :1


 50.144028 seconds (720.65 k allocations: 18.107 GiB, 8.54% gc time)


 50.576413 seconds (720.66 k allocations: 18.107 GiB, 9.08% gc time)


 50.498864 seconds (720.66 k allocations: 18.107 GiB, 9.03% gc time)


 50.211235 seconds (720.66 k allocations: 18.107 GiB, 8.46% gc time)


 50.287169 seconds (720.68 k allocations: 18.107 GiB, 8.72% gc time)


 50.212320 seconds (720.67 k allocations: 18.107 GiB, 8.42% gc time)


 50.303167 seconds (720.67 k allocations: 18.107 GiB, 8.64% gc time)


 50.295980 seconds (720.64 k allocations: 18.107 GiB, 8.72% gc time)


 50.286107 seconds (720.66 k allocations: 18.107 GiB, 8.67% gc time)


 50.102732 seconds (720.67 k allocations: 18.107 GiB, 8.43% gc time)


 49.979875 seconds (720.65 k allocations: 18.107 GiB, 8.45% gc time)


 50.124291 seconds (720.64 k allocations: 18.107 GiB, 8.46% gc time)


 50.171345 seconds (720.65 k allocations: 18.107 GiB, 8.63% gc time)


 50.148252 seconds (720.65 k allocations: 18.107 GiB, 8.74% gc time)


 50.019894 seconds (720.65 k allocations: 18.107 GiB, 8.43% gc time)


 50.082196 seconds (720.66 k allocations: 18.107 GiB, 8.46% gc time)


 50.080121 seconds (720.66 k allocations: 18.107 GiB, 8.40% gc time)


 49.992691 seconds (720.67 k allocations: 18.107 GiB, 8.45% gc time)


 50.071724 seconds (720.65 k allocations: 18.107 GiB, 8.46% gc time)


 50.367945 seconds (720.68 k allocations: 18.107 GiB, 8.65% gc time)


 50.390306 seconds (720.66 k allocations: 18.107 GiB, 8.64% gc time)


