Numero de qubits: 20 
Threads (LinearAlgebra) :15
Threads (Julia) :1


 21.603566 seconds (88.24 M allocations: 4.533 GiB, 3.50% gc time, 99.28% compilation time)


  0.119192 seconds (318.56 k allocations: 178.385 MiB, 9.78% gc time)


  0.147769 seconds (318.55 k allocations: 178.385 MiB, 22.32% gc time)


  0.262660 seconds (318.57 k allocations: 178.386 MiB, 56.50% gc time)


  1.254720 seconds (4.19 M allocations: 372.992 MiB, 2.13% gc time, 89.89% compilation time)


  0.112582 seconds (318.57 k allocations: 178.386 MiB, 5.35% gc time)


  0.112510 seconds (318.56 k allocations: 178.385 MiB, 6.10% gc time)


  0.113226 seconds (318.56 k allocations: 178.384 MiB, 5.96% gc time)


  0.112763 seconds (318.55 k allocations: 178.384 MiB, 6.14% gc time)


  0.113143 seconds (318.56 k allocations: 178.385 MiB, 5.92% gc time)


  0.113634 seconds (318.55 k allocations: 178.384 MiB, 5.77% gc time)


  0.113441 seconds (318.56 k allocations: 178.385 MiB, 5.87% gc time)


  0.115781 seconds (318.55 k allocations: 178.384 MiB, 5.69% gc time)


  0.133711 seconds (318.54 k allocations: 178.384 MiB, 18.44% gc time)


  0.252475 seconds (318.56 k allocations: 178.385 MiB, 54.17% gc time)


  0.119742 seconds (318.56 k allocations: 178.385 MiB, 6.22% gc time)


  0.123356 seconds (318.55 k allocations: 178.385 MiB, 11.20% gc time)


  0.109351 seconds (318.56 k allocations: 178.384 MiB, 3.66% gc time)


  0.112999 seconds (318.56 k allocations: 178.385 MiB, 5.08% gc time)


  0.114095 seconds (318.55 k allocations: 178.384 MiB, 5.33% gc time)


  0.114411 seconds (318.56 k allocations: 178.385 MiB, 5.50% gc time)


Numero de qubits: 21 
Threads (LinearAlgebra) :15
Threads (Julia) :1


  0.126161 seconds (337.67 k allocations: 188.441 MiB, 9.59% gc time)


  0.120430 seconds (337.67 k allocations: 188.441 MiB, 7.98% gc time)


  0.120087 seconds (337.68 k allocations: 188.442 MiB, 5.84% gc time)


  0.118991 seconds (337.68 k allocations: 188.442 MiB, 5.53% gc time)


  0.119218 seconds (337.67 k allocations: 188.440 MiB, 6.27% gc time)


  0.119024 seconds (337.68 k allocations: 188.441 MiB, 6.00% gc time)


  0.119521 seconds (337.67 k allocations: 188.441 MiB, 5.90% gc time)


  0.120640 seconds (337.67 k allocations: 188.440 MiB, 6.20% gc time)


  0.121638 seconds (337.68 k allocations: 188.441 MiB, 6.01% gc time)


  0.291820 seconds (337.69 k allocations: 188.442 MiB, 59.43% gc time)


  0.124303 seconds (337.68 k allocations: 188.441 MiB, 6.48% gc time)


  0.121143 seconds (337.68 k allocations: 188.442 MiB, 5.83% gc time)


  0.117273 seconds (337.67 k allocations: 188.441 MiB, 5.45% gc time)


  0.119051 seconds (337.68 k allocations: 188.442 MiB, 5.08% gc time)


  0.120106 seconds (337.67 k allocations: 188.441 MiB, 5.14% gc time)


  0.119338 seconds (337.68 k allocations: 188.442 MiB, 5.74% gc time)


  0.119479 seconds (337.67 k allocations: 188.441 MiB, 5.93% gc time)


  0.120048 seconds (337.68 k allocations: 188.441 MiB, 5.83% gc time)


  0.120283 seconds (337.67 k allocations: 188.441 MiB, 6.14% gc time)


  0.120181 seconds (337.68 k allocations: 188.442 MiB, 5.93% gc time)


  0.120370 seconds (337.66 k allocations: 188.440 MiB, 5.61% gc time)


Numero de qubits: 22 
Threads (LinearAlgebra) :15
Threads (Julia) :1


  0.151182 seconds (354.34 k allocations: 207.351 MiB, 9.81% gc time)


  0.138365 seconds (354.35 k allocations: 207.351 MiB, 5.23% gc time)


  0.139019 seconds (354.34 k allocations: 207.351 MiB, 6.18% gc time)


  0.309042 seconds (354.35 k allocations: 207.351 MiB, 54.34% gc time)


  0.142419 seconds (354.34 k allocations: 207.350 MiB, 2.87% gc time)


  0.138938 seconds (354.34 k allocations: 207.350 MiB, 5.78% gc time)


  0.135463 seconds (354.34 k allocations: 207.351 MiB, 5.06% gc time)


  0.137846 seconds (354.34 k allocations: 207.351 MiB, 4.99% gc time)


  0.137713 seconds (354.34 k allocations: 207.351 MiB, 5.56% gc time)


  0.137707 seconds (354.33 k allocations: 207.350 MiB, 5.64% gc time)


  0.138417 seconds (354.34 k allocations: 207.351 MiB, 6.12% gc time)


  0.138617 seconds (354.33 k allocations: 207.350 MiB, 5.68% gc time)


  0.139126 seconds (354.33 k allocations: 207.350 MiB, 5.68% gc time)


  0.140053 seconds (354.35 k allocations: 207.352 MiB, 5.70% gc time)


  0.289465 seconds (354.34 k allocations: 207.350 MiB, 54.59% gc time)


  0.139248 seconds (354.35 k allocations: 207.351 MiB, 5.43% gc time)


  0.139402 seconds (354.35 k allocations: 207.351 MiB, 5.36% gc time)


  0.142762 seconds (354.34 k allocations: 207.350 MiB, 4.19% gc time)


  0.149899 seconds (354.35 k allocations: 207.351 MiB, 5.80% gc time)


  0.138401 seconds (354.34 k allocations: 207.351 MiB, 5.61% gc time)


  0.138906 seconds (354.35 k allocations: 207.351 MiB, 5.42% gc time)


Numero de qubits: 23 
Threads (LinearAlgebra) :15
Threads (Julia) :1


  0.149007 seconds (373.72 k allocations: 217.455 MiB, 7.39% gc time)


  0.143052 seconds (373.72 k allocations: 217.454 MiB, 5.53% gc time)


  0.143198 seconds (373.71 k allocations: 217.454 MiB, 6.13% gc time)


  0.143642 seconds (373.72 k allocations: 217.455 MiB, 5.94% gc time)


  0.144681 seconds (373.72 k allocations: 217.455 MiB, 5.89% gc time)


  0.308807 seconds (373.72 k allocations: 217.455 MiB, 52.29% gc time)


  0.158502 seconds (373.70 k allocations: 217.454 MiB, 8.25% gc time)


  0.143103 seconds (373.72 k allocations: 217.455 MiB, 6.15% gc time)


  0.141566 seconds (373.72 k allocations: 217.455 MiB, 5.04% gc time)


  0.143489 seconds (373.72 k allocations: 217.453 MiB, 5.35% gc time)


  0.142284 seconds (373.72 k allocations: 217.455 MiB, 5.43% gc time)


  0.143495 seconds (373.72 k allocations: 217.455 MiB, 6.11% gc time)


  0.146337 seconds (373.72 k allocations: 217.455 MiB, 5.57% gc time)


  0.149742 seconds (373.72 k allocations: 217.454 MiB, 7.65% gc time)


  0.145890 seconds (373.72 k allocations: 217.455 MiB, 6.15% gc time)


  0.321976 seconds (373.70 k allocations: 217.454 MiB, 56.82% gc time)


  0.150735 seconds (373.73 k allocations: 217.455 MiB, 6.34% gc time)


  0.149177 seconds (373.72 k allocations: 217.454 MiB, 6.70% gc time)


  0.139357 seconds (373.71 k allocations: 217.454 MiB, 4.09% gc time)


  0.142136 seconds (373.73 k allocations: 217.455 MiB, 5.34% gc time)


  0.144388 seconds (373.72 k allocations: 217.455 MiB, 5.84% gc time)


Numero de qubits: 24 
Threads (LinearAlgebra) :15
Threads (Julia) :1


  0.152433 seconds (390.28 k allocations: 234.353 MiB, 7.50% gc time)


  0.153329 seconds (390.27 k allocations: 234.353 MiB, 7.13% gc time)


  0.152603 seconds (390.29 k allocations: 234.354 MiB, 6.04% gc time)


  0.152682 seconds (390.29 k allocations: 234.354 MiB, 6.10% gc time)


  0.152364 seconds (390.29 k allocations: 234.354 MiB, 5.90% gc time)


  0.156778 seconds (390.30 k allocations: 234.355 MiB, 5.68% gc time)


  0.319148 seconds (390.30 k allocations: 234.354 MiB, 54.28% gc time)


  0.154624 seconds (390.29 k allocations: 234.354 MiB, 6.22% gc time)


  0.156570 seconds (390.29 k allocations: 234.354 MiB, 6.96% gc time)


  0.152944 seconds (390.29 k allocations: 234.354 MiB, 6.74% gc time)


  0.151015 seconds (390.30 k allocations: 234.354 MiB, 4.98% gc time)


  0.152339 seconds (390.30 k allocations: 234.353 MiB, 5.71% gc time)


  0.152911 seconds (390.27 k allocations: 234.353 MiB, 5.93% gc time)


  0.152718 seconds (390.29 k allocations: 234.354 MiB, 5.77% gc time)


  0.152848 seconds (390.29 k allocations: 234.354 MiB, 6.11% gc time)


  0.172484 seconds (390.30 k allocations: 234.354 MiB, 16.12% gc time)


  0.293139 seconds (390.29 k allocations: 234.354 MiB, 48.64% gc time)


  0.148689 seconds (390.29 k allocations: 234.354 MiB, 7.33% gc time)


  0.149586 seconds (390.29 k allocations: 234.354 MiB, 5.27% gc time)


  0.153780 seconds (390.29 k allocations: 234.353 MiB, 6.10% gc time)


  0.153023 seconds (390.28 k allocations: 234.353 MiB, 5.79% gc time)


Numero de qubits: 25 
Threads (LinearAlgebra) :15
Threads (Julia) :1


  0.163960 seconds (409.93 k allocations: 244.506 MiB, 8.68% gc time)


  0.158065 seconds (409.92 k allocations: 244.505 MiB, 6.06% gc time)


  0.157122 seconds (409.93 k allocations: 244.506 MiB, 6.10% gc time)


  0.157665 seconds (409.93 k allocations: 244.506 MiB, 6.13% gc time)


  0.181372 seconds (409.93 k allocations: 244.505 MiB, 17.08% gc time)


  0.300365 seconds (409.93 k allocations: 244.506 MiB, 48.30% gc time)


  0.160678 seconds (409.93 k allocations: 244.506 MiB, 7.02% gc time)


  0.156560 seconds (409.93 k allocations: 244.506 MiB, 5.29% gc time)


  0.157386 seconds (409.91 k allocations: 244.505 MiB, 5.37% gc time)


  0.157846 seconds (409.93 k allocations: 244.506 MiB, 5.86% gc time)


  0.157117 seconds (409.92 k allocations: 244.505 MiB, 5.94% gc time)


  0.166487 seconds (409.91 k allocations: 244.505 MiB, 6.50% gc time)


  0.167969 seconds (409.93 k allocations: 244.506 MiB, 6.00% gc time)


  0.320275 seconds (409.94 k allocations: 244.506 MiB, 52.11% gc time)


  0.171353 seconds (409.93 k allocations: 244.506 MiB, 6.95% gc time)


  0.162174 seconds (409.91 k allocations: 244.504 MiB, 6.30% gc time)


  0.155622 seconds (409.93 k allocations: 244.506 MiB, 5.81% gc time)


  0.157283 seconds (409.93 k allocations: 244.505 MiB, 5.58% gc time)


  0.158386 seconds (409.93 k allocations: 244.505 MiB, 5.84% gc time)


  0.157566 seconds (409.93 k allocations: 244.506 MiB, 5.58% gc time)


  0.158144 seconds (409.94 k allocations: 244.505 MiB, 5.94% gc time)


Numero de qubits: 26 
Threads (LinearAlgebra) :15
Threads (Julia) :1


  0.182981 seconds (427.08 k allocations: 263.508 MiB, 7.70% gc time)


  0.176554 seconds (427.09 k allocations: 263.508 MiB, 6.26% gc time)


  0.345888 seconds (427.09 k allocations: 263.509 MiB, 51.74% gc time)


  0.184499 seconds (427.09 k allocations: 263.508 MiB, 4.10% gc time)


  0.181831 seconds (427.08 k allocations: 263.508 MiB, 7.86% gc time)


  0.173932 seconds (427.10 k allocations: 263.509 MiB, 4.71% gc time)


  0.176807 seconds (427.06 k allocations: 263.507 MiB, 5.70% gc time)


  0.175540 seconds (427.10 k allocations: 263.509 MiB, 5.80% gc time)


  0.175378 seconds (427.08 k allocations: 263.508 MiB, 5.50% gc time)


  0.177013 seconds (427.08 k allocations: 263.508 MiB, 6.19% gc time)


  0.335600 seconds (427.09 k allocations: 263.509 MiB, 49.97% gc time)


  0.183381 seconds (427.09 k allocations: 263.509 MiB, 6.54% gc time)


  0.176332 seconds (427.08 k allocations: 263.508 MiB, 6.38% gc time)


  0.173060 seconds (427.08 k allocations: 263.508 MiB, 4.97% gc time)


  0.175719 seconds (427.08 k allocations: 263.508 MiB, 5.44% gc time)


  0.175825 seconds (427.10 k allocations: 263.509 MiB, 5.78% gc time)


  0.175508 seconds (427.09 k allocations: 263.509 MiB, 5.76% gc time)


  0.176395 seconds (427.09 k allocations: 263.509 MiB, 5.71% gc time)


  0.327915 seconds (427.08 k allocations: 263.508 MiB, 49.72% gc time)


  0.185680 seconds (427.08 k allocations: 263.508 MiB, 6.08% gc time)


  0.177286 seconds (427.08 k allocations: 263.508 MiB, 5.78% gc time)


Numero de qubits: 27 
Threads (LinearAlgebra) :15
Threads (Julia) :1


  0.185515 seconds (446.98 k allocations: 273.708 MiB, 9.13% gc time)


  0.180918 seconds (446.97 k allocations: 273.707 MiB, 5.32% gc time)


  0.181371 seconds (446.98 k allocations: 273.708 MiB, 5.93% gc time)


  0.181881 seconds (446.97 k allocations: 273.707 MiB, 6.05% gc time)


  0.182279 seconds (446.98 k allocations: 273.707 MiB, 5.92% gc time)


  0.339663 seconds (446.97 k allocations: 273.707 MiB, 49.71% gc time)


  0.193178 seconds (446.99 k allocations: 273.708 MiB, 4.80% gc time)


  0.188157 seconds (446.98 k allocations: 273.708 MiB, 7.75% gc time)


  0.180352 seconds (446.96 k allocations: 273.707 MiB, 4.92% gc time)


  0.180998 seconds (446.97 k allocations: 273.707 MiB, 5.88% gc time)


  0.181269 seconds (446.97 k allocations: 273.707 MiB, 5.67% gc time)


  0.181281 seconds (446.98 k allocations: 273.707 MiB, 5.75% gc time)


  0.180788 seconds (446.98 k allocations: 273.708 MiB, 5.94% gc time)


  0.342085 seconds (446.98 k allocations: 273.707 MiB, 47.33% gc time)


  0.186581 seconds (446.98 k allocations: 273.708 MiB, 8.20% gc time)


  0.181761 seconds (446.96 k allocations: 273.707 MiB, 8.27% gc time)


  0.181475 seconds (446.98 k allocations: 273.707 MiB, 5.78% gc time)


  0.181437 seconds (446.97 k allocations: 273.707 MiB, 5.64% gc time)


  0.181374 seconds (446.97 k allocations: 273.707 MiB, 5.74% gc time)


  0.184739 seconds (446.98 k allocations: 273.708 MiB, 5.99% gc time)


  0.340121 seconds (446.98 k allocations: 273.708 MiB, 49.27% gc time)


Numero de qubits: 28 
Threads (LinearAlgebra) :15
Threads (Julia) :1


  0.209431 seconds (464.04 k allocations: 290.700 MiB, 7.24% gc time)


  0.189450 seconds (464.04 k allocations: 290.700 MiB, 7.82% gc time)


  0.189326 seconds (464.03 k allocations: 290.700 MiB, 5.36% gc time)


  0.190444 seconds (464.05 k allocations: 290.701 MiB, 5.83% gc time)


  0.190888 seconds (464.04 k allocations: 290.700 MiB, 6.05% gc time)


  0.209946 seconds (464.04 k allocations: 290.701 MiB, 14.40% gc time)


  0.321423 seconds (464.04 k allocations: 290.700 MiB, 45.31% gc time)


  0.210914 seconds (464.04 k allocations: 290.700 MiB, 6.79% gc time)


  0.190580 seconds (464.04 k allocations: 290.701 MiB, 4.75% gc time)


  0.190361 seconds (464.05 k allocations: 290.701 MiB, 5.64% gc time)


  0.189550 seconds (464.04 k allocations: 290.700 MiB, 5.59% gc time)


  0.190625 seconds (464.04 k allocations: 290.700 MiB, 5.89% gc time)


  0.343753 seconds (464.03 k allocations: 290.699 MiB, 48.25% gc time)


  0.201349 seconds (464.04 k allocations: 290.701 MiB, 5.94% gc time)


  0.187691 seconds (464.04 k allocations: 290.700 MiB, 6.78% gc time)


  0.187724 seconds (464.04 k allocations: 290.700 MiB, 4.61% gc time)


  0.190014 seconds (464.05 k allocations: 290.701 MiB, 5.64% gc time)


  0.190189 seconds (464.05 k allocations: 290.701 MiB, 5.62% gc time)


  0.190378 seconds (464.04 k allocations: 290.700 MiB, 5.73% gc time)


  0.347268 seconds (464.05 k allocations: 290.701 MiB, 48.08% gc time)


  0.199388 seconds (464.05 k allocations: 290.699 MiB, 6.94% gc time)


Numero de qubits: 29 
Threads (LinearAlgebra) :15
Threads (Julia) :1


  0.199422 seconds (484.17 k allocations: 300.945 MiB, 7.48% gc time)


  0.200971 seconds (484.18 k allocations: 300.945 MiB, 7.64% gc time)


  0.197867 seconds (484.20 k allocations: 300.948 MiB, 5.75% gc time)


  0.195462 seconds (484.20 k allocations: 300.947 MiB, 5.99% gc time)


  0.365737 seconds (484.18 k allocations: 300.946 MiB, 49.28% gc time)


  0.208615 seconds (484.19 k allocations: 300.947 MiB, 7.72% gc time)


  0.199298 seconds (484.19 k allocations: 300.946 MiB, 6.77% gc time)


  0.198476 seconds (484.19 k allocations: 300.947 MiB, 6.69% gc time)


  0.195876 seconds (484.19 k allocations: 300.947 MiB, 5.85% gc time)


  0.196215 seconds (484.19 k allocations: 300.947 MiB, 5.93% gc time)


  0.196293 seconds (484.19 k allocations: 300.947 MiB, 6.07% gc time)


  0.360462 seconds (484.21 k allocations: 300.948 MiB, 46.13% gc time)


  0.194646 seconds (484.20 k allocations: 300.947 MiB, 9.06% gc time)


  0.198630 seconds (484.17 k allocations: 300.946 MiB, 7.57% gc time)


  0.195282 seconds (484.20 k allocations: 300.947 MiB, 5.53% gc time)


  0.195921 seconds (484.19 k allocations: 300.946 MiB, 6.15% gc time)


  0.195971 seconds (484.20 k allocations: 300.948 MiB, 5.95% gc time)


  0.363741 seconds (484.19 k allocations: 300.947 MiB, 49.34% gc time)


  0.211230 seconds (484.20 k allocations: 300.948 MiB, 6.54% gc time)


  0.194275 seconds (484.19 k allocations: 300.946 MiB, 6.24% gc time)


  0.195028 seconds (484.19 k allocations: 300.947 MiB, 5.38% gc time)


Numero de qubits: 30 
Threads (LinearAlgebra) :15
Threads (Julia) :1


  0.215453 seconds (501.83 k allocations: 320.043 MiB, 6.84% gc time)


  0.213244 seconds (501.83 k allocations: 320.043 MiB, 5.82% gc time)


  0.371289 seconds (501.85 k allocations: 320.044 MiB, 45.25% gc time)


  0.230383 seconds (501.86 k allocations: 320.045 MiB, 7.24% gc time)


  0.208064 seconds (501.83 k allocations: 320.043 MiB, 4.52% gc time)


  0.213620 seconds (501.84 k allocations: 320.043 MiB, 5.08% gc time)


  0.213762 seconds (501.83 k allocations: 320.043 MiB, 5.81% gc time)


  0.214305 seconds (501.83 k allocations: 320.043 MiB, 5.79% gc time)


  0.371239 seconds (501.84 k allocations: 320.044 MiB, 45.45% gc time)


  0.231845 seconds (501.84 k allocations: 320.044 MiB, 7.16% gc time)


  0.210610 seconds (501.83 k allocations: 320.043 MiB, 4.57% gc time)


  0.213324 seconds (501.85 k allocations: 320.044 MiB, 5.32% gc time)


  0.215088 seconds (501.84 k allocations: 320.044 MiB, 5.92% gc time)


  0.214766 seconds (501.83 k allocations: 320.043 MiB, 5.86% gc time)


  0.366790 seconds (501.84 k allocations: 320.044 MiB, 45.32% gc time)


  0.238386 seconds (501.85 k allocations: 320.044 MiB, 7.63% gc time)


  0.212376 seconds (501.85 k allocations: 320.044 MiB, 8.93% gc time)


  0.214492 seconds (501.84 k allocations: 320.043 MiB, 5.34% gc time)


  0.214600 seconds (501.85 k allocations: 320.044 MiB, 5.93% gc time)


  0.214014 seconds (501.83 k allocations: 320.043 MiB, 5.98% gc time)


  0.372672 seconds (501.85 k allocations: 320.044 MiB, 46.32% gc time)


Numero de qubits: 31 
Threads (LinearAlgebra) :15
Threads (Julia) :1


  0.236998 seconds (522.24 k allocations: 330.338 MiB, 8.24% gc time)


  0.215578 seconds (522.25 k allocations: 330.338 MiB, 5.56% gc time)


  0.220473 seconds (522.25 k allocations: 330.338 MiB, 6.06% gc time)


  0.220077 seconds (522.25 k allocations: 330.337 MiB, 6.10% gc time)


  0.220182 seconds (522.25 k allocations: 330.337 MiB, 6.01% gc time)


  0.385659 seconds (522.25 k allocations: 330.338 MiB, 44.30% gc time)


  0.227907 seconds (522.26 k allocations: 330.339 MiB, 8.53% gc time)


  0.218717 seconds (522.26 k allocations: 330.338 MiB, 5.68% gc time)


  0.219162 seconds (522.24 k allocations: 330.337 MiB, 6.00% gc time)


  0.220121 seconds (522.26 k allocations: 330.338 MiB, 6.00% gc time)


  0.375272 seconds (522.26 k allocations: 330.338 MiB, 44.72% gc time)


  0.242387 seconds (522.25 k allocations: 330.338 MiB, 6.77% gc time)


  0.236126 seconds (522.25 k allocations: 330.338 MiB, 8.05% gc time)


  0.231002 seconds (522.25 k allocations: 330.338 MiB, 4.92% gc time)


  0.220996 seconds (522.25 k allocations: 330.338 MiB, 5.96% gc time)


  0.220986 seconds (522.26 k allocations: 330.338 MiB, 6.10% gc time)


  0.380834 seconds (522.25 k allocations: 330.337 MiB, 43.58% gc time)


  0.220715 seconds (522.24 k allocations: 330.338 MiB, 4.90% gc time)


  0.214215 seconds (522.24 k allocations: 330.337 MiB, 5.10% gc time)


  0.219975 seconds (522.24 k allocations: 330.337 MiB, 5.58% gc time)


  0.220149 seconds (522.23 k allocations: 330.337 MiB, 6.23% gc time)


Numero de qubits: 32 
Threads (LinearAlgebra) :15
Threads (Julia) :1


  0.233776 seconds (539.82 k allocations: 347.424 MiB, 7.51% gc time)


  0.390947 seconds (539.80 k allocations: 347.424 MiB, 43.51% gc time)


  0.228161 seconds (539.81 k allocations: 347.424 MiB, 8.97% gc time)


  0.228099 seconds (539.81 k allocations: 347.424 MiB, 4.92% gc time)


  0.228423 seconds (539.81 k allocations: 347.425 MiB, 5.97% gc time)


  0.228976 seconds (539.80 k allocations: 347.424 MiB, 5.94% gc time)


  0.393416 seconds (539.81 k allocations: 347.425 MiB, 43.19% gc time)


  0.238275 seconds (539.80 k allocations: 347.424 MiB, 9.18% gc time)


  0.232418 seconds (539.80 k allocations: 347.424 MiB, 6.67% gc time)


  0.229229 seconds (539.81 k allocations: 347.425 MiB, 5.87% gc time)


  0.248380 seconds (539.81 k allocations: 347.425 MiB, 13.35% gc time)


  0.377767 seconds (539.79 k allocations: 347.424 MiB, 39.88% gc time)


  0.227722 seconds (539.80 k allocations: 347.424 MiB, 6.00% gc time)


  0.229715 seconds (539.80 k allocations: 347.424 MiB, 5.55% gc time)


  0.228696 seconds (539.79 k allocations: 347.424 MiB, 5.91% gc time)


  0.229620 seconds (539.80 k allocations: 347.424 MiB, 5.98% gc time)


  0.403387 seconds (539.81 k allocations: 347.424 MiB, 45.07% gc time)


  0.225970 seconds (539.80 k allocations: 347.424 MiB, 8.85% gc time)


  0.229675 seconds (539.79 k allocations: 347.423 MiB, 5.70% gc time)


  0.229430 seconds (539.79 k allocations: 347.423 MiB, 5.85% gc time)


  0.229178 seconds (539.80 k allocations: 347.424 MiB, 5.94% gc time)


Numero de qubits: 33 
Threads (LinearAlgebra) :15
Threads (Julia) :1


  0.392840 seconds (560.49 k allocations: 357.767 MiB, 43.54% gc time)


  0.250740 seconds (560.48 k allocations: 357.766 MiB, 7.91% gc time)


  0.231764 seconds (560.46 k allocations: 357.766 MiB, 5.71% gc time)


  0.234913 seconds (560.47 k allocations: 357.766 MiB, 6.10% gc time)


  0.235315 seconds (560.46 k allocations: 357.766 MiB, 6.10% gc time)


  0.386051 seconds (560.50 k allocations: 357.768 MiB, 43.37% gc time)


  0.246916 seconds (560.47 k allocations: 357.766 MiB, 6.62% gc time)


  0.232456 seconds (560.46 k allocations: 357.766 MiB, 6.21% gc time)


  0.235122 seconds (560.46 k allocations: 357.766 MiB, 5.68% gc time)


  0.235517 seconds (560.45 k allocations: 357.765 MiB, 5.98% gc time)


  0.398494 seconds (560.47 k allocations: 357.766 MiB, 44.60% gc time)


  0.252296 seconds (560.47 k allocations: 357.766 MiB, 7.14% gc time)


  0.237695 seconds (560.47 k allocations: 357.765 MiB, 7.75% gc time)


  0.234376 seconds (560.50 k allocations: 357.767 MiB, 5.75% gc time)


  0.234605 seconds (560.48 k allocations: 357.767 MiB, 6.06% gc time)


  0.388132 seconds (560.47 k allocations: 357.766 MiB, 43.41% gc time)


  0.261341 seconds (560.48 k allocations: 357.767 MiB, 8.06% gc time)


  0.242522 seconds (560.47 k allocations: 357.766 MiB, 9.20% gc time)


  0.235881 seconds (560.45 k allocations: 357.765 MiB, 5.58% gc time)


  0.234546 seconds (560.47 k allocations: 357.766 MiB, 6.14% gc time)


  0.390557 seconds (560.47 k allocations: 357.766 MiB, 43.32% gc time)


Numero de qubits: 34 
Threads (LinearAlgebra) :15
Threads (Julia) :1


  0.281406 seconds (578.61 k allocations: 376.956 MiB, 9.43% gc time)


  0.254384 seconds (578.61 k allocations: 376.957 MiB, 6.68% gc time)


  0.252540 seconds (578.60 k allocations: 376.955 MiB, 5.93% gc time)


  0.254072 seconds (578.62 k allocations: 376.957 MiB, 5.97% gc time)


  0.405544 seconds (578.61 k allocations: 376.956 MiB, 40.82% gc time)


  0.255151 seconds (578.61 k allocations: 376.957 MiB, 4.80% gc time)


  0.258635 seconds (578.63 k allocations: 376.957 MiB, 7.41% gc time)


  0.253979 seconds (578.61 k allocations: 376.956 MiB, 5.72% gc time)


  0.281661 seconds (578.61 k allocations: 376.956 MiB, 14.69% gc time)


  0.407498 seconds (578.62 k allocations: 376.957 MiB, 37.65% gc time)


  0.261033 seconds (578.61 k allocations: 376.956 MiB, 9.16% gc time)


  0.253229 seconds (578.59 k allocations: 376.955 MiB, 5.37% gc time)


  0.252296 seconds (578.62 k allocations: 376.957 MiB, 5.98% gc time)


  0.407665 seconds (578.62 k allocations: 376.957 MiB, 40.79% gc time)


  0.252484 seconds (578.63 k allocations: 376.957 MiB, 4.30% gc time)


  0.258323 seconds (578.63 k allocations: 376.958 MiB, 7.52% gc time)


  0.253584 seconds (578.60 k allocations: 376.956 MiB, 5.75% gc time)


  0.253733 seconds (578.62 k allocations: 376.957 MiB, 6.25% gc time)


  0.407162 seconds (578.61 k allocations: 376.956 MiB, 40.85% gc time)


  0.246397 seconds (578.62 k allocations: 376.957 MiB, 5.30% gc time)


  0.252369 seconds (578.60 k allocations: 376.956 MiB, 5.33% gc time)


Numero de qubits: 35 
Threads (LinearAlgebra) :15
Threads (Julia) :1


  0.268908 seconds (599.55 k allocations: 387.347 MiB, 8.30% gc time)


  0.287715 seconds (599.54 k allocations: 387.346 MiB, 14.39% gc time)


  0.412229 seconds (599.57 k allocations: 387.348 MiB, 36.92% gc time)


  0.270455 seconds (599.55 k allocations: 387.346 MiB, 9.58% gc time)


  0.258801 seconds (599.52 k allocations: 387.345 MiB, 5.61% gc time)


  0.272421 seconds (599.52 k allocations: 387.345 MiB, 6.55% gc time)


  0.427832 seconds (599.53 k allocations: 387.345 MiB, 39.00% gc time)


  0.277485 seconds (599.52 k allocations: 387.345 MiB, 8.09% gc time)


  0.256607 seconds (599.53 k allocations: 387.345 MiB, 5.39% gc time)


  0.258583 seconds (599.53 k allocations: 387.345 MiB, 5.89% gc time)


  0.413856 seconds (599.53 k allocations: 387.345 MiB, 40.83% gc time)


  0.291266 seconds (599.54 k allocations: 387.346 MiB, 8.43% gc time)


  0.261872 seconds (599.53 k allocations: 387.345 MiB, 9.57% gc time)


  0.259748 seconds (599.54 k allocations: 387.346 MiB, 5.88% gc time)


  0.259157 seconds (599.53 k allocations: 387.346 MiB, 6.14% gc time)


  0.433088 seconds (599.53 k allocations: 387.345 MiB, 38.24% gc time)


  0.265605 seconds (599.54 k allocations: 387.346 MiB, 5.89% gc time)


  0.261809 seconds (599.54 k allocations: 387.346 MiB, 6.61% gc time)


  0.258808 seconds (599.52 k allocations: 387.345 MiB, 5.76% gc time)


  0.416618 seconds (599.54 k allocations: 387.346 MiB, 41.22% gc time)


  0.286464 seconds (599.53 k allocations: 387.345 MiB, 8.56% gc time)


Numero de qubits: 36 
Threads (LinearAlgebra) :15
Threads (Julia) :1


  0.276295 seconds (617.58 k allocations: 404.537 MiB, 11.08% gc time)


  0.272514 seconds (617.58 k allocations: 404.538 MiB, 6.93% gc time)


  0.271167 seconds (617.58 k allocations: 404.538 MiB, 6.03% gc time)


  0.441007 seconds (617.59 k allocations: 404.538 MiB, 41.75% gc time)


  0.260609 seconds (617.59 k allocations: 404.538 MiB, 4.67% gc time)


  0.268517 seconds (617.59 k allocations: 404.538 MiB, 5.89% gc time)


  0.267691 seconds (617.60 k allocations: 404.539 MiB, 5.94% gc time)


  0.431931 seconds (617.59 k allocations: 404.538 MiB, 38.82% gc time)


  0.278211 seconds (617.59 k allocations: 404.538 MiB, 9.93% gc time)


  0.274139 seconds (617.59 k allocations: 404.538 MiB, 6.99% gc time)


  0.268127 seconds (617.58 k allocations: 404.537 MiB, 6.14% gc time)


  0.417662 seconds (617.60 k allocations: 404.539 MiB, 40.02% gc time)


  0.285159 seconds (617.58 k allocations: 404.537 MiB, 7.47% gc time)


  0.263990 seconds (617.61 k allocations: 404.539 MiB, 5.39% gc time)


  0.268593 seconds (617.57 k allocations: 404.537 MiB, 5.83% gc time)


  0.268681 seconds (617.60 k allocations: 404.539 MiB, 6.16% gc time)


  0.426186 seconds (617.61 k allocations: 404.539 MiB, 38.67% gc time)


  0.270663 seconds (617.59 k allocations: 404.538 MiB, 7.80% gc time)


  0.268743 seconds (617.61 k allocations: 404.540 MiB, 5.53% gc time)


  0.267782 seconds (617.60 k allocations: 404.539 MiB, 6.16% gc time)


  0.425499 seconds (617.58 k allocations: 404.538 MiB, 38.75% gc time)


Numero de qubits: 37 
Threads (LinearAlgebra) :15
Threads (Julia) :1


  0.293703 seconds (638.76 k allocations: 414.975 MiB, 11.67% gc time)


  0.273594 seconds (638.78 k allocations: 414.976 MiB, 5.67% gc time)


  0.273876 seconds (638.77 k allocations: 414.975 MiB, 6.32% gc time)


  0.433967 seconds (638.77 k allocations: 414.975 MiB, 38.48% gc time)


  0.276784 seconds (638.76 k allocations: 414.974 MiB, 10.54% gc time)


  0.273062 seconds (638.77 k allocations: 414.975 MiB, 5.21% gc time)


  0.274013 seconds (638.76 k allocations: 414.974 MiB, 6.24% gc time)


  0.444117 seconds (638.76 k allocations: 414.975 MiB, 40.85% gc time)


  0.286204 seconds (638.78 k allocations: 414.975 MiB, 10.49% gc time)


  0.280423 seconds (638.77 k allocations: 414.975 MiB, 7.15% gc time)


  0.273569 seconds (638.76 k allocations: 414.974 MiB, 5.98% gc time)


  0.432954 seconds (638.76 k allocations: 414.975 MiB, 39.18% gc time)


  0.285501 seconds (638.78 k allocations: 414.976 MiB, 10.66% gc time)


  0.279503 seconds (638.77 k allocations: 414.975 MiB, 7.06% gc time)


  0.274237 seconds (638.77 k allocations: 414.975 MiB, 6.09% gc time)


  0.432904 seconds (638.77 k allocations: 414.975 MiB, 38.23% gc time)


  0.289780 seconds (638.78 k allocations: 414.975 MiB, 9.71% gc time)


  0.279102 seconds (638.78 k allocations: 414.976 MiB, 6.92% gc time)


  0.273592 seconds (638.77 k allocations: 414.975 MiB, 6.08% gc time)


  0.424228 seconds (638.77 k allocations: 414.975 MiB, 39.72% gc time)


  0.284672 seconds (638.75 k allocations: 414.974 MiB, 6.97% gc time)


Numero de qubits: 38 
Threads (LinearAlgebra) :15
Threads (Julia) :1


  0.299654 seconds (657.43 k allocations: 434.249 MiB, 7.90% gc time)


  0.291473 seconds (657.39 k allocations: 434.246 MiB, 5.82% gc time)


  0.442484 seconds (657.40 k allocations: 434.247 MiB, 38.17% gc time)


  0.302815 seconds (657.41 k allocations: 434.248 MiB, 5.99% gc time)


  0.305892 seconds (657.40 k allocations: 434.247 MiB, 8.90% gc time)


  0.292284 seconds (657.41 k allocations: 434.247 MiB, 5.94% gc time)


  0.454774 seconds (657.41 k allocations: 434.248 MiB, 38.98% gc time)


  0.291846 seconds (657.41 k allocations: 434.248 MiB, 5.41% gc time)


  0.292420 seconds (657.41 k allocations: 434.248 MiB, 5.53% gc time)


  0.291679 seconds (657.43 k allocations: 434.249 MiB, 5.74% gc time)


  0.436286 seconds (657.41 k allocations: 434.248 MiB, 38.18% gc time)


  0.281649 seconds (657.40 k allocations: 434.247 MiB, 4.54% gc time)


  0.289075 seconds (657.38 k allocations: 434.246 MiB, 4.99% gc time)


  0.292161 seconds (657.41 k allocations: 434.248 MiB, 5.98% gc time)


  0.447804 seconds (657.39 k allocations: 434.247 MiB, 37.24% gc time)


  0.307077 seconds (657.39 k allocations: 434.247 MiB, 10.13% gc time)


  0.291270 seconds (657.43 k allocations: 434.249 MiB, 5.28% gc time)


  0.293464 seconds (657.40 k allocations: 434.247 MiB, 5.94% gc time)


  0.446162 seconds (657.41 k allocations: 434.248 MiB, 37.22% gc time)


  0.304104 seconds (657.40 k allocations: 434.247 MiB, 9.62% gc time)


  0.295719 seconds (657.40 k allocations: 434.247 MiB, 6.23% gc time)


Numero de qubits: 39 
Threads (LinearAlgebra) :15
Threads (Julia) :1


  0.310032 seconds (678.86 k allocations: 444.733 MiB, 7.93% gc time)


  0.458129 seconds (678.85 k allocations: 444.732 MiB, 36.77% gc time)


  0.313418 seconds (678.84 k allocations: 444.731 MiB, 9.66% gc time)


  0.297480 seconds (678.84 k allocations: 444.731 MiB, 5.34% gc time)


  0.297517 seconds (678.85 k allocations: 444.732 MiB, 5.91% gc time)


  0.476452 seconds (678.85 k allocations: 444.732 MiB, 37.09% gc time)


  0.300913 seconds (678.84 k allocations: 444.732 MiB, 4.96% gc time)


  0.298586 seconds (678.83 k allocations: 444.730 MiB, 5.91% gc time)


  0.455234 seconds (678.85 k allocations: 444.732 MiB, 38.11% gc time)


  0.329785 seconds (678.82 k allocations: 444.730 MiB, 8.75% gc time)


  0.292800 seconds (678.85 k allocations: 444.732 MiB, 5.19% gc time)


  0.299023 seconds (678.85 k allocations: 444.732 MiB, 6.17% gc time)


  0.452919 seconds (678.82 k allocations: 444.730 MiB, 38.03% gc time)


  0.319179 seconds (678.85 k allocations: 444.732 MiB, 8.06% gc time)


  0.305623 seconds (678.82 k allocations: 444.730 MiB, 7.79% gc time)


  0.297799 seconds (678.83 k allocations: 444.731 MiB, 6.03% gc time)


  0.451117 seconds (678.84 k allocations: 444.731 MiB, 37.75% gc time)


  0.298945 seconds (678.83 k allocations: 444.730 MiB, 5.77% gc time)


  0.296414 seconds (678.84 k allocations: 444.731 MiB, 5.18% gc time)


  0.298064 seconds (678.85 k allocations: 444.732 MiB, 5.99% gc time)


  0.446803 seconds (678.85 k allocations: 444.732 MiB, 37.31% gc time)


Numero de qubits: 40 
Threads (LinearAlgebra) :15
Threads (Julia) :1


  0.311131 seconds (697.38 k allocations: 462.018 MiB, 8.80% gc time)


  0.311980 seconds (697.39 k allocations: 462.019 MiB, 6.52% gc time)


  0.310175 seconds (697.38 k allocations: 462.019 MiB, 6.03% gc time)


  0.492280 seconds (697.39 k allocations: 462.019 MiB, 37.86% gc time)


  0.312746 seconds (697.38 k allocations: 462.019 MiB, 7.65% gc time)


  0.307639 seconds (697.39 k allocations: 462.019 MiB, 6.05% gc time)


  0.461697 seconds (697.38 k allocations: 462.018 MiB, 36.37% gc time)


  0.307662 seconds (697.38 k allocations: 462.018 MiB, 5.36% gc time)


  0.315672 seconds (697.38 k allocations: 462.018 MiB, 7.13% gc time)


  0.307032 seconds (697.39 k allocations: 462.019 MiB, 5.96% gc time)


  0.463499 seconds (697.38 k allocations: 462.018 MiB, 36.10% gc time)


  0.294657 seconds (697.38 k allocations: 462.018 MiB, 10.25% gc time)


  0.282264 seconds (697.38 k allocations: 462.018 MiB, 5.83% gc time)


  0.435639 seconds (697.37 k allocations: 462.018 MiB, 39.88% gc time)


  0.306858 seconds (697.39 k allocations: 462.019 MiB, 9.22% gc time)


  0.288598 seconds (697.38 k allocations: 462.019 MiB, 7.84% gc time)


  0.281078 seconds (697.38 k allocations: 462.019 MiB, 6.12% gc time)


  0.430942 seconds (697.38 k allocations: 462.017 MiB, 38.99% gc time)


  0.295484 seconds (697.40 k allocations: 462.019 MiB, 10.44% gc time)


  0.284718 seconds (697.38 k allocations: 462.019 MiB, 6.50% gc time)


  0.280474 seconds (697.38 k allocations: 462.018 MiB, 6.41% gc time)


Numero de qubits: 41 
Threads (LinearAlgebra) :15
Threads (Julia) :1


  0.474065 seconds (719.07 k allocations: 472.550 MiB, 35.94% gc time)


  0.325140 seconds (719.06 k allocations: 472.550 MiB, 9.03% gc time)


  0.312919 seconds (719.07 k allocations: 472.550 MiB, 5.97% gc time)


  0.474085 seconds (719.08 k allocations: 472.551 MiB, 35.44% gc time)


  0.320384 seconds (719.09 k allocations: 472.551 MiB, 11.12% gc time)


  0.315983 seconds (719.08 k allocations: 472.551 MiB, 5.96% gc time)


  0.463785 seconds (719.09 k allocations: 472.551 MiB, 37.02% gc time)


  0.321792 seconds (719.09 k allocations: 472.551 MiB, 6.78% gc time)


  0.311018 seconds (719.08 k allocations: 472.551 MiB, 5.19% gc time)


  0.314154 seconds (719.09 k allocations: 472.551 MiB, 6.01% gc time)


  0.470079 seconds (719.08 k allocations: 472.551 MiB, 38.55% gc time)


  0.317924 seconds (719.09 k allocations: 472.551 MiB, 7.16% gc time)


  0.312942 seconds (719.07 k allocations: 472.550 MiB, 5.82% gc time)


  0.468450 seconds (719.08 k allocations: 472.551 MiB, 36.61% gc time)


  0.313405 seconds (719.08 k allocations: 472.550 MiB, 5.45% gc time)


  0.316030 seconds (719.07 k allocations: 472.550 MiB, 6.19% gc time)


  0.311827 seconds (719.08 k allocations: 472.550 MiB, 5.93% gc time)


  0.461128 seconds (719.08 k allocations: 472.551 MiB, 36.35% gc time)


  0.306611 seconds (719.09 k allocations: 472.551 MiB, 6.72% gc time)


  0.312403 seconds (719.08 k allocations: 472.551 MiB, 5.64% gc time)


  0.466599 seconds (719.08 k allocations: 472.551 MiB, 37.00% gc time)


Numero de qubits: 42 
Threads (LinearAlgebra) :15
Threads (Julia) :1


  0.357973 seconds (738.20 k allocations: 491.915 MiB, 10.33% gc time)


  0.337130 seconds (738.19 k allocations: 491.914 MiB, 6.54% gc time)


  0.489195 seconds (738.22 k allocations: 491.916 MiB, 36.12% gc time)


  0.351125 seconds (738.20 k allocations: 491.915 MiB, 9.42% gc time)


  0.344037 seconds (738.21 k allocations: 491.916 MiB, 8.19% gc time)


  0.491125 seconds (738.21 k allocations: 491.915 MiB, 36.21% gc time)


  0.351974 seconds (738.21 k allocations: 491.915 MiB, 9.26% gc time)


  0.341674 seconds (738.21 k allocations: 491.916 MiB, 7.56% gc time)


  0.332559 seconds (738.20 k allocations: 491.915 MiB, 5.90% gc time)


  0.476638 seconds (738.22 k allocations: 491.916 MiB, 35.65% gc time)


  0.311840 seconds (738.22 k allocations: 491.917 MiB, 8.09% gc time)


  0.303968 seconds (738.20 k allocations: 491.915 MiB, 5.72% gc time)


  0.476697 seconds (738.21 k allocations: 491.916 MiB, 37.58% gc time)


  0.334248 seconds (738.21 k allocations: 491.916 MiB, 7.32% gc time)


  0.331700 seconds (738.21 k allocations: 491.916 MiB, 5.28% gc time)


  0.486855 seconds (738.21 k allocations: 491.916 MiB, 35.98% gc time)


  0.351411 seconds (738.21 k allocations: 491.916 MiB, 8.62% gc time)


  0.340371 seconds (738.21 k allocations: 491.916 MiB, 7.17% gc time)


  0.352295 seconds (738.21 k allocations: 491.916 MiB, 11.11% gc time)


  0.494993 seconds (738.21 k allocations: 491.916 MiB, 33.76% gc time)


  0.336538 seconds (738.22 k allocations: 491.916 MiB, 6.29% gc time)


Numero de qubits: 43 
Threads (LinearAlgebra) :15
Threads (Julia) :1


  0.350313 seconds (760.17 k allocations: 502.496 MiB, 7.78% gc time)


  0.495578 seconds (760.15 k allocations: 502.494 MiB, 34.48% gc time)


  0.344813 seconds (760.17 k allocations: 502.494 MiB, 8.02% gc time)


  0.338136 seconds (760.15 k allocations: 502.494 MiB, 5.95% gc time)


  0.491040 seconds (760.17 k allocations: 502.495 MiB, 35.22% gc time)


  0.342077 seconds (760.15 k allocations: 502.494 MiB, 6.36% gc time)


  0.346484 seconds (760.17 k allocations: 502.495 MiB, 7.04% gc time)


  0.492904 seconds (760.17 k allocations: 502.496 MiB, 35.78% gc time)


  0.376998 seconds (760.16 k allocations: 502.494 MiB, 9.16% gc time)


  0.343935 seconds (760.16 k allocations: 502.495 MiB, 5.28% gc time)


  0.338910 seconds (760.16 k allocations: 502.495 MiB, 6.01% gc time)


  0.517055 seconds (760.16 k allocations: 502.493 MiB, 34.89% gc time)


  0.337402 seconds (760.16 k allocations: 502.495 MiB, 6.14% gc time)


  0.336839 seconds (760.18 k allocations: 502.496 MiB, 5.84% gc time)


  0.505819 seconds (760.17 k allocations: 502.495 MiB, 34.58% gc time)


  0.343539 seconds (760.17 k allocations: 502.496 MiB, 7.38% gc time)


  0.337007 seconds (760.16 k allocations: 502.495 MiB, 5.92% gc time)


  0.503752 seconds (760.16 k allocations: 502.495 MiB, 35.13% gc time)


  0.345576 seconds (760.15 k allocations: 502.494 MiB, 6.56% gc time)


  0.337403 seconds (760.14 k allocations: 502.494 MiB, 5.89% gc time)


  0.492274 seconds (760.18 k allocations: 502.496 MiB, 35.08% gc time)


Numero de qubits: 44 
Threads (LinearAlgebra) :15
Threads (Julia) :1


  0.360513 seconds (779.20 k allocations: 519.877 MiB, 7.82% gc time)


  0.499622 seconds (779.21 k allocations: 519.878 MiB, 35.32% gc time)


  0.369395 seconds (779.19 k allocations: 519.877 MiB, 9.19% gc time)


  0.347956 seconds (779.20 k allocations: 519.877 MiB, 5.61% gc time)


  0.503686 seconds (779.19 k allocations: 519.877 MiB, 35.48% gc time)


  0.346314 seconds (779.22 k allocations: 519.878 MiB, 5.31% gc time)


  0.348634 seconds (779.18 k allocations: 519.876 MiB, 5.89% gc time)


  0.505255 seconds (779.20 k allocations: 519.877 MiB, 35.30% gc time)


  0.368719 seconds (779.19 k allocations: 519.877 MiB, 9.71% gc time)


  0.361726 seconds (779.20 k allocations: 519.878 MiB, 8.39% gc time)


  0.521057 seconds (779.18 k allocations: 519.876 MiB, 36.64% gc time)


  0.362804 seconds (779.20 k allocations: 519.877 MiB, 8.83% gc time)


  0.344404 seconds (779.20 k allocations: 519.878 MiB, 5.01% gc time)


  0.499294 seconds (779.19 k allocations: 519.877 MiB, 35.05% gc time)


  0.338111 seconds (779.20 k allocations: 519.877 MiB, 5.23% gc time)


  0.353086 seconds (779.20 k allocations: 519.877 MiB, 6.62% gc time)


  0.505150 seconds (779.20 k allocations: 519.877 MiB, 35.27% gc time)


  0.360614 seconds (779.21 k allocations: 519.878 MiB, 9.82% gc time)


  0.355820 seconds (779.21 k allocations: 519.878 MiB, 7.28% gc time)


  0.501788 seconds (779.20 k allocations: 519.877 MiB, 35.10% gc time)


  0.354382 seconds (779.21 k allocations: 519.878 MiB, 9.02% gc time)


Numero de qubits: 45 
Threads (LinearAlgebra) :15
Threads (Julia) :1


  0.352905 seconds (801.43 k allocations: 530.506 MiB, 6.35% gc time)


  0.507694 seconds (801.41 k allocations: 530.504 MiB, 35.02% gc time)


  0.361089 seconds (801.43 k allocations: 530.506 MiB, 9.14% gc time)


  0.354182 seconds (801.42 k allocations: 530.505 MiB, 5.76% gc time)


  0.508268 seconds (801.41 k allocations: 530.504 MiB, 35.02% gc time)


  0.346562 seconds (801.42 k allocations: 530.505 MiB, 5.29% gc time)


  0.360362 seconds (801.41 k allocations: 530.504 MiB, 6.75% gc time)


  0.510693 seconds (801.41 k allocations: 530.505 MiB, 34.98% gc time)


  0.367813 seconds (801.40 k allocations: 530.504 MiB, 9.53% gc time)


  0.354524 seconds (801.41 k allocations: 530.505 MiB, 5.94% gc time)


  0.507775 seconds (801.39 k allocations: 530.502 MiB, 34.77% gc time)


  0.362384 seconds (801.43 k allocations: 530.506 MiB, 8.96% gc time)


  0.355248 seconds (801.42 k allocations: 530.505 MiB, 6.04% gc time)


  0.505714 seconds (801.40 k allocations: 530.504 MiB, 34.58% gc time)


  0.345190 seconds (801.39 k allocations: 530.503 MiB, 5.64% gc time)


  0.362164 seconds (801.41 k allocations: 530.504 MiB, 7.26% gc time)


  0.511830 seconds (801.42 k allocations: 530.505 MiB, 35.09% gc time)


  0.367835 seconds (801.41 k allocations: 530.504 MiB, 9.85% gc time)


  0.358135 seconds (801.41 k allocations: 530.505 MiB, 6.59% gc time)


  0.520587 seconds (801.42 k allocations: 530.505 MiB, 36.00% gc time)


  0.345552 seconds (801.41 k allocations: 530.504 MiB, 5.26% gc time)


Numero de qubits: 46 
Threads (LinearAlgebra) :15
Threads (Julia) :1


  0.377116 seconds (821.03 k allocations: 549.961 MiB, 6.60% gc time)


  0.522924 seconds (821.03 k allocations: 549.962 MiB, 33.62% gc time)


  0.362599 seconds (821.02 k allocations: 549.961 MiB, 4.98% gc time)


  0.380191 seconds (821.04 k allocations: 549.962 MiB, 6.79% gc time)


  0.520096 seconds (821.03 k allocations: 549.962 MiB, 33.51% gc time)


  0.373238 seconds (821.03 k allocations: 549.961 MiB, 7.57% gc time)


  0.374019 seconds (821.02 k allocations: 549.961 MiB, 5.80% gc time)


  0.529040 seconds (821.02 k allocations: 549.961 MiB, 33.10% gc time)


  0.389522 seconds (821.04 k allocations: 549.962 MiB, 10.42% gc time)


  0.371735 seconds (821.02 k allocations: 549.960 MiB, 5.65% gc time)


  0.524973 seconds (821.05 k allocations: 549.963 MiB, 33.17% gc time)


  0.373252 seconds (821.04 k allocations: 549.962 MiB, 6.69% gc time)


  0.372146 seconds (821.04 k allocations: 549.962 MiB, 5.86% gc time)


  0.520454 seconds (821.04 k allocations: 549.962 MiB, 33.20% gc time)


  0.378456 seconds (821.05 k allocations: 549.963 MiB, 7.81% gc time)


  0.371564 seconds (821.05 k allocations: 549.963 MiB, 5.82% gc time)


  0.524760 seconds (821.03 k allocations: 549.962 MiB, 33.14% gc time)


  0.369731 seconds (821.03 k allocations: 549.962 MiB, 5.77% gc time)


  0.371448 seconds (821.03 k allocations: 549.962 MiB, 5.84% gc time)


  0.518677 seconds (821.04 k allocations: 549.962 MiB, 33.04% gc time)


  0.372736 seconds (821.04 k allocations: 549.962 MiB, 6.80% gc time)


Numero de qubits: 47 
Threads (LinearAlgebra) :15
Threads (Julia) :1


  0.384079 seconds (843.50 k allocations: 560.636 MiB, 6.93% gc time)


  0.543816 seconds (843.51 k allocations: 560.637 MiB, 32.80% gc time)


  0.381906 seconds (843.52 k allocations: 560.637 MiB, 6.50% gc time)


  0.530105 seconds (843.50 k allocations: 560.636 MiB, 33.27% gc time)


  0.382720 seconds (843.50 k allocations: 560.636 MiB, 5.74% gc time)


  0.356801 seconds (843.51 k allocations: 560.636 MiB, 7.76% gc time)


  0.502140 seconds (843.51 k allocations: 560.637 MiB, 36.42% gc time)


  0.350947 seconds (843.52 k allocations: 560.637 MiB, 8.94% gc time)


  0.344361 seconds (843.49 k allocations: 560.635 MiB, 5.83% gc time)


  0.499739 seconds (843.50 k allocations: 560.636 MiB, 34.69% gc time)


  0.366283 seconds (843.51 k allocations: 560.636 MiB, 11.11% gc time)


  0.346361 seconds (843.49 k allocations: 560.635 MiB, 6.06% gc time)


  0.499419 seconds (843.49 k allocations: 560.635 MiB, 34.45% gc time)


  0.348132 seconds (843.51 k allocations: 560.636 MiB, 6.75% gc time)


  0.347886 seconds (843.48 k allocations: 560.635 MiB, 6.34% gc time)


  0.497966 seconds (843.51 k allocations: 560.636 MiB, 34.45% gc time)


  0.350075 seconds (843.50 k allocations: 560.636 MiB, 7.80% gc time)


  0.345448 seconds (843.49 k allocations: 560.636 MiB, 6.22% gc time)


  0.498765 seconds (843.50 k allocations: 560.636 MiB, 34.34% gc time)


  0.348439 seconds (843.52 k allocations: 560.637 MiB, 7.38% gc time)


  0.498748 seconds (843.52 k allocations: 560.637 MiB, 35.22% gc time)


Numero de qubits: 48 
Threads (LinearAlgebra) :15
Threads (Julia) :1


  0.398134 seconds (863.04 k allocations: 578.129 MiB, 10.78% gc time)


  0.396358 seconds (863.00 k allocations: 578.128 MiB, 7.27% gc time)


  0.527220 seconds (863.03 k allocations: 578.129 MiB, 33.05% gc time)


  0.381934 seconds (863.02 k allocations: 578.129 MiB, 4.83% gc time)


  0.387827 seconds (863.03 k allocations: 578.129 MiB, 6.02% gc time)


  0.522774 seconds (863.02 k allocations: 578.128 MiB, 33.07% gc time)


  0.391884 seconds (863.03 k allocations: 578.129 MiB, 7.27% gc time)


  0.546185 seconds (863.02 k allocations: 578.129 MiB, 33.28% gc time)


  0.403030 seconds (863.04 k allocations: 578.130 MiB, 9.57% gc time)


  0.396900 seconds (863.03 k allocations: 578.129 MiB, 6.96% gc time)


  0.548546 seconds (863.03 k allocations: 578.130 MiB, 32.11% gc time)


  0.404440 seconds (863.05 k allocations: 578.130 MiB, 7.02% gc time)


  0.386777 seconds (863.03 k allocations: 578.130 MiB, 5.58% gc time)


  0.532505 seconds (863.02 k allocations: 578.128 MiB, 33.12% gc time)


  0.352727 seconds (863.04 k allocations: 578.130 MiB, 5.26% gc time)


  0.354081 seconds (863.02 k allocations: 578.129 MiB, 6.19% gc time)


  0.547170 seconds (863.03 k allocations: 578.129 MiB, 32.51% gc time)


  0.391438 seconds (863.02 k allocations: 578.129 MiB, 6.28% gc time)


  0.536777 seconds (863.04 k allocations: 578.130 MiB, 32.62% gc time)


  0.383654 seconds (863.02 k allocations: 578.129 MiB, 5.97% gc time)


  0.387029 seconds (863.03 k allocations: 578.129 MiB, 5.58% gc time)


Numero de qubits: 49 
Threads (LinearAlgebra) :15
Threads (Julia) :1


  0.554144 seconds (885.75 k allocations: 588.851 MiB, 32.35% gc time)


  0.415224 seconds (885.77 k allocations: 588.852 MiB, 10.96% gc time)


  0.390880 seconds (885.76 k allocations: 588.852 MiB, 6.02% gc time)


  0.537156 seconds (885.76 k allocations: 588.852 MiB, 32.64% gc time)


  0.365459 seconds (885.75 k allocations: 588.851 MiB, 6.29% gc time)


  0.508695 seconds (885.77 k allocations: 588.852 MiB, 34.40% gc time)


  0.386643 seconds (885.75 k allocations: 588.851 MiB, 7.28% gc time)


  0.397052 seconds (885.76 k allocations: 588.851 MiB, 6.20% gc time)


  0.548706 seconds (885.77 k allocations: 588.852 MiB, 32.22% gc time)


  0.415495 seconds (885.78 k allocations: 588.853 MiB, 11.05% gc time)


  0.392893 seconds (885.76 k allocations: 588.852 MiB, 5.87% gc time)


  0.538337 seconds (885.75 k allocations: 588.851 MiB, 32.10% gc time)


  0.403895 seconds (885.75 k allocations: 588.851 MiB, 8.10% gc time)


  0.550112 seconds (885.75 k allocations: 588.851 MiB, 32.91% gc time)


  0.412236 seconds (885.78 k allocations: 588.853 MiB, 9.38% gc time)


  0.403740 seconds (885.76 k allocations: 588.852 MiB, 7.42% gc time)


  0.538953 seconds (885.75 k allocations: 588.850 MiB, 32.64% gc time)


  0.395562 seconds (885.76 k allocations: 588.852 MiB, 7.93% gc time)


  0.392100 seconds (885.77 k allocations: 588.852 MiB, 5.70% gc time)


  0.535932 seconds (885.74 k allocations: 588.851 MiB, 32.59% gc time)


  0.399955 seconds (885.75 k allocations: 588.851 MiB, 6.19% gc time)


Numero de qubits: 50 
Threads (LinearAlgebra) :15
Threads (Julia) :1


  0.584546 seconds (905.87 k allocations: 608.402 MiB, 33.01% gc time)


  0.423700 seconds (905.86 k allocations: 608.401 MiB, 9.69% gc time)


  0.411054 seconds (905.88 k allocations: 608.402 MiB, 5.46% gc time)


  0.550261 seconds (905.89 k allocations: 608.402 MiB, 31.91% gc time)


  0.416010 seconds (905.87 k allocations: 608.401 MiB, 6.96% gc time)


  0.562086 seconds (905.85 k allocations: 608.400 MiB, 31.92% gc time)


  0.410329 seconds (905.87 k allocations: 608.402 MiB, 7.51% gc time)


  0.415315 seconds (905.85 k allocations: 608.401 MiB, 6.03% gc time)


  0.533689 seconds (905.87 k allocations: 608.402 MiB, 32.36% gc time)


  0.384427 seconds (905.85 k allocations: 608.401 MiB, 7.85% gc time)


  0.527555 seconds (905.86 k allocations: 608.401 MiB, 33.75% gc time)


  0.389668 seconds (905.87 k allocations: 608.402 MiB, 4.16% gc time)


  0.414301 seconds (905.87 k allocations: 608.402 MiB, 5.73% gc time)


  0.546092 seconds (905.87 k allocations: 608.402 MiB, 31.73% gc time)


  0.421080 seconds (905.87 k allocations: 608.402 MiB, 7.52% gc time)


  0.565362 seconds (905.85 k allocations: 608.400 MiB, 31.69% gc time)


  0.405394 seconds (905.85 k allocations: 608.400 MiB, 5.55% gc time)


  0.412087 seconds (905.88 k allocations: 608.403 MiB, 5.57% gc time)


  0.549228 seconds (905.88 k allocations: 608.402 MiB, 31.84% gc time)


  0.415587 seconds (905.88 k allocations: 608.402 MiB, 6.84% gc time)


  0.563563 seconds (905.87 k allocations: 608.402 MiB, 31.77% gc time)


Numero de qubits: 51 
Threads (LinearAlgebra) :15
Threads (Julia) :1


  0.410554 seconds (928.87 k allocations: 619.172 MiB, 5.87% gc time)


  0.417576 seconds (928.88 k allocations: 619.172 MiB, 6.02% gc time)


  0.541473 seconds (928.85 k allocations: 619.170 MiB, 32.23% gc time)


  0.391008 seconds (928.85 k allocations: 619.171 MiB, 7.81% gc time)


  0.550559 seconds (928.86 k allocations: 619.172 MiB, 32.68% gc time)


  0.429444 seconds (928.87 k allocations: 619.172 MiB, 7.59% gc time)


  0.417899 seconds (928.86 k allocations: 619.172 MiB, 5.60% gc time)


  0.567003 seconds (928.85 k allocations: 619.171 MiB, 31.02% gc time)


  0.427500 seconds (928.86 k allocations: 619.172 MiB, 7.82% gc time)


  0.571112 seconds (928.84 k allocations: 619.170 MiB, 31.69% gc time)


  0.417666 seconds (928.86 k allocations: 619.172 MiB, 4.15% gc time)


  0.420494 seconds (928.85 k allocations: 619.171 MiB, 6.02% gc time)


  0.556819 seconds (928.85 k allocations: 619.171 MiB, 33.19% gc time)


  0.389752 seconds (928.86 k allocations: 619.172 MiB, 6.86% gc time)


  0.530930 seconds (928.85 k allocations: 619.171 MiB, 33.35% gc time)


  0.405228 seconds (928.86 k allocations: 619.172 MiB, 6.74% gc time)


  0.421845 seconds (928.86 k allocations: 619.172 MiB, 6.28% gc time)


  0.555776 seconds (928.84 k allocations: 619.171 MiB, 31.78% gc time)


  0.387815 seconds (928.86 k allocations: 619.172 MiB, 6.81% gc time)


  0.534045 seconds (928.85 k allocations: 619.171 MiB, 33.38% gc time)


  0.396412 seconds (928.88 k allocations: 619.173 MiB, 4.49% gc time)


Numero de qubits: 52 
Threads (LinearAlgebra) :15
Threads (Julia) :1


  0.433756 seconds (948.88 k allocations: 636.711 MiB, 6.88% gc time)


  0.560257 seconds (948.87 k allocations: 636.709 MiB, 31.65% gc time)


  0.390069 seconds (948.88 k allocations: 636.711 MiB, 5.84% gc time)


  0.541080 seconds (948.85 k allocations: 636.709 MiB, 32.72% gc time)


  0.427897 seconds (948.86 k allocations: 636.709 MiB, 9.38% gc time)


  0.427982 seconds (948.86 k allocations: 636.709 MiB, 5.85% gc time)


  0.578988 seconds (948.87 k allocations: 636.710 MiB, 30.18% gc time)


  0.404175 seconds (948.86 k allocations: 636.710 MiB, 7.35% gc time)


  0.550576 seconds (948.87 k allocations: 636.710 MiB, 31.72% gc time)


  0.443055 seconds (948.87 k allocations: 636.710 MiB, 10.97% gc time)


  0.581620 seconds (948.86 k allocations: 636.709 MiB, 31.11% gc time)


  0.417781 seconds (948.87 k allocations: 636.710 MiB, 3.98% gc time)


  0.431011 seconds (948.90 k allocations: 636.712 MiB, 6.24% gc time)


  0.581013 seconds (948.86 k allocations: 636.710 MiB, 29.97% gc time)


  0.433706 seconds (948.88 k allocations: 636.711 MiB, 6.03% gc time)


  0.574635 seconds (948.86 k allocations: 636.710 MiB, 30.83% gc time)


  0.427987 seconds (948.88 k allocations: 636.711 MiB, 7.60% gc time)


  0.425941 seconds (948.87 k allocations: 636.710 MiB, 5.78% gc time)


  0.579071 seconds (948.86 k allocations: 636.709 MiB, 30.11% gc time)


  0.440846 seconds (948.89 k allocations: 636.711 MiB, 7.52% gc time)


  0.586387 seconds (948.88 k allocations: 636.711 MiB, 32.36% gc time)


Numero de qubits: 53 
Threads (LinearAlgebra) :15
Threads (Julia) :1


  0.442407 seconds (972.14 k allocations: 647.529 MiB, 8.33% gc time)


  0.578759 seconds (972.12 k allocations: 647.527 MiB, 30.62% gc time)


  0.430549 seconds (972.12 k allocations: 647.528 MiB, 6.95% gc time)


  0.431760 seconds (972.12 k allocations: 647.527 MiB, 5.78% gc time)


  0.587328 seconds (972.12 k allocations: 647.528 MiB, 29.90% gc time)


  0.438272 seconds (972.14 k allocations: 647.529 MiB, 5.65% gc time)


  0.591017 seconds (972.10 k allocations: 647.527 MiB, 30.65% gc time)


  0.442720 seconds (972.12 k allocations: 647.528 MiB, 11.46% gc time)


  0.590855 seconds (972.12 k allocations: 647.528 MiB, 31.23% gc time)


  0.458282 seconds (972.10 k allocations: 647.526 MiB, 9.88% gc time)


  0.434885 seconds (972.09 k allocations: 647.526 MiB, 5.99% gc time)


  0.569412 seconds (972.11 k allocations: 647.526 MiB, 31.00% gc time)


  0.443502 seconds (972.14 k allocations: 647.529 MiB, 7.80% gc time)


  0.566828 seconds (972.12 k allocations: 647.528 MiB, 31.07% gc time)


  0.421896 seconds (972.12 k allocations: 647.527 MiB, 11.59% gc time)


  0.547045 seconds (972.13 k allocations: 647.528 MiB, 32.70% gc time)


  0.412925 seconds (972.13 k allocations: 647.528 MiB, 4.91% gc time)


  0.432782 seconds (972.13 k allocations: 647.528 MiB, 5.57% gc time)


  0.598320 seconds (972.12 k allocations: 647.527 MiB, 30.69% gc time)


  0.438448 seconds (972.12 k allocations: 647.526 MiB, 6.62% gc time)


  0.585577 seconds (972.12 k allocations: 647.528 MiB, 30.43% gc time)


Numero de qubits: 54 
Threads (LinearAlgebra) :15
Threads (Julia) :1


  0.459933 seconds (992.70 k allocations: 667.220 MiB, 7.23% gc time)


  0.610885 seconds (992.74 k allocations: 667.223 MiB, 29.44% gc time)


  0.472704 seconds (992.71 k allocations: 667.221 MiB, 11.10% gc time)


  0.609448 seconds (992.75 k allocations: 667.223 MiB, 29.48% gc time)


  0.472992 seconds (992.73 k allocations: 667.222 MiB, 9.43% gc time)


  0.602174 seconds (992.72 k allocations: 667.222 MiB, 29.79% gc time)


  0.457521 seconds (992.72 k allocations: 667.222 MiB, 8.03% gc time)


  0.467028 seconds (992.72 k allocations: 667.222 MiB, 5.93% gc time)


  0.644350 seconds (992.72 k allocations: 667.222 MiB, 30.51% gc time)


  0.452386 seconds (992.74 k allocations: 667.223 MiB, 5.62% gc time)


  0.625330 seconds (992.72 k allocations: 667.222 MiB, 30.56% gc time)


  0.421373 seconds (992.72 k allocations: 667.222 MiB, 7.38% gc time)


  0.567708 seconds (992.74 k allocations: 667.223 MiB, 30.54% gc time)


  0.420998 seconds (992.73 k allocations: 667.222 MiB, 6.70% gc time)


  0.570761 seconds (992.73 k allocations: 667.221 MiB, 31.14% gc time)


  0.441896 seconds (992.73 k allocations: 667.222 MiB, 11.32% gc time)


  0.561078 seconds (992.73 k allocations: 667.223 MiB, 31.65% gc time)


  0.443102 seconds (992.75 k allocations: 667.224 MiB, 8.03% gc time)


  0.470923 seconds (992.72 k allocations: 667.222 MiB, 9.66% gc time)


  0.613640 seconds (992.71 k allocations: 667.221 MiB, 29.38% gc time)


  0.455638 seconds (992.72 k allocations: 667.222 MiB, 5.99% gc time)


Numero de qubits: 55 
Threads (LinearAlgebra) :15
Threads (Julia) :1


  0.604883 seconds (1.02 M allocations: 678.088 MiB, 29.65% gc time)


  0.470649 seconds (1.02 M allocations: 678.087 MiB, 7.31% gc time)


  0.606437 seconds (1.02 M allocations: 678.086 MiB, 28.87% gc time)


  0.460481 seconds (1.02 M allocations: 678.087 MiB, 5.76% gc time)


  0.608339 seconds (1.02 M allocations: 678.087 MiB, 28.98% gc time)


  0.466421 seconds (1.02 M allocations: 678.088 MiB, 6.08% gc time)


  0.612255 seconds (1.02 M allocations: 678.087 MiB, 29.18% gc time)


  0.464388 seconds (1.02 M allocations: 678.087 MiB, 6.75% gc time)


  0.607399 seconds (1.02 M allocations: 678.086 MiB, 29.91% gc time)


  0.464964 seconds (1.02 M allocations: 678.088 MiB, 7.91% gc time)


  0.458176 seconds (1.02 M allocations: 678.087 MiB, 5.91% gc time)


  0.632531 seconds (1.02 M allocations: 678.088 MiB, 30.33% gc time)


  0.466619 seconds (1.02 M allocations: 678.088 MiB, 6.92% gc time)


  0.588422 seconds (1.02 M allocations: 678.086 MiB, 30.29% gc time)


  0.430045 seconds (1.02 M allocations: 678.088 MiB, 8.03% gc time)


  0.578326 seconds (1.02 M allocations: 678.086 MiB, 30.75% gc time)


  0.434353 seconds (1.02 M allocations: 678.088 MiB, 8.04% gc time)


  0.586146 seconds (1.02 M allocations: 678.086 MiB, 32.73% gc time)


  0.455807 seconds (1.02 M allocations: 678.088 MiB, 8.43% gc time)


  0.477792 seconds (1.02 M allocations: 678.088 MiB, 9.77% gc time)


  0.621568 seconds (1.02 M allocations: 678.088 MiB, 29.52% gc time)


Numero de qubits: 56 
Threads (LinearAlgebra) :15
Threads (Julia) :1


  0.472348 seconds (1.04 M allocations: 695.719 MiB, 6.68% gc time)


  0.608648 seconds (1.04 M allocations: 695.719 MiB, 28.72% gc time)


  0.471266 seconds (1.04 M allocations: 695.719 MiB, 5.95% gc time)


  0.621628 seconds (1.04 M allocations: 695.719 MiB, 28.69% gc time)


  0.472991 seconds (1.04 M allocations: 695.719 MiB, 5.95% gc time)


  0.617930 seconds (1.04 M allocations: 695.719 MiB, 29.08% gc time)


  0.479069 seconds (1.04 M allocations: 695.719 MiB, 7.88% gc time)


  0.623803 seconds (1.04 M allocations: 695.719 MiB, 28.88% gc time)


  0.474637 seconds (1.04 M allocations: 695.718 MiB, 6.71% gc time)


  0.624199 seconds (1.04 M allocations: 695.719 MiB, 28.81% gc time)


  0.472266 seconds (1.04 M allocations: 695.718 MiB, 6.63% gc time)


  0.623203 seconds (1.04 M allocations: 695.719 MiB, 28.70% gc time)


  0.475511 seconds (1.04 M allocations: 695.719 MiB, 6.79% gc time)


  0.619944 seconds (1.04 M allocations: 695.719 MiB, 28.48% gc time)


  0.490349 seconds (1.04 M allocations: 695.719 MiB, 9.99% gc time)


  0.619097 seconds (1.04 M allocations: 695.720 MiB, 29.06% gc time)


  0.478109 seconds (1.04 M allocations: 695.719 MiB, 8.57% gc time)


  0.619131 seconds (1.04 M allocations: 695.719 MiB, 29.32% gc time)


  0.476566 seconds (1.04 M allocations: 695.719 MiB, 8.51% gc time)


  0.615035 seconds (1.04 M allocations: 695.718 MiB, 29.30% gc time)


  0.474596 seconds (1.04 M allocations: 695.721 MiB, 8.28% gc time)


Numero de qubits: 57 
Threads (LinearAlgebra) :15
Threads (Julia) :1


  0.624944 seconds (1.06 M allocations: 706.631 MiB, 29.22% gc time)


  0.482248 seconds (1.06 M allocations: 706.631 MiB, 8.60% gc time)


  0.640720 seconds (1.06 M allocations: 706.632 MiB, 30.63% gc time)


  0.463424 seconds (1.06 M allocations: 706.632 MiB, 4.15% gc time)


  0.628055 seconds (1.06 M allocations: 706.631 MiB, 29.24% gc time)


  0.457759 seconds (1.06 M allocations: 706.632 MiB, 4.16% gc time)


  0.626235 seconds (1.06 M allocations: 706.631 MiB, 29.11% gc time)


  0.460299 seconds (1.06 M allocations: 706.630 MiB, 4.46% gc time)


  0.628814 seconds (1.06 M allocations: 706.632 MiB, 29.38% gc time)


  0.460087 seconds (1.06 M allocations: 706.631 MiB, 4.16% gc time)


  0.628787 seconds (1.06 M allocations: 706.631 MiB, 29.38% gc time)


  0.458477 seconds (1.06 M allocations: 706.631 MiB, 4.20% gc time)


  0.628586 seconds (1.06 M allocations: 706.631 MiB, 29.23% gc time)


  0.460301 seconds (1.06 M allocations: 706.631 MiB, 4.18% gc time)


  0.626787 seconds (1.06 M allocations: 706.631 MiB, 29.22% gc time)


  0.457905 seconds (1.06 M allocations: 706.632 MiB, 4.14% gc time)


  0.629309 seconds (1.06 M allocations: 706.630 MiB, 29.55% gc time)


  0.459939 seconds (1.06 M allocations: 706.631 MiB, 4.16% gc time)


  0.629134 seconds (1.06 M allocations: 706.631 MiB, 29.48% gc time)


  0.459317 seconds (1.06 M allocations: 706.632 MiB, 4.14% gc time)


  0.627797 seconds (1.06 M allocations: 706.629 MiB, 29.15% gc time)


Numero de qubits: 58 
Threads (LinearAlgebra) :15
Threads (Julia) :1


  0.482388 seconds (1.08 M allocations: 726.367 MiB, 5.21% gc time)


  0.637844 seconds (1.08 M allocations: 726.365 MiB, 28.38% gc time)


  0.503945 seconds (1.08 M allocations: 726.367 MiB, 8.66% gc time)


  0.646624 seconds (1.08 M allocations: 726.366 MiB, 27.86% gc time)


  0.523441 seconds (1.08 M allocations: 726.364 MiB, 10.79% gc time)


  0.643114 seconds (1.08 M allocations: 726.367 MiB, 28.02% gc time)


  0.502845 seconds (1.08 M allocations: 726.366 MiB, 10.12% gc time)


  0.643565 seconds (1.08 M allocations: 726.366 MiB, 28.09% gc time)


  0.526228 seconds (1.08 M allocations: 726.366 MiB, 11.03% gc time)


  0.657264 seconds (1.08 M allocations: 726.367 MiB, 28.98% gc time)


  0.521454 seconds (1.08 M allocations: 726.366 MiB, 10.62% gc time)


  0.650268 seconds (1.08 M allocations: 726.367 MiB, 27.98% gc time)


  0.521802 seconds (1.08 M allocations: 726.366 MiB, 10.73% gc time)


  0.648476 seconds (1.08 M allocations: 726.366 MiB, 27.94% gc time)


  0.517268 seconds (1.08 M allocations: 726.365 MiB, 11.04% gc time)


  0.645377 seconds (1.08 M allocations: 726.366 MiB, 27.70% gc time)


  0.486069 seconds (1.08 M allocations: 726.366 MiB, 6.98% gc time)


  0.646701 seconds (1.08 M allocations: 726.365 MiB, 27.86% gc time)


  0.491684 seconds (1.08 M allocations: 726.366 MiB, 5.13% gc time)


  0.644366 seconds (1.08 M allocations: 726.367 MiB, 28.14% gc time)


  0.491463 seconds (1.08 M allocations: 726.365 MiB, 5.20% gc time)


Numero de qubits: 59 
Threads (LinearAlgebra) :15
Threads (Julia) :1


  0.664017 seconds (1.11 M allocations: 737.325 MiB, 28.05% gc time)


  0.500436 seconds (1.11 M allocations: 737.326 MiB, 5.99% gc time)


  0.650386 seconds (1.11 M allocations: 737.326 MiB, 27.93% gc time)


  0.498859 seconds (1.11 M allocations: 737.325 MiB, 5.29% gc time)


  0.660276 seconds (1.11 M allocations: 737.326 MiB, 27.76% gc time)


  0.497913 seconds (1.11 M allocations: 737.326 MiB, 5.36% gc time)


  0.658049 seconds (1.11 M allocations: 737.325 MiB, 27.51% gc time)


  0.498118 seconds (1.11 M allocations: 737.325 MiB, 5.30% gc time)


  0.656682 seconds (1.11 M allocations: 737.325 MiB, 27.64% gc time)


  0.499040 seconds (1.11 M allocations: 737.327 MiB, 5.40% gc time)


  0.656653 seconds (1.11 M allocations: 737.326 MiB, 27.46% gc time)


  0.498841 seconds (1.11 M allocations: 737.326 MiB, 5.29% gc time)


  0.658786 seconds (1.11 M allocations: 737.325 MiB, 27.72% gc time)


  0.508799 seconds (1.11 M allocations: 737.326 MiB, 5.23% gc time)


  0.674633 seconds (1.11 M allocations: 737.326 MiB, 27.03% gc time)


  0.502382 seconds (1.11 M allocations: 737.326 MiB, 5.40% gc time)


  0.659910 seconds (1.11 M allocations: 737.325 MiB, 27.73% gc time)


  0.499334 seconds (1.11 M allocations: 737.326 MiB, 5.40% gc time)


  0.655696 seconds (1.11 M allocations: 737.326 MiB, 27.47% gc time)


  0.498065 seconds (1.11 M allocations: 737.326 MiB, 5.30% gc time)


  0.658651 seconds (1.11 M allocations: 737.326 MiB, 27.67% gc time)


Numero de qubits: 60 
Threads (LinearAlgebra) :15
Threads (Julia) :1


  0.515064 seconds (1.13 M allocations: 755.106 MiB, 6.51% gc time)


  0.659989 seconds (1.13 M allocations: 755.107 MiB, 27.12% gc time)


  0.513378 seconds (1.13 M allocations: 755.107 MiB, 6.50% gc time)


  0.663755 seconds (1.13 M allocations: 755.108 MiB, 27.34% gc time)


  0.528189 seconds (1.13 M allocations: 755.107 MiB, 8.63% gc time)


  0.661470 seconds (1.13 M allocations: 755.107 MiB, 27.11% gc time)


  0.518908 seconds (1.13 M allocations: 755.107 MiB, 6.77% gc time)


  0.664239 seconds (1.13 M allocations: 755.107 MiB, 27.30% gc time)


  0.517488 seconds (1.13 M allocations: 755.108 MiB, 6.66% gc time)


  0.664457 seconds (1.13 M allocations: 755.106 MiB, 27.28% gc time)


  0.528865 seconds (1.13 M allocations: 755.107 MiB, 8.67% gc time)


  0.662706 seconds (1.13 M allocations: 755.107 MiB, 27.00% gc time)


  0.526526 seconds (1.13 M allocations: 755.107 MiB, 8.50% gc time)


  0.664373 seconds (1.13 M allocations: 755.108 MiB, 27.20% gc time)


  0.516441 seconds (1.13 M allocations: 755.108 MiB, 6.61% gc time)


  0.662460 seconds (1.13 M allocations: 755.106 MiB, 26.97% gc time)


  0.528911 seconds (1.13 M allocations: 755.107 MiB, 8.64% gc time)


  0.665399 seconds (1.13 M allocations: 755.108 MiB, 27.25% gc time)


  0.535544 seconds (1.13 M allocations: 755.108 MiB, 9.20% gc time)


  0.675680 seconds (1.13 M allocations: 755.106 MiB, 27.82% gc time)


  0.529415 seconds (1.13 M allocations: 755.108 MiB, 8.48% gc time)


