Numero de qubits: 20 
Threads (LinearAlgebra) :15
Threads (Julia) :1


 21.211014 seconds (88.14 M allocations: 4.416 GiB, 4.04% gc time, 99.70% compilation time)


  0.622194 seconds (2.87 M allocations: 190.529 MiB, 5.21% gc time, 92.97% compilation time)


  0.032545 seconds (225.94 k allocations: 59.415 MiB, 20.19% gc time)


  0.026949 seconds (225.93 k allocations: 59.415 MiB, 5.75% gc time)


  0.029621 seconds (225.94 k allocations: 59.415 MiB, 13.74% gc time)


  0.027410 seconds (225.94 k allocations: 59.415 MiB, 9.05% gc time)


  0.027076 seconds (225.94 k allocations: 59.415 MiB, 8.63% gc time)


  0.027275 seconds (225.95 k allocations: 59.416 MiB, 8.82% gc time)


  0.027141 seconds (225.94 k allocations: 59.415 MiB, 8.69% gc time)


  0.026744 seconds (225.94 k allocations: 59.415 MiB, 8.60% gc time)


  0.028384 seconds (225.94 k allocations: 59.415 MiB, 12.42% gc time)


  0.026924 seconds (225.94 k allocations: 59.415 MiB, 8.67% gc time)


  0.028025 seconds (225.92 k allocations: 59.414 MiB, 12.19% gc time)


  0.027231 seconds (225.95 k allocations: 59.416 MiB, 8.86% gc time)


  0.028168 seconds (225.94 k allocations: 59.415 MiB, 12.13% gc time)


  0.026826 seconds (225.95 k allocations: 59.416 MiB, 8.73% gc time)


  0.028441 seconds (225.94 k allocations: 59.415 MiB, 12.43% gc time)


  0.026927 seconds (225.95 k allocations: 59.416 MiB, 8.61% gc time)


  0.028213 seconds (225.93 k allocations: 59.414 MiB, 12.48% gc time)


  0.027114 seconds (225.93 k allocations: 59.415 MiB, 8.78% gc time)


  0.028089 seconds (225.94 k allocations: 59.415 MiB, 12.05% gc time)


Numero de qubits: 21 
Threads (LinearAlgebra) :15
Threads (Julia) :1


  0.032258 seconds (239.51 k allocations: 62.755 MiB, 13.00% gc time)


  0.583384 seconds (1.48 M allocations: 126.246 MiB, 2.47% gc time, 93.74% compilation time)


  0.031535 seconds (239.50 k allocations: 62.754 MiB, 13.57% gc time)


  0.029237 seconds (239.50 k allocations: 62.753 MiB, 7.14% gc time)


  0.030439 seconds (239.51 k allocations: 62.754 MiB, 10.88% gc time)


  0.031085 seconds (239.51 k allocations: 62.755 MiB, 13.64% gc time)


  0.029273 seconds (239.51 k allocations: 62.754 MiB, 9.11% gc time)


  0.030090 seconds (239.51 k allocations: 62.754 MiB, 12.42% gc time)


  0.028714 seconds (239.51 k allocations: 62.754 MiB, 8.93% gc time)


  0.030186 seconds (239.51 k allocations: 62.754 MiB, 12.41% gc time)


  0.028502 seconds (239.52 k allocations: 62.755 MiB, 8.67% gc time)


  0.030306 seconds (239.51 k allocations: 62.755 MiB, 12.82% gc time)


  0.028844 seconds (239.50 k allocations: 62.754 MiB, 8.65% gc time)


  0.028737 seconds (239.51 k allocations: 62.754 MiB, 8.96% gc time)


  0.028993 seconds (239.50 k allocations: 62.753 MiB, 9.13% gc time)


  0.028766 seconds (239.51 k allocations: 62.755 MiB, 8.61% gc time)


  0.029051 seconds (239.51 k allocations: 62.754 MiB, 9.13% gc time)


  0.030730 seconds (239.50 k allocations: 62.754 MiB, 13.23% gc time)


  0.028976 seconds (239.50 k allocations: 62.754 MiB, 9.27% gc time)


  0.029222 seconds (239.50 k allocations: 62.754 MiB, 9.44% gc time)


  0.029158 seconds (239.51 k allocations: 62.755 MiB, 9.30% gc time)


Numero de qubits: 22 
Threads (LinearAlgebra) :15
Threads (Julia) :1


  0.029952 seconds (251.25 k allocations: 66.347 MiB)


  0.038804 seconds (251.26 k allocations: 66.348 MiB, 21.26% gc time)


  0.034190 seconds (251.24 k allocations: 66.347 MiB, 13.91% gc time)


  0.032303 seconds (251.25 k allocations: 66.348 MiB, 7.92% gc time)


  0.031784 seconds (251.25 k allocations: 66.348 MiB, 7.05% gc time)


  0.031325 seconds (251.23 k allocations: 66.347 MiB, 5.93% gc time)


  0.032849 seconds (251.25 k allocations: 66.347 MiB, 10.61% gc time)


  0.032110 seconds (251.24 k allocations: 66.347 MiB, 10.07% gc time)


  0.032330 seconds (251.24 k allocations: 66.347 MiB, 9.99% gc time)


  0.031863 seconds (251.22 k allocations: 66.346 MiB, 9.79% gc time)


  0.032237 seconds (251.25 k allocations: 66.348 MiB, 10.03% gc time)


  0.032037 seconds (251.24 k allocations: 66.347 MiB, 9.84% gc time)


  0.032238 seconds (251.25 k allocations: 66.347 MiB, 9.90% gc time)


  0.032272 seconds (251.25 k allocations: 66.348 MiB, 10.05% gc time)


  0.035860 seconds (251.23 k allocations: 66.346 MiB, 15.96% gc time)


  0.033013 seconds (251.25 k allocations: 66.348 MiB, 10.81% gc time)


  0.032261 seconds (251.24 k allocations: 66.347 MiB, 9.92% gc time)


  0.032389 seconds (251.24 k allocations: 66.347 MiB, 10.18% gc time)


  0.032147 seconds (251.24 k allocations: 66.346 MiB, 10.01% gc time)


  0.031997 seconds (251.24 k allocations: 66.347 MiB, 10.19% gc time)


  0.032354 seconds (251.25 k allocations: 66.348 MiB, 10.16% gc time)


Numero de qubits: 23 
Threads (LinearAlgebra) :15
Threads (Julia) :1


  0.035733 seconds (265.00 k allocations: 69.721 MiB, 13.99% gc time)


  0.048590 seconds (265.00 k allocations: 69.720 MiB, 36.87% gc time)


  0.030235 seconds (265.00 k allocations: 69.721 MiB)


  0.033315 seconds (265.01 k allocations: 69.721 MiB, 7.41% gc time)


  0.032812 seconds (264.99 k allocations: 69.720 MiB, 6.35% gc time)


  0.034989 seconds (265.00 k allocations: 69.720 MiB, 11.48% gc time)


  0.034262 seconds (265.00 k allocations: 69.720 MiB, 10.41% gc time)


  0.034132 seconds (265.00 k allocations: 69.721 MiB, 10.22% gc time)


  0.033879 seconds (264.99 k allocations: 69.720 MiB, 10.01% gc time)


  0.033683 seconds (264.99 k allocations: 69.719 MiB, 10.01% gc time)


  0.033856 seconds (264.99 k allocations: 69.720 MiB, 9.99% gc time)


  0.033505 seconds (265.00 k allocations: 69.720 MiB, 9.74% gc time)


  0.033747 seconds (265.00 k allocations: 69.721 MiB, 10.20% gc time)


  0.033667 seconds (265.00 k allocations: 69.721 MiB, 9.82% gc time)


  0.033641 seconds (265.00 k allocations: 69.720 MiB, 9.90% gc time)


  0.033631 seconds (265.00 k allocations: 69.720 MiB, 9.97% gc time)


  0.033403 seconds (264.99 k allocations: 69.720 MiB, 9.76% gc time)


  0.033686 seconds (265.00 k allocations: 69.721 MiB, 9.93% gc time)


  0.033275 seconds (264.99 k allocations: 69.720 MiB, 9.63% gc time)


  0.033668 seconds (265.01 k allocations: 69.721 MiB, 9.73% gc time)


  0.033814 seconds (264.99 k allocations: 69.720 MiB, 9.90% gc time)


Numero de qubits: 24 
Threads (LinearAlgebra) :15
Threads (Julia) :1


  0.035762 seconds (276.83 k allocations: 73.183 MiB, 11.33% gc time)


  0.048173 seconds (276.83 k allocations: 73.182 MiB, 28.61% gc time)


  0.038028 seconds (276.82 k allocations: 73.181 MiB, 12.30% gc time)


  0.035259 seconds (276.82 k allocations: 73.182 MiB, 7.59% gc time)


  0.037051 seconds (276.82 k allocations: 73.182 MiB, 11.50% gc time)


  0.036557 seconds (276.82 k allocations: 73.182 MiB, 10.64% gc time)


  0.035988 seconds (276.82 k allocations: 73.182 MiB, 9.94% gc time)


  0.035956 seconds (276.82 k allocations: 73.182 MiB, 9.89% gc time)


  0.035794 seconds (276.83 k allocations: 73.183 MiB, 9.84% gc time)


  0.036278 seconds (276.82 k allocations: 73.182 MiB, 10.12% gc time)


  0.035755 seconds (276.83 k allocations: 73.182 MiB, 9.85% gc time)


  0.036066 seconds (276.83 k allocations: 73.182 MiB, 10.00% gc time)


  0.035700 seconds (276.83 k allocations: 73.182 MiB, 9.91% gc time)


  0.036024 seconds (276.82 k allocations: 73.182 MiB, 9.89% gc time)


  0.035702 seconds (276.83 k allocations: 73.183 MiB, 9.99% gc time)


  0.035931 seconds (276.83 k allocations: 73.182 MiB, 10.15% gc time)


  0.035802 seconds (276.82 k allocations: 73.181 MiB, 10.09% gc time)


  0.035894 seconds (276.85 k allocations: 73.184 MiB, 10.09% gc time)


  0.035922 seconds (276.82 k allocations: 73.182 MiB, 10.04% gc time)


  0.035781 seconds (276.82 k allocations: 73.181 MiB, 9.92% gc time)


  0.036191 seconds (276.83 k allocations: 73.183 MiB, 10.03% gc time)


Numero de qubits: 25 
Threads (LinearAlgebra) :15
Threads (Julia) :1


  0.037770 seconds (290.76 k allocations: 76.589 MiB, 10.98% gc time)


  0.051285 seconds (290.77 k allocations: 76.590 MiB, 25.43% gc time)


  0.039729 seconds (290.75 k allocations: 76.589 MiB, 10.77% gc time)


  0.040003 seconds (290.77 k allocations: 76.590 MiB, 13.07% gc time)


  0.041977 seconds (290.78 k allocations: 76.590 MiB, 5.39% gc time)


  0.042398 seconds (290.75 k allocations: 76.589 MiB, 13.65% gc time)


  0.038299 seconds (290.76 k allocations: 76.590 MiB, 10.52% gc time)


  0.038222 seconds (290.76 k allocations: 76.588 MiB, 10.35% gc time)


  0.038200 seconds (290.77 k allocations: 76.590 MiB, 10.40% gc time)


  0.038171 seconds (290.75 k allocations: 76.588 MiB, 10.41% gc time)


  0.038225 seconds (290.76 k allocations: 76.589 MiB, 10.27% gc time)


  0.038386 seconds (290.77 k allocations: 76.589 MiB, 10.44% gc time)


  0.038338 seconds (290.78 k allocations: 76.590 MiB, 10.60% gc time)


  0.038194 seconds (290.76 k allocations: 76.589 MiB, 10.45% gc time)


  0.037976 seconds (290.76 k allocations: 76.589 MiB, 10.43% gc time)


  0.038017 seconds (290.77 k allocations: 76.590 MiB, 10.37% gc time)


  0.037655 seconds (290.76 k allocations: 76.589 MiB, 10.35% gc time)


  0.038157 seconds (290.75 k allocations: 76.588 MiB, 10.38% gc time)


  0.037896 seconds (290.76 k allocations: 76.589 MiB, 10.44% gc time)


  0.038336 seconds (290.77 k allocations: 76.590 MiB, 10.72% gc time)


  0.038220 seconds (290.76 k allocations: 76.589 MiB, 10.32% gc time)


Numero de qubits: 26 
Threads (LinearAlgebra) :15
Threads (Julia) :1


  0.040674 seconds (302.85 k allocations: 80.249 MiB, 10.70% gc time)


  0.057926 seconds (302.85 k allocations: 80.249 MiB, 23.18% gc time)


  0.041186 seconds (302.85 k allocations: 80.249 MiB, 10.06% gc time)


  0.039621 seconds (302.85 k allocations: 80.250 MiB, 7.75% gc time)


  0.041138 seconds (302.84 k allocations: 80.249 MiB, 11.50% gc time)


  0.040752 seconds (302.86 k allocations: 80.249 MiB, 10.75% gc time)


  0.040443 seconds (302.85 k allocations: 80.250 MiB, 10.26% gc time)


  0.040606 seconds (302.85 k allocations: 80.249 MiB, 10.35% gc time)


  0.040467 seconds (302.85 k allocations: 80.249 MiB, 9.98% gc time)


  0.040447 seconds (302.86 k allocations: 80.250 MiB, 10.24% gc time)


  0.040002 seconds (302.84 k allocations: 80.249 MiB, 9.93% gc time)


  0.040630 seconds (302.86 k allocations: 80.249 MiB, 10.34% gc time)


  0.040346 seconds (302.84 k allocations: 80.249 MiB, 10.25% gc time)


  0.042963 seconds (302.86 k allocations: 80.250 MiB, 14.61% gc time)


  0.040407 seconds (302.85 k allocations: 80.250 MiB, 10.14% gc time)


  0.040511 seconds (302.85 k allocations: 80.249 MiB, 10.18% gc time)


  0.040259 seconds (302.85 k allocations: 80.250 MiB, 10.23% gc time)


  0.040642 seconds (302.85 k allocations: 80.249 MiB, 10.35% gc time)


  0.040511 seconds (302.85 k allocations: 80.250 MiB, 10.08% gc time)


  0.040434 seconds (302.85 k allocations: 80.250 MiB, 10.34% gc time)


  0.040412 seconds (302.86 k allocations: 80.250 MiB, 10.29% gc time)


Numero de qubits: 27 
Threads (LinearAlgebra) :15
Threads (Julia) :1


  0.042369 seconds (316.96 k allocations: 83.690 MiB, 10.67% gc time)


  0.053346 seconds (316.97 k allocations: 83.691 MiB, 22.31% gc time)


  0.042771 seconds (316.97 k allocations: 83.690 MiB, 9.91% gc time)


  0.044172 seconds (316.97 k allocations: 83.690 MiB, 12.48% gc time)


  0.042663 seconds (316.98 k allocations: 83.691 MiB, 10.86% gc time)


  0.042545 seconds (316.98 k allocations: 83.691 MiB, 10.47% gc time)


  0.042196 seconds (316.98 k allocations: 83.691 MiB, 10.19% gc time)


  0.042273 seconds (316.98 k allocations: 83.691 MiB, 9.92% gc time)


  0.047487 seconds (316.99 k allocations: 83.691 MiB, 17.84% gc time)


  0.042720 seconds (316.97 k allocations: 83.690 MiB, 10.25% gc time)


  0.042386 seconds (316.99 k allocations: 83.691 MiB, 10.16% gc time)


  0.042263 seconds (316.98 k allocations: 83.691 MiB, 9.79% gc time)


  0.042441 seconds (316.97 k allocations: 83.690 MiB, 10.04% gc time)


  0.042279 seconds (316.98 k allocations: 83.691 MiB, 10.04% gc time)


  0.044938 seconds (316.97 k allocations: 83.690 MiB, 14.60% gc time)


  0.042193 seconds (316.97 k allocations: 83.691 MiB, 10.04% gc time)


  0.042304 seconds (316.98 k allocations: 83.691 MiB, 10.14% gc time)


  0.042452 seconds (316.98 k allocations: 83.691 MiB, 10.30% gc time)


  0.042456 seconds (316.98 k allocations: 83.691 MiB, 9.85% gc time)


  0.042286 seconds (316.98 k allocations: 83.691 MiB, 10.28% gc time)


  0.042411 seconds (316.99 k allocations: 83.691 MiB, 10.32% gc time)


Numero de qubits: 28 
Threads (LinearAlgebra) :15
Threads (Julia) :1


  0.048537 seconds (329.15 k allocations: 87.219 MiB, 15.44% gc time)


  0.074272 seconds (329.15 k allocations: 87.219 MiB, 35.70% gc time)


  0.044795 seconds (329.16 k allocations: 87.220 MiB, 10.93% gc time)


  0.042790 seconds (329.15 k allocations: 87.219 MiB, 7.76% gc time)


  0.042145 seconds (329.15 k allocations: 87.219 MiB, 5.95% gc time)


  0.044808 seconds (329.15 k allocations: 87.218 MiB, 10.76% gc time)


  0.044331 seconds (329.15 k allocations: 87.219 MiB, 10.03% gc time)


  0.044323 seconds (329.15 k allocations: 87.219 MiB, 10.03% gc time)


  0.044185 seconds (329.16 k allocations: 87.220 MiB, 10.25% gc time)


  0.046765 seconds (329.15 k allocations: 87.219 MiB, 14.58% gc time)


  0.044220 seconds (329.15 k allocations: 87.219 MiB, 10.01% gc time)


  0.044050 seconds (329.14 k allocations: 87.218 MiB, 9.88% gc time)


  0.046715 seconds (329.16 k allocations: 87.219 MiB, 14.48% gc time)


  0.044119 seconds (329.15 k allocations: 87.219 MiB, 9.94% gc time)


  0.044356 seconds (329.15 k allocations: 87.219 MiB, 10.17% gc time)


  0.046845 seconds (329.16 k allocations: 87.220 MiB, 14.64% gc time)


  0.044129 seconds (329.14 k allocations: 87.219 MiB, 9.90% gc time)


  0.044556 seconds (329.16 k allocations: 87.220 MiB, 10.13% gc time)


  0.046693 seconds (329.14 k allocations: 87.217 MiB, 14.38% gc time)


  0.044375 seconds (329.15 k allocations: 87.219 MiB, 9.96% gc time)


  0.044132 seconds (329.15 k allocations: 87.219 MiB, 10.15% gc time)


Numero de qubits: 29 
Threads (LinearAlgebra) :15
Threads (Julia) :1


  0.045780 seconds (343.46 k allocations: 90.694 MiB, 9.78% gc time)


  0.055229 seconds (343.46 k allocations: 90.695 MiB, 25.51% gc time)


  0.045158 seconds (343.47 k allocations: 90.695 MiB, 9.61% gc time)


  0.047424 seconds (343.47 k allocations: 90.695 MiB, 12.04% gc time)


  0.046582 seconds (343.45 k allocations: 90.694 MiB, 10.85% gc time)


  0.046208 seconds (343.46 k allocations: 90.695 MiB, 10.19% gc time)


  0.046284 seconds (343.45 k allocations: 90.694 MiB, 9.87% gc time)


  0.045794 seconds (343.47 k allocations: 90.694 MiB, 9.74% gc time)


  0.046741 seconds (343.47 k allocations: 90.695 MiB, 10.10% gc time)


  0.045972 seconds (343.46 k allocations: 90.694 MiB, 10.01% gc time)


  0.046049 seconds (343.45 k allocations: 90.694 MiB, 9.82% gc time)


  0.048773 seconds (343.46 k allocations: 90.695 MiB, 14.33% gc time)


  0.045867 seconds (343.46 k allocations: 90.695 MiB, 9.73% gc time)


  0.046204 seconds (343.47 k allocations: 90.695 MiB, 10.10% gc time)


  0.045899 seconds (343.45 k allocations: 90.694 MiB, 9.94% gc time)


  0.046046 seconds (343.47 k allocations: 90.695 MiB, 9.99% gc time)


  0.048828 seconds (343.46 k allocations: 90.694 MiB, 14.55% gc time)


  0.045857 seconds (343.46 k allocations: 90.694 MiB, 9.57% gc time)


  0.048731 seconds (343.47 k allocations: 90.695 MiB, 14.20% gc time)


  0.046030 seconds (343.45 k allocations: 90.694 MiB, 9.72% gc time)


  0.048637 seconds (343.49 k allocations: 90.696 MiB, 14.33% gc time)


Numero de qubits: 30 
Threads (LinearAlgebra) :15
Threads (Julia) :1


  0.051848 seconds (355.90 k allocations: 94.421 MiB, 16.68% gc time)


  0.075165 seconds (355.89 k allocations: 94.421 MiB, 36.54% gc time)


  0.052898 seconds (355.91 k allocations: 94.422 MiB, 16.71% gc time)


  0.049685 seconds (355.91 k allocations: 94.422 MiB, 11.77% gc time)


  0.045662 seconds (355.89 k allocations: 94.421 MiB, 6.74% gc time)


  0.048977 seconds (355.88 k allocations: 94.421 MiB, 11.34% gc time)


  0.051145 seconds (355.90 k allocations: 94.422 MiB, 15.16% gc time)


  0.047575 seconds (355.90 k allocations: 94.421 MiB, 10.21% gc time)


  0.047867 seconds (355.91 k allocations: 94.422 MiB, 10.27% gc time)


  0.050597 seconds (355.91 k allocations: 94.422 MiB, 14.57% gc time)


  0.047514 seconds (355.88 k allocations: 94.421 MiB, 9.68% gc time)


  0.050569 seconds (355.90 k allocations: 94.421 MiB, 14.65% gc time)


  0.047659 seconds (355.88 k allocations: 94.420 MiB, 9.96% gc time)


  0.050440 seconds (355.90 k allocations: 94.422 MiB, 14.41% gc time)


  0.047940 seconds (355.89 k allocations: 94.420 MiB, 10.13% gc time)


  0.050498 seconds (355.89 k allocations: 94.420 MiB, 14.63% gc time)


  0.047865 seconds (355.89 k allocations: 94.421 MiB, 9.98% gc time)


  0.050337 seconds (355.91 k allocations: 94.421 MiB, 14.51% gc time)


  0.047553 seconds (355.89 k allocations: 94.421 MiB, 9.89% gc time)


  0.050634 seconds (355.89 k allocations: 94.420 MiB, 14.69% gc time)


  0.047667 seconds (355.90 k allocations: 94.421 MiB, 10.10% gc time)


Numero de qubits: 31 
Threads (LinearAlgebra) :15
Threads (Julia) :1


  0.110375 seconds (370.40 k allocations: 97.931 MiB, 45.32% gc time)


  0.195740 seconds (370.40 k allocations: 97.931 MiB, 75.83% gc time)


  0.057018 seconds (370.40 k allocations: 97.931 MiB)


  0.087530 seconds (370.40 k allocations: 97.931 MiB, 46.33% gc time)


  0.053337 seconds (370.39 k allocations: 97.930 MiB)


  0.087258 seconds (370.39 k allocations: 97.931 MiB, 46.65% gc time)


  0.072544 seconds (370.39 k allocations: 97.931 MiB, 31.76% gc time)


  0.059228 seconds (370.40 k allocations: 97.931 MiB, 20.66% gc time)


  0.050039 seconds (370.40 k allocations: 97.931 MiB, 10.22% gc time)


  0.048229 seconds (370.39 k allocations: 97.931 MiB, 9.47% gc time)


  0.046797 seconds (370.39 k allocations: 97.931 MiB, 7.90% gc time)


  0.048184 seconds (370.40 k allocations: 97.931 MiB, 10.48% gc time)


  0.045393 seconds (370.38 k allocations: 97.929 MiB, 6.54% gc time)


  0.045504 seconds (370.39 k allocations: 97.930 MiB, 6.51% gc time)


  0.045550 seconds (370.40 k allocations: 97.931 MiB, 6.62% gc time)


  0.045276 seconds (370.40 k allocations: 97.931 MiB, 6.41% gc time)


  0.047236 seconds (370.40 k allocations: 97.931 MiB, 9.69% gc time)


  0.046570 seconds (370.40 k allocations: 97.932 MiB, 9.36% gc time)


  0.046663 seconds (370.39 k allocations: 97.930 MiB, 9.30% gc time)


  0.045474 seconds (370.41 k allocations: 97.932 MiB, 6.60% gc time)


  0.045432 seconds (370.39 k allocations: 97.929 MiB, 6.39% gc time)


Numero de qubits: 32 
Threads (LinearAlgebra) :15
Threads (Julia) :1


  0.048613 seconds (382.92 k allocations: 101.526 MiB)


  0.069592 seconds (382.91 k allocations: 101.525 MiB, 30.16% gc time)


  0.049997 seconds (382.92 k allocations: 101.526 MiB, 8.74% gc time)


  0.050376 seconds (382.93 k allocations: 101.526 MiB, 9.45% gc time)


  0.050887 seconds (382.93 k allocations: 101.527 MiB, 9.93% gc time)


  0.048958 seconds (382.92 k allocations: 101.525 MiB, 7.84% gc time)


  0.050368 seconds (382.92 k allocations: 101.525 MiB, 10.38% gc time)


  0.049426 seconds (382.92 k allocations: 101.526 MiB, 9.84% gc time)


  0.049513 seconds (382.92 k allocations: 101.525 MiB, 9.67% gc time)


  0.047641 seconds (382.91 k allocations: 101.525 MiB, 6.77% gc time)


  0.047527 seconds (382.92 k allocations: 101.526 MiB, 6.58% gc time)


  0.047609 seconds (382.92 k allocations: 101.526 MiB, 6.64% gc time)


  0.047742 seconds (382.92 k allocations: 101.526 MiB, 6.70% gc time)


  0.047439 seconds (382.91 k allocations: 101.525 MiB, 6.56% gc time)


  0.047634 seconds (382.92 k allocations: 101.525 MiB, 6.73% gc time)


  0.047751 seconds (382.92 k allocations: 101.524 MiB, 6.65% gc time)


  0.047570 seconds (382.92 k allocations: 101.525 MiB, 6.62% gc time)


  0.047776 seconds (382.92 k allocations: 101.526 MiB, 6.79% gc time)


  0.047544 seconds (382.93 k allocations: 101.526 MiB, 6.59% gc time)


  0.047698 seconds (382.91 k allocations: 101.525 MiB, 6.61% gc time)


  0.049603 seconds (382.93 k allocations: 101.526 MiB, 9.75% gc time)


Numero de qubits: 33 
Threads (LinearAlgebra) :15
Threads (Julia) :1


  0.050458 seconds (397.59 k allocations: 105.069 MiB, 7.56% gc time)


  0.067029 seconds (397.60 k allocations: 105.069 MiB, 24.04% gc time)


  0.049748 seconds (397.61 k allocations: 105.070 MiB, 4.81% gc time)


  0.050954 seconds (397.60 k allocations: 105.069 MiB, 7.51% gc time)


  0.052224 seconds (397.60 k allocations: 105.070 MiB, 10.20% gc time)


  0.052187 seconds (397.60 k allocations: 105.069 MiB, 9.95% gc time)


  0.051949 seconds (397.60 k allocations: 105.069 MiB, 9.94% gc time)


  0.052027 seconds (397.61 k allocations: 105.070 MiB, 9.82% gc time)


  0.052133 seconds (397.60 k allocations: 105.069 MiB, 10.11% gc time)


  0.051690 seconds (397.61 k allocations: 105.070 MiB, 9.81% gc time)


  0.052106 seconds (397.60 k allocations: 105.069 MiB, 9.99% gc time)


  0.052009 seconds (397.60 k allocations: 105.069 MiB, 9.80% gc time)


  0.051668 seconds (397.60 k allocations: 105.070 MiB, 9.73% gc time)


  0.051703 seconds (397.59 k allocations: 105.069 MiB, 9.61% gc time)


  0.052204 seconds (397.60 k allocations: 105.070 MiB, 9.94% gc time)


  0.052164 seconds (397.61 k allocations: 105.070 MiB, 10.02% gc time)


  0.052294 seconds (397.61 k allocations: 105.070 MiB, 9.88% gc time)


  0.052212 seconds (397.60 k allocations: 105.070 MiB, 10.20% gc time)


  0.051723 seconds (397.60 k allocations: 105.069 MiB, 9.67% gc time)


  0.051810 seconds (397.60 k allocations: 105.069 MiB, 9.79% gc time)


  0.051560 seconds (397.59 k allocations: 105.069 MiB, 9.54% gc time)


Numero de qubits: 34 
Threads (LinearAlgebra) :15
Threads (Julia) :1


  0.052955 seconds (410.38 k allocations: 108.862 MiB, 7.22% gc time)


  0.070754 seconds (410.37 k allocations: 108.862 MiB, 24.63% gc time)


  0.054685 seconds (410.37 k allocations: 108.862 MiB, 9.16% gc time)


  0.053258 seconds (410.38 k allocations: 108.863 MiB, 7.74% gc time)


  0.054567 seconds (410.37 k allocations: 108.862 MiB, 10.36% gc time)


  0.054162 seconds (410.39 k allocations: 108.863 MiB, 9.82% gc time)


  0.054131 seconds (410.39 k allocations: 108.863 MiB, 9.99% gc time)


  0.054359 seconds (410.37 k allocations: 108.862 MiB, 10.00% gc time)


  0.054149 seconds (410.38 k allocations: 108.863 MiB, 9.83% gc time)


  0.059541 seconds (410.39 k allocations: 108.863 MiB, 14.35% gc time)


  0.056158 seconds (410.38 k allocations: 108.862 MiB, 9.53% gc time)


  0.055584 seconds (410.38 k allocations: 108.863 MiB, 12.31% gc time)


  0.054880 seconds (410.39 k allocations: 108.862 MiB, 10.02% gc time)


  0.054270 seconds (410.39 k allocations: 108.863 MiB, 9.93% gc time)


  0.053624 seconds (410.39 k allocations: 108.863 MiB, 9.67% gc time)


  0.053943 seconds (410.38 k allocations: 108.863 MiB, 9.91% gc time)


  0.054090 seconds (410.40 k allocations: 108.864 MiB, 9.95% gc time)


  0.053683 seconds (410.38 k allocations: 108.862 MiB, 9.67% gc time)


  0.054120 seconds (410.37 k allocations: 108.862 MiB, 9.97% gc time)


  0.054339 seconds (410.38 k allocations: 108.862 MiB, 10.06% gc time)


  0.053704 seconds (410.38 k allocations: 108.863 MiB, 9.86% gc time)


Numero de qubits: 35 
Threads (LinearAlgebra) :15
Threads (Julia) :1


  0.057906 seconds (425.26 k allocations: 112.441 MiB, 7.11% gc time)


  0.074476 seconds (425.26 k allocations: 112.441 MiB, 24.28% gc time)


  0.056731 seconds (425.26 k allocations: 112.441 MiB, 9.11% gc time)


  0.055203 seconds (425.26 k allocations: 112.441 MiB, 7.78% gc time)


  0.056207 seconds (425.26 k allocations: 112.441 MiB, 10.06% gc time)


  0.056046 seconds (425.24 k allocations: 112.439 MiB, 9.81% gc time)


  0.057472 seconds (425.26 k allocations: 112.441 MiB, 12.43% gc time)


  0.055752 seconds (425.27 k allocations: 112.442 MiB, 10.08% gc time)


  0.056004 seconds (425.24 k allocations: 112.439 MiB, 9.81% gc time)


  0.057764 seconds (425.25 k allocations: 112.441 MiB, 12.61% gc time)


  0.056073 seconds (425.26 k allocations: 112.441 MiB, 10.15% gc time)


  0.055617 seconds (425.26 k allocations: 112.441 MiB, 9.73% gc time)


  0.056023 seconds (425.26 k allocations: 112.441 MiB, 9.75% gc time)


  0.056042 seconds (425.26 k allocations: 112.442 MiB, 10.24% gc time)


  0.057577 seconds (425.26 k allocations: 112.441 MiB, 12.55% gc time)


  0.056064 seconds (425.26 k allocations: 112.441 MiB, 9.79% gc time)


  0.057842 seconds (425.26 k allocations: 112.441 MiB, 12.57% gc time)


  0.056380 seconds (425.25 k allocations: 112.441 MiB, 10.40% gc time)


  0.056065 seconds (425.27 k allocations: 112.442 MiB, 10.01% gc time)


  0.058031 seconds (425.25 k allocations: 112.441 MiB, 12.78% gc time)


  0.056446 seconds (425.27 k allocations: 112.442 MiB, 10.29% gc time)


Numero de qubits: 36 
Threads (LinearAlgebra) :15
Threads (Julia) :1


  0.074135 seconds (438.13 k allocations: 116.111 MiB, 23.36% gc time)


  0.063285 seconds (438.12 k allocations: 116.110 MiB, 12.28% gc time)


  0.058279 seconds (438.13 k allocations: 116.111 MiB, 9.13% gc time)


  0.056850 seconds (438.12 k allocations: 116.110 MiB, 7.32% gc time)


  0.058786 seconds (438.12 k allocations: 116.111 MiB, 10.42% gc time)


  0.058003 seconds (438.12 k allocations: 116.110 MiB, 10.27% gc time)


  0.057850 seconds (438.12 k allocations: 116.111 MiB, 10.02% gc time)


  0.058299 seconds (438.12 k allocations: 116.110 MiB, 10.19% gc time)


  0.058104 seconds (438.12 k allocations: 116.110 MiB, 10.12% gc time)


  0.060006 seconds (438.12 k allocations: 116.110 MiB, 12.84% gc time)


  0.065713 seconds (438.13 k allocations: 116.110 MiB, 16.06% gc time)


  0.059176 seconds (438.12 k allocations: 116.110 MiB, 10.06% gc time)


  0.058424 seconds (438.12 k allocations: 116.110 MiB, 10.25% gc time)


  0.058327 seconds (438.13 k allocations: 116.111 MiB, 10.23% gc time)


  0.058202 seconds (438.12 k allocations: 116.110 MiB, 10.08% gc time)


  0.058155 seconds (438.12 k allocations: 116.110 MiB, 10.06% gc time)


  0.060756 seconds (438.11 k allocations: 116.109 MiB, 13.04% gc time)


  0.058890 seconds (438.11 k allocations: 116.110 MiB, 10.49% gc time)


  0.060459 seconds (438.12 k allocations: 116.110 MiB, 13.02% gc time)


  0.058953 seconds (438.12 k allocations: 116.110 MiB, 10.44% gc time)


  0.059132 seconds (438.13 k allocations: 116.111 MiB, 10.58% gc time)


Numero de qubits: 37 
Threads (LinearAlgebra) :15
Threads (Julia) :1


  0.067525 seconds (453.18 k allocations: 119.723 MiB, 9.52% gc time)


  0.088039 seconds (453.18 k allocations: 119.723 MiB, 31.82% gc time)


  0.060234 seconds (453.18 k allocations: 119.723 MiB, 9.20% gc time)


  0.061745 seconds (453.17 k allocations: 119.722 MiB, 11.44% gc time)


  0.061142 seconds (453.18 k allocations: 119.723 MiB, 10.58% gc time)


  0.061307 seconds (453.18 k allocations: 119.723 MiB, 10.76% gc time)


  0.062683 seconds (453.19 k allocations: 119.723 MiB, 13.07% gc time)


  0.060508 seconds (453.20 k allocations: 119.724 MiB, 10.44% gc time)


  0.060411 seconds (453.18 k allocations: 119.723 MiB, 10.37% gc time)


  0.060735 seconds (453.19 k allocations: 119.724 MiB, 10.51% gc time)


  0.060563 seconds (453.18 k allocations: 119.723 MiB, 10.34% gc time)


  0.060352 seconds (453.19 k allocations: 119.724 MiB, 10.11% gc time)


  0.060476 seconds (453.19 k allocations: 119.724 MiB, 10.36% gc time)


  0.060490 seconds (453.17 k allocations: 119.723 MiB, 10.21% gc time)


  0.060429 seconds (453.19 k allocations: 119.724 MiB, 10.31% gc time)


  0.060565 seconds (453.19 k allocations: 119.724 MiB, 10.39% gc time)


  0.060692 seconds (453.17 k allocations: 119.722 MiB, 10.38% gc time)


  0.060708 seconds (453.18 k allocations: 119.723 MiB, 10.33% gc time)


  0.060791 seconds (453.18 k allocations: 119.723 MiB, 10.47% gc time)


  0.062991 seconds (453.19 k allocations: 119.723 MiB, 13.27% gc time)


  0.060654 seconds (453.17 k allocations: 119.722 MiB, 10.46% gc time)


Numero de qubits: 38 
Threads (LinearAlgebra) :15
Threads (Julia) :1


  0.081465 seconds (466.31 k allocations: 123.574 MiB, 24.30% gc time)


  0.062101 seconds (466.32 k allocations: 123.575 MiB, 7.92% gc time)


  0.061710 seconds (466.31 k allocations: 123.574 MiB, 8.11% gc time)


  0.063542 seconds (466.31 k allocations: 123.574 MiB, 10.78% gc time)


  0.063136 seconds (466.31 k allocations: 123.574 MiB, 10.54% gc time)


  0.063008 seconds (466.31 k allocations: 123.574 MiB, 10.42% gc time)


  0.062417 seconds (466.30 k allocations: 123.573 MiB, 10.35% gc time)


  0.064424 seconds (466.33 k allocations: 123.575 MiB, 12.86% gc time)


  0.063553 seconds (466.32 k allocations: 123.574 MiB, 10.36% gc time)


  0.064744 seconds (466.30 k allocations: 123.574 MiB, 13.10% gc time)


  0.062626 seconds (466.31 k allocations: 123.574 MiB, 10.35% gc time)


  0.064685 seconds (466.33 k allocations: 123.575 MiB, 13.08% gc time)


  0.062416 seconds (466.30 k allocations: 123.573 MiB, 10.21% gc time)


  0.062704 seconds (466.31 k allocations: 123.574 MiB, 10.27% gc time)


  0.064672 seconds (466.30 k allocations: 123.574 MiB, 13.03% gc time)


  0.062549 seconds (466.31 k allocations: 123.574 MiB, 10.39% gc time)


  0.064772 seconds (466.30 k allocations: 123.574 MiB, 13.05% gc time)


  0.064195 seconds (466.32 k allocations: 123.575 MiB, 12.82% gc time)


  0.062572 seconds (466.30 k allocations: 123.573 MiB, 10.24% gc time)


  0.062769 seconds (466.32 k allocations: 123.575 MiB, 10.21% gc time)


  0.064674 seconds (466.31 k allocations: 123.574 MiB, 13.11% gc time)


Numero de qubits: 39 
Threads (LinearAlgebra) :15
Threads (Julia) :1


  0.070523 seconds (481.53 k allocations: 127.219 MiB, 12.97% gc time)


  0.103494 seconds (481.55 k allocations: 127.221 MiB, 35.15% gc time)


  0.065372 seconds (481.55 k allocations: 127.220 MiB, 10.44% gc time)


  0.066773 seconds (481.56 k allocations: 127.221 MiB, 12.18% gc time)


  0.065593 seconds (481.57 k allocations: 127.222 MiB, 11.06% gc time)


  0.067446 seconds (481.57 k allocations: 127.222 MiB, 13.33% gc time)


  0.065408 seconds (481.56 k allocations: 127.221 MiB, 10.57% gc time)


  0.067441 seconds (481.55 k allocations: 127.220 MiB, 13.02% gc time)


  0.064961 seconds (481.55 k allocations: 127.220 MiB, 10.31% gc time)


  0.067244 seconds (481.54 k allocations: 127.219 MiB, 13.14% gc time)


  0.065153 seconds (481.56 k allocations: 127.221 MiB, 10.28% gc time)


  0.065185 seconds (481.56 k allocations: 127.221 MiB, 10.46% gc time)


  0.067114 seconds (481.56 k allocations: 127.221 MiB, 13.01% gc time)


  0.064917 seconds (481.55 k allocations: 127.221 MiB, 10.29% gc time)


  0.067557 seconds (481.54 k allocations: 127.220 MiB, 13.16% gc time)


  0.067012 seconds (481.55 k allocations: 127.220 MiB, 12.87% gc time)


  0.065108 seconds (481.56 k allocations: 127.221 MiB, 10.36% gc time)


  0.067598 seconds (481.56 k allocations: 127.221 MiB, 13.10% gc time)


  0.067071 seconds (481.55 k allocations: 127.220 MiB, 12.96% gc time)


  0.065263 seconds (481.54 k allocations: 127.219 MiB, 10.40% gc time)


  0.067387 seconds (481.56 k allocations: 127.221 MiB, 13.14% gc time)


Numero de qubits: 40 
Threads (LinearAlgebra) :15
Threads (Julia) :1


  0.081654 seconds (494.76 k allocations: 130.957 MiB, 19.82% gc time)


  0.070368 seconds (494.78 k allocations: 130.958 MiB, 12.82% gc time)


  0.065500 seconds (494.78 k allocations: 130.958 MiB, 8.42% gc time)


  0.069894 seconds (494.76 k allocations: 130.957 MiB, 13.61% gc time)


  0.067090 seconds (494.78 k allocations: 130.958 MiB, 10.40% gc time)


  0.070453 seconds (494.77 k allocations: 130.958 MiB, 13.70% gc time)


  0.069302 seconds (494.77 k allocations: 130.957 MiB, 13.06% gc time)


  0.066800 seconds (494.76 k allocations: 130.957 MiB, 10.38% gc time)


  0.066888 seconds (494.76 k allocations: 130.957 MiB, 10.22% gc time)


  0.069077 seconds (494.78 k allocations: 130.958 MiB, 13.03% gc time)


  0.068986 seconds (494.77 k allocations: 130.958 MiB, 12.82% gc time)


  0.066702 seconds (494.75 k allocations: 130.957 MiB, 10.31% gc time)


  0.066967 seconds (494.77 k allocations: 130.958 MiB, 10.18% gc time)


  0.069624 seconds (494.76 k allocations: 130.957 MiB, 13.04% gc time)


  0.068827 seconds (494.76 k allocations: 130.957 MiB, 12.84% gc time)


  0.068623 seconds (494.76 k allocations: 130.957 MiB, 12.90% gc time)


  0.066303 seconds (494.78 k allocations: 130.958 MiB, 10.18% gc time)


  0.066258 seconds (494.78 k allocations: 130.958 MiB, 9.95% gc time)


  0.068625 seconds (494.76 k allocations: 130.957 MiB, 12.85% gc time)


  0.068938 seconds (494.77 k allocations: 130.958 MiB, 12.95% gc time)


  0.068907 seconds (494.78 k allocations: 130.958 MiB, 12.89% gc time)


Numero de qubits: 41 
Threads (LinearAlgebra) :15
Threads (Julia) :1


  0.071641 seconds (510.20 k allocations: 134.639 MiB, 7.75% gc time)


  0.077452 seconds (510.20 k allocations: 134.638 MiB, 14.71% gc time)


  0.068958 seconds (510.20 k allocations: 134.639 MiB, 9.80% gc time)


  0.070506 seconds (510.19 k allocations: 134.638 MiB, 11.64% gc time)


  0.071664 seconds (510.19 k allocations: 134.638 MiB, 13.32% gc time)


  0.068977 seconds (510.23 k allocations: 134.640 MiB, 10.45% gc time)


  0.069110 seconds (510.18 k allocations: 134.637 MiB, 10.15% gc time)


  0.071373 seconds (510.19 k allocations: 134.638 MiB, 13.07% gc time)


  0.071179 seconds (510.19 k allocations: 134.638 MiB, 12.94% gc time)


  0.069003 seconds (510.19 k allocations: 134.637 MiB, 10.18% gc time)


  0.068904 seconds (510.21 k allocations: 134.639 MiB, 10.11% gc time)


  0.071576 seconds (510.21 k allocations: 134.639 MiB, 12.86% gc time)


  0.071809 seconds (510.20 k allocations: 134.639 MiB, 13.10% gc time)


  0.071467 seconds (510.19 k allocations: 134.638 MiB, 13.05% gc time)


  0.068939 seconds (510.19 k allocations: 134.638 MiB, 10.44% gc time)


  0.068877 seconds (510.21 k allocations: 134.639 MiB, 10.40% gc time)


  0.068636 seconds (510.19 k allocations: 134.638 MiB, 10.20% gc time)


  0.071249 seconds (510.21 k allocations: 134.639 MiB, 13.02% gc time)


  0.070968 seconds (510.21 k allocations: 134.639 MiB, 12.92% gc time)


  0.070566 seconds (510.19 k allocations: 134.638 MiB, 12.80% gc time)


  0.253774 seconds (510.20 k allocations: 134.639 MiB, 74.98% gc time)


Numero de qubits: 42 
Threads (LinearAlgebra) :15
Threads (Julia) :1


  0.070367 seconds (523.69 k allocations: 138.556 MiB)


  0.107995 seconds (523.68 k allocations: 138.556 MiB, 35.71% gc time)


  0.094558 seconds (523.68 k allocations: 138.555 MiB, 20.04% gc time)


  0.085641 seconds (523.67 k allocations: 138.555 MiB, 16.91% gc time)


  0.081442 seconds (523.67 k allocations: 138.555 MiB, 17.68% gc time)


  0.069901 seconds (523.68 k allocations: 138.555 MiB, 9.78% gc time)


  0.066782 seconds (523.68 k allocations: 138.556 MiB, 7.06% gc time)


  0.076473 seconds (523.66 k allocations: 138.555 MiB, 7.91% gc time)


  0.067001 seconds (523.68 k allocations: 138.555 MiB, 7.49% gc time)


  0.066164 seconds (523.67 k allocations: 138.555 MiB, 7.56% gc time)


  0.066079 seconds (523.68 k allocations: 138.556 MiB, 7.57% gc time)


  0.066645 seconds (523.67 k allocations: 138.555 MiB, 7.76% gc time)


  0.068182 seconds (523.68 k allocations: 138.555 MiB, 9.61% gc time)


  0.066239 seconds (523.69 k allocations: 138.556 MiB, 7.58% gc time)


  0.065980 seconds (523.68 k allocations: 138.556 MiB, 7.55% gc time)


  0.065880 seconds (523.66 k allocations: 138.553 MiB, 7.60% gc time)


  0.065896 seconds (523.67 k allocations: 138.554 MiB, 7.64% gc time)


  0.066137 seconds (523.68 k allocations: 138.555 MiB, 7.67% gc time)


  0.066232 seconds (523.66 k allocations: 138.555 MiB, 7.73% gc time)


  0.066047 seconds (523.68 k allocations: 138.555 MiB, 7.67% gc time)


  0.067419 seconds (523.68 k allocations: 138.555 MiB, 9.53% gc time)


Numero de qubits: 43 
Threads (LinearAlgebra) :15
Threads (Julia) :1


  0.085746 seconds (539.28 k allocations: 142.269 MiB, 15.32% gc time)


  0.073732 seconds (539.28 k allocations: 142.269 MiB, 10.44% gc time)


  0.070320 seconds (539.30 k allocations: 142.270 MiB, 8.70% gc time)


  0.070690 seconds (539.28 k allocations: 142.269 MiB, 9.93% gc time)


  0.069914 seconds (539.29 k allocations: 142.270 MiB, 9.82% gc time)


  0.070116 seconds (539.29 k allocations: 142.270 MiB, 9.53% gc time)


  0.069963 seconds (539.28 k allocations: 142.269 MiB, 9.63% gc time)


  0.070021 seconds (539.29 k allocations: 142.270 MiB, 9.51% gc time)


  0.070419 seconds (539.30 k allocations: 142.270 MiB, 9.74% gc time)


  0.070074 seconds (539.28 k allocations: 142.270 MiB, 9.58% gc time)


  0.069916 seconds (539.30 k allocations: 142.271 MiB, 9.47% gc time)


  0.070339 seconds (539.30 k allocations: 142.270 MiB, 9.57% gc time)


  0.070105 seconds (539.29 k allocations: 142.270 MiB, 9.51% gc time)


  0.070178 seconds (539.28 k allocations: 142.269 MiB, 9.52% gc time)


  0.070728 seconds (539.28 k allocations: 142.269 MiB, 9.65% gc time)


  0.070463 seconds (539.28 k allocations: 142.270 MiB, 9.60% gc time)


  0.070545 seconds (539.28 k allocations: 142.269 MiB, 9.62% gc time)


  0.070564 seconds (539.28 k allocations: 142.269 MiB, 9.64% gc time)


  0.072132 seconds (539.28 k allocations: 142.269 MiB, 11.45% gc time)


  0.070481 seconds (539.30 k allocations: 142.270 MiB, 9.71% gc time)


  0.070563 seconds (539.29 k allocations: 142.269 MiB, 9.66% gc time)


Numero de qubits: 44 
Threads (LinearAlgebra) :15
Threads (Julia) :1


  0.088294 seconds (552.85 k allocations: 146.075 MiB, 17.73% gc time)


  0.080966 seconds (552.86 k allocations: 146.075 MiB, 14.82% gc time)


  0.074137 seconds (552.87 k allocations: 146.076 MiB, 9.75% gc time)


  0.072359 seconds (552.87 k allocations: 146.075 MiB, 8.33% gc time)


  0.071541 seconds (552.86 k allocations: 146.075 MiB, 7.94% gc time)


  0.072975 seconds (552.86 k allocations: 146.075 MiB, 9.91% gc time)


  0.072972 seconds (552.86 k allocations: 146.075 MiB, 10.10% gc time)


  0.073110 seconds (552.85 k allocations: 146.074 MiB, 9.95% gc time)


  0.073233 seconds (552.86 k allocations: 146.075 MiB, 10.01% gc time)


  0.073146 seconds (552.85 k allocations: 146.074 MiB, 9.86% gc time)


  0.076231 seconds (552.86 k allocations: 146.075 MiB, 9.59% gc time)


  0.074584 seconds (552.87 k allocations: 146.075 MiB, 7.75% gc time)


  0.073601 seconds (552.85 k allocations: 146.075 MiB, 9.89% gc time)


  0.073163 seconds (552.85 k allocations: 146.074 MiB, 9.81% gc time)


  0.073552 seconds (552.86 k allocations: 146.075 MiB, 9.97% gc time)


  0.073368 seconds (552.86 k allocations: 146.074 MiB, 9.95% gc time)


  0.073347 seconds (552.84 k allocations: 146.074 MiB, 9.70% gc time)


  0.073385 seconds (552.87 k allocations: 146.075 MiB, 10.10% gc time)


  0.073266 seconds (552.84 k allocations: 146.074 MiB, 10.04% gc time)


  0.073218 seconds (552.82 k allocations: 146.072 MiB, 9.95% gc time)


  0.073384 seconds (552.84 k allocations: 146.074 MiB, 10.01% gc time)


Numero de qubits: 45 
Threads (LinearAlgebra) :15
Threads (Julia) :1


  0.081497 seconds (568.66 k allocations: 149.824 MiB, 7.63% gc time)


  0.102539 seconds (568.67 k allocations: 149.825 MiB, 27.52% gc time)


  0.076849 seconds (568.66 k allocations: 149.824 MiB, 10.11% gc time)


  0.077053 seconds (568.66 k allocations: 149.824 MiB, 11.17% gc time)


  0.076533 seconds (568.65 k allocations: 149.823 MiB, 10.69% gc time)


  0.076367 seconds (568.66 k allocations: 149.823 MiB, 10.69% gc time)


  0.076333 seconds (568.65 k allocations: 149.823 MiB, 10.51% gc time)


  0.075883 seconds (568.66 k allocations: 149.824 MiB, 10.36% gc time)


  0.076091 seconds (568.66 k allocations: 149.824 MiB, 10.53% gc time)


  0.076094 seconds (568.65 k allocations: 149.823 MiB, 10.61% gc time)


  0.076046 seconds (568.65 k allocations: 149.822 MiB, 10.57% gc time)


  0.076413 seconds (568.65 k allocations: 149.823 MiB, 10.73% gc time)


  0.076256 seconds (568.65 k allocations: 149.823 MiB, 10.60% gc time)


  0.075752 seconds (568.67 k allocations: 149.824 MiB, 10.22% gc time)


  0.075782 seconds (568.65 k allocations: 149.824 MiB, 10.44% gc time)


  0.075790 seconds (568.66 k allocations: 149.824 MiB, 10.54% gc time)


  0.075866 seconds (568.67 k allocations: 149.824 MiB, 10.54% gc time)


  0.076272 seconds (568.67 k allocations: 149.824 MiB, 10.58% gc time)


  0.075860 seconds (568.67 k allocations: 149.824 MiB, 10.42% gc time)


  0.076050 seconds (568.67 k allocations: 149.824 MiB, 10.60% gc time)


  0.076018 seconds (568.67 k allocations: 149.824 MiB, 10.51% gc time)


Numero de qubits: 46 
Threads (LinearAlgebra) :15
Threads (Julia) :1


  0.091319 seconds (582.49 k allocations: 153.806 MiB, 16.23% gc time)


  0.078468 seconds (582.49 k allocations: 153.807 MiB, 9.35% gc time)


  0.079690 seconds (582.48 k allocations: 153.806 MiB, 11.58% gc time)


  0.079118 seconds (582.46 k allocations: 153.805 MiB, 10.75% gc time)


  0.078743 seconds (582.48 k allocations: 153.806 MiB, 10.67% gc time)


  0.078943 seconds (582.49 k allocations: 153.807 MiB, 10.77% gc time)


  0.078799 seconds (582.48 k allocations: 153.805 MiB, 10.51% gc time)


  0.078529 seconds (582.47 k allocations: 153.805 MiB, 10.49% gc time)


  0.078446 seconds (582.49 k allocations: 153.806 MiB, 10.53% gc time)


  0.078311 seconds (582.49 k allocations: 153.806 MiB, 10.61% gc time)


  0.080143 seconds (582.49 k allocations: 153.806 MiB, 10.40% gc time)


  0.078828 seconds (582.48 k allocations: 153.806 MiB, 10.76% gc time)


  0.078070 seconds (582.49 k allocations: 153.806 MiB, 10.55% gc time)


  0.078114 seconds (582.48 k allocations: 153.806 MiB, 10.49% gc time)


  0.078473 seconds (582.49 k allocations: 153.806 MiB, 10.56% gc time)


  0.078368 seconds (582.48 k allocations: 153.806 MiB, 10.54% gc time)


  0.080361 seconds (582.47 k allocations: 153.806 MiB, 12.61% gc time)


  0.078193 seconds (582.47 k allocations: 153.805 MiB, 10.76% gc time)


  0.078097 seconds (582.50 k allocations: 153.807 MiB, 10.53% gc time)


  0.079437 seconds (582.50 k allocations: 153.807 MiB, 12.46% gc time)


  0.077858 seconds (582.48 k allocations: 153.806 MiB, 10.61% gc time)


Numero de qubits: 47 
Threads (LinearAlgebra) :15
Threads (Julia) :1


  0.087332 seconds (598.48 k allocations: 157.590 MiB, 10.32% gc time)


  0.119412 seconds (598.46 k allocations: 157.588 MiB, 33.74% gc time)


  0.078434 seconds (598.47 k allocations: 157.589 MiB, 8.04% gc time)


  0.083132 seconds (598.48 k allocations: 157.590 MiB, 12.54% gc time)


  0.081637 seconds (598.48 k allocations: 157.590 MiB, 11.41% gc time)


  0.081674 seconds (598.47 k allocations: 157.589 MiB, 11.32% gc time)


  0.081395 seconds (598.47 k allocations: 157.589 MiB, 11.23% gc time)


  0.081286 seconds (598.47 k allocations: 157.589 MiB, 11.26% gc time)


  0.081301 seconds (598.45 k allocations: 157.588 MiB, 11.20% gc time)


  0.081318 seconds (598.48 k allocations: 157.590 MiB, 11.16% gc time)


  0.081326 seconds (598.45 k allocations: 157.588 MiB, 11.32% gc time)


  0.081312 seconds (598.48 k allocations: 157.589 MiB, 11.23% gc time)


  0.081027 seconds (598.48 k allocations: 157.590 MiB, 11.00% gc time)


  0.081068 seconds (598.46 k allocations: 157.588 MiB, 11.04% gc time)


  0.081152 seconds (598.46 k allocations: 157.588 MiB, 11.16% gc time)


  0.081639 seconds (598.47 k allocations: 157.589 MiB, 11.24% gc time)


  0.081435 seconds (598.45 k allocations: 157.585 MiB, 11.20% gc time)


  0.081273 seconds (598.45 k allocations: 157.588 MiB, 11.12% gc time)


  0.081423 seconds (598.47 k allocations: 157.589 MiB, 11.19% gc time)


  0.081246 seconds (598.46 k allocations: 157.588 MiB, 11.04% gc time)


  0.081112 seconds (598.46 k allocations: 157.588 MiB, 11.03% gc time)


Numero de qubits: 48 
Threads (LinearAlgebra) :15
Threads (Julia) :1


  0.093163 seconds (612.39 k allocations: 161.473 MiB, 13.81% gc time)


  0.088335 seconds (612.39 k allocations: 161.473 MiB, 13.93% gc time)


  0.081858 seconds (612.37 k allocations: 161.472 MiB, 8.69% gc time)


  0.085284 seconds (612.38 k allocations: 161.472 MiB, 12.34% gc time)


  0.084140 seconds (612.38 k allocations: 161.472 MiB, 11.42% gc time)


  0.083803 seconds (612.38 k allocations: 161.472 MiB, 11.38% gc time)


  0.083608 seconds (612.37 k allocations: 161.471 MiB, 11.30% gc time)


  0.083097 seconds (612.38 k allocations: 161.472 MiB, 11.04% gc time)


  0.083346 seconds (612.39 k allocations: 161.473 MiB, 11.20% gc time)


  0.083412 seconds (612.37 k allocations: 161.471 MiB, 11.09% gc time)


  0.083350 seconds (612.37 k allocations: 161.472 MiB, 11.13% gc time)


  0.083011 seconds (612.37 k allocations: 161.472 MiB, 10.77% gc time)


  0.083373 seconds (612.40 k allocations: 161.474 MiB, 11.15% gc time)


  0.083083 seconds (612.38 k allocations: 161.472 MiB, 10.82% gc time)


  0.083416 seconds (612.38 k allocations: 161.472 MiB, 11.20% gc time)


  0.083251 seconds (612.38 k allocations: 161.472 MiB, 11.17% gc time)


  0.082925 seconds (612.40 k allocations: 161.473 MiB, 10.98% gc time)


  0.083324 seconds (612.38 k allocations: 161.472 MiB, 11.14% gc time)


  0.085565 seconds (612.36 k allocations: 161.471 MiB, 13.28% gc time)


  0.083496 seconds (612.38 k allocations: 161.472 MiB, 11.30% gc time)


  0.087029 seconds (612.35 k allocations: 161.470 MiB, 12.92% gc time)


Numero de qubits: 49 
Threads (LinearAlgebra) :15
Threads (Julia) :1


  0.100841 seconds (628.55 k allocations: 165.290 MiB, 18.07% gc time)


  0.088547 seconds (628.55 k allocations: 165.290 MiB, 11.82% gc time)


  0.086886 seconds (628.56 k allocations: 165.290 MiB, 12.15% gc time)


  0.086042 seconds (628.55 k allocations: 165.290 MiB, 11.26% gc time)


  0.085486 seconds (628.56 k allocations: 165.291 MiB, 11.05% gc time)


  0.085598 seconds (628.54 k allocations: 165.289 MiB, 11.13% gc time)


  0.085555 seconds (628.54 k allocations: 165.288 MiB, 11.14% gc time)


  0.085769 seconds (628.56 k allocations: 165.291 MiB, 11.17% gc time)


  0.085554 seconds (628.55 k allocations: 165.289 MiB, 11.10% gc time)


  0.085350 seconds (628.55 k allocations: 165.290 MiB, 11.06% gc time)


  0.085142 seconds (628.54 k allocations: 165.289 MiB, 10.94% gc time)


  0.085234 seconds (628.55 k allocations: 165.290 MiB, 10.97% gc time)


  0.087383 seconds (628.57 k allocations: 165.290 MiB, 13.14% gc time)


  0.085566 seconds (628.55 k allocations: 165.290 MiB, 11.18% gc time)


  0.087882 seconds (628.54 k allocations: 165.289 MiB, 13.23% gc time)


  0.086009 seconds (628.58 k allocations: 165.292 MiB, 11.42% gc time)


  0.085887 seconds (628.54 k allocations: 165.289 MiB, 11.33% gc time)


  0.085539 seconds (628.56 k allocations: 165.291 MiB, 11.24% gc time)


  0.085443 seconds (628.55 k allocations: 165.290 MiB, 11.29% gc time)


  0.085606 seconds (628.55 k allocations: 165.289 MiB, 11.22% gc time)


  0.086100 seconds (628.54 k allocations: 165.289 MiB, 11.23% gc time)


Numero de qubits: 50 
Threads (LinearAlgebra) :15
Threads (Julia) :1


  0.098232 seconds (642.75 k allocations: 169.340 MiB, 13.74% gc time)


  0.093098 seconds (642.71 k allocations: 169.337 MiB, 13.27% gc time)


  0.084958 seconds (642.73 k allocations: 169.338 MiB, 8.21% gc time)


  0.087165 seconds (642.71 k allocations: 169.337 MiB, 9.62% gc time)


  0.277641 seconds (642.74 k allocations: 169.339 MiB, 70.77% gc time)


  0.100272 seconds (642.74 k allocations: 169.339 MiB, 9.96% gc time)


  0.108988 seconds (642.73 k allocations: 169.338 MiB, 16.18% gc time)


  0.093675 seconds (642.74 k allocations: 169.339 MiB, 8.44% gc time)


  0.091432 seconds (642.72 k allocations: 169.338 MiB, 12.70% gc time)


  0.084775 seconds (642.73 k allocations: 169.338 MiB, 8.78% gc time)


  0.083670 seconds (642.72 k allocations: 169.338 MiB, 9.44% gc time)


  0.082387 seconds (642.75 k allocations: 169.339 MiB, 8.62% gc time)


  0.083847 seconds (642.71 k allocations: 169.336 MiB, 10.18% gc time)


  0.082361 seconds (642.74 k allocations: 169.339 MiB, 8.56% gc time)


  0.083815 seconds (642.73 k allocations: 169.338 MiB, 10.00% gc time)


  0.082590 seconds (642.72 k allocations: 169.338 MiB, 8.55% gc time)


  0.084373 seconds (642.75 k allocations: 169.340 MiB, 10.21% gc time)


  0.082819 seconds (642.72 k allocations: 169.338 MiB, 8.74% gc time)


  0.084399 seconds (642.71 k allocations: 169.337 MiB, 10.30% gc time)


  0.083192 seconds (642.74 k allocations: 169.339 MiB, 8.83% gc time)


  0.084976 seconds (642.71 k allocations: 169.338 MiB, 10.50% gc time)


Numero de qubits: 51 
Threads (LinearAlgebra) :15
Threads (Julia) :1


  0.095863 seconds (659.09 k allocations: 173.190 MiB, 12.34% gc time)


  0.086626 seconds (659.11 k allocations: 173.191 MiB, 9.06% gc time)


  0.084863 seconds (659.10 k allocations: 173.191 MiB, 7.68% gc time)


  0.086096 seconds (659.09 k allocations: 173.189 MiB, 9.05% gc time)


  0.086747 seconds (659.10 k allocations: 173.191 MiB, 10.42% gc time)


  0.085872 seconds (659.10 k allocations: 173.191 MiB, 9.09% gc time)


  0.085820 seconds (659.07 k allocations: 173.188 MiB, 9.05% gc time)


  0.085993 seconds (659.09 k allocations: 173.190 MiB, 9.12% gc time)


  0.086062 seconds (659.10 k allocations: 173.191 MiB, 9.15% gc time)


  0.086083 seconds (659.09 k allocations: 173.190 MiB, 9.14% gc time)


  0.088135 seconds (659.08 k allocations: 173.190 MiB, 10.96% gc time)


  0.086355 seconds (659.09 k allocations: 173.190 MiB, 9.36% gc time)


  0.087975 seconds (659.08 k allocations: 173.189 MiB, 10.89% gc time)


  0.086749 seconds (659.09 k allocations: 173.190 MiB, 9.40% gc time)


  0.088468 seconds (659.10 k allocations: 173.191 MiB, 11.06% gc time)


  0.086725 seconds (659.09 k allocations: 173.190 MiB, 9.57% gc time)


  0.086884 seconds (659.10 k allocations: 173.191 MiB, 9.66% gc time)


  0.086851 seconds (659.09 k allocations: 173.190 MiB, 9.53% gc time)


  0.087548 seconds (659.08 k allocations: 173.189 MiB, 11.10% gc time)


  0.086923 seconds (659.08 k allocations: 173.190 MiB, 9.73% gc time)


  0.087016 seconds (659.09 k allocations: 173.190 MiB, 9.86% gc time)


Numero de qubits: 52 
Threads (LinearAlgebra) :15
Threads (Julia) :1


  0.099014 seconds (673.34 k allocations: 177.105 MiB, 12.61% gc time)


  0.090301 seconds (673.34 k allocations: 177.105 MiB, 9.73% gc time)


  0.088149 seconds (673.34 k allocations: 177.105 MiB, 8.44% gc time)


  0.089156 seconds (673.36 k allocations: 177.106 MiB, 9.93% gc time)


  0.089387 seconds (673.35 k allocations: 177.105 MiB, 9.98% gc time)


  0.089158 seconds (673.37 k allocations: 177.107 MiB, 9.95% gc time)


  0.089182 seconds (673.35 k allocations: 177.106 MiB, 9.83% gc time)


  0.089326 seconds (673.35 k allocations: 177.106 MiB, 9.94% gc time)


  0.089092 seconds (673.35 k allocations: 177.106 MiB, 9.95% gc time)


  0.089403 seconds (673.33 k allocations: 177.104 MiB, 10.04% gc time)


  0.099631 seconds (673.36 k allocations: 177.106 MiB, 10.18% gc time)


  0.090837 seconds (673.34 k allocations: 177.105 MiB, 9.92% gc time)


  0.090994 seconds (673.35 k allocations: 177.106 MiB, 11.57% gc time)


  0.089590 seconds (673.35 k allocations: 177.106 MiB, 10.03% gc time)


  0.089327 seconds (673.36 k allocations: 177.106 MiB, 9.93% gc time)


  0.091211 seconds (673.35 k allocations: 177.106 MiB, 11.74% gc time)


  0.089613 seconds (673.34 k allocations: 177.105 MiB, 10.18% gc time)


  0.089891 seconds (673.35 k allocations: 177.106 MiB, 10.20% gc time)


  0.089717 seconds (673.35 k allocations: 177.106 MiB, 10.17% gc time)


  0.089955 seconds (673.35 k allocations: 177.106 MiB, 10.33% gc time)


  0.089755 seconds (673.35 k allocations: 177.106 MiB, 10.24% gc time)


Numero de qubits: 53 
Threads (LinearAlgebra) :15
Threads (Julia) :1


  0.104115 seconds (689.89 k allocations: 180.991 MiB, 12.15% gc time)


  0.093783 seconds (689.89 k allocations: 180.991 MiB, 10.29% gc time)


  0.093306 seconds (689.90 k allocations: 180.991 MiB, 11.05% gc time)


  0.092705 seconds (689.89 k allocations: 180.991 MiB, 10.54% gc time)


  0.094496 seconds (689.91 k allocations: 180.992 MiB, 12.24% gc time)


  0.092494 seconds (689.89 k allocations: 180.991 MiB, 10.52% gc time)


  0.092581 seconds (689.91 k allocations: 180.992 MiB, 10.64% gc time)


  0.092320 seconds (689.88 k allocations: 180.991 MiB, 10.42% gc time)


  0.092300 seconds (689.90 k allocations: 180.992 MiB, 10.50% gc time)


  0.092435 seconds (689.89 k allocations: 180.991 MiB, 10.65% gc time)


  0.092360 seconds (689.89 k allocations: 180.991 MiB, 10.31% gc time)


  0.092377 seconds (689.89 k allocations: 180.991 MiB, 10.64% gc time)


  0.094780 seconds (689.90 k allocations: 180.991 MiB, 12.30% gc time)


  0.092563 seconds (689.89 k allocations: 180.991 MiB, 10.65% gc time)


  0.092830 seconds (689.90 k allocations: 180.991 MiB, 10.75% gc time)


  0.094970 seconds (689.89 k allocations: 180.991 MiB, 12.50% gc time)


  0.092911 seconds (689.90 k allocations: 180.991 MiB, 10.87% gc time)


  0.092867 seconds (689.91 k allocations: 180.992 MiB, 10.91% gc time)


  0.093060 seconds (689.89 k allocations: 180.991 MiB, 10.89% gc time)


  0.092750 seconds (689.90 k allocations: 180.991 MiB, 10.75% gc time)


  0.093109 seconds (689.91 k allocations: 180.993 MiB, 10.96% gc time)


Numero de qubits: 54 
Threads (LinearAlgebra) :15
Threads (Julia) :1


  0.103776 seconds (704.42 k allocations: 185.142 MiB, 12.52% gc time)


  0.096928 seconds (704.41 k allocations: 185.142 MiB, 10.94% gc time)


  0.096806 seconds (704.42 k allocations: 185.142 MiB, 11.79% gc time)


  0.095933 seconds (704.41 k allocations: 185.142 MiB, 11.15% gc time)


  0.095975 seconds (704.41 k allocations: 185.142 MiB, 11.18% gc time)


  0.096047 seconds (704.42 k allocations: 185.142 MiB, 11.03% gc time)


  0.095871 seconds (704.42 k allocations: 185.143 MiB, 11.03% gc time)


  0.095832 seconds (704.43 k allocations: 185.142 MiB, 11.07% gc time)


  0.095620 seconds (704.42 k allocations: 185.142 MiB, 10.75% gc time)


  0.095847 seconds (704.40 k allocations: 185.142 MiB, 11.24% gc time)


  0.095461 seconds (704.42 k allocations: 185.143 MiB, 10.96% gc time)


  0.095701 seconds (704.40 k allocations: 185.142 MiB, 10.95% gc time)


  0.095665 seconds (704.41 k allocations: 185.142 MiB, 11.03% gc time)


  0.095606 seconds (704.42 k allocations: 185.142 MiB, 11.05% gc time)


  0.095969 seconds (704.42 k allocations: 185.142 MiB, 11.22% gc time)


  0.103271 seconds (704.42 k allocations: 185.143 MiB, 13.67% gc time)


  0.095430 seconds (704.43 k allocations: 185.143 MiB, 10.94% gc time)


  0.095552 seconds (704.42 k allocations: 185.143 MiB, 11.13% gc time)


  0.095294 seconds (704.42 k allocations: 185.143 MiB, 10.85% gc time)


  0.095704 seconds (704.41 k allocations: 185.142 MiB, 11.08% gc time)


  0.095287 seconds (704.42 k allocations: 185.143 MiB, 10.94% gc time)


Numero de qubits: 55 
Threads (LinearAlgebra) :15
Threads (Julia) :1


  0.117844 seconds (721.15 k allocations: 189.063 MiB, 17.99% gc time)


  0.094686 seconds (721.14 k allocations: 189.062 MiB, 7.71% gc time)


  0.100137 seconds (721.12 k allocations: 189.061 MiB, 12.50% gc time)


  0.098037 seconds (721.15 k allocations: 189.062 MiB, 11.41% gc time)


  0.098143 seconds (721.15 k allocations: 189.063 MiB, 11.40% gc time)


  0.097808 seconds (721.16 k allocations: 189.063 MiB, 11.34% gc time)


  0.097915 seconds (721.14 k allocations: 189.062 MiB, 11.45% gc time)


  0.098057 seconds (721.15 k allocations: 189.062 MiB, 11.31% gc time)


  0.098278 seconds (721.14 k allocations: 189.062 MiB, 11.31% gc time)


  0.098197 seconds (721.14 k allocations: 189.062 MiB, 11.32% gc time)


  0.098277 seconds (721.14 k allocations: 189.062 MiB, 11.39% gc time)


  0.097974 seconds (721.15 k allocations: 189.062 MiB, 11.28% gc time)


  0.097783 seconds (721.13 k allocations: 189.062 MiB, 11.20% gc time)


  0.097959 seconds (721.14 k allocations: 189.062 MiB, 11.29% gc time)


  0.098084 seconds (721.14 k allocations: 189.062 MiB, 11.25% gc time)


  0.097591 seconds (721.16 k allocations: 189.063 MiB, 11.11% gc time)


  0.097875 seconds (721.16 k allocations: 189.063 MiB, 11.34% gc time)


  0.097794 seconds (721.15 k allocations: 189.062 MiB, 11.15% gc time)


  0.098204 seconds (721.14 k allocations: 189.062 MiB, 11.30% gc time)


  0.098001 seconds (721.16 k allocations: 189.063 MiB, 11.31% gc time)


  0.098121 seconds (721.13 k allocations: 189.061 MiB, 11.32% gc time)


Numero de qubits: 56 
Threads (LinearAlgebra) :15
Threads (Julia) :1


  0.108126 seconds (735.77 k allocations: 193.045 MiB, 12.35% gc time)


  0.101185 seconds (735.75 k allocations: 193.044 MiB, 11.22% gc time)


  0.101587 seconds (735.75 k allocations: 193.044 MiB, 12.32% gc time)


  0.100698 seconds (735.74 k allocations: 193.043 MiB, 11.64% gc time)


  0.100768 seconds (735.77 k allocations: 193.045 MiB, 11.57% gc time)


  0.100646 seconds (735.74 k allocations: 193.043 MiB, 11.55% gc time)


  0.100611 seconds (735.78 k allocations: 193.046 MiB, 11.49% gc time)


  0.100914 seconds (735.74 k allocations: 193.043 MiB, 11.50% gc time)


  0.103298 seconds (735.75 k allocations: 193.043 MiB, 11.45% gc time)


  0.100635 seconds (735.73 k allocations: 193.043 MiB, 11.61% gc time)


  0.100751 seconds (735.76 k allocations: 193.045 MiB, 11.66% gc time)


  0.100565 seconds (735.78 k allocations: 193.045 MiB, 11.30% gc time)


  0.100827 seconds (735.75 k allocations: 193.044 MiB, 11.54% gc time)


  0.283238 seconds (735.75 k allocations: 193.044 MiB, 66.15% gc time)


  0.137265 seconds (735.75 k allocations: 193.043 MiB, 26.40% gc time)


  0.140711 seconds (735.75 k allocations: 193.043 MiB, 28.58% gc time)


  0.098715 seconds (735.75 k allocations: 193.044 MiB, 5.79% gc time)


  0.095799 seconds (735.77 k allocations: 193.045 MiB, 7.47% gc time)


  0.093911 seconds (735.75 k allocations: 193.043 MiB, 7.89% gc time)


  0.093334 seconds (735.74 k allocations: 193.042 MiB, 8.71% gc time)


  0.094223 seconds (735.76 k allocations: 193.044 MiB, 8.74% gc time)


Numero de qubits: 57 
Threads (LinearAlgebra) :15
Threads (Julia) :1


  0.107465 seconds (752.68 k allocations: 196.998 MiB, 11.02% gc time)


  0.099603 seconds (752.65 k allocations: 196.997 MiB, 10.00% gc time)


  0.097835 seconds (752.68 k allocations: 196.998 MiB, 9.66% gc time)


  0.097200 seconds (752.67 k allocations: 196.998 MiB, 9.27% gc time)


  0.097395 seconds (752.66 k allocations: 196.998 MiB, 9.37% gc time)


  0.097403 seconds (752.66 k allocations: 196.997 MiB, 9.35% gc time)


  0.096982 seconds (752.66 k allocations: 196.997 MiB, 9.26% gc time)


  0.097776 seconds (752.69 k allocations: 196.999 MiB, 9.28% gc time)


  0.097929 seconds (752.66 k allocations: 196.997 MiB, 9.61% gc time)


  0.098235 seconds (752.68 k allocations: 196.999 MiB, 9.71% gc time)


  0.098449 seconds (752.67 k allocations: 196.998 MiB, 9.74% gc time)


  0.098741 seconds (752.67 k allocations: 196.998 MiB, 9.83% gc time)


  0.097546 seconds (752.69 k allocations: 196.999 MiB, 8.71% gc time)


  0.097468 seconds (752.68 k allocations: 196.999 MiB, 8.62% gc time)


  0.097227 seconds (752.68 k allocations: 196.999 MiB, 8.54% gc time)


  0.097699 seconds (752.68 k allocations: 196.999 MiB, 8.70% gc time)


  0.097893 seconds (752.66 k allocations: 196.997 MiB, 8.84% gc time)


  0.099610 seconds (752.67 k allocations: 196.998 MiB, 10.33% gc time)


  0.099662 seconds (752.65 k allocations: 196.997 MiB, 10.32% gc time)


  0.099303 seconds (752.67 k allocations: 196.998 MiB, 10.18% gc time)


  0.099571 seconds (752.68 k allocations: 196.999 MiB, 10.31% gc time)


Numero de qubits: 58 
Threads (LinearAlgebra) :15
Threads (Julia) :1


  0.110379 seconds (767.56 k allocations: 201.179 MiB, 11.19% gc time)


  0.102053 seconds (767.53 k allocations: 201.177 MiB, 9.05% gc time)


  0.101435 seconds (767.56 k allocations: 201.179 MiB, 9.33% gc time)


  0.102812 seconds (767.55 k allocations: 201.177 MiB, 10.90% gc time)


  0.101048 seconds (767.54 k allocations: 201.177 MiB, 9.30% gc time)


  0.100698 seconds (767.55 k allocations: 201.177 MiB, 9.17% gc time)


  0.101087 seconds (767.55 k allocations: 201.178 MiB, 9.38% gc time)


  0.103049 seconds (767.55 k allocations: 201.178 MiB, 10.92% gc time)


  0.102640 seconds (767.56 k allocations: 201.178 MiB, 10.84% gc time)


  0.101210 seconds (767.54 k allocations: 201.177 MiB, 9.47% gc time)


  0.101568 seconds (767.52 k allocations: 201.176 MiB, 9.48% gc time)


  0.101335 seconds (767.55 k allocations: 201.178 MiB, 9.52% gc time)


  0.103042 seconds (767.54 k allocations: 201.177 MiB, 10.92% gc time)


  0.103609 seconds (767.54 k allocations: 201.177 MiB, 11.15% gc time)


  0.103412 seconds (767.55 k allocations: 201.178 MiB, 11.19% gc time)


  0.101812 seconds (767.54 k allocations: 201.177 MiB, 9.72% gc time)


  0.101637 seconds (767.54 k allocations: 201.178 MiB, 9.65% gc time)


  0.101738 seconds (767.55 k allocations: 201.178 MiB, 9.70% gc time)


  0.103962 seconds (767.53 k allocations: 201.176 MiB, 11.37% gc time)


  0.103828 seconds (767.53 k allocations: 201.176 MiB, 11.34% gc time)


  0.102169 seconds (767.54 k allocations: 201.177 MiB, 9.97% gc time)


Numero de qubits: 59 
Threads (LinearAlgebra) :15
Threads (Julia) :1


  0.113407 seconds (784.66 k allocations: 205.167 MiB, 11.64% gc time)


  0.105195 seconds (784.67 k allocations: 205.167 MiB, 9.78% gc time)


  0.105468 seconds (784.64 k allocations: 205.165 MiB, 10.55% gc time)


  0.105031 seconds (784.64 k allocations: 205.165 MiB, 10.31% gc time)


  0.106699 seconds (784.63 k allocations: 205.165 MiB, 11.79% gc time)


  0.105010 seconds (784.63 k allocations: 205.164 MiB, 10.37% gc time)


  0.106821 seconds (784.64 k allocations: 205.165 MiB, 11.81% gc time)


  0.105000 seconds (784.65 k allocations: 205.166 MiB, 10.36% gc time)


  0.107163 seconds (784.64 k allocations: 205.165 MiB, 12.03% gc time)


  0.105189 seconds (784.65 k allocations: 205.166 MiB, 10.34% gc time)


  0.105103 seconds (784.63 k allocations: 205.165 MiB, 10.33% gc time)


  0.107456 seconds (784.65 k allocations: 205.166 MiB, 12.07% gc time)


  0.105411 seconds (784.65 k allocations: 205.166 MiB, 10.44% gc time)


  0.105465 seconds (784.64 k allocations: 205.165 MiB, 10.37% gc time)


  0.107635 seconds (784.63 k allocations: 205.164 MiB, 12.12% gc time)


  0.109330 seconds (784.66 k allocations: 205.166 MiB, 12.00% gc time)


  0.105556 seconds (784.63 k allocations: 205.164 MiB, 10.45% gc time)


  0.107779 seconds (784.65 k allocations: 205.165 MiB, 12.21% gc time)


  0.105395 seconds (784.65 k allocations: 205.165 MiB, 10.46% gc time)


  0.105307 seconds (784.65 k allocations: 205.166 MiB, 10.55% gc time)


  0.107756 seconds (784.64 k allocations: 205.165 MiB, 12.36% gc time)


Numero de qubits: 60 
Threads (LinearAlgebra) :15
Threads (Julia) :1


  0.119768 seconds (799.61 k allocations: 209.255 MiB, 13.28% gc time)


  0.108899 seconds (799.63 k allocations: 209.256 MiB, 10.50% gc time)


  0.108473 seconds (799.59 k allocations: 209.253 MiB, 11.28% gc time)


  0.108151 seconds (799.61 k allocations: 209.254 MiB, 10.91% gc time)


  0.108302 seconds (799.61 k allocations: 209.255 MiB, 11.00% gc time)


  0.110449 seconds (799.62 k allocations: 209.255 MiB, 12.56% gc time)


  0.108412 seconds (799.58 k allocations: 209.252 MiB, 10.92% gc time)


  0.108185 seconds (799.60 k allocations: 209.254 MiB, 10.54% gc time)


  0.110239 seconds (799.61 k allocations: 209.254 MiB, 12.40% gc time)


  0.108491 seconds (799.60 k allocations: 209.254 MiB, 11.01% gc time)


  0.110732 seconds (799.61 k allocations: 209.254 MiB, 12.57% gc time)


  0.107966 seconds (799.60 k allocations: 209.254 MiB, 10.88% gc time)


  0.108144 seconds (799.60 k allocations: 209.254 MiB, 10.98% gc time)


  0.110545 seconds (799.60 k allocations: 209.254 MiB, 12.58% gc time)


  0.110320 seconds (799.58 k allocations: 209.253 MiB, 12.55% gc time)


  0.108119 seconds (799.63 k allocations: 209.255 MiB, 10.93% gc time)


  0.108009 seconds (799.61 k allocations: 209.254 MiB, 10.51% gc time)


  0.110725 seconds (799.60 k allocations: 209.254 MiB, 12.64% gc time)


  0.108654 seconds (799.62 k allocations: 209.255 MiB, 11.06% gc time)


  0.108650 seconds (799.60 k allocations: 209.254 MiB, 11.14% gc time)


  0.110788 seconds (799.62 k allocations: 209.255 MiB, 12.77% gc time)


