Numero de qubits: 20 
Threads (LinearAlgebra) :10
Threads (Julia) :1


 41.863783 seconds (90.38 M allocations: 22.548 GiB, 9.58% gc time, 51.18% compilation time)


 20.034419 seconds (720.67 k allocations: 18.107 GiB, 14.76% gc time)


 20.475525 seconds (1.62 M allocations: 18.153 GiB, 14.42% gc time, 1.57% compilation time)


 20.216771 seconds (720.67 k allocations: 18.107 GiB, 14.48% gc time)


 20.264215 seconds (720.66 k allocations: 18.107 GiB, 14.36% gc time)


 20.927254 seconds (1.96 M allocations: 18.169 GiB, 14.81% gc time, 2.52% compilation time)


 20.331089 seconds (720.65 k allocations: 18.107 GiB, 14.39% gc time)


 19.616331 seconds (720.64 k allocations: 18.119 GiB, 14.88% gc time)


 20.320207 seconds (720.64 k allocations: 18.107 GiB, 14.43% gc time)


 19.682435 seconds (720.65 k allocations: 18.119 GiB, 14.91% gc time)


 20.229886 seconds (720.65 k allocations: 18.107 GiB, 14.46% gc time)


 19.801782 seconds (720.66 k allocations: 18.119 GiB, 15.37% gc time)


 20.397852 seconds (720.65 k allocations: 18.107 GiB, 15.09% gc time)


 20.507402 seconds (720.64 k allocations: 18.107 GiB, 14.89% gc time)


 19.804329 seconds (720.65 k allocations: 18.119 GiB, 15.60% gc time)


 20.314712 seconds (720.67 k allocations: 18.107 GiB, 14.38% gc time)


 20.293790 seconds (720.67 k allocations: 18.107 GiB, 14.40% gc time)


 20.292367 seconds (720.67 k allocations: 18.107 GiB, 14.40% gc time)


 19.718034 seconds (720.65 k allocations: 18.119 GiB, 14.95% gc time)


 20.352672 seconds (720.67 k allocations: 18.107 GiB, 14.38% gc time)


 20.321560 seconds (720.65 k allocations: 18.107 GiB, 14.37% gc time)


