Numero de qubits: 20 
Threads (LinearAlgebra) :16
Threads (Julia) :1


 40.744181 seconds (88.64 M allocations: 22.466 GiB, 11.06% gc time, 52.65% compilation time)


 19.312054 seconds (3.36 M allocations: 18.236 GiB, 18.04% gc time, 2.95% compilation time)


 18.628125 seconds (720.64 k allocations: 18.107 GiB, 17.74% gc time)


 18.608016 seconds (720.67 k allocations: 18.107 GiB, 17.67% gc time)


 18.139170 seconds (720.65 k allocations: 18.119 GiB, 18.21% gc time)


 18.550433 seconds (720.66 k allocations: 18.107 GiB, 17.58% gc time)


 18.576671 seconds (720.65 k allocations: 18.107 GiB, 17.70% gc time)


 18.080858 seconds (720.67 k allocations: 18.119 GiB, 18.10% gc time)


 18.521191 seconds (720.68 k allocations: 18.107 GiB, 17.71% gc time)


 18.003302 seconds (720.65 k allocations: 18.118 GiB, 18.44% gc time)


 18.649913 seconds (720.66 k allocations: 18.107 GiB, 18.34% gc time)


 18.504852 seconds (720.67 k allocations: 18.107 GiB, 17.66% gc time)


 18.529486 seconds (720.66 k allocations: 18.107 GiB, 17.69% gc time)


 18.553484 seconds (720.66 k allocations: 18.107 GiB, 17.53% gc time)


 18.720527 seconds (720.66 k allocations: 18.107 GiB, 18.19% gc time)


 19.213666 seconds (1.96 M allocations: 18.169 GiB, 17.25% gc time, 2.86% compilation time)


 18.696800 seconds (720.67 k allocations: 18.107 GiB, 18.33% gc time)


 18.767735 seconds (720.66 k allocations: 18.107 GiB, 18.38% gc time)


 18.436180 seconds (720.66 k allocations: 18.107 GiB, 16.85% gc time)


 18.634367 seconds (720.66 k allocations: 18.107 GiB, 18.42% gc time)


 18.713904 seconds (720.67 k allocations: 18.107 GiB, 18.41% gc time)


Numero de qubits: 16 
Threads (LinearAlgebra) :16
Threads (Julia) :1


  1.336365 seconds (544.54 k allocations: 1.633 GiB, 13.83% gc time)


  1.325771 seconds (544.55 k allocations: 1.633 GiB, 13.76% gc time)


  1.336893 seconds (544.55 k allocations: 1.633 GiB, 14.09% gc time)


  1.490914 seconds (544.55 k allocations: 1.633 GiB, 23.44% gc time)


  1.319958 seconds (544.54 k allocations: 1.633 GiB, 13.95% gc time)


  1.332172 seconds (544.55 k allocations: 1.633 GiB, 14.14% gc time)


  1.483655 seconds (544.54 k allocations: 1.633 GiB, 23.10% gc time)


  1.327586 seconds (544.55 k allocations: 1.633 GiB, 14.20% gc time)


  1.328467 seconds (544.53 k allocations: 1.633 GiB, 14.17% gc time)


  1.485731 seconds (544.52 k allocations: 1.633 GiB, 23.24% gc time)


  1.313711 seconds (544.54 k allocations: 1.633 GiB, 13.80% gc time)


  1.329749 seconds (544.55 k allocations: 1.633 GiB, 14.15% gc time)


  1.487116 seconds (544.54 k allocations: 1.633 GiB, 23.29% gc time)


  1.322637 seconds (544.55 k allocations: 1.633 GiB, 13.88% gc time)


  1.336360 seconds (544.52 k allocations: 1.633 GiB, 14.00% gc time)


  1.508268 seconds (544.54 k allocations: 1.633 GiB, 22.78% gc time)


  1.328756 seconds (544.55 k allocations: 1.633 GiB, 13.90% gc time)


  1.336073 seconds (544.56 k allocations: 1.633 GiB, 14.28% gc time)


  1.492472 seconds (544.55 k allocations: 1.633 GiB, 23.31% gc time)


  1.314043 seconds (544.55 k allocations: 1.633 GiB, 13.91% gc time)


  1.334311 seconds (544.56 k allocations: 1.633 GiB, 14.13% gc time)


Numero de qubits: 17 
Threads (LinearAlgebra) :16
Threads (Julia) :1


  2.174518 seconds (584.83 k allocations: 2.521 GiB, 23.60% gc time)


  2.011088 seconds (584.82 k allocations: 2.521 GiB, 17.63% gc time)


  2.171292 seconds (584.83 k allocations: 2.521 GiB, 23.42% gc time)


  2.014748 seconds (584.82 k allocations: 2.521 GiB, 17.41% gc time)


  2.029816 seconds (584.82 k allocations: 2.521 GiB, 17.53% gc time)


  2.009394 seconds (584.82 k allocations: 2.521 GiB, 17.53% gc time)


  2.030514 seconds (584.83 k allocations: 2.521 GiB, 18.20% gc time)


  2.179382 seconds (584.83 k allocations: 2.521 GiB, 23.47% gc time)


  2.005939 seconds (584.82 k allocations: 2.521 GiB, 17.40% gc time)


  2.030332 seconds (584.84 k allocations: 2.521 GiB, 17.62% gc time)


  2.003732 seconds (584.83 k allocations: 2.521 GiB, 17.50% gc time)


  2.017908 seconds (584.83 k allocations: 2.521 GiB, 17.58% gc time)


  2.193815 seconds (584.83 k allocations: 2.521 GiB, 24.11% gc time)


  2.007764 seconds (584.82 k allocations: 2.521 GiB, 17.40% gc time)


  2.183028 seconds (584.84 k allocations: 2.521 GiB, 23.49% gc time)


  2.009073 seconds (584.84 k allocations: 2.521 GiB, 17.51% gc time)


  2.017392 seconds (584.82 k allocations: 2.521 GiB, 17.56% gc time)


  2.003842 seconds (584.82 k allocations: 2.521 GiB, 17.66% gc time)


  2.033121 seconds (584.85 k allocations: 2.521 GiB, 17.77% gc time)


  2.020474 seconds (584.83 k allocations: 2.521 GiB, 17.66% gc time)


  2.022985 seconds (584.82 k allocations: 2.521 GiB, 17.61% gc time)


Numero de qubits: 18 
Threads (LinearAlgebra) :16
Threads (Julia) :1


  4.842415 seconds (626.55 k allocations: 5.342 GiB, 20.94% gc time)


  4.860992 seconds (626.57 k allocations: 5.342 GiB, 21.15% gc time)


  4.859270 seconds (626.57 k allocations: 5.342 GiB, 20.92% gc time)


  4.879284 seconds (626.56 k allocations: 5.342 GiB, 21.34% gc time)


  4.845538 seconds (626.55 k allocations: 5.342 GiB, 20.77% gc time)


  4.843133 seconds (626.55 k allocations: 5.342 GiB, 20.88% gc time)


  4.837942 seconds (626.55 k allocations: 5.342 GiB, 20.83% gc time)


  4.865260 seconds (626.57 k allocations: 5.342 GiB, 20.84% gc time)


  4.832286 seconds (626.53 k allocations: 5.342 GiB, 20.78% gc time)


  4.824901 seconds (626.55 k allocations: 5.342 GiB, 20.95% gc time)


  4.840252 seconds (626.57 k allocations: 5.342 GiB, 20.96% gc time)


  4.871127 seconds (626.56 k allocations: 5.342 GiB, 21.18% gc time)


  4.835481 seconds (626.56 k allocations: 5.342 GiB, 20.77% gc time)


  4.827784 seconds (626.57 k allocations: 5.342 GiB, 20.92% gc time)


  4.856726 seconds (626.57 k allocations: 5.342 GiB, 21.12% gc time)


  4.822052 seconds (626.56 k allocations: 5.342 GiB, 20.82% gc time)


  4.856463 seconds (626.56 k allocations: 5.342 GiB, 21.28% gc time)


  4.834151 seconds (626.56 k allocations: 5.342 GiB, 21.01% gc time)


  4.840641 seconds (626.57 k allocations: 5.342 GiB, 21.05% gc time)


  4.831359 seconds (626.56 k allocations: 5.342 GiB, 20.84% gc time)


  4.848549 seconds (626.55 k allocations: 5.342 GiB, 20.92% gc time)


Numero de qubits: 19 
Threads (LinearAlgebra) :16
Threads (Julia) :1


  7.220681 seconds (667.53 k allocations: 8.377 GiB, 20.86% gc time)


  7.365652 seconds (667.53 k allocations: 8.377 GiB, 22.82% gc time)


  7.204248 seconds (667.52 k allocations: 8.377 GiB, 20.85% gc time)


  7.248577 seconds (667.52 k allocations: 8.377 GiB, 21.04% gc time)


  7.191898 seconds (667.53 k allocations: 8.377 GiB, 21.09% gc time)


  7.200816 seconds (667.53 k allocations: 8.377 GiB, 20.88% gc time)


  7.167446 seconds (667.52 k allocations: 8.377 GiB, 21.01% gc time)


  7.201510 seconds (667.54 k allocations: 8.377 GiB, 21.35% gc time)


  7.329572 seconds (667.54 k allocations: 8.377 GiB, 22.72% gc time)


  7.155989 seconds (667.54 k allocations: 8.377 GiB, 20.96% gc time)


  7.163790 seconds (667.53 k allocations: 8.377 GiB, 21.19% gc time)


  7.298879 seconds (667.53 k allocations: 8.377 GiB, 22.64% gc time)


  7.186190 seconds (667.52 k allocations: 8.377 GiB, 20.91% gc time)


  7.177160 seconds (667.52 k allocations: 8.377 GiB, 21.27% gc time)


  7.322061 seconds (667.52 k allocations: 8.377 GiB, 22.77% gc time)


  7.179594 seconds (667.53 k allocations: 8.377 GiB, 20.93% gc time)


  7.309256 seconds (667.54 k allocations: 8.377 GiB, 22.59% gc time)


  7.166768 seconds (667.52 k allocations: 8.377 GiB, 21.11% gc time)


  7.308598 seconds (667.55 k allocations: 8.377 GiB, 22.55% gc time)


  7.312107 seconds (667.53 k allocations: 8.377 GiB, 22.60% gc time)


  7.182324 seconds (667.53 k allocations: 8.377 GiB, 20.96% gc time)


Numero de qubits: 20 
Threads (LinearAlgebra) :16
Threads (Julia) :1


 18.493894 seconds (720.67 k allocations: 18.107 GiB, 17.91% gc time)


 18.648311 seconds (720.65 k allocations: 18.107 GiB, 19.30% gc time)


 18.487250 seconds (720.65 k allocations: 18.107 GiB, 18.13% gc time)


 18.530919 seconds (720.67 k allocations: 18.107 GiB, 17.82% gc time)


 18.414976 seconds (720.67 k allocations: 18.107 GiB, 17.96% gc time)


 18.529418 seconds (720.65 k allocations: 18.107 GiB, 18.00% gc time)


 17.691809 seconds (720.66 k allocations: 18.118 GiB, 17.89% gc time)


 18.405133 seconds (720.66 k allocations: 18.107 GiB, 18.01% gc time)


 18.593338 seconds (720.65 k allocations: 18.107 GiB, 18.62% gc time)


 18.396615 seconds (720.68 k allocations: 18.107 GiB, 17.97% gc time)


 18.473251 seconds (720.68 k allocations: 18.107 GiB, 18.04% gc time)


 18.419712 seconds (720.66 k allocations: 18.107 GiB, 17.94% gc time)


 18.446198 seconds (720.65 k allocations: 18.107 GiB, 18.24% gc time)


 18.472263 seconds (720.66 k allocations: 18.107 GiB, 18.19% gc time)


 18.313243 seconds (720.66 k allocations: 18.107 GiB, 17.45% gc time)


 18.388084 seconds (720.65 k allocations: 18.107 GiB, 16.94% gc time)


 18.362616 seconds (720.66 k allocations: 18.107 GiB, 17.88% gc time)


 18.300632 seconds (720.67 k allocations: 18.107 GiB, 17.83% gc time)


 17.742269 seconds (720.66 k allocations: 18.119 GiB, 17.60% gc time)


 18.469241 seconds (720.66 k allocations: 18.107 GiB, 18.38% gc time)


 17.696876 seconds (720.65 k allocations: 18.119 GiB, 17.70% gc time)


