Numero de qubits: 20 
Threads (LinearAlgebra) :14
Threads (Julia) :1


 40.409115 seconds (88.64 M allocations: 22.466 GiB, 9.78% gc time, 52.38% compilation time)


 18.684145 seconds (720.67 k allocations: 18.107 GiB, 16.11% gc time)


 18.556739 seconds (720.67 k allocations: 18.107 GiB, 16.02% gc time)


 18.186641 seconds (720.66 k allocations: 18.119 GiB, 17.19% gc time)


 18.700242 seconds (3.36 M allocations: 18.246 GiB, 16.16% gc time, 3.09% compilation time)


 18.859950 seconds (720.70 k allocations: 18.107 GiB, 16.47% gc time)


 18.640337 seconds (720.68 k allocations: 18.107 GiB, 16.09% gc time)


 18.721058 seconds (720.67 k allocations: 18.107 GiB, 16.81% gc time)


 19.351939 seconds (1.96 M allocations: 18.169 GiB, 15.68% gc time, 2.89% compilation time)


 18.796375 seconds (720.66 k allocations: 18.107 GiB, 16.17% gc time)


 18.228303 seconds (720.67 k allocations: 18.119 GiB, 16.55% gc time)


 18.839395 seconds (720.67 k allocations: 18.107 GiB, 16.00% gc time)


 18.962983 seconds (720.67 k allocations: 18.107 GiB, 16.58% gc time)


 18.707609 seconds (720.67 k allocations: 18.107 GiB, 16.13% gc time)


 18.827821 seconds (720.67 k allocations: 18.107 GiB, 16.84% gc time)


 18.848856 seconds (720.67 k allocations: 18.107 GiB, 16.69% gc time)


 18.841725 seconds (720.67 k allocations: 18.107 GiB, 16.76% gc time)


 18.250182 seconds (720.65 k allocations: 18.119 GiB, 16.56% gc time)


 18.930611 seconds (720.67 k allocations: 18.107 GiB, 16.69% gc time)


 18.801131 seconds (720.67 k allocations: 18.107 GiB, 15.97% gc time)


 18.640793 seconds (720.64 k allocations: 18.107 GiB, 16.06% gc time)


