Numero de qubits: 20 
Threads (LinearAlgebra) :13
Threads (Julia) :1


 41.837629 seconds (91.61 M allocations: 22.610 GiB, 9.96% gc time, 52.71% compilation time)


 19.478635 seconds (1.62 M allocations: 18.153 GiB, 16.33% gc time, 1.48% compilation time)


 19.196085 seconds (720.66 k allocations: 18.107 GiB, 15.69% gc time)


 19.490807 seconds (720.67 k allocations: 18.107 GiB, 16.35% gc time)


 19.409630 seconds (720.65 k allocations: 18.107 GiB, 16.55% gc time)


 18.725758 seconds (720.65 k allocations: 18.119 GiB, 16.19% gc time)


 19.355338 seconds (720.64 k allocations: 18.107 GiB, 15.73% gc time)


 19.333510 seconds (720.66 k allocations: 18.107 GiB, 15.74% gc time)


 18.884634 seconds (720.67 k allocations: 18.119 GiB, 16.75% gc time)


 19.448187 seconds (720.67 k allocations: 18.107 GiB, 16.27% gc time)


 19.329320 seconds (720.66 k allocations: 18.107 GiB, 15.75% gc time)


 18.723037 seconds (720.65 k allocations: 18.118 GiB, 16.19% gc time)


 19.285068 seconds (720.68 k allocations: 18.107 GiB, 15.66% gc time)


 19.234534 seconds (720.64 k allocations: 18.107 GiB, 15.81% gc time)


 19.300875 seconds (720.67 k allocations: 18.107 GiB, 15.69% gc time)


 19.343193 seconds (720.65 k allocations: 18.107 GiB, 15.67% gc time)


 19.346296 seconds (720.66 k allocations: 18.107 GiB, 15.64% gc time)


 19.332249 seconds (720.67 k allocations: 18.107 GiB, 15.74% gc time)


 19.282122 seconds (720.64 k allocations: 18.107 GiB, 15.84% gc time)


 19.481091 seconds (720.67 k allocations: 18.107 GiB, 16.24% gc time)


 18.922855 seconds (720.65 k allocations: 18.107 GiB, 15.77% gc time)


