Numero de qubits: 20 
Threads (LinearAlgebra) :15
Threads (Julia) :1


 79.250302 seconds (92.13 M allocations: 52.358 GiB, 12.29% gc time, 27.84% compilation time)


 57.499270 seconds (1.23 M allocations: 47.865 GiB, 16.95% gc time)


 55.878896 seconds (1.23 M allocations: 47.865 GiB, 15.62% gc time)


 56.988242 seconds (2.13 M allocations: 47.901 GiB, 15.34% gc time, 0.51% compilation time)


 55.640955 seconds (1.23 M allocations: 47.865 GiB, 15.50% gc time)


 56.117179 seconds (1.23 M allocations: 47.855 GiB, 15.39% gc time)


 56.280564 seconds (1.23 M allocations: 47.855 GiB, 15.22% gc time)


 57.533943 seconds (1.23 M allocations: 47.867 GiB, 15.28% gc time)


 58.264938 seconds (1.23 M allocations: 47.855 GiB, 15.25% gc time)


 57.353940 seconds (1.23 M allocations: 47.865 GiB, 15.00% gc time)


 56.765841 seconds (1.23 M allocations: 47.876 GiB, 15.53% gc time)


 57.460357 seconds (1.23 M allocations: 47.865 GiB, 15.35% gc time)


 58.121718 seconds (1.23 M allocations: 47.855 GiB, 15.20% gc time)


 59.044369 seconds (1.23 M allocations: 47.855 GiB, 15.56% gc time)


 59.695769 seconds (1.23 M allocations: 47.855 GiB, 14.57% gc time)


 55.872172 seconds (1.23 M allocations: 47.865 GiB, 15.56% gc time)


 54.774696 seconds (1.23 M allocations: 47.877 GiB, 15.57% gc time)


 55.774012 seconds (1.23 M allocations: 47.865 GiB, 15.56% gc time)


 55.409175 seconds (1.23 M allocations: 47.865 GiB, 15.39% gc time)


 55.535064 seconds (1.23 M allocations: 47.865 GiB, 15.66% gc time)


 55.810611 seconds (1.23 M allocations: 47.865 GiB, 15.04% gc time)


Numero de qubits: 21 
Threads (LinearAlgebra) :15
Threads (Julia) :1


 97.052237 seconds (1.30 M allocations: 78.556 GiB, 13.74% gc time)


 97.658042 seconds (1.30 M allocations: 78.556 GiB, 13.54% gc time)


 97.693390 seconds (1.30 M allocations: 78.556 GiB, 13.66% gc time)


 98.122501 seconds (1.30 M allocations: 78.556 GiB, 13.32% gc time)


 97.538455 seconds (1.30 M allocations: 78.556 GiB, 13.62% gc time)


 97.393705 seconds (1.30 M allocations: 78.556 GiB, 13.69% gc time)


101.713687 seconds (1.30 M allocations: 78.556 GiB, 14.70% gc time)


105.829825 seconds (1.30 M allocations: 78.556 GiB, 16.32% gc time)


 98.111063 seconds (1.30 M allocations: 78.556 GiB, 14.74% gc time)


112.850359 seconds (1.30 M allocations: 78.556 GiB, 16.71% gc time)


109.489960 seconds (1.30 M allocations: 78.556 GiB, 14.69% gc time)


109.533810 seconds (1.30 M allocations: 78.556 GiB, 14.96% gc time)


102.585518 seconds (1.30 M allocations: 78.556 GiB, 13.20% gc time)


101.622161 seconds (1.30 M allocations: 78.556 GiB, 13.39% gc time)


101.564302 seconds (1.30 M allocations: 78.556 GiB, 13.44% gc time)


 99.039765 seconds (1.30 M allocations: 78.556 GiB, 13.62% gc time)


 97.507075 seconds (1.30 M allocations: 78.556 GiB, 13.46% gc time)


 99.972751 seconds (1.30 M allocations: 78.556 GiB, 13.57% gc time)


102.169576 seconds (1.30 M allocations: 78.556 GiB, 13.51% gc time)


102.070168 seconds (1.30 M allocations: 78.556 GiB, 13.43% gc time)


102.072824 seconds (1.30 M allocations: 78.556 GiB, 13.51% gc time)


