Numero de qubits: 20 
Threads (LinearAlgebra) :15
Threads (Julia) :1


 58.724339 seconds (90.68 M allocations: 40.397 GiB, 12.38% gc time, 36.10% compilation time)


 37.348551 seconds (1.93 M allocations: 36.002 GiB, 16.95% gc time, 0.90% compilation time)


 37.077178 seconds (1.03 M allocations: 35.956 GiB, 17.04% gc time)


 36.475270 seconds (1.03 M allocations: 35.966 GiB, 16.87% gc time)


 36.353610 seconds (1.03 M allocations: 35.966 GiB, 16.91% gc time)


 37.194016 seconds (1.03 M allocations: 35.956 GiB, 16.94% gc time)


 36.205112 seconds (1.03 M allocations: 35.978 GiB, 17.69% gc time)


 36.996979 seconds (1.03 M allocations: 35.956 GiB, 16.97% gc time)


 37.032050 seconds (1.03 M allocations: 35.956 GiB, 16.57% gc time)


 35.298874 seconds (1.03 M allocations: 35.987 GiB, 17.72% gc time)


 37.151502 seconds (1.03 M allocations: 35.956 GiB, 16.95% gc time)


 36.792391 seconds (2.26 M allocations: 36.028 GiB, 16.67% gc time, 1.42% compilation time)


 36.482410 seconds (1.03 M allocations: 35.966 GiB, 17.22% gc time)


 36.819054 seconds (1.03 M allocations: 35.956 GiB, 16.72% gc time)


 37.012393 seconds (1.03 M allocations: 35.956 GiB, 16.92% gc time)


 36.982694 seconds (1.03 M allocations: 35.956 GiB, 17.05% gc time)


 36.840517 seconds (1.03 M allocations: 35.956 GiB, 17.02% gc time)


 36.938543 seconds (1.03 M allocations: 35.956 GiB, 16.96% gc time)


 36.743956 seconds (1.03 M allocations: 35.956 GiB, 16.71% gc time)


 37.003721 seconds (1.03 M allocations: 35.956 GiB, 17.00% gc time)


 36.484943 seconds (1.03 M allocations: 35.966 GiB, 17.22% gc time)


Numero de qubits: 21 
Threads (LinearAlgebra) :15
Threads (Julia) :1


 61.256171 seconds (1.09 M allocations: 58.288 GiB, 15.40% gc time)


 61.358073 seconds (1.09 M allocations: 58.288 GiB, 15.53% gc time)


 61.515205 seconds (1.09 M allocations: 58.288 GiB, 15.57% gc time)


 61.623184 seconds (1.09 M allocations: 58.288 GiB, 15.58% gc time)


 61.615251 seconds (1.09 M allocations: 58.288 GiB, 15.57% gc time)


 61.815551 seconds (1.09 M allocations: 58.288 GiB, 15.56% gc time)


 61.641269 seconds (1.09 M allocations: 58.288 GiB, 15.64% gc time)


 61.404266 seconds (1.09 M allocations: 58.288 GiB, 15.61% gc time)


 61.380277 seconds (1.09 M allocations: 58.288 GiB, 15.56% gc time)


 61.338932 seconds (1.09 M allocations: 58.288 GiB, 15.49% gc time)


 61.266666 seconds (1.09 M allocations: 58.288 GiB, 15.58% gc time)


 61.476726 seconds (1.09 M allocations: 58.288 GiB, 15.45% gc time)


 61.503499 seconds (1.09 M allocations: 58.288 GiB, 15.30% gc time)


 61.548591 seconds (1.09 M allocations: 58.288 GiB, 15.46% gc time)


 61.654818 seconds (1.09 M allocations: 58.288 GiB, 15.50% gc time)


 61.661463 seconds (1.09 M allocations: 58.288 GiB, 15.44% gc time)


 61.545819 seconds (1.09 M allocations: 58.288 GiB, 15.53% gc time)


 61.706385 seconds (1.09 M allocations: 58.288 GiB, 15.41% gc time)


 61.742586 seconds (1.09 M allocations: 58.288 GiB, 15.50% gc time)


 61.474463 seconds (1.09 M allocations: 58.288 GiB, 15.47% gc time)


 61.507958 seconds (1.09 M allocations: 58.288 GiB, 15.55% gc time)


