Numero de qubits: 20 
Threads (LinearAlgebra) :15
Threads (Julia) :1


 21.373177 seconds (89.88 M allocations: 4.499 GiB, 4.05% gc time, 99.68% compilation time)


  0.367209 seconds (1.12 M allocations: 106.061 MiB, 3.08% gc time, 89.23% compilation time)


  0.576280 seconds (1.46 M allocations: 122.908 MiB, 2.29% gc time, 92.87% compilation time)


  0.027546 seconds (225.94 k allocations: 59.414 MiB, 5.62% gc time)


  0.028469 seconds (225.94 k allocations: 59.415 MiB, 9.87% gc time)


  0.026968 seconds (225.94 k allocations: 59.415 MiB, 7.61% gc time)


  0.027970 seconds (225.94 k allocations: 59.415 MiB, 11.00% gc time)


  0.027928 seconds (225.94 k allocations: 59.415 MiB, 11.02% gc time)


  0.027680 seconds (225.94 k allocations: 59.415 MiB, 10.75% gc time)


  0.027986 seconds (225.93 k allocations: 59.415 MiB, 11.19% gc time)


  0.027840 seconds (225.94 k allocations: 59.415 MiB, 10.78% gc time)


  0.026726 seconds (225.94 k allocations: 59.415 MiB, 7.67% gc time)


  0.026997 seconds (225.94 k allocations: 59.415 MiB, 8.02% gc time)


  0.028076 seconds (225.93 k allocations: 59.415 MiB, 10.91% gc time)


  0.027845 seconds (225.94 k allocations: 59.415 MiB, 10.76% gc time)


  0.028238 seconds (225.94 k allocations: 59.416 MiB, 11.51% gc time)


  0.027933 seconds (225.93 k allocations: 59.414 MiB, 10.86% gc time)


  0.027899 seconds (225.93 k allocations: 59.414 MiB, 11.07% gc time)


  0.027170 seconds (225.94 k allocations: 59.415 MiB, 8.06% gc time)


  0.026745 seconds (225.94 k allocations: 59.415 MiB, 7.55% gc time)


  0.027027 seconds (225.94 k allocations: 59.415 MiB, 7.94% gc time)


Numero de qubits: 21 
Threads (LinearAlgebra) :15
Threads (Julia) :1


  0.032983 seconds (239.50 k allocations: 62.753 MiB, 13.34% gc time)


  0.031907 seconds (239.50 k allocations: 62.754 MiB, 12.59% gc time)


  0.029552 seconds (239.49 k allocations: 62.753 MiB, 6.17% gc time)


  0.030489 seconds (239.50 k allocations: 62.753 MiB, 9.96% gc time)


  0.030069 seconds (239.51 k allocations: 62.755 MiB, 9.09% gc time)


  0.028993 seconds (239.51 k allocations: 62.754 MiB, 7.61% gc time)


  0.030219 seconds (239.51 k allocations: 62.753 MiB, 11.31% gc time)


  0.030136 seconds (239.52 k allocations: 62.755 MiB, 11.11% gc time)


  0.030124 seconds (239.49 k allocations: 62.753 MiB, 11.05% gc time)


  0.029320 seconds (239.51 k allocations: 62.753 MiB, 8.18% gc time)


  0.030445 seconds (239.52 k allocations: 62.755 MiB, 11.41% gc time)


  0.030655 seconds (239.51 k allocations: 62.754 MiB, 11.64% gc time)


  0.029343 seconds (239.50 k allocations: 62.754 MiB, 8.33% gc time)


  0.030633 seconds (239.50 k allocations: 62.753 MiB, 11.60% gc time)


  0.029500 seconds (239.51 k allocations: 62.754 MiB, 8.64% gc time)


  0.029534 seconds (239.50 k allocations: 62.754 MiB, 8.41% gc time)


  0.029515 seconds (239.50 k allocations: 62.753 MiB, 8.28% gc time)


  0.029889 seconds (239.50 k allocations: 62.753 MiB, 8.86% gc time)


  0.030980 seconds (239.52 k allocations: 62.755 MiB, 12.37% gc time)


  0.029848 seconds (239.50 k allocations: 62.753 MiB, 8.82% gc time)


  0.029919 seconds (239.51 k allocations: 62.754 MiB, 8.92% gc time)


Numero de qubits: 22 
Threads (LinearAlgebra) :15
Threads (Julia) :1


  0.033903 seconds (251.25 k allocations: 66.348 MiB, 11.88% gc time)


  0.035008 seconds (251.24 k allocations: 66.347 MiB, 15.15% gc time)


  0.032135 seconds (251.25 k allocations: 66.348 MiB, 7.69% gc time)


  0.030932 seconds (251.25 k allocations: 66.347 MiB, 5.43% gc time)


  0.032764 seconds (251.25 k allocations: 66.347 MiB, 10.07% gc time)


  0.031908 seconds (251.25 k allocations: 66.347 MiB, 8.94% gc time)


  0.033480 seconds (251.25 k allocations: 66.348 MiB, 13.04% gc time)


  0.031924 seconds (251.25 k allocations: 66.348 MiB, 8.64% gc time)


  0.031517 seconds (251.25 k allocations: 66.348 MiB, 8.61% gc time)


  0.032112 seconds (251.25 k allocations: 66.348 MiB, 9.23% gc time)


  0.033396 seconds (251.25 k allocations: 66.348 MiB, 12.60% gc time)


  0.032234 seconds (251.24 k allocations: 66.347 MiB, 9.12% gc time)


  0.031930 seconds (251.24 k allocations: 66.347 MiB, 8.88% gc time)


  0.035146 seconds (251.25 k allocations: 66.347 MiB, 14.63% gc time)


  0.032319 seconds (251.24 k allocations: 66.347 MiB, 9.46% gc time)


  0.032053 seconds (251.25 k allocations: 66.347 MiB, 8.94% gc time)


  0.033974 seconds (251.25 k allocations: 66.348 MiB, 13.43% gc time)


  0.032061 seconds (251.25 k allocations: 66.347 MiB, 8.82% gc time)


  0.032277 seconds (251.23 k allocations: 66.347 MiB, 9.49% gc time)


  0.032142 seconds (251.25 k allocations: 66.348 MiB, 9.11% gc time)


  0.031891 seconds (251.25 k allocations: 66.348 MiB, 8.98% gc time)


Numero de qubits: 23 
Threads (LinearAlgebra) :15
Threads (Julia) :1


  0.035923 seconds (264.99 k allocations: 69.720 MiB, 13.11% gc time)


  0.050649 seconds (265.00 k allocations: 69.721 MiB, 32.65% gc time)


  0.034543 seconds (265.00 k allocations: 69.720 MiB, 9.04% gc time)


  0.033738 seconds (265.00 k allocations: 69.720 MiB, 6.64% gc time)


  0.035517 seconds (265.00 k allocations: 69.721 MiB, 11.29% gc time)


  0.032497 seconds (265.00 k allocations: 69.721 MiB, 5.11% gc time)


  0.034463 seconds (264.99 k allocations: 69.720 MiB, 9.66% gc time)


  0.033940 seconds (264.99 k allocations: 69.720 MiB, 9.07% gc time)


  0.034154 seconds (265.00 k allocations: 69.721 MiB, 9.53% gc time)


  0.034027 seconds (265.01 k allocations: 69.721 MiB, 9.29% gc time)


  0.033753 seconds (265.00 k allocations: 69.721 MiB, 8.93% gc time)


  0.034162 seconds (264.98 k allocations: 69.719 MiB, 9.58% gc time)


  0.033861 seconds (265.00 k allocations: 69.720 MiB, 9.03% gc time)


  0.034293 seconds (265.00 k allocations: 69.720 MiB, 9.42% gc time)


  0.033858 seconds (265.01 k allocations: 69.721 MiB, 8.86% gc time)


  0.034022 seconds (265.01 k allocations: 69.721 MiB, 9.25% gc time)


  0.034072 seconds (265.00 k allocations: 69.720 MiB, 9.34% gc time)


  0.034074 seconds (265.00 k allocations: 69.721 MiB, 9.21% gc time)


  0.036024 seconds (265.01 k allocations: 69.721 MiB, 13.69% gc time)


  0.034149 seconds (265.00 k allocations: 69.721 MiB, 9.23% gc time)


  0.034575 seconds (265.00 k allocations: 69.721 MiB, 9.90% gc time)


Numero de qubits: 24 
Threads (LinearAlgebra) :15
Threads (Julia) :1


  0.036091 seconds (276.82 k allocations: 73.181 MiB, 10.47% gc time)


  0.044991 seconds (276.83 k allocations: 73.183 MiB, 27.14% gc time)


  0.035883 seconds (276.83 k allocations: 73.182 MiB, 9.72% gc time)


  0.035546 seconds (276.83 k allocations: 73.182 MiB, 7.81% gc time)


  0.036781 seconds (276.82 k allocations: 73.182 MiB, 10.79% gc time)


  0.036367 seconds (276.83 k allocations: 73.183 MiB, 10.04% gc time)


  0.035735 seconds (276.82 k allocations: 73.182 MiB, 9.30% gc time)


  0.035811 seconds (276.81 k allocations: 73.181 MiB, 9.45% gc time)


  0.035840 seconds (276.83 k allocations: 73.183 MiB, 9.57% gc time)


  0.037577 seconds (276.83 k allocations: 73.183 MiB, 13.37% gc time)


  0.035841 seconds (276.81 k allocations: 73.182 MiB, 9.35% gc time)


  0.035647 seconds (276.83 k allocations: 73.182 MiB, 9.31% gc time)


  0.035947 seconds (276.83 k allocations: 73.182 MiB, 9.67% gc time)


  0.035684 seconds (276.83 k allocations: 73.181 MiB, 9.12% gc time)


  0.036250 seconds (276.83 k allocations: 73.182 MiB, 9.74% gc time)


  0.035741 seconds (276.82 k allocations: 73.181 MiB, 8.93% gc time)


  0.036072 seconds (276.82 k allocations: 73.182 MiB, 9.72% gc time)


  0.035741 seconds (276.83 k allocations: 73.183 MiB, 9.22% gc time)


  0.036022 seconds (276.82 k allocations: 73.182 MiB, 9.53% gc time)


  0.036139 seconds (276.83 k allocations: 73.182 MiB, 9.70% gc time)


  0.036139 seconds (276.82 k allocations: 73.182 MiB, 9.49% gc time)


Numero de qubits: 25 
Threads (LinearAlgebra) :15
Threads (Julia) :1


  0.038007 seconds (290.76 k allocations: 76.589 MiB, 10.59% gc time)


  0.047402 seconds (290.76 k allocations: 76.589 MiB, 27.23% gc time)


  0.038410 seconds (290.75 k allocations: 76.589 MiB, 10.83% gc time)


  0.045956 seconds (290.76 k allocations: 76.589 MiB, 16.64% gc time)


  0.039166 seconds (290.76 k allocations: 76.589 MiB, 10.72% gc time)


  0.038308 seconds (290.75 k allocations: 76.588 MiB, 10.10% gc time)


  0.037785 seconds (290.76 k allocations: 76.589 MiB, 9.47% gc time)


  0.037983 seconds (290.76 k allocations: 76.590 MiB, 9.31% gc time)


  0.037594 seconds (290.77 k allocations: 76.590 MiB, 9.20% gc time)


  0.037576 seconds (290.77 k allocations: 76.590 MiB, 9.55% gc time)


  0.037740 seconds (290.77 k allocations: 76.590 MiB, 9.42% gc time)


  0.038037 seconds (290.77 k allocations: 76.590 MiB, 9.36% gc time)


  0.037480 seconds (290.77 k allocations: 76.590 MiB, 9.08% gc time)


  0.037669 seconds (290.77 k allocations: 76.590 MiB, 9.38% gc time)


  0.037902 seconds (290.76 k allocations: 76.589 MiB, 9.75% gc time)


  0.037683 seconds (290.77 k allocations: 76.589 MiB, 9.37% gc time)


  0.037637 seconds (290.77 k allocations: 76.590 MiB, 9.33% gc time)


  0.037511 seconds (290.75 k allocations: 76.589 MiB, 9.12% gc time)


  0.037712 seconds (290.77 k allocations: 76.589 MiB, 9.11% gc time)


  0.037551 seconds (290.77 k allocations: 76.590 MiB, 9.10% gc time)


  0.037788 seconds (290.76 k allocations: 76.589 MiB, 9.76% gc time)


Numero de qubits: 26 
Threads (LinearAlgebra) :15
Threads (Julia) :1


  0.039774 seconds (302.85 k allocations: 80.250 MiB, 9.89% gc time)


  0.055260 seconds (302.84 k allocations: 80.249 MiB, 24.68% gc time)


  0.040145 seconds (302.84 k allocations: 80.249 MiB, 9.03% gc time)


  0.041088 seconds (302.84 k allocations: 80.249 MiB, 11.79% gc time)


  0.040591 seconds (302.84 k allocations: 80.249 MiB, 10.53% gc time)


  0.039841 seconds (302.86 k allocations: 80.250 MiB, 9.49% gc time)


  0.039954 seconds (302.85 k allocations: 80.249 MiB, 9.61% gc time)


  0.039694 seconds (302.86 k allocations: 80.250 MiB, 9.19% gc time)


  0.039975 seconds (302.84 k allocations: 80.249 MiB, 9.53% gc time)


  0.039415 seconds (302.86 k allocations: 80.250 MiB, 8.95% gc time)


  0.042074 seconds (302.86 k allocations: 80.250 MiB, 13.75% gc time)


  0.039403 seconds (302.85 k allocations: 80.249 MiB, 9.01% gc time)


  0.039885 seconds (302.86 k allocations: 80.250 MiB, 9.73% gc time)


  0.041953 seconds (302.85 k allocations: 80.249 MiB, 8.80% gc time)


  0.040130 seconds (302.85 k allocations: 80.250 MiB, 9.72% gc time)


  0.041841 seconds (302.84 k allocations: 80.249 MiB, 13.71% gc time)


  0.039993 seconds (302.84 k allocations: 80.249 MiB, 9.61% gc time)


  0.039821 seconds (302.86 k allocations: 80.250 MiB, 9.45% gc time)


  0.040015 seconds (302.84 k allocations: 80.249 MiB, 9.59% gc time)


  0.039762 seconds (302.85 k allocations: 80.250 MiB, 9.30% gc time)


  0.042097 seconds (302.85 k allocations: 80.249 MiB, 14.00% gc time)


Numero de qubits: 27 
Threads (LinearAlgebra) :15
Threads (Julia) :1


  0.041630 seconds (316.99 k allocations: 83.691 MiB, 9.90% gc time)


  0.053885 seconds (316.99 k allocations: 83.691 MiB, 22.77% gc time)


  0.042217 seconds (316.98 k allocations: 83.690 MiB, 9.08% gc time)


  0.043366 seconds (316.97 k allocations: 83.691 MiB, 11.79% gc time)


  0.042721 seconds (316.97 k allocations: 83.690 MiB, 10.91% gc time)


  0.041904 seconds (316.97 k allocations: 83.690 MiB, 9.51% gc time)


  0.044476 seconds (316.97 k allocations: 83.690 MiB, 13.82% gc time)


  0.047489 seconds (316.98 k allocations: 83.691 MiB, 17.97% gc time)


  0.044737 seconds (316.98 k allocations: 83.691 MiB, 13.92% gc time)


  0.041884 seconds (316.97 k allocations: 83.691 MiB, 9.52% gc time)


  0.041967 seconds (316.95 k allocations: 83.689 MiB, 9.46% gc time)


  0.042005 seconds (316.99 k allocations: 83.692 MiB, 9.81% gc time)


  0.041597 seconds (316.98 k allocations: 83.691 MiB, 9.33% gc time)


  0.044432 seconds (316.98 k allocations: 83.691 MiB, 13.99% gc time)


  0.041662 seconds (316.96 k allocations: 83.690 MiB, 9.21% gc time)


  0.044211 seconds (316.98 k allocations: 83.691 MiB, 13.77% gc time)


  0.041787 seconds (316.97 k allocations: 83.691 MiB, 9.29% gc time)


  0.042221 seconds (316.96 k allocations: 83.690 MiB, 9.82% gc time)


  0.041650 seconds (316.98 k allocations: 83.691 MiB, 9.45% gc time)


  0.041954 seconds (316.98 k allocations: 83.691 MiB, 9.56% gc time)


  0.041769 seconds (316.98 k allocations: 83.691 MiB, 9.47% gc time)


Numero de qubits: 28 
Threads (LinearAlgebra) :15
Threads (Julia) :1


  0.047072 seconds (329.15 k allocations: 87.219 MiB, 15.72% gc time)


  0.063537 seconds (329.16 k allocations: 87.219 MiB, 28.41% gc time)


  0.048268 seconds (329.17 k allocations: 87.220 MiB, 13.67% gc time)


  0.045493 seconds (329.15 k allocations: 87.219 MiB, 12.32% gc time)


  0.044813 seconds (329.16 k allocations: 87.219 MiB, 10.94% gc time)


  0.043610 seconds (329.16 k allocations: 87.220 MiB, 9.28% gc time)


  0.046187 seconds (329.14 k allocations: 87.219 MiB, 13.93% gc time)


  0.043281 seconds (329.15 k allocations: 87.219 MiB, 9.06% gc time)


  0.046074 seconds (329.16 k allocations: 87.220 MiB, 13.72% gc time)


  0.043503 seconds (329.15 k allocations: 87.219 MiB, 9.14% gc time)


  0.046068 seconds (329.14 k allocations: 87.219 MiB, 13.51% gc time)


  0.043692 seconds (329.15 k allocations: 87.219 MiB, 9.35% gc time)


  0.045692 seconds (329.14 k allocations: 87.219 MiB, 13.40% gc time)


  0.043939 seconds (329.15 k allocations: 87.219 MiB, 9.42% gc time)


  0.043443 seconds (329.16 k allocations: 87.220 MiB, 9.17% gc time)


  0.046264 seconds (329.15 k allocations: 87.219 MiB, 13.77% gc time)


  0.043708 seconds (329.15 k allocations: 87.219 MiB, 9.38% gc time)


  0.045963 seconds (329.16 k allocations: 87.220 MiB, 13.54% gc time)


  0.043855 seconds (329.13 k allocations: 87.218 MiB, 9.34% gc time)


  0.045927 seconds (329.14 k allocations: 87.218 MiB, 13.60% gc time)


  0.044014 seconds (329.15 k allocations: 87.219 MiB, 9.48% gc time)


Numero de qubits: 29 
Threads (LinearAlgebra) :15
Threads (Julia) :1


  0.045319 seconds (343.45 k allocations: 90.694 MiB, 9.40% gc time)


  0.058682 seconds (343.46 k allocations: 90.695 MiB, 23.21% gc time)


  0.044904 seconds (343.47 k allocations: 90.695 MiB, 7.53% gc time)


  0.043885 seconds (343.47 k allocations: 90.695 MiB, 5.56% gc time)


  0.049093 seconds (343.47 k allocations: 90.695 MiB, 14.48% gc time)


  0.045675 seconds (343.47 k allocations: 90.695 MiB, 9.43% gc time)


  0.048105 seconds (343.46 k allocations: 90.695 MiB, 13.66% gc time)


  0.046470 seconds (343.47 k allocations: 90.695 MiB, 9.46% gc time)


  0.048263 seconds (343.46 k allocations: 90.695 MiB, 13.91% gc time)


  0.045932 seconds (343.47 k allocations: 90.695 MiB, 9.67% gc time)


  0.048111 seconds (343.46 k allocations: 90.695 MiB, 13.61% gc time)


  0.045916 seconds (343.47 k allocations: 90.695 MiB, 9.36% gc time)


  0.048182 seconds (343.46 k allocations: 90.694 MiB, 13.77% gc time)


  0.048134 seconds (343.46 k allocations: 90.695 MiB, 13.22% gc time)


  0.045990 seconds (343.45 k allocations: 90.694 MiB, 9.76% gc time)


  0.048095 seconds (343.48 k allocations: 90.696 MiB, 13.69% gc time)


  0.045916 seconds (343.46 k allocations: 90.694 MiB, 9.38% gc time)


  0.048428 seconds (343.46 k allocations: 90.694 MiB, 13.90% gc time)


  0.045776 seconds (343.46 k allocations: 90.694 MiB, 9.20% gc time)


  0.045984 seconds (343.46 k allocations: 90.695 MiB, 9.69% gc time)


  0.048051 seconds (343.47 k allocations: 90.695 MiB, 13.51% gc time)


Numero de qubits: 30 
Threads (LinearAlgebra) :15
Threads (Julia) :1


  0.051760 seconds (355.92 k allocations: 94.423 MiB, 16.50% gc time)


  0.081033 seconds (355.90 k allocations: 94.421 MiB, 33.60% gc time)


  0.050097 seconds (355.91 k allocations: 94.422 MiB, 11.17% gc time)


  0.049031 seconds (355.91 k allocations: 94.422 MiB, 11.64% gc time)


  0.048698 seconds (355.90 k allocations: 94.421 MiB, 10.47% gc time)


  0.048098 seconds (355.91 k allocations: 94.422 MiB, 9.67% gc time)


  0.050168 seconds (355.91 k allocations: 94.422 MiB, 13.28% gc time)


  0.048034 seconds (355.90 k allocations: 94.421 MiB, 9.35% gc time)


  0.050162 seconds (355.90 k allocations: 94.422 MiB, 13.26% gc time)


  0.050214 seconds (355.90 k allocations: 94.421 MiB, 13.00% gc time)


  0.047734 seconds (355.90 k allocations: 94.421 MiB, 9.12% gc time)


  0.047384 seconds (355.90 k allocations: 94.422 MiB, 8.95% gc time)


  0.050428 seconds (355.90 k allocations: 94.421 MiB, 13.37% gc time)


  0.050144 seconds (355.90 k allocations: 94.421 MiB, 13.18% gc time)


  0.047779 seconds (355.90 k allocations: 94.421 MiB, 8.96% gc time)


  0.050407 seconds (355.91 k allocations: 94.422 MiB, 13.45% gc time)


  0.049900 seconds (355.90 k allocations: 94.422 MiB, 13.00% gc time)


  0.050244 seconds (355.89 k allocations: 94.421 MiB, 13.12% gc time)


  0.047966 seconds (355.89 k allocations: 94.421 MiB, 9.44% gc time)


  0.049920 seconds (355.90 k allocations: 94.421 MiB, 13.15% gc time)


  0.050255 seconds (355.89 k allocations: 94.421 MiB, 13.13% gc time)


Numero de qubits: 31 
Threads (LinearAlgebra) :15
Threads (Julia) :1


  0.049454 seconds (370.40 k allocations: 97.931 MiB, 8.82% gc time)


  0.059728 seconds (370.41 k allocations: 97.932 MiB, 21.15% gc time)


  0.048338 seconds (370.39 k allocations: 97.931 MiB, 6.08% gc time)


  0.050689 seconds (370.41 k allocations: 97.932 MiB, 10.64% gc time)


  0.049753 seconds (370.39 k allocations: 97.931 MiB, 9.26% gc time)


  0.052610 seconds (370.40 k allocations: 97.931 MiB, 13.60% gc time)


  0.049791 seconds (370.40 k allocations: 97.931 MiB, 9.34% gc time)


  0.055783 seconds (370.38 k allocations: 97.930 MiB, 16.17% gc time)


  0.052395 seconds (370.41 k allocations: 97.932 MiB, 13.29% gc time)


  0.049692 seconds (370.40 k allocations: 97.931 MiB, 9.31% gc time)


  0.049561 seconds (370.40 k allocations: 97.931 MiB, 9.07% gc time)


  0.052565 seconds (370.39 k allocations: 97.931 MiB, 13.69% gc time)


  0.052417 seconds (370.39 k allocations: 97.931 MiB, 13.35% gc time)


  0.049743 seconds (370.40 k allocations: 97.931 MiB, 9.11% gc time)


  0.049884 seconds (370.39 k allocations: 97.931 MiB, 9.54% gc time)


  0.051942 seconds (370.38 k allocations: 97.930 MiB, 13.41% gc time)


  0.052003 seconds (370.41 k allocations: 97.932 MiB, 12.98% gc time)


  0.052463 seconds (370.39 k allocations: 97.930 MiB, 13.51% gc time)


  0.052373 seconds (370.40 k allocations: 97.930 MiB, 13.38% gc time)


  0.049731 seconds (370.39 k allocations: 97.930 MiB, 9.09% gc time)


  0.049965 seconds (370.40 k allocations: 97.931 MiB, 9.39% gc time)


Numero de qubits: 32 
Threads (LinearAlgebra) :15
Threads (Julia) :1


  0.054232 seconds (382.92 k allocations: 101.526 MiB, 10.00% gc time)


  0.071122 seconds (382.92 k allocations: 101.526 MiB, 30.56% gc time)


  0.049933 seconds (382.91 k allocations: 101.525 MiB, 6.11% gc time)


  0.055499 seconds (382.92 k allocations: 101.526 MiB, 14.76% gc time)


  0.051687 seconds (382.91 k allocations: 101.525 MiB, 9.16% gc time)


  0.051561 seconds (382.92 k allocations: 101.526 MiB, 9.04% gc time)


  0.054182 seconds (382.93 k allocations: 101.526 MiB, 13.40% gc time)


  0.243971 seconds (382.92 k allocations: 101.526 MiB, 76.13% gc time)


  0.055720 seconds (382.93 k allocations: 101.527 MiB)


  0.083098 seconds (382.93 k allocations: 101.527 MiB, 41.42% gc time)


  0.056501 seconds (382.91 k allocations: 101.526 MiB)


  0.087885 seconds (382.92 k allocations: 101.524 MiB, 45.43% gc time)


  0.067578 seconds (382.90 k allocations: 101.525 MiB, 35.67% gc time)


  0.056773 seconds (382.92 k allocations: 101.526 MiB, 19.41% gc time)


  0.049446 seconds (382.93 k allocations: 101.526 MiB, 9.34% gc time)


  0.049201 seconds (382.91 k allocations: 101.525 MiB, 9.04% gc time)


  0.047649 seconds (382.91 k allocations: 101.526 MiB, 7.76% gc time)


  0.048603 seconds (382.92 k allocations: 101.526 MiB, 9.93% gc time)


  0.048346 seconds (382.91 k allocations: 101.525 MiB, 9.45% gc time)


  0.047771 seconds (382.91 k allocations: 101.525 MiB, 9.33% gc time)


  0.047846 seconds (382.92 k allocations: 101.526 MiB, 9.01% gc time)


Numero de qubits: 33 
Threads (LinearAlgebra) :15
Threads (Julia) :1


  0.048965 seconds (397.59 k allocations: 105.069 MiB, 7.58% gc time)


  0.061637 seconds (397.61 k allocations: 105.070 MiB, 18.35% gc time)


  0.049085 seconds (397.59 k allocations: 105.069 MiB, 4.27% gc time)


  0.052679 seconds (397.61 k allocations: 105.070 MiB, 10.81% gc time)


  0.049360 seconds (397.60 k allocations: 105.069 MiB, 6.32% gc time)


  0.049196 seconds (397.62 k allocations: 105.070 MiB, 6.15% gc time)


  0.049295 seconds (397.61 k allocations: 105.070 MiB, 6.42% gc time)


  0.048999 seconds (397.61 k allocations: 105.070 MiB, 6.10% gc time)


  0.049332 seconds (397.59 k allocations: 105.069 MiB, 6.35% gc time)


  0.048989 seconds (397.61 k allocations: 105.070 MiB, 6.26% gc time)


  0.048909 seconds (397.61 k allocations: 105.070 MiB, 5.99% gc time)


  0.049357 seconds (397.61 k allocations: 105.070 MiB, 6.48% gc time)


  0.049098 seconds (397.60 k allocations: 105.070 MiB, 6.20% gc time)


  0.051088 seconds (397.60 k allocations: 105.070 MiB, 9.05% gc time)


  0.051280 seconds (397.59 k allocations: 105.069 MiB, 9.40% gc time)


  0.051171 seconds (397.59 k allocations: 105.068 MiB, 9.24% gc time)


  0.051350 seconds (397.60 k allocations: 105.070 MiB, 9.18% gc time)


  0.051460 seconds (397.62 k allocations: 105.071 MiB, 9.51% gc time)


  0.051334 seconds (397.61 k allocations: 105.070 MiB, 9.22% gc time)


  0.051248 seconds (397.60 k allocations: 105.069 MiB, 9.06% gc time)


  0.051541 seconds (397.60 k allocations: 105.069 MiB, 9.44% gc time)


Numero de qubits: 34 
Threads (LinearAlgebra) :15
Threads (Julia) :1


  0.053197 seconds (410.39 k allocations: 108.862 MiB, 7.04% gc time)


  0.067041 seconds (410.39 k allocations: 108.863 MiB, 22.58% gc time)


  0.053946 seconds (410.38 k allocations: 108.862 MiB, 8.41% gc time)


  0.054487 seconds (410.38 k allocations: 108.863 MiB, 10.16% gc time)


  0.053701 seconds (410.39 k allocations: 108.863 MiB, 9.37% gc time)


  0.054050 seconds (410.38 k allocations: 108.862 MiB, 9.32% gc time)


  0.053833 seconds (410.38 k allocations: 108.863 MiB, 9.43% gc time)


  0.055352 seconds (410.39 k allocations: 108.863 MiB, 8.89% gc time)


  0.060130 seconds (410.39 k allocations: 108.863 MiB, 9.66% gc time)


  0.055306 seconds (410.38 k allocations: 108.863 MiB, 11.48% gc time)


  0.054509 seconds (410.37 k allocations: 108.862 MiB, 9.11% gc time)


  0.053563 seconds (410.38 k allocations: 108.863 MiB, 9.12% gc time)


  0.053616 seconds (410.39 k allocations: 108.863 MiB, 9.11% gc time)


  0.053697 seconds (410.39 k allocations: 108.862 MiB, 9.12% gc time)


  0.053678 seconds (410.38 k allocations: 108.863 MiB, 9.17% gc time)


  0.055330 seconds (410.41 k allocations: 108.864 MiB, 11.53% gc time)


  0.054207 seconds (410.40 k allocations: 108.864 MiB, 9.51% gc time)


  0.053704 seconds (410.37 k allocations: 108.862 MiB, 9.20% gc time)


  0.053795 seconds (410.38 k allocations: 108.862 MiB, 9.23% gc time)


  0.054089 seconds (410.39 k allocations: 108.863 MiB, 9.51% gc time)


  0.053832 seconds (410.39 k allocations: 108.863 MiB, 9.29% gc time)


Numero de qubits: 35 
Threads (LinearAlgebra) :15
Threads (Julia) :1


  0.074495 seconds (425.25 k allocations: 112.440 MiB, 21.37% gc time)


  0.059272 seconds (425.26 k allocations: 112.441 MiB, 10.39% gc time)


  0.055871 seconds (425.26 k allocations: 112.441 MiB, 8.31% gc time)


  0.054679 seconds (425.26 k allocations: 112.441 MiB, 6.85% gc time)


  0.056284 seconds (425.25 k allocations: 112.441 MiB, 9.49% gc time)


  0.056482 seconds (425.24 k allocations: 112.440 MiB, 9.67% gc time)


  0.056314 seconds (425.26 k allocations: 112.441 MiB, 9.38% gc time)


  0.057768 seconds (425.27 k allocations: 112.442 MiB, 11.91% gc time)


  0.056361 seconds (425.26 k allocations: 112.441 MiB, 9.40% gc time)


  0.056457 seconds (425.27 k allocations: 112.442 MiB, 9.52% gc time)


  0.057779 seconds (425.25 k allocations: 112.441 MiB, 11.77% gc time)


  0.058296 seconds (425.24 k allocations: 112.440 MiB, 8.88% gc time)


  0.058311 seconds (425.25 k allocations: 112.441 MiB, 11.96% gc time)


  0.056415 seconds (425.25 k allocations: 112.441 MiB, 9.65% gc time)


  0.056028 seconds (425.25 k allocations: 112.440 MiB, 9.30% gc time)


  0.056112 seconds (425.26 k allocations: 112.441 MiB, 9.15% gc time)


  0.056447 seconds (425.25 k allocations: 112.440 MiB, 9.52% gc time)


  0.058089 seconds (425.24 k allocations: 112.440 MiB, 11.92% gc time)


  0.056080 seconds (425.25 k allocations: 112.441 MiB, 9.30% gc time)


  0.058149 seconds (425.25 k allocations: 112.441 MiB, 12.12% gc time)


  0.056458 seconds (425.25 k allocations: 112.441 MiB, 9.66% gc time)


Numero de qubits: 36 
Threads (LinearAlgebra) :15
Threads (Julia) :1


  0.073488 seconds (438.12 k allocations: 116.110 MiB, 23.20% gc time)


  0.060630 seconds (438.12 k allocations: 116.110 MiB, 9.75% gc time)


  0.060430 seconds (438.13 k allocations: 116.110 MiB, 11.55% gc time)


  0.058924 seconds (438.12 k allocations: 116.110 MiB, 10.12% gc time)


  0.058617 seconds (438.11 k allocations: 116.110 MiB, 9.85% gc time)


  0.059852 seconds (438.13 k allocations: 116.111 MiB, 11.93% gc time)


  0.058039 seconds (438.12 k allocations: 116.110 MiB, 9.58% gc time)


  0.058333 seconds (438.12 k allocations: 116.111 MiB, 9.59% gc time)


  0.058426 seconds (438.12 k allocations: 116.111 MiB, 9.70% gc time)


  0.064689 seconds (438.13 k allocations: 116.111 MiB, 15.39% gc time)


  0.058188 seconds (438.11 k allocations: 116.110 MiB, 9.43% gc time)


  0.058228 seconds (438.13 k allocations: 116.111 MiB, 9.50% gc time)


  0.058157 seconds (438.13 k allocations: 116.111 MiB, 9.62% gc time)


  0.059466 seconds (438.12 k allocations: 116.110 MiB, 11.78% gc time)


  0.057878 seconds (438.14 k allocations: 116.112 MiB, 9.25% gc time)


  0.060152 seconds (438.13 k allocations: 116.111 MiB, 12.00% gc time)


  0.057937 seconds (438.13 k allocations: 116.111 MiB, 9.35% gc time)


  0.058053 seconds (438.12 k allocations: 116.110 MiB, 9.41% gc time)


  0.059930 seconds (438.13 k allocations: 116.111 MiB, 11.90% gc time)


  0.058228 seconds (438.12 k allocations: 116.111 MiB, 9.64% gc time)


  0.060128 seconds (438.12 k allocations: 116.111 MiB, 12.08% gc time)


Numero de qubits: 37 
Threads (LinearAlgebra) :15
Threads (Julia) :1


  0.064347 seconds (453.18 k allocations: 119.723 MiB, 9.63% gc time)


  0.084087 seconds (453.18 k allocations: 119.723 MiB, 28.79% gc time)


  0.060067 seconds (453.20 k allocations: 119.724 MiB, 8.48% gc time)


  0.061406 seconds (453.17 k allocations: 119.723 MiB, 10.71% gc time)


  0.062595 seconds (453.19 k allocations: 119.724 MiB, 12.53% gc time)


  0.060668 seconds (453.17 k allocations: 119.723 MiB, 10.09% gc time)


  0.060243 seconds (453.18 k allocations: 119.723 MiB, 9.55% gc time)


  0.060510 seconds (453.18 k allocations: 119.723 MiB, 9.73% gc time)


  0.060462 seconds (453.18 k allocations: 119.723 MiB, 9.75% gc time)


  0.060383 seconds (453.18 k allocations: 119.723 MiB, 9.92% gc time)


  0.062306 seconds (453.18 k allocations: 119.723 MiB, 12.42% gc time)


  0.060483 seconds (453.18 k allocations: 119.723 MiB, 9.62% gc time)


  0.062445 seconds (453.19 k allocations: 119.724 MiB, 12.31% gc time)


  0.060745 seconds (453.19 k allocations: 119.724 MiB, 9.88% gc time)


  0.060471 seconds (453.18 k allocations: 119.723 MiB, 9.95% gc time)


  0.062060 seconds (453.19 k allocations: 119.724 MiB, 12.12% gc time)


  0.060336 seconds (453.17 k allocations: 119.723 MiB, 9.72% gc time)


  0.060650 seconds (453.18 k allocations: 119.723 MiB, 9.69% gc time)


  0.062369 seconds (453.18 k allocations: 119.723 MiB, 12.38% gc time)


  0.060320 seconds (453.17 k allocations: 119.723 MiB, 9.78% gc time)


  0.060054 seconds (453.18 k allocations: 119.723 MiB, 9.39% gc time)


Numero de qubits: 38 
Threads (LinearAlgebra) :15
Threads (Julia) :1


  0.078865 seconds (466.31 k allocations: 123.574 MiB, 22.67% gc time)


  0.062625 seconds (466.30 k allocations: 123.573 MiB, 8.27% gc time)


  0.061618 seconds (466.31 k allocations: 123.574 MiB, 7.84% gc time)


  0.065289 seconds (466.31 k allocations: 123.574 MiB, 12.94% gc time)


  0.062565 seconds (466.31 k allocations: 123.574 MiB, 9.68% gc time)


  0.064369 seconds (466.32 k allocations: 123.574 MiB, 12.02% gc time)


  0.064474 seconds (466.30 k allocations: 123.574 MiB, 12.24% gc time)


  0.063508 seconds (466.32 k allocations: 123.575 MiB, 9.79% gc time)


  0.062795 seconds (466.32 k allocations: 123.575 MiB, 10.09% gc time)


  0.064601 seconds (466.29 k allocations: 123.573 MiB, 12.56% gc time)


  0.062406 seconds (466.32 k allocations: 123.575 MiB, 9.49% gc time)


  0.062539 seconds (466.32 k allocations: 123.575 MiB, 9.65% gc time)


  0.064768 seconds (466.31 k allocations: 123.574 MiB, 12.41% gc time)


  0.064665 seconds (466.31 k allocations: 123.574 MiB, 12.34% gc time)


  0.062724 seconds (466.32 k allocations: 123.574 MiB, 9.73% gc time)


  0.062375 seconds (466.31 k allocations: 123.573 MiB, 9.72% gc time)


  0.064523 seconds (466.31 k allocations: 123.574 MiB, 12.40% gc time)


  0.064521 seconds (466.30 k allocations: 123.574 MiB, 12.26% gc time)


  0.062593 seconds (466.31 k allocations: 123.574 MiB, 9.85% gc time)


  0.062540 seconds (466.32 k allocations: 123.575 MiB, 9.81% gc time)


  0.062326 seconds (466.31 k allocations: 123.574 MiB, 9.43% gc time)


Numero de qubits: 39 
Threads (LinearAlgebra) :15
Threads (Julia) :1


  0.084611 seconds (481.55 k allocations: 127.220 MiB, 23.84% gc time)


  0.073733 seconds (481.53 k allocations: 127.219 MiB, 15.40% gc time)


  0.064511 seconds (481.56 k allocations: 127.221 MiB, 8.96% gc time)


  0.065616 seconds (481.55 k allocations: 127.219 MiB, 10.53% gc time)


  0.065270 seconds (481.56 k allocations: 127.221 MiB, 10.31% gc time)


  0.067031 seconds (481.55 k allocations: 127.220 MiB, 12.75% gc time)


  0.064598 seconds (481.55 k allocations: 127.221 MiB, 9.90% gc time)


  0.064413 seconds (481.53 k allocations: 127.219 MiB, 9.86% gc time)


  0.066750 seconds (481.56 k allocations: 127.221 MiB, 12.49% gc time)


  0.066379 seconds (481.56 k allocations: 127.221 MiB, 12.43% gc time)


  0.064653 seconds (481.53 k allocations: 127.219 MiB, 10.00% gc time)


  0.064744 seconds (481.55 k allocations: 127.220 MiB, 10.00% gc time)


  0.064456 seconds (481.57 k allocations: 127.222 MiB, 9.67% gc time)


  0.064133 seconds (481.56 k allocations: 127.221 MiB, 9.45% gc time)


  0.064233 seconds (481.56 k allocations: 127.221 MiB, 9.52% gc time)


  0.064479 seconds (481.55 k allocations: 127.221 MiB, 9.84% gc time)


  0.066740 seconds (481.54 k allocations: 127.220 MiB, 12.42% gc time)


  0.066690 seconds (481.55 k allocations: 127.220 MiB, 12.64% gc time)


  0.066510 seconds (481.55 k allocations: 127.219 MiB, 12.47% gc time)


  0.066340 seconds (481.56 k allocations: 127.221 MiB, 12.27% gc time)


  0.064258 seconds (481.55 k allocations: 127.220 MiB, 9.70% gc time)


Numero de qubits: 40 
Threads (LinearAlgebra) :15
Threads (Julia) :1


  0.080848 seconds (494.78 k allocations: 130.958 MiB, 21.59% gc time)


  0.070151 seconds (494.78 k allocations: 130.958 MiB, 11.31% gc time)


  0.065227 seconds (494.77 k allocations: 130.958 MiB, 7.47% gc time)


  0.066843 seconds (494.77 k allocations: 130.957 MiB, 9.82% gc time)


  0.071962 seconds (494.78 k allocations: 130.958 MiB, 15.11% gc time)


  0.068361 seconds (494.75 k allocations: 130.957 MiB, 12.17% gc time)


  0.068205 seconds (494.77 k allocations: 130.958 MiB, 12.09% gc time)


  0.067867 seconds (494.76 k allocations: 130.957 MiB, 11.82% gc time)


  0.067750 seconds (494.78 k allocations: 130.959 MiB, 11.81% gc time)


  0.067876 seconds (494.75 k allocations: 130.956 MiB, 11.81% gc time)


  0.067701 seconds (494.78 k allocations: 130.958 MiB, 11.91% gc time)


  0.067678 seconds (494.79 k allocations: 130.959 MiB, 11.93% gc time)


  0.067674 seconds (494.76 k allocations: 130.957 MiB, 12.05% gc time)


  0.067438 seconds (494.77 k allocations: 130.958 MiB, 11.77% gc time)


  0.067279 seconds (494.76 k allocations: 130.957 MiB, 11.65% gc time)


  0.067127 seconds (494.75 k allocations: 130.957 MiB, 11.60% gc time)


  0.067236 seconds (494.78 k allocations: 130.958 MiB, 11.71% gc time)


  0.067529 seconds (494.78 k allocations: 130.958 MiB, 11.84% gc time)


  0.067716 seconds (494.77 k allocations: 130.958 MiB, 11.91% gc time)


  0.067575 seconds (494.77 k allocations: 130.958 MiB, 11.84% gc time)


  0.067531 seconds (494.77 k allocations: 130.957 MiB, 11.73% gc time)


Numero de qubits: 41 
Threads (LinearAlgebra) :15
Threads (Julia) :1


  0.085845 seconds (510.19 k allocations: 134.638 MiB, 20.33% gc time)


  0.071610 seconds (510.20 k allocations: 134.639 MiB, 12.02% gc time)


  0.069267 seconds (510.20 k allocations: 134.637 MiB, 10.75% gc time)


  0.068051 seconds (510.19 k allocations: 134.638 MiB, 9.73% gc time)


  0.067606 seconds (510.21 k allocations: 134.639 MiB, 9.29% gc time)


  0.067613 seconds (510.19 k allocations: 134.638 MiB, 9.58% gc time)


  0.067574 seconds (510.20 k allocations: 134.639 MiB, 9.39% gc time)


  0.067408 seconds (510.21 k allocations: 134.639 MiB, 9.40% gc time)


  0.066968 seconds (510.20 k allocations: 134.639 MiB, 9.05% gc time)


  0.069187 seconds (510.20 k allocations: 134.638 MiB, 11.65% gc time)


  0.069325 seconds (510.19 k allocations: 134.638 MiB, 11.59% gc time)


  0.069140 seconds (510.20 k allocations: 134.639 MiB, 11.46% gc time)


  0.069530 seconds (510.19 k allocations: 134.638 MiB, 11.63% gc time)


  0.069604 seconds (510.19 k allocations: 134.638 MiB, 11.74% gc time)


  0.069890 seconds (510.20 k allocations: 134.639 MiB, 11.75% gc time)


  0.069660 seconds (510.20 k allocations: 134.639 MiB, 11.55% gc time)


  0.069532 seconds (510.21 k allocations: 134.639 MiB, 11.88% gc time)


  0.069541 seconds (510.19 k allocations: 134.638 MiB, 11.91% gc time)


  0.069525 seconds (510.19 k allocations: 134.638 MiB, 11.73% gc time)


  0.069640 seconds (510.22 k allocations: 134.640 MiB, 11.80% gc time)


  0.069224 seconds (510.20 k allocations: 134.639 MiB, 11.65% gc time)


Numero de qubits: 42 
Threads (LinearAlgebra) :15
Threads (Julia) :1


  0.083067 seconds (523.67 k allocations: 138.555 MiB, 17.23% gc time)


  0.074438 seconds (523.67 k allocations: 138.555 MiB, 12.21% gc time)


  0.071082 seconds (523.68 k allocations: 138.555 MiB, 10.26% gc time)


  0.255565 seconds (523.66 k allocations: 138.554 MiB, 74.44% gc time)


  0.109372 seconds (523.68 k allocations: 138.555 MiB, 29.09% gc time)


  0.070193 seconds (523.67 k allocations: 138.555 MiB)


  0.111795 seconds (523.68 k allocations: 138.555 MiB, 37.95% gc time)


  0.094465 seconds (523.68 k allocations: 138.555 MiB, 24.77% gc time)


  0.097714 seconds (523.68 k allocations: 138.555 MiB, 19.44% gc time)


  0.067193 seconds (523.67 k allocations: 138.554 MiB, 7.04% gc time)


  0.067593 seconds (523.69 k allocations: 138.556 MiB, 8.57% gc time)


  0.068081 seconds (523.67 k allocations: 138.555 MiB, 9.72% gc time)


  0.067600 seconds (523.67 k allocations: 138.555 MiB, 9.40% gc time)


  0.067416 seconds (523.67 k allocations: 138.555 MiB, 9.10% gc time)


  0.067628 seconds (523.68 k allocations: 138.556 MiB, 9.15% gc time)


  0.067718 seconds (523.69 k allocations: 138.556 MiB, 9.13% gc time)


  0.067806 seconds (523.67 k allocations: 138.555 MiB, 9.03% gc time)


  0.067839 seconds (523.67 k allocations: 138.554 MiB, 9.17% gc time)


  0.068043 seconds (523.69 k allocations: 138.556 MiB, 9.22% gc time)


  0.067915 seconds (523.69 k allocations: 138.556 MiB, 9.16% gc time)


  0.069129 seconds (523.67 k allocations: 138.555 MiB, 10.79% gc time)


Numero de qubits: 43 
Threads (LinearAlgebra) :15
Threads (Julia) :1


  0.082934 seconds (539.27 k allocations: 142.269 MiB, 16.30% gc time)


  0.073845 seconds (539.28 k allocations: 142.269 MiB, 10.14% gc time)


  0.070288 seconds (539.29 k allocations: 142.270 MiB, 8.21% gc time)


  0.070719 seconds (539.30 k allocations: 142.270 MiB, 9.56% gc time)


  0.070359 seconds (539.28 k allocations: 142.269 MiB, 9.21% gc time)


  0.070059 seconds (539.28 k allocations: 142.269 MiB, 9.05% gc time)


  0.070451 seconds (539.30 k allocations: 142.270 MiB, 9.27% gc time)


  0.071665 seconds (539.29 k allocations: 142.270 MiB, 10.88% gc time)


  0.070457 seconds (539.27 k allocations: 142.269 MiB, 9.36% gc time)


  0.070526 seconds (539.30 k allocations: 142.270 MiB, 9.23% gc time)


  0.070444 seconds (539.29 k allocations: 142.270 MiB, 9.22% gc time)


  0.070601 seconds (539.29 k allocations: 142.270 MiB, 9.35% gc time)


  0.070634 seconds (539.30 k allocations: 142.271 MiB, 9.26% gc time)


  0.070302 seconds (539.30 k allocations: 142.270 MiB, 9.20% gc time)


  0.070814 seconds (539.28 k allocations: 142.269 MiB, 9.42% gc time)


  0.070899 seconds (539.28 k allocations: 142.269 MiB, 9.42% gc time)


  0.070716 seconds (539.29 k allocations: 142.270 MiB, 9.51% gc time)


  0.070996 seconds (539.30 k allocations: 142.270 MiB, 9.54% gc time)


  0.072402 seconds (539.29 k allocations: 142.270 MiB, 11.36% gc time)


  0.070981 seconds (539.29 k allocations: 142.270 MiB, 9.76% gc time)


  0.071120 seconds (539.30 k allocations: 142.270 MiB, 9.63% gc time)


Numero de qubits: 44 
Threads (LinearAlgebra) :15
Threads (Julia) :1


  0.088826 seconds (552.86 k allocations: 146.075 MiB, 19.08% gc time)


  0.072123 seconds (552.88 k allocations: 146.076 MiB, 7.39% gc time)


  0.074984 seconds (552.86 k allocations: 146.075 MiB, 11.19% gc time)


  0.073626 seconds (552.86 k allocations: 146.074 MiB, 10.07% gc time)


  0.073518 seconds (552.83 k allocations: 146.073 MiB, 10.05% gc time)


  0.073320 seconds (552.86 k allocations: 146.075 MiB, 9.96% gc time)


  0.073392 seconds (552.86 k allocations: 146.075 MiB, 10.09% gc time)


  0.073766 seconds (552.85 k allocations: 146.075 MiB, 10.18% gc time)


  0.073587 seconds (552.84 k allocations: 146.074 MiB, 10.07% gc time)


  0.073429 seconds (552.87 k allocations: 146.076 MiB, 9.91% gc time)


  0.073623 seconds (552.84 k allocations: 146.074 MiB, 10.12% gc time)


  0.082438 seconds (552.85 k allocations: 146.074 MiB, 15.52% gc time)


  0.074277 seconds (552.87 k allocations: 146.075 MiB, 9.92% gc time)


  0.073952 seconds (552.85 k allocations: 146.073 MiB, 9.97% gc time)


  0.073684 seconds (552.85 k allocations: 146.075 MiB, 10.04% gc time)


  0.075211 seconds (552.86 k allocations: 146.074 MiB, 11.94% gc time)


  0.073798 seconds (552.86 k allocations: 146.075 MiB, 10.17% gc time)


  0.073663 seconds (552.87 k allocations: 146.076 MiB, 10.06% gc time)


  0.073611 seconds (552.86 k allocations: 146.074 MiB, 10.04% gc time)


  0.073679 seconds (552.86 k allocations: 146.075 MiB, 10.02% gc time)


  0.073807 seconds (552.85 k allocations: 146.074 MiB, 10.14% gc time)


Numero de qubits: 45 
Threads (LinearAlgebra) :15
Threads (Julia) :1


  0.092401 seconds (568.64 k allocations: 149.823 MiB, 16.11% gc time)


  0.080356 seconds (568.67 k allocations: 149.825 MiB, 13.30% gc time)


  0.078809 seconds (568.66 k allocations: 149.823 MiB, 10.60% gc time)


  0.075864 seconds (568.65 k allocations: 149.822 MiB, 9.39% gc time)


  0.076837 seconds (568.67 k allocations: 149.824 MiB, 10.75% gc time)


  0.076077 seconds (568.65 k allocations: 149.823 MiB, 10.32% gc time)


  0.075517 seconds (568.66 k allocations: 149.824 MiB, 9.81% gc time)


  0.076116 seconds (568.66 k allocations: 149.824 MiB, 10.26% gc time)


  0.076272 seconds (568.65 k allocations: 149.823 MiB, 10.46% gc time)


  0.076158 seconds (568.64 k allocations: 149.822 MiB, 10.28% gc time)


  0.076094 seconds (568.65 k allocations: 149.823 MiB, 10.26% gc time)


  0.076178 seconds (568.64 k allocations: 149.823 MiB, 10.38% gc time)


  0.076248 seconds (568.66 k allocations: 149.824 MiB, 10.43% gc time)


  0.076282 seconds (568.65 k allocations: 149.824 MiB, 10.39% gc time)


  0.076475 seconds (568.66 k allocations: 149.824 MiB, 10.45% gc time)


  0.076645 seconds (568.64 k allocations: 149.823 MiB, 10.52% gc time)


  0.076328 seconds (568.64 k allocations: 149.823 MiB, 10.45% gc time)


  0.076087 seconds (568.66 k allocations: 149.823 MiB, 10.38% gc time)


  0.076237 seconds (568.65 k allocations: 149.824 MiB, 10.44% gc time)


  0.076192 seconds (568.67 k allocations: 149.824 MiB, 10.55% gc time)


  0.076148 seconds (568.67 k allocations: 149.825 MiB, 10.37% gc time)


Numero de qubits: 46 
Threads (LinearAlgebra) :15
Threads (Julia) :1


  0.091827 seconds (582.50 k allocations: 153.808 MiB, 16.98% gc time)


  0.076702 seconds (582.49 k allocations: 153.804 MiB, 7.78% gc time)


  0.077320 seconds (582.48 k allocations: 153.806 MiB, 8.98% gc time)


  0.077126 seconds (582.49 k allocations: 153.807 MiB, 9.84% gc time)


  0.079236 seconds (582.49 k allocations: 153.806 MiB, 12.17% gc time)


  0.079260 seconds (582.48 k allocations: 153.806 MiB, 12.01% gc time)


  0.079722 seconds (582.49 k allocations: 153.806 MiB, 12.26% gc time)


  0.077931 seconds (582.49 k allocations: 153.806 MiB, 10.47% gc time)


  0.079649 seconds (582.50 k allocations: 153.807 MiB, 12.30% gc time)


  0.077720 seconds (582.48 k allocations: 153.805 MiB, 10.42% gc time)


  0.078051 seconds (582.49 k allocations: 153.806 MiB, 10.38% gc time)


  0.080049 seconds (582.49 k allocations: 153.807 MiB, 12.60% gc time)


  0.079281 seconds (582.50 k allocations: 153.807 MiB, 10.85% gc time)


  0.078498 seconds (582.49 k allocations: 153.807 MiB, 10.85% gc time)


  0.078503 seconds (582.48 k allocations: 153.806 MiB, 10.76% gc time)


  0.078218 seconds (582.49 k allocations: 153.806 MiB, 10.67% gc time)


  0.078402 seconds (582.48 k allocations: 153.806 MiB, 10.67% gc time)


  0.078410 seconds (582.47 k allocations: 153.805 MiB, 10.72% gc time)


  0.078345 seconds (582.49 k allocations: 153.806 MiB, 10.55% gc time)


  0.078586 seconds (582.46 k allocations: 153.805 MiB, 10.60% gc time)


  0.078770 seconds (582.47 k allocations: 153.805 MiB, 10.65% gc time)


Numero de qubits: 47 
Threads (LinearAlgebra) :15
Threads (Julia) :1


  0.100136 seconds (598.47 k allocations: 157.589 MiB, 20.59% gc time)


  0.088114 seconds (598.46 k allocations: 157.588 MiB, 14.44% gc time)


  0.080542 seconds (598.48 k allocations: 157.590 MiB, 10.04% gc time)


  0.081628 seconds (598.48 k allocations: 157.590 MiB, 11.30% gc time)


  0.081276 seconds (598.48 k allocations: 157.590 MiB, 11.11% gc time)


  0.080873 seconds (598.46 k allocations: 157.588 MiB, 10.91% gc time)


  0.081020 seconds (598.48 k allocations: 157.590 MiB, 10.79% gc time)


  0.080932 seconds (598.46 k allocations: 157.589 MiB, 10.78% gc time)


  0.081221 seconds (598.45 k allocations: 157.588 MiB, 10.90% gc time)


  0.081062 seconds (598.47 k allocations: 157.589 MiB, 10.98% gc time)


  0.081037 seconds (598.46 k allocations: 157.587 MiB, 10.87% gc time)


  0.080798 seconds (598.48 k allocations: 157.589 MiB, 10.82% gc time)


  0.081012 seconds (598.48 k allocations: 157.590 MiB, 10.90% gc time)


  0.080788 seconds (598.46 k allocations: 157.589 MiB, 10.76% gc time)


  0.081021 seconds (598.46 k allocations: 157.587 MiB, 10.78% gc time)


  0.080778 seconds (598.47 k allocations: 157.589 MiB, 10.74% gc time)


  0.080217 seconds (598.48 k allocations: 157.590 MiB, 10.62% gc time)


  0.080843 seconds (598.47 k allocations: 157.589 MiB, 10.80% gc time)


  0.082818 seconds (598.45 k allocations: 157.588 MiB, 12.78% gc time)


  0.080839 seconds (598.47 k allocations: 157.589 MiB, 10.91% gc time)


  0.080693 seconds (598.49 k allocations: 157.590 MiB, 10.89% gc time)


Numero de qubits: 48 
Threads (LinearAlgebra) :15
Threads (Julia) :1


  0.092715 seconds (612.40 k allocations: 161.473 MiB, 13.82% gc time)


  0.080501 seconds (612.38 k allocations: 161.472 MiB, 7.68% gc time)


  0.082027 seconds (612.38 k allocations: 161.472 MiB, 9.13% gc time)


  0.083613 seconds (612.37 k allocations: 161.471 MiB, 11.17% gc time)


  0.083300 seconds (612.38 k allocations: 161.472 MiB, 11.04% gc time)


  0.084891 seconds (612.38 k allocations: 161.472 MiB, 11.07% gc time)


  0.083371 seconds (612.39 k allocations: 161.473 MiB, 10.96% gc time)


  0.083115 seconds (612.38 k allocations: 161.472 MiB, 10.94% gc time)


  0.083314 seconds (612.38 k allocations: 161.472 MiB, 11.05% gc time)


  0.083063 seconds (612.39 k allocations: 161.472 MiB, 11.01% gc time)


  0.083097 seconds (612.39 k allocations: 161.472 MiB, 11.03% gc time)


  0.083214 seconds (612.39 k allocations: 161.473 MiB, 10.87% gc time)


  0.083116 seconds (612.38 k allocations: 161.472 MiB, 10.93% gc time)


  0.083010 seconds (612.38 k allocations: 161.472 MiB, 10.89% gc time)


  0.084951 seconds (612.39 k allocations: 161.473 MiB, 12.88% gc time)


  0.082966 seconds (612.38 k allocations: 161.472 MiB, 10.95% gc time)


  0.082878 seconds (612.38 k allocations: 161.472 MiB, 10.96% gc time)


  0.083009 seconds (612.37 k allocations: 161.472 MiB, 10.92% gc time)


  0.082828 seconds (612.38 k allocations: 161.472 MiB, 10.86% gc time)


  0.082918 seconds (612.38 k allocations: 161.472 MiB, 10.81% gc time)


  0.083294 seconds (612.37 k allocations: 161.472 MiB, 11.00% gc time)


Numero de qubits: 49 
Threads (LinearAlgebra) :15
Threads (Julia) :1


  0.101052 seconds (628.57 k allocations: 165.291 MiB, 15.96% gc time)


  0.086737 seconds (628.55 k allocations: 165.290 MiB, 10.54% gc time)


  0.084517 seconds (628.55 k allocations: 165.290 MiB, 10.01% gc time)


  0.083503 seconds (628.54 k allocations: 165.289 MiB, 9.12% gc time)


  0.085738 seconds (628.57 k allocations: 165.291 MiB, 11.28% gc time)


  0.085819 seconds (628.57 k allocations: 165.291 MiB, 11.37% gc time)


  0.085410 seconds (628.56 k allocations: 165.290 MiB, 11.21% gc time)


  0.085682 seconds (628.55 k allocations: 165.289 MiB, 11.29% gc time)


  0.085440 seconds (628.58 k allocations: 165.292 MiB, 11.34% gc time)


  0.085447 seconds (628.57 k allocations: 165.291 MiB, 11.15% gc time)


  0.085648 seconds (628.56 k allocations: 165.290 MiB, 11.17% gc time)


  0.085723 seconds (628.54 k allocations: 165.290 MiB, 11.28% gc time)


  0.266846 seconds (628.55 k allocations: 165.290 MiB, 71.04% gc time)


  0.103165 seconds (628.55 k allocations: 165.290 MiB, 13.59% gc time)


  0.101288 seconds (628.57 k allocations: 165.290 MiB, 10.84% gc time)


  0.098410 seconds (628.56 k allocations: 165.290 MiB, 15.65% gc time)


  0.091592 seconds (628.56 k allocations: 165.290 MiB, 13.70% gc time)


  0.081601 seconds (628.53 k allocations: 165.289 MiB, 8.60% gc time)


  0.080689 seconds (628.57 k allocations: 165.291 MiB, 8.77% gc time)


  0.079830 seconds (628.55 k allocations: 165.290 MiB, 8.37% gc time)


  0.081054 seconds (628.56 k allocations: 165.290 MiB, 9.78% gc time)


Numero de qubits: 50 
Threads (LinearAlgebra) :15
Threads (Julia) :1


  0.093440 seconds (642.73 k allocations: 169.338 MiB, 12.53% gc time)


  0.084050 seconds (642.72 k allocations: 169.337 MiB, 8.63% gc time)


  0.082979 seconds (642.73 k allocations: 169.339 MiB, 8.71% gc time)


  0.083897 seconds (642.74 k allocations: 169.339 MiB, 9.79% gc time)


  0.082573 seconds (642.72 k allocations: 169.338 MiB, 8.36% gc time)


  0.083925 seconds (642.73 k allocations: 169.338 MiB, 9.99% gc time)


  0.084117 seconds (642.73 k allocations: 169.338 MiB, 10.03% gc time)


  0.083208 seconds (642.74 k allocations: 169.339 MiB, 8.60% gc time)


  0.084999 seconds (642.74 k allocations: 169.338 MiB, 10.29% gc time)


  0.083420 seconds (642.73 k allocations: 169.337 MiB, 8.71% gc time)


  0.083108 seconds (642.74 k allocations: 169.339 MiB, 8.48% gc time)


  0.085191 seconds (642.75 k allocations: 169.340 MiB, 10.40% gc time)


  0.084123 seconds (642.72 k allocations: 169.338 MiB, 8.90% gc time)


  0.085561 seconds (642.73 k allocations: 169.339 MiB, 10.38% gc time)


  0.084118 seconds (642.73 k allocations: 169.339 MiB, 8.97% gc time)


  0.083972 seconds (642.74 k allocations: 169.339 MiB, 8.92% gc time)


  0.085475 seconds (642.73 k allocations: 169.338 MiB, 10.48% gc time)


  0.084095 seconds (642.73 k allocations: 169.339 MiB, 9.06% gc time)


  0.085952 seconds (642.72 k allocations: 169.338 MiB, 10.71% gc time)


  0.084338 seconds (642.74 k allocations: 169.339 MiB, 9.15% gc time)


  0.086180 seconds (642.73 k allocations: 169.339 MiB, 10.83% gc time)


Numero de qubits: 51 
Threads (LinearAlgebra) :15
Threads (Julia) :1


  0.096626 seconds (659.09 k allocations: 173.190 MiB, 12.43% gc time)


  0.087871 seconds (659.09 k allocations: 173.190 MiB, 9.53% gc time)


  0.087683 seconds (659.10 k allocations: 173.190 MiB, 9.90% gc time)


  0.087013 seconds (659.10 k allocations: 173.190 MiB, 9.51% gc time)


  0.088950 seconds (659.09 k allocations: 173.190 MiB, 11.24% gc time)


  0.087056 seconds (659.08 k allocations: 173.189 MiB, 9.59% gc time)


  0.087028 seconds (659.08 k allocations: 173.190 MiB, 9.55% gc time)


  0.086821 seconds (659.08 k allocations: 173.189 MiB, 9.39% gc time)


  0.087053 seconds (659.08 k allocations: 173.189 MiB, 9.49% gc time)


  0.087134 seconds (659.08 k allocations: 173.190 MiB, 9.49% gc time)


  0.089139 seconds (659.10 k allocations: 173.190 MiB, 11.27% gc time)


  0.087425 seconds (659.10 k allocations: 173.191 MiB, 9.71% gc time)


  0.089156 seconds (659.10 k allocations: 173.191 MiB, 11.38% gc time)


  0.087674 seconds (659.09 k allocations: 173.190 MiB, 9.89% gc time)


  0.087535 seconds (659.08 k allocations: 173.189 MiB, 9.94% gc time)


  0.087430 seconds (659.07 k allocations: 173.189 MiB, 9.78% gc time)


  0.087303 seconds (659.09 k allocations: 173.190 MiB, 9.92% gc time)


  0.087459 seconds (659.09 k allocations: 173.190 MiB, 9.79% gc time)


  0.087541 seconds (659.09 k allocations: 173.190 MiB, 9.90% gc time)


  0.087638 seconds (659.07 k allocations: 173.189 MiB, 10.01% gc time)


  0.089503 seconds (659.09 k allocations: 173.190 MiB, 11.71% gc time)


Numero de qubits: 52 
Threads (LinearAlgebra) :15
Threads (Julia) :1


  0.099124 seconds (673.35 k allocations: 177.106 MiB, 12.56% gc time)


  0.090456 seconds (673.36 k allocations: 177.107 MiB, 10.03% gc time)


  0.090614 seconds (673.35 k allocations: 177.106 MiB, 10.72% gc time)


  0.090130 seconds (673.36 k allocations: 177.107 MiB, 10.40% gc time)


  0.090034 seconds (673.34 k allocations: 177.105 MiB, 10.45% gc time)


  0.090310 seconds (673.36 k allocations: 177.106 MiB, 10.32% gc time)


  0.090196 seconds (673.35 k allocations: 177.106 MiB, 10.27% gc time)


  0.090265 seconds (673.36 k allocations: 177.106 MiB, 10.45% gc time)


  0.092091 seconds (673.35 k allocations: 177.105 MiB, 11.89% gc time)


  0.096601 seconds (673.36 k allocations: 177.106 MiB, 10.93% gc time)


  0.090836 seconds (673.34 k allocations: 177.105 MiB, 10.42% gc time)


  0.092511 seconds (673.34 k allocations: 177.105 MiB, 12.16% gc time)


  0.090433 seconds (673.36 k allocations: 177.106 MiB, 10.57% gc time)


  0.090377 seconds (673.35 k allocations: 177.106 MiB, 10.57% gc time)


  0.092434 seconds (673.34 k allocations: 177.105 MiB, 12.11% gc time)


  0.090862 seconds (673.34 k allocations: 177.105 MiB, 10.80% gc time)


  0.090636 seconds (673.34 k allocations: 177.105 MiB, 10.85% gc time)


  0.090721 seconds (673.34 k allocations: 177.105 MiB, 10.58% gc time)


  0.090730 seconds (673.34 k allocations: 177.105 MiB, 10.66% gc time)


  0.090955 seconds (673.34 k allocations: 177.105 MiB, 10.81% gc time)


  0.090919 seconds (673.36 k allocations: 177.106 MiB, 10.63% gc time)


Numero de qubits: 53 
Threads (LinearAlgebra) :15
Threads (Julia) :1


  0.103415 seconds (689.90 k allocations: 180.992 MiB, 12.40% gc time)


  0.093503 seconds (689.89 k allocations: 180.991 MiB, 10.76% gc time)


  0.091354 seconds (689.89 k allocations: 180.991 MiB, 9.26% gc time)


  0.092808 seconds (689.89 k allocations: 180.991 MiB, 10.63% gc time)


  0.093012 seconds (689.89 k allocations: 180.991 MiB, 10.97% gc time)


  0.092893 seconds (689.88 k allocations: 180.990 MiB, 10.90% gc time)


  0.092919 seconds (689.89 k allocations: 180.991 MiB, 10.99% gc time)


  0.092807 seconds (689.90 k allocations: 180.992 MiB, 10.87% gc time)


  0.093894 seconds (689.89 k allocations: 180.991 MiB, 10.93% gc time)


  0.093221 seconds (689.87 k allocations: 180.990 MiB, 10.91% gc time)


  0.095153 seconds (689.91 k allocations: 180.992 MiB, 12.46% gc time)


  0.092903 seconds (689.91 k allocations: 180.992 MiB, 11.08% gc time)


  0.093361 seconds (689.89 k allocations: 180.991 MiB, 11.10% gc time)


  0.093110 seconds (689.89 k allocations: 180.991 MiB, 10.90% gc time)


  0.093264 seconds (689.90 k allocations: 180.992 MiB, 10.79% gc time)


  0.093370 seconds (689.89 k allocations: 180.991 MiB, 10.97% gc time)


  0.093229 seconds (689.88 k allocations: 180.990 MiB, 10.62% gc time)


  0.093315 seconds (689.89 k allocations: 180.991 MiB, 11.20% gc time)


  0.093690 seconds (689.89 k allocations: 180.991 MiB, 11.13% gc time)


  0.093009 seconds (689.88 k allocations: 180.990 MiB, 10.69% gc time)


  0.093406 seconds (689.88 k allocations: 180.991 MiB, 11.16% gc time)


Numero de qubits: 54 
Threads (LinearAlgebra) :15
Threads (Julia) :1


  0.103326 seconds (704.41 k allocations: 185.142 MiB, 12.46% gc time)


  0.096816 seconds (704.41 k allocations: 185.142 MiB, 11.14% gc time)


  0.097188 seconds (704.43 k allocations: 185.143 MiB, 12.11% gc time)


  0.096477 seconds (704.40 k allocations: 185.142 MiB, 11.33% gc time)


  0.096323 seconds (704.40 k allocations: 185.141 MiB, 11.19% gc time)


  0.096444 seconds (704.43 k allocations: 185.142 MiB, 11.36% gc time)


  0.096698 seconds (704.42 k allocations: 185.142 MiB, 11.50% gc time)


  0.096436 seconds (704.41 k allocations: 185.142 MiB, 11.33% gc time)


  0.096262 seconds (704.41 k allocations: 185.142 MiB, 11.24% gc time)


  0.096183 seconds (704.40 k allocations: 185.141 MiB, 11.28% gc time)


  0.096656 seconds (704.41 k allocations: 185.142 MiB, 11.52% gc time)


  0.106142 seconds (704.42 k allocations: 185.143 MiB, 14.58% gc time)


  0.096337 seconds (704.40 k allocations: 185.141 MiB, 11.16% gc time)


  0.096182 seconds (704.41 k allocations: 185.142 MiB, 11.21% gc time)


  0.096461 seconds (704.42 k allocations: 185.142 MiB, 11.33% gc time)


  0.096425 seconds (704.42 k allocations: 185.143 MiB, 11.32% gc time)


  0.095886 seconds (704.41 k allocations: 185.142 MiB, 11.20% gc time)


  0.096012 seconds (704.43 k allocations: 185.143 MiB, 11.16% gc time)


  0.096343 seconds (704.42 k allocations: 185.143 MiB, 11.24% gc time)


  0.096065 seconds (704.42 k allocations: 185.143 MiB, 11.28% gc time)


  0.096217 seconds (704.42 k allocations: 185.143 MiB, 11.33% gc time)


Numero de qubits: 55 
Threads (LinearAlgebra) :15
Threads (Julia) :1


  0.114454 seconds (721.15 k allocations: 189.062 MiB, 14.79% gc time)


  0.094880 seconds (721.14 k allocations: 189.062 MiB, 8.03% gc time)


  0.096579 seconds (721.14 k allocations: 189.062 MiB, 9.87% gc time)


  0.098759 seconds (721.14 k allocations: 189.062 MiB, 11.75% gc time)


  0.098193 seconds (721.15 k allocations: 189.062 MiB, 11.36% gc time)


  0.095814 seconds (721.14 k allocations: 189.062 MiB, 9.32% gc time)


  0.097960 seconds (721.15 k allocations: 189.063 MiB, 11.47% gc time)


  0.098380 seconds (721.14 k allocations: 189.062 MiB, 11.27% gc time)


  0.098318 seconds (721.16 k allocations: 189.062 MiB, 11.27% gc time)


  0.098292 seconds (721.16 k allocations: 189.063 MiB, 11.18% gc time)


  0.098647 seconds (721.16 k allocations: 189.062 MiB, 11.57% gc time)


  0.262704 seconds (721.14 k allocations: 189.062 MiB, 66.24% gc time)


  0.117782 seconds (721.16 k allocations: 189.063 MiB, 14.92% gc time)


  0.119037 seconds (721.15 k allocations: 189.063 MiB, 15.82% gc time)


  0.107676 seconds (721.14 k allocations: 189.062 MiB, 12.96% gc time)


  0.103880 seconds (721.12 k allocations: 189.061 MiB, 14.13% gc time)


  0.091730 seconds (721.15 k allocations: 189.063 MiB, 7.12% gc time)


  0.093309 seconds (721.15 k allocations: 189.063 MiB, 9.48% gc time)


  0.092551 seconds (721.14 k allocations: 189.062 MiB, 9.03% gc time)


  0.092682 seconds (721.14 k allocations: 189.062 MiB, 9.09% gc time)


  0.093040 seconds (721.16 k allocations: 189.063 MiB, 9.19% gc time)


Numero de qubits: 56 
Threads (LinearAlgebra) :15
Threads (Julia) :1


  0.106711 seconds (735.76 k allocations: 193.044 MiB, 12.74% gc time)


  0.098413 seconds (735.77 k allocations: 193.045 MiB, 10.52% gc time)


  0.095939 seconds (735.74 k allocations: 193.043 MiB, 9.43% gc time)


  0.095776 seconds (735.74 k allocations: 193.043 MiB, 9.47% gc time)


  0.094912 seconds (735.76 k allocations: 193.045 MiB, 8.33% gc time)


  0.094500 seconds (735.77 k allocations: 193.045 MiB, 8.27% gc time)


  0.094822 seconds (735.75 k allocations: 193.044 MiB, 8.34% gc time)


  0.094856 seconds (735.76 k allocations: 193.045 MiB, 8.36% gc time)


  0.095344 seconds (735.77 k allocations: 193.045 MiB, 8.45% gc time)


  0.094725 seconds (735.75 k allocations: 193.043 MiB, 8.08% gc time)


  0.095179 seconds (735.76 k allocations: 193.044 MiB, 8.38% gc time)


  0.095473 seconds (735.75 k allocations: 193.044 MiB, 8.47% gc time)


  0.095541 seconds (735.77 k allocations: 193.045 MiB, 8.47% gc time)


  0.097184 seconds (735.76 k allocations: 193.044 MiB, 9.94% gc time)


  0.096459 seconds (735.75 k allocations: 193.044 MiB, 8.76% gc time)


  0.095694 seconds (735.77 k allocations: 193.044 MiB, 8.65% gc time)


  0.096088 seconds (735.76 k allocations: 193.044 MiB, 8.73% gc time)


  0.095935 seconds (735.74 k allocations: 193.042 MiB, 8.69% gc time)


  0.096036 seconds (735.76 k allocations: 193.045 MiB, 8.78% gc time)


  0.097572 seconds (735.76 k allocations: 193.044 MiB, 10.08% gc time)


  0.096320 seconds (735.76 k allocations: 193.043 MiB, 8.98% gc time)


Numero de qubits: 57 
Threads (LinearAlgebra) :15
Threads (Julia) :1


  0.114624 seconds (752.70 k allocations: 196.999 MiB, 15.45% gc time)


  0.101458 seconds (752.69 k allocations: 196.999 MiB, 10.08% gc time)


  0.100153 seconds (752.67 k allocations: 196.998 MiB, 9.98% gc time)


  0.099339 seconds (752.66 k allocations: 196.997 MiB, 9.27% gc time)


  0.101022 seconds (752.67 k allocations: 196.998 MiB, 10.74% gc time)


  0.101124 seconds (752.68 k allocations: 196.998 MiB, 10.79% gc time)


  0.099452 seconds (752.69 k allocations: 196.999 MiB, 9.27% gc time)


  0.099448 seconds (752.67 k allocations: 196.998 MiB, 9.17% gc time)


  0.099371 seconds (752.67 k allocations: 196.998 MiB, 9.18% gc time)


  0.101523 seconds (752.68 k allocations: 196.998 MiB, 10.93% gc time)


  0.101426 seconds (752.68 k allocations: 196.998 MiB, 10.79% gc time)


  0.099998 seconds (752.67 k allocations: 196.998 MiB, 9.48% gc time)


  0.100025 seconds (752.69 k allocations: 196.999 MiB, 9.54% gc time)


  0.101901 seconds (752.65 k allocations: 196.997 MiB, 11.07% gc time)


  0.101505 seconds (752.67 k allocations: 196.998 MiB, 10.93% gc time)


  0.100046 seconds (752.67 k allocations: 196.998 MiB, 9.60% gc time)


  0.100123 seconds (752.68 k allocations: 196.998 MiB, 9.55% gc time)


  0.102141 seconds (752.67 k allocations: 196.998 MiB, 11.13% gc time)


  0.101832 seconds (752.66 k allocations: 196.997 MiB, 11.12% gc time)


  0.100316 seconds (752.68 k allocations: 196.998 MiB, 9.87% gc time)


  0.100351 seconds (752.67 k allocations: 196.998 MiB, 9.72% gc time)


Numero de qubits: 58 
Threads (LinearAlgebra) :15
Threads (Julia) :1


  0.116480 seconds (767.54 k allocations: 201.178 MiB, 11.50% gc time)


  0.101908 seconds (767.54 k allocations: 201.176 MiB, 8.90% gc time)


  0.104681 seconds (767.54 k allocations: 201.177 MiB, 11.47% gc time)


  0.102623 seconds (767.53 k allocations: 201.177 MiB, 9.75% gc time)


  0.102662 seconds (767.54 k allocations: 201.178 MiB, 9.57% gc time)


  0.102388 seconds (767.56 k allocations: 201.179 MiB, 9.48% gc time)


  0.102553 seconds (767.53 k allocations: 201.177 MiB, 9.46% gc time)


  0.102732 seconds (767.53 k allocations: 201.177 MiB, 9.52% gc time)


  0.103121 seconds (767.54 k allocations: 201.177 MiB, 9.94% gc time)


  0.104929 seconds (767.54 k allocations: 201.178 MiB, 11.53% gc time)


  0.104841 seconds (767.55 k allocations: 201.178 MiB, 11.64% gc time)


  0.107275 seconds (767.53 k allocations: 201.177 MiB, 12.58% gc time)


  0.105519 seconds (767.53 k allocations: 201.177 MiB, 11.71% gc time)


  0.103048 seconds (767.54 k allocations: 201.177 MiB, 10.20% gc time)


  0.103340 seconds (767.55 k allocations: 201.178 MiB, 10.17% gc time)


  0.103185 seconds (767.53 k allocations: 201.176 MiB, 9.86% gc time)


  0.105318 seconds (767.54 k allocations: 201.178 MiB, 11.85% gc time)


  0.103716 seconds (767.55 k allocations: 201.178 MiB, 10.55% gc time)


  0.103613 seconds (767.55 k allocations: 201.177 MiB, 10.16% gc time)


  0.105547 seconds (767.56 k allocations: 201.178 MiB, 11.89% gc time)


  0.105532 seconds (767.55 k allocations: 201.178 MiB, 12.12% gc time)


Numero de qubits: 59 
Threads (LinearAlgebra) :15
Threads (Julia) :1


  0.117718 seconds (784.66 k allocations: 205.166 MiB, 13.24% gc time)


  0.106036 seconds (784.65 k allocations: 205.166 MiB, 10.07% gc time)


  0.107163 seconds (784.64 k allocations: 205.165 MiB, 11.20% gc time)


  0.108470 seconds (784.65 k allocations: 205.166 MiB, 12.13% gc time)


  0.106181 seconds (784.65 k allocations: 205.166 MiB, 10.59% gc time)


  0.106156 seconds (784.65 k allocations: 205.164 MiB, 10.61% gc time)


  0.108317 seconds (784.64 k allocations: 205.165 MiB, 12.30% gc time)


  0.106402 seconds (784.64 k allocations: 205.165 MiB, 10.79% gc time)


  0.106456 seconds (784.64 k allocations: 205.165 MiB, 10.36% gc time)


  0.108490 seconds (784.65 k allocations: 205.164 MiB, 12.25% gc time)


  0.106577 seconds (784.64 k allocations: 205.165 MiB, 10.80% gc time)


  0.106217 seconds (784.65 k allocations: 205.165 MiB, 10.49% gc time)


  0.108475 seconds (784.64 k allocations: 205.164 MiB, 12.18% gc time)


  0.108946 seconds (784.64 k allocations: 205.165 MiB, 12.65% gc time)


  0.106338 seconds (784.65 k allocations: 205.166 MiB, 10.70% gc time)


  0.106512 seconds (784.64 k allocations: 205.165 MiB, 10.74% gc time)


  0.108863 seconds (784.65 k allocations: 205.166 MiB, 12.60% gc time)


  0.108703 seconds (784.65 k allocations: 205.166 MiB, 12.43% gc time)


  0.106779 seconds (784.64 k allocations: 205.165 MiB, 10.73% gc time)


  0.106788 seconds (784.62 k allocations: 205.164 MiB, 10.87% gc time)


  0.108744 seconds (784.63 k allocations: 205.165 MiB, 12.47% gc time)


Numero de qubits: 60 
Threads (LinearAlgebra) :15
Threads (Julia) :1


  0.115782 seconds (799.61 k allocations: 209.254 MiB, 11.58% gc time)


  0.121972 seconds (799.61 k allocations: 209.254 MiB, 17.99% gc time)


  0.107994 seconds (799.59 k allocations: 209.253 MiB, 10.27% gc time)


  0.111977 seconds (799.60 k allocations: 209.254 MiB, 13.17% gc time)


  0.108783 seconds (799.60 k allocations: 209.253 MiB, 11.06% gc time)


  0.111785 seconds (799.61 k allocations: 209.254 MiB, 12.99% gc time)


  0.109148 seconds (799.60 k allocations: 209.254 MiB, 11.04% gc time)


  0.111617 seconds (799.60 k allocations: 209.254 MiB, 12.78% gc time)


  0.111738 seconds (799.60 k allocations: 209.254 MiB, 12.90% gc time)


  0.109270 seconds (799.59 k allocations: 209.253 MiB, 11.04% gc time)


  0.279166 seconds (799.63 k allocations: 209.256 MiB, 62.21% gc time)


  0.145005 seconds (799.62 k allocations: 209.255 MiB, 23.91% gc time)


  0.154433 seconds (799.59 k allocations: 209.253 MiB, 30.83% gc time)


  0.109825 seconds (799.60 k allocations: 209.253 MiB, 9.32% gc time)


  0.102670 seconds (799.60 k allocations: 209.254 MiB, 7.88% gc time)


  0.102662 seconds (799.59 k allocations: 209.253 MiB, 8.72% gc time)


  0.102070 seconds (799.62 k allocations: 209.255 MiB, 8.54% gc time)


  0.102286 seconds (799.60 k allocations: 209.254 MiB, 8.57% gc time)


  0.102720 seconds (799.60 k allocations: 209.253 MiB, 8.59% gc time)


  0.107527 seconds (799.63 k allocations: 209.256 MiB, 9.72% gc time)


  0.106583 seconds (799.59 k allocations: 209.253 MiB, 8.60% gc time)


