Numero de qubits: 20 
Threads (LinearAlgebra) :19
Threads (Julia) :1


 39.999952 seconds (88.64 M allocations: 22.466 GiB, 10.48% gc time, 53.11% compilation time)


 18.609609 seconds (3.36 M allocations: 18.236 GiB, 16.56% gc time, 3.05% compilation time)


 18.146509 seconds (720.67 k allocations: 18.107 GiB, 16.96% gc time)


 18.041905 seconds (720.66 k allocations: 18.107 GiB, 16.32% gc time)


 18.080316 seconds (720.65 k allocations: 18.107 GiB, 16.79% gc time)


 18.229988 seconds (720.66 k allocations: 18.107 GiB, 16.11% gc time)


 18.047354 seconds (720.66 k allocations: 18.107 GiB, 16.96% gc time)


 18.738566 seconds (1.96 M allocations: 18.169 GiB, 16.34% gc time, 2.95% compilation time)


 17.983601 seconds (720.67 k allocations: 18.107 GiB, 16.56% gc time)


 18.022694 seconds (720.65 k allocations: 18.107 GiB, 16.80% gc time)


 17.935318 seconds (720.66 k allocations: 18.107 GiB, 16.69% gc time)


 18.672400 seconds (720.66 k allocations: 18.107 GiB, 16.31% gc time)


 18.138311 seconds (720.65 k allocations: 18.107 GiB, 17.10% gc time)


 17.993101 seconds (720.67 k allocations: 18.107 GiB, 16.78% gc time)


 17.805957 seconds (720.66 k allocations: 18.107 GiB, 15.95% gc time)


 18.105227 seconds (720.65 k allocations: 18.107 GiB, 15.90% gc time)


 18.303201 seconds (720.66 k allocations: 18.107 GiB, 16.31% gc time)


 17.985350 seconds (720.66 k allocations: 18.107 GiB, 16.10% gc time)


 17.908564 seconds (720.68 k allocations: 18.107 GiB, 16.21% gc time)


 18.004626 seconds (720.65 k allocations: 18.107 GiB, 16.67% gc time)


 18.048115 seconds (720.65 k allocations: 18.107 GiB, 16.79% gc time)


