Numero de qubits: 20 
Threads (LinearAlgebra) :15
Threads (Julia) :1


 21.193961 seconds (88.14 M allocations: 4.416 GiB, 4.04% gc time, 99.67% compilation time)


  0.035377 seconds (225.94 k allocations: 59.415 MiB, 23.57% gc time)


  1.152027 seconds (4.10 M allocations: 254.021 MiB, 2.31% gc time, 96.91% compilation time)


  0.031629 seconds (225.95 k allocations: 59.416 MiB, 17.27% gc time)


  0.027833 seconds (225.94 k allocations: 59.415 MiB, 9.22% gc time)


  0.026838 seconds (225.94 k allocations: 59.415 MiB, 8.46% gc time)


  0.028132 seconds (225.94 k allocations: 59.416 MiB, 12.16% gc time)


  0.027078 seconds (225.93 k allocations: 59.415 MiB, 8.32% gc time)


  0.026997 seconds (225.94 k allocations: 59.415 MiB, 8.41% gc time)


  0.028167 seconds (225.94 k allocations: 59.415 MiB, 12.18% gc time)


  0.027075 seconds (225.94 k allocations: 59.415 MiB, 8.35% gc time)


  0.028001 seconds (225.93 k allocations: 59.415 MiB, 11.75% gc time)


  0.026879 seconds (225.94 k allocations: 59.415 MiB, 8.39% gc time)


  0.027093 seconds (225.93 k allocations: 59.414 MiB, 8.11% gc time)


  0.028179 seconds (225.94 k allocations: 59.415 MiB, 12.03% gc time)


  0.027126 seconds (225.94 k allocations: 59.415 MiB, 8.62% gc time)


  0.028322 seconds (225.93 k allocations: 59.415 MiB, 12.18% gc time)


  0.026899 seconds (225.94 k allocations: 59.415 MiB, 8.55% gc time)


  0.028400 seconds (225.94 k allocations: 59.415 MiB, 12.19% gc time)


  0.027168 seconds (225.94 k allocations: 59.415 MiB, 8.55% gc time)


  0.026970 seconds (225.95 k allocations: 59.416 MiB, 8.62% gc time)


Numero de qubits: 21 
Threads (LinearAlgebra) :15
Threads (Julia) :1


  0.032375 seconds (239.51 k allocations: 62.754 MiB, 12.51% gc time)


  0.034185 seconds (239.50 k allocations: 62.754 MiB, 19.05% gc time)


  0.029183 seconds (239.51 k allocations: 62.754 MiB, 5.76% gc time)


  0.034996 seconds (239.51 k allocations: 62.754 MiB, 13.29% gc time)


  0.029496 seconds (239.52 k allocations: 62.755 MiB, 8.56% gc time)


  0.030238 seconds (239.51 k allocations: 62.754 MiB, 12.06% gc time)


  0.030039 seconds (239.52 k allocations: 62.755 MiB, 12.27% gc time)


  0.028899 seconds (239.51 k allocations: 62.755 MiB, 8.41% gc time)


  0.030244 seconds (239.50 k allocations: 62.754 MiB, 12.20% gc time)


  0.030396 seconds (239.49 k allocations: 62.753 MiB, 12.09% gc time)


  0.029191 seconds (239.51 k allocations: 62.755 MiB, 8.57% gc time)


  0.030417 seconds (239.51 k allocations: 62.754 MiB, 12.61% gc time)


  0.029300 seconds (239.50 k allocations: 62.754 MiB, 8.70% gc time)


  0.030685 seconds (239.51 k allocations: 62.754 MiB, 12.46% gc time)


  0.029079 seconds (239.51 k allocations: 62.755 MiB, 8.83% gc time)


  0.029455 seconds (239.51 k allocations: 62.754 MiB, 8.98% gc time)


  0.029408 seconds (239.51 k allocations: 62.754 MiB, 8.86% gc time)


  0.029488 seconds (239.51 k allocations: 62.755 MiB, 9.12% gc time)


  0.029648 seconds (239.50 k allocations: 62.754 MiB, 9.33% gc time)


  0.029502 seconds (239.51 k allocations: 62.755 MiB, 9.15% gc time)


  0.029751 seconds (239.51 k allocations: 62.754 MiB, 9.12% gc time)


Numero de qubits: 22 
Threads (LinearAlgebra) :15
Threads (Julia) :1


  0.035774 seconds (251.25 k allocations: 66.347 MiB, 19.57% gc time)


  0.030271 seconds (251.24 k allocations: 66.347 MiB)


  0.051567 seconds (251.26 k allocations: 66.348 MiB, 43.25% gc time)


  0.034316 seconds (251.24 k allocations: 66.347 MiB, 15.35% gc time)


  0.032385 seconds (251.24 k allocations: 66.347 MiB, 9.29% gc time)


  0.031334 seconds (251.24 k allocations: 66.346 MiB, 7.88% gc time)


  0.033269 seconds (251.24 k allocations: 66.347 MiB, 11.81% gc time)


  0.032176 seconds (251.26 k allocations: 66.348 MiB, 10.45% gc time)


  0.031970 seconds (251.25 k allocations: 66.348 MiB, 9.79% gc time)


  0.031385 seconds (251.24 k allocations: 66.347 MiB, 9.32% gc time)


  0.031483 seconds (251.25 k allocations: 66.347 MiB, 9.60% gc time)


  0.031627 seconds (251.24 k allocations: 66.347 MiB, 9.42% gc time)


  0.031374 seconds (251.25 k allocations: 66.347 MiB, 9.35% gc time)


  0.031742 seconds (251.25 k allocations: 66.348 MiB, 9.59% gc time)


  0.031642 seconds (251.24 k allocations: 66.347 MiB, 9.60% gc time)


  0.031948 seconds (251.24 k allocations: 66.347 MiB, 9.92% gc time)


  0.031882 seconds (251.24 k allocations: 66.347 MiB, 9.86% gc time)


  0.029994 seconds (251.24 k allocations: 66.347 MiB, 5.12% gc time)


  0.031920 seconds (251.25 k allocations: 66.348 MiB, 9.88% gc time)


  0.030091 seconds (251.24 k allocations: 66.347 MiB, 5.45% gc time)


  0.030188 seconds (251.24 k allocations: 66.347 MiB, 5.60% gc time)


Numero de qubits: 23 
Threads (LinearAlgebra) :15
Threads (Julia) :1


  0.034241 seconds (265.00 k allocations: 69.721 MiB, 11.59% gc time)


  0.042074 seconds (265.00 k allocations: 69.720 MiB, 25.67% gc time)


  0.031165 seconds (265.00 k allocations: 69.721 MiB)


  0.035439 seconds (264.99 k allocations: 69.720 MiB, 10.58% gc time)


  0.033235 seconds (265.01 k allocations: 69.721 MiB, 6.34% gc time)


  0.035016 seconds (265.00 k allocations: 69.721 MiB, 11.01% gc time)


  0.032600 seconds (265.00 k allocations: 69.720 MiB, 5.34% gc time)


  0.032174 seconds (264.99 k allocations: 69.720 MiB, 5.06% gc time)


  0.032475 seconds (265.01 k allocations: 69.721 MiB, 5.26% gc time)


  0.034029 seconds (264.99 k allocations: 69.720 MiB, 10.04% gc time)


  0.034156 seconds (265.01 k allocations: 69.721 MiB, 10.18% gc time)


  0.034181 seconds (265.00 k allocations: 69.721 MiB, 9.89% gc time)


  0.034098 seconds (265.01 k allocations: 69.722 MiB, 10.27% gc time)


  0.034330 seconds (265.00 k allocations: 69.721 MiB, 10.20% gc time)


  0.034035 seconds (264.99 k allocations: 69.720 MiB, 10.14% gc time)


  0.034302 seconds (265.01 k allocations: 69.721 MiB, 10.16% gc time)


  0.034105 seconds (265.01 k allocations: 69.721 MiB, 10.03% gc time)


  0.034213 seconds (265.00 k allocations: 69.721 MiB, 10.29% gc time)


  0.034096 seconds (265.00 k allocations: 69.721 MiB, 9.87% gc time)


  0.034143 seconds (265.00 k allocations: 69.720 MiB, 10.34% gc time)


  0.034261 seconds (264.99 k allocations: 69.720 MiB, 10.17% gc time)


Numero de qubits: 24 
Threads (LinearAlgebra) :15
Threads (Julia) :1


  0.036378 seconds (276.82 k allocations: 73.181 MiB, 11.16% gc time)


  0.048962 seconds (276.83 k allocations: 73.183 MiB, 25.27% gc time)


  0.037671 seconds (276.83 k allocations: 73.183 MiB, 11.07% gc time)


  0.035657 seconds (276.83 k allocations: 73.183 MiB, 7.83% gc time)


  0.036875 seconds (276.83 k allocations: 73.182 MiB, 12.02% gc time)


  0.036791 seconds (276.83 k allocations: 73.182 MiB, 10.72% gc time)


  0.036220 seconds (276.83 k allocations: 73.182 MiB, 10.27% gc time)


  0.036308 seconds (276.82 k allocations: 73.182 MiB, 10.12% gc time)


  0.036003 seconds (276.83 k allocations: 73.183 MiB, 10.13% gc time)


  0.036043 seconds (276.82 k allocations: 73.181 MiB, 10.19% gc time)


  0.036062 seconds (276.82 k allocations: 73.182 MiB, 10.02% gc time)


  0.035841 seconds (276.82 k allocations: 73.182 MiB, 10.02% gc time)


  0.035814 seconds (276.82 k allocations: 73.182 MiB, 9.97% gc time)


  0.035958 seconds (276.82 k allocations: 73.182 MiB, 10.23% gc time)


  0.036208 seconds (276.82 k allocations: 73.182 MiB, 10.06% gc time)


  0.036017 seconds (276.82 k allocations: 73.180 MiB, 10.28% gc time)


  0.036316 seconds (276.82 k allocations: 73.182 MiB, 10.13% gc time)


  0.035938 seconds (276.83 k allocations: 73.182 MiB, 10.20% gc time)


  0.036294 seconds (276.83 k allocations: 73.182 MiB, 10.24% gc time)


  0.039983 seconds (276.83 k allocations: 73.183 MiB, 13.01% gc time)


  0.036479 seconds (276.82 k allocations: 73.181 MiB, 10.44% gc time)


Numero de qubits: 25 
Threads (LinearAlgebra) :15
Threads (Julia) :1


  0.042395 seconds (290.75 k allocations: 76.589 MiB, 19.51% gc time)


  0.039188 seconds (290.76 k allocations: 76.589 MiB)


  0.067683 seconds (290.77 k allocations: 76.590 MiB, 43.32% gc time)


  0.039846 seconds (290.76 k allocations: 76.589 MiB, 13.34% gc time)


  0.037275 seconds (290.77 k allocations: 76.590 MiB, 7.93% gc time)


  0.039376 seconds (290.77 k allocations: 76.590 MiB, 11.81% gc time)


  0.038459 seconds (290.77 k allocations: 76.590 MiB, 10.91% gc time)


  0.038011 seconds (290.75 k allocations: 76.588 MiB, 10.07% gc time)


  0.037697 seconds (290.77 k allocations: 76.590 MiB, 10.11% gc time)


  0.037730 seconds (290.76 k allocations: 76.589 MiB, 9.89% gc time)


  0.037749 seconds (290.77 k allocations: 76.590 MiB, 10.09% gc time)


  0.037981 seconds (290.76 k allocations: 76.589 MiB, 9.98% gc time)


  0.037806 seconds (290.78 k allocations: 76.590 MiB, 9.74% gc time)


  0.037838 seconds (290.75 k allocations: 76.589 MiB, 9.83% gc time)


  0.037573 seconds (290.76 k allocations: 76.589 MiB, 10.03% gc time)


  0.037807 seconds (290.77 k allocations: 76.590 MiB, 9.92% gc time)


  0.037954 seconds (290.76 k allocations: 76.589 MiB, 10.09% gc time)


  0.038266 seconds (290.78 k allocations: 76.590 MiB, 10.07% gc time)


  0.038015 seconds (290.76 k allocations: 76.589 MiB, 9.82% gc time)


  0.038050 seconds (290.76 k allocations: 76.589 MiB, 10.05% gc time)


  0.037706 seconds (290.76 k allocations: 76.589 MiB, 9.97% gc time)


Numero de qubits: 26 
Threads (LinearAlgebra) :15
Threads (Julia) :1


  0.040190 seconds (302.86 k allocations: 80.250 MiB, 10.47% gc time)


  0.049410 seconds (302.85 k allocations: 80.250 MiB, 25.97% gc time)


  0.040611 seconds (302.86 k allocations: 80.250 MiB, 11.32% gc time)


  0.041757 seconds (302.86 k allocations: 80.249 MiB, 13.00% gc time)


  0.038605 seconds (302.86 k allocations: 80.250 MiB, 5.83% gc time)


  0.039943 seconds (302.85 k allocations: 80.249 MiB, 10.00% gc time)


  0.039914 seconds (302.86 k allocations: 80.250 MiB, 9.83% gc time)


  0.039737 seconds (302.87 k allocations: 80.250 MiB, 9.65% gc time)


  0.039781 seconds (302.85 k allocations: 80.249 MiB, 9.72% gc time)


  0.039731 seconds (302.86 k allocations: 80.250 MiB, 9.91% gc time)


  0.039816 seconds (302.86 k allocations: 80.250 MiB, 9.43% gc time)


  0.039674 seconds (302.87 k allocations: 80.250 MiB, 9.57% gc time)


  0.039897 seconds (302.85 k allocations: 80.249 MiB, 9.51% gc time)


  0.039650 seconds (302.84 k allocations: 80.249 MiB, 9.51% gc time)


  0.039620 seconds (302.86 k allocations: 80.250 MiB, 9.61% gc time)


  0.039799 seconds (302.85 k allocations: 80.250 MiB, 9.66% gc time)


  0.039607 seconds (302.85 k allocations: 80.249 MiB, 9.38% gc time)


  0.039639 seconds (302.84 k allocations: 80.249 MiB, 9.59% gc time)


  0.041778 seconds (302.87 k allocations: 80.251 MiB, 13.61% gc time)


  0.039846 seconds (302.85 k allocations: 80.249 MiB, 9.47% gc time)


  0.039660 seconds (302.86 k allocations: 80.250 MiB, 9.66% gc time)


Numero de qubits: 27 
Threads (LinearAlgebra) :15
Threads (Julia) :1


  0.041618 seconds (316.98 k allocations: 83.691 MiB, 10.59% gc time)


  0.050929 seconds (316.98 k allocations: 83.691 MiB, 25.04% gc time)


  0.041537 seconds (316.99 k allocations: 83.691 MiB, 10.77% gc time)


  0.040116 seconds (316.98 k allocations: 83.691 MiB, 6.15% gc time)


  0.042250 seconds (316.98 k allocations: 83.691 MiB, 10.52% gc time)


  0.043709 seconds (316.97 k allocations: 83.690 MiB, 14.10% gc time)


  0.041473 seconds (316.97 k allocations: 83.690 MiB, 9.62% gc time)


  0.041267 seconds (316.99 k allocations: 83.691 MiB, 9.61% gc time)


  0.041251 seconds (316.98 k allocations: 83.690 MiB, 9.55% gc time)


  0.041291 seconds (316.98 k allocations: 83.691 MiB, 9.62% gc time)


  0.041389 seconds (316.99 k allocations: 83.692 MiB, 9.37% gc time)


  0.043726 seconds (316.99 k allocations: 83.692 MiB, 13.82% gc time)


  0.041290 seconds (316.98 k allocations: 83.691 MiB, 9.43% gc time)


  0.041502 seconds (316.97 k allocations: 83.691 MiB, 9.59% gc time)


  0.043574 seconds (316.98 k allocations: 83.691 MiB, 14.14% gc time)


  0.041495 seconds (316.98 k allocations: 83.691 MiB, 9.48% gc time)


  0.041288 seconds (316.99 k allocations: 83.692 MiB, 9.71% gc time)


  0.041489 seconds (316.97 k allocations: 83.690 MiB, 9.59% gc time)


  0.041303 seconds (317.00 k allocations: 83.692 MiB, 9.77% gc time)


  0.041487 seconds (316.98 k allocations: 83.690 MiB, 9.74% gc time)


  0.042335 seconds (316.98 k allocations: 83.691 MiB, 10.49% gc time)


Numero de qubits: 28 
Threads (LinearAlgebra) :15
Threads (Julia) :1


  0.043314 seconds (329.15 k allocations: 87.219 MiB, 10.19% gc time)


  0.055791 seconds (329.15 k allocations: 87.219 MiB, 24.04% gc time)


  0.043826 seconds (329.15 k allocations: 87.219 MiB, 9.62% gc time)


  0.045392 seconds (329.15 k allocations: 87.219 MiB, 12.16% gc time)


  0.044081 seconds (329.15 k allocations: 87.219 MiB, 10.79% gc time)


  0.046108 seconds (329.15 k allocations: 87.219 MiB, 14.24% gc time)


  0.043355 seconds (329.14 k allocations: 87.218 MiB, 9.72% gc time)


  0.043242 seconds (329.15 k allocations: 87.219 MiB, 9.60% gc time)


  0.045820 seconds (329.14 k allocations: 87.219 MiB, 13.91% gc time)


  0.043278 seconds (329.16 k allocations: 87.220 MiB, 9.44% gc time)


  0.046151 seconds (329.14 k allocations: 87.219 MiB, 14.19% gc time)


  0.043356 seconds (329.15 k allocations: 87.219 MiB, 9.84% gc time)


  0.043602 seconds (329.15 k allocations: 87.218 MiB, 9.69% gc time)


  0.045785 seconds (329.16 k allocations: 87.220 MiB, 14.05% gc time)


  0.043442 seconds (329.16 k allocations: 87.220 MiB, 9.38% gc time)


  0.046012 seconds (329.15 k allocations: 87.219 MiB, 14.17% gc time)


  0.043270 seconds (329.15 k allocations: 87.218 MiB, 9.51% gc time)


  0.043663 seconds (329.15 k allocations: 87.219 MiB, 9.96% gc time)


  0.043463 seconds (329.16 k allocations: 87.220 MiB, 9.62% gc time)


  0.043797 seconds (329.15 k allocations: 87.219 MiB, 9.82% gc time)


  0.043378 seconds (329.15 k allocations: 87.219 MiB, 9.88% gc time)


Numero de qubits: 29 
Threads (LinearAlgebra) :15
Threads (Julia) :1


  0.045124 seconds (343.46 k allocations: 90.695 MiB, 9.66% gc time)


  0.057149 seconds (343.45 k allocations: 90.694 MiB, 21.42% gc time)


  0.049624 seconds (343.46 k allocations: 90.695 MiB, 14.63% gc time)


  0.044144 seconds (343.45 k allocations: 90.694 MiB, 5.81% gc time)


  0.046207 seconds (343.46 k allocations: 90.693 MiB, 10.34% gc time)


  0.045764 seconds (343.46 k allocations: 90.695 MiB, 9.75% gc time)


  0.045811 seconds (343.45 k allocations: 90.694 MiB, 9.90% gc time)


  0.045518 seconds (343.46 k allocations: 90.694 MiB, 9.57% gc time)


  0.045931 seconds (343.47 k allocations: 90.695 MiB, 9.81% gc time)


  0.045499 seconds (343.47 k allocations: 90.695 MiB, 9.68% gc time)


  0.047985 seconds (343.46 k allocations: 90.695 MiB, 13.82% gc time)


  0.045735 seconds (343.46 k allocations: 90.694 MiB, 9.60% gc time)


  0.048085 seconds (343.47 k allocations: 90.695 MiB, 14.09% gc time)


  0.045704 seconds (343.46 k allocations: 90.695 MiB, 9.56% gc time)


  0.047903 seconds (343.46 k allocations: 90.695 MiB, 13.97% gc time)


  0.045773 seconds (343.45 k allocations: 90.694 MiB, 9.40% gc time)


  0.045389 seconds (343.46 k allocations: 90.694 MiB, 9.67% gc time)


  0.047948 seconds (343.45 k allocations: 90.694 MiB, 13.94% gc time)


  0.045692 seconds (343.46 k allocations: 90.695 MiB, 9.71% gc time)


  0.047927 seconds (343.47 k allocations: 90.695 MiB, 14.26% gc time)


  0.045651 seconds (343.46 k allocations: 90.695 MiB, 9.40% gc time)


Numero de qubits: 30 
Threads (LinearAlgebra) :15
Threads (Julia) :1


  0.048844 seconds (355.89 k allocations: 94.421 MiB, 9.36% gc time)


  0.057031 seconds (355.89 k allocations: 94.421 MiB, 21.52% gc time)


  0.046672 seconds (355.90 k allocations: 94.421 MiB, 6.33% gc time)


  0.048916 seconds (355.89 k allocations: 94.421 MiB, 11.15% gc time)


  0.050696 seconds (355.90 k allocations: 94.422 MiB, 14.29% gc time)


  0.048096 seconds (355.90 k allocations: 94.421 MiB, 9.59% gc time)


  0.050316 seconds (355.90 k allocations: 94.420 MiB, 14.04% gc time)


  0.047812 seconds (355.89 k allocations: 94.421 MiB, 9.31% gc time)


  0.050463 seconds (355.89 k allocations: 94.421 MiB, 13.98% gc time)


  0.047525 seconds (355.90 k allocations: 94.421 MiB, 9.39% gc time)


  0.047754 seconds (355.90 k allocations: 94.422 MiB, 9.35% gc time)


  0.050317 seconds (355.89 k allocations: 94.421 MiB, 13.92% gc time)


  0.047535 seconds (355.90 k allocations: 94.421 MiB, 9.31% gc time)


  0.047834 seconds (355.89 k allocations: 94.421 MiB, 9.48% gc time)


  0.050195 seconds (355.87 k allocations: 94.420 MiB, 13.87% gc time)


  0.047702 seconds (355.91 k allocations: 94.422 MiB, 9.35% gc time)


  0.047795 seconds (355.91 k allocations: 94.422 MiB, 9.65% gc time)


  0.050262 seconds (355.91 k allocations: 94.422 MiB, 13.94% gc time)


  0.047772 seconds (355.91 k allocations: 94.422 MiB, 9.42% gc time)


  0.050148 seconds (355.90 k allocations: 94.421 MiB, 14.05% gc time)


  0.050110 seconds (355.90 k allocations: 94.421 MiB, 13.46% gc time)


Numero de qubits: 31 
Threads (LinearAlgebra) :15
Threads (Julia) :1


  0.049433 seconds (370.41 k allocations: 97.932 MiB, 9.41% gc time)


  0.062214 seconds (370.40 k allocations: 97.931 MiB, 22.02% gc time)


  0.052075 seconds (370.39 k allocations: 97.930 MiB, 12.89% gc time)


  0.050663 seconds (370.40 k allocations: 97.931 MiB, 11.00% gc time)


  0.050186 seconds (370.41 k allocations: 97.931 MiB, 10.38% gc time)


  0.063785 seconds (370.39 k allocations: 97.929 MiB, 17.08% gc time)


  0.050287 seconds (370.40 k allocations: 97.931 MiB, 9.56% gc time)


  0.049566 seconds (370.40 k allocations: 97.931 MiB, 9.79% gc time)


  0.052854 seconds (370.39 k allocations: 97.931 MiB, 14.34% gc time)


  0.049668 seconds (370.39 k allocations: 97.931 MiB, 9.57% gc time)


  0.052264 seconds (370.40 k allocations: 97.931 MiB, 13.96% gc time)


  0.049723 seconds (370.39 k allocations: 97.931 MiB, 9.45% gc time)


  0.049787 seconds (370.40 k allocations: 97.931 MiB, 9.50% gc time)


  0.052214 seconds (370.40 k allocations: 97.931 MiB, 13.87% gc time)


  0.049736 seconds (370.40 k allocations: 97.931 MiB, 9.28% gc time)


  0.049708 seconds (370.40 k allocations: 97.931 MiB, 9.42% gc time)


  0.052321 seconds (370.39 k allocations: 97.930 MiB, 13.86% gc time)


  0.052423 seconds (370.38 k allocations: 97.930 MiB, 13.55% gc time)


  0.049623 seconds (370.41 k allocations: 97.932 MiB, 9.48% gc time)


  0.049465 seconds (370.40 k allocations: 97.932 MiB, 9.57% gc time)


  0.052271 seconds (370.39 k allocations: 97.931 MiB, 13.85% gc time)


Numero de qubits: 32 
Threads (LinearAlgebra) :15
Threads (Julia) :1


  0.055319 seconds (382.91 k allocations: 101.526 MiB, 8.48% gc time)


  0.062506 seconds (382.91 k allocations: 101.525 MiB, 21.04% gc time)


  0.050041 seconds (382.92 k allocations: 101.526 MiB, 6.29% gc time)


  0.052681 seconds (382.93 k allocations: 101.527 MiB, 10.79% gc time)


  0.051806 seconds (382.92 k allocations: 101.526 MiB, 9.87% gc time)


  0.054563 seconds (382.92 k allocations: 101.526 MiB, 14.34% gc time)


  0.051665 seconds (382.93 k allocations: 101.527 MiB, 9.49% gc time)


  0.054292 seconds (382.92 k allocations: 101.526 MiB, 13.89% gc time)


  0.054085 seconds (382.92 k allocations: 101.526 MiB, 13.82% gc time)


  0.051482 seconds (382.92 k allocations: 101.526 MiB, 9.33% gc time)


  0.051394 seconds (382.91 k allocations: 101.525 MiB, 9.57% gc time)


  0.054320 seconds (382.91 k allocations: 101.526 MiB, 14.10% gc time)


  0.054174 seconds (382.92 k allocations: 101.526 MiB, 13.42% gc time)


  0.101773 seconds (382.92 k allocations: 101.525 MiB, 48.99% gc time)


  0.049169 seconds (382.93 k allocations: 101.526 MiB)


  0.083435 seconds (382.91 k allocations: 101.525 MiB, 31.03% gc time)


  0.049213 seconds (382.92 k allocations: 101.525 MiB)


  0.085305 seconds (382.92 k allocations: 101.526 MiB, 34.37% gc time)


  0.050091 seconds (382.91 k allocations: 101.525 MiB)


  0.068293 seconds (382.92 k allocations: 101.526 MiB, 30.00% gc time)


  0.060574 seconds (382.91 k allocations: 101.525 MiB, 20.66% gc time)


Numero de qubits: 33 
Threads (LinearAlgebra) :15
Threads (Julia) :1


  0.070462 seconds (397.60 k allocations: 105.069 MiB, 23.37% gc time)


  0.071892 seconds (397.60 k allocations: 105.070 MiB, 29.13% gc time)


  0.051163 seconds (397.60 k allocations: 105.070 MiB, 6.84% gc time)


  0.051161 seconds (397.60 k allocations: 105.069 MiB, 8.51% gc time)


  0.049735 seconds (397.60 k allocations: 105.070 MiB, 7.16% gc time)


  0.048967 seconds (397.61 k allocations: 105.070 MiB, 6.38% gc time)


  0.049903 seconds (397.59 k allocations: 105.069 MiB, 6.64% gc time)


  0.050738 seconds (397.60 k allocations: 105.070 MiB, 9.50% gc time)


  0.050474 seconds (397.58 k allocations: 105.069 MiB, 9.15% gc time)


  0.048746 seconds (397.60 k allocations: 105.070 MiB, 6.48% gc time)


  0.048798 seconds (397.61 k allocations: 105.070 MiB, 6.41% gc time)


  0.048992 seconds (397.59 k allocations: 105.069 MiB, 6.35% gc time)


  0.048915 seconds (397.62 k allocations: 105.071 MiB, 6.50% gc time)


  0.052032 seconds (397.59 k allocations: 105.069 MiB, 9.58% gc time)


  0.051133 seconds (397.61 k allocations: 105.070 MiB, 9.33% gc time)


  0.050650 seconds (397.61 k allocations: 105.070 MiB, 9.48% gc time)


  0.050797 seconds (397.61 k allocations: 105.070 MiB, 9.25% gc time)


  0.050966 seconds (397.60 k allocations: 105.070 MiB, 9.43% gc time)


  0.050795 seconds (397.62 k allocations: 105.071 MiB, 9.46% gc time)


  0.050791 seconds (397.59 k allocations: 105.068 MiB, 9.25% gc time)


  0.059990 seconds (397.60 k allocations: 105.070 MiB, 10.82% gc time)


Numero de qubits: 34 
Threads (LinearAlgebra) :15
Threads (Julia) :1


  0.065328 seconds (410.37 k allocations: 108.862 MiB, 14.83% gc time)


  0.069453 seconds (410.40 k allocations: 108.864 MiB, 23.27% gc time)


  0.062786 seconds (410.40 k allocations: 108.863 MiB, 19.46% gc time)


  0.053217 seconds (410.39 k allocations: 108.863 MiB, 8.02% gc time)


  0.054407 seconds (410.39 k allocations: 108.863 MiB, 10.52% gc time)


  0.053445 seconds (410.39 k allocations: 108.863 MiB, 9.69% gc time)


  0.062798 seconds (410.40 k allocations: 108.863 MiB, 15.99% gc time)


  0.053938 seconds (410.37 k allocations: 108.862 MiB, 9.68% gc time)


  0.053499 seconds (410.39 k allocations: 108.863 MiB, 9.63% gc time)


  0.053207 seconds (410.38 k allocations: 108.862 MiB, 9.43% gc time)


  0.053583 seconds (410.39 k allocations: 108.863 MiB, 9.69% gc time)


  0.052911 seconds (410.37 k allocations: 108.862 MiB, 9.43% gc time)


  0.053137 seconds (410.39 k allocations: 108.862 MiB, 9.16% gc time)


  0.053531 seconds (410.39 k allocations: 108.863 MiB, 9.36% gc time)


  0.054628 seconds (410.37 k allocations: 108.862 MiB, 10.00% gc time)


  0.053739 seconds (410.38 k allocations: 108.862 MiB, 9.62% gc time)


  0.053583 seconds (410.38 k allocations: 108.863 MiB, 9.50% gc time)


  0.053354 seconds (410.40 k allocations: 108.863 MiB, 9.46% gc time)


  0.054935 seconds (410.39 k allocations: 108.863 MiB, 11.78% gc time)


  0.053681 seconds (410.39 k allocations: 108.863 MiB, 9.39% gc time)


  0.053660 seconds (410.37 k allocations: 108.862 MiB, 9.72% gc time)


Numero de qubits: 35 
Threads (LinearAlgebra) :15
Threads (Julia) :1


  0.066439 seconds (425.24 k allocations: 112.440 MiB, 17.00% gc time)


  0.076263 seconds (425.26 k allocations: 112.441 MiB, 25.98% gc time)


  0.076373 seconds (425.25 k allocations: 112.440 MiB, 27.31% gc time)


  0.053597 seconds (425.25 k allocations: 112.440 MiB, 4.70% gc time)


  0.058067 seconds (425.25 k allocations: 112.440 MiB, 11.80% gc time)


  0.054171 seconds (425.26 k allocations: 112.441 MiB, 7.19% gc time)


  0.053706 seconds (425.26 k allocations: 112.441 MiB, 6.78% gc time)


  0.055900 seconds (425.25 k allocations: 112.440 MiB, 9.56% gc time)


  0.056122 seconds (425.26 k allocations: 112.441 MiB, 9.92% gc time)


  0.062436 seconds (425.26 k allocations: 112.441 MiB, 16.66% gc time)


  0.059538 seconds (425.27 k allocations: 112.442 MiB, 9.45% gc time)


  0.055829 seconds (425.25 k allocations: 112.441 MiB, 9.78% gc time)


  0.055950 seconds (425.26 k allocations: 112.441 MiB, 9.90% gc time)


  0.055406 seconds (425.26 k allocations: 112.441 MiB, 9.56% gc time)


  0.057152 seconds (425.24 k allocations: 112.440 MiB, 12.12% gc time)


  0.055846 seconds (425.26 k allocations: 112.442 MiB, 9.80% gc time)


  0.055641 seconds (425.25 k allocations: 112.441 MiB, 9.87% gc time)


  0.055179 seconds (425.23 k allocations: 112.440 MiB, 9.46% gc time)


  0.055805 seconds (425.27 k allocations: 112.442 MiB, 9.65% gc time)


  0.063770 seconds (425.25 k allocations: 112.441 MiB, 16.34% gc time)


  0.057249 seconds (425.25 k allocations: 112.441 MiB, 9.80% gc time)


Numero de qubits: 36 
Threads (LinearAlgebra) :15
Threads (Julia) :1


  0.069128 seconds (438.13 k allocations: 116.111 MiB, 9.30% gc time)


  0.086389 seconds (438.12 k allocations: 116.110 MiB, 32.44% gc time)


  0.058098 seconds (438.14 k allocations: 116.112 MiB, 8.78% gc time)


  0.057137 seconds (438.12 k allocations: 116.110 MiB, 8.00% gc time)


  0.058140 seconds (438.13 k allocations: 116.111 MiB, 10.27% gc time)


  0.057859 seconds (438.12 k allocations: 116.111 MiB, 9.94% gc time)


  0.058529 seconds (438.12 k allocations: 116.110 MiB, 9.72% gc time)


  0.058653 seconds (438.12 k allocations: 116.110 MiB, 10.23% gc time)


  0.057691 seconds (438.13 k allocations: 116.111 MiB, 9.78% gc time)


  0.057955 seconds (438.11 k allocations: 116.110 MiB, 9.88% gc time)


  0.057963 seconds (438.13 k allocations: 116.111 MiB, 9.65% gc time)


  0.057796 seconds (438.12 k allocations: 116.111 MiB, 9.78% gc time)


  0.057878 seconds (438.13 k allocations: 116.110 MiB, 9.84% gc time)


  0.057948 seconds (438.14 k allocations: 116.111 MiB, 9.82% gc time)


  0.059747 seconds (438.12 k allocations: 116.110 MiB, 12.36% gc time)


  0.058161 seconds (438.13 k allocations: 116.111 MiB, 10.00% gc time)


  0.058218 seconds (438.13 k allocations: 116.110 MiB, 9.99% gc time)


  0.059805 seconds (438.13 k allocations: 116.111 MiB, 12.27% gc time)


  0.057778 seconds (438.12 k allocations: 116.110 MiB, 9.83% gc time)


  0.059593 seconds (438.14 k allocations: 116.111 MiB, 12.38% gc time)


  0.058039 seconds (438.11 k allocations: 116.110 MiB, 10.15% gc time)


Numero de qubits: 37 
Threads (LinearAlgebra) :15
Threads (Julia) :1


  0.066713 seconds (453.18 k allocations: 119.722 MiB, 13.41% gc time)


  0.097820 seconds (453.19 k allocations: 119.724 MiB, 35.20% gc time)


  0.061124 seconds (453.19 k allocations: 119.723 MiB, 10.49% gc time)


  0.059396 seconds (453.18 k allocations: 119.723 MiB, 8.18% gc time)


  0.058477 seconds (453.19 k allocations: 119.724 MiB, 7.03% gc time)


  0.060107 seconds (453.18 k allocations: 119.723 MiB, 10.04% gc time)


  0.060120 seconds (453.18 k allocations: 119.723 MiB, 10.12% gc time)


  0.059881 seconds (453.17 k allocations: 119.722 MiB, 9.78% gc time)


  0.060391 seconds (453.17 k allocations: 119.723 MiB, 10.00% gc time)


  0.060257 seconds (453.18 k allocations: 119.722 MiB, 10.24% gc time)


  0.061947 seconds (453.17 k allocations: 119.723 MiB, 12.56% gc time)


  0.060128 seconds (453.18 k allocations: 119.723 MiB, 9.98% gc time)


  0.059925 seconds (453.18 k allocations: 119.723 MiB, 9.85% gc time)


  0.060125 seconds (453.19 k allocations: 119.724 MiB, 10.17% gc time)


  0.060230 seconds (453.18 k allocations: 119.723 MiB, 10.05% gc time)


  0.062253 seconds (453.19 k allocations: 119.724 MiB, 12.71% gc time)


  0.060043 seconds (453.18 k allocations: 119.723 MiB, 10.06% gc time)


  0.062183 seconds (453.17 k allocations: 119.723 MiB, 12.78% gc time)


  0.060190 seconds (453.19 k allocations: 119.723 MiB, 10.15% gc time)


  0.061770 seconds (453.17 k allocations: 119.723 MiB, 12.48% gc time)


  0.060181 seconds (453.16 k allocations: 119.722 MiB, 10.08% gc time)


Numero de qubits: 38 
Threads (LinearAlgebra) :15
Threads (Julia) :1


  0.077406 seconds (466.31 k allocations: 123.573 MiB, 21.45% gc time)


  0.065156 seconds (466.31 k allocations: 123.574 MiB, 10.00% gc time)


  0.064658 seconds (466.31 k allocations: 123.574 MiB, 12.04% gc time)


  0.062635 seconds (466.30 k allocations: 123.572 MiB, 10.38% gc time)


  0.064246 seconds (466.31 k allocations: 123.574 MiB, 12.75% gc time)


  0.062076 seconds (466.31 k allocations: 123.574 MiB, 9.86% gc time)


  0.064459 seconds (466.31 k allocations: 123.574 MiB, 12.63% gc time)


  0.062430 seconds (466.31 k allocations: 123.574 MiB, 10.04% gc time)


  0.062313 seconds (466.31 k allocations: 123.574 MiB, 9.91% gc time)


  0.064037 seconds (466.31 k allocations: 123.574 MiB, 12.54% gc time)


  0.062371 seconds (466.32 k allocations: 123.575 MiB, 10.11% gc time)


  0.064331 seconds (466.31 k allocations: 123.574 MiB, 12.59% gc time)


  0.062363 seconds (466.32 k allocations: 123.575 MiB, 10.08% gc time)


  0.064549 seconds (466.31 k allocations: 123.574 MiB, 12.75% gc time)


  0.062014 seconds (466.30 k allocations: 123.573 MiB, 9.90% gc time)


  0.062289 seconds (466.30 k allocations: 123.573 MiB, 10.22% gc time)


  0.064386 seconds (466.32 k allocations: 123.575 MiB, 12.59% gc time)


  0.062397 seconds (466.32 k allocations: 123.575 MiB, 10.16% gc time)


  0.064404 seconds (466.31 k allocations: 123.573 MiB, 12.70% gc time)


  0.064052 seconds (466.33 k allocations: 123.575 MiB, 12.58% gc time)


  0.062219 seconds (466.30 k allocations: 123.573 MiB, 9.97% gc time)


Numero de qubits: 39 
Threads (LinearAlgebra) :15
Threads (Julia) :1


  0.079809 seconds (481.56 k allocations: 127.220 MiB, 19.33% gc time)


  0.069102 seconds (481.56 k allocations: 127.221 MiB, 13.05% gc time)


  0.063655 seconds (481.56 k allocations: 127.221 MiB, 8.23% gc time)


  0.065070 seconds (481.54 k allocations: 127.219 MiB, 10.36% gc time)


  0.064451 seconds (481.57 k allocations: 127.222 MiB, 10.13% gc time)


  0.064079 seconds (481.56 k allocations: 127.221 MiB, 9.96% gc time)


  0.066297 seconds (481.55 k allocations: 127.220 MiB, 12.58% gc time)


  0.064121 seconds (481.56 k allocations: 127.221 MiB, 10.08% gc time)


  0.064407 seconds (481.55 k allocations: 127.220 MiB, 10.19% gc time)


  0.066429 seconds (481.55 k allocations: 127.220 MiB, 12.78% gc time)


  0.064111 seconds (481.56 k allocations: 127.221 MiB, 10.07% gc time)


  0.064491 seconds (481.55 k allocations: 127.220 MiB, 10.01% gc time)


  0.066383 seconds (481.55 k allocations: 127.221 MiB, 12.60% gc time)


  0.064167 seconds (481.57 k allocations: 127.221 MiB, 10.08% gc time)


  0.064125 seconds (481.56 k allocations: 127.221 MiB, 9.93% gc time)


  0.063948 seconds (481.55 k allocations: 127.221 MiB, 9.94% gc time)


  0.066269 seconds (481.55 k allocations: 127.219 MiB, 12.70% gc time)


  0.066001 seconds (481.53 k allocations: 127.219 MiB, 12.63% gc time)


  0.063910 seconds (481.55 k allocations: 127.220 MiB, 9.82% gc time)


  0.064203 seconds (481.56 k allocations: 127.221 MiB, 9.95% gc time)


  0.066310 seconds (481.56 k allocations: 127.221 MiB, 12.74% gc time)


Numero de qubits: 40 
Threads (LinearAlgebra) :15
Threads (Julia) :1


  0.070334 seconds (494.77 k allocations: 130.958 MiB, 7.39% gc time)


  0.072122 seconds (494.77 k allocations: 130.958 MiB, 12.42% gc time)


  0.068911 seconds (494.78 k allocations: 130.959 MiB, 12.25% gc time)


  0.066845 seconds (494.76 k allocations: 130.957 MiB, 10.56% gc time)


  0.068720 seconds (494.77 k allocations: 130.957 MiB, 12.95% gc time)


  0.068334 seconds (494.76 k allocations: 130.957 MiB, 12.80% gc time)


  0.066351 seconds (494.77 k allocations: 130.958 MiB, 9.99% gc time)


  0.066292 seconds (494.76 k allocations: 130.957 MiB, 10.16% gc time)


  0.068408 seconds (494.77 k allocations: 130.958 MiB, 12.87% gc time)


  0.068016 seconds (494.77 k allocations: 130.958 MiB, 12.72% gc time)


  0.066106 seconds (494.77 k allocations: 130.957 MiB, 10.15% gc time)


  0.065967 seconds (494.78 k allocations: 130.958 MiB, 10.26% gc time)


  0.068490 seconds (494.76 k allocations: 130.957 MiB, 12.71% gc time)


  0.068283 seconds (494.77 k allocations: 130.957 MiB, 12.70% gc time)


  0.066358 seconds (494.77 k allocations: 130.957 MiB, 10.10% gc time)


  0.066469 seconds (494.77 k allocations: 130.958 MiB, 10.08% gc time)


  0.068603 seconds (494.77 k allocations: 130.957 MiB, 12.66% gc time)


  0.068547 seconds (494.76 k allocations: 130.956 MiB, 12.81% gc time)


  0.068220 seconds (494.79 k allocations: 130.959 MiB, 12.85% gc time)


  0.066050 seconds (494.76 k allocations: 130.957 MiB, 10.16% gc time)


  0.065983 seconds (494.76 k allocations: 130.957 MiB, 9.93% gc time)


Numero de qubits: 41 
Threads (LinearAlgebra) :15
Threads (Julia) :1


  0.083936 seconds (510.21 k allocations: 134.639 MiB, 19.91% gc time)


  0.071312 seconds (510.20 k allocations: 134.639 MiB, 12.89% gc time)


  0.068020 seconds (510.21 k allocations: 134.639 MiB, 8.61% gc time)


  0.069419 seconds (510.18 k allocations: 134.637 MiB, 10.89% gc time)


  0.070806 seconds (510.20 k allocations: 134.638 MiB, 12.92% gc time)


  0.070235 seconds (510.21 k allocations: 134.639 MiB, 12.72% gc time)


  0.068201 seconds (510.20 k allocations: 134.639 MiB, 10.35% gc time)


  0.068139 seconds (510.19 k allocations: 134.638 MiB, 9.88% gc time)


  0.070468 seconds (510.20 k allocations: 134.639 MiB, 12.66% gc time)


  0.070338 seconds (510.20 k allocations: 134.638 MiB, 12.65% gc time)


  0.070145 seconds (510.19 k allocations: 134.638 MiB, 12.47% gc time)


  0.082359 seconds (510.21 k allocations: 134.639 MiB, 13.34% gc time)


  0.071181 seconds (510.19 k allocations: 134.638 MiB, 12.83% gc time)


  0.070168 seconds (510.20 k allocations: 134.638 MiB, 12.55% gc time)


  0.069852 seconds (510.20 k allocations: 134.639 MiB, 12.51% gc time)


  0.069719 seconds (510.19 k allocations: 134.638 MiB, 12.43% gc time)


  0.067515 seconds (510.19 k allocations: 134.638 MiB, 9.99% gc time)


  0.067364 seconds (510.19 k allocations: 134.638 MiB, 9.78% gc time)


  0.067377 seconds (510.20 k allocations: 134.639 MiB, 9.78% gc time)


  0.067306 seconds (510.20 k allocations: 134.638 MiB, 9.50% gc time)


  0.067392 seconds (510.21 k allocations: 134.639 MiB, 9.68% gc time)


Numero de qubits: 42 
Threads (LinearAlgebra) :15
Threads (Julia) :1


  0.088984 seconds (523.67 k allocations: 138.555 MiB, 21.14% gc time)


  0.075344 seconds (523.68 k allocations: 138.555 MiB, 11.91% gc time)


  0.068151 seconds (523.68 k allocations: 138.555 MiB, 7.43% gc time)


  0.069383 seconds (523.69 k allocations: 138.556 MiB, 9.36% gc time)


  0.070718 seconds (523.67 k allocations: 138.555 MiB, 11.63% gc time)


  0.070933 seconds (523.69 k allocations: 138.556 MiB, 11.64% gc time)


  0.070811 seconds (523.67 k allocations: 138.555 MiB, 11.65% gc time)


  0.070893 seconds (523.67 k allocations: 138.555 MiB, 11.66% gc time)


  0.070973 seconds (523.67 k allocations: 138.555 MiB, 11.76% gc time)


  0.068884 seconds (523.67 k allocations: 138.555 MiB, 9.11% gc time)


  0.068508 seconds (523.66 k allocations: 138.554 MiB, 9.18% gc time)


  0.068723 seconds (523.66 k allocations: 138.554 MiB, 9.20% gc time)


  0.070556 seconds (523.68 k allocations: 138.555 MiB, 11.55% gc time)


  0.070860 seconds (523.67 k allocations: 138.554 MiB, 11.52% gc time)


  0.070945 seconds (523.67 k allocations: 138.555 MiB, 11.67% gc time)


  0.071234 seconds (523.67 k allocations: 138.555 MiB, 11.77% gc time)


  0.071062 seconds (523.67 k allocations: 138.555 MiB, 11.71% gc time)


  0.068796 seconds (523.67 k allocations: 138.554 MiB, 9.11% gc time)


  0.070872 seconds (523.66 k allocations: 138.554 MiB, 11.69% gc time)


  0.071333 seconds (523.67 k allocations: 138.555 MiB, 11.77% gc time)


  0.071254 seconds (523.67 k allocations: 138.554 MiB, 11.81% gc time)


Numero de qubits: 43 
Threads (LinearAlgebra) :15
Threads (Julia) :1


  0.086122 seconds (539.29 k allocations: 142.270 MiB, 17.61% gc time)


  0.075193 seconds (539.29 k allocations: 142.270 MiB, 11.21% gc time)


  0.072766 seconds (539.30 k allocations: 142.271 MiB, 10.31% gc time)


  0.074215 seconds (539.29 k allocations: 142.270 MiB, 12.05% gc time)


  0.073688 seconds (539.27 k allocations: 142.269 MiB, 11.76% gc time)


  0.073589 seconds (539.29 k allocations: 142.270 MiB, 11.80% gc time)


  0.255588 seconds (539.29 k allocations: 142.270 MiB, 74.08% gc time)


  0.090104 seconds (539.29 k allocations: 142.270 MiB, 11.10% gc time)


  0.074364 seconds (539.29 k allocations: 142.270 MiB)


  0.110713 seconds (539.30 k allocations: 142.270 MiB, 34.93% gc time)


  0.095588 seconds (539.28 k allocations: 142.269 MiB, 25.31% gc time)


  0.079019 seconds (539.30 k allocations: 142.270 MiB, 13.94% gc time)


  0.068840 seconds (539.28 k allocations: 142.269 MiB, 7.24% gc time)


  0.068859 seconds (539.29 k allocations: 142.270 MiB, 8.02% gc time)


  0.067448 seconds (539.29 k allocations: 142.270 MiB, 7.65% gc time)


  0.067480 seconds (539.30 k allocations: 142.270 MiB, 7.37% gc time)


  0.067236 seconds (539.30 k allocations: 142.271 MiB, 7.30% gc time)


  0.077839 seconds (539.30 k allocations: 142.269 MiB, 13.32% gc time)


  0.070390 seconds (539.29 k allocations: 142.270 MiB, 9.64% gc time)


  0.069784 seconds (539.28 k allocations: 142.269 MiB, 9.41% gc time)


  0.069501 seconds (539.30 k allocations: 142.271 MiB, 9.38% gc time)


Numero de qubits: 44 
Threads (LinearAlgebra) :15
Threads (Julia) :1


  0.091159 seconds (552.86 k allocations: 146.075 MiB, 19.02% gc time)


  0.079153 seconds (552.86 k allocations: 146.075 MiB, 12.26% gc time)


  0.072112 seconds (552.87 k allocations: 146.075 MiB, 8.66% gc time)


  0.070725 seconds (552.86 k allocations: 146.075 MiB, 7.90% gc time)


  0.070794 seconds (552.88 k allocations: 146.076 MiB, 7.52% gc time)


  0.071440 seconds (552.85 k allocations: 146.074 MiB, 9.25% gc time)


  0.071471 seconds (552.86 k allocations: 146.075 MiB, 9.28% gc time)


  0.071545 seconds (552.86 k allocations: 146.074 MiB, 9.38% gc time)


  0.072888 seconds (552.87 k allocations: 146.075 MiB, 11.03% gc time)


  0.071592 seconds (552.85 k allocations: 146.074 MiB, 9.26% gc time)


  0.071891 seconds (552.85 k allocations: 146.074 MiB, 9.47% gc time)


  0.071960 seconds (552.86 k allocations: 146.074 MiB, 9.40% gc time)


  0.071607 seconds (552.85 k allocations: 146.074 MiB, 9.32% gc time)


  0.071854 seconds (552.86 k allocations: 146.075 MiB, 9.38% gc time)


  0.071617 seconds (552.87 k allocations: 146.075 MiB, 9.20% gc time)


  0.071849 seconds (552.85 k allocations: 146.075 MiB, 9.49% gc time)


  0.071815 seconds (552.85 k allocations: 146.073 MiB, 9.34% gc time)


  0.071649 seconds (552.84 k allocations: 146.074 MiB, 9.32% gc time)


  0.071918 seconds (552.86 k allocations: 146.075 MiB, 9.47% gc time)


  0.075498 seconds (552.86 k allocations: 146.074 MiB, 11.64% gc time)


  0.072030 seconds (552.88 k allocations: 146.076 MiB, 9.27% gc time)


Numero de qubits: 45 
Threads (LinearAlgebra) :15
Threads (Julia) :1


  0.095252 seconds (568.66 k allocations: 149.823 MiB, 21.80% gc time)


  0.087112 seconds (568.65 k allocations: 149.823 MiB, 15.96% gc time)


  0.076413 seconds (568.66 k allocations: 149.824 MiB, 10.14% gc time)


  0.075618 seconds (568.67 k allocations: 149.824 MiB, 10.32% gc time)


  0.074726 seconds (568.66 k allocations: 149.824 MiB, 9.88% gc time)


  0.074564 seconds (568.68 k allocations: 149.824 MiB, 9.73% gc time)


  0.074627 seconds (568.66 k allocations: 149.824 MiB, 9.63% gc time)


  0.074650 seconds (568.66 k allocations: 149.823 MiB, 9.70% gc time)


  0.074781 seconds (568.66 k allocations: 149.824 MiB, 9.77% gc time)


  0.074667 seconds (568.66 k allocations: 149.824 MiB, 9.74% gc time)


  0.074912 seconds (568.64 k allocations: 149.823 MiB, 9.87% gc time)


  0.075175 seconds (568.64 k allocations: 149.822 MiB, 9.72% gc time)


  0.074917 seconds (568.65 k allocations: 149.824 MiB, 9.68% gc time)


  0.075340 seconds (568.66 k allocations: 149.824 MiB, 9.89% gc time)


  0.076512 seconds (568.65 k allocations: 149.823 MiB, 11.48% gc time)


  0.074849 seconds (568.65 k allocations: 149.823 MiB, 9.85% gc time)


  0.076234 seconds (568.65 k allocations: 149.823 MiB, 11.54% gc time)


  0.074950 seconds (568.65 k allocations: 149.823 MiB, 9.94% gc time)


  0.074826 seconds (568.67 k allocations: 149.825 MiB, 9.65% gc time)


  0.075204 seconds (568.67 k allocations: 149.825 MiB, 9.95% gc time)


  0.075958 seconds (568.67 k allocations: 149.824 MiB, 11.67% gc time)


Numero de qubits: 46 
Threads (LinearAlgebra) :15
Threads (Julia) :1


  0.091756 seconds (582.49 k allocations: 153.806 MiB, 16.46% gc time)


  0.076030 seconds (582.48 k allocations: 153.806 MiB, 7.41% gc time)


  0.076322 seconds (582.49 k allocations: 153.806 MiB, 8.47% gc time)


  0.077595 seconds (582.49 k allocations: 153.807 MiB, 9.98% gc time)


  0.077377 seconds (582.48 k allocations: 153.806 MiB, 9.98% gc time)


  0.077357 seconds (582.47 k allocations: 153.805 MiB, 10.06% gc time)


  0.090297 seconds (582.48 k allocations: 153.806 MiB, 11.15% gc time)


  0.078410 seconds (582.47 k allocations: 153.805 MiB, 9.98% gc time)


  0.079183 seconds (582.48 k allocations: 153.805 MiB, 11.86% gc time)


  0.077787 seconds (582.49 k allocations: 153.806 MiB, 10.28% gc time)


  0.077547 seconds (582.47 k allocations: 153.805 MiB, 10.19% gc time)


  0.077468 seconds (582.50 k allocations: 153.807 MiB, 10.07% gc time)


  0.077383 seconds (582.49 k allocations: 153.807 MiB, 10.23% gc time)


  0.077327 seconds (582.49 k allocations: 153.807 MiB, 10.11% gc time)


  0.079244 seconds (582.50 k allocations: 153.807 MiB, 12.13% gc time)


  0.077773 seconds (582.49 k allocations: 153.807 MiB, 10.35% gc time)


  0.077923 seconds (582.50 k allocations: 153.807 MiB, 10.40% gc time)


  0.077735 seconds (582.50 k allocations: 153.807 MiB, 10.35% gc time)


  0.077874 seconds (582.49 k allocations: 153.807 MiB, 10.49% gc time)


  0.078049 seconds (582.50 k allocations: 153.807 MiB, 10.44% gc time)


  0.077948 seconds (582.48 k allocations: 153.806 MiB, 10.44% gc time)


Numero de qubits: 47 
Threads (LinearAlgebra) :15
Threads (Julia) :1


  0.092982 seconds (598.47 k allocations: 157.589 MiB, 13.26% gc time)


  0.087071 seconds (598.47 k allocations: 157.589 MiB, 14.20% gc time)


  0.078718 seconds (598.47 k allocations: 157.589 MiB, 7.89% gc time)


  0.082181 seconds (598.47 k allocations: 157.589 MiB, 12.01% gc time)


  0.078555 seconds (598.50 k allocations: 157.591 MiB, 8.83% gc time)


  0.078568 seconds (598.47 k allocations: 157.589 MiB, 8.71% gc time)


  0.080668 seconds (598.46 k allocations: 157.589 MiB, 10.93% gc time)


  0.080794 seconds (598.47 k allocations: 157.589 MiB, 10.94% gc time)


  0.080638 seconds (598.47 k allocations: 157.589 MiB, 10.91% gc time)


  0.080750 seconds (598.50 k allocations: 157.591 MiB, 10.84% gc time)


  0.080748 seconds (598.47 k allocations: 157.589 MiB, 10.95% gc time)


  0.089519 seconds (598.48 k allocations: 157.590 MiB, 16.12% gc time)


  0.080054 seconds (598.47 k allocations: 157.589 MiB, 8.55% gc time)


  0.080766 seconds (598.48 k allocations: 157.590 MiB, 10.90% gc time)


  0.080857 seconds (598.48 k allocations: 157.590 MiB, 10.88% gc time)


  0.080716 seconds (598.47 k allocations: 157.589 MiB, 10.77% gc time)


  0.080578 seconds (598.48 k allocations: 157.590 MiB, 10.63% gc time)


  0.080115 seconds (598.48 k allocations: 157.590 MiB, 10.72% gc time)


  0.080209 seconds (598.48 k allocations: 157.590 MiB, 10.72% gc time)


  0.080379 seconds (598.47 k allocations: 157.589 MiB, 10.79% gc time)


  0.080326 seconds (598.49 k allocations: 157.590 MiB, 10.61% gc time)


Numero de qubits: 48 
Threads (LinearAlgebra) :15
Threads (Julia) :1


  0.105646 seconds (612.41 k allocations: 161.474 MiB, 20.05% gc time)


  0.087356 seconds (612.39 k allocations: 161.472 MiB, 11.91% gc time)


  0.081507 seconds (612.38 k allocations: 161.472 MiB, 9.55% gc time)


  0.082969 seconds (612.38 k allocations: 161.472 MiB, 11.08% gc time)


  0.082614 seconds (612.38 k allocations: 161.472 MiB, 10.91% gc time)


  0.082599 seconds (612.40 k allocations: 161.474 MiB, 10.95% gc time)


  0.082793 seconds (612.38 k allocations: 161.472 MiB, 10.72% gc time)


  0.082672 seconds (612.39 k allocations: 161.473 MiB, 10.82% gc time)


  0.082574 seconds (612.39 k allocations: 161.473 MiB, 10.75% gc time)


  0.082542 seconds (612.40 k allocations: 161.473 MiB, 10.77% gc time)


  0.082764 seconds (612.39 k allocations: 161.472 MiB, 10.83% gc time)


  0.082608 seconds (612.39 k allocations: 161.473 MiB, 10.75% gc time)


  0.082599 seconds (612.39 k allocations: 161.473 MiB, 10.75% gc time)


  0.082677 seconds (612.39 k allocations: 161.472 MiB, 10.70% gc time)


  0.082800 seconds (612.37 k allocations: 161.472 MiB, 10.80% gc time)


  0.082863 seconds (612.39 k allocations: 161.472 MiB, 10.85% gc time)


  0.082613 seconds (612.38 k allocations: 161.472 MiB, 10.76% gc time)


  0.082898 seconds (612.39 k allocations: 161.473 MiB, 10.77% gc time)


  0.084925 seconds (612.38 k allocations: 161.472 MiB, 12.99% gc time)


  0.083005 seconds (612.37 k allocations: 161.471 MiB, 11.06% gc time)


  0.082784 seconds (612.39 k allocations: 161.473 MiB, 10.95% gc time)


Numero de qubits: 49 
Threads (LinearAlgebra) :15
Threads (Julia) :1


  0.095136 seconds (628.55 k allocations: 165.290 MiB, 13.67% gc time)


  0.082331 seconds (628.56 k allocations: 165.290 MiB, 7.86% gc time)


  0.086713 seconds (628.54 k allocations: 165.289 MiB, 12.21% gc time)


  0.085352 seconds (628.55 k allocations: 165.290 MiB, 11.34% gc time)


  0.085141 seconds (628.55 k allocations: 165.290 MiB, 11.17% gc time)


  0.084720 seconds (628.56 k allocations: 165.290 MiB, 11.05% gc time)


  0.085049 seconds (628.56 k allocations: 165.290 MiB, 11.10% gc time)


  0.084886 seconds (628.57 k allocations: 165.291 MiB, 11.04% gc time)


  0.084823 seconds (628.56 k allocations: 165.290 MiB, 11.00% gc time)


  0.085058 seconds (628.55 k allocations: 165.290 MiB, 11.14% gc time)


  0.084769 seconds (628.54 k allocations: 165.289 MiB, 11.00% gc time)


  0.084242 seconds (628.57 k allocations: 165.291 MiB, 10.85% gc time)


  0.084652 seconds (628.57 k allocations: 165.291 MiB, 10.98% gc time)


  0.086674 seconds (628.55 k allocations: 165.289 MiB, 12.90% gc time)


  0.084544 seconds (628.58 k allocations: 165.292 MiB, 10.98% gc time)


  0.084583 seconds (628.57 k allocations: 165.291 MiB, 10.98% gc time)


  0.084653 seconds (628.54 k allocations: 165.289 MiB, 10.93% gc time)


  0.086900 seconds (628.55 k allocations: 165.290 MiB, 12.98% gc time)


  0.084796 seconds (628.56 k allocations: 165.290 MiB, 11.13% gc time)


  0.084879 seconds (628.57 k allocations: 165.290 MiB, 11.02% gc time)


  0.084976 seconds (628.56 k allocations: 165.291 MiB, 11.18% gc time)


Numero de qubits: 50 
Threads (LinearAlgebra) :15
Threads (Julia) :1


  0.096286 seconds (642.73 k allocations: 169.338 MiB, 13.53% gc time)


  0.088076 seconds (642.73 k allocations: 169.338 MiB, 10.96% gc time)


  0.087904 seconds (642.73 k allocations: 169.339 MiB, 11.62% gc time)


  0.087424 seconds (642.73 k allocations: 169.338 MiB, 11.34% gc time)


  0.087298 seconds (642.73 k allocations: 169.338 MiB, 11.19% gc time)


  0.089571 seconds (642.72 k allocations: 169.338 MiB, 13.13% gc time)


  0.087595 seconds (642.74 k allocations: 169.339 MiB, 11.23% gc time)


  0.087523 seconds (642.72 k allocations: 169.337 MiB, 11.30% gc time)


  0.087910 seconds (642.73 k allocations: 169.338 MiB, 11.36% gc time)


  0.087287 seconds (642.71 k allocations: 169.337 MiB, 11.34% gc time)


  0.087743 seconds (642.73 k allocations: 169.339 MiB, 11.33% gc time)


  0.087571 seconds (642.74 k allocations: 169.339 MiB, 11.24% gc time)


  0.087375 seconds (642.73 k allocations: 169.338 MiB, 11.17% gc time)


  0.088257 seconds (642.73 k allocations: 169.338 MiB, 11.30% gc time)


  0.089946 seconds (642.74 k allocations: 169.339 MiB, 13.41% gc time)


  0.087778 seconds (642.71 k allocations: 169.338 MiB, 11.53% gc time)


  0.087974 seconds (642.72 k allocations: 169.338 MiB, 11.64% gc time)


  0.087980 seconds (642.74 k allocations: 169.338 MiB, 11.59% gc time)


  0.087999 seconds (642.73 k allocations: 169.339 MiB, 11.59% gc time)


  0.087857 seconds (642.72 k allocations: 169.338 MiB, 11.56% gc time)


  0.087555 seconds (642.72 k allocations: 169.338 MiB, 11.45% gc time)


Numero de qubits: 51 
Threads (LinearAlgebra) :15
Threads (Julia) :1


  0.096469 seconds (659.08 k allocations: 173.190 MiB, 9.83% gc time)


  0.127120 seconds (659.08 k allocations: 173.190 MiB, 31.09% gc time)


  0.089724 seconds (659.08 k allocations: 173.190 MiB, 10.80% gc time)


  0.090671 seconds (659.08 k allocations: 173.190 MiB, 12.16% gc time)


  0.090267 seconds (659.08 k allocations: 173.189 MiB, 11.77% gc time)


  0.276601 seconds (659.08 k allocations: 173.190 MiB, 70.43% gc time)


  0.102958 seconds (659.09 k allocations: 173.190 MiB, 9.88% gc time)


  0.112863 seconds (659.08 k allocations: 173.189 MiB, 16.50% gc time)


  0.096251 seconds (659.09 k allocations: 173.190 MiB, 9.01% gc time)


  0.097926 seconds (659.08 k allocations: 173.190 MiB, 15.07% gc time)


  0.082613 seconds (659.08 k allocations: 173.189 MiB, 5.89% gc time)


  0.082806 seconds (659.07 k allocations: 173.189 MiB, 7.01% gc time)


  0.083201 seconds (659.11 k allocations: 173.191 MiB, 8.10% gc time)


  0.083151 seconds (659.08 k allocations: 173.189 MiB, 7.95% gc time)


  0.084396 seconds (659.08 k allocations: 173.189 MiB, 9.38% gc time)


  0.084412 seconds (659.09 k allocations: 173.190 MiB, 9.39% gc time)


  0.084499 seconds (659.11 k allocations: 173.191 MiB, 9.42% gc time)


  0.084678 seconds (659.09 k allocations: 173.190 MiB, 9.37% gc time)


  0.084606 seconds (659.10 k allocations: 173.190 MiB, 9.37% gc time)


  0.084892 seconds (659.08 k allocations: 173.190 MiB, 9.47% gc time)


  0.084856 seconds (659.11 k allocations: 173.191 MiB, 9.51% gc time)


Numero de qubits: 52 
Threads (LinearAlgebra) :15
Threads (Julia) :1


  0.103475 seconds (673.35 k allocations: 177.106 MiB, 16.58% gc time)


  0.088118 seconds (673.34 k allocations: 177.105 MiB, 8.82% gc time)


  0.086666 seconds (673.36 k allocations: 177.106 MiB, 8.37% gc time)


  0.087572 seconds (673.33 k allocations: 177.103 MiB, 9.61% gc time)


  0.086660 seconds (673.37 k allocations: 177.107 MiB, 8.19% gc time)


  0.086623 seconds (673.37 k allocations: 177.107 MiB, 8.15% gc time)


  0.086770 seconds (673.35 k allocations: 177.105 MiB, 8.36% gc time)


  0.086935 seconds (673.36 k allocations: 177.106 MiB, 8.37% gc time)


  0.086979 seconds (673.37 k allocations: 177.107 MiB, 8.35% gc time)


  0.087185 seconds (673.36 k allocations: 177.106 MiB, 8.41% gc time)


  0.087076 seconds (673.34 k allocations: 177.104 MiB, 8.44% gc time)


  0.087139 seconds (673.33 k allocations: 177.105 MiB, 8.43% gc time)


  0.087157 seconds (673.35 k allocations: 177.106 MiB, 8.41% gc time)


  0.088528 seconds (673.35 k allocations: 177.106 MiB, 9.72% gc time)


  0.088704 seconds (673.35 k allocations: 177.106 MiB, 10.03% gc time)


  0.088965 seconds (673.36 k allocations: 177.106 MiB, 10.09% gc time)


  0.087663 seconds (673.34 k allocations: 177.105 MiB, 8.80% gc time)


  0.087419 seconds (673.35 k allocations: 177.106 MiB, 8.82% gc time)


  0.087457 seconds (673.36 k allocations: 177.106 MiB, 8.80% gc time)


  0.087387 seconds (673.34 k allocations: 177.105 MiB, 8.80% gc time)


  0.087448 seconds (673.36 k allocations: 177.106 MiB, 8.86% gc time)


Numero de qubits: 53 
Threads (LinearAlgebra) :15
Threads (Julia) :1


  0.101149 seconds (689.90 k allocations: 180.992 MiB, 12.28% gc time)


  0.091628 seconds (689.88 k allocations: 180.991 MiB, 9.12% gc time)


  0.090935 seconds (689.91 k allocations: 180.991 MiB, 9.60% gc time)


  0.092399 seconds (689.89 k allocations: 180.991 MiB, 11.07% gc time)


  0.090495 seconds (689.88 k allocations: 180.991 MiB, 9.39% gc time)


  0.092068 seconds (689.88 k allocations: 180.991 MiB, 10.74% gc time)


  0.092202 seconds (689.92 k allocations: 180.993 MiB, 10.94% gc time)


  0.090833 seconds (689.89 k allocations: 180.991 MiB, 9.43% gc time)


  0.092681 seconds (689.89 k allocations: 180.991 MiB, 11.24% gc time)


  0.090857 seconds (689.90 k allocations: 180.992 MiB, 9.68% gc time)


  0.092785 seconds (689.89 k allocations: 180.991 MiB, 11.46% gc time)


  0.091152 seconds (689.88 k allocations: 180.991 MiB, 9.79% gc time)


  0.092319 seconds (689.88 k allocations: 180.991 MiB, 11.10% gc time)


  0.090755 seconds (689.88 k allocations: 180.990 MiB, 9.75% gc time)


  0.093174 seconds (689.88 k allocations: 180.990 MiB, 11.42% gc time)


  0.091642 seconds (689.91 k allocations: 180.992 MiB, 10.10% gc time)


  0.091413 seconds (689.89 k allocations: 180.991 MiB, 10.08% gc time)


  0.091133 seconds (689.89 k allocations: 180.991 MiB, 9.93% gc time)


  0.091202 seconds (689.88 k allocations: 180.990 MiB, 9.94% gc time)


  0.091293 seconds (689.87 k allocations: 180.990 MiB, 9.87% gc time)


  0.093327 seconds (689.90 k allocations: 180.992 MiB, 11.58% gc time)


Numero de qubits: 54 
Threads (LinearAlgebra) :15
Threads (Julia) :1


  0.104588 seconds (704.41 k allocations: 185.142 MiB, 12.50% gc time)


  0.095048 seconds (704.41 k allocations: 185.141 MiB, 10.33% gc time)


  0.092582 seconds (704.40 k allocations: 185.142 MiB, 8.79% gc time)


  0.094090 seconds (704.42 k allocations: 185.142 MiB, 10.40% gc time)


  0.094062 seconds (704.42 k allocations: 185.143 MiB, 10.52% gc time)


  0.097298 seconds (704.41 k allocations: 185.142 MiB, 12.06% gc time)


  0.094568 seconds (704.42 k allocations: 185.143 MiB, 10.28% gc time)


  0.094278 seconds (704.40 k allocations: 185.141 MiB, 10.42% gc time)


  0.094305 seconds (704.42 k allocations: 185.142 MiB, 10.40% gc time)


  0.093962 seconds (704.40 k allocations: 185.142 MiB, 10.52% gc time)


  0.096505 seconds (704.43 k allocations: 185.143 MiB, 12.13% gc time)


  0.094352 seconds (704.43 k allocations: 185.143 MiB, 10.67% gc time)


  0.096184 seconds (704.43 k allocations: 185.143 MiB, 12.07% gc time)


  0.094104 seconds (704.43 k allocations: 185.143 MiB, 10.46% gc time)


  0.096429 seconds (704.39 k allocations: 185.141 MiB, 12.30% gc time)


  0.094522 seconds (704.43 k allocations: 185.143 MiB, 10.69% gc time)


  0.094548 seconds (704.42 k allocations: 185.143 MiB, 10.68% gc time)


  0.094462 seconds (704.40 k allocations: 185.141 MiB, 10.58% gc time)


  0.094706 seconds (704.42 k allocations: 185.143 MiB, 10.71% gc time)


  0.094576 seconds (704.42 k allocations: 185.142 MiB, 10.63% gc time)


  0.094620 seconds (704.40 k allocations: 185.142 MiB, 10.73% gc time)


Numero de qubits: 55 
Threads (LinearAlgebra) :15
Threads (Julia) :1


  0.109552 seconds (721.16 k allocations: 189.063 MiB, 13.99% gc time)


  0.093930 seconds (721.15 k allocations: 189.063 MiB, 7.52% gc time)


  0.095439 seconds (721.15 k allocations: 189.062 MiB, 9.22% gc time)


  0.097262 seconds (721.13 k allocations: 189.062 MiB, 11.00% gc time)


  0.096558 seconds (721.13 k allocations: 189.061 MiB, 10.81% gc time)


  0.096944 seconds (721.14 k allocations: 189.062 MiB, 10.87% gc time)


  0.099115 seconds (721.14 k allocations: 189.062 MiB, 12.40% gc time)


  0.097275 seconds (721.14 k allocations: 189.062 MiB, 10.87% gc time)


  0.097049 seconds (721.16 k allocations: 189.063 MiB, 10.97% gc time)


  0.096603 seconds (721.14 k allocations: 189.062 MiB, 10.83% gc time)


  0.096962 seconds (721.14 k allocations: 189.062 MiB, 10.87% gc time)


  0.099369 seconds (721.15 k allocations: 189.062 MiB, 12.47% gc time)


  0.108994 seconds (721.16 k allocations: 189.063 MiB, 15.10% gc time)


  0.099108 seconds (721.15 k allocations: 189.062 MiB, 10.88% gc time)


  0.097586 seconds (721.15 k allocations: 189.062 MiB, 10.82% gc time)


  0.096464 seconds (721.14 k allocations: 189.062 MiB, 10.72% gc time)


  0.099121 seconds (721.14 k allocations: 189.061 MiB, 12.51% gc time)


  0.097103 seconds (721.15 k allocations: 189.062 MiB, 10.94% gc time)


  0.097013 seconds (721.15 k allocations: 189.062 MiB, 10.85% gc time)


  0.096953 seconds (721.13 k allocations: 189.059 MiB, 10.82% gc time)


  0.097238 seconds (721.14 k allocations: 189.062 MiB, 10.90% gc time)


Numero de qubits: 56 
Threads (LinearAlgebra) :15
Threads (Julia) :1


  0.111108 seconds (735.74 k allocations: 193.043 MiB, 12.02% gc time)


  0.104814 seconds (735.75 k allocations: 193.044 MiB, 12.24% gc time)


  0.101374 seconds (735.75 k allocations: 193.044 MiB, 11.43% gc time)


  0.100602 seconds (735.77 k allocations: 193.045 MiB, 11.94% gc time)


  0.099821 seconds (735.76 k allocations: 193.044 MiB, 11.22% gc time)


  0.099919 seconds (735.75 k allocations: 193.043 MiB, 11.33% gc time)


  0.100016 seconds (735.76 k allocations: 193.044 MiB, 11.25% gc time)


  0.099496 seconds (735.76 k allocations: 193.045 MiB, 11.02% gc time)


  0.099976 seconds (735.75 k allocations: 193.043 MiB, 11.21% gc time)


  0.100060 seconds (735.76 k allocations: 193.045 MiB, 11.24% gc time)


  0.099614 seconds (735.77 k allocations: 193.045 MiB, 11.09% gc time)


  0.099674 seconds (735.75 k allocations: 193.044 MiB, 11.13% gc time)


  0.101835 seconds (735.78 k allocations: 193.046 MiB, 12.76% gc time)


  0.099886 seconds (735.77 k allocations: 193.045 MiB, 11.25% gc time)


  0.099702 seconds (735.75 k allocations: 193.044 MiB, 11.19% gc time)


  0.099528 seconds (735.77 k allocations: 193.045 MiB, 10.98% gc time)


  0.099429 seconds (735.73 k allocations: 193.043 MiB, 10.98% gc time)


  0.099668 seconds (735.75 k allocations: 193.044 MiB, 11.15% gc time)


  0.099589 seconds (735.77 k allocations: 193.045 MiB, 11.03% gc time)


  0.108052 seconds (735.76 k allocations: 193.044 MiB, 15.30% gc time)


  0.102319 seconds (735.76 k allocations: 193.044 MiB, 10.93% gc time)


Numero de qubits: 57 
Threads (LinearAlgebra) :15
Threads (Julia) :1


  0.122904 seconds (752.67 k allocations: 196.998 MiB, 17.76% gc time)


  0.100003 seconds (752.66 k allocations: 196.997 MiB, 8.42% gc time)


  0.104005 seconds (752.66 k allocations: 196.997 MiB, 12.47% gc time)


  0.102080 seconds (752.67 k allocations: 196.997 MiB, 11.36% gc time)


  0.104166 seconds (752.67 k allocations: 196.998 MiB, 12.91% gc time)


  0.101777 seconds (752.66 k allocations: 196.997 MiB, 11.33% gc time)


  0.101968 seconds (752.67 k allocations: 196.998 MiB, 11.21% gc time)


  0.104081 seconds (752.67 k allocations: 196.998 MiB, 12.81% gc time)


  0.102028 seconds (752.65 k allocations: 196.997 MiB, 11.34% gc time)


  0.102154 seconds (752.66 k allocations: 196.998 MiB, 11.37% gc time)


  0.275193 seconds (752.67 k allocations: 196.998 MiB, 66.29% gc time)


  0.128929 seconds (752.67 k allocations: 196.998 MiB, 19.26% gc time)


  0.125941 seconds (752.65 k allocations: 196.997 MiB, 18.36% gc time)


  0.122736 seconds (752.68 k allocations: 196.998 MiB, 19.24% gc time)


  0.102119 seconds (752.65 k allocations: 196.997 MiB, 11.02% gc time)


  0.096641 seconds (752.67 k allocations: 196.998 MiB, 8.48% gc time)


  0.096829 seconds (752.66 k allocations: 196.998 MiB, 9.17% gc time)


  0.096124 seconds (752.66 k allocations: 196.997 MiB, 9.00% gc time)


  0.096323 seconds (752.67 k allocations: 196.998 MiB, 9.05% gc time)


  0.095043 seconds (752.67 k allocations: 196.998 MiB, 7.69% gc time)


  0.096525 seconds (752.67 k allocations: 196.998 MiB, 9.09% gc time)


Numero de qubits: 58 
Threads (LinearAlgebra) :15
Threads (Julia) :1


  0.109253 seconds (767.54 k allocations: 201.178 MiB, 10.93% gc time)


  0.115036 seconds (767.55 k allocations: 201.178 MiB, 16.98% gc time)


  0.098837 seconds (767.53 k allocations: 201.177 MiB, 7.56% gc time)


  0.098222 seconds (767.56 k allocations: 201.178 MiB, 7.95% gc time)


  0.099594 seconds (767.54 k allocations: 201.177 MiB, 9.33% gc time)


  0.098476 seconds (767.54 k allocations: 201.177 MiB, 8.03% gc time)


  0.099878 seconds (767.54 k allocations: 201.177 MiB, 8.22% gc time)


  0.100385 seconds (767.54 k allocations: 201.177 MiB, 9.45% gc time)


  0.100192 seconds (767.55 k allocations: 201.178 MiB, 9.46% gc time)


  0.100862 seconds (767.55 k allocations: 201.178 MiB, 9.78% gc time)


  0.100766 seconds (767.54 k allocations: 201.177 MiB, 9.80% gc time)


  0.101012 seconds (767.56 k allocations: 201.179 MiB, 9.91% gc time)


  0.099957 seconds (767.55 k allocations: 201.178 MiB, 8.82% gc time)


  0.100105 seconds (767.53 k allocations: 201.176 MiB, 8.81% gc time)


  0.101610 seconds (767.54 k allocations: 201.177 MiB, 10.47% gc time)


  0.100114 seconds (767.55 k allocations: 201.178 MiB, 8.92% gc time)


  0.100239 seconds (767.56 k allocations: 201.179 MiB, 8.93% gc time)


  0.102350 seconds (767.56 k allocations: 201.178 MiB, 10.53% gc time)


  0.101913 seconds (767.55 k allocations: 201.178 MiB, 10.35% gc time)


  0.100738 seconds (767.55 k allocations: 201.178 MiB, 9.16% gc time)


  0.100079 seconds (767.53 k allocations: 201.177 MiB, 9.12% gc time)


Numero de qubits: 59 
Threads (LinearAlgebra) :15
Threads (Julia) :1


  0.132276 seconds (784.64 k allocations: 205.165 MiB, 19.97% gc time)


  0.100520 seconds (784.66 k allocations: 205.167 MiB, 6.41% gc time)


  0.101958 seconds (784.62 k allocations: 205.163 MiB, 7.93% gc time)


  0.103082 seconds (784.64 k allocations: 205.165 MiB, 9.24% gc time)


  0.105104 seconds (784.64 k allocations: 205.165 MiB, 10.73% gc time)


  0.104661 seconds (784.63 k allocations: 205.164 MiB, 10.67% gc time)


  0.103685 seconds (784.63 k allocations: 205.164 MiB, 9.44% gc time)


  0.103196 seconds (784.64 k allocations: 205.165 MiB, 9.16% gc time)


  0.103244 seconds (784.65 k allocations: 205.166 MiB, 9.28% gc time)


  0.103495 seconds (784.66 k allocations: 205.167 MiB, 9.41% gc time)


  0.105162 seconds (784.64 k allocations: 205.165 MiB, 10.71% gc time)


  0.105405 seconds (784.64 k allocations: 205.165 MiB, 10.88% gc time)


  0.105866 seconds (784.66 k allocations: 205.166 MiB, 11.04% gc time)


  0.105431 seconds (784.65 k allocations: 205.166 MiB, 11.01% gc time)


  0.103871 seconds (784.66 k allocations: 205.166 MiB, 9.61% gc time)


  0.104136 seconds (784.67 k allocations: 205.167 MiB, 9.65% gc time)


  0.103639 seconds (784.64 k allocations: 205.164 MiB, 9.57% gc time)


  0.103358 seconds (784.63 k allocations: 205.165 MiB, 9.51% gc time)


  0.103902 seconds (784.64 k allocations: 205.165 MiB, 9.32% gc time)


  0.104029 seconds (784.65 k allocations: 205.165 MiB, 9.65% gc time)


  0.106611 seconds (784.65 k allocations: 205.166 MiB, 11.36% gc time)


Numero de qubits: 60 
Threads (LinearAlgebra) :15
Threads (Julia) :1


  0.116272 seconds (799.59 k allocations: 209.253 MiB, 11.19% gc time)


  0.111104 seconds (799.60 k allocations: 209.254 MiB, 12.55% gc time)


  0.106916 seconds (799.60 k allocations: 209.254 MiB, 10.42% gc time)


  0.108489 seconds (799.63 k allocations: 209.256 MiB, 11.63% gc time)


  0.106201 seconds (799.60 k allocations: 209.254 MiB, 9.96% gc time)


  0.106777 seconds (799.59 k allocations: 209.253 MiB, 10.16% gc time)


  0.108739 seconds (799.60 k allocations: 209.254 MiB, 11.70% gc time)


  0.106585 seconds (799.60 k allocations: 209.253 MiB, 10.15% gc time)


  0.106678 seconds (799.61 k allocations: 209.254 MiB, 10.14% gc time)


  0.108878 seconds (799.62 k allocations: 209.255 MiB, 11.65% gc time)


  0.109159 seconds (799.62 k allocations: 209.255 MiB, 11.81% gc time)


  0.108538 seconds (799.60 k allocations: 209.254 MiB, 11.80% gc time)


  0.108701 seconds (799.61 k allocations: 209.255 MiB, 11.59% gc time)


  0.108848 seconds (799.61 k allocations: 209.254 MiB, 11.73% gc time)


  0.109096 seconds (799.61 k allocations: 209.254 MiB, 11.74% gc time)


  0.109255 seconds (799.60 k allocations: 209.254 MiB, 11.81% gc time)


  0.109148 seconds (799.60 k allocations: 209.254 MiB, 11.94% gc time)


  0.108694 seconds (799.59 k allocations: 209.253 MiB, 11.84% gc time)


  0.108770 seconds (799.60 k allocations: 209.254 MiB, 11.92% gc time)


  0.108932 seconds (799.59 k allocations: 209.252 MiB, 11.90% gc time)


  0.112344 seconds (799.59 k allocations: 209.253 MiB, 13.45% gc time)


