Numero de qubits: 20 
Threads (LinearAlgebra) :12
Threads (Julia) :1


 41.014850 seconds (88.64 M allocations: 22.466 GiB, 9.90% gc time, 51.45% compilation time)


 19.227995 seconds (720.67 k allocations: 18.107 GiB, 15.58% gc time)


 20.307315 seconds (4.60 M allocations: 18.298 GiB, 14.87% gc time, 5.40% compilation time)


 19.222018 seconds (720.66 k allocations: 18.107 GiB, 15.62% gc time)


 19.142429 seconds (720.66 k allocations: 18.107 GiB, 15.61% gc time)


 19.334241 seconds (720.67 k allocations: 18.107 GiB, 15.42% gc time)


 19.287126 seconds (720.68 k allocations: 18.107 GiB, 15.51% gc time)


 19.033035 seconds (720.69 k allocations: 18.107 GiB, 15.58% gc time)


 19.259833 seconds (720.67 k allocations: 18.107 GiB, 16.19% gc time)


 19.307055 seconds (720.66 k allocations: 18.107 GiB, 15.45% gc time)


 19.144676 seconds (720.67 k allocations: 18.107 GiB, 15.43% gc time)


 19.350599 seconds (720.65 k allocations: 18.107 GiB, 15.95% gc time)


 18.599086 seconds (720.66 k allocations: 18.119 GiB, 16.02% gc time)


 19.371685 seconds (720.65 k allocations: 18.107 GiB, 15.94% gc time)


 19.172954 seconds (720.67 k allocations: 18.107 GiB, 15.36% gc time)


 19.089058 seconds (720.64 k allocations: 18.107 GiB, 15.42% gc time)


 19.398991 seconds (720.65 k allocations: 18.107 GiB, 16.13% gc time)


 19.076090 seconds (720.66 k allocations: 18.107 GiB, 15.43% gc time)


 19.167785 seconds (720.65 k allocations: 18.107 GiB, 15.29% gc time)


 19.203081 seconds (720.66 k allocations: 18.107 GiB, 15.43% gc time)


 18.569276 seconds (720.64 k allocations: 18.119 GiB, 15.88% gc time)


