Numero de qubits: 15 
Threads (LinearAlgebra) :24
Threads (Julia) :1


 22.101480 seconds (88.42 M allocations: 5.156 GiB, 4.73% gc time, 96.13% compilation time)


  0.592531 seconds (506.43 k allocations: 816.757 MiB, 4.61% gc time)


  0.779284 seconds (506.41 k allocations: 816.756 MiB, 23.15% gc time)


  1.136310 seconds (3.15 M allocations: 947.870 MiB, 3.28% gc time, 49.90% compilation time)


  0.702189 seconds (506.41 k allocations: 816.756 MiB, 24.69% gc time)


  0.583473 seconds (506.42 k allocations: 816.756 MiB, 3.39% gc time)


  0.562033 seconds (506.40 k allocations: 816.755 MiB, 4.46% gc time)


  0.711997 seconds (506.42 k allocations: 816.756 MiB, 23.52% gc time)


  0.556059 seconds (506.43 k allocations: 816.757 MiB, 4.13% gc time)


  0.555553 seconds (506.40 k allocations: 816.755 MiB, 4.42% gc time)


  0.697274 seconds (506.42 k allocations: 816.756 MiB, 21.59% gc time)


  0.562936 seconds (506.42 k allocations: 816.757 MiB, 4.37% gc time)


  0.717673 seconds (506.40 k allocations: 816.755 MiB, 25.38% gc time)


  0.549681 seconds (506.39 k allocations: 816.755 MiB, 3.48% gc time)


  0.558647 seconds (506.41 k allocations: 816.756 MiB, 4.49% gc time)


  1.271943 seconds (1.74 M allocations: 880.249 MiB, 13.88% gc time, 44.22% compilation time)


  0.559745 seconds (506.41 k allocations: 816.756 MiB, 4.40% gc time)


  0.717499 seconds (506.41 k allocations: 816.756 MiB, 24.59% gc time)


  0.552048 seconds (506.41 k allocations: 816.756 MiB, 3.83% gc time)


  0.562046 seconds (506.41 k allocations: 816.755 MiB, 4.68% gc time)


  0.727198 seconds (506.42 k allocations: 816.756 MiB, 24.31% gc time)


Numero de qubits: 16 
Threads (LinearAlgebra) :24
Threads (Julia) :1


  1.386043 seconds (544.55 k allocations: 1.633 GiB, 13.36% gc time)


  1.431859 seconds (544.55 k allocations: 1.633 GiB, 14.42% gc time)


  1.445087 seconds (544.56 k allocations: 1.633 GiB, 12.28% gc time)


  1.398954 seconds (544.54 k allocations: 1.633 GiB, 14.04% gc time)


  1.378234 seconds (544.55 k allocations: 1.633 GiB, 13.63% gc time)


  1.401298 seconds (544.55 k allocations: 1.633 GiB, 13.51% gc time)


  1.374409 seconds (544.54 k allocations: 1.633 GiB, 13.36% gc time)


  1.414852 seconds (544.56 k allocations: 1.633 GiB, 13.44% gc time)


  1.554685 seconds (544.55 k allocations: 1.633 GiB, 22.44% gc time)


  1.417155 seconds (544.55 k allocations: 1.633 GiB, 13.16% gc time)


  1.418604 seconds (544.54 k allocations: 1.633 GiB, 14.12% gc time)


  1.541002 seconds (544.54 k allocations: 1.633 GiB, 21.79% gc time)


  1.424251 seconds (544.56 k allocations: 1.633 GiB, 14.36% gc time)


  1.402312 seconds (544.53 k allocations: 1.633 GiB, 13.28% gc time)


  1.531971 seconds (544.54 k allocations: 1.633 GiB, 21.86% gc time)


  1.369381 seconds (544.54 k allocations: 1.633 GiB, 13.65% gc time)


  1.401465 seconds (544.54 k allocations: 1.633 GiB, 13.38% gc time)


  1.545779 seconds (544.53 k allocations: 1.633 GiB, 21.46% gc time)


  1.408607 seconds (544.53 k allocations: 1.633 GiB, 13.82% gc time)


  1.379271 seconds (544.53 k allocations: 1.633 GiB, 13.48% gc time)


  1.538835 seconds (544.56 k allocations: 1.633 GiB, 21.78% gc time)


Numero de qubits: 17 
Threads (LinearAlgebra) :24
Threads (Julia) :1


  2.191958 seconds (584.81 k allocations: 2.521 GiB, 15.81% gc time)


  2.100417 seconds (584.82 k allocations: 2.521 GiB, 16.24% gc time)


  2.366806 seconds (584.82 k allocations: 2.521 GiB, 22.67% gc time)


  2.113349 seconds (584.83 k allocations: 2.521 GiB, 15.88% gc time)


  2.084919 seconds (584.84 k allocations: 2.521 GiB, 16.43% gc time)


  2.080282 seconds (584.83 k allocations: 2.521 GiB, 16.88% gc time)


  2.116473 seconds (584.80 k allocations: 2.521 GiB, 16.14% gc time)


  2.308126 seconds (584.82 k allocations: 2.521 GiB, 21.31% gc time)


  2.145166 seconds (584.83 k allocations: 2.521 GiB, 16.81% gc time)


  2.107549 seconds (584.81 k allocations: 2.521 GiB, 16.51% gc time)


  2.247724 seconds (584.83 k allocations: 2.521 GiB, 22.25% gc time)


  2.120040 seconds (584.83 k allocations: 2.521 GiB, 16.10% gc time)


  2.098345 seconds (584.82 k allocations: 2.521 GiB, 16.44% gc time)


  2.130107 seconds (584.82 k allocations: 2.521 GiB, 15.98% gc time)


  2.143230 seconds (584.83 k allocations: 2.521 GiB, 17.07% gc time)


  2.304984 seconds (584.83 k allocations: 2.521 GiB, 21.30% gc time)


  2.101224 seconds (584.83 k allocations: 2.521 GiB, 15.94% gc time)


  2.128871 seconds (584.84 k allocations: 2.521 GiB, 16.13% gc time)


  2.129303 seconds (584.82 k allocations: 2.521 GiB, 16.32% gc time)


  2.132616 seconds (584.83 k allocations: 2.521 GiB, 16.08% gc time)


  2.334698 seconds (584.83 k allocations: 2.521 GiB, 21.33% gc time)


Numero de qubits: 18 
Threads (LinearAlgebra) :24
Threads (Julia) :1


  4.746446 seconds (626.56 k allocations: 5.342 GiB, 17.65% gc time)


  4.818984 seconds (626.55 k allocations: 5.342 GiB, 16.93% gc time)


  4.769324 seconds (626.55 k allocations: 5.342 GiB, 17.11% gc time)


  4.847748 seconds (626.57 k allocations: 5.342 GiB, 17.22% gc time)


  4.923558 seconds (626.55 k allocations: 5.342 GiB, 19.42% gc time)


  5.041686 seconds (626.57 k allocations: 5.342 GiB, 19.70% gc time)


  4.792143 seconds (626.57 k allocations: 5.342 GiB, 16.96% gc time)


  4.929825 seconds (626.56 k allocations: 5.342 GiB, 20.19% gc time)


  4.980082 seconds (626.57 k allocations: 5.342 GiB, 18.84% gc time)


  4.874001 seconds (626.57 k allocations: 5.342 GiB, 17.08% gc time)


  4.958871 seconds (626.55 k allocations: 5.342 GiB, 19.56% gc time)


  4.959288 seconds (626.56 k allocations: 5.342 GiB, 19.24% gc time)


  4.989758 seconds (626.56 k allocations: 5.342 GiB, 18.94% gc time)


  4.850736 seconds (626.54 k allocations: 5.345 GiB, 20.02% gc time)


  4.930542 seconds (626.56 k allocations: 5.342 GiB, 19.19% gc time)


  4.940800 seconds (626.52 k allocations: 5.342 GiB, 19.39% gc time)


  4.872978 seconds (626.58 k allocations: 5.342 GiB, 16.84% gc time)


  4.811086 seconds (626.57 k allocations: 5.342 GiB, 17.15% gc time)


  4.970997 seconds (626.54 k allocations: 5.342 GiB, 19.80% gc time)


  4.800769 seconds (626.49 k allocations: 5.343 GiB, 19.70% gc time)


  5.028723 seconds (626.57 k allocations: 5.342 GiB, 19.42% gc time)


Numero de qubits: 19 
Threads (LinearAlgebra) :24
Threads (Julia) :1


  7.378378 seconds (667.52 k allocations: 8.377 GiB, 19.70% gc time)


  7.481256 seconds (667.53 k allocations: 8.377 GiB, 21.21% gc time)


  7.196033 seconds (667.51 k allocations: 8.377 GiB, 20.15% gc time)


  7.321615 seconds (667.56 k allocations: 8.377 GiB, 20.24% gc time)


  7.378250 seconds (667.54 k allocations: 8.377 GiB, 21.51% gc time)


  7.433951 seconds (667.53 k allocations: 8.377 GiB, 21.64% gc time)


  7.267930 seconds (667.53 k allocations: 8.377 GiB, 19.75% gc time)


  7.430989 seconds (667.54 k allocations: 8.377 GiB, 21.38% gc time)


  7.368334 seconds (667.53 k allocations: 8.377 GiB, 21.82% gc time)


  7.370901 seconds (667.53 k allocations: 8.377 GiB, 21.42% gc time)


  7.278623 seconds (667.51 k allocations: 8.377 GiB, 20.16% gc time)


  7.484375 seconds (667.54 k allocations: 8.377 GiB, 21.23% gc time)


  7.258970 seconds (667.55 k allocations: 8.377 GiB, 20.22% gc time)


  7.363500 seconds (667.53 k allocations: 8.377 GiB, 21.38% gc time)


  7.162705 seconds (667.53 k allocations: 8.377 GiB, 20.03% gc time)


  7.274073 seconds (667.55 k allocations: 8.377 GiB, 19.66% gc time)


  7.402885 seconds (667.53 k allocations: 8.377 GiB, 21.88% gc time)


  7.297022 seconds (667.54 k allocations: 8.377 GiB, 20.08% gc time)


  7.228336 seconds (667.53 k allocations: 8.377 GiB, 19.94% gc time)


  7.431407 seconds (667.54 k allocations: 8.377 GiB, 21.64% gc time)


  7.176177 seconds (667.54 k allocations: 8.377 GiB, 19.97% gc time)


Numero de qubits: 20 
Threads (LinearAlgebra) :24
Threads (Julia) :1


 17.685095 seconds (720.67 k allocations: 18.107 GiB, 17.88% gc time)


 17.179892 seconds (720.67 k allocations: 18.107 GiB, 16.55% gc time)


 16.888330 seconds (720.66 k allocations: 18.119 GiB, 17.89% gc time)


 17.761405 seconds (720.66 k allocations: 18.107 GiB, 18.72% gc time)


 17.689208 seconds (720.66 k allocations: 18.107 GiB, 18.56% gc time)


 17.547236 seconds (720.66 k allocations: 18.107 GiB, 17.84% gc time)


 17.400503 seconds (720.68 k allocations: 18.107 GiB, 17.31% gc time)


 17.542994 seconds (720.67 k allocations: 18.107 GiB, 18.14% gc time)


 17.245950 seconds (720.65 k allocations: 18.107 GiB, 17.44% gc time)


 17.530333 seconds (720.65 k allocations: 18.107 GiB, 17.88% gc time)


 17.587117 seconds (720.67 k allocations: 18.107 GiB, 18.03% gc time)


 17.420268 seconds (720.67 k allocations: 18.107 GiB, 17.43% gc time)


 17.166020 seconds (720.65 k allocations: 18.119 GiB, 18.26% gc time)


 17.232351 seconds (720.66 k allocations: 18.119 GiB, 18.20% gc time)


 17.506986 seconds (720.67 k allocations: 18.107 GiB, 17.79% gc time)


 17.502912 seconds (720.66 k allocations: 18.107 GiB, 17.83% gc time)


 17.581038 seconds (720.66 k allocations: 18.107 GiB, 17.94% gc time)


 17.102515 seconds (720.65 k allocations: 18.119 GiB, 18.40% gc time)


 17.675876 seconds (720.65 k allocations: 18.107 GiB, 18.60% gc time)


 17.182372 seconds (720.67 k allocations: 18.118 GiB, 18.23% gc time)


 16.972690 seconds (720.66 k allocations: 18.119 GiB, 17.68% gc time)


