Numero de qubits: 15 
Threads (LinearAlgebra) :27
Threads (Julia) :1


 22.756729 seconds (90.18 M allocations: 5.239 GiB, 4.23% gc time, 96.29% compilation time)


  0.854856 seconds (506.43 k allocations: 816.757 MiB, 23.70% gc time)


  1.224432 seconds (1.74 M allocations: 880.234 MiB, 3.04% gc time, 45.47% compilation time)


  0.821060 seconds (506.40 k allocations: 816.755 MiB, 22.82% gc time)


  0.635868 seconds (506.40 k allocations: 816.755 MiB, 3.05% gc time)


  1.505047 seconds (1.39 M allocations: 862.750 MiB, 2.44% gc time, 17.09% compilation time)


  0.851255 seconds (506.41 k allocations: 816.756 MiB, 20.88% gc time)


  0.716210 seconds (506.41 k allocations: 816.756 MiB, 3.41% gc time)


  0.870918 seconds (506.42 k allocations: 816.756 MiB, 21.04% gc time)


  0.712593 seconds (506.40 k allocations: 816.755 MiB, 3.92% gc time)


  0.891120 seconds (506.41 k allocations: 816.756 MiB, 23.32% gc time)


  0.682626 seconds (506.42 k allocations: 816.756 MiB, 2.76% gc time)


  0.716128 seconds (506.41 k allocations: 816.756 MiB, 3.63% gc time)


  0.860248 seconds (506.42 k allocations: 816.756 MiB, 22.76% gc time)


  0.718392 seconds (506.40 k allocations: 816.755 MiB, 3.29% gc time)


  0.928497 seconds (506.41 k allocations: 816.756 MiB, 22.53% gc time)


  0.703004 seconds (506.41 k allocations: 816.755 MiB, 3.16% gc time)


  0.922286 seconds (506.42 k allocations: 816.756 MiB, 24.07% gc time)


  0.645879 seconds (506.41 k allocations: 816.756 MiB, 3.29% gc time)


  0.625585 seconds (506.41 k allocations: 816.756 MiB, 4.50% gc time)


  0.849550 seconds (506.42 k allocations: 816.757 MiB, 26.37% gc time)


Numero de qubits: 16 
Threads (LinearAlgebra) :27
Threads (Julia) :1


  1.705249 seconds (544.56 k allocations: 1.633 GiB, 14.70% gc time)


  1.779258 seconds (544.54 k allocations: 1.633 GiB, 23.57% gc time)


  1.562875 seconds (544.55 k allocations: 1.633 GiB, 13.49% gc time)


  1.513271 seconds (544.57 k allocations: 1.633 GiB, 14.74% gc time)


  1.540934 seconds (544.54 k allocations: 1.633 GiB, 13.35% gc time)


  1.563820 seconds (544.57 k allocations: 1.633 GiB, 12.89% gc time)


  1.543738 seconds (544.54 k allocations: 1.633 GiB, 13.71% gc time)


  1.526554 seconds (544.55 k allocations: 1.633 GiB, 13.26% gc time)


  1.562602 seconds (544.53 k allocations: 1.633 GiB, 13.95% gc time)


  1.545532 seconds (544.55 k allocations: 1.633 GiB, 13.93% gc time)


  1.753590 seconds (544.55 k allocations: 1.633 GiB, 20.54% gc time)


  1.534195 seconds (544.55 k allocations: 1.633 GiB, 12.60% gc time)


  1.496708 seconds (544.55 k allocations: 1.633 GiB, 13.46% gc time)


  1.751417 seconds (544.55 k allocations: 1.633 GiB, 21.81% gc time)


  1.605548 seconds (544.55 k allocations: 1.633 GiB, 13.02% gc time)


  1.559699 seconds (544.53 k allocations: 1.633 GiB, 12.84% gc time)


  1.681788 seconds (544.55 k allocations: 1.633 GiB, 21.58% gc time)


  1.567674 seconds (544.53 k allocations: 1.633 GiB, 12.37% gc time)


  1.513714 seconds (544.56 k allocations: 1.633 GiB, 13.13% gc time)


  1.689184 seconds (544.56 k allocations: 1.633 GiB, 21.60% gc time)


  1.557541 seconds (544.54 k allocations: 1.633 GiB, 13.89% gc time)


Numero de qubits: 17 
Threads (LinearAlgebra) :27
Threads (Julia) :1


  2.316688 seconds (584.82 k allocations: 2.521 GiB, 16.77% gc time)


  2.324440 seconds (584.84 k allocations: 2.521 GiB, 15.87% gc time)


  2.307573 seconds (584.84 k allocations: 2.521 GiB, 16.22% gc time)


  2.463994 seconds (584.82 k allocations: 2.521 GiB, 21.58% gc time)


  2.277884 seconds (584.83 k allocations: 2.521 GiB, 16.25% gc time)


  2.546953 seconds (584.82 k allocations: 2.521 GiB, 21.15% gc time)


  2.249990 seconds (584.82 k allocations: 2.521 GiB, 16.28% gc time)


  2.528779 seconds (584.84 k allocations: 2.521 GiB, 21.14% gc time)


  2.273721 seconds (584.83 k allocations: 2.521 GiB, 16.85% gc time)


  2.449734 seconds (584.82 k allocations: 2.521 GiB, 21.88% gc time)


  2.334741 seconds (584.83 k allocations: 2.521 GiB, 15.98% gc time)


  2.509914 seconds (584.82 k allocations: 2.521 GiB, 21.33% gc time)


  2.227803 seconds (584.83 k allocations: 2.521 GiB, 16.38% gc time)


  2.456302 seconds (584.83 k allocations: 2.521 GiB, 21.66% gc time)


  2.314230 seconds (584.82 k allocations: 2.521 GiB, 15.78% gc time)


  2.511566 seconds (584.82 k allocations: 2.521 GiB, 21.39% gc time)


  2.314183 seconds (584.83 k allocations: 2.521 GiB, 15.82% gc time)


  2.524842 seconds (584.83 k allocations: 2.521 GiB, 21.45% gc time)


  2.344490 seconds (584.84 k allocations: 2.521 GiB, 15.68% gc time)


  2.514764 seconds (584.83 k allocations: 2.521 GiB, 21.39% gc time)


  2.306296 seconds (584.82 k allocations: 2.521 GiB, 16.44% gc time)


Numero de qubits: 18 
Threads (LinearAlgebra) :27
Threads (Julia) :1


  5.447013 seconds (626.57 k allocations: 5.342 GiB, 19.16% gc time)


  5.497021 seconds (626.57 k allocations: 5.342 GiB, 19.03% gc time)


  5.434643 seconds (626.57 k allocations: 5.342 GiB, 19.14% gc time)


  5.631218 seconds (626.55 k allocations: 5.342 GiB, 19.13% gc time)


  5.549718 seconds (626.55 k allocations: 5.342 GiB, 18.93% gc time)


  5.484275 seconds (626.55 k allocations: 5.342 GiB, 19.14% gc time)


  5.531284 seconds (626.56 k allocations: 5.342 GiB, 19.03% gc time)


  6.525063 seconds (626.57 k allocations: 5.342 GiB, 16.66% gc time)


  5.502322 seconds (626.56 k allocations: 5.342 GiB, 19.18% gc time)


  5.593516 seconds (626.57 k allocations: 5.342 GiB, 19.36% gc time)


  5.450896 seconds (626.56 k allocations: 5.342 GiB, 19.47% gc time)


  5.478890 seconds (626.57 k allocations: 5.342 GiB, 19.43% gc time)


  6.099932 seconds (626.56 k allocations: 5.342 GiB, 17.32% gc time)


  5.450897 seconds (626.55 k allocations: 5.342 GiB, 19.63% gc time)


  5.537555 seconds (626.57 k allocations: 5.342 GiB, 19.04% gc time)


  6.332425 seconds (626.56 k allocations: 5.342 GiB, 16.59% gc time)


  5.543789 seconds (626.57 k allocations: 5.342 GiB, 19.30% gc time)


  5.386693 seconds (626.57 k allocations: 5.342 GiB, 19.50% gc time)


  5.511101 seconds (626.58 k allocations: 5.342 GiB, 19.84% gc time)


  5.475739 seconds (626.57 k allocations: 5.342 GiB, 19.17% gc time)


  5.388074 seconds (626.57 k allocations: 5.342 GiB, 19.25% gc time)


Numero de qubits: 19 
Threads (LinearAlgebra) :27
Threads (Julia) :1


  8.170060 seconds (667.52 k allocations: 8.377 GiB, 21.09% gc time)


  8.179640 seconds (667.53 k allocations: 8.377 GiB, 21.55% gc time)


  8.256655 seconds (667.53 k allocations: 8.377 GiB, 20.84% gc time)


  8.519261 seconds (667.53 k allocations: 8.377 GiB, 20.34% gc time)


  8.223594 seconds (667.53 k allocations: 8.377 GiB, 20.92% gc time)


  8.245684 seconds (667.54 k allocations: 8.377 GiB, 20.86% gc time)


  8.192398 seconds (667.55 k allocations: 8.377 GiB, 20.91% gc time)


  8.298922 seconds (667.54 k allocations: 8.377 GiB, 21.35% gc time)


  9.614956 seconds (667.53 k allocations: 8.377 GiB, 19.60% gc time)


  8.021801 seconds (667.53 k allocations: 8.377 GiB, 19.46% gc time)


  8.254141 seconds (667.52 k allocations: 8.377 GiB, 20.89% gc time)


  8.232141 seconds (667.53 k allocations: 8.377 GiB, 20.90% gc time)


  8.220248 seconds (667.51 k allocations: 8.377 GiB, 20.85% gc time)


  8.143634 seconds (667.53 k allocations: 8.377 GiB, 21.58% gc time)


  8.272758 seconds (667.53 k allocations: 8.377 GiB, 21.12% gc time)


  8.236737 seconds (667.53 k allocations: 8.377 GiB, 20.99% gc time)


  8.018547 seconds (667.54 k allocations: 8.377 GiB, 19.47% gc time)


  8.177023 seconds (667.53 k allocations: 8.377 GiB, 20.99% gc time)


  8.197515 seconds (667.52 k allocations: 8.377 GiB, 21.03% gc time)


  8.130802 seconds (667.53 k allocations: 8.377 GiB, 19.25% gc time)


  8.248565 seconds (667.52 k allocations: 8.377 GiB, 20.89% gc time)


Numero de qubits: 20 
Threads (LinearAlgebra) :27
Threads (Julia) :1


 19.656612 seconds (720.67 k allocations: 18.107 GiB, 17.40% gc time)


 19.780753 seconds (720.67 k allocations: 18.107 GiB, 18.06% gc time)


 19.734589 seconds (720.67 k allocations: 18.107 GiB, 17.50% gc time)


 22.224234 seconds (720.66 k allocations: 18.107 GiB, 16.10% gc time)


 19.873014 seconds (720.67 k allocations: 18.107 GiB, 18.27% gc time)


 19.532835 seconds (720.67 k allocations: 18.107 GiB, 17.62% gc time)


 19.868216 seconds (720.66 k allocations: 18.107 GiB, 18.05% gc time)


 20.018660 seconds (720.63 k allocations: 18.129 GiB, 18.09% gc time)


 19.726412 seconds (720.65 k allocations: 18.107 GiB, 18.26% gc time)


 19.571552 seconds (720.65 k allocations: 18.107 GiB, 17.41% gc time)


 19.795127 seconds (720.67 k allocations: 18.107 GiB, 18.25% gc time)


 20.226938 seconds (720.67 k allocations: 18.107 GiB, 17.61% gc time)


 19.115987 seconds (720.66 k allocations: 18.118 GiB, 18.61% gc time)


 18.785989 seconds (720.65 k allocations: 18.118 GiB, 17.11% gc time)


 19.761379 seconds (720.66 k allocations: 18.107 GiB, 18.17% gc time)


 19.230080 seconds (720.66 k allocations: 18.119 GiB, 18.46% gc time)


 19.491825 seconds (720.66 k allocations: 18.107 GiB, 17.49% gc time)


 19.245972 seconds (720.66 k allocations: 18.107 GiB, 16.62% gc time)


 20.036018 seconds (720.67 k allocations: 18.107 GiB, 17.75% gc time)


 19.704930 seconds (720.67 k allocations: 18.107 GiB, 17.99% gc time)


 19.148462 seconds (720.65 k allocations: 18.119 GiB, 18.09% gc time)


