Numero de qubits: 20 
Threads (LinearAlgebra) :15
Threads (Julia) :1


 47.194941 seconds (90.48 M allocations: 28.498 GiB, 11.34% gc time, 45.53% compilation time)


 25.058085 seconds (1.72 M allocations: 24.103 GiB, 17.02% gc time, 1.33% compilation time)


 31.104413 seconds (823.28 k allocations: 24.057 GiB, 17.46% gc time)


 27.332351 seconds (823.30 k allocations: 24.057 GiB, 16.29% gc time)


 25.685746 seconds (823.27 k allocations: 24.057 GiB, 16.59% gc time)


 25.152179 seconds (823.28 k allocations: 24.057 GiB, 16.86% gc time)


 24.680309 seconds (823.29 k allocations: 24.057 GiB, 16.58% gc time)


 24.685189 seconds (823.26 k allocations: 24.079 GiB, 17.02% gc time)


 27.760288 seconds (823.28 k allocations: 24.057 GiB, 14.92% gc time)


 28.038530 seconds (823.29 k allocations: 24.057 GiB, 15.77% gc time)


 27.242251 seconds (823.28 k allocations: 24.069 GiB, 15.70% gc time)


 28.079349 seconds (823.28 k allocations: 24.057 GiB, 15.35% gc time)


 28.097794 seconds (823.27 k allocations: 24.057 GiB, 15.25% gc time)


 27.189101 seconds (823.28 k allocations: 24.067 GiB, 15.77% gc time)


 28.328620 seconds (823.27 k allocations: 24.057 GiB, 15.83% gc time)


 28.639199 seconds (2.06 M allocations: 24.119 GiB, 15.12% gc time, 1.83% compilation time)


 28.233153 seconds (823.27 k allocations: 24.057 GiB, 15.47% gc time)


 28.135248 seconds (823.28 k allocations: 24.057 GiB, 15.22% gc time)


 28.326558 seconds (823.30 k allocations: 24.057 GiB, 15.28% gc time)


 28.135025 seconds (823.28 k allocations: 24.057 GiB, 15.39% gc time)


 30.635325 seconds (823.28 k allocations: 24.057 GiB, 16.78% gc time)


Numero de qubits: 21 
Threads (LinearAlgebra) :15
Threads (Julia) :1


 53.873670 seconds (870.42 k allocations: 38.020 GiB, 16.18% gc time)


 52.596913 seconds (870.41 k allocations: 38.020 GiB, 14.78% gc time)


 48.717376 seconds (870.43 k allocations: 38.020 GiB, 13.58% gc time)


 48.815398 seconds (870.42 k allocations: 38.020 GiB, 13.79% gc time)


 45.780190 seconds (870.42 k allocations: 38.020 GiB, 14.08% gc time)


 47.276069 seconds (870.41 k allocations: 38.020 GiB, 13.66% gc time)


 46.356639 seconds (870.42 k allocations: 38.020 GiB, 14.14% gc time)


 46.349141 seconds (870.42 k allocations: 38.020 GiB, 14.25% gc time)


 46.386875 seconds (870.43 k allocations: 38.020 GiB, 14.07% gc time)


 46.266704 seconds (870.42 k allocations: 38.020 GiB, 14.16% gc time)


 46.414362 seconds (870.42 k allocations: 38.020 GiB, 14.15% gc time)


 46.373219 seconds (870.41 k allocations: 38.020 GiB, 13.80% gc time)


 46.259693 seconds (870.43 k allocations: 38.020 GiB, 14.13% gc time)


 46.481826 seconds (870.41 k allocations: 38.020 GiB, 14.03% gc time)


 46.176347 seconds (870.40 k allocations: 38.020 GiB, 13.83% gc time)


 46.110911 seconds (870.43 k allocations: 38.020 GiB, 13.88% gc time)


 46.148355 seconds (870.43 k allocations: 38.020 GiB, 13.78% gc time)


 47.151213 seconds (870.42 k allocations: 38.020 GiB, 13.86% gc time)


 47.460387 seconds (870.43 k allocations: 38.020 GiB, 13.83% gc time)


 47.388207 seconds (870.42 k allocations: 38.020 GiB, 13.68% gc time)


 47.386107 seconds (870.42 k allocations: 38.020 GiB, 13.92% gc time)


