Numero de qubits: 20 
Threads (LinearAlgebra) :15
Threads (Julia) :1


 21.589111 seconds (89.93 M allocations: 4.532 GiB, 4.21% gc time, 99.56% compilation time)


  0.385158 seconds (1.17 M allocations: 139.616 MiB, 2.35% gc time, 85.86% compilation time)


  0.050227 seconds (272.33 k allocations: 92.970 MiB, 12.59% gc time)


  0.048137 seconds (272.33 k allocations: 92.970 MiB, 9.53% gc time)


  0.046980 seconds (272.33 k allocations: 92.970 MiB, 8.50% gc time)


  0.049884 seconds (272.33 k allocations: 92.969 MiB, 10.08% gc time)


  0.047002 seconds (272.32 k allocations: 92.969 MiB, 9.21% gc time)


  0.046852 seconds (272.33 k allocations: 92.969 MiB, 8.32% gc time)


  0.046832 seconds (272.32 k allocations: 92.969 MiB, 8.92% gc time)


  0.048057 seconds (272.33 k allocations: 92.970 MiB, 10.13% gc time)


  0.047190 seconds (272.33 k allocations: 92.969 MiB, 8.52% gc time)


  0.047098 seconds (272.33 k allocations: 92.970 MiB, 8.94% gc time)


  0.046823 seconds (272.33 k allocations: 92.970 MiB, 8.76% gc time)


  0.048017 seconds (272.32 k allocations: 92.969 MiB, 9.91% gc time)


  0.047358 seconds (272.33 k allocations: 92.969 MiB, 8.56% gc time)


  0.047319 seconds (272.33 k allocations: 92.970 MiB, 8.79% gc time)


  0.048201 seconds (272.33 k allocations: 92.970 MiB, 10.34% gc time)


  0.603285 seconds (1.51 M allocations: 156.462 MiB, 2.33% gc time, 91.16% compilation time)


  0.050625 seconds (272.33 k allocations: 92.970 MiB, 8.64% gc time)


  0.048457 seconds (272.33 k allocations: 92.970 MiB, 6.60% gc time)


  0.048948 seconds (272.32 k allocations: 92.969 MiB, 9.72% gc time)


Numero de qubits: 21 
Threads (LinearAlgebra) :15
Threads (Julia) :1


  0.055723 seconds (288.61 k allocations: 98.030 MiB, 15.45% gc time)


  0.050492 seconds (288.62 k allocations: 98.031 MiB, 7.41% gc time)


  0.054114 seconds (288.61 k allocations: 98.030 MiB, 11.79% gc time)


  0.050864 seconds (288.62 k allocations: 98.031 MiB, 9.42% gc time)


  0.051522 seconds (288.61 k allocations: 98.029 MiB, 10.75% gc time)


  0.050566 seconds (288.61 k allocations: 98.030 MiB, 9.09% gc time)


  0.050298 seconds (288.63 k allocations: 98.031 MiB, 9.02% gc time)


  0.050440 seconds (288.60 k allocations: 98.030 MiB, 9.50% gc time)


  0.050566 seconds (288.61 k allocations: 98.030 MiB, 9.52% gc time)


  0.051048 seconds (288.63 k allocations: 98.031 MiB, 9.85% gc time)


  0.050351 seconds (288.61 k allocations: 98.030 MiB, 8.52% gc time)


  0.050564 seconds (288.60 k allocations: 98.030 MiB, 9.56% gc time)


  0.050702 seconds (288.62 k allocations: 98.031 MiB, 9.65% gc time)


  0.050596 seconds (288.62 k allocations: 98.030 MiB, 8.23% gc time)


  0.052162 seconds (288.61 k allocations: 98.029 MiB, 10.34% gc time)


  0.050897 seconds (288.61 k allocations: 98.030 MiB, 8.62% gc time)


  0.051986 seconds (288.61 k allocations: 98.030 MiB, 10.11% gc time)


  0.050770 seconds (288.62 k allocations: 98.030 MiB, 8.01% gc time)


  0.051963 seconds (288.61 k allocations: 98.030 MiB, 10.18% gc time)


  0.051267 seconds (288.61 k allocations: 98.030 MiB, 8.83% gc time)


  0.051356 seconds (288.61 k allocations: 98.030 MiB, 8.71% gc time)


Numero de qubits: 22 
Threads (LinearAlgebra) :15
Threads (Julia) :1


  0.057055 seconds (302.68 k allocations: 104.508 MiB, 9.83% gc time)


  0.059128 seconds (302.68 k allocations: 104.509 MiB, 13.86% gc time)


  0.056709 seconds (302.69 k allocations: 104.509 MiB, 9.81% gc time)


  0.055006 seconds (302.69 k allocations: 104.510 MiB, 9.14% gc time)


  0.054286 seconds (302.68 k allocations: 104.509 MiB, 8.37% gc time)


  0.054284 seconds (302.69 k allocations: 104.509 MiB, 9.73% gc time)


  0.054597 seconds (302.69 k allocations: 104.510 MiB, 9.88% gc time)


  0.054456 seconds (302.68 k allocations: 104.509 MiB, 9.95% gc time)


  0.053692 seconds (302.69 k allocations: 104.510 MiB, 8.43% gc time)


  0.054328 seconds (302.70 k allocations: 104.510 MiB, 9.71% gc time)


  0.054662 seconds (302.68 k allocations: 104.509 MiB, 9.99% gc time)


  0.054035 seconds (302.68 k allocations: 104.509 MiB, 8.37% gc time)


  0.056296 seconds (302.69 k allocations: 104.510 MiB, 10.48% gc time)


  0.056263 seconds (302.68 k allocations: 104.509 MiB, 10.27% gc time)


  0.055403 seconds (302.68 k allocations: 104.508 MiB, 8.96% gc time)


  0.055701 seconds (302.68 k allocations: 104.509 MiB, 10.16% gc time)


  0.055422 seconds (302.68 k allocations: 104.509 MiB, 9.02% gc time)


  0.055776 seconds (302.69 k allocations: 104.509 MiB, 10.19% gc time)


  0.055349 seconds (302.69 k allocations: 104.509 MiB, 9.07% gc time)


  0.055119 seconds (302.70 k allocations: 104.510 MiB, 8.64% gc time)


  0.054656 seconds (302.68 k allocations: 104.509 MiB, 8.40% gc time)


Numero de qubits: 23 
Threads (LinearAlgebra) :15
Threads (Julia) :1


  0.062397 seconds (319.19 k allocations: 109.610 MiB, 14.41% gc time)


  0.056647 seconds (319.19 k allocations: 109.610 MiB, 5.28% gc time)


  0.058113 seconds (319.18 k allocations: 109.609 MiB, 10.12% gc time)


  0.057527 seconds (319.19 k allocations: 109.611 MiB, 10.47% gc time)


  0.056866 seconds (319.19 k allocations: 109.610 MiB, 9.82% gc time)


  0.058876 seconds (319.19 k allocations: 109.610 MiB, 10.15% gc time)


  0.063765 seconds (319.19 k allocations: 109.611 MiB, 13.17% gc time)


  0.060521 seconds (319.20 k allocations: 109.611 MiB, 9.94% gc time)


  0.057483 seconds (319.18 k allocations: 109.610 MiB, 10.05% gc time)


  0.057616 seconds (319.19 k allocations: 109.611 MiB, 10.07% gc time)


  0.058056 seconds (319.18 k allocations: 109.610 MiB, 9.97% gc time)


  0.058032 seconds (319.20 k allocations: 109.611 MiB, 8.76% gc time)


  0.058412 seconds (319.20 k allocations: 109.611 MiB, 10.59% gc time)


  0.057475 seconds (319.18 k allocations: 109.610 MiB, 9.04% gc time)


  0.058536 seconds (319.19 k allocations: 109.610 MiB, 10.63% gc time)


  0.058365 seconds (319.18 k allocations: 109.610 MiB, 10.47% gc time)


  0.058541 seconds (319.18 k allocations: 109.610 MiB, 8.83% gc time)


  0.058964 seconds (319.19 k allocations: 109.611 MiB, 10.82% gc time)


  0.058179 seconds (319.20 k allocations: 109.611 MiB, 10.33% gc time)


  0.058120 seconds (319.19 k allocations: 109.610 MiB, 9.27% gc time)


  0.058606 seconds (319.19 k allocations: 109.611 MiB, 10.75% gc time)


Numero de qubits: 24 
Threads (LinearAlgebra) :15
Threads (Julia) :1


  0.068683 seconds (333.64 k allocations: 116.677 MiB, 13.81% gc time)


  0.064043 seconds (333.64 k allocations: 116.677 MiB, 8.41% gc time)


  0.064780 seconds (333.65 k allocations: 116.677 MiB, 12.12% gc time)


  0.062612 seconds (333.64 k allocations: 116.677 MiB, 7.89% gc time)


  0.064794 seconds (333.65 k allocations: 116.677 MiB, 11.12% gc time)


  0.061686 seconds (333.64 k allocations: 116.677 MiB, 8.80% gc time)


  0.063712 seconds (333.65 k allocations: 116.677 MiB, 11.53% gc time)


  0.062342 seconds (333.65 k allocations: 116.678 MiB, 10.03% gc time)


  0.062169 seconds (333.65 k allocations: 116.678 MiB, 8.98% gc time)


  0.063011 seconds (333.64 k allocations: 116.677 MiB, 10.52% gc time)


  0.062484 seconds (333.65 k allocations: 116.678 MiB, 10.30% gc time)


  0.062598 seconds (333.65 k allocations: 116.677 MiB, 10.28% gc time)


  0.063676 seconds (333.65 k allocations: 116.678 MiB, 10.34% gc time)


  0.061922 seconds (333.65 k allocations: 116.678 MiB, 8.76% gc time)


  0.062786 seconds (333.64 k allocations: 116.676 MiB, 10.57% gc time)


  0.061635 seconds (333.65 k allocations: 116.678 MiB, 10.28% gc time)


  0.062065 seconds (333.65 k allocations: 116.678 MiB, 10.34% gc time)


  0.069189 seconds (333.66 k allocations: 116.678 MiB, 14.19% gc time)


  0.065235 seconds (333.64 k allocations: 116.677 MiB, 10.50% gc time)


  0.062982 seconds (333.64 k allocations: 116.677 MiB, 10.22% gc time)


  0.063987 seconds (333.64 k allocations: 116.677 MiB, 10.37% gc time)


Numero de qubits: 25 
Threads (LinearAlgebra) :15
Threads (Julia) :1


  0.067732 seconds (350.36 k allocations: 121.819 MiB, 10.39% gc time)


  0.069089 seconds (350.36 k allocations: 121.818 MiB, 12.98% gc time)


  0.065267 seconds (350.37 k allocations: 121.819 MiB, 10.09% gc time)


  0.065818 seconds (350.37 k allocations: 121.819 MiB, 10.40% gc time)


  0.064516 seconds (350.37 k allocations: 121.819 MiB, 9.96% gc time)


  0.064795 seconds (350.37 k allocations: 121.818 MiB, 10.31% gc time)


  0.064829 seconds (350.36 k allocations: 121.818 MiB, 10.57% gc time)


  0.064526 seconds (350.36 k allocations: 121.818 MiB, 10.28% gc time)


  0.064829 seconds (350.37 k allocations: 121.819 MiB, 10.36% gc time)


  0.064540 seconds (350.37 k allocations: 121.819 MiB, 10.24% gc time)


  0.066180 seconds (350.37 k allocations: 121.818 MiB, 10.27% gc time)


  0.066463 seconds (350.37 k allocations: 121.819 MiB, 10.23% gc time)


  0.067011 seconds (350.37 k allocations: 121.819 MiB, 10.42% gc time)


  0.066539 seconds (350.36 k allocations: 121.818 MiB, 10.24% gc time)


  0.066710 seconds (350.36 k allocations: 121.818 MiB, 10.15% gc time)


  0.066225 seconds (350.36 k allocations: 121.818 MiB, 10.21% gc time)


  0.065897 seconds (350.37 k allocations: 121.819 MiB, 10.20% gc time)


  0.272366 seconds (350.37 k allocations: 121.819 MiB, 70.95% gc time)


  0.064565 seconds (350.38 k allocations: 121.819 MiB)


  0.076730 seconds (350.37 k allocations: 121.819 MiB, 23.93% gc time)


  0.094043 seconds (350.36 k allocations: 121.819 MiB, 28.48% gc time)


Numero de qubits: 26 
Threads (LinearAlgebra) :15
Threads (Julia) :1


  0.076271 seconds (364.87 k allocations: 128.379 MiB, 15.98% gc time)


  0.070092 seconds (364.87 k allocations: 128.379 MiB, 11.24% gc time)


  0.067987 seconds (364.88 k allocations: 128.380 MiB, 8.19% gc time)


  0.066311 seconds (364.89 k allocations: 128.380 MiB, 7.14% gc time)


  0.066696 seconds (364.88 k allocations: 128.380 MiB, 8.86% gc time)


  0.065157 seconds (364.87 k allocations: 128.379 MiB, 7.48% gc time)


  0.066056 seconds (364.87 k allocations: 128.378 MiB, 8.79% gc time)


  0.066190 seconds (364.88 k allocations: 128.379 MiB, 9.17% gc time)


  0.065827 seconds (364.87 k allocations: 128.379 MiB, 7.94% gc time)


  0.066781 seconds (364.88 k allocations: 128.380 MiB, 9.16% gc time)


  0.066241 seconds (364.88 k allocations: 128.379 MiB, 7.98% gc time)


  0.065740 seconds (364.87 k allocations: 128.379 MiB, 7.96% gc time)


  0.066859 seconds (364.87 k allocations: 128.379 MiB, 9.30% gc time)


  0.066206 seconds (364.87 k allocations: 128.379 MiB, 8.27% gc time)


  0.066560 seconds (364.87 k allocations: 128.378 MiB, 8.31% gc time)


  0.067368 seconds (364.86 k allocations: 128.378 MiB, 9.45% gc time)


  0.066780 seconds (364.87 k allocations: 128.379 MiB, 8.38% gc time)


  0.066800 seconds (364.88 k allocations: 128.380 MiB, 8.35% gc time)


  0.066738 seconds (364.88 k allocations: 128.379 MiB, 8.62% gc time)


  0.067976 seconds (364.88 k allocations: 128.380 MiB, 9.87% gc time)


  0.066905 seconds (364.86 k allocations: 128.378 MiB, 8.09% gc time)


Numero de qubits: 27 
Threads (LinearAlgebra) :15
Threads (Julia) :1


  0.075531 seconds (381.82 k allocations: 133.561 MiB, 11.81% gc time)


  0.086831 seconds (381.82 k allocations: 133.562 MiB, 20.27% gc time)


  0.072271 seconds (381.81 k allocations: 133.561 MiB, 9.28% gc time)


  0.070600 seconds (381.81 k allocations: 133.560 MiB, 9.31% gc time)


  0.069352 seconds (381.80 k allocations: 133.560 MiB, 8.43% gc time)


  0.070091 seconds (381.81 k allocations: 133.560 MiB, 9.69% gc time)


  0.069493 seconds (381.81 k allocations: 133.561 MiB, 8.52% gc time)


  0.071011 seconds (381.80 k allocations: 133.560 MiB, 10.04% gc time)


  0.069569 seconds (381.81 k allocations: 133.561 MiB, 8.60% gc time)


  0.070636 seconds (381.80 k allocations: 133.561 MiB, 9.85% gc time)


  0.070186 seconds (381.81 k allocations: 133.561 MiB, 8.73% gc time)


  0.070367 seconds (381.81 k allocations: 133.561 MiB, 9.06% gc time)


  0.071350 seconds (381.82 k allocations: 133.562 MiB, 10.19% gc time)


  0.070192 seconds (381.82 k allocations: 133.562 MiB, 8.77% gc time)


  0.071305 seconds (381.81 k allocations: 133.561 MiB, 10.31% gc time)


  0.070033 seconds (381.81 k allocations: 133.561 MiB, 8.72% gc time)


  0.070025 seconds (381.79 k allocations: 133.559 MiB, 8.99% gc time)


  0.071242 seconds (381.81 k allocations: 133.561 MiB, 10.27% gc time)


  0.070113 seconds (381.81 k allocations: 133.561 MiB, 9.09% gc time)


  0.074585 seconds (381.81 k allocations: 133.561 MiB, 12.48% gc time)


  0.072495 seconds (381.81 k allocations: 133.561 MiB, 9.51% gc time)


Numero de qubits: 28 
Threads (LinearAlgebra) :15
Threads (Julia) :1


  0.080603 seconds (396.70 k allocations: 140.709 MiB, 13.62% gc time)


  0.078031 seconds (396.69 k allocations: 140.709 MiB, 9.21% gc time)


  0.075677 seconds (396.70 k allocations: 140.709 MiB, 9.38% gc time)


  0.074655 seconds (396.70 k allocations: 140.710 MiB, 9.81% gc time)


  0.074781 seconds (396.69 k allocations: 140.709 MiB, 9.85% gc time)


  0.074869 seconds (396.69 k allocations: 140.709 MiB, 9.79% gc time)


  0.075260 seconds (396.68 k allocations: 140.708 MiB, 9.86% gc time)


  0.075373 seconds (396.70 k allocations: 140.709 MiB, 9.92% gc time)


  0.076723 seconds (396.68 k allocations: 140.709 MiB, 10.06% gc time)


  0.074614 seconds (396.70 k allocations: 140.709 MiB, 8.73% gc time)


  0.076331 seconds (396.69 k allocations: 140.709 MiB, 10.31% gc time)


  0.077155 seconds (396.70 k allocations: 140.710 MiB, 10.40% gc time)


  0.076195 seconds (396.69 k allocations: 140.708 MiB, 9.18% gc time)


  0.076319 seconds (396.69 k allocations: 140.709 MiB, 10.41% gc time)


  0.076104 seconds (396.70 k allocations: 140.709 MiB, 9.58% gc time)


  0.076395 seconds (396.70 k allocations: 140.710 MiB, 10.20% gc time)


  0.077291 seconds (396.70 k allocations: 140.710 MiB, 10.72% gc time)


  0.076108 seconds (396.70 k allocations: 140.709 MiB, 9.34% gc time)


  0.076614 seconds (396.69 k allocations: 140.709 MiB, 10.60% gc time)


  0.075740 seconds (396.69 k allocations: 140.709 MiB, 9.45% gc time)


  0.076276 seconds (396.70 k allocations: 140.710 MiB, 10.55% gc time)


Numero de qubits: 29 
Threads (LinearAlgebra) :15
Threads (Julia) :1


  0.081975 seconds (413.85 k allocations: 145.931 MiB, 12.47% gc time)


  0.079871 seconds (413.85 k allocations: 145.931 MiB, 9.49% gc time)


  0.077718 seconds (413.86 k allocations: 145.932 MiB, 9.41% gc time)


  0.079116 seconds (413.84 k allocations: 145.931 MiB, 10.58% gc time)


  0.079750 seconds (413.86 k allocations: 145.931 MiB, 10.59% gc time)


  0.079720 seconds (413.85 k allocations: 145.931 MiB, 10.77% gc time)


  0.078554 seconds (413.86 k allocations: 145.932 MiB, 10.27% gc time)


  0.077252 seconds (413.84 k allocations: 145.930 MiB, 9.06% gc time)


  0.078147 seconds (413.84 k allocations: 145.930 MiB, 10.21% gc time)


  0.086865 seconds (413.84 k allocations: 145.930 MiB, 13.27% gc time)


  0.264797 seconds (413.84 k allocations: 145.930 MiB, 69.07% gc time)


  0.103609 seconds (413.85 k allocations: 145.931 MiB, 17.92% gc time)


  0.074195 seconds (413.84 k allocations: 145.930 MiB)


  0.101987 seconds (413.85 k allocations: 145.931 MiB, 25.65% gc time)


  0.087846 seconds (413.85 k allocations: 145.931 MiB, 16.59% gc time)


  0.081616 seconds (413.86 k allocations: 145.932 MiB, 9.58% gc time)


  0.074849 seconds (413.84 k allocations: 145.931 MiB, 6.70% gc time)


  0.076419 seconds (413.85 k allocations: 145.931 MiB, 9.33% gc time)


  0.075717 seconds (413.86 k allocations: 145.932 MiB, 8.36% gc time)


  0.075491 seconds (413.83 k allocations: 145.930 MiB, 8.48% gc time)


  0.075081 seconds (413.85 k allocations: 145.930 MiB, 7.66% gc time)


Numero de qubits: 30 
Threads (LinearAlgebra) :15
Threads (Julia) :1


  0.086148 seconds (428.78 k allocations: 152.572 MiB, 11.89% gc time)


  0.080790 seconds (428.78 k allocations: 152.573 MiB, 10.09% gc time)


  0.078683 seconds (428.77 k allocations: 152.572 MiB, 8.35% gc time)


  0.079276 seconds (428.78 k allocations: 152.573 MiB, 9.19% gc time)


  0.078433 seconds (428.78 k allocations: 152.573 MiB, 8.33% gc time)


  0.079390 seconds (428.77 k allocations: 152.572 MiB, 9.27% gc time)


  0.078904 seconds (428.78 k allocations: 152.573 MiB, 8.45% gc time)


  0.078953 seconds (428.78 k allocations: 152.573 MiB, 8.64% gc time)


  0.080274 seconds (428.80 k allocations: 152.574 MiB, 9.40% gc time)


  0.079997 seconds (428.78 k allocations: 152.572 MiB, 8.70% gc time)


  0.080654 seconds (428.79 k allocations: 152.573 MiB, 9.09% gc time)


  0.080403 seconds (428.78 k allocations: 152.572 MiB, 9.08% gc time)


  0.080358 seconds (428.78 k allocations: 152.573 MiB, 8.90% gc time)


  0.080382 seconds (428.79 k allocations: 152.574 MiB, 9.10% gc time)


  0.082055 seconds (428.78 k allocations: 152.572 MiB, 9.19% gc time)


  0.080256 seconds (428.78 k allocations: 152.572 MiB, 9.00% gc time)


  0.089837 seconds (428.78 k allocations: 152.573 MiB, 12.47% gc time)


  0.083017 seconds (428.78 k allocations: 152.573 MiB, 9.47% gc time)


  0.082993 seconds (428.77 k allocations: 152.572 MiB, 9.09% gc time)


  0.084222 seconds (428.79 k allocations: 152.573 MiB, 10.33% gc time)


  0.082109 seconds (428.78 k allocations: 152.573 MiB, 9.22% gc time)


Numero de qubits: 31 
Threads (LinearAlgebra) :15
Threads (Julia) :1


  0.093373 seconds (446.15 k allocations: 157.835 MiB, 14.28% gc time)


  0.085228 seconds (446.14 k allocations: 157.834 MiB, 7.16% gc time)


  0.086668 seconds (446.15 k allocations: 157.834 MiB, 10.60% gc time)


  0.085689 seconds (446.15 k allocations: 157.834 MiB, 10.50% gc time)


  0.083320 seconds (446.15 k allocations: 157.834 MiB, 9.01% gc time)


  0.085960 seconds (446.14 k allocations: 157.834 MiB, 10.46% gc time)


  0.085782 seconds (446.15 k allocations: 157.835 MiB, 9.62% gc time)


  0.086433 seconds (446.16 k allocations: 157.835 MiB, 10.60% gc time)


  0.085604 seconds (446.16 k allocations: 157.835 MiB, 9.39% gc time)


  0.086093 seconds (446.14 k allocations: 157.834 MiB, 10.51% gc time)


  0.083688 seconds (446.16 k allocations: 157.835 MiB, 9.24% gc time)


  0.085081 seconds (446.16 k allocations: 157.835 MiB, 9.55% gc time)


  0.085645 seconds (446.15 k allocations: 157.835 MiB, 10.49% gc time)


  0.084366 seconds (446.16 k allocations: 157.835 MiB, 9.40% gc time)


  0.084883 seconds (446.16 k allocations: 157.835 MiB, 9.62% gc time)


  0.086597 seconds (446.15 k allocations: 157.834 MiB, 10.92% gc time)


  0.085132 seconds (446.14 k allocations: 157.834 MiB, 9.60% gc time)


  0.085432 seconds (446.13 k allocations: 157.834 MiB, 9.78% gc time)


  0.085087 seconds (446.16 k allocations: 157.835 MiB, 10.05% gc time)


  0.085966 seconds (446.16 k allocations: 157.835 MiB, 10.64% gc time)


  0.085713 seconds (446.14 k allocations: 157.834 MiB, 9.95% gc time)


Numero de qubits: 32 
Threads (LinearAlgebra) :15
Threads (Julia) :1


  0.096552 seconds (461.48 k allocations: 165.065 MiB, 12.56% gc time)


  0.091001 seconds (461.49 k allocations: 165.065 MiB, 10.53% gc time)


  0.089145 seconds (461.46 k allocations: 165.064 MiB, 10.08% gc time)


  0.089512 seconds (461.48 k allocations: 165.065 MiB, 10.81% gc time)


  0.253058 seconds (461.48 k allocations: 165.065 MiB, 68.65% gc time)


  0.108553 seconds (461.48 k allocations: 165.065 MiB, 18.30% gc time)


  0.106785 seconds (461.48 k allocations: 165.065 MiB, 18.63% gc time)


  0.098178 seconds (461.47 k allocations: 165.064 MiB, 15.21% gc time)


  0.094669 seconds (461.47 k allocations: 165.065 MiB, 11.29% gc time)


  0.087771 seconds (461.47 k allocations: 165.065 MiB, 8.31% gc time)


  0.085876 seconds (461.45 k allocations: 165.063 MiB, 8.18% gc time)


  0.085948 seconds (461.48 k allocations: 165.065 MiB, 8.93% gc time)


  0.085592 seconds (461.47 k allocations: 165.065 MiB, 7.93% gc time)


  0.086112 seconds (461.48 k allocations: 165.065 MiB, 9.09% gc time)


  0.086555 seconds (461.48 k allocations: 165.065 MiB, 8.34% gc time)


  0.086493 seconds (461.46 k allocations: 165.064 MiB, 9.15% gc time)


  0.086077 seconds (461.46 k allocations: 165.064 MiB, 8.22% gc time)


  0.088381 seconds (461.47 k allocations: 165.064 MiB, 9.62% gc time)


  0.086968 seconds (461.46 k allocations: 165.064 MiB, 8.24% gc time)


  0.088863 seconds (461.47 k allocations: 165.065 MiB, 9.78% gc time)


  0.086954 seconds (461.47 k allocations: 165.065 MiB, 8.46% gc time)


Numero de qubits: 33 
Threads (LinearAlgebra) :15
Threads (Julia) :1


  0.112445 seconds (479.04 k allocations: 170.366 MiB, 20.32% gc time)


  0.092195 seconds (479.05 k allocations: 170.366 MiB, 7.41% gc time)


  0.091205 seconds (479.05 k allocations: 170.366 MiB, 10.19% gc time)


  0.090955 seconds (479.06 k allocations: 170.366 MiB, 9.66% gc time)


  0.092137 seconds (479.05 k allocations: 170.367 MiB, 10.36% gc time)


  0.090759 seconds (479.06 k allocations: 170.367 MiB, 9.45% gc time)


  0.090854 seconds (479.06 k allocations: 170.367 MiB, 9.53% gc time)


  0.090003 seconds (479.06 k allocations: 170.367 MiB, 8.69% gc time)


  0.089260 seconds (479.04 k allocations: 170.366 MiB, 9.29% gc time)


  0.089970 seconds (479.06 k allocations: 170.367 MiB, 9.62% gc time)


  0.090275 seconds (479.06 k allocations: 170.366 MiB, 10.27% gc time)


  0.090150 seconds (479.05 k allocations: 170.366 MiB, 8.67% gc time)


  0.090527 seconds (479.05 k allocations: 170.366 MiB, 9.86% gc time)


  0.091041 seconds (479.06 k allocations: 170.367 MiB, 10.06% gc time)


  0.090702 seconds (479.04 k allocations: 170.366 MiB, 9.66% gc time)


  0.090048 seconds (479.06 k allocations: 170.366 MiB, 8.72% gc time)


  0.090062 seconds (479.06 k allocations: 170.367 MiB, 9.79% gc time)


  0.090820 seconds (479.06 k allocations: 170.367 MiB, 10.17% gc time)


  0.090934 seconds (479.05 k allocations: 170.367 MiB, 10.08% gc time)


  0.090910 seconds (479.06 k allocations: 170.367 MiB, 9.94% gc time)


  0.090086 seconds (479.03 k allocations: 170.365 MiB, 9.07% gc time)


Numero de qubits: 34 
Threads (LinearAlgebra) :15
Threads (Julia) :1


  0.112338 seconds (494.43 k allocations: 177.090 MiB, 17.86% gc time)


  0.106080 seconds (494.43 k allocations: 177.090 MiB, 14.79% gc time)


  0.095406 seconds (494.41 k allocations: 177.090 MiB, 9.75% gc time)


  0.095390 seconds (494.44 k allocations: 177.091 MiB, 10.78% gc time)


  0.094514 seconds (494.41 k allocations: 177.090 MiB, 9.93% gc time)


  0.094212 seconds (494.44 k allocations: 177.091 MiB, 10.08% gc time)


  0.096940 seconds (494.42 k allocations: 177.089 MiB, 10.42% gc time)


  0.267407 seconds (494.43 k allocations: 177.090 MiB, 66.27% gc time)


  0.121030 seconds (494.43 k allocations: 177.091 MiB, 19.34% gc time)


  0.113030 seconds (494.43 k allocations: 177.091 MiB, 18.37% gc time)


  0.107633 seconds (494.43 k allocations: 177.090 MiB, 14.25% gc time)


  0.101525 seconds (494.44 k allocations: 177.091 MiB, 12.16% gc time)


  0.094359 seconds (494.43 k allocations: 177.090 MiB, 8.68% gc time)


  0.091689 seconds (494.42 k allocations: 177.090 MiB, 8.16% gc time)


  0.091635 seconds (494.44 k allocations: 177.091 MiB, 8.72% gc time)


  0.092485 seconds (494.43 k allocations: 177.090 MiB, 9.34% gc time)


  0.091837 seconds (494.43 k allocations: 177.091 MiB, 8.06% gc time)


  0.092857 seconds (494.41 k allocations: 177.089 MiB, 9.49% gc time)


  0.092711 seconds (494.43 k allocations: 177.090 MiB, 8.30% gc time)


  0.092703 seconds (494.43 k allocations: 177.090 MiB, 9.19% gc time)


  0.092802 seconds (494.43 k allocations: 177.090 MiB, 9.02% gc time)


Numero de qubits: 35 
Threads (LinearAlgebra) :15
Threads (Julia) :1


  0.107371 seconds (512.23 k allocations: 182.432 MiB, 13.12% gc time)


  0.098745 seconds (512.22 k allocations: 182.432 MiB, 9.05% gc time)


  0.094953 seconds (512.23 k allocations: 182.432 MiB, 9.10% gc time)


  0.095456 seconds (512.21 k allocations: 182.432 MiB, 9.87% gc time)


  0.095697 seconds (512.23 k allocations: 182.432 MiB, 9.67% gc time)


  0.095809 seconds (512.22 k allocations: 182.432 MiB, 9.04% gc time)


  0.096439 seconds (512.20 k allocations: 182.431 MiB, 9.31% gc time)


  0.096223 seconds (512.23 k allocations: 182.433 MiB, 9.43% gc time)


  0.096928 seconds (512.22 k allocations: 182.432 MiB, 10.04% gc time)


  0.096525 seconds (512.23 k allocations: 182.432 MiB, 9.29% gc time)


  0.100203 seconds (512.24 k allocations: 182.433 MiB, 9.01% gc time)


  0.107310 seconds (512.23 k allocations: 182.433 MiB, 9.59% gc time)


  0.096350 seconds (512.22 k allocations: 182.432 MiB, 9.60% gc time)


  0.099656 seconds (512.21 k allocations: 182.432 MiB, 10.62% gc time)


  0.097757 seconds (512.23 k allocations: 182.432 MiB, 9.35% gc time)


  0.097222 seconds (512.22 k allocations: 182.432 MiB, 9.60% gc time)


  0.097657 seconds (512.23 k allocations: 182.433 MiB, 9.79% gc time)


  0.097059 seconds (512.21 k allocations: 182.431 MiB, 9.83% gc time)


  0.096778 seconds (512.23 k allocations: 182.433 MiB, 9.67% gc time)


  0.099011 seconds (512.25 k allocations: 182.433 MiB, 10.07% gc time)


  0.097052 seconds (512.21 k allocations: 182.431 MiB, 9.75% gc time)


Numero de qubits: 36 
Threads (LinearAlgebra) :15
Threads (Julia) :1


  0.111906 seconds (527.96 k allocations: 189.753 MiB, 11.50% gc time)


  0.102886 seconds (527.99 k allocations: 189.754 MiB, 10.78% gc time)


  0.101144 seconds (527.98 k allocations: 189.754 MiB, 10.17% gc time)


  0.122693 seconds (527.97 k allocations: 189.754 MiB, 25.40% gc time)


  0.237433 seconds (527.98 k allocations: 189.753 MiB, 55.85% gc time)


  0.125176 seconds (527.98 k allocations: 189.754 MiB, 17.70% gc time)


  0.138907 seconds (527.98 k allocations: 189.754 MiB, 28.19% gc time)


  0.098992 seconds (527.97 k allocations: 189.754 MiB, 6.43% gc time)


  0.099995 seconds (527.97 k allocations: 189.754 MiB, 9.20% gc time)


  0.097640 seconds (527.98 k allocations: 189.754 MiB, 8.14% gc time)


  0.098397 seconds (527.99 k allocations: 189.754 MiB, 8.89% gc time)


  0.098726 seconds (527.97 k allocations: 189.753 MiB, 8.23% gc time)


  0.099620 seconds (527.99 k allocations: 189.755 MiB, 8.96% gc time)


  0.099486 seconds (527.98 k allocations: 189.754 MiB, 8.35% gc time)


  0.099350 seconds (527.99 k allocations: 189.755 MiB, 8.65% gc time)


  0.099406 seconds (527.99 k allocations: 189.754 MiB, 9.29% gc time)


  0.100041 seconds (527.98 k allocations: 189.754 MiB, 8.68% gc time)


  0.100001 seconds (528.00 k allocations: 189.755 MiB, 9.37% gc time)


  0.099885 seconds (527.98 k allocations: 189.754 MiB, 8.67% gc time)


  0.100352 seconds (527.96 k allocations: 189.753 MiB, 9.56% gc time)


  0.100073 seconds (527.97 k allocations: 189.753 MiB, 8.78% gc time)


Numero de qubits: 37 
Threads (LinearAlgebra) :15
Threads (Julia) :1


  0.112482 seconds (545.98 k allocations: 195.136 MiB, 11.31% gc time)


  0.104773 seconds (545.99 k allocations: 195.136 MiB, 10.20% gc time)


  0.102821 seconds (545.99 k allocations: 195.137 MiB, 9.60% gc time)


  0.103020 seconds (546.00 k allocations: 195.137 MiB, 9.48% gc time)


  0.103138 seconds (545.99 k allocations: 195.136 MiB, 9.66% gc time)


  0.112663 seconds (546.00 k allocations: 195.136 MiB, 13.90% gc time)


  0.104786 seconds (546.00 k allocations: 195.137 MiB, 9.71% gc time)


  0.105208 seconds (545.99 k allocations: 195.137 MiB, 9.27% gc time)


  0.105263 seconds (545.99 k allocations: 195.137 MiB, 10.07% gc time)


  0.105220 seconds (545.99 k allocations: 195.137 MiB, 9.92% gc time)


  0.104090 seconds (545.99 k allocations: 195.137 MiB, 9.19% gc time)


  0.105103 seconds (546.00 k allocations: 195.137 MiB, 10.21% gc time)


  0.274872 seconds (545.98 k allocations: 195.136 MiB, 63.24% gc time)


  0.128179 seconds (546.00 k allocations: 195.136 MiB, 17.10% gc time)


  0.133032 seconds (546.00 k allocations: 195.137 MiB, 19.85% gc time)


  0.116844 seconds (545.98 k allocations: 195.136 MiB, 14.28% gc time)


  0.105276 seconds (546.01 k allocations: 195.138 MiB, 9.12% gc time)


  0.102275 seconds (545.98 k allocations: 195.136 MiB, 9.16% gc time)


  0.101569 seconds (545.99 k allocations: 195.137 MiB, 8.80% gc time)


  0.101353 seconds (546.00 k allocations: 195.137 MiB, 8.18% gc time)


  0.101740 seconds (545.98 k allocations: 195.136 MiB, 8.31% gc time)


Numero de qubits: 38 
Threads (LinearAlgebra) :15
Threads (Julia) :1


  0.114807 seconds (561.80 k allocations: 201.932 MiB, 10.89% gc time)


  0.111304 seconds (561.78 k allocations: 201.931 MiB, 10.84% gc time)


  0.107831 seconds (561.80 k allocations: 201.931 MiB, 9.92% gc time)


  0.105398 seconds (561.80 k allocations: 201.932 MiB, 8.88% gc time)


  0.106068 seconds (561.81 k allocations: 201.932 MiB, 8.99% gc time)


  0.106589 seconds (561.80 k allocations: 201.932 MiB, 9.17% gc time)


  0.106767 seconds (561.80 k allocations: 201.932 MiB, 9.15% gc time)


  0.106131 seconds (561.79 k allocations: 201.931 MiB, 8.40% gc time)


  0.106181 seconds (561.78 k allocations: 201.931 MiB, 9.27% gc time)


  0.106731 seconds (561.79 k allocations: 201.931 MiB, 9.42% gc time)


  0.107727 seconds (561.80 k allocations: 201.932 MiB, 9.56% gc time)


  0.107116 seconds (561.79 k allocations: 201.931 MiB, 8.93% gc time)


  0.107256 seconds (561.79 k allocations: 201.931 MiB, 9.62% gc time)


  0.107479 seconds (561.80 k allocations: 201.932 MiB, 9.10% gc time)


  0.107953 seconds (561.79 k allocations: 201.930 MiB, 9.97% gc time)


  0.108236 seconds (561.79 k allocations: 201.931 MiB, 9.85% gc time)


  0.107552 seconds (561.80 k allocations: 201.932 MiB, 9.18% gc time)


  0.108217 seconds (561.80 k allocations: 201.931 MiB, 9.99% gc time)


  0.107148 seconds (561.80 k allocations: 201.932 MiB, 9.15% gc time)


  0.109074 seconds (561.79 k allocations: 201.931 MiB, 9.52% gc time)


  0.108899 seconds (561.79 k allocations: 201.931 MiB, 10.30% gc time)


Numero de qubits: 39 
Threads (LinearAlgebra) :15
Threads (Julia) :1


  0.132008 seconds (580.02 k allocations: 207.353 MiB, 19.38% gc time)


  0.293873 seconds (580.04 k allocations: 207.355 MiB, 64.22% gc time)


  0.137657 seconds (580.02 k allocations: 207.354 MiB, 18.52% gc time)


  0.132330 seconds (580.01 k allocations: 207.353 MiB, 18.92% gc time)


  0.121930 seconds (580.03 k allocations: 207.354 MiB, 12.95% gc time)


  0.110068 seconds (580.02 k allocations: 207.353 MiB, 7.64% gc time)


  0.108688 seconds (580.02 k allocations: 207.353 MiB, 9.30% gc time)


  0.107227 seconds (580.05 k allocations: 207.356 MiB, 8.40% gc time)


  0.107768 seconds (580.04 k allocations: 207.354 MiB, 8.55% gc time)


  0.109470 seconds (580.03 k allocations: 207.354 MiB, 9.42% gc time)


  0.108785 seconds (580.02 k allocations: 207.354 MiB, 8.70% gc time)


  0.109431 seconds (580.03 k allocations: 207.355 MiB, 8.77% gc time)


  0.109222 seconds (580.03 k allocations: 207.354 MiB, 8.82% gc time)


  0.109920 seconds (580.03 k allocations: 207.354 MiB, 9.11% gc time)


  0.109378 seconds (580.02 k allocations: 207.354 MiB, 8.54% gc time)


  0.109175 seconds (580.04 k allocations: 207.355 MiB, 9.35% gc time)


  0.109745 seconds (580.02 k allocations: 207.354 MiB, 9.39% gc time)


  0.109588 seconds (580.01 k allocations: 207.352 MiB, 9.41% gc time)


  0.109776 seconds (580.04 k allocations: 207.355 MiB, 9.33% gc time)


  0.109906 seconds (580.03 k allocations: 207.354 MiB, 9.36% gc time)


  0.109974 seconds (580.01 k allocations: 207.353 MiB, 9.37% gc time)


Numero de qubits: 40 
Threads (LinearAlgebra) :15
Threads (Julia) :1


  0.124025 seconds (596.20 k allocations: 214.757 MiB, 11.85% gc time)


  0.114570 seconds (596.20 k allocations: 214.757 MiB, 9.81% gc time)


  0.113972 seconds (596.20 k allocations: 214.757 MiB, 9.96% gc time)


  0.113853 seconds (596.22 k allocations: 214.758 MiB, 10.12% gc time)


  0.113181 seconds (596.23 k allocations: 214.759 MiB, 9.42% gc time)


  0.135497 seconds (596.22 k allocations: 214.758 MiB, 23.23% gc time)


  0.269835 seconds (596.21 k allocations: 214.758 MiB, 56.94% gc time)


  0.139612 seconds (596.23 k allocations: 214.758 MiB, 19.18% gc time)


  0.126643 seconds (596.21 k allocations: 214.758 MiB, 12.46% gc time)


  0.125715 seconds (596.22 k allocations: 214.759 MiB, 12.72% gc time)


  0.113313 seconds (596.21 k allocations: 214.758 MiB, 9.23% gc time)


  0.112749 seconds (596.22 k allocations: 214.757 MiB, 9.06% gc time)


  0.112599 seconds (596.22 k allocations: 214.758 MiB, 8.50% gc time)


  0.112501 seconds (596.22 k allocations: 214.758 MiB, 8.65% gc time)


  0.112496 seconds (596.21 k allocations: 214.758 MiB, 8.66% gc time)


  0.113892 seconds (596.21 k allocations: 214.758 MiB, 9.37% gc time)


  0.114239 seconds (596.22 k allocations: 214.758 MiB, 8.90% gc time)


  0.113904 seconds (596.20 k allocations: 214.758 MiB, 8.84% gc time)


  0.114113 seconds (596.21 k allocations: 214.758 MiB, 8.85% gc time)


  0.113854 seconds (596.21 k allocations: 214.758 MiB, 8.45% gc time)


  0.113525 seconds (596.22 k allocations: 214.759 MiB, 9.32% gc time)


Numero de qubits: 41 
Threads (LinearAlgebra) :15
Threads (Julia) :1


  0.133075 seconds (614.66 k allocations: 220.221 MiB, 13.66% gc time)


  0.119385 seconds (614.65 k allocations: 220.221 MiB, 10.32% gc time)


  0.117177 seconds (614.67 k allocations: 220.222 MiB, 9.70% gc time)


  0.117171 seconds (614.65 k allocations: 220.221 MiB, 9.13% gc time)


  0.117430 seconds (614.66 k allocations: 220.222 MiB, 9.33% gc time)


  0.118416 seconds (614.66 k allocations: 220.221 MiB, 10.07% gc time)


  0.118395 seconds (614.65 k allocations: 220.221 MiB, 9.52% gc time)


  0.118710 seconds (614.66 k allocations: 220.221 MiB, 9.67% gc time)


  0.118431 seconds (614.65 k allocations: 220.221 MiB, 9.59% gc time)


  0.281054 seconds (614.67 k allocations: 220.222 MiB, 58.95% gc time)


  0.138825 seconds (614.65 k allocations: 220.221 MiB, 13.40% gc time)


  0.158590 seconds (614.66 k allocations: 220.222 MiB, 26.50% gc time)


  0.119578 seconds (614.65 k allocations: 220.221 MiB, 8.03% gc time)


  0.116080 seconds (614.65 k allocations: 220.221 MiB, 8.60% gc time)


  0.114469 seconds (614.66 k allocations: 220.221 MiB, 8.39% gc time)


  0.114120 seconds (614.64 k allocations: 220.220 MiB, 8.44% gc time)


  0.115685 seconds (614.65 k allocations: 220.221 MiB, 9.26% gc time)


  0.115395 seconds (614.65 k allocations: 220.221 MiB, 8.56% gc time)


  0.119426 seconds (614.66 k allocations: 220.221 MiB, 8.41% gc time)


  0.129783 seconds (614.65 k allocations: 220.221 MiB, 9.17% gc time)


  0.116668 seconds (614.65 k allocations: 220.221 MiB, 8.78% gc time)


Numero de qubits: 42 
Threads (LinearAlgebra) :15
Threads (Julia) :1


  0.134435 seconds (630.88 k allocations: 227.095 MiB, 10.21% gc time)


  0.121719 seconds (630.89 k allocations: 227.096 MiB, 10.63% gc time)


  0.120491 seconds (630.88 k allocations: 227.095 MiB, 9.48% gc time)


  0.119526 seconds (630.90 k allocations: 227.097 MiB, 8.75% gc time)


  0.120493 seconds (630.89 k allocations: 227.096 MiB, 9.38% gc time)


  0.121677 seconds (630.89 k allocations: 227.096 MiB, 9.75% gc time)


  0.121459 seconds (630.89 k allocations: 227.096 MiB, 9.62% gc time)


  0.121604 seconds (630.89 k allocations: 227.096 MiB, 9.32% gc time)


  0.120768 seconds (630.90 k allocations: 227.097 MiB, 9.14% gc time)


  0.122844 seconds (630.89 k allocations: 227.096 MiB, 10.16% gc time)


  0.144041 seconds (630.90 k allocations: 227.097 MiB, 23.05% gc time)


  0.279117 seconds (630.90 k allocations: 227.097 MiB, 55.44% gc time)


  0.148702 seconds (630.89 k allocations: 227.096 MiB, 19.64% gc time)


  0.138563 seconds (630.89 k allocations: 227.096 MiB, 14.01% gc time)


  0.120557 seconds (630.89 k allocations: 227.096 MiB, 7.39% gc time)


  0.119074 seconds (630.89 k allocations: 227.095 MiB, 8.88% gc time)


  0.117899 seconds (630.90 k allocations: 227.097 MiB, 8.69% gc time)


  0.118171 seconds (630.90 k allocations: 227.097 MiB, 8.86% gc time)


  0.119069 seconds (630.87 k allocations: 227.095 MiB, 8.90% gc time)


  0.119886 seconds (630.90 k allocations: 227.096 MiB, 9.07% gc time)


  0.118756 seconds (630.90 k allocations: 227.097 MiB, 8.41% gc time)


Numero de qubits: 43 
Threads (LinearAlgebra) :15
Threads (Julia) :1


  0.131172 seconds (649.57 k allocations: 232.600 MiB, 11.42% gc time)


  0.123178 seconds (649.56 k allocations: 232.600 MiB, 10.12% gc time)


  0.122564 seconds (649.54 k allocations: 232.599 MiB, 9.51% gc time)


  0.122663 seconds (649.55 k allocations: 232.599 MiB, 9.05% gc time)


  0.123498 seconds (649.54 k allocations: 232.599 MiB, 9.68% gc time)


  0.123208 seconds (649.55 k allocations: 232.598 MiB, 9.30% gc time)


  0.123904 seconds (649.54 k allocations: 232.599 MiB, 9.45% gc time)


  0.132231 seconds (649.56 k allocations: 232.600 MiB, 11.53% gc time)


  0.124184 seconds (649.55 k allocations: 232.599 MiB, 9.02% gc time)


  0.124181 seconds (649.55 k allocations: 232.599 MiB, 8.98% gc time)


  0.159926 seconds (649.57 k allocations: 232.600 MiB, 29.06% gc time)


  0.284068 seconds (649.56 k allocations: 232.599 MiB, 56.07% gc time)


  0.152431 seconds (649.56 k allocations: 232.600 MiB, 19.92% gc time)


  0.140692 seconds (649.55 k allocations: 232.598 MiB, 13.83% gc time)


  0.124325 seconds (649.52 k allocations: 232.597 MiB, 8.33% gc time)


  0.120780 seconds (649.55 k allocations: 232.599 MiB, 7.77% gc time)


  0.121188 seconds (649.57 k allocations: 232.600 MiB, 8.73% gc time)


  0.121077 seconds (649.56 k allocations: 232.600 MiB, 8.79% gc time)


  0.121519 seconds (649.55 k allocations: 232.599 MiB, 8.90% gc time)


  0.122471 seconds (649.57 k allocations: 232.600 MiB, 9.11% gc time)


  0.122496 seconds (649.57 k allocations: 232.600 MiB, 9.04% gc time)


Numero de qubits: 44 
Threads (LinearAlgebra) :15
Threads (Julia) :1


  0.138653 seconds (666.17 k allocations: 240.086 MiB, 11.18% gc time)


  0.126682 seconds (666.16 k allocations: 240.085 MiB, 8.89% gc time)


  0.126251 seconds (666.18 k allocations: 240.086 MiB, 9.23% gc time)


  0.126239 seconds (666.18 k allocations: 240.086 MiB, 9.49% gc time)


  0.126080 seconds (666.16 k allocations: 240.085 MiB, 9.20% gc time)


  0.127135 seconds (666.17 k allocations: 240.086 MiB, 9.39% gc time)


  0.127849 seconds (666.17 k allocations: 240.086 MiB, 9.35% gc time)


  0.128609 seconds (666.17 k allocations: 240.086 MiB, 9.50% gc time)


  0.128891 seconds (666.16 k allocations: 240.085 MiB, 9.63% gc time)


  0.275864 seconds (666.16 k allocations: 240.084 MiB, 58.32% gc time)


  0.153577 seconds (666.18 k allocations: 240.086 MiB, 14.11% gc time)


  0.158358 seconds (666.17 k allocations: 240.086 MiB, 19.99% gc time)


  0.133641 seconds (666.17 k allocations: 240.086 MiB, 9.09% gc time)


  0.128014 seconds (666.14 k allocations: 240.084 MiB, 8.87% gc time)


  0.125301 seconds (666.20 k allocations: 240.087 MiB, 8.62% gc time)


  0.126195 seconds (666.16 k allocations: 240.085 MiB, 8.22% gc time)


  0.126012 seconds (666.18 k allocations: 240.086 MiB, 8.73% gc time)


  0.126299 seconds (666.18 k allocations: 240.087 MiB, 8.76% gc time)


  0.126912 seconds (666.18 k allocations: 240.087 MiB, 9.01% gc time)


  0.127320 seconds (666.17 k allocations: 240.085 MiB, 9.17% gc time)


  0.127681 seconds (666.17 k allocations: 240.086 MiB, 9.18% gc time)


Numero de qubits: 45 
Threads (LinearAlgebra) :15
Threads (Julia) :1


  0.138978 seconds (685.07 k allocations: 245.631 MiB, 11.20% gc time)


  0.131571 seconds (685.06 k allocations: 245.630 MiB, 10.26% gc time)


  0.130681 seconds (685.06 k allocations: 245.630 MiB, 9.56% gc time)


  0.131040 seconds (685.06 k allocations: 245.630 MiB, 9.30% gc time)


  0.130937 seconds (685.06 k allocations: 245.630 MiB, 9.88% gc time)


  0.131192 seconds (685.05 k allocations: 245.629 MiB, 9.45% gc time)


  0.133825 seconds (685.05 k allocations: 245.629 MiB, 9.06% gc time)


  0.132454 seconds (685.04 k allocations: 245.628 MiB, 10.34% gc time)


  0.304827 seconds (685.04 k allocations: 245.629 MiB, 57.25% gc time)


  0.176969 seconds (685.05 k allocations: 245.629 MiB, 24.25% gc time)


  0.143056 seconds (685.06 k allocations: 245.629 MiB, 12.15% gc time)


  0.132261 seconds (685.04 k allocations: 245.629 MiB, 8.38% gc time)


  0.130622 seconds (685.06 k allocations: 245.630 MiB, 9.80% gc time)


  0.129367 seconds (685.06 k allocations: 245.630 MiB, 8.51% gc time)


  0.129313 seconds (685.06 k allocations: 245.630 MiB, 8.60% gc time)


  0.129505 seconds (685.04 k allocations: 245.629 MiB, 8.68% gc time)


  0.130149 seconds (685.03 k allocations: 245.628 MiB, 8.85% gc time)


  0.129652 seconds (685.04 k allocations: 245.628 MiB, 8.91% gc time)


  0.130345 seconds (685.05 k allocations: 245.630 MiB, 8.99% gc time)


  0.130312 seconds (685.06 k allocations: 245.630 MiB, 9.12% gc time)


  0.131229 seconds (685.06 k allocations: 245.630 MiB, 9.15% gc time)


Numero de qubits: 46 
Threads (LinearAlgebra) :15
Threads (Julia) :1


  0.143471 seconds (701.72 k allocations: 252.584 MiB, 10.86% gc time)


  0.142709 seconds (701.71 k allocations: 252.585 MiB, 12.06% gc time)


  0.134219 seconds (701.73 k allocations: 252.585 MiB, 9.84% gc time)


  0.134245 seconds (701.72 k allocations: 252.585 MiB, 9.73% gc time)


  0.134745 seconds (701.72 k allocations: 252.585 MiB, 9.38% gc time)


  0.135167 seconds (701.71 k allocations: 252.584 MiB, 9.93% gc time)


  0.135379 seconds (701.71 k allocations: 252.585 MiB, 9.40% gc time)


  0.305517 seconds (701.71 k allocations: 252.584 MiB, 55.91% gc time)


  0.165241 seconds (701.73 k allocations: 252.585 MiB, 20.32% gc time)


  0.133082 seconds (701.72 k allocations: 252.585 MiB, 12.83% gc time)


  0.128809 seconds (701.72 k allocations: 252.585 MiB, 10.00% gc time)


  0.125714 seconds (701.69 k allocations: 252.583 MiB, 8.60% gc time)


  0.125960 seconds (701.72 k allocations: 252.584 MiB, 8.63% gc time)


  0.126053 seconds (701.71 k allocations: 252.584 MiB, 8.82% gc time)


  0.126565 seconds (701.70 k allocations: 252.584 MiB, 8.82% gc time)


  0.126281 seconds (701.72 k allocations: 252.585 MiB, 8.88% gc time)


  0.129653 seconds (701.72 k allocations: 252.585 MiB, 8.89% gc time)


  0.131653 seconds (701.73 k allocations: 252.585 MiB, 8.86% gc time)


  0.131977 seconds (701.71 k allocations: 252.584 MiB, 9.05% gc time)


  0.131812 seconds (701.73 k allocations: 252.586 MiB, 9.08% gc time)


  0.132401 seconds (701.72 k allocations: 252.585 MiB, 9.11% gc time)


Numero de qubits: 47 
Threads (LinearAlgebra) :15
Threads (Julia) :1


  0.145696 seconds (720.81 k allocations: 258.168 MiB, 14.19% gc time)


  0.142661 seconds (720.81 k allocations: 258.167 MiB, 12.54% gc time)


  0.137152 seconds (720.81 k allocations: 258.168 MiB, 9.70% gc time)


  0.136046 seconds (720.83 k allocations: 258.169 MiB, 9.55% gc time)


  0.287872 seconds (720.81 k allocations: 258.168 MiB, 56.21% gc time)


  0.162929 seconds (720.80 k allocations: 258.167 MiB, 20.41% gc time)


  0.141704 seconds (720.81 k allocations: 258.168 MiB, 12.32% gc time)


  0.133867 seconds (720.80 k allocations: 258.167 MiB, 10.31% gc time)


  0.129436 seconds (720.82 k allocations: 258.168 MiB, 9.07% gc time)


  0.129122 seconds (720.83 k allocations: 258.169 MiB, 9.40% gc time)


  0.129455 seconds (720.81 k allocations: 258.168 MiB, 8.95% gc time)


  0.130194 seconds (720.81 k allocations: 258.167 MiB, 8.99% gc time)


  0.130294 seconds (720.82 k allocations: 258.168 MiB, 9.20% gc time)


  0.133880 seconds (720.80 k allocations: 258.168 MiB, 9.82% gc time)


  0.136009 seconds (720.80 k allocations: 258.167 MiB, 9.08% gc time)


  0.136175 seconds (720.82 k allocations: 258.168 MiB, 9.21% gc time)


  0.136367 seconds (720.81 k allocations: 258.168 MiB, 9.19% gc time)


  0.136702 seconds (720.81 k allocations: 258.168 MiB, 9.35% gc time)


  0.137083 seconds (720.81 k allocations: 258.168 MiB, 9.64% gc time)


  0.137350 seconds (720.82 k allocations: 258.169 MiB, 9.57% gc time)


  0.287890 seconds (720.82 k allocations: 258.168 MiB, 56.66% gc time)


Numero de qubits: 48 
Threads (LinearAlgebra) :15
Threads (Julia) :1


  0.173537 seconds (737.87 k allocations: 265.751 MiB, 20.44% gc time)


  0.158108 seconds (737.86 k allocations: 265.751 MiB, 14.75% gc time)


  0.140254 seconds (737.88 k allocations: 265.751 MiB, 8.47% gc time)


  0.139929 seconds (737.87 k allocations: 265.751 MiB, 9.01% gc time)


  0.137633 seconds (737.85 k allocations: 265.750 MiB, 8.79% gc time)


  0.138807 seconds (737.88 k allocations: 265.752 MiB, 9.07% gc time)


  0.138950 seconds (737.88 k allocations: 265.752 MiB, 9.16% gc time)


  0.139961 seconds (737.84 k allocations: 265.750 MiB, 9.32% gc time)


  0.139588 seconds (737.85 k allocations: 265.750 MiB, 9.34% gc time)


  0.149707 seconds (737.87 k allocations: 265.752 MiB, 9.22% gc time)


  0.142253 seconds (737.86 k allocations: 265.750 MiB, 9.42% gc time)


  0.142360 seconds (737.85 k allocations: 265.750 MiB, 9.63% gc time)


  0.141661 seconds (737.87 k allocations: 265.752 MiB, 9.16% gc time)


  0.141772 seconds (737.86 k allocations: 265.751 MiB, 9.41% gc time)


  0.142033 seconds (737.85 k allocations: 265.750 MiB, 9.51% gc time)


  0.298123 seconds (737.87 k allocations: 265.751 MiB, 56.05% gc time)


  0.175596 seconds (737.86 k allocations: 265.751 MiB, 18.65% gc time)


  0.152946 seconds (737.86 k allocations: 265.751 MiB, 9.00% gc time)


  0.151202 seconds (737.84 k allocations: 265.749 MiB, 12.16% gc time)


  0.140163 seconds (737.87 k allocations: 265.751 MiB, 8.93% gc time)


  0.138276 seconds (737.88 k allocations: 265.752 MiB, 8.58% gc time)


Numero de qubits: 49 
Threads (LinearAlgebra) :15
Threads (Julia) :1


  0.151790 seconds (757.17 k allocations: 271.375 MiB, 11.17% gc time)


  0.142488 seconds (757.16 k allocations: 271.374 MiB, 9.36% gc time)


  0.141936 seconds (757.18 k allocations: 271.375 MiB, 9.05% gc time)


  0.142109 seconds (757.17 k allocations: 271.375 MiB, 9.34% gc time)


  0.142585 seconds (757.16 k allocations: 271.374 MiB, 9.50% gc time)


  0.142899 seconds (757.18 k allocations: 271.376 MiB, 9.54% gc time)


  0.143104 seconds (757.19 k allocations: 271.376 MiB, 9.24% gc time)


  0.143673 seconds (757.15 k allocations: 271.374 MiB, 9.79% gc time)


  0.143347 seconds (757.17 k allocations: 271.375 MiB, 9.41% gc time)


  0.144292 seconds (757.20 k allocations: 271.377 MiB, 9.93% gc time)


  0.143469 seconds (757.17 k allocations: 271.375 MiB, 9.37% gc time)


  0.297711 seconds (757.19 k allocations: 271.376 MiB, 55.26% gc time)


  0.182226 seconds (757.19 k allocations: 271.376 MiB, 22.45% gc time)


  0.153148 seconds (757.18 k allocations: 271.376 MiB, 13.74% gc time)


  0.140679 seconds (757.17 k allocations: 271.375 MiB, 10.17% gc time)


  0.136185 seconds (757.18 k allocations: 271.375 MiB, 8.76% gc time)


  0.136049 seconds (757.19 k allocations: 271.376 MiB, 9.25% gc time)


  0.137074 seconds (757.17 k allocations: 271.375 MiB, 9.36% gc time)


  0.136709 seconds (757.18 k allocations: 271.375 MiB, 8.89% gc time)


  0.137984 seconds (757.16 k allocations: 271.374 MiB, 9.62% gc time)


  0.141502 seconds (757.17 k allocations: 271.375 MiB, 9.03% gc time)


Numero de qubits: 50 
Threads (LinearAlgebra) :15
Threads (Julia) :1


  0.156225 seconds (774.26 k allocations: 278.410 MiB, 11.34% gc time)


  0.147261 seconds (774.28 k allocations: 278.412 MiB, 9.76% gc time)


  0.154841 seconds (774.26 k allocations: 278.410 MiB, 12.68% gc time)


  0.148991 seconds (774.27 k allocations: 278.411 MiB, 9.08% gc time)


  0.149144 seconds (774.26 k allocations: 278.411 MiB, 9.97% gc time)


  0.149302 seconds (774.28 k allocations: 278.412 MiB, 9.88% gc time)


  0.305608 seconds (774.27 k allocations: 278.411 MiB, 56.17% gc time)


  0.160695 seconds (774.29 k allocations: 278.412 MiB, 9.84% gc time)


  0.170501 seconds (774.27 k allocations: 278.411 MiB, 16.89% gc time)


  0.147240 seconds (774.28 k allocations: 278.412 MiB, 8.48% gc time)


  0.145193 seconds (774.27 k allocations: 278.411 MiB, 8.16% gc time)


  0.145864 seconds (774.26 k allocations: 278.410 MiB, 8.83% gc time)


  0.145122 seconds (774.28 k allocations: 278.411 MiB, 8.64% gc time)


  0.146207 seconds (774.26 k allocations: 278.410 MiB, 9.19% gc time)


  0.146272 seconds (774.27 k allocations: 278.411 MiB, 8.80% gc time)


  0.147418 seconds (774.29 k allocations: 278.412 MiB, 9.53% gc time)


  0.147103 seconds (774.25 k allocations: 278.410 MiB, 9.16% gc time)


  0.147701 seconds (774.25 k allocations: 278.410 MiB, 9.28% gc time)


  0.148419 seconds (774.28 k allocations: 278.411 MiB, 9.91% gc time)


  0.148411 seconds (774.28 k allocations: 278.412 MiB, 9.68% gc time)


  0.148604 seconds (774.27 k allocations: 278.411 MiB, 9.60% gc time)


Numero de qubits: 51 
Threads (LinearAlgebra) :15
Threads (Julia) :1


  0.301860 seconds (793.82 k allocations: 284.076 MiB, 52.73% gc time)


  0.184253 seconds (793.79 k allocations: 284.074 MiB, 21.42% gc time)


  0.154667 seconds (793.80 k allocations: 284.075 MiB, 10.73% gc time)


  0.143213 seconds (793.81 k allocations: 284.076 MiB, 8.76% gc time)


  0.142120 seconds (793.78 k allocations: 284.074 MiB, 9.26% gc time)


  0.142937 seconds (793.79 k allocations: 284.075 MiB, 9.20% gc time)


  0.143305 seconds (793.78 k allocations: 284.074 MiB, 9.34% gc time)


  0.146463 seconds (793.80 k allocations: 284.075 MiB, 9.27% gc time)


  0.148895 seconds (793.80 k allocations: 284.075 MiB, 9.35% gc time)


  0.149501 seconds (793.80 k allocations: 284.075 MiB, 9.47% gc time)


  0.149713 seconds (793.79 k allocations: 284.075 MiB, 9.45% gc time)


  0.152647 seconds (793.79 k allocations: 284.075 MiB, 9.53% gc time)


  0.151033 seconds (793.81 k allocations: 284.076 MiB, 9.87% gc time)


  0.181971 seconds (793.78 k allocations: 284.074 MiB, 25.00% gc time)


  0.309817 seconds (793.80 k allocations: 284.075 MiB, 53.87% gc time)


  0.157952 seconds (793.82 k allocations: 284.076 MiB, 8.66% gc time)


  0.159033 seconds (793.78 k allocations: 284.074 MiB, 12.52% gc time)


  0.143271 seconds (793.79 k allocations: 284.074 MiB, 8.90% gc time)


  0.141761 seconds (793.79 k allocations: 284.074 MiB, 8.81% gc time)


  0.143583 seconds (793.79 k allocations: 284.074 MiB, 9.28% gc time)


  0.144077 seconds (793.82 k allocations: 284.076 MiB, 9.23% gc time)


Numero de qubits: 52 
Threads (LinearAlgebra) :15
Threads (Julia) :1


  0.163825 seconds (811.29 k allocations: 291.699 MiB, 11.64% gc time)


  0.152730 seconds (811.28 k allocations: 291.698 MiB, 8.84% gc time)


  0.153694 seconds (811.27 k allocations: 291.696 MiB, 9.57% gc time)


  0.154403 seconds (811.29 k allocations: 291.698 MiB, 9.43% gc time)


  0.153995 seconds (811.28 k allocations: 291.698 MiB, 9.46% gc time)


  0.154569 seconds (811.27 k allocations: 291.698 MiB, 9.67% gc time)


  0.154706 seconds (811.28 k allocations: 291.698 MiB, 9.75% gc time)


  0.327897 seconds (811.29 k allocations: 291.699 MiB, 54.52% gc time)


  0.164475 seconds (811.26 k allocations: 291.697 MiB, 8.05% gc time)


  0.166016 seconds (811.28 k allocations: 291.698 MiB, 13.56% gc time)


  0.146594 seconds (811.27 k allocations: 291.698 MiB, 8.68% gc time)


  0.146344 seconds (811.28 k allocations: 291.698 MiB, 9.23% gc time)


  0.147129 seconds (811.27 k allocations: 291.698 MiB, 9.07% gc time)


  0.146601 seconds (811.28 k allocations: 291.698 MiB, 9.03% gc time)


  0.150882 seconds (811.27 k allocations: 291.698 MiB, 9.16% gc time)


  0.153933 seconds (811.29 k allocations: 291.698 MiB, 9.55% gc time)


  0.154633 seconds (811.28 k allocations: 291.698 MiB, 9.24% gc time)


  0.154561 seconds (811.28 k allocations: 291.698 MiB, 9.37% gc time)


  0.154857 seconds (811.29 k allocations: 291.699 MiB, 9.51% gc time)


  0.155449 seconds (811.28 k allocations: 291.698 MiB, 9.66% gc time)


  0.302402 seconds (811.27 k allocations: 291.698 MiB, 54.05% gc time)


Numero de qubits: 53 
Threads (LinearAlgebra) :15
Threads (Julia) :1


  0.165339 seconds (831.00 k allocations: 297.401 MiB, 6.51% gc time)


  0.162416 seconds (831.02 k allocations: 297.402 MiB, 6.71% gc time)


  0.158482 seconds (831.03 k allocations: 297.403 MiB, 9.20% gc time)


  0.154716 seconds (831.00 k allocations: 297.401 MiB, 8.82% gc time)


  0.154546 seconds (831.01 k allocations: 297.402 MiB, 9.06% gc time)


  0.160041 seconds (831.02 k allocations: 297.401 MiB, 10.30% gc time)


  0.157650 seconds (831.03 k allocations: 297.403 MiB, 9.57% gc time)


  0.157135 seconds (831.03 k allocations: 297.403 MiB, 9.10% gc time)


  0.157285 seconds (831.03 k allocations: 297.403 MiB, 9.23% gc time)


  0.157633 seconds (831.00 k allocations: 297.401 MiB, 9.41% gc time)


  0.158149 seconds (831.03 k allocations: 297.403 MiB, 9.54% gc time)


  0.158862 seconds (831.02 k allocations: 297.402 MiB, 9.70% gc time)


  0.345794 seconds (831.02 k allocations: 297.402 MiB, 56.05% gc time)


  0.166720 seconds (831.03 k allocations: 297.403 MiB, 7.88% gc time)


  0.169585 seconds (831.02 k allocations: 297.402 MiB, 13.39% gc time)


  0.150928 seconds (831.01 k allocations: 297.401 MiB, 9.17% gc time)


  0.149832 seconds (831.02 k allocations: 297.402 MiB, 9.05% gc time)


  0.149544 seconds (831.02 k allocations: 297.402 MiB, 8.80% gc time)


  0.150186 seconds (831.03 k allocations: 297.402 MiB, 9.55% gc time)


  0.153534 seconds (831.01 k allocations: 297.402 MiB, 8.90% gc time)


  0.156184 seconds (831.03 k allocations: 297.402 MiB, 9.30% gc time)


Numero de qubits: 54 
Threads (LinearAlgebra) :15
Threads (Julia) :1


  0.169815 seconds (848.54 k allocations: 304.562 MiB, 11.40% gc time)


  0.161179 seconds (848.55 k allocations: 304.563 MiB, 10.17% gc time)


  0.161468 seconds (848.55 k allocations: 304.563 MiB, 9.84% gc time)


  0.331815 seconds (848.56 k allocations: 304.563 MiB, 53.46% gc time)


  0.179709 seconds (848.55 k allocations: 304.562 MiB, 11.78% gc time)


  0.166619 seconds (848.54 k allocations: 304.562 MiB, 12.11% gc time)


  0.153939 seconds (848.53 k allocations: 304.562 MiB, 8.80% gc time)


  0.153702 seconds (848.57 k allocations: 304.564 MiB, 9.12% gc time)


  0.153755 seconds (848.56 k allocations: 304.563 MiB, 9.39% gc time)


  0.158732 seconds (848.54 k allocations: 304.562 MiB, 9.26% gc time)


  0.160196 seconds (848.55 k allocations: 304.563 MiB, 9.26% gc time)


  0.160324 seconds (848.53 k allocations: 304.562 MiB, 9.06% gc time)


  0.160910 seconds (848.55 k allocations: 304.563 MiB, 9.51% gc time)


  0.167689 seconds (848.55 k allocations: 304.563 MiB, 10.10% gc time)


  0.171920 seconds (848.56 k allocations: 304.564 MiB, 9.37% gc time)


  0.342656 seconds (848.54 k allocations: 304.562 MiB, 52.20% gc time)


  0.174766 seconds (848.54 k allocations: 304.562 MiB, 7.92% gc time)


  0.172423 seconds (848.56 k allocations: 304.563 MiB, 12.84% gc time)


  0.153928 seconds (848.53 k allocations: 304.561 MiB, 9.29% gc time)


  0.152973 seconds (848.54 k allocations: 304.562 MiB, 9.07% gc time)


  0.153015 seconds (848.55 k allocations: 304.563 MiB, 8.95% gc time)


Numero de qubits: 55 
Threads (LinearAlgebra) :15
Threads (Julia) :1


  0.174842 seconds (868.51 k allocations: 310.308 MiB, 11.56% gc time)


  0.164133 seconds (868.52 k allocations: 310.308 MiB, 9.39% gc time)


  0.163223 seconds (868.51 k allocations: 310.308 MiB, 9.34% gc time)


  0.164478 seconds (868.51 k allocations: 310.307 MiB, 9.72% gc time)


  0.164297 seconds (868.52 k allocations: 310.308 MiB, 9.77% gc time)


  0.165558 seconds (868.52 k allocations: 310.308 MiB, 9.96% gc time)


  0.336780 seconds (868.52 k allocations: 310.308 MiB, 53.11% gc time)


  0.174350 seconds (868.51 k allocations: 310.308 MiB, 7.99% gc time)


  0.170701 seconds (868.53 k allocations: 310.309 MiB, 12.44% gc time)


  0.156499 seconds (868.51 k allocations: 310.308 MiB, 8.73% gc time)


  0.156013 seconds (868.51 k allocations: 310.308 MiB, 8.98% gc time)


  0.156448 seconds (868.51 k allocations: 310.308 MiB, 9.15% gc time)


  0.159863 seconds (868.51 k allocations: 310.308 MiB, 8.76% gc time)


  0.163540 seconds (868.50 k allocations: 310.307 MiB, 9.64% gc time)


  0.163414 seconds (868.50 k allocations: 310.307 MiB, 9.35% gc time)


  0.162971 seconds (868.50 k allocations: 310.307 MiB, 9.04% gc time)


  0.163898 seconds (868.49 k allocations: 310.307 MiB, 9.64% gc time)


  0.316896 seconds (868.51 k allocations: 310.307 MiB, 52.76% gc time)


  0.182663 seconds (868.53 k allocations: 310.309 MiB, 9.83% gc time)


  0.193410 seconds (868.52 k allocations: 310.308 MiB, 17.62% gc time)


  0.175161 seconds (868.52 k allocations: 310.308 MiB, 12.67% gc time)


Numero de qubits: 56 
Threads (LinearAlgebra) :15
Threads (Julia) :1


  0.173322 seconds (886.44 k allocations: 318.012 MiB, 10.44% gc time)


  0.166849 seconds (886.42 k allocations: 318.011 MiB, 9.48% gc time)


  0.166453 seconds (886.42 k allocations: 318.012 MiB, 9.00% gc time)


  0.166807 seconds (886.44 k allocations: 318.012 MiB, 9.15% gc time)


  0.167960 seconds (886.42 k allocations: 318.011 MiB, 9.33% gc time)


  0.168141 seconds (886.44 k allocations: 318.013 MiB, 9.31% gc time)


  0.167915 seconds (886.42 k allocations: 318.011 MiB, 9.25% gc time)


  0.168672 seconds (886.42 k allocations: 318.011 MiB, 9.75% gc time)


  0.169457 seconds (886.41 k allocations: 318.011 MiB, 9.84% gc time)


  0.337702 seconds (886.42 k allocations: 318.010 MiB, 52.44% gc time)


  0.179589 seconds (886.40 k allocations: 318.011 MiB, 7.89% gc time)


  0.185321 seconds (886.44 k allocations: 318.013 MiB, 13.57% gc time)


  0.161805 seconds (886.43 k allocations: 318.012 MiB, 9.00% gc time)


  0.159813 seconds (886.43 k allocations: 318.012 MiB, 8.91% gc time)


  0.160825 seconds (886.43 k allocations: 318.012 MiB, 9.13% gc time)


  0.164940 seconds (886.42 k allocations: 318.011 MiB, 9.22% gc time)


  0.168166 seconds (886.43 k allocations: 318.012 MiB, 9.30% gc time)


  0.169989 seconds (886.41 k allocations: 318.011 MiB, 9.42% gc time)


  0.169512 seconds (886.43 k allocations: 318.012 MiB, 9.49% gc time)


  0.169498 seconds (886.42 k allocations: 318.011 MiB, 9.31% gc time)


  0.344038 seconds (886.42 k allocations: 318.011 MiB, 53.31% gc time)


Numero de qubits: 57 
Threads (LinearAlgebra) :15
Threads (Julia) :1


  0.198175 seconds (906.61 k allocations: 323.797 MiB, 14.06% gc time)


  0.179559 seconds (906.60 k allocations: 323.796 MiB, 12.12% gc time)


  0.163636 seconds (906.59 k allocations: 323.796 MiB, 8.94% gc time)


  0.163167 seconds (906.58 k allocations: 323.795 MiB, 9.25% gc time)


  0.162807 seconds (906.63 k allocations: 323.798 MiB, 9.18% gc time)


  0.168162 seconds (906.61 k allocations: 323.797 MiB, 9.40% gc time)


  0.169831 seconds (906.61 k allocations: 323.796 MiB, 9.11% gc time)


  0.170884 seconds (906.60 k allocations: 323.796 MiB, 9.64% gc time)


  0.170734 seconds (906.61 k allocations: 323.797 MiB, 9.37% gc time)


  0.317597 seconds (906.59 k allocations: 323.795 MiB, 51.35% gc time)


  0.179895 seconds (906.59 k allocations: 323.796 MiB, 5.20% gc time)


  0.188638 seconds (906.60 k allocations: 323.796 MiB, 11.48% gc time)


  0.173729 seconds (906.62 k allocations: 323.797 MiB, 9.29% gc time)


  0.169052 seconds (906.59 k allocations: 323.796 MiB, 9.13% gc time)


  0.169160 seconds (906.60 k allocations: 323.797 MiB, 8.81% gc time)


  0.169591 seconds (906.56 k allocations: 323.793 MiB, 9.01% gc time)


  0.170801 seconds (906.58 k allocations: 323.795 MiB, 9.19% gc time)


  0.171057 seconds (906.58 k allocations: 323.795 MiB, 9.19% gc time)


  0.171599 seconds (906.62 k allocations: 323.798 MiB, 9.40% gc time)


  0.172677 seconds (906.60 k allocations: 323.796 MiB, 9.56% gc time)


  0.344525 seconds (906.61 k allocations: 323.797 MiB, 51.92% gc time)


Numero de qubits: 58 
Threads (LinearAlgebra) :15
Threads (Julia) :1


  0.191738 seconds (924.56 k allocations: 330.993 MiB, 10.95% gc time)


  0.171897 seconds (924.57 k allocations: 330.993 MiB, 8.59% gc time)


  0.167762 seconds (924.55 k allocations: 330.992 MiB, 9.16% gc time)


  0.167512 seconds (924.57 k allocations: 330.993 MiB, 9.26% gc time)


  0.172089 seconds (924.56 k allocations: 330.993 MiB, 8.87% gc time)


  0.173764 seconds (924.58 k allocations: 330.994 MiB, 9.15% gc time)


  0.175311 seconds (924.56 k allocations: 330.993 MiB, 9.68% gc time)


  0.175104 seconds (924.56 k allocations: 330.993 MiB, 9.32% gc time)


  0.175704 seconds (924.55 k allocations: 330.992 MiB, 9.55% gc time)


  0.362002 seconds (924.56 k allocations: 330.992 MiB, 53.30% gc time)


  0.183589 seconds (924.54 k allocations: 330.991 MiB, 7.64% gc time)


  0.171293 seconds (924.56 k allocations: 330.993 MiB, 8.49% gc time)


  0.167656 seconds (924.57 k allocations: 330.994 MiB, 8.77% gc time)


  0.166344 seconds (924.55 k allocations: 330.992 MiB, 8.80% gc time)


  0.171114 seconds (924.53 k allocations: 330.991 MiB, 9.24% gc time)


  0.173421 seconds (924.55 k allocations: 330.992 MiB, 8.89% gc time)


  0.173547 seconds (924.56 k allocations: 330.993 MiB, 9.09% gc time)


  0.175543 seconds (924.56 k allocations: 330.993 MiB, 9.64% gc time)


  0.175425 seconds (924.54 k allocations: 330.992 MiB, 9.51% gc time)


  0.322683 seconds (924.54 k allocations: 330.991 MiB, 51.00% gc time)


  0.184561 seconds (924.54 k allocations: 330.992 MiB, 5.20% gc time)


Numero de qubits: 59 
Threads (LinearAlgebra) :15
Threads (Julia) :1


  0.196023 seconds (944.94 k allocations: 336.816 MiB, 12.85% gc time)


  0.175366 seconds (944.94 k allocations: 336.816 MiB, 7.75% gc time)


  0.175803 seconds (944.95 k allocations: 336.817 MiB, 9.39% gc time)


  0.176195 seconds (944.93 k allocations: 336.816 MiB, 8.76% gc time)


  0.177486 seconds (944.95 k allocations: 336.818 MiB, 9.41% gc time)


  0.177925 seconds (944.95 k allocations: 336.817 MiB, 9.28% gc time)


  0.178633 seconds (944.95 k allocations: 336.817 MiB, 9.48% gc time)


  0.179094 seconds (944.96 k allocations: 336.818 MiB, 9.63% gc time)


  0.180042 seconds (944.93 k allocations: 336.816 MiB, 9.83% gc time)


  0.351496 seconds (944.94 k allocations: 336.817 MiB, 51.26% gc time)


  0.186763 seconds (944.93 k allocations: 336.816 MiB, 7.55% gc time)


  0.174570 seconds (944.95 k allocations: 336.817 MiB, 8.57% gc time)


  0.170314 seconds (944.96 k allocations: 336.818 MiB, 8.95% gc time)


  0.170039 seconds (944.97 k allocations: 336.818 MiB, 9.33% gc time)


  0.171135 seconds (944.96 k allocations: 336.818 MiB, 9.33% gc time)


  0.177319 seconds (944.96 k allocations: 336.818 MiB, 9.05% gc time)


  0.177557 seconds (944.95 k allocations: 336.817 MiB, 9.19% gc time)


  0.177774 seconds (944.95 k allocations: 336.817 MiB, 9.39% gc time)


  0.178521 seconds (944.95 k allocations: 336.817 MiB, 9.59% gc time)


  0.323645 seconds (944.96 k allocations: 336.818 MiB, 50.67% gc time)


  0.205136 seconds (944.96 k allocations: 336.818 MiB, 14.65% gc time)


Numero de qubits: 60 
Threads (LinearAlgebra) :15
Threads (Julia) :1


  0.194509 seconds (963.31 k allocations: 344.652 MiB, 10.22% gc time)


  0.185369 seconds (963.29 k allocations: 344.650 MiB, 9.16% gc time)


  0.183117 seconds (963.31 k allocations: 344.651 MiB, 9.08% gc time)


  0.180869 seconds (963.30 k allocations: 344.651 MiB, 8.85% gc time)


  0.181748 seconds (963.29 k allocations: 344.651 MiB, 9.04% gc time)


  0.182610 seconds (963.28 k allocations: 344.650 MiB, 9.40% gc time)


  0.183000 seconds (963.30 k allocations: 344.651 MiB, 9.45% gc time)


  0.183864 seconds (963.29 k allocations: 344.651 MiB, 9.58% gc time)


  0.213911 seconds (963.30 k allocations: 344.651 MiB, 21.86% gc time)


  0.356466 seconds (963.31 k allocations: 344.652 MiB, 48.96% gc time)


  0.216495 seconds (963.28 k allocations: 344.650 MiB, 18.55% gc time)


  0.177259 seconds (963.30 k allocations: 344.650 MiB, 8.64% gc time)


  0.174015 seconds (963.28 k allocations: 344.650 MiB, 9.01% gc time)


  0.173620 seconds (963.29 k allocations: 344.651 MiB, 9.08% gc time)


  0.178011 seconds (963.29 k allocations: 344.651 MiB, 9.03% gc time)


  0.181183 seconds (963.29 k allocations: 344.650 MiB, 9.23% gc time)


  0.181465 seconds (963.29 k allocations: 344.651 MiB, 9.04% gc time)


  0.181868 seconds (963.29 k allocations: 344.651 MiB, 9.26% gc time)


  0.204100 seconds (963.30 k allocations: 344.651 MiB, 18.43% gc time)


  0.349903 seconds (963.29 k allocations: 344.650 MiB, 48.40% gc time)


  0.215006 seconds (963.30 k allocations: 344.652 MiB, 18.18% gc time)


