Numero de qubits: 15 
Threads (LinearAlgebra) :2
Threads (Julia) :1


 22.025647 seconds (88.42 M allocations: 5.156 GiB, 4.24% gc time, 96.75% compilation time)


  1.434118 seconds (3.15 M allocations: 947.870 MiB, 13.53% gc time, 39.33% compilation time)


  0.692026 seconds (506.40 k allocations: 816.755 MiB, 3.91% gc time)


  0.838295 seconds (506.42 k allocations: 816.756 MiB, 20.34% gc time)


  0.671078 seconds (506.39 k allocations: 816.755 MiB, 3.37% gc time)


  0.850809 seconds (506.41 k allocations: 816.756 MiB, 22.15% gc time)


  0.682339 seconds (506.42 k allocations: 816.757 MiB, 4.15% gc time)


  0.824424 seconds (506.42 k allocations: 816.756 MiB, 20.04% gc time)


  0.676374 seconds (506.41 k allocations: 816.756 MiB, 4.23% gc time)


  0.846523 seconds (506.42 k allocations: 816.756 MiB, 21.78% gc time)


  1.210140 seconds (1.74 M allocations: 880.247 MiB, 2.51% gc time, 45.17% compilation time)


  0.832276 seconds (506.41 k allocations: 816.756 MiB, 20.96% gc time)


  0.656660 seconds (506.42 k allocations: 816.756 MiB, 2.84% gc time)


  0.674472 seconds (506.42 k allocations: 816.756 MiB, 6.24% gc time)


  0.658551 seconds (506.41 k allocations: 816.755 MiB, 2.91% gc time)


  0.662366 seconds (506.42 k allocations: 816.756 MiB, 3.85% gc time)


  0.835168 seconds (506.42 k allocations: 816.756 MiB, 23.93% gc time)


  0.658863 seconds (506.42 k allocations: 816.756 MiB, 3.66% gc time)


  0.823918 seconds (506.42 k allocations: 816.756 MiB, 22.91% gc time)


  0.647708 seconds (506.41 k allocations: 816.756 MiB, 2.98% gc time)


  0.798039 seconds (506.41 k allocations: 816.756 MiB, 20.97% gc time)


Numero de qubits: 16 
Threads (LinearAlgebra) :2
Threads (Julia) :1


  1.800884 seconds (544.54 k allocations: 1.633 GiB, 10.52% gc time)


  1.948631 seconds (544.55 k allocations: 1.633 GiB, 17.20% gc time)


  1.802262 seconds (544.54 k allocations: 1.633 GiB, 9.90% gc time)


  1.962433 seconds (544.55 k allocations: 1.633 GiB, 18.07% gc time)


  1.791004 seconds (544.54 k allocations: 1.633 GiB, 9.93% gc time)


  1.969722 seconds (544.55 k allocations: 1.633 GiB, 18.04% gc time)


  1.788405 seconds (544.56 k allocations: 1.633 GiB, 9.90% gc time)


  1.941718 seconds (544.55 k allocations: 1.633 GiB, 17.67% gc time)


  1.797478 seconds (544.56 k allocations: 1.633 GiB, 9.85% gc time)


  1.956198 seconds (544.54 k allocations: 1.633 GiB, 17.36% gc time)


  1.789251 seconds (544.55 k allocations: 1.633 GiB, 9.90% gc time)


  1.960448 seconds (544.55 k allocations: 1.633 GiB, 17.95% gc time)


  1.794050 seconds (544.56 k allocations: 1.633 GiB, 9.93% gc time)


  1.967850 seconds (544.54 k allocations: 1.633 GiB, 18.46% gc time)


  1.777566 seconds (544.55 k allocations: 1.633 GiB, 9.99% gc time)


  1.947529 seconds (544.54 k allocations: 1.633 GiB, 17.59% gc time)


  1.791078 seconds (544.55 k allocations: 1.633 GiB, 9.92% gc time)


  1.938111 seconds (544.55 k allocations: 1.633 GiB, 17.34% gc time)


  1.820024 seconds (544.55 k allocations: 1.633 GiB, 9.95% gc time)


  1.949889 seconds (544.56 k allocations: 1.633 GiB, 17.21% gc time)


  1.793544 seconds (544.53 k allocations: 1.633 GiB, 9.97% gc time)


Numero de qubits: 17 
Threads (LinearAlgebra) :2
Threads (Julia) :1


  3.106228 seconds (584.83 k allocations: 2.521 GiB, 16.88% gc time)


  2.905493 seconds (584.84 k allocations: 2.521 GiB, 11.81% gc time)


  2.904165 seconds (584.84 k allocations: 2.521 GiB, 11.50% gc time)


  3.072467 seconds (584.82 k allocations: 2.521 GiB, 16.14% gc time)


  3.050090 seconds (584.83 k allocations: 2.521 GiB, 16.22% gc time)


  3.088269 seconds (584.81 k allocations: 2.521 GiB, 16.01% gc time)


  2.940986 seconds (584.84 k allocations: 2.521 GiB, 11.68% gc time)


  3.124246 seconds (584.82 k allocations: 2.521 GiB, 16.61% gc time)


  3.043757 seconds (584.84 k allocations: 2.521 GiB, 16.19% gc time)


  3.079560 seconds (584.83 k allocations: 2.521 GiB, 16.71% gc time)


  2.903308 seconds (584.83 k allocations: 2.521 GiB, 11.76% gc time)


  3.064572 seconds (584.83 k allocations: 2.521 GiB, 16.30% gc time)


  3.080867 seconds (584.83 k allocations: 2.521 GiB, 16.61% gc time)


  3.081800 seconds (584.82 k allocations: 2.521 GiB, 15.97% gc time)


  2.933227 seconds (584.84 k allocations: 2.521 GiB, 11.74% gc time)


  3.082214 seconds (584.84 k allocations: 2.521 GiB, 16.52% gc time)


  3.052821 seconds (584.83 k allocations: 2.521 GiB, 16.05% gc time)


  2.897048 seconds (584.83 k allocations: 2.521 GiB, 11.97% gc time)


  3.087724 seconds (584.83 k allocations: 2.521 GiB, 16.96% gc time)


  3.070954 seconds (584.83 k allocations: 2.521 GiB, 16.12% gc time)


  3.080959 seconds (584.82 k allocations: 2.521 GiB, 16.88% gc time)


Numero de qubits: 18 
Threads (LinearAlgebra) :2
Threads (Julia) :1


  8.146067 seconds (626.56 k allocations: 5.342 GiB, 13.66% gc time)


  8.085607 seconds (626.56 k allocations: 5.342 GiB, 13.89% gc time)


  8.137444 seconds (626.55 k allocations: 5.342 GiB, 14.01% gc time)


  8.050362 seconds (626.55 k allocations: 5.342 GiB, 13.96% gc time)


  8.066607 seconds (626.56 k allocations: 5.342 GiB, 14.21% gc time)


  8.074562 seconds (626.56 k allocations: 5.342 GiB, 13.79% gc time)


  8.052648 seconds (626.56 k allocations: 5.342 GiB, 13.85% gc time)


  8.070137 seconds (626.57 k allocations: 5.342 GiB, 14.06% gc time)


  8.098229 seconds (626.57 k allocations: 5.342 GiB, 14.07% gc time)


  8.034055 seconds (626.55 k allocations: 5.342 GiB, 13.82% gc time)


  8.066008 seconds (626.57 k allocations: 5.342 GiB, 13.78% gc time)


  8.073707 seconds (626.58 k allocations: 5.342 GiB, 14.02% gc time)


  8.052012 seconds (626.55 k allocations: 5.342 GiB, 14.00% gc time)


  8.043126 seconds (626.56 k allocations: 5.342 GiB, 13.78% gc time)


  8.097890 seconds (626.56 k allocations: 5.342 GiB, 14.00% gc time)


  8.038305 seconds (626.56 k allocations: 5.342 GiB, 13.78% gc time)


  8.063869 seconds (626.55 k allocations: 5.342 GiB, 13.88% gc time)


  8.079506 seconds (626.55 k allocations: 5.342 GiB, 14.03% gc time)


  8.061108 seconds (626.55 k allocations: 5.342 GiB, 13.72% gc time)


  8.073773 seconds (626.56 k allocations: 5.342 GiB, 13.69% gc time)


  8.078946 seconds (626.56 k allocations: 5.342 GiB, 13.92% gc time)


Numero de qubits: 19 
Threads (LinearAlgebra) :2
Threads (Julia) :1


 13.502570 seconds (667.54 k allocations: 8.377 GiB, 13.04% gc time)


 13.420278 seconds (667.53 k allocations: 8.377 GiB, 12.98% gc time)


 13.578623 seconds (667.54 k allocations: 8.377 GiB, 13.85% gc time)


 13.389925 seconds (667.53 k allocations: 8.377 GiB, 12.95% gc time)


 13.669150 seconds (667.52 k allocations: 8.377 GiB, 13.90% gc time)


 13.483028 seconds (667.54 k allocations: 8.377 GiB, 12.85% gc time)


 13.568093 seconds (667.52 k allocations: 8.377 GiB, 14.01% gc time)


 13.449332 seconds (667.52 k allocations: 8.377 GiB, 12.96% gc time)


 13.553595 seconds (667.54 k allocations: 8.377 GiB, 13.83% gc time)


 13.439106 seconds (667.52 k allocations: 8.377 GiB, 13.01% gc time)


 13.441548 seconds (667.54 k allocations: 8.377 GiB, 13.38% gc time)


 13.527473 seconds (667.54 k allocations: 8.377 GiB, 13.86% gc time)


 13.421170 seconds (667.53 k allocations: 8.377 GiB, 12.83% gc time)


 13.422161 seconds (667.53 k allocations: 8.377 GiB, 13.03% gc time)


 13.428368 seconds (667.52 k allocations: 8.377 GiB, 13.09% gc time)


 13.595910 seconds (667.52 k allocations: 8.377 GiB, 14.11% gc time)


 13.483530 seconds (667.53 k allocations: 8.377 GiB, 12.96% gc time)


 13.405210 seconds (667.53 k allocations: 8.377 GiB, 12.88% gc time)


 13.532318 seconds (667.53 k allocations: 8.377 GiB, 14.00% gc time)


 13.454893 seconds (667.54 k allocations: 8.377 GiB, 12.97% gc time)


 13.492048 seconds (667.54 k allocations: 8.377 GiB, 12.97% gc time)


Numero de qubits: 20 
Threads (LinearAlgebra) :2
Threads (Julia) :1


 41.593364 seconds (720.65 k allocations: 18.107 GiB, 9.85% gc time)


 41.316110 seconds (720.65 k allocations: 18.107 GiB, 9.92% gc time)


 41.573237 seconds (720.66 k allocations: 18.107 GiB, 9.79% gc time)


 41.729123 seconds (720.68 k allocations: 18.107 GiB, 9.78% gc time)


 40.364066 seconds (720.66 k allocations: 18.118 GiB, 10.11% gc time)


 41.978295 seconds (720.66 k allocations: 18.107 GiB, 10.41% gc time)


 41.743199 seconds (720.66 k allocations: 18.107 GiB, 9.80% gc time)


 41.662789 seconds (720.66 k allocations: 18.107 GiB, 10.09% gc time)


 41.897043 seconds (720.65 k allocations: 18.107 GiB, 9.72% gc time)


 41.925908 seconds (720.65 k allocations: 18.107 GiB, 10.04% gc time)


 41.757046 seconds (720.67 k allocations: 18.107 GiB, 9.68% gc time)


 42.009300 seconds (720.68 k allocations: 18.107 GiB, 10.05% gc time)


 41.986360 seconds (720.66 k allocations: 18.107 GiB, 10.11% gc time)


 42.005648 seconds (720.65 k allocations: 18.107 GiB, 9.98% gc time)


 41.886364 seconds (720.65 k allocations: 18.107 GiB, 10.09% gc time)


 40.130160 seconds (720.64 k allocations: 18.118 GiB, 9.82% gc time)


 41.978954 seconds (720.66 k allocations: 18.107 GiB, 10.02% gc time)


 41.874770 seconds (720.66 k allocations: 18.107 GiB, 10.11% gc time)


 42.106162 seconds (720.67 k allocations: 18.107 GiB, 10.01% gc time)


 40.426063 seconds (720.65 k allocations: 18.119 GiB, 10.11% gc time)


 41.758961 seconds (720.65 k allocations: 18.107 GiB, 9.88% gc time)


