Numero de qubits: 15 
Threads (LinearAlgebra) :14
Threads (Julia) :1


 22.147466 seconds (88.42 M allocations: 5.156 GiB, 4.74% gc time, 96.07% compilation time)


  1.226316 seconds (3.15 M allocations: 947.870 MiB, 3.19% gc time, 46.59% compilation time)


  0.810561 seconds (506.40 k allocations: 816.755 MiB, 22.87% gc time)


  0.599997 seconds (506.42 k allocations: 816.756 MiB, 3.06% gc time)


  0.635241 seconds (506.41 k allocations: 816.756 MiB, 4.01% gc time)


  0.780661 seconds (506.42 k allocations: 816.756 MiB, 22.51% gc time)


  0.633292 seconds (506.42 k allocations: 816.756 MiB, 3.68% gc time)


  1.375852 seconds (1.74 M allocations: 880.250 MiB, 15.25% gc time, 40.87% compilation time)


  0.588058 seconds (506.42 k allocations: 816.757 MiB, 2.75% gc time)


  0.556363 seconds (506.41 k allocations: 816.756 MiB, 4.39% gc time)


  0.728793 seconds (506.41 k allocations: 816.756 MiB, 22.89% gc time)


  0.556664 seconds (506.41 k allocations: 816.756 MiB, 4.10% gc time)


  0.747237 seconds (506.42 k allocations: 816.756 MiB, 23.73% gc time)


  0.633850 seconds (506.41 k allocations: 816.756 MiB, 3.83% gc time)


  0.636943 seconds (506.41 k allocations: 816.756 MiB, 4.07% gc time)


  0.759855 seconds (506.42 k allocations: 816.756 MiB, 22.73% gc time)


  0.631601 seconds (506.41 k allocations: 816.756 MiB, 3.79% gc time)


  0.786833 seconds (506.42 k allocations: 816.756 MiB, 21.83% gc time)


  0.613995 seconds (506.43 k allocations: 816.757 MiB, 3.42% gc time)


  0.646485 seconds (506.41 k allocations: 816.756 MiB, 4.19% gc time)


  0.771633 seconds (506.41 k allocations: 816.755 MiB, 22.17% gc time)


Numero de qubits: 16 
Threads (LinearAlgebra) :14
Threads (Julia) :1


  1.470863 seconds (544.54 k allocations: 1.633 GiB, 12.91% gc time)


  1.575476 seconds (544.55 k allocations: 1.633 GiB, 21.35% gc time)


  1.447977 seconds (544.56 k allocations: 1.633 GiB, 14.15% gc time)


  1.468625 seconds (544.54 k allocations: 1.633 GiB, 13.10% gc time)


  1.594654 seconds (544.53 k allocations: 1.633 GiB, 20.75% gc time)


  1.375142 seconds (544.55 k allocations: 1.633 GiB, 13.86% gc time)


  1.376171 seconds (544.55 k allocations: 1.633 GiB, 13.34% gc time)


  1.613009 seconds (544.54 k allocations: 1.633 GiB, 20.69% gc time)


  1.481416 seconds (544.55 k allocations: 1.633 GiB, 13.02% gc time)


  1.373129 seconds (544.54 k allocations: 1.633 GiB, 13.48% gc time)


  1.543441 seconds (544.57 k allocations: 1.633 GiB, 21.57% gc time)


  1.465514 seconds (544.53 k allocations: 1.633 GiB, 12.70% gc time)


  1.476789 seconds (544.53 k allocations: 1.633 GiB, 13.94% gc time)


  1.361831 seconds (544.56 k allocations: 1.633 GiB, 13.02% gc time)


  1.383706 seconds (544.54 k allocations: 1.633 GiB, 13.59% gc time)


  1.407097 seconds (544.54 k allocations: 1.633 GiB, 13.16% gc time)


  1.387682 seconds (544.54 k allocations: 1.633 GiB, 12.80% gc time)


  1.425374 seconds (544.54 k allocations: 1.633 GiB, 12.95% gc time)


  1.525330 seconds (544.53 k allocations: 1.633 GiB, 21.85% gc time)


  1.365221 seconds (544.54 k allocations: 1.633 GiB, 13.66% gc time)


  1.366058 seconds (544.54 k allocations: 1.633 GiB, 13.65% gc time)


Numero de qubits: 17 
Threads (LinearAlgebra) :14
Threads (Julia) :1


  2.395626 seconds (584.82 k allocations: 2.521 GiB, 20.91% gc time)


  2.256539 seconds (584.84 k allocations: 2.521 GiB, 15.44% gc time)


  2.351737 seconds (584.83 k allocations: 2.521 GiB, 21.23% gc time)


  2.130117 seconds (584.84 k allocations: 2.521 GiB, 16.92% gc time)


  2.290904 seconds (584.84 k allocations: 2.521 GiB, 21.84% gc time)


  2.146161 seconds (584.83 k allocations: 2.521 GiB, 16.50% gc time)


  2.214839 seconds (584.83 k allocations: 2.521 GiB, 22.58% gc time)


  2.217177 seconds (584.83 k allocations: 2.521 GiB, 15.99% gc time)


  2.215799 seconds (584.83 k allocations: 2.521 GiB, 22.61% gc time)


  2.193657 seconds (584.82 k allocations: 2.521 GiB, 15.54% gc time)


  2.359266 seconds (584.83 k allocations: 2.521 GiB, 21.46% gc time)


  2.101985 seconds (584.82 k allocations: 2.521 GiB, 16.19% gc time)


  2.273702 seconds (584.83 k allocations: 2.521 GiB, 22.79% gc time)


  2.195797 seconds (584.82 k allocations: 2.521 GiB, 16.35% gc time)


  2.256838 seconds (584.81 k allocations: 2.521 GiB, 22.07% gc time)


  2.191186 seconds (584.83 k allocations: 2.521 GiB, 16.16% gc time)


  2.256196 seconds (584.83 k allocations: 2.521 GiB, 22.13% gc time)


  2.167408 seconds (584.82 k allocations: 2.521 GiB, 16.67% gc time)


  2.175861 seconds (584.84 k allocations: 2.521 GiB, 16.19% gc time)


  2.177471 seconds (584.83 k allocations: 2.521 GiB, 15.88% gc time)


  2.161806 seconds (584.82 k allocations: 2.521 GiB, 16.38% gc time)


Numero de qubits: 18 
Threads (LinearAlgebra) :14
Threads (Julia) :1


  5.247569 seconds (626.56 k allocations: 5.342 GiB, 19.14% gc time)


  5.244900 seconds (626.57 k allocations: 5.342 GiB, 19.36% gc time)


  5.245699 seconds (626.55 k allocations: 5.342 GiB, 18.76% gc time)


  5.138931 seconds (626.57 k allocations: 5.342 GiB, 19.10% gc time)


  5.110969 seconds (626.54 k allocations: 5.342 GiB, 19.08% gc time)


  5.197452 seconds (626.57 k allocations: 5.342 GiB, 18.85% gc time)


  4.953925 seconds (626.57 k allocations: 5.342 GiB, 16.57% gc time)


  5.195115 seconds (626.56 k allocations: 5.342 GiB, 19.07% gc time)


  5.070018 seconds (626.50 k allocations: 5.343 GiB, 19.41% gc time)


  5.152878 seconds (626.56 k allocations: 5.342 GiB, 19.38% gc time)


  5.114038 seconds (626.56 k allocations: 5.342 GiB, 19.19% gc time)


  5.267397 seconds (626.58 k allocations: 5.342 GiB, 19.09% gc time)


  5.133593 seconds (626.55 k allocations: 5.342 GiB, 19.15% gc time)


  5.119555 seconds (626.57 k allocations: 5.342 GiB, 19.24% gc time)


  5.168544 seconds (626.55 k allocations: 5.342 GiB, 18.92% gc time)


  5.079935 seconds (626.55 k allocations: 5.342 GiB, 19.46% gc time)


  5.222667 seconds (626.56 k allocations: 5.342 GiB, 18.93% gc time)


  5.200753 seconds (626.55 k allocations: 5.342 GiB, 19.59% gc time)


  5.167898 seconds (626.56 k allocations: 5.342 GiB, 19.06% gc time)


  5.179557 seconds (626.58 k allocations: 5.342 GiB, 19.10% gc time)


  5.104275 seconds (626.57 k allocations: 5.342 GiB, 19.06% gc time)


Numero de qubits: 19 
Threads (LinearAlgebra) :14
Threads (Julia) :1


  7.741468 seconds (667.52 k allocations: 8.377 GiB, 20.65% gc time)


  7.614593 seconds (667.53 k allocations: 8.377 GiB, 18.87% gc time)


  7.656013 seconds (667.54 k allocations: 8.377 GiB, 19.38% gc time)


  7.625516 seconds (667.51 k allocations: 8.377 GiB, 19.00% gc time)


  7.907890 seconds (667.53 k allocations: 8.377 GiB, 20.56% gc time)


  7.972316 seconds (667.54 k allocations: 8.377 GiB, 20.37% gc time)


  7.934025 seconds (667.53 k allocations: 8.377 GiB, 20.35% gc time)


  8.048424 seconds (667.52 k allocations: 8.377 GiB, 20.03% gc time)


  7.939832 seconds (667.52 k allocations: 8.377 GiB, 20.38% gc time)


  7.844354 seconds (667.52 k allocations: 8.377 GiB, 20.39% gc time)


  7.960335 seconds (667.54 k allocations: 8.377 GiB, 20.33% gc time)


  7.724834 seconds (667.53 k allocations: 8.377 GiB, 19.32% gc time)


  8.072444 seconds (667.56 k allocations: 8.377 GiB, 22.11% gc time)


  7.675525 seconds (667.55 k allocations: 8.377 GiB, 19.07% gc time)


  7.907868 seconds (667.52 k allocations: 8.377 GiB, 20.18% gc time)


  7.725162 seconds (667.54 k allocations: 8.377 GiB, 20.48% gc time)


  7.636181 seconds (667.54 k allocations: 8.377 GiB, 18.96% gc time)


  7.658139 seconds (667.52 k allocations: 8.377 GiB, 19.09% gc time)


  7.773108 seconds (667.53 k allocations: 8.377 GiB, 18.55% gc time)


  7.695915 seconds (667.54 k allocations: 8.377 GiB, 18.78% gc time)


  7.670534 seconds (667.52 k allocations: 8.377 GiB, 18.91% gc time)


Numero de qubits: 20 
Threads (LinearAlgebra) :14
Threads (Julia) :1


 19.525573 seconds (720.66 k allocations: 18.107 GiB, 16.89% gc time)


 18.801585 seconds (720.64 k allocations: 18.119 GiB, 17.56% gc time)


 19.474996 seconds (720.65 k allocations: 18.107 GiB, 17.04% gc time)


 19.345990 seconds (720.67 k allocations: 18.107 GiB, 17.04% gc time)


 19.142576 seconds (720.65 k allocations: 18.107 GiB, 16.58% gc time)


 19.376195 seconds (720.67 k allocations: 18.107 GiB, 17.15% gc time)


 19.351316 seconds (720.65 k allocations: 18.107 GiB, 17.21% gc time)


 19.299785 seconds (720.67 k allocations: 18.107 GiB, 16.47% gc time)


 19.380910 seconds (720.65 k allocations: 18.107 GiB, 17.03% gc time)


 19.250387 seconds (720.66 k allocations: 18.107 GiB, 16.43% gc time)


 18.749614 seconds (720.65 k allocations: 18.119 GiB, 16.97% gc time)


 19.380480 seconds (720.70 k allocations: 18.107 GiB, 17.19% gc time)


 19.341972 seconds (720.65 k allocations: 18.107 GiB, 17.02% gc time)


 19.344882 seconds (720.65 k allocations: 18.107 GiB, 17.30% gc time)


 19.324179 seconds (720.63 k allocations: 18.107 GiB, 17.07% gc time)


 19.321638 seconds (720.66 k allocations: 18.107 GiB, 17.22% gc time)


 19.339159 seconds (720.65 k allocations: 18.107 GiB, 17.03% gc time)


 19.257258 seconds (720.67 k allocations: 18.107 GiB, 17.10% gc time)


 18.782861 seconds (720.65 k allocations: 18.119 GiB, 16.78% gc time)


 19.287821 seconds (720.65 k allocations: 18.107 GiB, 17.19% gc time)


 19.295172 seconds (720.63 k allocations: 18.107 GiB, 17.05% gc time)


