Numero de qubits: 15 
Threads (LinearAlgebra) :8
Threads (Julia) :1


 22.691358 seconds (90.18 M allocations: 5.239 GiB, 4.31% gc time, 96.97% compilation time)


  1.078214 seconds (1.39 M allocations: 862.736 MiB, 19.01% gc time, 23.29% compilation time)


  0.634302 seconds (506.40 k allocations: 816.755 MiB, 4.27% gc time)


  0.785434 seconds (506.40 k allocations: 816.755 MiB, 23.17% gc time)


  0.630089 seconds (506.41 k allocations: 816.756 MiB, 3.95% gc time)


  0.798225 seconds (506.42 k allocations: 816.756 MiB, 22.62% gc time)


  1.188231 seconds (1.74 M allocations: 880.247 MiB, 2.95% gc time, 46.55% compilation time)


  0.788522 seconds (506.42 k allocations: 816.756 MiB, 23.36% gc time)


  0.628036 seconds (506.43 k allocations: 816.757 MiB, 3.17% gc time)


  0.641700 seconds (506.41 k allocations: 816.756 MiB, 4.01% gc time)


  0.778745 seconds (506.39 k allocations: 816.754 MiB, 23.14% gc time)


  0.637015 seconds (506.40 k allocations: 816.755 MiB, 4.14% gc time)


  0.796374 seconds (506.42 k allocations: 816.756 MiB, 22.78% gc time)


  0.624033 seconds (506.43 k allocations: 816.757 MiB, 3.32% gc time)


  0.640763 seconds (506.42 k allocations: 816.757 MiB, 4.51% gc time)


  0.772566 seconds (506.42 k allocations: 816.757 MiB, 20.62% gc time)


  0.638485 seconds (506.41 k allocations: 816.756 MiB, 3.98% gc time)


  0.779862 seconds (506.41 k allocations: 816.755 MiB, 22.75% gc time)


  0.632992 seconds (506.42 k allocations: 816.756 MiB, 4.03% gc time)


  0.795679 seconds (506.42 k allocations: 816.756 MiB, 22.78% gc time)


  0.611755 seconds (506.42 k allocations: 816.756 MiB, 3.11% gc time)


Numero de qubits: 16 
Threads (LinearAlgebra) :8
Threads (Julia) :1


  1.610796 seconds (544.54 k allocations: 1.633 GiB, 13.34% gc time)


  1.740171 seconds (544.54 k allocations: 1.633 GiB, 20.37% gc time)


  1.592901 seconds (544.55 k allocations: 1.633 GiB, 12.70% gc time)


  1.567719 seconds (544.54 k allocations: 1.633 GiB, 12.74% gc time)


  1.789564 seconds (544.54 k allocations: 1.633 GiB, 20.21% gc time)


  1.586961 seconds (544.54 k allocations: 1.633 GiB, 12.48% gc time)


  1.551239 seconds (544.54 k allocations: 1.633 GiB, 12.81% gc time)


  1.730527 seconds (544.54 k allocations: 1.633 GiB, 21.48% gc time)


  1.550249 seconds (544.55 k allocations: 1.633 GiB, 12.42% gc time)


  1.560695 seconds (544.54 k allocations: 1.633 GiB, 13.91% gc time)


  1.707189 seconds (544.54 k allocations: 1.633 GiB, 20.72% gc time)


  1.565727 seconds (544.55 k allocations: 1.633 GiB, 12.79% gc time)


  1.736346 seconds (544.54 k allocations: 1.633 GiB, 21.23% gc time)


  1.549991 seconds (544.53 k allocations: 1.633 GiB, 12.35% gc time)


  1.556725 seconds (544.54 k allocations: 1.633 GiB, 12.62% gc time)


  1.557728 seconds (544.53 k allocations: 1.633 GiB, 14.05% gc time)


  1.546031 seconds (544.55 k allocations: 1.633 GiB, 13.39% gc time)


  1.550174 seconds (544.55 k allocations: 1.633 GiB, 13.10% gc time)


  1.717318 seconds (544.54 k allocations: 1.633 GiB, 21.46% gc time)


  1.523633 seconds (544.55 k allocations: 1.633 GiB, 12.35% gc time)


  1.550446 seconds (544.56 k allocations: 1.633 GiB, 12.89% gc time)


Numero de qubits: 17 
Threads (LinearAlgebra) :8
Threads (Julia) :1


  2.627539 seconds (584.82 k allocations: 2.521 GiB, 21.10% gc time)


  2.427187 seconds (584.83 k allocations: 2.521 GiB, 14.96% gc time)


  2.616970 seconds (584.84 k allocations: 2.521 GiB, 20.85% gc time)


  2.398517 seconds (584.83 k allocations: 2.521 GiB, 15.06% gc time)


  2.620439 seconds (584.82 k allocations: 2.521 GiB, 20.51% gc time)


  2.391557 seconds (584.82 k allocations: 2.521 GiB, 15.37% gc time)


  2.609535 seconds (584.83 k allocations: 2.521 GiB, 21.55% gc time)


  2.385594 seconds (584.81 k allocations: 2.521 GiB, 15.90% gc time)


  2.556087 seconds (584.82 k allocations: 2.521 GiB, 20.86% gc time)


  2.478283 seconds (584.81 k allocations: 2.521 GiB, 15.62% gc time)


  2.562658 seconds (584.84 k allocations: 2.521 GiB, 20.91% gc time)


  2.461572 seconds (584.83 k allocations: 2.521 GiB, 15.58% gc time)


  2.609000 seconds (584.83 k allocations: 2.521 GiB, 20.86% gc time)


  2.464089 seconds (584.83 k allocations: 2.521 GiB, 14.71% gc time)


  2.544165 seconds (584.83 k allocations: 2.521 GiB, 21.02% gc time)


  2.403846 seconds (584.83 k allocations: 2.521 GiB, 16.02% gc time)


  2.557061 seconds (584.84 k allocations: 2.521 GiB, 20.64% gc time)


  2.421212 seconds (584.82 k allocations: 2.521 GiB, 15.08% gc time)


  2.590984 seconds (584.83 k allocations: 2.521 GiB, 21.13% gc time)


  2.414965 seconds (584.82 k allocations: 2.521 GiB, 15.42% gc time)


  2.537615 seconds (584.82 k allocations: 2.521 GiB, 20.88% gc time)


Numero de qubits: 18 
Threads (LinearAlgebra) :8
Threads (Julia) :1


  6.087256 seconds (626.55 k allocations: 5.342 GiB, 17.37% gc time)


  6.279156 seconds (626.55 k allocations: 5.342 GiB, 18.24% gc time)


  6.196484 seconds (626.50 k allocations: 5.343 GiB, 19.03% gc time)


  6.020471 seconds (626.56 k allocations: 5.342 GiB, 17.07% gc time)


  6.059313 seconds (626.55 k allocations: 5.342 GiB, 17.26% gc time)


  6.009189 seconds (626.50 k allocations: 5.343 GiB, 17.96% gc time)


  6.058164 seconds (626.54 k allocations: 5.342 GiB, 17.12% gc time)


  6.018115 seconds (626.57 k allocations: 5.342 GiB, 17.32% gc time)


  5.585078 seconds (626.58 k allocations: 5.342 GiB, 18.54% gc time)


  5.174793 seconds (626.57 k allocations: 5.342 GiB, 20.02% gc time)


  5.234806 seconds (626.56 k allocations: 5.342 GiB, 20.24% gc time)


  5.222557 seconds (626.56 k allocations: 5.342 GiB, 20.22% gc time)


  5.149391 seconds (626.56 k allocations: 5.342 GiB, 20.13% gc time)


  5.174207 seconds (626.56 k allocations: 5.342 GiB, 20.41% gc time)


  5.246214 seconds (626.55 k allocations: 5.342 GiB, 21.08% gc time)


  5.046777 seconds (626.49 k allocations: 5.343 GiB, 20.67% gc time)


  5.125886 seconds (626.55 k allocations: 5.342 GiB, 20.65% gc time)


  5.207933 seconds (626.58 k allocations: 5.342 GiB, 20.33% gc time)


  5.201812 seconds (626.54 k allocations: 5.342 GiB, 20.51% gc time)


  5.271908 seconds (626.56 k allocations: 5.342 GiB, 21.18% gc time)


  5.216685 seconds (626.56 k allocations: 5.342 GiB, 20.57% gc time)


Numero de qubits: 19 
Threads (LinearAlgebra) :8
Threads (Julia) :1


  7.977407 seconds (667.54 k allocations: 8.377 GiB, 19.80% gc time)


  7.960235 seconds (667.54 k allocations: 8.377 GiB, 19.83% gc time)


  7.900660 seconds (667.55 k allocations: 8.377 GiB, 19.59% gc time)


  8.157393 seconds (667.53 k allocations: 8.377 GiB, 21.32% gc time)


  8.094699 seconds (667.51 k allocations: 8.377 GiB, 21.14% gc time)


  8.042909 seconds (667.52 k allocations: 8.377 GiB, 21.22% gc time)


  7.882925 seconds (667.53 k allocations: 8.377 GiB, 19.48% gc time)


  8.070305 seconds (667.53 k allocations: 8.377 GiB, 21.17% gc time)


  8.092436 seconds (667.52 k allocations: 8.377 GiB, 21.09% gc time)


  8.046484 seconds (667.51 k allocations: 8.377 GiB, 21.13% gc time)


  8.152938 seconds (667.53 k allocations: 8.377 GiB, 21.29% gc time)


  7.960268 seconds (667.53 k allocations: 8.377 GiB, 19.42% gc time)


  8.102762 seconds (667.53 k allocations: 8.377 GiB, 21.16% gc time)


  8.094359 seconds (667.50 k allocations: 8.377 GiB, 21.31% gc time)


  8.084568 seconds (667.52 k allocations: 8.377 GiB, 21.04% gc time)


  8.094875 seconds (667.53 k allocations: 8.377 GiB, 21.20% gc time)


  8.113827 seconds (667.53 k allocations: 8.377 GiB, 21.43% gc time)


  8.122157 seconds (667.53 k allocations: 8.377 GiB, 20.86% gc time)


  8.142205 seconds (667.53 k allocations: 8.377 GiB, 21.17% gc time)


  8.039880 seconds (667.51 k allocations: 8.377 GiB, 21.21% gc time)


  7.944761 seconds (667.53 k allocations: 8.377 GiB, 19.41% gc time)


Numero de qubits: 20 
Threads (LinearAlgebra) :8
Threads (Julia) :1


 21.688761 seconds (720.69 k allocations: 18.107 GiB, 16.27% gc time)


 21.791674 seconds (720.66 k allocations: 18.107 GiB, 16.31% gc time)


 21.913911 seconds (720.66 k allocations: 18.107 GiB, 16.79% gc time)


 21.677706 seconds (720.67 k allocations: 18.107 GiB, 15.57% gc time)


 21.924800 seconds (720.68 k allocations: 18.107 GiB, 17.08% gc time)


 21.127672 seconds (720.67 k allocations: 18.119 GiB, 16.88% gc time)


 22.048434 seconds (720.67 k allocations: 18.107 GiB, 16.19% gc time)


 21.934244 seconds (720.65 k allocations: 18.107 GiB, 16.09% gc time)


 21.909253 seconds (720.64 k allocations: 18.107 GiB, 16.08% gc time)


 21.890518 seconds (720.66 k allocations: 18.107 GiB, 16.14% gc time)


 21.477438 seconds (720.66 k allocations: 18.119 GiB, 17.26% gc time)


 21.328805 seconds (720.65 k allocations: 18.119 GiB, 16.78% gc time)


 22.047152 seconds (720.67 k allocations: 18.107 GiB, 16.06% gc time)


 21.038711 seconds (720.66 k allocations: 18.119 GiB, 16.86% gc time)


 21.749148 seconds (720.68 k allocations: 18.107 GiB, 16.23% gc time)


 21.040915 seconds (720.66 k allocations: 18.119 GiB, 16.33% gc time)


 21.623298 seconds (720.67 k allocations: 18.107 GiB, 16.40% gc time)


 21.864426 seconds (720.66 k allocations: 18.107 GiB, 16.32% gc time)


 21.590452 seconds (720.66 k allocations: 18.107 GiB, 16.51% gc time)


 21.887210 seconds (720.66 k allocations: 18.107 GiB, 16.33% gc time)


 21.944774 seconds (720.66 k allocations: 18.107 GiB, 16.87% gc time)


