Numero de qubits: 100 
Dimension max: 100 
Threads (LinearAlgebra) :15
Threads (Julia) :1


-0.0973819403619428After sweep 1 energy=-126.70877308483423  maxlinkdim=100 maxerr=5.83E-04 time=14.341
After sweep 1 energy=-126.84322014260556  maxlinkdim=100 maxerr=4.80E-11 time=2.465
After sweep 1 energy=-126.89545235708067  maxlinkdim=100 maxerr=1.15E-11 time=2.296
After sweep 1 energy=-126.9244002932291  maxlinkdim=100 maxerr=3.02E-12 time=2.286
After sweep 1 energy=-126.94086216735359  maxlinkdim=100 maxerr=1.89E-12 time=2.296
After sweep 1 energy=-126.95013558133141  maxlinkdim=100 maxerr=1.04E-12 time=2.220
After sweep 1 energy=-126.95518516794169  maxlinkdim=100 maxerr=3.24E-13 time=2.034
After sweep 1 energy=-126.95793841830815  maxlinkdim=100 maxerr=2.26E-13 time=1.988
After sweep 1 energy=-126.95950261676617  maxlinkdim=100 maxerr=1.03E-13 time=2.038
After sweep 1 energy=-126.9604603396724  maxlinkdim=100 maxerr=4.71E-14 time=2.021
-0.032585550307079034After sweep 1 energy=-126.75784145679283  maxlinkdim=100 maxerr=6.64E-04 time=2.383
After sweep 1 energy=-126.89250723126882  maxlinkdim=100 maxerr=3.79E-11 time=2.272
After sweep 1 energy=-126.92030248963249  maxlinkdim=100 maxerr=1.51E-12 time=2.359
After sweep 1 energy=-126.93396475827097  maxlinkdim=100 maxerr=3.77E-13 time=2.163
After sweep 1 energy=-126.94179027154054  maxlinkdim=100 maxerr=4.46E-13 time=2.127
After sweep 1 energy=-126.9461959607856  maxlinkdim=100 maxerr=7.32E-13 time=2.225
After sweep 1 energy=-126.94929251129957  maxlinkdim=100 maxerr=8.48E-13 time=2.241
After sweep 1 energy=-126.95183995874753  maxlinkdim=100 maxerr=5.97E-13 time=2.261
After sweep 1 energy=-126.95438956149331  maxlinkdim=100 maxerr=5.33E-13 time=2.057
After sweep 1 energy=-126.95648084643696  maxlinkdim=100 maxerr=5.25E-13 time=2.105
-0.014328370889428826After sweep 1 energy=-126.74293190581712  maxlinkdim=100 maxerr=7.69E-04 time=2.400
After sweep 1 energy=-126.86290137228355  maxlinkdim=100 maxerr=3.96E-11 time=2.316
After sweep 1 energy=-126.9139488884556  maxlinkdim=100 maxerr=1.55E-12 time=2.326
After sweep 1 energy=-126.94212095581526  maxlinkdim=100 maxerr=1.76E-12 time=2.215
After sweep 1 energy=-126.95402610575776  maxlinkdim=100 maxerr=1.76E-12 time=2.188
After sweep 1 energy=-126.95878044663509  maxlinkdim=100 maxerr=7.40E-13 time=2.109
After sweep 1 energy=-126.96063146988715  maxlinkdim=100 maxerr=2.76E-13 time=2.061
After sweep 1 energy=-126.9613515213945  maxlinkdim=100 maxerr=8.92E-14 time=2.185
After sweep 1 energy=-126.96164650025489  maxlinkdim=100 maxerr=2.17E-14 time=1.926
After sweep 1 energy=-126.96176896679438  maxlinkdim=100 maxerr=1.12E-14 time=1.786
0.13472583059751062After sweep 1 energy=-126.73086018298044  maxlinkdim=100 maxerr=8.33E-04 time=2.224
After sweep 1 energy=-126.87672844061623  maxlinkdim=100 maxerr=4.66E-11 time=2.206
After sweep 1 energy=-126.91988024622151  maxlinkdim=100 maxerr=4.45E-12 time=2.311
After sweep 1 energy=-126.94131186788867  maxlinkdim=100 maxerr=2.55E-12 time=2.207
After sweep 1 energy=-126.95270284911037  maxlinkdim=100 maxerr=8.40E-13 time=2.159
After sweep 1 energy=-126.95814680307578  maxlinkdim=100 maxerr=3.53E-13 time=2.136
After sweep 1 energy=-126.96056913846516  maxlinkdim=100 maxerr=1.75E-13 time=2.068
After sweep 1 energy=-126.9614179168315  maxlinkdim=100 maxerr=8.21E-14 time=2.077
After sweep 1 energy=-126.96171445533035  maxlinkdim=100 maxerr=3.99E-14 time=2.071
After sweep 1 energy=-126.96182018145356  maxlinkdim=100 maxerr=6.31E-15 time=1.702
0.21314438748723566After sweep 1 energy=-126.80528387233677  maxlinkdim=100 maxerr=6.44E-04 time=2.155
After sweep 1 energy=-126.90716223261293  maxlinkdim=100 maxerr=2.67E-11 time=2.327
After sweep 1 energy=-126.93072318695823  maxlinkdim=100 maxerr=2.47E-12 time=2.180
After sweep 1 energy=-126.94044190483936  maxlinkdim=100 maxerr=5.85E-13 time=2.167
After sweep 1 energy=-126.94592810654217  maxlinkdim=100 maxerr=4.64E-13 time=1.992
After sweep 1 energy=-126.94973159665774  maxlinkdim=100 maxerr=5.96E-13 time=1.948
After sweep 1 energy=-126.95330578917338  maxlinkdim=100 maxerr=3.36E-12 time=2.126
After sweep 1 energy=-126.95526397023701  maxlinkdim=100 maxerr=2.35E-13 time=2.129
After sweep 1 energy=-126.95690857466472  maxlinkdim=100 maxerr=3.00E-13 time=1.822
After sweep 1 energy=-126.95825813904065  maxlinkdim=100 maxerr=6.01E-14 time=1.979
-0.00284703201789249After sweep 1 energy=-126.76537290691994  maxlinkdim=100 maxerr=6.65E-04 time=2.271
After sweep 1 energy=-126.88261287526164  maxlinkdim=100 maxerr=9.20E-11 time=2.301
After sweep 1 energy=-126.92047086321197  maxlinkdim=100 maxerr=1.76E-12 time=2.188
After sweep 1 energy=-126.93890373173758  maxlinkdim=100 maxerr=5.89E-13 time=2.165
After sweep 1 energy=-126.94811636259918  maxlinkdim=100 maxerr=5.22E-13 time=2.140
After sweep 1 energy=-126.9530181471348  maxlinkdim=100 maxerr=3.88E-13 time=2.096
After sweep 1 energy=-126.95598599736445  maxlinkdim=100 maxerr=1.18E-13 time=2.207
After sweep 1 energy=-126.95798656557798  maxlinkdim=100 maxerr=8.62E-14 time=2.215
After sweep 1 energy=-126.95947085065926  maxlinkdim=100 maxerr=7.51E-14 time=2.145
After sweep 1 energy=-126.9603833159382  maxlinkdim=100 maxerr=2.19E-14 time=2.035
0.18523938222476183After sweep 1 energy=-126.76077761216656  maxlinkdim=100 maxerr=8.05E-04 time=2.298
After sweep 1 energy=-126.93370617393434  maxlinkdim=100 maxerr=1.45E-10 time=2.173
After sweep 1 energy=-126.94805430660207  maxlinkdim=100 maxerr=3.29E-12 time=2.285
After sweep 1 energy=-126.95200365640787  maxlinkdim=100 maxerr=2.17E-13 time=2.267
After sweep 1 energy=-126.95428358395085  maxlinkdim=100 maxerr=1.61E-13 time=2.136
After sweep 1 energy=-126.95601701681018  maxlinkdim=100 maxerr=8.96E-14 time=1.932
After sweep 1 energy=-126.95749156100318  maxlinkdim=100 maxerr=7.25E-14 time=1.876
After sweep 1 energy=-126.9587855354655  maxlinkdim=100 maxerr=4.46E-14 time=2.147
After sweep 1 energy=-126.95981387498925  maxlinkdim=100 maxerr=1.71E-14 time=1.921
After sweep 1 energy=-126.96053357374575  maxlinkdim=100 maxerr=2.03E-14 time=1.803
-0.058346583288967836After sweep 1 energy=-126.80153877744958  maxlinkdim=100 maxerr=6.97E-04 time=2.381
After sweep 1 energy=-126.91624398320675  maxlinkdim=100 maxerr=4.33E-11 time=2.311
After sweep 1 energy=-126.94032855471156  maxlinkdim=100 maxerr=2.13E-12 time=2.287
After sweep 1 energy=-126.94974933374522  maxlinkdim=100 maxerr=6.05E-13 time=2.205
After sweep 1 energy=-126.95419172018748  maxlinkdim=100 maxerr=2.03E-13 time=2.160
After sweep 1 energy=-126.95666512472113  maxlinkdim=100 maxerr=1.50E-13 time=2.093
After sweep 1 energy=-126.95824552296095  maxlinkdim=100 maxerr=7.26E-14 time=2.157
After sweep 1 energy=-126.95938650572386  maxlinkdim=100 maxerr=6.70E-14 time=2.057
After sweep 1 energy=-126.96019325100106  maxlinkdim=100 maxerr=3.21E-14 time=1.902
After sweep 1 energy=-126.96077725788591  maxlinkdim=100 maxerr=2.59E-14 time=1.770
-0.34009032759602525After sweep 1 energy=-126.65161703272209  maxlinkdim=100 maxerr=8.06E-04 time=2.089
After sweep 1 energy=-126.90687595686173  maxlinkdim=100 maxerr=1.99E-10 time=2.211
After sweep 1 energy=-126.93542520432304  maxlinkdim=100 maxerr=3.26E-12 time=2.291
After sweep 1 energy=-126.94431435271488  maxlinkdim=100 maxerr=1.37E-12 time=2.265
After sweep 1 energy=-126.94885778949752  maxlinkdim=100 maxerr=3.30E-13 time=2.112
After sweep 1 energy=-126.95175655597465  maxlinkdim=100 maxerr=1.43E-13 time=2.000
After sweep 1 energy=-126.95403477288649  maxlinkdim=100 maxerr=7.57E-14 time=2.131
After sweep 1 energy=-126.95594841723191  maxlinkdim=100 maxerr=6.76E-14 time=2.071
After sweep 1 energy=-126.95768000164755  maxlinkdim=100 maxerr=5.40E-14 time=1.900
After sweep 1 energy=-126.9590069943929  maxlinkdim=100 maxerr=5.64E-14 time=1.881
-0.23025666547341395After sweep 1 energy=-126.63746583782356  maxlinkdim=100 maxerr=7.59E-04 time=2.249
After sweep 1 energy=-126.88649840167966  maxlinkdim=100 maxerr=7.66E-11 time=2.224
After sweep 1 energy=-126.94405296856692  maxlinkdim=100 maxerr=1.04E-11 time=2.185
After sweep 1 energy=-126.95628900560101  maxlinkdim=100 maxerr=1.33E-12 time=2.134
After sweep 1 energy=-126.95975294864638  maxlinkdim=100 maxerr=4.55E-13 time=2.037
After sweep 1 energy=-126.9609855981238  maxlinkdim=100 maxerr=1.87E-13 time=1.873
After sweep 1 energy=-126.96147877337827  maxlinkdim=100 maxerr=6.84E-14 time=2.052
After sweep 1 energy=-126.96169664345372  maxlinkdim=100 maxerr=2.44E-14 time=1.841
After sweep 1 energy=-126.96179044140314  maxlinkdim=100 maxerr=9.09E-15 time=1.879
After sweep 1 energy=-126.96183667449971  maxlinkdim=100 maxerr=2.74E-15 time=1.608
Numero de qubits: 100 
Dimension max: 200 
Threads (LinearAlgebra) :15
Threads (Julia) :1


-0.06241891766132914After sweep 1 energy=-126.89185155452415  maxlinkdim=200 maxerr=6.59E-04 time=8.371
After sweep 1 energy=-126.93379975349315  maxlinkdim=200 maxerr=8.95E-12 time=7.788
After sweep 1 energy=-126.94212526842924  maxlinkdim=200 maxerr=4.02E-13 time=7.630
After sweep 1 energy=-126.94693931266788  maxlinkdim=200 maxerr=2.59E-13 time=7.536
After sweep 1 energy=-126.95009947658251  maxlinkdim=200 maxerr=2.49E-13 time=7.427
After sweep 1 energy=-126.9524285103377  maxlinkdim=200 maxerr=1.50E-13 time=7.506
After sweep 1 energy=-126.95432587658445  maxlinkdim=200 maxerr=6.21E-14 time=7.463
After sweep 1 energy=-126.95597876679373  maxlinkdim=200 maxerr=4.19E-14 time=7.251
After sweep 1 energy=-126.95742547009009  maxlinkdim=200 maxerr=3.37E-14 time=7.071
After sweep 1 energy=-126.9586623954135  maxlinkdim=200 maxerr=1.77E-14 time=6.826
0.10183678523504239After sweep 1 energy=-126.76635387848465  maxlinkdim=200 maxerr=6.94E-04 time=8.055
After sweep 1 energy=-126.91816553201978  maxlinkdim=200 maxerr=5.57E-12 time=7.831
After sweep 1 energy=-126.94655030357026  maxlinkdim=200 maxerr=4.43E-13 time=7.757
After sweep 1 energy=-126.95394320977049  maxlinkdim=200 maxerr=1.23E-13 time=7.278
After sweep 1 energy=-126.95687095610089  maxlinkdim=200 maxerr=4.00E-14 time=6.820
After sweep 1 energy=-126.95846617160387  maxlinkdim=200 maxerr=3.13E-14 time=6.243
After sweep 1 energy=-126.95953756212951  maxlinkdim=200 maxerr=3.28E-14 time=5.941
After sweep 1 energy=-126.96029668407044  maxlinkdim=200 maxerr=2.22E-14 time=5.441
After sweep 1 energy=-126.96082689290454  maxlinkdim=200 maxerr=1.37E-14 time=5.143
After sweep 1 energy=-126.96118977790434  maxlinkdim=200 maxerr=6.58E-15 time=4.730
-0.23544568008808295After sweep 1 energy=-126.81312213970101  maxlinkdim=200 maxerr=7.21E-04 time=8.005
After sweep 1 energy=-126.92243879379286  maxlinkdim=200 maxerr=2.33E-11 time=7.722
After sweep 1 energy=-126.94072848552311  maxlinkdim=200 maxerr=6.90E-13 time=7.617
After sweep 1 energy=-126.94692593268536  maxlinkdim=200 maxerr=1.30E-12 time=7.373
After sweep 1 energy=-126.95021969698729  maxlinkdim=200 maxerr=4.66E-14 time=6.983
After sweep 1 energy=-126.95256332183591  maxlinkdim=200 maxerr=2.98E-14 time=6.884
After sweep 1 energy=-126.95456786523317  maxlinkdim=200 maxerr=2.29E-14 time=6.724
After sweep 1 energy=-126.95641104426085  maxlinkdim=200 maxerr=2.50E-14 time=6.839
After sweep 1 energy=-126.95788706127816  maxlinkdim=200 maxerr=2.03E-14 time=6.750
After sweep 1 energy=-126.95909973541879  maxlinkdim=200 maxerr=1.22E-14 time=6.404
0.05342675962196016After sweep 1 energy=-126.81792467801777  maxlinkdim=200 maxerr=7.03E-04 time=7.818
After sweep 1 energy=-126.91606996268922  maxlinkdim=200 maxerr=3.64E-11 time=7.836
After sweep 1 energy=-126.93940033250851  maxlinkdim=200 maxerr=2.51E-12 time=7.595
After sweep 1 energy=-126.94800708818693  maxlinkdim=200 maxerr=4.40E-13 time=7.429
After sweep 1 energy=-126.95208009527425  maxlinkdim=200 maxerr=1.71E-13 time=7.309
After sweep 1 energy=-126.95458891849925  maxlinkdim=200 maxerr=4.23E-14 time=7.040
After sweep 1 energy=-126.95652843230037  maxlinkdim=200 maxerr=2.11E-14 time=6.739
After sweep 1 energy=-126.9579913418704  maxlinkdim=200 maxerr=5.31E-15 time=6.675
After sweep 1 energy=-126.9591360275198  maxlinkdim=200 maxerr=4.45E-15 time=6.485
After sweep 1 energy=-126.96003778846462  maxlinkdim=200 maxerr=3.37E-15 time=6.117
-0.06615308998064917After sweep 1 energy=-126.89603547000921  maxlinkdim=200 maxerr=5.97E-04 time=7.751
After sweep 1 energy=-126.94634032250198  maxlinkdim=200 maxerr=1.63E-11 time=7.910
After sweep 1 energy=-126.9542588797761  maxlinkdim=200 maxerr=2.00E-13 time=7.783
After sweep 1 energy=-126.95684041101597  maxlinkdim=200 maxerr=6.24E-14 time=7.282
After sweep 1 energy=-126.95830098800359  maxlinkdim=200 maxerr=5.24E-14 time=6.984
After sweep 1 energy=-126.95933908496868  maxlinkdim=200 maxerr=2.82E-14 time=6.808
After sweep 1 energy=-126.96012099965854  maxlinkdim=200 maxerr=1.10E-14 time=6.848
After sweep 1 energy=-126.96069950792179  maxlinkdim=200 maxerr=6.90E-15 time=6.544
After sweep 1 energy=-126.96111089648852  maxlinkdim=200 maxerr=3.86E-15 time=6.266
After sweep 1 energy=-126.96139655245942  maxlinkdim=200 maxerr=1.61E-15 time=5.821
-0.0229525895286857After sweep 1 energy=-126.66240074649204  maxlinkdim=200 maxerr=5.68E-04 time=7.808
After sweep 1 energy=-126.8149121559561  maxlinkdim=200 maxerr=2.03E-11 time=7.778
After sweep 1 energy=-126.86003312329909  maxlinkdim=200 maxerr=1.67E-12 time=7.853
After sweep 1 energy=-126.8965782715391  maxlinkdim=200 maxerr=3.00E-12 time=7.779
After sweep 1 energy=-126.92458143214321  maxlinkdim=200 maxerr=3.03E-12 time=7.523
After sweep 1 energy=-126.94314478459168  maxlinkdim=200 maxerr=1.41E-12 time=7.441
After sweep 1 energy=-126.95323577412468  maxlinkdim=200 maxerr=9.73E-13 time=7.579
After sweep 1 energy=-126.95813810232221  maxlinkdim=200 maxerr=3.36E-13 time=7.473
After sweep 1 energy=-126.9602150767655  maxlinkdim=200 maxerr=1.66E-13 time=7.085
After sweep 1 energy=-126.96114552593825  maxlinkdim=200 maxerr=4.17E-14 time=6.703
-0.11033003300669633After sweep 1 energy=-126.70109944737064  maxlinkdim=200 maxerr=6.87E-04 time=7.874
After sweep 1 energy=-126.93302302723482  maxlinkdim=200 maxerr=1.29E-11 time=7.921
After sweep 1 energy=-126.95424011479464  maxlinkdim=200 maxerr=2.76E-12 time=7.220
After sweep 1 energy=-126.95899760773348  maxlinkdim=200 maxerr=2.64E-13 time=7.046
After sweep 1 energy=-126.96068768583744  maxlinkdim=200 maxerr=2.75E-14 time=6.827
After sweep 1 energy=-126.96136232180042  maxlinkdim=200 maxerr=1.10E-14 time=6.579
After sweep 1 energy=-126.96163809490642  maxlinkdim=200 maxerr=4.09E-15 time=6.129
After sweep 1 energy=-126.96175869067801  maxlinkdim=198 maxerr=1.00E-15 time=5.365
After sweep 1 energy=-126.96181563449171  maxlinkdim=189 maxerr=9.99E-16 time=4.291
After sweep 1 energy=-126.9618446230754  maxlinkdim=176 maxerr=9.99E-16 time=3.393
0.02670263544598861After sweep 1 energy=-126.80538067679491  maxlinkdim=200 maxerr=6.20E-04 time=7.936
After sweep 1 energy=-126.93263976379717  maxlinkdim=200 maxerr=1.33E-11 time=7.702
After sweep 1 energy=-126.94462493582978  maxlinkdim=200 maxerr=3.72E-13 time=7.644
After sweep 1 energy=-126.9487126176039  maxlinkdim=200 maxerr=8.36E-14 time=7.425
After sweep 1 energy=-126.95124620883091  maxlinkdim=200 maxerr=4.10E-14 time=7.181
After sweep 1 energy=-126.95329999556526  maxlinkdim=200 maxerr=3.45E-14 time=6.983
After sweep 1 energy=-126.95510993259913  maxlinkdim=200 maxerr=3.93E-14 time=6.918
After sweep 1 energy=-126.95669313918354  maxlinkdim=200 maxerr=3.40E-14 time=6.868
After sweep 1 energy=-126.95804692298007  maxlinkdim=200 maxerr=1.85E-14 time=6.713
After sweep 1 energy=-126.95915214883492  maxlinkdim=200 maxerr=1.09E-14 time=6.499
0.20126438575180883After sweep 1 energy=-126.87754408311993  maxlinkdim=200 maxerr=6.15E-04 time=8.032
After sweep 1 energy=-126.9409273727818  maxlinkdim=200 maxerr=1.79E-11 time=7.701
After sweep 1 energy=-126.9474135938762  maxlinkdim=200 maxerr=2.16E-13 time=7.508
After sweep 1 energy=-126.95038219076619  maxlinkdim=200 maxerr=5.83E-14 time=7.372
After sweep 1 energy=-126.95261122034753  maxlinkdim=200 maxerr=3.56E-14 time=7.225
After sweep 1 energy=-126.95445083786683  maxlinkdim=200 maxerr=3.70E-14 time=7.180
After sweep 1 energy=-126.95608743911654  maxlinkdim=200 maxerr=3.95E-14 time=6.932
After sweep 1 energy=-126.95756789390332  maxlinkdim=200 maxerr=3.56E-14 time=7.232
After sweep 1 energy=-126.95886815532275  maxlinkdim=200 maxerr=3.02E-14 time=6.844
After sweep 1 energy=-126.9597969133806  maxlinkdim=200 maxerr=1.07E-14 time=6.700
0.09070455478852929After sweep 1 energy=-126.70111875899659  maxlinkdim=200 maxerr=6.90E-04 time=7.915
After sweep 1 energy=-126.79300738338614  maxlinkdim=200 maxerr=8.87E-12 time=7.751
After sweep 1 energy=-126.83941054228256  maxlinkdim=200 maxerr=1.42E-12 time=7.685
After sweep 1 energy=-126.8863701822286  maxlinkdim=200 maxerr=1.71E-12 time=7.639
After sweep 1 energy=-126.92138499910287  maxlinkdim=200 maxerr=8.11E-13 time=7.565
After sweep 1 energy=-126.94167859102238  maxlinkdim=200 maxerr=5.53E-13 time=7.300
After sweep 1 energy=-126.95143201712203  maxlinkdim=200 maxerr=3.51E-13 time=7.137
After sweep 1 energy=-126.9556176644587  maxlinkdim=200 maxerr=1.37E-13 time=7.122
After sweep 1 energy=-126.95779202870686  maxlinkdim=200 maxerr=3.48E-14 time=7.044
After sweep 1 energy=-126.9591361864604  maxlinkdim=200 maxerr=9.01E-15 time=6.787
Numero de qubits: 100 
Dimension max: 300 
Threads (LinearAlgebra) :15
Threads (Julia) :1


-0.09233131830570131After sweep 1 energy=-126.87452281693469  maxlinkdim=300 maxerr=5.63E-04 time=18.119
After sweep 1 energy=-126.94430767620676  maxlinkdim=300 maxerr=9.85E-12 time=16.984
After sweep 1 energy=-126.95490915254685  maxlinkdim=300 maxerr=1.78E-13 time=16.194
After sweep 1 energy=-126.9583863780082  maxlinkdim=300 maxerr=4.86E-14 time=15.427
After sweep 1 energy=-126.9599246554406  maxlinkdim=300 maxerr=2.69E-14 time=15.387
After sweep 1 energy=-126.96072841136845  maxlinkdim=300 maxerr=9.30E-15 time=15.004
After sweep 1 energy=-126.96117849009728  maxlinkdim=300 maxerr=3.64E-15 time=14.323
After sweep 1 energy=-126.96144095969593  maxlinkdim=300 maxerr=1.29E-15 time=12.600
After sweep 1 energy=-126.96160766006254  maxlinkdim=298 maxerr=9.99E-16 time=10.640
After sweep 1 energy=-126.96171172251941  maxlinkdim=293 maxerr=9.99E-16 time=9.267
-0.06240277725947503After sweep 1 energy=-126.89035080360821  maxlinkdim=300 maxerr=5.93E-04 time=18.164
After sweep 1 energy=-126.95268787195926  maxlinkdim=300 maxerr=1.07E-11 time=18.012
After sweep 1 energy=-126.95919409473753  maxlinkdim=300 maxerr=2.02E-13 time=17.049
After sweep 1 energy=-126.96076796499837  maxlinkdim=300 maxerr=3.26E-14 time=15.658
After sweep 1 energy=-126.96138979464249  maxlinkdim=300 maxerr=1.47E-14 time=14.449
After sweep 1 energy=-126.96164984771477  maxlinkdim=300 maxerr=6.04E-15 time=13.701
After sweep 1 energy=-126.96176659590922  maxlinkdim=300 maxerr=1.74E-15 time=12.135
After sweep 1 energy=-126.96182219736191  maxlinkdim=297 maxerr=1.00E-15 time=10.224
After sweep 1 energy=-126.96185262863371  maxlinkdim=291 maxerr=1.00E-15 time=8.630
After sweep 1 energy=-126.96186638214876  maxlinkdim=277 maxerr=1.00E-15 time=6.879
-0.02760746106220324After sweep 1 energy=-126.80592730624748  maxlinkdim=300 maxerr=5.83E-04 time=18.002
After sweep 1 energy=-126.9343526642919  maxlinkdim=300 maxerr=3.97E-12 time=17.322
After sweep 1 energy=-126.95088927317873  maxlinkdim=300 maxerr=1.63E-13 time=16.111
After sweep 1 energy=-126.95460674811956  maxlinkdim=300 maxerr=3.89E-14 time=13.482
After sweep 1 energy=-126.95649531251449  maxlinkdim=300 maxerr=1.84E-14 time=10.774
After sweep 1 energy=-126.95792224648582  maxlinkdim=300 maxerr=4.74E-15 time=9.882
After sweep 1 energy=-126.9590706311571  maxlinkdim=300 maxerr=4.49E-15 time=9.178
After sweep 1 energy=-126.9599589884664  maxlinkdim=300 maxerr=4.23E-15 time=8.490
After sweep 1 energy=-126.96060379559994  maxlinkdim=300 maxerr=2.52E-15 time=8.180
After sweep 1 energy=-126.96105113326718  maxlinkdim=300 maxerr=1.56E-15 time=7.594
-0.16269269874461342After sweep 1 energy=-126.87879148498033  maxlinkdim=300 maxerr=5.74E-04 time=18.580
After sweep 1 energy=-126.9280752954579  maxlinkdim=300 maxerr=6.11E-12 time=17.512
After sweep 1 energy=-126.93914835854541  maxlinkdim=300 maxerr=1.25E-13 time=16.678
After sweep 1 energy=-126.94500535454294  maxlinkdim=300 maxerr=3.23E-14 time=15.867
After sweep 1 energy=-126.94855900673944  maxlinkdim=300 maxerr=1.77E-14 time=14.351
After sweep 1 energy=-126.95108481395776  maxlinkdim=300 maxerr=1.32E-14 time=11.816
After sweep 1 energy=-126.9532558152616  maxlinkdim=300 maxerr=1.23E-14 time=9.525
After sweep 1 energy=-126.9553123030597  maxlinkdim=300 maxerr=8.84E-15 time=8.428
After sweep 1 energy=-126.95706979185246  maxlinkdim=300 maxerr=4.67E-15 time=7.702
After sweep 1 energy=-126.95849868830912  maxlinkdim=300 maxerr=2.12E-15 time=7.003
-0.04490556487520767After sweep 1 energy=-126.8600886208909  maxlinkdim=300 maxerr=5.35E-04 time=18.164
After sweep 1 energy=-126.9328711296231  maxlinkdim=300 maxerr=1.24E-11 time=17.745
After sweep 1 energy=-126.95041849003671  maxlinkdim=300 maxerr=7.36E-13 time=17.336
After sweep 1 energy=-126.95719520368321  maxlinkdim=300 maxerr=1.98E-13 time=16.600
After sweep 1 energy=-126.95988530853498  maxlinkdim=300 maxerr=5.19E-14 time=15.968
After sweep 1 energy=-126.96103046896955  maxlinkdim=300 maxerr=2.34E-14 time=15.435
After sweep 1 energy=-126.96151170892195  maxlinkdim=300 maxerr=1.20E-14 time=14.803
After sweep 1 energy=-126.96172457917679  maxlinkdim=300 maxerr=3.67E-15 time=13.741
After sweep 1 energy=-126.9618150030234  maxlinkdim=300 maxerr=1.37E-15 time=11.742
After sweep 1 energy=-126.96185322245515  maxlinkdim=293 maxerr=1.00E-15 time=9.283
-0.10774173388303762After sweep 1 energy=-126.84631079435668  maxlinkdim=300 maxerr=5.50E-04 time=18.260
After sweep 1 energy=-126.93991901300005  maxlinkdim=300 maxerr=1.06E-11 time=17.741
After sweep 1 energy=-126.95482634644556  maxlinkdim=300 maxerr=9.68E-13 time=17.181
After sweep 1 energy=-126.95914674496555  maxlinkdim=300 maxerr=1.03E-13 time=16.707
After sweep 1 energy=-126.9607082887539  maxlinkdim=300 maxerr=5.26E-14 time=16.281
After sweep 1 energy=-126.96133931007391  maxlinkdim=300 maxerr=2.92E-14 time=15.307
After sweep 1 energy=-126.96161097650273  maxlinkdim=300 maxerr=6.21E-15 time=13.899
After sweep 1 energy=-126.96172941578988  maxlinkdim=300 maxerr=2.44E-15 time=12.713
After sweep 1 energy=-126.96179091263248  maxlinkdim=300 maxerr=1.04E-15 time=11.592
After sweep 1 energy=-126.96182622140087  maxlinkdim=299 maxerr=1.00E-15 time=10.319
0.15844831765280315After sweep 1 energy=-126.81792335748382  maxlinkdim=300 maxerr=5.84E-04 time=17.782
After sweep 1 energy=-126.93167033136164  maxlinkdim=300 maxerr=2.36E-11 time=17.525
After sweep 1 energy=-126.94973442912021  maxlinkdim=300 maxerr=3.61E-12 time=17.145
After sweep 1 energy=-126.95465482767885  maxlinkdim=300 maxerr=1.07E-13 time=17.137
After sweep 1 energy=-126.95698108372373  maxlinkdim=300 maxerr=3.29E-14 time=16.396
After sweep 1 energy=-126.95851791542202  maxlinkdim=300 maxerr=3.42E-14 time=15.268
After sweep 1 energy=-126.95957065288367  maxlinkdim=300 maxerr=1.47E-14 time=14.656
After sweep 1 energy=-126.9603238698087  maxlinkdim=300 maxerr=8.92E-15 time=13.583
After sweep 1 energy=-126.96089022510922  maxlinkdim=300 maxerr=7.14E-15 time=12.781
After sweep 1 energy=-126.96127407360606  maxlinkdim=300 maxerr=5.74E-15 time=11.659
0.09205168949912079After sweep 1 energy=-126.85744495101495  maxlinkdim=300 maxerr=5.55E-04 time=18.407
After sweep 1 energy=-126.9276709355063  maxlinkdim=300 maxerr=9.32E-12 time=17.302
After sweep 1 energy=-126.94835005612131  maxlinkdim=300 maxerr=6.04E-13 time=16.946
After sweep 1 energy=-126.95683713530843  maxlinkdim=300 maxerr=9.99E-14 time=16.612
After sweep 1 energy=-126.96001393783081  maxlinkdim=300 maxerr=3.41E-14 time=16.195
After sweep 1 energy=-126.96118339810832  maxlinkdim=300 maxerr=1.43E-14 time=15.584
After sweep 1 energy=-126.96162511473739  maxlinkdim=300 maxerr=1.02E-14 time=14.269
After sweep 1 energy=-126.96178168889354  maxlinkdim=300 maxerr=3.09E-15 time=11.927
After sweep 1 energy=-126.96184117821234  maxlinkdim=300 maxerr=9.99E-16 time=9.634
After sweep 1 energy=-126.96186195636228  maxlinkdim=239 maxerr=1.00E-15 time=6.838
-0.22049554227846663After sweep 1 energy=-126.8757864445468  maxlinkdim=300 maxerr=5.61E-04 time=18.032
After sweep 1 energy=-126.9374586501506  maxlinkdim=300 maxerr=1.78E-11 time=17.455
After sweep 1 energy=-126.94874569672778  maxlinkdim=300 maxerr=2.64E-13 time=17.280
After sweep 1 energy=-126.95377386188001  maxlinkdim=300 maxerr=6.47E-14 time=16.971
After sweep 1 energy=-126.95653164755883  maxlinkdim=300 maxerr=3.41E-14 time=16.479
After sweep 1 energy=-126.95823533604529  maxlinkdim=300 maxerr=1.08E-14 time=16.112
After sweep 1 energy=-126.95943290359371  maxlinkdim=300 maxerr=9.43E-15 time=15.271
After sweep 1 energy=-126.96026299569056  maxlinkdim=300 maxerr=9.34E-15 time=14.202
After sweep 1 energy=-126.96084973388258  maxlinkdim=300 maxerr=7.70E-15 time=13.132
After sweep 1 energy=-126.96121768952574  maxlinkdim=300 maxerr=4.79E-15 time=12.042
0.16226048340256916After sweep 1 energy=-126.8612991182596  maxlinkdim=300 maxerr=6.05E-04 time=18.374
After sweep 1 energy=-126.93966274674217  maxlinkdim=300 maxerr=9.19E-12 time=17.325
After sweep 1 energy=-126.95382557676892  maxlinkdim=300 maxerr=5.77E-13 time=17.013
After sweep 1 energy=-126.95884206273402  maxlinkdim=300 maxerr=6.28E-14 time=15.983
After sweep 1 energy=-126.96075289188411  maxlinkdim=300 maxerr=2.29E-14 time=14.581
After sweep 1 energy=-126.96147736570882  maxlinkdim=300 maxerr=1.31E-14 time=13.443
After sweep 1 energy=-126.96173762203024  maxlinkdim=300 maxerr=1.79E-15 time=11.625
After sweep 1 energy=-126.96183040658768  maxlinkdim=293 maxerr=9.97E-16 time=9.494
After sweep 1 energy=-126.96186247309856  maxlinkdim=271 maxerr=1.00E-15 time=7.153
After sweep 1 energy=-126.96187344294786  maxlinkdim=234 maxerr=9.99E-16 time=4.737
Numero de qubits: 100 
Dimension max: 400 
Threads (LinearAlgebra) :15
Threads (Julia) :1


0.025521944733603814After sweep 1 energy=-126.71624732823501  maxlinkdim=400 maxerr=6.02E-04 time=31.575
After sweep 1 energy=-126.84898880244309  maxlinkdim=400 maxerr=4.36E-12 time=30.415
After sweep 1 energy=-126.91045622073503  maxlinkdim=400 maxerr=1.72E-12 time=29.901
After sweep 1 energy=-126.93532103799107  maxlinkdim=400 maxerr=1.36E-13 time=29.799
After sweep 1 energy=-126.9455222104329  maxlinkdim=400 maxerr=3.72E-14 time=29.135
After sweep 1 energy=-126.9506710671433  maxlinkdim=400 maxerr=1.83E-14 time=27.586
After sweep 1 energy=-126.95427365460874  maxlinkdim=400 maxerr=5.20E-15 time=26.041
After sweep 1 energy=-126.95672149025296  maxlinkdim=400 maxerr=7.53E-15 time=25.119
After sweep 1 energy=-126.95850967099126  maxlinkdim=400 maxerr=7.82E-15 time=24.275
After sweep 1 energy=-126.95968366943484  maxlinkdim=400 maxerr=2.54E-15 time=23.160
-0.16078029224270457After sweep 1 energy=-126.5913181726831  maxlinkdim=400 maxerr=6.85E-04 time=31.038
After sweep 1 energy=-126.77805135536897  maxlinkdim=400 maxerr=8.77E-12 time=30.217
After sweep 1 energy=-126.8816259259949  maxlinkdim=400 maxerr=1.28E-12 time=29.752
After sweep 1 energy=-126.9312056323807  maxlinkdim=400 maxerr=6.18E-13 time=28.770
After sweep 1 energy=-126.94937805430739  maxlinkdim=400 maxerr=1.52E-13 time=26.372
After sweep 1 energy=-126.95668251640822  maxlinkdim=400 maxerr=3.79E-14 time=23.298
After sweep 1 energy=-126.95967280509572  maxlinkdim=400 maxerr=2.22E-14 time=19.957
After sweep 1 energy=-126.96095179660448  maxlinkdim=400 maxerr=6.83E-15 time=17.523
After sweep 1 energy=-126.96146034323624  maxlinkdim=400 maxerr=1.22E-15 time=15.969
After sweep 1 energy=-126.96167910522844  maxlinkdim=388 maxerr=9.99E-16 time=13.314
-0.0036189895553949865After sweep 1 energy=-126.8275270589715  maxlinkdim=400 maxerr=5.99E-04 time=31.304
After sweep 1 energy=-126.94027028119747  maxlinkdim=400 maxerr=3.12E-12 time=30.057
After sweep 1 energy=-126.95123967201152  maxlinkdim=400 maxerr=4.81E-14 time=26.151
After sweep 1 energy=-126.95385240460578  maxlinkdim=400 maxerr=1.59E-14 time=17.344
After sweep 1 energy=-126.955715753844  maxlinkdim=400 maxerr=3.42E-15 time=13.124
After sweep 1 energy=-126.95728054959781  maxlinkdim=400 maxerr=2.43E-15 time=11.888
After sweep 1 energy=-126.95857092750565  maxlinkdim=400 maxerr=1.68E-15 time=11.019
After sweep 1 energy=-126.95957685172117  maxlinkdim=399 maxerr=1.00E-15 time=10.577
After sweep 1 energy=-126.96031988990894  maxlinkdim=394 maxerr=9.99E-16 time=9.846
After sweep 1 energy=-126.96085070601933  maxlinkdim=390 maxerr=9.99E-16 time=9.351
-0.04546649017073219After sweep 1 energy=-126.89190706903966  maxlinkdim=400 maxerr=6.34E-04 time=31.695
After sweep 1 energy=-126.9400978196458  maxlinkdim=400 maxerr=6.53E-12 time=30.344
After sweep 1 energy=-126.94714874620692  maxlinkdim=400 maxerr=1.48E-13 time=29.531
After sweep 1 energy=-126.95049787802134  maxlinkdim=400 maxerr=2.96E-14 time=27.682
After sweep 1 energy=-126.95290254098076  maxlinkdim=400 maxerr=1.77E-14 time=25.691
After sweep 1 energy=-126.95491726570543  maxlinkdim=400 maxerr=1.53E-14 time=24.239
After sweep 1 energy=-126.95664014537681  maxlinkdim=400 maxerr=7.36E-15 time=23.230
After sweep 1 energy=-126.95810036662708  maxlinkdim=400 maxerr=4.62E-15 time=22.153
After sweep 1 energy=-126.9592232203024  maxlinkdim=400 maxerr=2.23E-15 time=20.836
After sweep 1 energy=-126.96006230055642  maxlinkdim=400 maxerr=1.05E-15 time=19.760
-0.08327677816871454After sweep 1 energy=-126.90336645716188  maxlinkdim=400 maxerr=5.72E-04 time=31.528
After sweep 1 energy=-126.9470452771335  maxlinkdim=400 maxerr=3.77E-12 time=30.503
After sweep 1 energy=-126.95196945326208  maxlinkdim=400 maxerr=3.05E-13 time=29.849
After sweep 1 energy=-126.95443214552493  maxlinkdim=400 maxerr=3.56E-14 time=29.203
After sweep 1 energy=-126.95628781152324  maxlinkdim=400 maxerr=1.58E-14 time=28.163
After sweep 1 energy=-126.95779887533153  maxlinkdim=400 maxerr=9.21E-15 time=27.594
After sweep 1 energy=-126.95898981284782  maxlinkdim=400 maxerr=5.14E-15 time=26.545
After sweep 1 energy=-126.959900251958  maxlinkdim=400 maxerr=3.79E-15 time=25.211
After sweep 1 energy=-126.96057638547497  maxlinkdim=400 maxerr=2.30E-15 time=23.529
After sweep 1 energy=-126.96104111294197  maxlinkdim=400 maxerr=1.20E-15 time=21.351
-0.06258774424482771After sweep 1 energy=-126.71973266312209  maxlinkdim=400 maxerr=5.85E-04 time=32.124
After sweep 1 energy=-126.93289481642381  maxlinkdim=400 maxerr=1.85E-12 time=29.603
After sweep 1 energy=-126.95174973087647  maxlinkdim=400 maxerr=6.24E-13 time=24.679
After sweep 1 energy=-126.95709886941825  maxlinkdim=400 maxerr=1.52E-14 time=18.101
After sweep 1 energy=-126.95932107148695  maxlinkdim=400 maxerr=4.82E-15 time=14.650
After sweep 1 energy=-126.96040490208411  maxlinkdim=400 maxerr=3.02E-15 time=13.142
After sweep 1 energy=-126.96099162474854  maxlinkdim=400 maxerr=1.65E-15 time=12.161
After sweep 1 energy=-126.96132968078824  maxlinkdim=399 maxerr=9.99E-16 time=10.917
After sweep 1 energy=-126.96153574663204  maxlinkdim=396 maxerr=9.98E-16 time=9.896
After sweep 1 energy=-126.9616642462468  maxlinkdim=391 maxerr=1.00E-15 time=8.900
0.03262067392674563After sweep 1 energy=-126.76221606356634  maxlinkdim=400 maxerr=6.29E-04 time=31.365
After sweep 1 energy=-126.90281741841173  maxlinkdim=400 maxerr=9.91E-12 time=30.413
After sweep 1 energy=-126.93911263647605  maxlinkdim=400 maxerr=3.88E-12 time=30.055
After sweep 1 energy=-126.94863255414421  maxlinkdim=400 maxerr=8.61E-14 time=28.925
After sweep 1 energy=-126.95226992622995  maxlinkdim=400 maxerr=1.13E-14 time=25.389
After sweep 1 energy=-126.95454199867326  maxlinkdim=400 maxerr=6.94E-15 time=21.417
After sweep 1 energy=-126.9563861160605  maxlinkdim=400 maxerr=2.64E-15 time=18.371
After sweep 1 energy=-126.95792071045673  maxlinkdim=400 maxerr=1.00E-15 time=15.880
After sweep 1 energy=-126.95915598534536  maxlinkdim=400 maxerr=2.85E-15 time=13.484
After sweep 1 energy=-126.96008063434229  maxlinkdim=399 maxerr=1.00E-15 time=11.303
-0.08868377372083598After sweep 1 energy=-126.88043226447569  maxlinkdim=400 maxerr=6.13E-04 time=32.240
After sweep 1 energy=-126.93840691087519  maxlinkdim=400 maxerr=7.44E-12 time=30.638
After sweep 1 energy=-126.948078832047  maxlinkdim=400 maxerr=3.56E-13 time=30.161
After sweep 1 energy=-126.95219174517446  maxlinkdim=400 maxerr=6.56E-14 time=29.014
After sweep 1 energy=-126.95466982386435  maxlinkdim=400 maxerr=4.46E-14 time=28.120
After sweep 1 energy=-126.95648255372049  maxlinkdim=400 maxerr=2.54E-14 time=27.332
After sweep 1 energy=-126.95791474886096  maxlinkdim=400 maxerr=1.52E-14 time=26.405
After sweep 1 energy=-126.95905461996013  maxlinkdim=400 maxerr=7.46E-15 time=25.707
After sweep 1 energy=-126.95993651154784  maxlinkdim=400 maxerr=5.98E-15 time=24.975
After sweep 1 energy=-126.96058563799326  maxlinkdim=400 maxerr=7.69E-15 time=23.906
-0.15894933545779788After sweep 1 energy=-126.7821161803369  maxlinkdim=400 maxerr=5.99E-04 time=32.087
After sweep 1 energy=-126.90643682343725  maxlinkdim=400 maxerr=5.91E-12 time=30.560
After sweep 1 energy=-126.93443456386788  maxlinkdim=400 maxerr=9.57E-13 time=29.699
After sweep 1 energy=-126.94381435850396  maxlinkdim=400 maxerr=3.98E-14 time=28.431
After sweep 1 energy=-126.94842946971539  maxlinkdim=400 maxerr=1.17E-14 time=24.390
After sweep 1 energy=-126.95149050745849  maxlinkdim=400 maxerr=3.72E-15 time=18.868
After sweep 1 energy=-126.95390551032133  maxlinkdim=400 maxerr=1.54E-15 time=14.658
After sweep 1 energy=-126.95603217040606  maxlinkdim=399 maxerr=9.99E-16 time=12.061
After sweep 1 energy=-126.95775189681133  maxlinkdim=321 maxerr=1.00E-15 time=9.471
After sweep 1 energy=-126.95906033466024  maxlinkdim=282 maxerr=9.99E-16 time=6.477
-0.0028653206448445725After sweep 1 energy=-126.90159005706079  maxlinkdim=400 maxerr=6.55E-04 time=31.368
After sweep 1 energy=-126.93642664742094  maxlinkdim=400 maxerr=6.12E-12 time=30.269
After sweep 1 energy=-126.94394996564894  maxlinkdim=400 maxerr=1.54E-13 time=29.474
After sweep 1 energy=-126.9480820180503  maxlinkdim=400 maxerr=2.82E-14 time=27.244
After sweep 1 energy=-126.95076196583923  maxlinkdim=400 maxerr=1.26E-14 time=25.344
After sweep 1 energy=-126.95286417255777  maxlinkdim=400 maxerr=7.22E-15 time=23.273
After sweep 1 energy=-126.95474296541  maxlinkdim=400 maxerr=3.67E-15 time=21.270
After sweep 1 energy=-126.95659740749566  maxlinkdim=400 maxerr=4.62E-15 time=20.329
After sweep 1 energy=-126.95807696416156  maxlinkdim=400 maxerr=1.88E-15 time=19.025
After sweep 1 energy=-126.95925474499751  maxlinkdim=399 maxerr=9.99E-16 time=17.518
Numero de qubits: 100 
Dimension max: 500 
Threads (LinearAlgebra) :15
Threads (Julia) :1


0.09482554502845407After sweep 1 energy=-126.81798158837188  maxlinkdim=500 maxerr=6.97E-04 time=48.517
After sweep 1 energy=-126.91986098948742  maxlinkdim=500 maxerr=4.78E-12 time=46.365
After sweep 1 energy=-126.943455769164  maxlinkdim=500 maxerr=1.30E-13 time=43.082
After sweep 1 energy=-126.94861481929131  maxlinkdim=500 maxerr=1.65E-14 time=35.013
After sweep 1 energy=-126.95152923736795  maxlinkdim=500 maxerr=1.44E-14 time=30.141
After sweep 1 energy=-126.95371766697949  maxlinkdim=500 maxerr=8.26E-15 time=28.729
After sweep 1 energy=-126.95557593453083  maxlinkdim=500 maxerr=7.63E-15 time=27.846
After sweep 1 energy=-126.95715300258816  maxlinkdim=500 maxerr=6.31E-15 time=26.700
After sweep 1 energy=-126.95845167453999  maxlinkdim=500 maxerr=4.95E-15 time=25.767
After sweep 1 energy=-126.95947372925055  maxlinkdim=500 maxerr=3.11E-15 time=24.581
0.04223437228829055After sweep 1 energy=-126.78921323370783  maxlinkdim=500 maxerr=6.78E-04 time=48.484
After sweep 1 energy=-126.92773361764421  maxlinkdim=500 maxerr=3.30E-12 time=46.011
After sweep 1 energy=-126.9491596261175  maxlinkdim=500 maxerr=1.92E-12 time=44.886
After sweep 1 energy=-126.95601826766763  maxlinkdim=500 maxerr=4.18E-14 time=43.872
After sweep 1 energy=-126.9589586512669  maxlinkdim=500 maxerr=6.44E-15 time=38.179
After sweep 1 energy=-126.96031852039306  maxlinkdim=500 maxerr=2.78E-15 time=28.427
After sweep 1 energy=-126.96101072376348  maxlinkdim=494 maxerr=9.99E-16 time=22.218
After sweep 1 energy=-126.96140902465923  maxlinkdim=474 maxerr=9.99E-16 time=17.282
After sweep 1 energy=-126.96160988203223  maxlinkdim=355 maxerr=1.00E-15 time=11.670
After sweep 1 energy=-126.96172780479756  maxlinkdim=316 maxerr=9.99E-16 time=7.879
-0.046752649922182844After sweep 1 energy=-126.89964963840188  maxlinkdim=500 maxerr=7.13E-04 time=48.395
After sweep 1 energy=-126.94881701997879  maxlinkdim=500 maxerr=7.53E-12 time=46.123
After sweep 1 energy=-126.9557419923967  maxlinkdim=500 maxerr=1.63E-13 time=44.163
After sweep 1 energy=-126.95817344630524  maxlinkdim=500 maxerr=2.65E-14 time=39.317
After sweep 1 energy=-126.9594617546684  maxlinkdim=500 maxerr=5.89E-15 time=32.150
After sweep 1 energy=-126.96035925152724  maxlinkdim=500 maxerr=6.15E-15 time=28.378
After sweep 1 energy=-126.96091601768093  maxlinkdim=500 maxerr=3.39E-15 time=24.930
After sweep 1 energy=-126.96126771115776  maxlinkdim=500 maxerr=1.14E-15 time=21.290
After sweep 1 energy=-126.96148987365635  maxlinkdim=498 maxerr=1.00E-15 time=18.077
After sweep 1 energy=-126.96163670532243  maxlinkdim=489 maxerr=9.99E-16 time=15.444
-0.06400323153145074After sweep 1 energy=-126.90219764766228  maxlinkdim=500 maxerr=6.42E-04 time=48.111
After sweep 1 energy=-126.95338370236682  maxlinkdim=500 maxerr=5.20E-12 time=45.283
After sweep 1 energy=-126.95963534318184  maxlinkdim=500 maxerr=6.02E-14 time=42.113
After sweep 1 energy=-126.96115497783913  maxlinkdim=500 maxerr=7.32E-15 time=34.923
After sweep 1 energy=-126.96161875464085  maxlinkdim=488 maxerr=1.01E-15 time=25.559
After sweep 1 energy=-126.96178430058691  maxlinkdim=444 maxerr=1.00E-15 time=18.653
After sweep 1 energy=-126.9618452521007  maxlinkdim=414 maxerr=1.00E-15 time=13.875
After sweep 1 energy=-126.96186675393238  maxlinkdim=352 maxerr=1.00E-15 time=9.364
After sweep 1 energy=-126.9618744207268  maxlinkdim=269 maxerr=1.00E-15 time=5.782
After sweep 1 energy=-126.9618762839739  maxlinkdim=198 maxerr=9.99E-16 time=2.878
0.08623860673962148After sweep 1 energy=-126.87167434493422  maxlinkdim=500 maxerr=7.13E-04 time=47.337
After sweep 1 energy=-126.95035568295569  maxlinkdim=500 maxerr=8.72E-12 time=46.115
After sweep 1 energy=-126.95932400346975  maxlinkdim=500 maxerr=3.21E-13 time=45.441
After sweep 1 energy=-126.9610079798152  maxlinkdim=500 maxerr=2.10E-14 time=44.537
After sweep 1 energy=-126.96151371072618  maxlinkdim=500 maxerr=9.80E-15 time=41.603
After sweep 1 energy=-126.96169598198031  maxlinkdim=500 maxerr=3.57E-15 time=35.324
After sweep 1 energy=-126.96177909260338  maxlinkdim=500 maxerr=1.45E-15 time=28.435
After sweep 1 energy=-126.96182183792124  maxlinkdim=489 maxerr=1.00E-15 time=22.542
After sweep 1 energy=-126.96184525108025  maxlinkdim=462 maxerr=1.00E-15 time=17.621
After sweep 1 energy=-126.96185884194263  maxlinkdim=391 maxerr=9.99E-16 time=13.550
0.0519713400760027After sweep 1 energy=-126.81420113594666  maxlinkdim=500 maxerr=6.37E-04 time=48.059
After sweep 1 energy=-126.90761557782356  maxlinkdim=500 maxerr=1.74E-12 time=45.287
After sweep 1 energy=-126.93519776544305  maxlinkdim=500 maxerr=1.21E-13 time=36.430
After sweep 1 energy=-126.94600992501029  maxlinkdim=486 maxerr=7.21E-15 time=21.951
After sweep 1 energy=-126.95147357962314  maxlinkdim=402 maxerr=9.99E-16 time=13.280
After sweep 1 energy=-126.95472673964512  maxlinkdim=347 maxerr=1.00E-15 time=9.693
After sweep 1 energy=-126.9570388315823  maxlinkdim=336 maxerr=1.00E-15 time=8.189
After sweep 1 energy=-126.95856294545212  maxlinkdim=324 maxerr=1.00E-15 time=7.145
After sweep 1 energy=-126.95965073101677  maxlinkdim=295 maxerr=9.99E-16 time=6.399
After sweep 1 energy=-126.96040992243601  maxlinkdim=272 maxerr=9.98E-16 time=5.891
-0.04973127729587686After sweep 1 energy=-126.81956933137825  maxlinkdim=500 maxerr=6.41E-04 time=48.144
After sweep 1 energy=-126.95126665897536  maxlinkdim=500 maxerr=4.75E-12 time=42.342
After sweep 1 energy=-126.9594691006968  maxlinkdim=500 maxerr=2.23E-14 time=33.102
After sweep 1 energy=-126.96102210423498  maxlinkdim=500 maxerr=1.57E-15 time=23.590
After sweep 1 energy=-126.96150690900781  maxlinkdim=500 maxerr=1.08E-15 time=18.697
After sweep 1 energy=-126.9616900415661  maxlinkdim=481 maxerr=9.99E-16 time=15.361
After sweep 1 energy=-126.96177317765874  maxlinkdim=461 maxerr=9.99E-16 time=12.354
After sweep 1 energy=-126.96181659250573  maxlinkdim=441 maxerr=1.00E-15 time=10.443
After sweep 1 energy=-126.9618420583671  maxlinkdim=417 maxerr=1.00E-15 time=8.800
After sweep 1 energy=-126.96185740205044  maxlinkdim=392 maxerr=1.00E-15 time=7.615
0.04587283240221926After sweep 1 energy=-126.88398908870626  maxlinkdim=500 maxerr=6.30E-04 time=47.660
After sweep 1 energy=-126.9298037532778  maxlinkdim=500 maxerr=5.02E-12 time=45.628
After sweep 1 energy=-126.94268890494551  maxlinkdim=500 maxerr=2.54E-14 time=39.047
After sweep 1 energy=-126.94856303312758  maxlinkdim=500 maxerr=4.07E-14 time=30.115
After sweep 1 energy=-126.95193042441244  maxlinkdim=498 maxerr=1.31E-15 time=23.361
After sweep 1 energy=-126.95437170803388  maxlinkdim=494 maxerr=1.37E-15 time=18.991
After sweep 1 energy=-126.95633414329862  maxlinkdim=481 maxerr=1.00E-15 time=16.726
After sweep 1 energy=-126.9579253602545  maxlinkdim=470 maxerr=1.00E-15 time=15.320
After sweep 1 energy=-126.95917119888949  maxlinkdim=456 maxerr=9.99E-16 time=14.091
After sweep 1 energy=-126.96010820258437  maxlinkdim=440 maxerr=9.98E-16 time=12.872
-0.008607644139813369After sweep 1 energy=-126.89905103141334  maxlinkdim=500 maxerr=6.78E-04 time=48.131
After sweep 1 energy=-126.94869625159173  maxlinkdim=500 maxerr=9.66E-12 time=45.995
After sweep 1 energy=-126.95577847984516  maxlinkdim=500 maxerr=2.94E-13 time=45.225
After sweep 1 energy=-126.95857679208123  maxlinkdim=500 maxerr=2.13E-14 time=41.044
After sweep 1 energy=-126.95998128057944  maxlinkdim=500 maxerr=4.12E-15 time=30.504
After sweep 1 energy=-126.9607748384851  maxlinkdim=500 maxerr=1.66E-15 time=23.565
After sweep 1 energy=-126.9612278715461  maxlinkdim=485 maxerr=9.99E-16 time=19.390
After sweep 1 energy=-126.9614983487693  maxlinkdim=456 maxerr=1.00E-15 time=15.406
After sweep 1 energy=-126.96166313443362  maxlinkdim=398 maxerr=1.00E-15 time=11.518
After sweep 1 energy=-126.96175076709531  maxlinkdim=351 maxerr=9.99E-16 time=8.750
0.06678427903226274After sweep 1 energy=-126.80295244793417  maxlinkdim=500 maxerr=6.11E-04 time=47.809
After sweep 1 energy=-126.88606637151082  maxlinkdim=500 maxerr=3.40E-12 time=45.331
After sweep 1 energy=-126.92165387591024  maxlinkdim=500 maxerr=5.48E-13 time=43.136
After sweep 1 energy=-126.93951497374232  maxlinkdim=500 maxerr=1.93E-14 time=39.250
After sweep 1 energy=-126.9487787480237  maxlinkdim=500 maxerr=6.21E-15 time=33.352
After sweep 1 energy=-126.95419108145049  maxlinkdim=500 maxerr=8.01E-15 time=28.038
After sweep 1 energy=-126.95737476981182  maxlinkdim=500 maxerr=3.33E-15 time=24.535
After sweep 1 energy=-126.95923434539333  maxlinkdim=491 maxerr=9.98E-16 time=21.274
After sweep 1 energy=-126.96030522291429  maxlinkdim=460 maxerr=9.99E-16 time=17.531
After sweep 1 energy=-126.96097976665135  maxlinkdim=420 maxerr=1.00E-15 time=13.940
Numero de qubits: 100 
Dimension max: 600 
Threads (LinearAlgebra) :15
Threads (Julia) :1


0.017567396142388614After sweep 1 energy=-126.80916776849038  maxlinkdim=600 maxerr=4.96E-04 time=70.549
After sweep 1 energy=-126.94035104616475  maxlinkdim=600 maxerr=4.98E-12 time=62.128
After sweep 1 energy=-126.95217301220612  maxlinkdim=600 maxerr=7.12E-14 time=38.407
After sweep 1 energy=-126.95612877267413  maxlinkdim=600 maxerr=1.34E-15 time=19.376
After sweep 1 energy=-126.95815326456373  maxlinkdim=596 maxerr=1.00E-15 time=15.063
After sweep 1 energy=-126.95942931607323  maxlinkdim=585 maxerr=1.00E-15 time=13.540
After sweep 1 energy=-126.96028766181301  maxlinkdim=578 maxerr=1.00E-15 time=12.461
After sweep 1 energy=-126.96086807107882  maxlinkdim=565 maxerr=9.98E-16 time=11.405
After sweep 1 energy=-126.96125751742144  maxlinkdim=548 maxerr=1.00E-15 time=10.436
After sweep 1 energy=-126.96151220051053  maxlinkdim=524 maxerr=9.99E-16 time=8.862
0.0826797900863834After sweep 1 energy=-126.88845780498706  maxlinkdim=600 maxerr=4.79E-04 time=70.291
After sweep 1 energy=-126.93372210047843  maxlinkdim=600 maxerr=1.21E-11 time=66.511
After sweep 1 energy=-126.9447852776755  maxlinkdim=600 maxerr=1.73E-13 time=63.954
After sweep 1 energy=-126.95013782490615  maxlinkdim=600 maxerr=1.92E-14 time=58.972
After sweep 1 energy=-126.95354214064993  maxlinkdim=600 maxerr=7.21E-15 time=53.413
After sweep 1 energy=-126.95592203992345  maxlinkdim=600 maxerr=3.56E-15 time=47.589
After sweep 1 energy=-126.95769906270496  maxlinkdim=600 maxerr=2.00E-15 time=43.401
After sweep 1 energy=-126.95901359969518  maxlinkdim=599 maxerr=1.00E-15 time=39.911
After sweep 1 energy=-126.9599693987419  maxlinkdim=595 maxerr=9.99E-16 time=36.349
After sweep 1 energy=-126.96064117251535  maxlinkdim=589 maxerr=1.00E-15 time=32.517
-0.017272298602669364After sweep 1 energy=-126.71048774994978  maxlinkdim=600 maxerr=5.20E-04 time=69.538
After sweep 1 energy=-126.81332545703408  maxlinkdim=600 maxerr=1.28E-11 time=65.570
After sweep 1 energy=-126.86139810212124  maxlinkdim=600 maxerr=1.20E-12 time=64.646
After sweep 1 energy=-126.90512958098488  maxlinkdim=600 maxerr=6.98E-13 time=64.642
After sweep 1 energy=-126.93580060408932  maxlinkdim=600 maxerr=7.17E-14 time=64.344
After sweep 1 energy=-126.95136778585716  maxlinkdim=600 maxerr=3.16E-14 time=62.234
After sweep 1 energy=-126.95770152511167  maxlinkdim=600 maxerr=9.88E-15 time=58.938
After sweep 1 energy=-126.96015844346451  maxlinkdim=600 maxerr=6.67E-15 time=54.633
After sweep 1 energy=-126.96110675836535  maxlinkdim=600 maxerr=2.42E-15 time=52.036
After sweep 1 energy=-126.96149632438284  maxlinkdim=597 maxerr=1.00E-15 time=46.616
0.04121439124067211After sweep 1 energy=-126.88884428997665  maxlinkdim=600 maxerr=5.10E-04 time=68.031
After sweep 1 energy=-126.9388188127999  maxlinkdim=600 maxerr=1.95E-12 time=65.370
After sweep 1 energy=-126.95058433647274  maxlinkdim=600 maxerr=2.47E-13 time=63.552
After sweep 1 energy=-126.95576365955289  maxlinkdim=600 maxerr=3.66E-14 time=61.589
After sweep 1 energy=-126.95838872224394  maxlinkdim=600 maxerr=1.96E-14 time=55.957
After sweep 1 energy=-126.95981986330301  maxlinkdim=600 maxerr=9.24E-15 time=48.168
After sweep 1 energy=-126.96065277469452  maxlinkdim=600 maxerr=2.33E-15 time=41.059
After sweep 1 energy=-126.96113977274473  maxlinkdim=593 maxerr=1.00E-15 time=33.433
After sweep 1 energy=-126.96143264022365  maxlinkdim=558 maxerr=1.00E-15 time=26.379
After sweep 1 energy=-126.96160591066811  maxlinkdim=514 maxerr=1.00E-15 time=20.308
0.032680391872575584After sweep 1 energy=-126.90057878206417  maxlinkdim=600 maxerr=5.04E-04 time=69.812
After sweep 1 energy=-126.94478460593461  maxlinkdim=600 maxerr=1.98E-12 time=65.055
After sweep 1 energy=-126.95040112381275  maxlinkdim=600 maxerr=5.63E-14 time=63.622
After sweep 1 energy=-126.9534205690388  maxlinkdim=600 maxerr=4.44E-15 time=59.404
After sweep 1 energy=-126.95565529226296  maxlinkdim=600 maxerr=3.09E-15 time=52.041
After sweep 1 energy=-126.95739949286039  maxlinkdim=600 maxerr=2.27E-15 time=45.703
After sweep 1 energy=-126.9587516898222  maxlinkdim=600 maxerr=1.04E-15 time=40.315
After sweep 1 energy=-126.95977574914274  maxlinkdim=592 maxerr=1.00E-15 time=35.482
After sweep 1 energy=-126.96052686835077  maxlinkdim=582 maxerr=1.00E-15 time=30.897
After sweep 1 energy=-126.96106287049508  maxlinkdim=565 maxerr=9.99E-16 time=25.589
0.012584983927540051After sweep 1 energy=-126.84613073605252  maxlinkdim=600 maxerr=5.27E-04 time=68.542
After sweep 1 energy=-126.94606500359563  maxlinkdim=600 maxerr=3.37E-12 time=64.172
After sweep 1 energy=-126.95443061868046  maxlinkdim=600 maxerr=1.57E-13 time=55.864
After sweep 1 energy=-126.95755359490357  maxlinkdim=600 maxerr=1.43E-14 time=47.364
After sweep 1 energy=-126.95923223804651  maxlinkdim=600 maxerr=5.51E-15 time=44.199
After sweep 1 energy=-126.9602162976972  maxlinkdim=600 maxerr=2.29E-15 time=40.103
After sweep 1 energy=-126.96082830343497  maxlinkdim=599 maxerr=1.23E-15 time=35.537
After sweep 1 energy=-126.96121655658378  maxlinkdim=591 maxerr=1.00E-15 time=30.954
After sweep 1 energy=-126.96147421671425  maxlinkdim=580 maxerr=1.00E-15 time=26.758
After sweep 1 energy=-126.96165581322785  maxlinkdim=562 maxerr=1.00E-15 time=22.851
-0.005878519194695033After sweep 1 energy=-126.89358439567937  maxlinkdim=600 maxerr=5.23E-04 time=68.121
After sweep 1 energy=-126.94925319607519  maxlinkdim=600 maxerr=4.93E-12 time=64.551
After sweep 1 energy=-126.95877753354155  maxlinkdim=600 maxerr=6.67E-14 time=60.304
After sweep 1 energy=-126.96102246628949  maxlinkdim=600 maxerr=8.71E-15 time=47.754
After sweep 1 energy=-126.9616109296237  maxlinkdim=585 maxerr=3.83E-15 time=33.388
After sweep 1 energy=-126.96177460181582  maxlinkdim=562 maxerr=1.00E-15 time=23.043
After sweep 1 energy=-126.96183090360822  maxlinkdim=514 maxerr=1.00E-15 time=15.885
After sweep 1 energy=-126.96185270546155  maxlinkdim=444 maxerr=9.99E-16 time=11.054
After sweep 1 energy=-126.96186354796993  maxlinkdim=377 maxerr=9.99E-16 time=7.757
After sweep 1 energy=-126.96186954644214  maxlinkdim=317 maxerr=9.99E-16 time=5.752
-0.028630999767622487After sweep 1 energy=-126.81373424763792  maxlinkdim=600 maxerr=5.19E-04 time=70.148
After sweep 1 energy=-126.93545376373704  maxlinkdim=600 maxerr=5.85E-12 time=65.639
After sweep 1 energy=-126.95586373857508  maxlinkdim=600 maxerr=2.45E-13 time=64.011
After sweep 1 energy=-126.95983144703428  maxlinkdim=600 maxerr=1.49E-14 time=61.492
After sweep 1 energy=-126.9610253019576  maxlinkdim=600 maxerr=3.78E-15 time=53.875
After sweep 1 energy=-126.96147221892885  maxlinkdim=600 maxerr=1.52E-15 time=45.997
After sweep 1 energy=-126.96166024960816  maxlinkdim=592 maxerr=1.00E-15 time=38.283
After sweep 1 energy=-126.96175344418153  maxlinkdim=573 maxerr=1.00E-15 time=31.473
After sweep 1 energy=-126.96180422463429  maxlinkdim=546 maxerr=1.00E-15 time=26.054
After sweep 1 energy=-126.96183446139196  maxlinkdim=507 maxerr=1.00E-15 time=21.079
-0.026090513816775376After sweep 1 energy=-126.76777517294622  maxlinkdim=600 maxerr=5.13E-04 time=70.464
After sweep 1 energy=-126.93855431820833  maxlinkdim=600 maxerr=1.75E-12 time=57.734
After sweep 1 energy=-126.95478706184541  maxlinkdim=571 maxerr=1.95E-15 time=31.438
After sweep 1 energy=-126.95829203729225  maxlinkdim=554 maxerr=1.00E-15 time=15.272
After sweep 1 energy=-126.95978889784055  maxlinkdim=508 maxerr=9.99E-16 time=10.552
After sweep 1 energy=-126.96058651376116  maxlinkdim=467 maxerr=1.00E-15 time=7.872
After sweep 1 energy=-126.96106530921371  maxlinkdim=439 maxerr=1.00E-15 time=6.752
After sweep 1 energy=-126.96136670834146  maxlinkdim=411 maxerr=9.98E-16 time=5.825
After sweep 1 energy=-126.96156226528203  maxlinkdim=384 maxerr=1.00E-15 time=4.986
After sweep 1 energy=-126.96169644895093  maxlinkdim=355 maxerr=1.00E-15 time=4.410
-0.1197921314340843After sweep 1 energy=-126.80619094808104  maxlinkdim=600 maxerr=5.56E-04 time=70.062
After sweep 1 energy=-126.9252378737069  maxlinkdim=600 maxerr=1.46E-11 time=65.637
After sweep 1 energy=-126.94062647962532  maxlinkdim=600 maxerr=8.92E-13 time=64.739
After sweep 1 energy=-126.94545170119711  maxlinkdim=600 maxerr=6.80E-14 time=63.421
After sweep 1 energy=-126.94861290004032  maxlinkdim=600 maxerr=3.11E-14 time=62.160
After sweep 1 energy=-126.95121917431547  maxlinkdim=600 maxerr=1.77E-14 time=61.196
After sweep 1 energy=-126.95341905452774  maxlinkdim=600 maxerr=7.72E-15 time=59.576
After sweep 1 energy=-126.95534617341816  maxlinkdim=600 maxerr=6.99E-15 time=56.358
After sweep 1 energy=-126.95702381176024  maxlinkdim=600 maxerr=7.29E-15 time=53.517
After sweep 1 energy=-126.95840610121253  maxlinkdim=600 maxerr=6.87E-15 time=52.130
Numero de qubits: 100 
Dimension max: 700 
Threads (LinearAlgebra) :15
Threads (Julia) :1


-0.0029657711113780087After sweep 1 energy=-126.778418148232  maxlinkdim=700 maxerr=5.58E-04 time=97.090
After sweep 1 energy=-126.91053303127204  maxlinkdim=700 maxerr=1.05E-11 time=90.114
After sweep 1 energy=-126.93940530817963  maxlinkdim=700 maxerr=2.31E-13 time=87.191
After sweep 1 energy=-126.94753489136345  maxlinkdim=700 maxerr=6.53E-14 time=84.446
After sweep 1 energy=-126.95115176217284  maxlinkdim=700 maxerr=2.52E-14 time=81.792
After sweep 1 energy=-126.95341779994729  maxlinkdim=700 maxerr=1.15E-14 time=76.860
After sweep 1 energy=-126.95529560391311  maxlinkdim=700 maxerr=1.48E-14 time=66.550
After sweep 1 energy=-126.95689599979194  maxlinkdim=700 maxerr=5.72E-15 time=58.350
After sweep 1 energy=-126.95827295759234  maxlinkdim=700 maxerr=2.20E-15 time=54.732
After sweep 1 energy=-126.95937485481284  maxlinkdim=700 maxerr=1.19E-15 time=51.326
0.03760653628757965After sweep 1 energy=-126.64885866720596  maxlinkdim=700 maxerr=5.23E-04 time=94.202
After sweep 1 energy=-126.86090120958937  maxlinkdim=700 maxerr=4.06E-12 time=87.755
After sweep 1 energy=-126.9371376827769  maxlinkdim=700 maxerr=1.51E-12 time=83.628
After sweep 1 energy=-126.95362760029248  maxlinkdim=700 maxerr=9.40E-14 time=76.474
After sweep 1 energy=-126.95872139472645  maxlinkdim=700 maxerr=1.66E-14 time=67.990
After sweep 1 energy=-126.96037742580012  maxlinkdim=700 maxerr=2.94E-15 time=58.069
After sweep 1 energy=-126.96110596938223  maxlinkdim=696 maxerr=1.00E-15 time=44.393
After sweep 1 energy=-126.96147262595696  maxlinkdim=657 maxerr=9.99E-16 time=32.711
After sweep 1 energy=-126.96165407967248  maxlinkdim=605 maxerr=1.00E-15 time=24.225
After sweep 1 energy=-126.96175196322774  maxlinkdim=553 maxerr=1.00E-15 time=18.810
-0.11306037391869778After sweep 1 energy=-126.89109138521664  maxlinkdim=700 maxerr=5.58E-04 time=93.942
After sweep 1 energy=-126.93694067144014  maxlinkdim=700 maxerr=9.49E-12 time=89.055
After sweep 1 energy=-126.95049939045538  maxlinkdim=700 maxerr=3.63E-13 time=87.553
After sweep 1 energy=-126.95620154957028  maxlinkdim=700 maxerr=3.73E-14 time=84.707
After sweep 1 energy=-126.95892194644645  maxlinkdim=700 maxerr=1.79E-14 time=76.614
After sweep 1 energy=-126.96033365718665  maxlinkdim=700 maxerr=7.86E-15 time=69.733
After sweep 1 energy=-126.96102237292135  maxlinkdim=700 maxerr=3.18E-15 time=63.781
After sweep 1 energy=-126.96140316811821  maxlinkdim=700 maxerr=1.64E-15 time=56.428
After sweep 1 energy=-126.9616028034526  maxlinkdim=687 maxerr=1.00E-15 time=49.359
After sweep 1 energy=-126.96171656695759  maxlinkdim=674 maxerr=1.00E-15 time=42.386
0.006649134134145656After sweep 1 energy=-126.8701394137323  maxlinkdim=700 maxerr=5.37E-04 time=94.786
After sweep 1 energy=-126.94755581203225  maxlinkdim=700 maxerr=1.75E-12 time=85.199
After sweep 1 energy=-126.95447938820894  maxlinkdim=700 maxerr=4.58E-14 time=73.220
After sweep 1 energy=-126.9566954461308  maxlinkdim=700 maxerr=8.34E-15 time=66.334
After sweep 1 energy=-126.95813021690243  maxlinkdim=700 maxerr=4.04E-15 time=59.970
After sweep 1 energy=-126.95923042095063  maxlinkdim=700 maxerr=2.36E-15 time=53.499
After sweep 1 energy=-126.96006367287065  maxlinkdim=700 maxerr=1.38E-15 time=48.689
After sweep 1 energy=-126.96066973123094  maxlinkdim=697 maxerr=1.00E-15 time=44.516
After sweep 1 energy=-126.96109929071099  maxlinkdim=687 maxerr=1.00E-15 time=40.789
After sweep 1 energy=-126.96138715590544  maxlinkdim=672 maxerr=9.97E-16 time=37.050
0.06212817559298921After sweep 1 energy=-126.89144106909495  maxlinkdim=700 maxerr=4.95E-04 time=96.612
After sweep 1 energy=-126.94948328584334  maxlinkdim=700 maxerr=2.12E-12 time=89.446
After sweep 1 energy=-126.95892541560903  maxlinkdim=700 maxerr=1.59E-13 time=84.880
After sweep 1 energy=-126.96094003581541  maxlinkdim=700 maxerr=6.33E-15 time=68.036
After sweep 1 energy=-126.96156514613784  maxlinkdim=695 maxerr=2.62E-15 time=46.268
After sweep 1 energy=-126.9617716373092  maxlinkdim=678 maxerr=1.00E-15 time=34.027
After sweep 1 energy=-126.96184235775726  maxlinkdim=647 maxerr=9.99E-16 time=25.805
After sweep 1 energy=-126.96186596089774  maxlinkdim=592 maxerr=1.00E-15 time=19.889
After sweep 1 energy=-126.96187355185556  maxlinkdim=494 maxerr=9.99E-16 time=13.276
After sweep 1 energy=-126.96187595576369  maxlinkdim=409 maxerr=1.00E-15 time=8.225
-0.034960057908805305After sweep 1 energy=-126.85114116018894  maxlinkdim=700 maxerr=5.52E-04 time=96.800
After sweep 1 energy=-126.93342462290258  maxlinkdim=700 maxerr=9.87E-12 time=88.930
After sweep 1 energy=-126.94527258851416  maxlinkdim=700 maxerr=3.97E-13 time=85.575
After sweep 1 energy=-126.94989897796755  maxlinkdim=700 maxerr=4.31E-14 time=83.844
After sweep 1 energy=-126.95258102412889  maxlinkdim=700 maxerr=9.24E-15 time=79.241
After sweep 1 energy=-126.95468535049318  maxlinkdim=700 maxerr=4.54E-15 time=70.897
After sweep 1 energy=-126.95647604814998  maxlinkdim=700 maxerr=2.05E-15 time=64.086
After sweep 1 energy=-126.95807349629585  maxlinkdim=700 maxerr=6.71E-15 time=61.684
After sweep 1 energy=-126.95919902877499  maxlinkdim=700 maxerr=1.69E-15 time=60.144
After sweep 1 energy=-126.9600430558932  maxlinkdim=698 maxerr=1.00E-15 time=57.635
0.04739254294114993After sweep 1 energy=-126.55543080797516  maxlinkdim=700 maxerr=5.20E-04 time=94.329
After sweep 1 energy=-126.78097783654607  maxlinkdim=700 maxerr=6.14E-12 time=89.844
After sweep 1 energy=-126.88975074717364  maxlinkdim=700 maxerr=9.29E-13 time=88.089
After sweep 1 energy=-126.93751751274618  maxlinkdim=700 maxerr=2.63E-13 time=87.080
After sweep 1 energy=-126.94937701533402  maxlinkdim=700 maxerr=4.91E-14 time=85.892
After sweep 1 energy=-126.95343868457229  maxlinkdim=700 maxerr=1.82E-14 time=78.957
After sweep 1 energy=-126.95583957374359  maxlinkdim=700 maxerr=5.48E-15 time=73.325
After sweep 1 energy=-126.95761821143945  maxlinkdim=700 maxerr=2.45E-15 time=67.777
After sweep 1 energy=-126.95898182048964  maxlinkdim=700 maxerr=1.91E-15 time=61.688
After sweep 1 energy=-126.95998908586601  maxlinkdim=700 maxerr=1.09E-15 time=56.908
-0.03256862172624952After sweep 1 energy=-126.77445164272248  maxlinkdim=700 maxerr=5.30E-04 time=94.035
After sweep 1 energy=-126.90956020702802  maxlinkdim=700 maxerr=1.44E-12 time=78.377
After sweep 1 energy=-126.94682328162374  maxlinkdim=700 maxerr=7.28E-15 time=50.688
After sweep 1 energy=-126.95507568005901  maxlinkdim=662 maxerr=1.00E-15 time=30.389
After sweep 1 energy=-126.95794098969067  maxlinkdim=639 maxerr=1.00E-15 time=23.689
After sweep 1 energy=-126.95942823212368  maxlinkdim=629 maxerr=9.99E-16 time=22.466
After sweep 1 energy=-126.96027524267473  maxlinkdim=604 maxerr=1.00E-15 time=20.256
After sweep 1 energy=-126.96082618233399  maxlinkdim=578 maxerr=9.99E-16 time=17.373
After sweep 1 energy=-126.96119112514182  maxlinkdim=552 maxerr=1.00E-15 time=15.075
After sweep 1 energy=-126.96143427982794  maxlinkdim=527 maxerr=1.00E-15 time=13.396
-0.03733685971681733After sweep 1 energy=-126.6934240269234  maxlinkdim=700 maxerr=5.33E-04 time=94.969
After sweep 1 energy=-126.81386583171587  maxlinkdim=700 maxerr=2.61E-12 time=83.301
After sweep 1 energy=-126.86930298614054  maxlinkdim=700 maxerr=1.06E-13 time=68.235
After sweep 1 energy=-126.91466227298217  maxlinkdim=700 maxerr=1.24E-13 time=61.745
After sweep 1 energy=-126.94149575505983  maxlinkdim=700 maxerr=4.55E-14 time=60.458
After sweep 1 energy=-126.95325499633732  maxlinkdim=700 maxerr=1.58E-14 time=59.267
After sweep 1 energy=-126.95799540666263  maxlinkdim=700 maxerr=5.04E-15 time=54.853
After sweep 1 energy=-126.96000480655988  maxlinkdim=700 maxerr=1.31E-15 time=50.153
After sweep 1 energy=-126.9609186245158  maxlinkdim=686 maxerr=1.00E-15 time=42.242
After sweep 1 energy=-126.96137966675288  maxlinkdim=656 maxerr=1.00E-15 time=33.710
0.026731201746664598After sweep 1 energy=-126.76237198131821  maxlinkdim=700 maxerr=5.04E-04 time=95.270
After sweep 1 energy=-126.867990701299  maxlinkdim=700 maxerr=1.88E-12 time=89.005
After sweep 1 energy=-126.92127830832388  maxlinkdim=700 maxerr=1.12E-12 time=88.234
After sweep 1 energy=-126.94145453137985  maxlinkdim=700 maxerr=1.27E-13 time=85.853
After sweep 1 energy=-126.94919777934298  maxlinkdim=700 maxerr=2.63E-14 time=81.647
After sweep 1 energy=-126.95273689363073  maxlinkdim=700 maxerr=7.99E-15 time=71.739
After sweep 1 energy=-126.95501295384993  maxlinkdim=700 maxerr=4.70E-15 time=61.261
After sweep 1 energy=-126.95683873641069  maxlinkdim=700 maxerr=3.15E-15 time=53.648
After sweep 1 energy=-126.95839507867078  maxlinkdim=700 maxerr=2.76E-15 time=47.986
After sweep 1 energy=-126.95950809247014  maxlinkdim=698 maxerr=1.00E-15 time=43.014
Numero de qubits: 100 
Dimension max: 800 
Threads (LinearAlgebra) :15
Threads (Julia) :1


0.012518976656432736After sweep 1 energy=-126.89744462626652  maxlinkdim=800 maxerr=5.67E-04 time=127.033
After sweep 1 energy=-126.94934922286362  maxlinkdim=800 maxerr=3.17E-12 time=117.411
After sweep 1 energy=-126.95446783905153  maxlinkdim=800 maxerr=5.98E-14 time=111.567
After sweep 1 energy=-126.95674721965344  maxlinkdim=800 maxerr=5.91E-15 time=100.453
After sweep 1 energy=-126.95830931237198  maxlinkdim=800 maxerr=2.23E-15 time=82.580
After sweep 1 energy=-126.95945047756666  maxlinkdim=800 maxerr=1.25E-15 time=70.000
After sweep 1 energy=-126.96026551872929  maxlinkdim=785 maxerr=1.00E-15 time=59.636
After sweep 1 energy=-126.96082277543059  maxlinkdim=750 maxerr=9.99E-16 time=49.720
After sweep 1 energy=-126.9612185003128  maxlinkdim=718 maxerr=1.00E-15 time=41.738
After sweep 1 energy=-126.9614600363544  maxlinkdim=695 maxerr=9.99E-16 time=35.929
-0.032667967648992206After sweep 1 energy=-126.68447695881223  maxlinkdim=800 maxerr=5.56E-04 time=124.191
After sweep 1 energy=-126.86217826797407  maxlinkdim=800 maxerr=3.28E-12 time=115.129
After sweep 1 energy=-126.901425385551  maxlinkdim=800 maxerr=2.03E-13 time=105.761
After sweep 1 energy=-126.91663854906632  maxlinkdim=800 maxerr=4.96E-14 time=100.023
After sweep 1 energy=-126.92418036902785  maxlinkdim=800 maxerr=1.44E-14 time=96.926
After sweep 1 energy=-126.92900162761448  maxlinkdim=800 maxerr=7.65E-15 time=94.955
After sweep 1 energy=-126.93238440786715  maxlinkdim=800 maxerr=4.31E-15 time=92.841
After sweep 1 energy=-126.93530316401265  maxlinkdim=800 maxerr=3.20E-15 time=91.199
After sweep 1 energy=-126.93833785355929  maxlinkdim=800 maxerr=4.13E-15 time=88.579
After sweep 1 energy=-126.94121898318855  maxlinkdim=800 maxerr=2.77E-15 time=86.621
0.058222998716414835After sweep 1 energy=-126.91072919991319  maxlinkdim=800 maxerr=5.33E-04 time=123.682
After sweep 1 energy=-126.95418713720035  maxlinkdim=800 maxerr=2.01E-12 time=114.040
After sweep 1 energy=-126.95892255956706  maxlinkdim=800 maxerr=2.55E-14 time=92.323
After sweep 1 energy=-126.96024490778744  maxlinkdim=780 maxerr=1.00E-15 time=60.609
After sweep 1 energy=-126.96087755575456  maxlinkdim=751 maxerr=1.00E-15 time=42.305
After sweep 1 energy=-126.96124562583672  maxlinkdim=730 maxerr=1.00E-15 time=34.266
After sweep 1 energy=-126.96147799284913  maxlinkdim=703 maxerr=1.00E-15 time=29.046
After sweep 1 energy=-126.96162850859993  maxlinkdim=675 maxerr=1.00E-15 time=24.644
After sweep 1 energy=-126.96172450063078  maxlinkdim=646 maxerr=9.99E-16 time=20.816
After sweep 1 energy=-126.96178600075432  maxlinkdim=618 maxerr=9.99E-16 time=17.964
-0.005363179743304765After sweep 1 energy=-126.83816037219776  maxlinkdim=800 maxerr=5.96E-04 time=121.924
After sweep 1 energy=-126.91173818194598  maxlinkdim=800 maxerr=1.33E-11 time=117.849
After sweep 1 energy=-126.93399824494513  maxlinkdim=800 maxerr=2.04E-12 time=117.097
After sweep 1 energy=-126.944624704866  maxlinkdim=800 maxerr=1.46E-13 time=115.806
After sweep 1 energy=-126.95015564211432  maxlinkdim=800 maxerr=2.11E-14 time=113.678
After sweep 1 energy=-126.95337406160186  maxlinkdim=800 maxerr=5.91E-15 time=108.645
After sweep 1 energy=-126.95554088559528  maxlinkdim=800 maxerr=4.71E-15 time=98.182
After sweep 1 energy=-126.95722330279378  maxlinkdim=800 maxerr=3.91E-15 time=91.437
After sweep 1 energy=-126.9585752572957  maxlinkdim=800 maxerr=1.63E-15 time=86.366
After sweep 1 energy=-126.95961752343425  maxlinkdim=797 maxerr=1.00E-15 time=81.510
0.1289459999598857After sweep 1 energy=-126.89440679911156  maxlinkdim=800 maxerr=5.44E-04 time=122.969
After sweep 1 energy=-126.9469325747419  maxlinkdim=800 maxerr=1.61E-12 time=115.162
After sweep 1 energy=-126.9549150261797  maxlinkdim=800 maxerr=9.04E-14 time=103.227
After sweep 1 energy=-126.95759143599798  maxlinkdim=800 maxerr=4.12E-15 time=82.633
After sweep 1 energy=-126.95900121496776  maxlinkdim=800 maxerr=3.31E-15 time=62.081
After sweep 1 energy=-126.95994907746095  maxlinkdim=800 maxerr=2.21E-15 time=51.110
After sweep 1 energy=-126.96060556853537  maxlinkdim=796 maxerr=9.99E-16 time=43.340
After sweep 1 energy=-126.961065812705  maxlinkdim=771 maxerr=9.99E-16 time=37.689
After sweep 1 energy=-126.96138340864661  maxlinkdim=733 maxerr=9.99E-16 time=31.951
After sweep 1 energy=-126.96159359200824  maxlinkdim=687 maxerr=9.99E-16 time=26.998
0.027620438781095914After sweep 1 energy=-126.8610007079853  maxlinkdim=800 maxerr=5.36E-04 time=123.571
After sweep 1 energy=-126.92250721246386  maxlinkdim=800 maxerr=2.68E-12 time=110.274
After sweep 1 energy=-126.94067661184329  maxlinkdim=687 maxerr=1.24E-14 time=64.615
After sweep 1 energy=-126.9492359475142  maxlinkdim=509 maxerr=1.00E-15 time=22.886
After sweep 1 energy=-126.9533761768409  maxlinkdim=460 maxerr=9.99E-16 time=14.011
After sweep 1 energy=-126.95594233033309  maxlinkdim=437 maxerr=1.00E-15 time=11.300
After sweep 1 energy=-126.95775303236587  maxlinkdim=406 maxerr=9.98E-16 time=10.325
After sweep 1 energy=-126.9590421725367  maxlinkdim=379 maxerr=1.00E-15 time=10.055
After sweep 1 energy=-126.95995662169946  maxlinkdim=348 maxerr=9.98E-16 time=9.254
After sweep 1 energy=-126.96060037314355  maxlinkdim=323 maxerr=9.99E-16 time=8.270
-0.04038756890163972After sweep 1 energy=-126.85458255720224  maxlinkdim=800 maxerr=5.61E-04 time=126.369
After sweep 1 energy=-126.94738089506288  maxlinkdim=800 maxerr=1.68E-12 time=105.166
After sweep 1 energy=-126.95754782139956  maxlinkdim=800 maxerr=5.50E-14 time=84.245
After sweep 1 energy=-126.95982921444235  maxlinkdim=800 maxerr=6.09E-15 time=77.089
After sweep 1 energy=-126.96069055726652  maxlinkdim=778 maxerr=1.44E-15 time=66.760
After sweep 1 energy=-126.96116150116175  maxlinkdim=748 maxerr=1.00E-15 time=53.407
After sweep 1 energy=-126.96142850705445  maxlinkdim=714 maxerr=1.00E-15 time=43.647
After sweep 1 energy=-126.96159544036976  maxlinkdim=675 maxerr=1.00E-15 time=34.460
After sweep 1 energy=-126.96169982675035  maxlinkdim=633 maxerr=1.00E-15 time=27.158
After sweep 1 energy=-126.96176708579735  maxlinkdim=592 maxerr=1.00E-15 time=22.182
0.03229522487611551After sweep 1 energy=-126.88719656386115  maxlinkdim=800 maxerr=5.53E-04 time=123.734
After sweep 1 energy=-126.94966663963768  maxlinkdim=800 maxerr=2.01E-12 time=110.756
After sweep 1 energy=-126.955976777881  maxlinkdim=800 maxerr=1.32E-13 time=82.017
After sweep 1 energy=-126.95793824827332  maxlinkdim=800 maxerr=4.30E-15 time=57.280
After sweep 1 energy=-126.95918205605463  maxlinkdim=800 maxerr=1.87E-15 time=46.594
After sweep 1 energy=-126.96005862828122  maxlinkdim=800 maxerr=1.45E-15 time=41.999
After sweep 1 energy=-126.96067548191293  maxlinkdim=800 maxerr=1.01E-15 time=39.127
After sweep 1 energy=-126.96109876515897  maxlinkdim=795 maxerr=9.99E-16 time=36.539
After sweep 1 energy=-126.96138324540298  maxlinkdim=792 maxerr=9.97E-16 time=34.065
After sweep 1 energy=-126.96156670122684  maxlinkdim=784 maxerr=1.00E-15 time=32.171
0.1001161267526879After sweep 1 energy=-126.88916613825063  maxlinkdim=800 maxerr=5.48E-04 time=123.835
After sweep 1 energy=-126.93780352212676  maxlinkdim=800 maxerr=5.77E-12 time=117.188
After sweep 1 energy=-126.94891217316956  maxlinkdim=800 maxerr=3.70E-14 time=111.964
After sweep 1 energy=-126.9538088023161  maxlinkdim=800 maxerr=1.65E-14 time=95.215
After sweep 1 energy=-126.9567289033412  maxlinkdim=800 maxerr=6.20E-15 time=70.564
After sweep 1 energy=-126.95864460663685  maxlinkdim=800 maxerr=1.32E-15 time=57.569
After sweep 1 energy=-126.95977924593052  maxlinkdim=751 maxerr=1.00E-15 time=49.071
After sweep 1 energy=-126.96052323567763  maxlinkdim=714 maxerr=1.00E-15 time=39.435
After sweep 1 energy=-126.96101596514389  maxlinkdim=680 maxerr=1.00E-15 time=31.239
After sweep 1 energy=-126.96132624762649  maxlinkdim=642 maxerr=1.00E-15 time=24.902
-0.05064600221862663After sweep 1 energy=-126.72326248649945  maxlinkdim=800 maxerr=5.53E-04 time=125.289
After sweep 1 energy=-126.88087733094767  maxlinkdim=800 maxerr=6.65E-12 time=118.293
After sweep 1 energy=-126.93310477728045  maxlinkdim=800 maxerr=3.79E-13 time=113.525
After sweep 1 energy=-126.94687728080058  maxlinkdim=800 maxerr=3.66E-14 time=89.015
After sweep 1 energy=-126.95189281913414  maxlinkdim=800 maxerr=1.17E-14 time=69.686
After sweep 1 energy=-126.95491271695707  maxlinkdim=800 maxerr=3.87E-15 time=62.025
After sweep 1 energy=-126.95709152730653  maxlinkdim=798 maxerr=1.24E-15 time=51.559
After sweep 1 energy=-126.95863025833833  maxlinkdim=754 maxerr=1.00E-15 time=41.167
After sweep 1 energy=-126.95971777294174  maxlinkdim=707 maxerr=1.00E-15 time=32.944
After sweep 1 energy=-126.96046034272008  maxlinkdim=663 maxerr=1.00E-15 time=26.890
Numero de qubits: 100 
Dimension max: 900 
Threads (LinearAlgebra) :15
Threads (Julia) :1


0.06075158573601429After sweep 1 energy=-126.91698535796841  maxlinkdim=900 maxerr=5.80E-04 time=158.095
After sweep 1 energy=-126.95011450205739  maxlinkdim=900 maxerr=4.81E-12 time=145.130
After sweep 1 energy=-126.95541372001392  maxlinkdim=900 maxerr=1.09E-13 time=139.844
After sweep 1 energy=-126.95774687467676  maxlinkdim=900 maxerr=1.33E-14 time=131.791
After sweep 1 energy=-126.95911581355885  maxlinkdim=900 maxerr=3.90E-15 time=124.447
After sweep 1 energy=-126.96002534642936  maxlinkdim=900 maxerr=2.23E-15 time=117.063
After sweep 1 energy=-126.96064898450469  maxlinkdim=900 maxerr=1.17E-15 time=107.338
After sweep 1 energy=-126.96107214977322  maxlinkdim=893 maxerr=9.98E-16 time=96.665
After sweep 1 energy=-126.96135506717647  maxlinkdim=884 maxerr=1.00E-15 time=87.073
After sweep 1 energy=-126.96154379703455  maxlinkdim=871 maxerr=9.98E-16 time=77.393
0.061780752423264335After sweep 1 energy=-126.87553981191564  maxlinkdim=900 maxerr=5.92E-04 time=156.007
After sweep 1 energy=-126.92858598237243  maxlinkdim=900 maxerr=5.39E-12 time=145.442
After sweep 1 energy=-126.94442193939314  maxlinkdim=900 maxerr=2.20E-13 time=142.934
After sweep 1 energy=-126.95031272690483  maxlinkdim=900 maxerr=3.51E-14 time=137.463
After sweep 1 energy=-126.95328661487318  maxlinkdim=900 maxerr=4.71E-15 time=125.058
After sweep 1 energy=-126.95540152772868  maxlinkdim=900 maxerr=6.18E-15 time=113.515
After sweep 1 energy=-126.95710398646376  maxlinkdim=900 maxerr=3.02E-15 time=104.588
After sweep 1 energy=-126.95853476392723  maxlinkdim=900 maxerr=2.18E-15 time=99.909
After sweep 1 energy=-126.95962359838491  maxlinkdim=900 maxerr=1.13E-15 time=95.719
After sweep 1 energy=-126.9603822814755  maxlinkdim=894 maxerr=1.00E-15 time=90.700
-0.08020810069971858After sweep 1 energy=-126.84269241220241  maxlinkdim=900 maxerr=5.61E-04 time=154.054
After sweep 1 energy=-126.89757410896954  maxlinkdim=900 maxerr=4.44E-12 time=145.217
After sweep 1 energy=-126.92062569297376  maxlinkdim=900 maxerr=1.20E-13 time=141.829
After sweep 1 energy=-126.93166170654901  maxlinkdim=900 maxerr=1.89E-14 time=137.182
After sweep 1 energy=-126.93809935575707  maxlinkdim=900 maxerr=1.01E-14 time=128.454
After sweep 1 energy=-126.94259097730557  maxlinkdim=900 maxerr=7.99E-15 time=120.922
After sweep 1 energy=-126.94630339984872  maxlinkdim=900 maxerr=8.55E-15 time=115.631
After sweep 1 energy=-126.94932860264466  maxlinkdim=900 maxerr=5.05E-15 time=110.806
After sweep 1 energy=-126.95185177144722  maxlinkdim=900 maxerr=2.34E-15 time=105.049
After sweep 1 energy=-126.95399263102742  maxlinkdim=900 maxerr=2.07E-15 time=96.286
0.03161942465093958After sweep 1 energy=-126.78279648282629  maxlinkdim=900 maxerr=6.03E-04 time=152.074
After sweep 1 energy=-126.91739750132636  maxlinkdim=900 maxerr=1.11E-11 time=143.644
After sweep 1 energy=-126.93564858250166  maxlinkdim=900 maxerr=4.82E-14 time=129.419
After sweep 1 energy=-126.94134130118225  maxlinkdim=900 maxerr=8.83E-15 time=102.109
After sweep 1 energy=-126.9447274113429  maxlinkdim=900 maxerr=5.64E-15 time=86.824
After sweep 1 energy=-126.94771786186745  maxlinkdim=900 maxerr=5.82E-15 time=78.650
After sweep 1 energy=-126.95041455394716  maxlinkdim=900 maxerr=3.49E-15 time=74.715
After sweep 1 energy=-126.95276006304994  maxlinkdim=900 maxerr=2.21E-15 time=71.951
After sweep 1 energy=-126.95474985851551  maxlinkdim=900 maxerr=2.09E-15 time=68.572
After sweep 1 energy=-126.95646863775575  maxlinkdim=900 maxerr=2.09E-15 time=66.215
0.08354064582699076After sweep 1 energy=-126.82263423458025  maxlinkdim=900 maxerr=6.29E-04 time=153.586
After sweep 1 energy=-126.9378470128242  maxlinkdim=900 maxerr=1.50E-11 time=144.212
After sweep 1 energy=-126.95735845933324  maxlinkdim=900 maxerr=4.59E-14 time=121.125
After sweep 1 energy=-126.96077376477471  maxlinkdim=900 maxerr=7.61E-15 time=84.884
After sweep 1 energy=-126.96152669895359  maxlinkdim=871 maxerr=1.00E-15 time=59.766
After sweep 1 energy=-126.96173555514869  maxlinkdim=750 maxerr=1.00E-15 time=36.725
After sweep 1 energy=-126.96181088758144  maxlinkdim=609 maxerr=9.99E-16 time=20.180
After sweep 1 energy=-126.96184725325335  maxlinkdim=502 maxerr=9.99E-16 time=11.048
After sweep 1 energy=-126.96186186179618  maxlinkdim=401 maxerr=1.00E-15 time=6.293
After sweep 1 energy=-126.96187032692264  maxlinkdim=326 maxerr=1.00E-15 time=3.813
0.04336961324832108After sweep 1 energy=-126.79141607588032  maxlinkdim=900 maxerr=6.00E-04 time=155.906
After sweep 1 energy=-126.9085586413084  maxlinkdim=900 maxerr=9.14E-12 time=144.999
After sweep 1 energy=-126.94295816597575  maxlinkdim=900 maxerr=3.69E-13 time=140.157
After sweep 1 energy=-126.95405026939133  maxlinkdim=900 maxerr=1.90E-14 time=119.838
After sweep 1 energy=-126.95811752905887  maxlinkdim=895 maxerr=2.02E-15 time=67.209
After sweep 1 energy=-126.95990696965946  maxlinkdim=852 maxerr=1.00E-15 time=42.007
After sweep 1 energy=-126.96077811060147  maxlinkdim=773 maxerr=1.00E-15 time=30.483
After sweep 1 energy=-126.96123700265102  maxlinkdim=708 maxerr=1.00E-15 time=22.745
After sweep 1 energy=-126.961493218037  maxlinkdim=646 maxerr=9.99E-16 time=17.505
After sweep 1 energy=-126.96164442686053  maxlinkdim=582 maxerr=1.00E-15 time=13.535
-0.041993062172071584After sweep 1 energy=-126.81532684613701  maxlinkdim=900 maxerr=5.89E-04 time=155.785
After sweep 1 energy=-126.92570888328129  maxlinkdim=900 maxerr=2.13E-12 time=130.568
After sweep 1 energy=-126.9486182560615  maxlinkdim=900 maxerr=6.27E-14 time=95.108
After sweep 1 energy=-126.95627526514379  maxlinkdim=900 maxerr=8.11E-15 time=72.815
After sweep 1 energy=-126.95905125811994  maxlinkdim=900 maxerr=2.01E-15 time=59.420
After sweep 1 energy=-126.9602779526381  maxlinkdim=890 maxerr=1.00E-15 time=50.344
After sweep 1 energy=-126.96092684320368  maxlinkdim=871 maxerr=1.00E-15 time=43.520
After sweep 1 energy=-126.96130506591989  maxlinkdim=839 maxerr=1.00E-15 time=37.328
After sweep 1 energy=-126.96153519030744  maxlinkdim=792 maxerr=1.00E-15 time=31.982
After sweep 1 energy=-126.96167228611817  maxlinkdim=733 maxerr=1.00E-15 time=25.807
0.021900563231689187After sweep 1 energy=-126.87448762224143  maxlinkdim=900 maxerr=5.63E-04 time=156.944
After sweep 1 energy=-126.9337742646237  maxlinkdim=900 maxerr=1.82E-12 time=144.768
After sweep 1 energy=-126.94443389458898  maxlinkdim=900 maxerr=5.85E-14 time=141.383
After sweep 1 energy=-126.95081505359461  maxlinkdim=900 maxerr=1.37E-14 time=127.096
After sweep 1 energy=-126.95491734983861  maxlinkdim=900 maxerr=3.33E-15 time=101.737
After sweep 1 energy=-126.95744349019576  maxlinkdim=887 maxerr=1.11E-15 time=74.169
After sweep 1 energy=-126.95905802711157  maxlinkdim=850 maxerr=9.99E-16 time=55.048
After sweep 1 energy=-126.96008538489941  maxlinkdim=811 maxerr=1.00E-15 time=42.583
After sweep 1 energy=-126.96075404410497  maxlinkdim=771 maxerr=1.00E-15 time=33.699
After sweep 1 energy=-126.96120719235229  maxlinkdim=718 maxerr=1.00E-15 time=25.847
0.027762344763144063After sweep 1 energy=-126.87869670568924  maxlinkdim=900 maxerr=5.77E-04 time=151.413
After sweep 1 energy=-126.94185113104074  maxlinkdim=900 maxerr=2.41E-12 time=134.609
After sweep 1 energy=-126.95196609756768  maxlinkdim=778 maxerr=3.37E-14 time=66.051
After sweep 1 energy=-126.95599817405129  maxlinkdim=578 maxerr=1.00E-15 time=20.131
After sweep 1 energy=-126.95804636516802  maxlinkdim=463 maxerr=9.99E-16 time=11.581
After sweep 1 energy=-126.95945315735398  maxlinkdim=401 maxerr=9.99E-16 time=8.295
After sweep 1 energy=-126.9602993740795  maxlinkdim=339 maxerr=1.00E-15 time=5.956
After sweep 1 energy=-126.96085141399521  maxlinkdim=302 maxerr=1.00E-15 time=4.649
After sweep 1 energy=-126.96121832196762  maxlinkdim=281 maxerr=9.98E-16 time=4.087
After sweep 1 energy=-126.9614740923067  maxlinkdim=258 maxerr=9.92E-16 time=3.502
-0.007400162447909646After sweep 1 energy=-126.84805951946292  maxlinkdim=900 maxerr=5.92E-04 time=153.978
After sweep 1 energy=-126.91720186186248  maxlinkdim=900 maxerr=1.81E-12 time=127.093
After sweep 1 energy=-126.93491153843289  maxlinkdim=900 maxerr=4.36E-14 time=83.778
After sweep 1 energy=-126.94413857095647  maxlinkdim=900 maxerr=9.39E-15 time=63.973
After sweep 1 energy=-126.94906827289832  maxlinkdim=900 maxerr=3.55E-15 time=59.770
After sweep 1 energy=-126.95213720666408  maxlinkdim=900 maxerr=2.93E-15 time=53.284
After sweep 1 energy=-126.9544548900666  maxlinkdim=900 maxerr=5.91E-15 time=49.263
After sweep 1 energy=-126.95631389340011  maxlinkdim=900 maxerr=3.15E-15 time=47.501
After sweep 1 energy=-126.9578712933343  maxlinkdim=900 maxerr=2.41E-15 time=45.616
After sweep 1 energy=-126.95910930267964  maxlinkdim=900 maxerr=1.62E-15 time=44.147
Numero de qubits: 100 
Dimension max: 1000 
Threads (LinearAlgebra) :15
Threads (Julia) :1


0.026878433230246416After sweep 1 energy=-126.87366663380199  maxlinkdim=1000 maxerr=5.73E-04 time=200.337
After sweep 1 energy=-126.94876577640862  maxlinkdim=1000 maxerr=3.24E-12 time=183.406
After sweep 1 energy=-126.95828105180921  maxlinkdim=1000 maxerr=6.96E-14 time=145.155
After sweep 1 energy=-126.96075780045669  maxlinkdim=989 maxerr=1.76E-15 time=93.610
After sweep 1 energy=-126.96147879176392  maxlinkdim=947 maxerr=1.00E-15 time=68.862
After sweep 1 energy=-126.96171407988997  maxlinkdim=887 maxerr=1.00E-15 time=53.458
After sweep 1 energy=-126.96180207862903  maxlinkdim=805 maxerr=9.99E-16 time=39.389
After sweep 1 energy=-126.961841207395  maxlinkdim=716 maxerr=1.00E-15 time=27.789
After sweep 1 energy=-126.96185986360837  maxlinkdim=617 maxerr=1.00E-15 time=19.232
After sweep 1 energy=-126.96186890771936  maxlinkdim=508 maxerr=9.99E-16 time=12.567
-0.05769201729886417After sweep 1 energy=-126.90871581184653  maxlinkdim=1000 maxerr=5.76E-04 time=196.590
After sweep 1 energy=-126.95059856952359  maxlinkdim=1000 maxerr=7.70E-13 time=167.434
After sweep 1 energy=-126.9566066848909  maxlinkdim=977 maxerr=4.32E-15 time=112.294
After sweep 1 energy=-126.95903031320388  maxlinkdim=947 maxerr=1.90E-15 time=70.887
After sweep 1 energy=-126.9600554406826  maxlinkdim=920 maxerr=1.00E-15 time=51.260
After sweep 1 energy=-126.96069309090431  maxlinkdim=895 maxerr=1.00E-15 time=43.173
After sweep 1 energy=-126.96110638177338  maxlinkdim=864 maxerr=1.00E-15 time=37.561
After sweep 1 energy=-126.96138868893041  maxlinkdim=826 maxerr=9.99E-16 time=32.783
After sweep 1 energy=-126.96158027566972  maxlinkdim=779 maxerr=1.00E-15 time=28.068
After sweep 1 energy=-126.96170796555352  maxlinkdim=728 maxerr=9.98E-16 time=23.573
0.032738464476459804After sweep 1 energy=-126.90342230716348  maxlinkdim=1000 maxerr=6.18E-04 time=199.898
After sweep 1 energy=-126.95514629680673  maxlinkdim=1000 maxerr=1.68E-12 time=163.373
After sweep 1 energy=-126.96012178011631  maxlinkdim=1000 maxerr=1.33E-13 time=110.837
After sweep 1 energy=-126.96128720295489  maxlinkdim=1000 maxerr=1.18E-15 time=86.259
After sweep 1 energy=-126.96167209528022  maxlinkdim=970 maxerr=9.99E-16 time=69.461
After sweep 1 energy=-126.96179893429927  maxlinkdim=904 maxerr=1.00E-15 time=53.647
After sweep 1 energy=-126.96184694739867  maxlinkdim=786 maxerr=1.00E-15 time=37.117
After sweep 1 energy=-126.96186361657817  maxlinkdim=650 maxerr=1.00E-15 time=22.813
After sweep 1 energy=-126.96187075390199  maxlinkdim=498 maxerr=9.99E-16 time=13.720
After sweep 1 energy=-126.96187495727371  maxlinkdim=363 maxerr=1.00E-15 time=7.328
-0.04373050320238177After sweep 1 energy=-126.88610424361944  maxlinkdim=1000 maxerr=5.92E-04 time=195.586
After sweep 1 energy=-126.95047637558164  maxlinkdim=1000 maxerr=4.34E-13 time=168.256
After sweep 1 energy=-126.95949240017217  maxlinkdim=1000 maxerr=1.11E-14 time=113.505
After sweep 1 energy=-126.96112143124577  maxlinkdim=972 maxerr=1.00E-15 time=78.639
After sweep 1 energy=-126.96154931437204  maxlinkdim=879 maxerr=1.00E-15 time=52.851
After sweep 1 energy=-126.96170881048052  maxlinkdim=766 maxerr=1.00E-15 time=35.467
After sweep 1 energy=-126.96178084493981  maxlinkdim=674 maxerr=1.00E-15 time=24.660
After sweep 1 energy=-126.96182150312106  maxlinkdim=607 maxerr=9.99E-16 time=18.174
After sweep 1 energy=-126.96184564788169  maxlinkdim=550 maxerr=1.00E-15 time=13.653
After sweep 1 energy=-126.96185965531694  maxlinkdim=493 maxerr=9.99E-16 time=10.170
-0.07709187353312649After sweep 1 energy=-126.90197288751655  maxlinkdim=1000 maxerr=6.01E-04 time=199.367
After sweep 1 energy=-126.96014673344393  maxlinkdim=997 maxerr=2.97E-12 time=146.432
After sweep 1 energy=-126.9616775303363  maxlinkdim=786 maxerr=1.00E-15 time=59.036
After sweep 1 energy=-126.96183402266155  maxlinkdim=474 maxerr=1.00E-15 time=18.557
After sweep 1 energy=-126.96186044545712  maxlinkdim=306 maxerr=1.00E-15 time=6.122
After sweep 1 energy=-126.96186902402336  maxlinkdim=228 maxerr=1.00E-15 time=2.816
After sweep 1 energy=-126.9618733514443  maxlinkdim=183 maxerr=1.00E-15 time=1.815
After sweep 1 energy=-126.96187538529996  maxlinkdim=145 maxerr=9.99E-16 time=1.270
After sweep 1 energy=-126.96187629563798  maxlinkdim=119 maxerr=1.00E-15 time=1.017
After sweep 1 energy=-126.9618765931947  maxlinkdim=98 maxerr=9.98E-16 time=0.742
-0.06410925974838944After sweep 1 energy=-126.90305086308615  maxlinkdim=1000 maxerr=5.76E-04 time=200.722
After sweep 1 energy=-126.93928565444041  maxlinkdim=1000 maxerr=2.10E-12 time=181.548
After sweep 1 energy=-126.94725060608357  maxlinkdim=1000 maxerr=3.71E-13 time=168.888
After sweep 1 energy=-126.95088103419953  maxlinkdim=1000 maxerr=1.15E-14 time=158.225
After sweep 1 energy=-126.95333139894367  maxlinkdim=1000 maxerr=6.63E-15 time=148.514
After sweep 1 energy=-126.95530419960811  maxlinkdim=1000 maxerr=4.15E-15 time=138.154
After sweep 1 energy=-126.95699041147952  maxlinkdim=1000 maxerr=4.22E-15 time=129.194
After sweep 1 energy=-126.95838990256227  maxlinkdim=1000 maxerr=2.84E-15 time=121.437
After sweep 1 energy=-126.9594800146675  maxlinkdim=1000 maxerr=2.00E-15 time=112.834
After sweep 1 energy=-126.96028338969117  maxlinkdim=1000 maxerr=1.33E-15 time=105.224
-0.0042931963567676016After sweep 1 energy=-126.86345391079975  maxlinkdim=1000 maxerr=5.96E-04 time=195.763
After sweep 1 energy=-126.93350480376765  maxlinkdim=1000 maxerr=2.37E-11 time=184.634
After sweep 1 energy=-126.9470281293498  maxlinkdim=1000 maxerr=6.98E-13 time=180.524
After sweep 1 energy=-126.95217392132732  maxlinkdim=1000 maxerr=4.53E-14 time=176.088
After sweep 1 energy=-126.95508317115205  maxlinkdim=1000 maxerr=2.97E-14 time=168.835
After sweep 1 energy=-126.95711453296563  maxlinkdim=1000 maxerr=1.35E-14 time=160.971
After sweep 1 energy=-126.95862107433989  maxlinkdim=1000 maxerr=8.82E-15 time=150.308
After sweep 1 energy=-126.95972183341205  maxlinkdim=1000 maxerr=1.18E-14 time=140.585
After sweep 1 energy=-126.96044631195299  maxlinkdim=1000 maxerr=5.39E-15 time=129.639
After sweep 1 energy=-126.96093663682777  maxlinkdim=1000 maxerr=2.16E-15 time=117.822
-0.018812261346897362After sweep 1 energy=-126.82098737163359  maxlinkdim=1000 maxerr=5.66E-04 time=196.922
After sweep 1 energy=-126.94108387207967  maxlinkdim=1000 maxerr=3.79E-11 time=184.344
After sweep 1 energy=-126.95342172182883  maxlinkdim=1000 maxerr=1.37E-13 time=179.332
After sweep 1 energy=-126.9574343993741  maxlinkdim=1000 maxerr=8.26E-15 time=166.990
After sweep 1 energy=-126.95920612245845  maxlinkdim=1000 maxerr=3.28E-15 time=143.977
After sweep 1 energy=-126.96016695968272  maxlinkdim=1000 maxerr=1.97E-15 time=116.706
After sweep 1 energy=-126.96077702498637  maxlinkdim=1000 maxerr=1.69E-15 time=97.688
After sweep 1 energy=-126.96117699763131  maxlinkdim=992 maxerr=1.00E-15 time=85.344
After sweep 1 energy=-126.96143862820574  maxlinkdim=971 maxerr=9.99E-16 time=74.334
After sweep 1 energy=-126.96160816067191  maxlinkdim=943 maxerr=1.00E-15 time=65.100
-0.04912628616460025After sweep 1 energy=-126.89773935762877  maxlinkdim=1000 maxerr=6.00E-04 time=193.767
After sweep 1 energy=-126.9395378254806  maxlinkdim=1000 maxerr=6.01E-12 time=181.521
After sweep 1 energy=-126.94612988470303  maxlinkdim=1000 maxerr=6.94E-14 time=174.454
After sweep 1 energy=-126.94931401309867  maxlinkdim=1000 maxerr=4.57E-14 time=167.822
After sweep 1 energy=-126.95169074749354  maxlinkdim=1000 maxerr=2.56E-14 time=158.204
After sweep 1 energy=-126.95366230487406  maxlinkdim=1000 maxerr=1.63E-14 time=147.985
After sweep 1 energy=-126.9554321517809  maxlinkdim=1000 maxerr=9.86E-15 time=138.221
After sweep 1 energy=-126.9571956253643  maxlinkdim=1000 maxerr=3.64E-14 time=131.607
After sweep 1 energy=-126.95850588071696  maxlinkdim=1000 maxerr=4.26E-15 time=124.070
After sweep 1 energy=-126.95953510850107  maxlinkdim=1000 maxerr=2.73E-15 time=116.374
0.09001030456528934After sweep 1 energy=-126.83582244695044  maxlinkdim=1000 maxerr=5.78E-04 time=196.996
After sweep 1 energy=-126.9328432495546  maxlinkdim=973 maxerr=2.16E-12 time=148.824
After sweep 1 energy=-126.94330837195515  maxlinkdim=1000 maxerr=1.16E-14 time=85.278
After sweep 1 energy=-126.94755169723435  maxlinkdim=1000 maxerr=3.76E-15 time=64.801
After sweep 1 energy=-126.95049350724659  maxlinkdim=1000 maxerr=5.24E-15 time=59.978
After sweep 1 energy=-126.95276136466003  maxlinkdim=1000 maxerr=3.90E-15 time=60.499
After sweep 1 energy=-126.9546953292092  maxlinkdim=1000 maxerr=3.04E-15 time=58.820
After sweep 1 energy=-126.95654908743745  maxlinkdim=1000 maxerr=5.36E-15 time=58.758
After sweep 1 energy=-126.95798881899631  maxlinkdim=1000 maxerr=1.75E-15 time=59.133
After sweep 1 energy=-126.95914829162675  maxlinkdim=999 maxerr=9.99E-16 time=57.432
