Numero de qubits: 20 
Threads (LinearAlgebra) :15
Threads (Julia) :1


 65.566873 seconds (88.89 M allocations: 37.131 GiB, 12.31% gc time, 32.11% compilation time)


 40.369723 seconds (4.85 M allocations: 32.963 GiB, 15.26% gc time, 2.80% compilation time)


 39.310761 seconds (977.30 k allocations: 32.773 GiB, 15.40% gc time)


 38.605762 seconds (977.30 k allocations: 32.783 GiB, 15.75% gc time)


 40.216168 seconds (977.32 k allocations: 32.773 GiB, 15.14% gc time)


 39.316422 seconds (977.30 k allocations: 32.773 GiB, 15.33% gc time)


 38.129163 seconds (977.28 k allocations: 32.783 GiB, 15.79% gc time)


 38.963041 seconds (977.31 k allocations: 32.773 GiB, 15.76% gc time)


 39.058494 seconds (977.30 k allocations: 32.773 GiB, 15.25% gc time)


 39.722430 seconds (977.31 k allocations: 32.773 GiB, 15.56% gc time)


 38.780419 seconds (977.31 k allocations: 32.773 GiB, 15.58% gc time)


 39.939385 seconds (977.30 k allocations: 32.773 GiB, 14.75% gc time)


 38.080504 seconds (977.29 k allocations: 32.798 GiB, 15.77% gc time)


 37.404971 seconds (977.30 k allocations: 32.794 GiB, 15.89% gc time)


 37.514037 seconds (977.29 k allocations: 32.794 GiB, 16.15% gc time)


 37.552063 seconds (977.27 k allocations: 32.794 GiB, 16.00% gc time)


 37.196427 seconds (977.28 k allocations: 32.808 GiB, 16.01% gc time)


 42.453214 seconds (977.33 k allocations: 32.783 GiB, 15.86% gc time)


 45.122179 seconds (977.32 k allocations: 32.783 GiB, 18.61% gc time)


 44.707306 seconds (977.32 k allocations: 32.773 GiB, 17.68% gc time)


 42.634164 seconds (977.31 k allocations: 32.773 GiB, 17.51% gc time)


Numero de qubits: 21 
Threads (LinearAlgebra) :15
Threads (Julia) :1


 72.916422 seconds (1.03 M allocations: 53.224 GiB, 15.32% gc time)


 86.843028 seconds (1.03 M allocations: 53.224 GiB, 14.43% gc time)


 77.504426 seconds (1.03 M allocations: 53.224 GiB, 15.50% gc time)


 74.886132 seconds (1.03 M allocations: 53.224 GiB, 15.29% gc time)


 72.845257 seconds (1.03 M allocations: 53.224 GiB, 14.58% gc time)


 63.874005 seconds (1.03 M allocations: 53.224 GiB, 14.54% gc time)


 63.887916 seconds (1.03 M allocations: 53.224 GiB, 14.09% gc time)


 64.137136 seconds (1.03 M allocations: 53.224 GiB, 13.65% gc time)


 65.678769 seconds (1.03 M allocations: 53.224 GiB, 13.83% gc time)


 64.799615 seconds (1.03 M allocations: 53.224 GiB, 14.06% gc time)


 65.139244 seconds (1.03 M allocations: 53.224 GiB, 13.99% gc time)


 64.662937 seconds (1.03 M allocations: 53.224 GiB, 13.59% gc time)


 64.535340 seconds (1.03 M allocations: 53.224 GiB, 14.21% gc time)


 64.507262 seconds (1.03 M allocations: 53.224 GiB, 13.76% gc time)


 64.370577 seconds (1.03 M allocations: 53.224 GiB, 13.86% gc time)


 64.474519 seconds (1.03 M allocations: 53.224 GiB, 13.72% gc time)


 64.689216 seconds (1.03 M allocations: 53.224 GiB, 13.83% gc time)


 65.032994 seconds (1.03 M allocations: 53.224 GiB, 14.10% gc time)


 64.785108 seconds (1.03 M allocations: 53.224 GiB, 13.97% gc time)


 64.807204 seconds (1.03 M allocations: 53.224 GiB, 13.75% gc time)


 64.274447 seconds (1.03 M allocations: 53.224 GiB, 13.74% gc time)


