Numero de qubits: 100 
Dimension max: 100 
Threads (LinearAlgebra) :15
Threads (Julia) :1


0.2097220434455732After sweep 1 energy=-126.79981356001606  maxlinkdim=100 maxerr=7.59E-04 time=13.937
After sweep 1 energy=-126.87506268535446  maxlinkdim=100 maxerr=1.06E-11 time=2.321
After sweep 1 energy=-126.90338435901752  maxlinkdim=100 maxerr=9.75E-13 time=2.186
After sweep 1 energy=-126.92408359017314  maxlinkdim=100 maxerr=1.22E-12 time=2.184
After sweep 1 energy=-126.93988691255  maxlinkdim=100 maxerr=9.86E-13 time=2.199
After sweep 1 energy=-126.95018616658183  maxlinkdim=100 maxerr=5.29E-13 time=2.033
After sweep 1 energy=-126.95596211792815  maxlinkdim=100 maxerr=3.37E-13 time=2.096
After sweep 1 energy=-126.95902100203021  maxlinkdim=100 maxerr=1.50E-13 time=2.123
After sweep 1 energy=-126.9605409049166  maxlinkdim=100 maxerr=7.62E-14 time=1.954
After sweep 1 energy=-126.96127026249401  maxlinkdim=100 maxerr=2.82E-14 time=1.861
0.0104221523724251After sweep 1 energy=-126.78560113792133  maxlinkdim=100 maxerr=6.82E-04 time=2.139
After sweep 1 energy=-126.93136992387643  maxlinkdim=100 maxerr=9.16E-11 time=2.220
After sweep 1 energy=-126.95222740064258  maxlinkdim=100 maxerr=7.29E-12 time=2.153
After sweep 1 energy=-126.95720811921613  maxlinkdim=100 maxerr=5.72E-13 time=2.161
After sweep 1 energy=-126.95919123258406  maxlinkdim=100 maxerr=2.39E-13 time=2.025
After sweep 1 energy=-126.9602592828038  maxlinkdim=100 maxerr=1.37E-13 time=1.982
After sweep 1 energy=-126.96090987787521  maxlinkdim=100 maxerr=4.25E-14 time=2.059
After sweep 1 energy=-126.961271484114  maxlinkdim=100 maxerr=1.07E-14 time=1.823
After sweep 1 energy=-126.9615041806781  maxlinkdim=100 maxerr=7.38E-15 time=1.736
After sweep 1 energy=-126.96165485565938  maxlinkdim=100 maxerr=2.85E-15 time=1.702
0.32046383577838766After sweep 1 energy=-126.83574608401318  maxlinkdim=100 maxerr=7.57E-04 time=2.191
After sweep 1 energy=-126.930767309779  maxlinkdim=100 maxerr=2.86E-11 time=2.175
After sweep 1 energy=-126.94367358649248  maxlinkdim=100 maxerr=6.38E-13 time=2.135
After sweep 1 energy=-126.94814415243093  maxlinkdim=100 maxerr=2.53E-13 time=2.156
After sweep 1 energy=-126.9506427810777  maxlinkdim=100 maxerr=1.12E-13 time=1.989
After sweep 1 energy=-126.95255845901904  maxlinkdim=100 maxerr=1.18E-13 time=1.966
After sweep 1 energy=-126.95426708922433  maxlinkdim=100 maxerr=9.76E-14 time=1.973
After sweep 1 energy=-126.95587506279199  maxlinkdim=100 maxerr=1.11E-13 time=1.876
After sweep 1 energy=-126.95738460687315  maxlinkdim=100 maxerr=7.57E-14 time=1.817
After sweep 1 energy=-126.95863513286619  maxlinkdim=100 maxerr=5.27E-14 time=1.905
0.11029504052213816After sweep 1 energy=-126.7251680848078  maxlinkdim=100 maxerr=6.68E-04 time=2.241
After sweep 1 energy=-126.87505081369252  maxlinkdim=100 maxerr=3.70E-11 time=2.327
After sweep 1 energy=-126.9275107332188  maxlinkdim=100 maxerr=4.04E-12 time=2.279
After sweep 1 energy=-126.94872530486934  maxlinkdim=100 maxerr=4.58E-12 time=2.096
After sweep 1 energy=-126.95527815423019  maxlinkdim=100 maxerr=2.66E-12 time=2.019
After sweep 1 energy=-126.95772216925381  maxlinkdim=100 maxerr=3.24E-13 time=2.091
After sweep 1 energy=-126.9591020098139  maxlinkdim=100 maxerr=1.05E-13 time=1.867
After sweep 1 energy=-126.96003605925561  maxlinkdim=100 maxerr=4.81E-14 time=1.899
After sweep 1 energy=-126.96068196066315  maxlinkdim=100 maxerr=2.06E-14 time=2.036
After sweep 1 energy=-126.96116209796487  maxlinkdim=100 maxerr=1.05E-14 time=1.886
0.5645776510691388After sweep 1 energy=-126.77078565527391  maxlinkdim=100 maxerr=7.09E-04 time=2.182
After sweep 1 energy=-126.86047833863844  maxlinkdim=100 maxerr=4.24E-11 time=2.127
After sweep 1 energy=-126.88420411075013  maxlinkdim=100 maxerr=1.68E-12 time=2.089
After sweep 1 energy=-126.90047196746046  maxlinkdim=100 maxerr=8.18E-13 time=2.195
After sweep 1 energy=-126.91343005578688  maxlinkdim=100 maxerr=7.85E-13 time=2.145
After sweep 1 energy=-126.92354945216297  maxlinkdim=100 maxerr=6.85E-13 time=2.191
After sweep 1 energy=-126.93098534988725  maxlinkdim=100 maxerr=4.28E-13 time=2.076
After sweep 1 energy=-126.93686103269266  maxlinkdim=100 maxerr=2.55E-13 time=2.021
After sweep 1 energy=-126.94157628497852  maxlinkdim=100 maxerr=1.05E-13 time=2.165
After sweep 1 energy=-126.94550437345518  maxlinkdim=100 maxerr=1.04E-13 time=2.118
0.05535901191995685After sweep 1 energy=-126.64202412401582  maxlinkdim=100 maxerr=7.32E-04 time=2.294
After sweep 1 energy=-126.84554898622203  maxlinkdim=100 maxerr=5.23E-11 time=2.318
After sweep 1 energy=-126.90211055359734  maxlinkdim=100 maxerr=1.54E-11 time=2.287
After sweep 1 energy=-126.93399855192203  maxlinkdim=100 maxerr=1.25E-11 time=2.096
After sweep 1 energy=-126.9486531968793  maxlinkdim=100 maxerr=4.33E-12 time=2.062
After sweep 1 energy=-126.95544166652849  maxlinkdim=100 maxerr=2.04E-12 time=2.182
After sweep 1 energy=-126.95878541036556  maxlinkdim=100 maxerr=7.27E-13 time=2.118
After sweep 1 energy=-126.96051905107018  maxlinkdim=100 maxerr=3.16E-13 time=1.979
After sweep 1 energy=-126.96121709768778  maxlinkdim=100 maxerr=1.04E-13 time=1.906
After sweep 1 energy=-126.96151621890915  maxlinkdim=100 maxerr=2.97E-14 time=1.963
0.24347130268347617After sweep 1 energy=-126.52095169831408  maxlinkdim=100 maxerr=7.37E-04 time=2.208
After sweep 1 energy=-126.76498108261539  maxlinkdim=100 maxerr=5.29E-11 time=2.265
After sweep 1 energy=-126.84243489889768  maxlinkdim=100 maxerr=7.40E-12 time=2.268
After sweep 1 energy=-126.88757138542974  maxlinkdim=100 maxerr=2.70E-12 time=2.034
After sweep 1 energy=-126.92152234793257  maxlinkdim=100 maxerr=3.05E-12 time=1.993
After sweep 1 energy=-126.9408789544003  maxlinkdim=100 maxerr=2.15E-12 time=2.138
After sweep 1 energy=-126.95071803672302  maxlinkdim=100 maxerr=2.20E-12 time=2.141
After sweep 1 energy=-126.95547674804747  maxlinkdim=100 maxerr=4.78E-13 time=2.207
After sweep 1 energy=-126.95819877381635  maxlinkdim=100 maxerr=5.41E-13 time=2.011
After sweep 1 energy=-126.95989102088907  maxlinkdim=100 maxerr=8.78E-14 time=1.839
0.008682285699249243After sweep 1 energy=-126.81666732647864  maxlinkdim=100 maxerr=6.80E-04 time=2.208
After sweep 1 energy=-126.92935876478933  maxlinkdim=100 maxerr=3.55E-11 time=2.211
After sweep 1 energy=-126.94866378144862  maxlinkdim=100 maxerr=1.26E-12 time=2.171
After sweep 1 energy=-126.9540493806907  maxlinkdim=100 maxerr=2.19E-13 time=2.014
After sweep 1 energy=-126.95642470430678  maxlinkdim=100 maxerr=1.32E-13 time=1.939
After sweep 1 energy=-126.95791230458325  maxlinkdim=100 maxerr=6.85E-14 time=2.017
After sweep 1 energy=-126.95902474442462  maxlinkdim=100 maxerr=5.54E-14 time=2.082
After sweep 1 energy=-126.95989188433641  maxlinkdim=100 maxerr=5.18E-14 time=1.967
After sweep 1 energy=-126.96056654919104  maxlinkdim=100 maxerr=3.81E-14 time=1.913
After sweep 1 energy=-126.96106608508407  maxlinkdim=100 maxerr=1.90E-14 time=2.005
-0.02820037115570515After sweep 1 energy=-126.73362881959571  maxlinkdim=100 maxerr=7.29E-04 time=2.206
After sweep 1 energy=-126.87701978196722  maxlinkdim=100 maxerr=2.70E-11 time=2.282
After sweep 1 energy=-126.92000057369006  maxlinkdim=100 maxerr=3.84E-12 time=2.283
After sweep 1 energy=-126.94039589276215  maxlinkdim=100 maxerr=2.00E-12 time=2.053
After sweep 1 energy=-126.94950882410542  maxlinkdim=100 maxerr=1.32E-12 time=2.003
After sweep 1 energy=-126.95339060301832  maxlinkdim=100 maxerr=2.80E-13 time=2.002
After sweep 1 energy=-126.9557402134486  maxlinkdim=100 maxerr=1.89E-13 time=1.814
After sweep 1 energy=-126.95748464461398  maxlinkdim=100 maxerr=1.94E-13 time=1.907
After sweep 1 energy=-126.95883168535289  maxlinkdim=100 maxerr=1.05E-13 time=1.749
After sweep 1 energy=-126.95978489054752  maxlinkdim=100 maxerr=4.10E-14 time=1.831
-0.39381152765863997After sweep 1 energy=-126.83709480993137  maxlinkdim=100 maxerr=6.49E-04 time=2.240
After sweep 1 energy=-126.92455874768672  maxlinkdim=100 maxerr=4.64E-11 time=2.282
After sweep 1 energy=-126.9381927146847  maxlinkdim=100 maxerr=4.57E-12 time=2.305
After sweep 1 energy=-126.94448835963297  maxlinkdim=100 maxerr=5.49E-13 time=2.108
After sweep 1 energy=-126.94818807445002  maxlinkdim=100 maxerr=9.08E-13 time=2.089
After sweep 1 energy=-126.95095706660518  maxlinkdim=100 maxerr=2.12E-12 time=2.084
After sweep 1 energy=-126.95304698811336  maxlinkdim=100 maxerr=1.92E-13 time=2.096
After sweep 1 energy=-126.95479612459975  maxlinkdim=100 maxerr=6.72E-13 time=1.907
After sweep 1 energy=-126.95653100000509  maxlinkdim=100 maxerr=1.93E-13 time=1.818
After sweep 1 energy=-126.95797028501096  maxlinkdim=100 maxerr=9.59E-14 time=1.913
Numero de qubits: 100 
Dimension max: 200 
Threads (LinearAlgebra) :15
Threads (Julia) :1


-0.0521627021824276After sweep 1 energy=-126.6390991821357  maxlinkdim=200 maxerr=7.45E-04 time=8.107
After sweep 1 energy=-126.80678689944246  maxlinkdim=200 maxerr=2.73E-11 time=7.875
After sweep 1 energy=-126.89926133923589  maxlinkdim=200 maxerr=1.55E-12 time=7.549
After sweep 1 energy=-126.94105551133747  maxlinkdim=200 maxerr=2.68E-13 time=7.368
After sweep 1 energy=-126.9561268661799  maxlinkdim=200 maxerr=1.35E-13 time=6.822
After sweep 1 energy=-126.9603649119009  maxlinkdim=200 maxerr=3.39E-14 time=6.341
After sweep 1 energy=-126.9614938979436  maxlinkdim=200 maxerr=7.67E-15 time=5.600
After sweep 1 energy=-126.96178704062059  maxlinkdim=200 maxerr=2.59E-15 time=4.954
After sweep 1 energy=-126.96185710972664  maxlinkdim=194 maxerr=1.00E-15 time=3.861
After sweep 1 energy=-126.9618730176125  maxlinkdim=170 maxerr=9.99E-16 time=2.846
-0.04855470205240655After sweep 1 energy=-126.85393605693109  maxlinkdim=200 maxerr=6.69E-04 time=7.859
After sweep 1 energy=-126.93116709614972  maxlinkdim=200 maxerr=1.98E-11 time=7.726
After sweep 1 energy=-126.94438803278668  maxlinkdim=200 maxerr=5.58E-13 time=7.554
After sweep 1 energy=-126.94972607416588  maxlinkdim=200 maxerr=1.80E-13 time=7.310
After sweep 1 energy=-126.95274099926878  maxlinkdim=200 maxerr=6.29E-14 time=7.182
After sweep 1 energy=-126.95495224991909  maxlinkdim=200 maxerr=9.27E-14 time=7.008
After sweep 1 energy=-126.9568206237636  maxlinkdim=200 maxerr=9.64E-14 time=6.998
After sweep 1 energy=-126.9583018500107  maxlinkdim=200 maxerr=5.32E-14 time=6.867
After sweep 1 energy=-126.95942558558562  maxlinkdim=200 maxerr=2.55E-14 time=6.765
After sweep 1 energy=-126.9602622611312  maxlinkdim=200 maxerr=7.67E-15 time=6.541
-0.02982651981920457After sweep 1 energy=-126.87331907710056  maxlinkdim=200 maxerr=7.21E-04 time=7.785
After sweep 1 energy=-126.93420040703752  maxlinkdim=200 maxerr=2.71E-11 time=7.805
After sweep 1 energy=-126.94660807460708  maxlinkdim=200 maxerr=3.45E-13 time=7.687
After sweep 1 energy=-126.95235400828602  maxlinkdim=200 maxerr=9.73E-14 time=7.383
After sweep 1 energy=-126.95566933450156  maxlinkdim=200 maxerr=1.07E-13 time=7.351
After sweep 1 energy=-126.95779768700426  maxlinkdim=200 maxerr=6.35E-14 time=7.175
After sweep 1 energy=-126.95924127013666  maxlinkdim=200 maxerr=3.76E-14 time=7.075
After sweep 1 energy=-126.96017454963996  maxlinkdim=200 maxerr=1.40E-14 time=6.960
After sweep 1 energy=-126.96081665085848  maxlinkdim=200 maxerr=7.19E-15 time=6.700
After sweep 1 energy=-126.96121411971957  maxlinkdim=200 maxerr=3.16E-15 time=6.626
0.20882629813160614After sweep 1 energy=-126.87801739551504  maxlinkdim=200 maxerr=6.78E-04 time=7.869
After sweep 1 energy=-126.9451389896292  maxlinkdim=200 maxerr=7.32E-12 time=7.704
After sweep 1 energy=-126.95175886177012  maxlinkdim=200 maxerr=6.25E-13 time=7.277
After sweep 1 energy=-126.9543103023527  maxlinkdim=200 maxerr=8.64E-14 time=6.893
After sweep 1 energy=-126.95605373677412  maxlinkdim=200 maxerr=2.94E-14 time=6.575
After sweep 1 energy=-126.95750536545222  maxlinkdim=200 maxerr=1.90E-14 time=6.606
After sweep 1 energy=-126.9587160379965  maxlinkdim=200 maxerr=1.03E-14 time=6.541
After sweep 1 energy=-126.95967532032236  maxlinkdim=200 maxerr=7.47E-15 time=6.409
After sweep 1 energy=-126.96044136765899  maxlinkdim=200 maxerr=6.05E-15 time=6.307
After sweep 1 energy=-126.96094388090117  maxlinkdim=200 maxerr=2.43E-15 time=5.943
0.018319662267183318After sweep 1 energy=-126.72108227021411  maxlinkdim=200 maxerr=7.32E-04 time=7.951
After sweep 1 energy=-126.88293416483444  maxlinkdim=200 maxerr=1.22E-11 time=7.858
After sweep 1 energy=-126.91057190841977  maxlinkdim=200 maxerr=9.69E-13 time=7.821
After sweep 1 energy=-126.92247769425516  maxlinkdim=200 maxerr=2.32E-13 time=7.414
After sweep 1 energy=-126.93046985061089  maxlinkdim=200 maxerr=1.83E-13 time=7.250
After sweep 1 energy=-126.93651317492528  maxlinkdim=200 maxerr=8.99E-14 time=7.236
After sweep 1 energy=-126.94133933215998  maxlinkdim=200 maxerr=4.88E-14 time=7.221
After sweep 1 energy=-126.94518351052817  maxlinkdim=200 maxerr=2.82E-14 time=7.259
After sweep 1 energy=-126.94844981392757  maxlinkdim=200 maxerr=4.23E-14 time=7.020
After sweep 1 energy=-126.95094552690823  maxlinkdim=200 maxerr=1.34E-14 time=6.656
-0.20418311167307354After sweep 1 energy=-126.72539720026207  maxlinkdim=200 maxerr=5.99E-04 time=7.915
After sweep 1 energy=-126.90963210052426  maxlinkdim=200 maxerr=5.41E-11 time=7.776
After sweep 1 energy=-126.93840760879053  maxlinkdim=200 maxerr=1.10E-12 time=7.696
After sweep 1 energy=-126.94878590817585  maxlinkdim=200 maxerr=3.12E-13 time=7.499
After sweep 1 energy=-126.95357335822389  maxlinkdim=200 maxerr=1.09E-13 time=7.167
After sweep 1 energy=-126.95621029648741  maxlinkdim=200 maxerr=6.39E-14 time=7.055
After sweep 1 energy=-126.95793607615128  maxlinkdim=200 maxerr=3.34E-14 time=7.040
After sweep 1 energy=-126.95916595701583  maxlinkdim=200 maxerr=1.65E-14 time=6.721
After sweep 1 energy=-126.96005511683215  maxlinkdim=200 maxerr=1.22E-14 time=6.358
After sweep 1 energy=-126.96068031647653  maxlinkdim=200 maxerr=7.37E-15 time=6.023
0.06591789959093905After sweep 1 energy=-126.71089494422426  maxlinkdim=200 maxerr=6.80E-04 time=7.949
After sweep 1 energy=-126.90997434427128  maxlinkdim=200 maxerr=3.48E-11 time=7.842
After sweep 1 energy=-126.94624538181813  maxlinkdim=200 maxerr=1.10E-12 time=7.498
After sweep 1 energy=-126.95566261293658  maxlinkdim=200 maxerr=1.17E-13 time=7.289
After sweep 1 energy=-126.95896971979774  maxlinkdim=200 maxerr=5.90E-14 time=7.251
After sweep 1 energy=-126.96038566977819  maxlinkdim=200 maxerr=1.63E-14 time=6.879
After sweep 1 energy=-126.96106197449276  maxlinkdim=200 maxerr=6.95E-15 time=6.507
After sweep 1 energy=-126.96141008915373  maxlinkdim=200 maxerr=2.53E-15 time=5.764
After sweep 1 energy=-126.96160560640331  maxlinkdim=200 maxerr=1.15E-15 time=4.871
After sweep 1 energy=-126.9617190487361  maxlinkdim=198 maxerr=9.99E-16 time=4.181
-0.05957908322905478After sweep 1 energy=-126.87276852518966  maxlinkdim=200 maxerr=6.72E-04 time=7.844
After sweep 1 energy=-126.9315969988934  maxlinkdim=200 maxerr=6.73E-12 time=7.696
After sweep 1 energy=-126.94889025282612  maxlinkdim=200 maxerr=1.55E-13 time=7.335
After sweep 1 energy=-126.95599248294711  maxlinkdim=200 maxerr=2.75E-14 time=6.935
After sweep 1 energy=-126.95908024282129  maxlinkdim=200 maxerr=1.52E-14 time=6.629
After sweep 1 energy=-126.96050803896722  maxlinkdim=200 maxerr=5.67E-15 time=6.497
After sweep 1 energy=-126.96121936191511  maxlinkdim=200 maxerr=1.07E-14 time=6.451
After sweep 1 energy=-126.96152877182318  maxlinkdim=200 maxerr=1.69E-15 time=6.089
After sweep 1 energy=-126.96168573597079  maxlinkdim=192 maxerr=9.99E-16 time=5.308
After sweep 1 energy=-126.96176883460332  maxlinkdim=185 maxerr=9.99E-16 time=4.543
-0.22601228586831398After sweep 1 energy=-126.7535770713104  maxlinkdim=200 maxerr=7.43E-04 time=7.854
After sweep 1 energy=-126.90664244034673  maxlinkdim=200 maxerr=2.93E-11 time=7.656
After sweep 1 energy=-126.9424069219314  maxlinkdim=200 maxerr=8.57E-13 time=7.482
After sweep 1 energy=-126.9547019960968  maxlinkdim=200 maxerr=2.09E-13 time=7.071
After sweep 1 energy=-126.95865069660304  maxlinkdim=200 maxerr=5.32E-14 time=6.780
After sweep 1 energy=-126.9602819977766  maxlinkdim=200 maxerr=3.31E-14 time=6.367
After sweep 1 energy=-126.96102148910255  maxlinkdim=200 maxerr=8.08E-15 time=6.309
After sweep 1 energy=-126.96139499746704  maxlinkdim=200 maxerr=2.92E-15 time=5.786
After sweep 1 energy=-126.96159997475615  maxlinkdim=200 maxerr=1.48E-15 time=5.038
After sweep 1 energy=-126.96171857165106  maxlinkdim=199 maxerr=1.00E-15 time=4.276
-0.10514142684064981After sweep 1 energy=-126.61086540542628  maxlinkdim=200 maxerr=5.53E-04 time=7.913
After sweep 1 energy=-126.8234362043389  maxlinkdim=200 maxerr=1.12E-11 time=7.679
After sweep 1 energy=-126.88643173438669  maxlinkdim=200 maxerr=2.32E-12 time=7.482
After sweep 1 energy=-126.91608961034984  maxlinkdim=200 maxerr=5.64E-13 time=7.389
After sweep 1 energy=-126.93409308924673  maxlinkdim=200 maxerr=2.75E-13 time=7.287
After sweep 1 energy=-126.94465423403955  maxlinkdim=200 maxerr=1.14E-13 time=7.206
After sweep 1 energy=-126.95109223401883  maxlinkdim=200 maxerr=5.66E-14 time=7.204
After sweep 1 energy=-126.95480251199177  maxlinkdim=200 maxerr=2.57E-14 time=6.869
After sweep 1 energy=-126.95714743755053  maxlinkdim=200 maxerr=1.67E-14 time=6.586
After sweep 1 energy=-126.95877417572206  maxlinkdim=200 maxerr=8.59E-15 time=6.428
Numero de qubits: 100 
Dimension max: 300 
Threads (LinearAlgebra) :15
Threads (Julia) :1


-0.03596156138510355After sweep 1 energy=-126.91665280136647  maxlinkdim=300 maxerr=5.48E-04 time=17.427
After sweep 1 energy=-126.94815068168306  maxlinkdim=300 maxerr=4.15E-12 time=16.827
After sweep 1 energy=-126.95189855404966  maxlinkdim=300 maxerr=8.48E-14 time=16.135
After sweep 1 energy=-126.95406692788534  maxlinkdim=300 maxerr=2.81E-14 time=14.751
After sweep 1 energy=-126.95581803720886  maxlinkdim=300 maxerr=1.01E-14 time=13.867
After sweep 1 energy=-126.95732040911271  maxlinkdim=300 maxerr=8.35E-15 time=13.066
After sweep 1 energy=-126.95858250072936  maxlinkdim=300 maxerr=5.95E-15 time=12.586
After sweep 1 energy=-126.9595843611248  maxlinkdim=300 maxerr=5.01E-15 time=11.860
After sweep 1 energy=-126.96032116886656  maxlinkdim=300 maxerr=4.46E-15 time=10.983
After sweep 1 energy=-126.96084262765699  maxlinkdim=300 maxerr=3.05E-15 time=10.242
-0.013974874987211365After sweep 1 energy=-126.78388652646522  maxlinkdim=300 maxerr=5.78E-04 time=17.421
After sweep 1 energy=-126.8909760856092  maxlinkdim=300 maxerr=1.10E-11 time=16.826
After sweep 1 energy=-126.9334612328663  maxlinkdim=300 maxerr=4.01E-13 time=16.451
After sweep 1 energy=-126.95121073673285  maxlinkdim=300 maxerr=3.17E-13 time=15.703
After sweep 1 energy=-126.95807371796555  maxlinkdim=300 maxerr=1.11E-13 time=15.292
After sweep 1 energy=-126.96042027175407  maxlinkdim=300 maxerr=1.56E-14 time=14.732
After sweep 1 energy=-126.9612873907405  maxlinkdim=300 maxerr=3.13E-15 time=14.189
After sweep 1 energy=-126.96162767202979  maxlinkdim=299 maxerr=1.09E-15 time=12.988
After sweep 1 energy=-126.96176407532559  maxlinkdim=288 maxerr=9.99E-16 time=10.963
After sweep 1 energy=-126.9618216739477  maxlinkdim=267 maxerr=9.98E-16 time=8.832
-0.0715924869933922After sweep 1 energy=-126.87980635379292  maxlinkdim=300 maxerr=5.42E-04 time=16.960
After sweep 1 energy=-126.93365683515106  maxlinkdim=300 maxerr=4.61E-12 time=16.427
After sweep 1 energy=-126.94772728926417  maxlinkdim=300 maxerr=5.27E-13 time=16.139
After sweep 1 energy=-126.95483076642567  maxlinkdim=300 maxerr=1.39E-13 time=15.839
After sweep 1 energy=-126.95844612537978  maxlinkdim=300 maxerr=4.39E-14 time=15.449
After sweep 1 energy=-126.96018493283002  maxlinkdim=300 maxerr=1.63E-14 time=14.529
After sweep 1 energy=-126.96102215787337  maxlinkdim=300 maxerr=4.43E-15 time=13.216
After sweep 1 energy=-126.96144033913218  maxlinkdim=300 maxerr=1.77E-15 time=11.610
After sweep 1 energy=-126.96164592033989  maxlinkdim=297 maxerr=1.00E-15 time=9.997
After sweep 1 energy=-126.96175348629325  maxlinkdim=290 maxerr=1.00E-15 time=8.052
0.06998312097773647After sweep 1 energy=-126.87240569475875  maxlinkdim=300 maxerr=6.02E-04 time=17.175
After sweep 1 energy=-126.94382712503685  maxlinkdim=300 maxerr=1.26E-11 time=16.500
After sweep 1 energy=-126.95624180383857  maxlinkdim=300 maxerr=2.28E-13 time=16.253
After sweep 1 energy=-126.95992311996537  maxlinkdim=300 maxerr=7.11E-14 time=15.630
After sweep 1 energy=-126.96118169730755  maxlinkdim=300 maxerr=2.07E-14 time=15.283
After sweep 1 energy=-126.96163029777199  maxlinkdim=300 maxerr=8.63E-15 time=14.839
After sweep 1 energy=-126.96178767383508  maxlinkdim=300 maxerr=3.72E-15 time=13.381
After sweep 1 energy=-126.96184211287243  maxlinkdim=298 maxerr=1.00E-15 time=10.645
After sweep 1 energy=-126.96186242307442  maxlinkdim=290 maxerr=1.00E-15 time=7.567
After sweep 1 energy=-126.96187124347198  maxlinkdim=275 maxerr=9.98E-16 time=5.171
-0.12679215241643257After sweep 1 energy=-126.85259414972134  maxlinkdim=300 maxerr=4.99E-04 time=17.423
After sweep 1 energy=-126.94152663019159  maxlinkdim=300 maxerr=5.85E-12 time=17.095
After sweep 1 energy=-126.95194897687298  maxlinkdim=300 maxerr=5.06E-13 time=16.563
After sweep 1 energy=-126.95517137828593  maxlinkdim=300 maxerr=3.43E-14 time=16.241
After sweep 1 energy=-126.95714825196323  maxlinkdim=300 maxerr=2.27E-14 time=15.989
After sweep 1 energy=-126.9585731453991  maxlinkdim=300 maxerr=1.21E-14 time=15.836
After sweep 1 energy=-126.95958812010964  maxlinkdim=300 maxerr=6.33E-15 time=15.403
After sweep 1 energy=-126.96032549685924  maxlinkdim=300 maxerr=3.60E-15 time=15.148
After sweep 1 energy=-126.96084553468955  maxlinkdim=300 maxerr=3.75E-15 time=14.515
After sweep 1 energy=-126.96120226268191  maxlinkdim=300 maxerr=2.12E-15 time=13.876
0.08797497301715473After sweep 1 energy=-126.85171543662065  maxlinkdim=300 maxerr=6.05E-04 time=17.044
After sweep 1 energy=-126.92058936854897  maxlinkdim=300 maxerr=9.44E-12 time=16.339
After sweep 1 energy=-126.94030617814845  maxlinkdim=300 maxerr=6.24E-13 time=16.176
After sweep 1 energy=-126.95130775179558  maxlinkdim=300 maxerr=1.49E-13 time=15.958
After sweep 1 energy=-126.95687024060165  maxlinkdim=300 maxerr=5.74E-14 time=15.790
After sweep 1 energy=-126.95950055335905  maxlinkdim=300 maxerr=3.20E-14 time=15.427
After sweep 1 energy=-126.96069673282722  maxlinkdim=300 maxerr=1.03E-14 time=14.941
After sweep 1 energy=-126.96127382848242  maxlinkdim=300 maxerr=4.01E-15 time=13.937
After sweep 1 energy=-126.9615652696813  maxlinkdim=300 maxerr=1.71E-15 time=11.315
After sweep 1 energy=-126.96170884363755  maxlinkdim=300 maxerr=1.00E-15 time=8.917
0.1748446651640597After sweep 1 energy=-126.82137223623197  maxlinkdim=300 maxerr=6.04E-04 time=17.220
After sweep 1 energy=-126.94158714330035  maxlinkdim=300 maxerr=8.37E-12 time=16.448
After sweep 1 energy=-126.95049597095854  maxlinkdim=300 maxerr=1.53E-13 time=16.039
After sweep 1 energy=-126.95338553532912  maxlinkdim=300 maxerr=1.78E-14 time=15.368
After sweep 1 energy=-126.95547094659757  maxlinkdim=300 maxerr=6.74E-15 time=13.524
After sweep 1 energy=-126.95713644163001  maxlinkdim=300 maxerr=3.54E-15 time=11.977
After sweep 1 energy=-126.95851092498431  maxlinkdim=300 maxerr=3.04E-15 time=10.973
After sweep 1 energy=-126.95959088042356  maxlinkdim=300 maxerr=1.91E-15 time=10.209
After sweep 1 energy=-126.96035675343157  maxlinkdim=300 maxerr=1.16E-15 time=9.197
After sweep 1 energy=-126.96089295204624  maxlinkdim=294 maxerr=1.52E-15 time=8.192
0.0486688230233361After sweep 1 energy=-126.87848342341344  maxlinkdim=300 maxerr=5.58E-04 time=17.504
After sweep 1 energy=-126.94170791640464  maxlinkdim=300 maxerr=1.28E-11 time=16.725
After sweep 1 energy=-126.95310616114045  maxlinkdim=300 maxerr=4.03E-13 time=16.306
After sweep 1 energy=-126.95766934929817  maxlinkdim=300 maxerr=6.79E-14 time=14.788
After sweep 1 energy=-126.95974929104129  maxlinkdim=300 maxerr=1.11E-14 time=13.279
After sweep 1 energy=-126.96075634811817  maxlinkdim=300 maxerr=3.16E-15 time=11.867
After sweep 1 energy=-126.96127978873001  maxlinkdim=300 maxerr=1.23E-15 time=10.063
After sweep 1 energy=-126.96156251054488  maxlinkdim=287 maxerr=1.00E-15 time=8.135
After sweep 1 energy=-126.96170802795928  maxlinkdim=273 maxerr=9.99E-16 time=6.435
After sweep 1 energy=-126.96178478469434  maxlinkdim=254 maxerr=1.00E-15 time=5.166
0.18053055170649654After sweep 1 energy=-126.86731337754075  maxlinkdim=300 maxerr=6.32E-04 time=17.344
After sweep 1 energy=-126.94395781070052  maxlinkdim=300 maxerr=2.71E-11 time=16.702
After sweep 1 energy=-126.95532746306661  maxlinkdim=300 maxerr=8.06E-13 time=16.437
After sweep 1 energy=-126.95888367496156  maxlinkdim=300 maxerr=4.43E-14 time=15.852
After sweep 1 energy=-126.96039755843353  maxlinkdim=300 maxerr=1.73E-14 time=14.355
After sweep 1 energy=-126.96109281514974  maxlinkdim=300 maxerr=4.47E-15 time=12.619
After sweep 1 energy=-126.96145419150265  maxlinkdim=300 maxerr=1.68E-15 time=11.152
After sweep 1 energy=-126.96164326724376  maxlinkdim=298 maxerr=9.99E-16 time=9.839
After sweep 1 energy=-126.96174563715567  maxlinkdim=287 maxerr=1.00E-15 time=8.524
After sweep 1 energy=-126.96180140286488  maxlinkdim=274 maxerr=1.00E-15 time=7.324
0.08645792090758835After sweep 1 energy=-126.83594700882246  maxlinkdim=300 maxerr=5.55E-04 time=17.219
After sweep 1 energy=-126.93655575522885  maxlinkdim=300 maxerr=1.07E-11 time=16.812
After sweep 1 energy=-126.946670229693  maxlinkdim=300 maxerr=5.52E-13 time=16.508
After sweep 1 energy=-126.95063716687996  maxlinkdim=300 maxerr=8.54E-14 time=15.774
After sweep 1 energy=-126.95334705008634  maxlinkdim=300 maxerr=5.81E-14 time=15.458
After sweep 1 energy=-126.95551277437652  maxlinkdim=300 maxerr=1.65E-14 time=15.259
After sweep 1 energy=-126.95727799747658  maxlinkdim=300 maxerr=6.41E-15 time=14.660
After sweep 1 energy=-126.95866461103786  maxlinkdim=300 maxerr=3.20E-15 time=13.776
After sweep 1 energy=-126.9597120736726  maxlinkdim=300 maxerr=2.81E-15 time=12.664
After sweep 1 energy=-126.96046392111603  maxlinkdim=300 maxerr=2.42E-15 time=11.212
Numero de qubits: 100 
Dimension max: 400 
Threads (LinearAlgebra) :15
Threads (Julia) :1


-0.143662495163047After sweep 1 energy=-126.84699070916963  maxlinkdim=400 maxerr=6.33E-04 time=30.995
After sweep 1 energy=-126.9335207465324  maxlinkdim=400 maxerr=1.30E-11 time=29.706
After sweep 1 energy=-126.94379089415243  maxlinkdim=400 maxerr=3.46E-13 time=29.471
After sweep 1 energy=-126.94800130594787  maxlinkdim=400 maxerr=6.02E-14 time=27.002
After sweep 1 energy=-126.95086624670589  maxlinkdim=400 maxerr=3.41E-14 time=24.685
After sweep 1 energy=-126.95314561929038  maxlinkdim=400 maxerr=3.64E-14 time=23.476
After sweep 1 energy=-126.9551290815001  maxlinkdim=400 maxerr=3.64E-14 time=23.139
After sweep 1 energy=-126.95686033757838  maxlinkdim=400 maxerr=3.34E-14 time=23.280
After sweep 1 energy=-126.95823438165404  maxlinkdim=400 maxerr=1.07E-14 time=22.940
After sweep 1 energy=-126.95931247576596  maxlinkdim=400 maxerr=7.30E-15 time=22.187
-0.061455785187526896After sweep 1 energy=-126.72354595690737  maxlinkdim=400 maxerr=5.99E-04 time=30.978
After sweep 1 energy=-126.8927270040012  maxlinkdim=400 maxerr=5.57E-12 time=29.435
After sweep 1 energy=-126.92038468741825  maxlinkdim=400 maxerr=3.68E-13 time=26.327
After sweep 1 energy=-126.9316888996093  maxlinkdim=400 maxerr=3.81E-14 time=20.481
After sweep 1 energy=-126.93811205313108  maxlinkdim=400 maxerr=2.25E-14 time=17.290
After sweep 1 energy=-126.94260446385266  maxlinkdim=400 maxerr=1.79E-14 time=16.685
After sweep 1 energy=-126.94625292078737  maxlinkdim=400 maxerr=2.22E-14 time=17.125
After sweep 1 energy=-126.94917246006383  maxlinkdim=400 maxerr=9.83E-15 time=17.884
After sweep 1 energy=-126.95157988117468  maxlinkdim=400 maxerr=3.66E-15 time=17.700
After sweep 1 energy=-126.95365029590413  maxlinkdim=400 maxerr=1.90E-15 time=16.668
-0.1192031666230458After sweep 1 energy=-126.80738427272588  maxlinkdim=400 maxerr=6.71E-04 time=30.205
After sweep 1 energy=-126.8814315007682  maxlinkdim=400 maxerr=1.04E-11 time=29.406
After sweep 1 energy=-126.91100498560318  maxlinkdim=400 maxerr=7.57E-13 time=28.714
After sweep 1 energy=-126.93082316963967  maxlinkdim=400 maxerr=1.24E-13 time=28.170
After sweep 1 energy=-126.94296067647498  maxlinkdim=400 maxerr=5.42E-14 time=26.346
After sweep 1 energy=-126.94993038060684  maxlinkdim=400 maxerr=7.91E-14 time=23.271
After sweep 1 energy=-126.95411780759311  maxlinkdim=400 maxerr=6.82E-14 time=20.385
After sweep 1 energy=-126.95677209280855  maxlinkdim=400 maxerr=5.58E-15 time=17.414
After sweep 1 energy=-126.95861015712111  maxlinkdim=400 maxerr=1.76E-15 time=14.585
After sweep 1 energy=-126.95987050612543  maxlinkdim=400 maxerr=1.02E-15 time=13.173
0.050337930679492444After sweep 1 energy=-126.76013440724813  maxlinkdim=400 maxerr=6.20E-04 time=30.183
After sweep 1 energy=-126.90788515076837  maxlinkdim=400 maxerr=1.53E-11 time=29.645
After sweep 1 energy=-126.93594922420294  maxlinkdim=400 maxerr=6.85E-13 time=29.020
After sweep 1 energy=-126.94414628377285  maxlinkdim=400 maxerr=5.55E-14 time=27.972
After sweep 1 energy=-126.94822438728207  maxlinkdim=400 maxerr=1.54E-14 time=25.713
After sweep 1 energy=-126.95096730502834  maxlinkdim=400 maxerr=1.02E-14 time=22.312
After sweep 1 energy=-126.95319790301997  maxlinkdim=400 maxerr=1.00E-14 time=18.098
After sweep 1 energy=-126.95514076277964  maxlinkdim=400 maxerr=5.23E-15 time=15.530
After sweep 1 energy=-126.95686862825544  maxlinkdim=400 maxerr=3.85E-15 time=14.287
After sweep 1 energy=-126.95830914173027  maxlinkdim=400 maxerr=1.61E-15 time=13.334
0.03318082800915493After sweep 1 energy=-126.54265416149165  maxlinkdim=400 maxerr=6.26E-04 time=30.089
After sweep 1 energy=-126.8647783577082  maxlinkdim=400 maxerr=8.30E-12 time=29.360
After sweep 1 energy=-126.94423009159271  maxlinkdim=400 maxerr=9.44E-13 time=28.282
After sweep 1 energy=-126.95842358966732  maxlinkdim=400 maxerr=6.45E-14 time=24.947
After sweep 1 energy=-126.96106336493837  maxlinkdim=400 maxerr=2.34E-14 time=19.295
After sweep 1 energy=-126.96162153108199  maxlinkdim=400 maxerr=7.07E-15 time=14.663
After sweep 1 energy=-126.96176735253519  maxlinkdim=400 maxerr=1.77E-15 time=11.108
After sweep 1 energy=-126.96181972181776  maxlinkdim=394 maxerr=9.99E-16 time=8.608
After sweep 1 energy=-126.96184428023209  maxlinkdim=386 maxerr=1.00E-15 time=6.839
After sweep 1 energy=-126.96185791432373  maxlinkdim=370 maxerr=9.97E-16 time=5.567
-0.08902580049809503After sweep 1 energy=-126.86004411336673  maxlinkdim=400 maxerr=6.61E-04 time=30.219
After sweep 1 energy=-126.95379053983469  maxlinkdim=400 maxerr=4.15E-12 time=29.180
After sweep 1 energy=-126.9596965159256  maxlinkdim=400 maxerr=3.03E-13 time=27.490
After sweep 1 energy=-126.96089353799536  maxlinkdim=400 maxerr=1.02E-14 time=24.348
After sweep 1 energy=-126.96135978223414  maxlinkdim=400 maxerr=4.57E-15 time=20.362
After sweep 1 energy=-126.96159019763441  maxlinkdim=388 maxerr=1.09E-15 time=16.605
After sweep 1 energy=-126.96171866672078  maxlinkdim=377 maxerr=1.00E-15 time=13.867
After sweep 1 energy=-126.96178717510384  maxlinkdim=367 maxerr=1.00E-15 time=11.848
After sweep 1 energy=-126.96182539756192  maxlinkdim=350 maxerr=1.00E-15 time=9.919
After sweep 1 energy=-126.96184729064792  maxlinkdim=332 maxerr=9.99E-16 time=8.254
0.1303125440956983After sweep 1 energy=-126.70971968235307  maxlinkdim=400 maxerr=6.40E-04 time=30.267
After sweep 1 energy=-126.91100327771646  maxlinkdim=400 maxerr=1.28E-11 time=29.371
After sweep 1 energy=-126.93399609690783  maxlinkdim=400 maxerr=2.96E-13 time=27.293
After sweep 1 energy=-126.94268632482692  maxlinkdim=400 maxerr=1.95E-13 time=24.620
After sweep 1 energy=-126.9472825575294  maxlinkdim=400 maxerr=2.79E-14 time=23.631
After sweep 1 energy=-126.95037244594442  maxlinkdim=400 maxerr=3.18E-14 time=22.503
After sweep 1 energy=-126.9526928976653  maxlinkdim=400 maxerr=1.25E-14 time=21.245
After sweep 1 energy=-126.9546730418902  maxlinkdim=400 maxerr=4.44E-15 time=20.242
After sweep 1 energy=-126.95643438919383  maxlinkdim=400 maxerr=4.14E-15 time=19.880
After sweep 1 energy=-126.95792328736327  maxlinkdim=400 maxerr=3.86E-15 time=19.500
0.1183182443664719After sweep 1 energy=-126.80555775805676  maxlinkdim=400 maxerr=6.70E-04 time=30.080
After sweep 1 energy=-126.91144193368315  maxlinkdim=400 maxerr=4.99E-12 time=29.299
After sweep 1 energy=-126.94081900714517  maxlinkdim=400 maxerr=4.14E-13 time=27.232
After sweep 1 energy=-126.95135801850515  maxlinkdim=400 maxerr=4.16E-14 time=23.760
After sweep 1 energy=-126.95620993405413  maxlinkdim=400 maxerr=1.17E-14 time=19.541
After sweep 1 energy=-126.95870590797313  maxlinkdim=400 maxerr=3.72E-15 time=16.893
After sweep 1 energy=-126.96003543057404  maxlinkdim=395 maxerr=1.42E-15 time=14.428
After sweep 1 energy=-126.9608033668415  maxlinkdim=354 maxerr=9.99E-16 time=11.931
After sweep 1 energy=-126.9612472855512  maxlinkdim=336 maxerr=1.00E-15 time=9.718
After sweep 1 energy=-126.96151819208485  maxlinkdim=315 maxerr=1.00E-15 time=7.732
-0.08343877736977971After sweep 1 energy=-126.82420134385012  maxlinkdim=400 maxerr=6.67E-04 time=30.915
After sweep 1 energy=-126.89908742088485  maxlinkdim=400 maxerr=4.12E-12 time=29.263
After sweep 1 energy=-126.91794433054692  maxlinkdim=400 maxerr=6.30E-13 time=28.539
After sweep 1 energy=-126.92471110149253  maxlinkdim=400 maxerr=4.87E-14 time=27.330
After sweep 1 energy=-126.92766006543992  maxlinkdim=400 maxerr=1.95E-14 time=24.374
After sweep 1 energy=-126.92911254098532  maxlinkdim=400 maxerr=5.31E-15 time=21.721
After sweep 1 energy=-126.92985231786732  maxlinkdim=400 maxerr=2.15E-15 time=19.579
After sweep 1 energy=-126.930229786444  maxlinkdim=399 maxerr=1.03E-15 time=17.430
After sweep 1 energy=-126.93042804837167  maxlinkdim=390 maxerr=1.00E-15 time=15.082
After sweep 1 energy=-126.93052422174146  maxlinkdim=369 maxerr=1.00E-15 time=12.323
0.0016275392541795072After sweep 1 energy=-126.59662877076364  maxlinkdim=400 maxerr=5.98E-04 time=30.032
After sweep 1 energy=-126.89001141946504  maxlinkdim=400 maxerr=2.93E-12 time=29.236
After sweep 1 energy=-126.93389443364697  maxlinkdim=400 maxerr=6.19E-13 time=27.522
After sweep 1 energy=-126.94335454581291  maxlinkdim=400 maxerr=6.15E-14 time=25.633
After sweep 1 energy=-126.94761520684489  maxlinkdim=400 maxerr=2.80E-14 time=24.313
After sweep 1 energy=-126.95040826152608  maxlinkdim=400 maxerr=1.38E-14 time=22.968
After sweep 1 energy=-126.95262964489321  maxlinkdim=400 maxerr=1.43E-14 time=21.732
After sweep 1 energy=-126.95463290521529  maxlinkdim=400 maxerr=1.33E-14 time=20.465
After sweep 1 energy=-126.9563856424978  maxlinkdim=400 maxerr=7.71E-15 time=19.515
After sweep 1 energy=-126.95797929695546  maxlinkdim=400 maxerr=5.20E-15 time=18.652
Numero de qubits: 100 
Dimension max: 500 
Threads (LinearAlgebra) :15
Threads (Julia) :1


0.13614174626303646After sweep 1 energy=-126.63003284206823  maxlinkdim=500 maxerr=6.70E-04 time=47.152
After sweep 1 energy=-126.88573766330596  maxlinkdim=500 maxerr=1.44E-11 time=45.166
After sweep 1 energy=-126.94001949860458  maxlinkdim=500 maxerr=3.28E-12 time=44.612
After sweep 1 energy=-126.95027961700961  maxlinkdim=500 maxerr=1.99E-13 time=43.449
After sweep 1 energy=-126.95402168738804  maxlinkdim=500 maxerr=3.72E-14 time=40.155
After sweep 1 energy=-126.95627349048917  maxlinkdim=500 maxerr=7.73E-15 time=34.026
After sweep 1 energy=-126.95802658716367  maxlinkdim=500 maxerr=3.51E-15 time=28.490
After sweep 1 energy=-126.95927497851551  maxlinkdim=483 maxerr=1.00E-15 time=23.099
After sweep 1 energy=-126.96017622636533  maxlinkdim=451 maxerr=1.00E-15 time=18.117
After sweep 1 energy=-126.9608631245307  maxlinkdim=473 maxerr=9.99E-16 time=13.889
-0.13154563059013585After sweep 1 energy=-126.87361081598418  maxlinkdim=500 maxerr=5.75E-04 time=46.836
After sweep 1 energy=-126.94430003812059  maxlinkdim=500 maxerr=3.74E-12 time=44.497
After sweep 1 energy=-126.95423716430679  maxlinkdim=500 maxerr=1.31E-13 time=43.709
After sweep 1 energy=-126.95754841403982  maxlinkdim=500 maxerr=1.76E-14 time=43.217
After sweep 1 energy=-126.95915881462307  maxlinkdim=500 maxerr=1.32E-14 time=41.369
After sweep 1 energy=-126.9601106571964  maxlinkdim=500 maxerr=5.72E-15 time=38.446
After sweep 1 energy=-126.9607208488495  maxlinkdim=500 maxerr=2.54E-15 time=35.043
After sweep 1 energy=-126.96112280444305  maxlinkdim=500 maxerr=1.43E-15 time=31.537
After sweep 1 energy=-126.96138877642163  maxlinkdim=500 maxerr=1.02E-15 time=27.983
After sweep 1 energy=-126.96156464348289  maxlinkdim=499 maxerr=1.00E-15 time=25.451
0.11114904121961706After sweep 1 energy=-126.78766382273119  maxlinkdim=500 maxerr=6.66E-04 time=46.599
After sweep 1 energy=-126.88925607831209  maxlinkdim=500 maxerr=2.05E-12 time=44.157
After sweep 1 energy=-126.9099577918283  maxlinkdim=500 maxerr=4.33E-13 time=40.760
After sweep 1 energy=-126.91951077186562  maxlinkdim=500 maxerr=2.15E-14 time=37.501
After sweep 1 energy=-126.92474061856097  maxlinkdim=500 maxerr=2.20E-14 time=33.859
After sweep 1 energy=-126.92753018254605  maxlinkdim=500 maxerr=1.17E-14 time=30.701
After sweep 1 energy=-126.92905230882856  maxlinkdim=500 maxerr=2.84E-15 time=28.120
After sweep 1 energy=-126.92992826362195  maxlinkdim=500 maxerr=1.04E-15 time=25.878
After sweep 1 energy=-126.93045774883882  maxlinkdim=493 maxerr=1.00E-15 time=23.555
After sweep 1 energy=-126.93084782896325  maxlinkdim=483 maxerr=1.00E-15 time=21.137
-0.07820339804484742After sweep 1 energy=-126.93183626535568  maxlinkdim=500 maxerr=6.61E-04 time=46.361
After sweep 1 energy=-126.95116599867936  maxlinkdim=500 maxerr=5.74E-12 time=44.682
After sweep 1 energy=-126.95475669521643  maxlinkdim=500 maxerr=1.77E-13 time=43.233
After sweep 1 energy=-126.95678356198056  maxlinkdim=500 maxerr=5.39E-14 time=41.537
After sweep 1 energy=-126.95822119745294  maxlinkdim=500 maxerr=8.68E-15 time=39.783
After sweep 1 energy=-126.95930830856406  maxlinkdim=500 maxerr=5.03E-15 time=38.124
After sweep 1 energy=-126.96011376416939  maxlinkdim=500 maxerr=2.80E-15 time=37.005
After sweep 1 energy=-126.96069600945934  maxlinkdim=500 maxerr=1.74E-15 time=35.202
After sweep 1 energy=-126.96111940324685  maxlinkdim=500 maxerr=1.35E-15 time=33.223
After sweep 1 energy=-126.9613891240886  maxlinkdim=499 maxerr=9.99E-16 time=30.499
-0.035365081584839815After sweep 1 energy=-126.70688912383798  maxlinkdim=500 maxerr=6.43E-04 time=46.631
After sweep 1 energy=-126.92661731023009  maxlinkdim=500 maxerr=1.73E-11 time=44.742
After sweep 1 energy=-126.949375478265  maxlinkdim=500 maxerr=6.10E-13 time=43.559
After sweep 1 energy=-126.9548189029458  maxlinkdim=500 maxerr=5.09E-14 time=42.541
After sweep 1 energy=-126.95720391598796  maxlinkdim=500 maxerr=2.75E-14 time=41.710
After sweep 1 energy=-126.95861459007838  maxlinkdim=500 maxerr=1.14E-14 time=39.269
After sweep 1 energy=-126.95963985954245  maxlinkdim=500 maxerr=7.00E-15 time=37.218
After sweep 1 energy=-126.96039064621739  maxlinkdim=500 maxerr=5.50E-15 time=35.894
After sweep 1 energy=-126.96094770437239  maxlinkdim=500 maxerr=5.81E-15 time=34.427
After sweep 1 energy=-126.96128359445136  maxlinkdim=500 maxerr=2.32E-15 time=32.758
0.025785995638276524After sweep 1 energy=-126.9051954607967  maxlinkdim=500 maxerr=6.81E-04 time=46.053
After sweep 1 energy=-126.94730723296337  maxlinkdim=500 maxerr=4.40E-12 time=44.142
After sweep 1 energy=-126.95272545765027  maxlinkdim=500 maxerr=1.30E-13 time=41.938
After sweep 1 energy=-126.95526312378531  maxlinkdim=500 maxerr=1.92E-14 time=40.554
After sweep 1 energy=-126.9570802071247  maxlinkdim=500 maxerr=8.79E-15 time=38.807
After sweep 1 energy=-126.95845415571827  maxlinkdim=500 maxerr=8.63E-15 time=36.944
After sweep 1 energy=-126.9594913108604  maxlinkdim=500 maxerr=5.88E-15 time=35.484
After sweep 1 energy=-126.96024758595864  maxlinkdim=500 maxerr=3.15E-15 time=33.751
After sweep 1 energy=-126.96078451190651  maxlinkdim=500 maxerr=2.24E-15 time=32.221
After sweep 1 energy=-126.96115934693661  maxlinkdim=500 maxerr=1.93E-15 time=30.096
-0.06664294423362065After sweep 1 energy=-126.8243331315617  maxlinkdim=500 maxerr=6.47E-04 time=46.006
After sweep 1 energy=-126.95415566806024  maxlinkdim=500 maxerr=5.79E-12 time=43.349
After sweep 1 energy=-126.95989918066279  maxlinkdim=470 maxerr=6.24E-14 time=32.876
After sweep 1 energy=-126.96098322205475  maxlinkdim=482 maxerr=1.62E-15 time=15.213
After sweep 1 energy=-126.96137503016259  maxlinkdim=432 maxerr=9.99E-16 time=9.120
After sweep 1 energy=-126.9615735955415  maxlinkdim=392 maxerr=1.00E-15 time=6.663
After sweep 1 energy=-126.96169028576033  maxlinkdim=364 maxerr=1.00E-15 time=5.459
After sweep 1 energy=-126.96176161696431  maxlinkdim=344 maxerr=1.00E-15 time=4.739
After sweep 1 energy=-126.9618063310898  maxlinkdim=324 maxerr=9.97E-16 time=3.916
After sweep 1 energy=-126.96183492435051  maxlinkdim=303 maxerr=9.96E-16 time=3.625
0.08292673790184497After sweep 1 energy=-126.83197061208352  maxlinkdim=500 maxerr=6.40E-04 time=46.124
After sweep 1 energy=-126.9421085594117  maxlinkdim=500 maxerr=8.48E-12 time=44.338
After sweep 1 energy=-126.95303604292893  maxlinkdim=500 maxerr=4.46E-14 time=37.468
After sweep 1 energy=-126.95639321815219  maxlinkdim=500 maxerr=5.93E-15 time=23.408
After sweep 1 energy=-126.9582033317347  maxlinkdim=500 maxerr=1.46E-15 time=17.519
After sweep 1 energy=-126.95941156651992  maxlinkdim=500 maxerr=1.59E-15 time=15.675
After sweep 1 energy=-126.96025560688336  maxlinkdim=497 maxerr=9.98E-16 time=14.807
After sweep 1 energy=-126.96085143780545  maxlinkdim=490 maxerr=1.00E-15 time=13.646
After sweep 1 energy=-126.96125878687516  maxlinkdim=477 maxerr=9.98E-16 time=12.703
After sweep 1 energy=-126.96151992089186  maxlinkdim=458 maxerr=9.98E-16 time=11.314
-0.009461256807556922After sweep 1 energy=-126.9051679454018  maxlinkdim=500 maxerr=6.80E-04 time=46.782
After sweep 1 energy=-126.93593459955643  maxlinkdim=500 maxerr=5.39E-12 time=44.542
After sweep 1 energy=-126.94351464296577  maxlinkdim=500 maxerr=4.42E-14 time=41.118
After sweep 1 energy=-126.94804704934921  maxlinkdim=500 maxerr=1.24E-14 time=35.181
After sweep 1 energy=-126.95099600031408  maxlinkdim=500 maxerr=2.44E-15 time=27.348
After sweep 1 energy=-126.95348264105414  maxlinkdim=500 maxerr=1.64E-15 time=21.626
After sweep 1 energy=-126.95557378477083  maxlinkdim=498 maxerr=1.22E-15 time=17.943
After sweep 1 energy=-126.95742659392145  maxlinkdim=500 maxerr=9.95E-15 time=16.207
After sweep 1 energy=-126.95891163295965  maxlinkdim=500 maxerr=1.44E-14 time=16.626
After sweep 1 energy=-126.95994288901767  maxlinkdim=497 maxerr=4.75E-15 time=15.938
0.028801981879730584After sweep 1 energy=-126.867800422378  maxlinkdim=500 maxerr=5.81E-04 time=47.045
After sweep 1 energy=-126.94617394944765  maxlinkdim=500 maxerr=4.59E-12 time=42.814
After sweep 1 energy=-126.95423213649055  maxlinkdim=500 maxerr=1.40E-13 time=34.264
After sweep 1 energy=-126.95652163004301  maxlinkdim=471 maxerr=1.00E-15 time=18.569
After sweep 1 energy=-126.95810196510891  maxlinkdim=461 maxerr=1.00E-15 time=11.861
After sweep 1 energy=-126.95926034217942  maxlinkdim=449 maxerr=1.00E-15 time=10.085
After sweep 1 energy=-126.96010255749074  maxlinkdim=451 maxerr=1.00E-15 time=9.686
After sweep 1 energy=-126.96071869857776  maxlinkdim=449 maxerr=1.00E-15 time=9.084
After sweep 1 energy=-126.96113281480298  maxlinkdim=443 maxerr=1.00E-15 time=8.791
After sweep 1 energy=-126.96140052184924  maxlinkdim=436 maxerr=9.99E-16 time=8.364
Numero de qubits: 100 
Dimension max: 600 
Threads (LinearAlgebra) :15
Threads (Julia) :1


-0.016387385859214117After sweep 1 energy=-126.88669292910761  maxlinkdim=600 maxerr=5.49E-04 time=69.479
After sweep 1 energy=-126.95171526848725  maxlinkdim=600 maxerr=4.22E-12 time=63.559
After sweep 1 energy=-126.95903763647108  maxlinkdim=600 maxerr=5.60E-14 time=53.609
After sweep 1 energy=-126.96057039921338  maxlinkdim=600 maxerr=1.75E-15 time=34.674
After sweep 1 energy=-126.96117743238695  maxlinkdim=591 maxerr=1.00E-15 time=25.911
After sweep 1 energy=-126.9614713156019  maxlinkdim=582 maxerr=1.00E-15 time=21.140
After sweep 1 energy=-126.96163259380715  maxlinkdim=573 maxerr=9.99E-16 time=18.034
After sweep 1 energy=-126.96172859322685  maxlinkdim=562 maxerr=9.99E-16 time=15.873
After sweep 1 energy=-126.96178722771269  maxlinkdim=549 maxerr=1.00E-15 time=14.041
After sweep 1 energy=-126.96182235227923  maxlinkdim=533 maxerr=9.99E-16 time=12.491
-0.07274655088997008After sweep 1 energy=-126.88395648389181  maxlinkdim=600 maxerr=5.29E-04 time=69.366
After sweep 1 energy=-126.94512192903012  maxlinkdim=600 maxerr=9.67E-12 time=63.342
After sweep 1 energy=-126.95353009902372  maxlinkdim=600 maxerr=1.26E-13 time=61.024
After sweep 1 energy=-126.95672660380868  maxlinkdim=600 maxerr=1.80E-14 time=53.699
After sweep 1 energy=-126.95853504506543  maxlinkdim=600 maxerr=1.29E-14 time=41.512
After sweep 1 energy=-126.95975836339977  maxlinkdim=600 maxerr=3.76E-15 time=35.058
After sweep 1 energy=-126.96052907984196  maxlinkdim=600 maxerr=1.00E-15 time=31.651
After sweep 1 energy=-126.96101973705184  maxlinkdim=590 maxerr=1.00E-15 time=28.102
After sweep 1 energy=-126.9613317844709  maxlinkdim=582 maxerr=1.00E-15 time=24.820
After sweep 1 energy=-126.96153280427396  maxlinkdim=570 maxerr=1.00E-15 time=21.644
-0.05992520303499743After sweep 1 energy=-126.6366636743447  maxlinkdim=600 maxerr=5.50E-04 time=67.703
After sweep 1 energy=-126.81305349231326  maxlinkdim=600 maxerr=1.03E-11 time=64.193
After sweep 1 energy=-126.88776268938597  maxlinkdim=600 maxerr=1.22E-13 time=60.105
After sweep 1 energy=-126.92205498653077  maxlinkdim=600 maxerr=3.13E-14 time=49.378
After sweep 1 energy=-126.93934807951368  maxlinkdim=600 maxerr=1.23E-14 time=41.599
After sweep 1 energy=-126.94825401586482  maxlinkdim=600 maxerr=2.60E-15 time=37.821
After sweep 1 energy=-126.95322925587818  maxlinkdim=600 maxerr=9.99E-16 time=33.748
After sweep 1 energy=-126.95615605749148  maxlinkdim=585 maxerr=1.00E-15 time=28.668
After sweep 1 energy=-126.95808654616677  maxlinkdim=573 maxerr=1.00E-15 time=24.477
After sweep 1 energy=-126.95936936772993  maxlinkdim=559 maxerr=1.00E-15 time=21.300
-0.013501919484317585After sweep 1 energy=-126.90892447431894  maxlinkdim=600 maxerr=5.13E-04 time=66.453
After sweep 1 energy=-126.9469892218874  maxlinkdim=600 maxerr=3.06E-12 time=64.152
After sweep 1 energy=-126.95171034401714  maxlinkdim=600 maxerr=3.44E-14 time=61.474
After sweep 1 energy=-126.954170557786  maxlinkdim=600 maxerr=1.10E-14 time=57.636
After sweep 1 energy=-126.95601041628919  maxlinkdim=600 maxerr=6.96E-15 time=50.734
After sweep 1 energy=-126.957542007668  maxlinkdim=600 maxerr=2.61E-15 time=46.057
After sweep 1 energy=-126.95884055979982  maxlinkdim=600 maxerr=2.57E-15 time=42.817
After sweep 1 energy=-126.9598181614986  maxlinkdim=600 maxerr=1.38E-15 time=39.795
After sweep 1 energy=-126.96051244478218  maxlinkdim=600 maxerr=1.26E-15 time=36.926
After sweep 1 energy=-126.96099383959248  maxlinkdim=595 maxerr=1.00E-15 time=34.045
0.03568692697113852After sweep 1 energy=-126.90538015258319  maxlinkdim=600 maxerr=5.50E-04 time=67.479
After sweep 1 energy=-126.95184734940247  maxlinkdim=600 maxerr=2.39E-12 time=63.680
After sweep 1 energy=-126.95962716476562  maxlinkdim=600 maxerr=6.57E-14 time=59.227
After sweep 1 energy=-126.96129036968716  maxlinkdim=576 maxerr=2.94E-15 time=43.649
After sweep 1 energy=-126.96169709756528  maxlinkdim=539 maxerr=1.00E-15 time=25.499
After sweep 1 energy=-126.96181163861581  maxlinkdim=504 maxerr=1.00E-15 time=15.970
After sweep 1 energy=-126.96184862085292  maxlinkdim=441 maxerr=1.00E-15 time=10.262
After sweep 1 energy=-126.96186319918141  maxlinkdim=301 maxerr=9.99E-16 time=6.253
After sweep 1 energy=-126.96187050854748  maxlinkdim=238 maxerr=9.99E-16 time=3.560
After sweep 1 energy=-126.961874613991  maxlinkdim=197 maxerr=1.00E-15 time=2.215
-0.06353490756421203After sweep 1 energy=-126.84540981753707  maxlinkdim=600 maxerr=5.45E-04 time=69.482
After sweep 1 energy=-126.90831212322288  maxlinkdim=600 maxerr=1.44E-12 time=64.032
After sweep 1 energy=-126.9277453949986  maxlinkdim=600 maxerr=4.15E-13 time=61.530
After sweep 1 energy=-126.93932349524262  maxlinkdim=600 maxerr=4.07E-14 time=59.411
After sweep 1 energy=-126.94595640753269  maxlinkdim=600 maxerr=7.34E-15 time=54.850
After sweep 1 energy=-126.94988487154272  maxlinkdim=600 maxerr=4.31E-15 time=45.895
After sweep 1 energy=-126.95253942802339  maxlinkdim=600 maxerr=2.39E-15 time=39.287
After sweep 1 energy=-126.95466248993283  maxlinkdim=600 maxerr=2.85E-15 time=34.712
After sweep 1 energy=-126.95648806599186  maxlinkdim=600 maxerr=1.80E-15 time=31.548
After sweep 1 energy=-126.95808148852494  maxlinkdim=600 maxerr=2.31E-15 time=29.660
0.022548283847895274After sweep 1 energy=-126.87237183098438  maxlinkdim=600 maxerr=4.85E-04 time=67.800
After sweep 1 energy=-126.93909997598763  maxlinkdim=600 maxerr=4.60E-12 time=63.769
After sweep 1 energy=-126.95316857025382  maxlinkdim=600 maxerr=5.27E-14 time=55.387
After sweep 1 energy=-126.95828167757472  maxlinkdim=600 maxerr=1.04E-14 time=44.143
After sweep 1 energy=-126.96032779581567  maxlinkdim=600 maxerr=6.66E-15 time=39.095
After sweep 1 energy=-126.96115400753735  maxlinkdim=600 maxerr=3.65E-15 time=35.777
After sweep 1 energy=-126.96151232131443  maxlinkdim=600 maxerr=1.98E-15 time=31.683
After sweep 1 energy=-126.9616805525086  maxlinkdim=598 maxerr=1.10E-15 time=27.513
After sweep 1 energy=-126.96176544530091  maxlinkdim=560 maxerr=1.00E-15 time=22.574
After sweep 1 energy=-126.96181175197982  maxlinkdim=443 maxerr=1.00E-15 time=16.187
0.006191842584433069After sweep 1 energy=-126.91838705427568  maxlinkdim=600 maxerr=4.57E-04 time=67.174
After sweep 1 energy=-126.95154033024343  maxlinkdim=600 maxerr=5.48E-12 time=64.008
After sweep 1 energy=-126.95837830938855  maxlinkdim=600 maxerr=2.76E-13 time=63.025
After sweep 1 energy=-126.96066088702484  maxlinkdim=600 maxerr=3.52E-14 time=62.139
After sweep 1 energy=-126.96139893273913  maxlinkdim=600 maxerr=3.42E-15 time=59.373
After sweep 1 energy=-126.9616747058926  maxlinkdim=599 maxerr=9.99E-16 time=52.342
After sweep 1 energy=-126.96178264215254  maxlinkdim=583 maxerr=1.00E-15 time=43.121
After sweep 1 energy=-126.96182861058873  maxlinkdim=552 maxerr=1.00E-15 time=32.575
After sweep 1 energy=-126.96185068093406  maxlinkdim=507 maxerr=9.99E-16 time=23.873
After sweep 1 energy=-126.9618620911992  maxlinkdim=456 maxerr=9.99E-16 time=16.974
-0.049570663120183704After sweep 1 energy=-126.91618932558552  maxlinkdim=600 maxerr=5.32E-04 time=69.317
After sweep 1 energy=-126.95125112529136  maxlinkdim=600 maxerr=1.63E-11 time=64.069
After sweep 1 energy=-126.95721214443944  maxlinkdim=600 maxerr=4.61E-13 time=63.002
After sweep 1 energy=-126.9591893469565  maxlinkdim=600 maxerr=2.34E-14 time=62.002
After sweep 1 energy=-126.96018586799416  maxlinkdim=600 maxerr=1.22E-14 time=60.425
After sweep 1 energy=-126.96078217056137  maxlinkdim=600 maxerr=6.27E-15 time=59.465
After sweep 1 energy=-126.96116616268931  maxlinkdim=600 maxerr=2.66E-15 time=56.736
After sweep 1 energy=-126.96141481177867  maxlinkdim=600 maxerr=1.47E-15 time=53.696
After sweep 1 energy=-126.9615792427621  maxlinkdim=597 maxerr=9.99E-16 time=49.924
After sweep 1 energy=-126.96168768143474  maxlinkdim=591 maxerr=9.99E-16 time=45.750
-0.09955553090690682After sweep 1 energy=-126.78815832025363  maxlinkdim=600 maxerr=5.37E-04 time=67.734
After sweep 1 energy=-126.91878786606627  maxlinkdim=600 maxerr=1.62E-12 time=59.491
After sweep 1 energy=-126.95143030002643  maxlinkdim=600 maxerr=4.93E-13 time=44.714
After sweep 1 energy=-126.95894286380906  maxlinkdim=570 maxerr=1.43E-14 time=25.870
After sweep 1 energy=-126.96103997844256  maxlinkdim=539 maxerr=4.61E-15 time=16.932
After sweep 1 energy=-126.96163689887712  maxlinkdim=485 maxerr=1.00E-15 time=11.856
After sweep 1 energy=-126.9617976492314  maxlinkdim=396 maxerr=9.99E-16 time=8.407
After sweep 1 energy=-126.96184465875322  maxlinkdim=332 maxerr=1.00E-15 time=6.073
After sweep 1 energy=-126.96186257207306  maxlinkdim=268 maxerr=1.00E-15 time=4.439
After sweep 1 energy=-126.96187017214402  maxlinkdim=223 maxerr=1.00E-15 time=3.230
Numero de qubits: 100 
Dimension max: 700 
Threads (LinearAlgebra) :15
Threads (Julia) :1


0.008569023281509536After sweep 1 energy=-126.83941235859132  maxlinkdim=700 maxerr=5.46E-04 time=93.927
After sweep 1 energy=-126.93543038177305  maxlinkdim=700 maxerr=4.25E-12 time=83.893
After sweep 1 energy=-126.95232591201368  maxlinkdim=700 maxerr=5.23E-14 time=73.207
After sweep 1 energy=-126.95744439798736  maxlinkdim=700 maxerr=7.42E-15 time=60.107
After sweep 1 energy=-126.95950966105454  maxlinkdim=700 maxerr=1.56E-15 time=48.105
After sweep 1 energy=-126.96056185231738  maxlinkdim=655 maxerr=1.00E-15 time=38.749
After sweep 1 energy=-126.96113157546803  maxlinkdim=612 maxerr=9.99E-16 time=30.528
After sweep 1 energy=-126.9614489855954  maxlinkdim=564 maxerr=1.00E-15 time=23.550
After sweep 1 energy=-126.96163480479554  maxlinkdim=514 maxerr=1.00E-15 time=17.581
After sweep 1 energy=-126.96174968194981  maxlinkdim=466 maxerr=9.99E-16 time=12.193
-0.004535850827306875After sweep 1 energy=-126.79139248419017  maxlinkdim=700 maxerr=4.95E-04 time=94.469
After sweep 1 energy=-126.93188273681933  maxlinkdim=700 maxerr=8.34E-12 time=86.027
After sweep 1 energy=-126.94346016504733  maxlinkdim=700 maxerr=5.45E-13 time=70.435
After sweep 1 energy=-126.9477936867889  maxlinkdim=700 maxerr=2.53E-15 time=46.286
After sweep 1 energy=-126.95095759806915  maxlinkdim=651 maxerr=9.98E-16 time=33.147
After sweep 1 energy=-126.95368742991629  maxlinkdim=604 maxerr=1.00E-15 time=22.767
After sweep 1 energy=-126.95607936371931  maxlinkdim=558 maxerr=1.00E-15 time=18.089
After sweep 1 energy=-126.95781861986569  maxlinkdim=521 maxerr=9.99E-16 time=16.544
After sweep 1 energy=-126.95922646341509  maxlinkdim=481 maxerr=1.00E-15 time=13.878
After sweep 1 energy=-126.96011014890054  maxlinkdim=459 maxerr=9.98E-16 time=11.589
0.14085779784565985After sweep 1 energy=-126.87278817443692  maxlinkdim=700 maxerr=5.43E-04 time=95.227
After sweep 1 energy=-126.93961543882024  maxlinkdim=700 maxerr=6.64E-12 time=88.116
After sweep 1 energy=-126.95386479847808  maxlinkdim=700 maxerr=1.21E-13 time=86.221
After sweep 1 energy=-126.95866670219206  maxlinkdim=700 maxerr=1.97E-14 time=83.405
After sweep 1 energy=-126.96047738246556  maxlinkdim=700 maxerr=5.31E-15 time=75.156
After sweep 1 energy=-126.96121358336482  maxlinkdim=700 maxerr=2.78E-15 time=63.712
After sweep 1 energy=-126.96154124025726  maxlinkdim=693 maxerr=1.14E-15 time=52.723
After sweep 1 energy=-126.96170932111698  maxlinkdim=669 maxerr=1.00E-15 time=41.102
After sweep 1 energy=-126.96178364285298  maxlinkdim=597 maxerr=1.00E-15 time=29.341
After sweep 1 energy=-126.9618234932693  maxlinkdim=528 maxerr=9.99E-16 time=20.535
-0.03471141229859093After sweep 1 energy=-126.8207456702005  maxlinkdim=700 maxerr=5.65E-04 time=95.379
After sweep 1 energy=-126.92836175631999  maxlinkdim=700 maxerr=1.87E-12 time=82.768
After sweep 1 energy=-126.94556547813103  maxlinkdim=700 maxerr=1.58E-14 time=63.781
After sweep 1 energy=-126.94969850708844  maxlinkdim=700 maxerr=3.50E-15 time=44.976
After sweep 1 energy=-126.95213001279042  maxlinkdim=700 maxerr=5.80E-15 time=36.932
After sweep 1 energy=-126.954175445774  maxlinkdim=700 maxerr=4.60E-15 time=31.509
After sweep 1 energy=-126.95601005463487  maxlinkdim=700 maxerr=2.09E-15 time=28.178
After sweep 1 energy=-126.95776444205458  maxlinkdim=700 maxerr=1.23E-15 time=25.910
After sweep 1 energy=-126.95910109315108  maxlinkdim=691 maxerr=9.99E-16 time=24.004
After sweep 1 energy=-126.96008532574932  maxlinkdim=674 maxerr=1.00E-15 time=22.402
-0.007374793356137012After sweep 1 energy=-126.86755806332485  maxlinkdim=700 maxerr=5.64E-04 time=93.063
After sweep 1 energy=-126.94243253831735  maxlinkdim=700 maxerr=1.80E-12 time=86.796
After sweep 1 energy=-126.95006552453808  maxlinkdim=700 maxerr=6.72E-14 time=78.997
After sweep 1 energy=-126.95300084030396  maxlinkdim=700 maxerr=1.23E-14 time=65.401
After sweep 1 energy=-126.95509345505938  maxlinkdim=700 maxerr=1.70E-15 time=51.618
After sweep 1 energy=-126.95684473783287  maxlinkdim=700 maxerr=1.21E-15 time=42.868
After sweep 1 energy=-126.95829682309247  maxlinkdim=700 maxerr=1.60E-15 time=39.859
After sweep 1 energy=-126.95942579601001  maxlinkdim=699 maxerr=1.00E-15 time=37.159
After sweep 1 energy=-126.96027618982136  maxlinkdim=693 maxerr=9.99E-16 time=33.553
After sweep 1 energy=-126.96091285073413  maxlinkdim=683 maxerr=1.00E-15 time=29.987
0.10267785056561697After sweep 1 energy=-126.85785180109801  maxlinkdim=700 maxerr=4.97E-04 time=94.092
After sweep 1 energy=-126.93340323877213  maxlinkdim=700 maxerr=1.39E-12 time=75.338
After sweep 1 energy=-126.94799132174967  maxlinkdim=697 maxerr=7.66E-15 time=40.972
After sweep 1 energy=-126.95378984494118  maxlinkdim=520 maxerr=9.99E-16 time=22.288
After sweep 1 energy=-126.95690733169361  maxlinkdim=494 maxerr=9.99E-16 time=14.948
After sweep 1 energy=-126.95874062237814  maxlinkdim=477 maxerr=9.99E-16 time=11.176
After sweep 1 energy=-126.95978729023898  maxlinkdim=458 maxerr=1.00E-15 time=9.240
After sweep 1 energy=-126.96049295577916  maxlinkdim=437 maxerr=9.97E-16 time=7.994
After sweep 1 energy=-126.96097483568671  maxlinkdim=415 maxerr=1.00E-15 time=6.973
After sweep 1 energy=-126.96129770770116  maxlinkdim=390 maxerr=9.96E-16 time=6.248
-0.13835140261934328After sweep 1 energy=-126.74926609010325  maxlinkdim=700 maxerr=5.25E-04 time=95.702
After sweep 1 energy=-126.81658304187188  maxlinkdim=700 maxerr=4.71E-12 time=88.916
After sweep 1 energy=-126.83600776231255  maxlinkdim=700 maxerr=2.78E-13 time=88.510
After sweep 1 energy=-126.85080864419461  maxlinkdim=700 maxerr=7.99E-14 time=85.920
After sweep 1 energy=-126.86891165985254  maxlinkdim=700 maxerr=3.10E-14 time=85.300
After sweep 1 energy=-126.89654197995962  maxlinkdim=700 maxerr=8.84E-14 time=85.139
After sweep 1 energy=-126.92577308124068  maxlinkdim=700 maxerr=7.10E-14 time=85.075
After sweep 1 energy=-126.94572139857199  maxlinkdim=700 maxerr=3.64E-14 time=83.784
After sweep 1 energy=-126.9552220606397  maxlinkdim=700 maxerr=1.62E-14 time=82.152
After sweep 1 energy=-126.95913385163641  maxlinkdim=700 maxerr=4.15E-15 time=81.218
0.03277711733360539After sweep 1 energy=-126.79711851787084  maxlinkdim=700 maxerr=5.54E-04 time=92.394
After sweep 1 energy=-126.90069356626638  maxlinkdim=700 maxerr=1.25E-11 time=88.428
After sweep 1 energy=-126.9306235978516  maxlinkdim=700 maxerr=6.06E-13 time=87.105
After sweep 1 energy=-126.94150707331195  maxlinkdim=700 maxerr=1.10E-13 time=86.781
After sweep 1 energy=-126.94642829768402  maxlinkdim=700 maxerr=4.29E-14 time=84.856
After sweep 1 energy=-126.949465264369  maxlinkdim=700 maxerr=2.72E-14 time=81.474
After sweep 1 energy=-126.95182749938367  maxlinkdim=700 maxerr=1.21E-14 time=74.560
After sweep 1 energy=-126.95387532053338  maxlinkdim=700 maxerr=1.05E-14 time=66.586
After sweep 1 energy=-126.95568070560462  maxlinkdim=700 maxerr=6.47E-15 time=61.724
After sweep 1 energy=-126.9572403459247  maxlinkdim=700 maxerr=3.52E-15 time=57.963
0.024982996236915734After sweep 1 energy=-126.72753729304661  maxlinkdim=700 maxerr=5.44E-04 time=91.266
After sweep 1 energy=-126.91964286658401  maxlinkdim=700 maxerr=2.07E-12 time=86.581
After sweep 1 energy=-126.95165331925693  maxlinkdim=700 maxerr=1.72E-13 time=74.939
After sweep 1 energy=-126.95709215253287  maxlinkdim=700 maxerr=5.71E-15 time=58.915
After sweep 1 energy=-126.9590732099338  maxlinkdim=700 maxerr=2.77E-15 time=49.969
After sweep 1 energy=-126.96013215224777  maxlinkdim=697 maxerr=9.99E-16 time=43.902
After sweep 1 energy=-126.96079266199243  maxlinkdim=679 maxerr=9.99E-16 time=37.433
After sweep 1 energy=-126.96123031131785  maxlinkdim=659 maxerr=9.99E-16 time=31.285
After sweep 1 energy=-126.9615187578293  maxlinkdim=628 maxerr=1.00E-15 time=24.840
After sweep 1 energy=-126.9616901168274  maxlinkdim=589 maxerr=9.98E-16 time=19.313
-0.04463927667893968After sweep 1 energy=-126.86788172532164  maxlinkdim=700 maxerr=5.77E-04 time=91.936
After sweep 1 energy=-126.94955807679865  maxlinkdim=700 maxerr=5.10E-12 time=86.143
After sweep 1 energy=-126.95956797992977  maxlinkdim=700 maxerr=2.31E-13 time=73.529
After sweep 1 energy=-126.96125264299747  maxlinkdim=700 maxerr=7.12E-15 time=55.297
After sweep 1 energy=-126.96169090725125  maxlinkdim=660 maxerr=1.00E-15 time=39.876
After sweep 1 energy=-126.96181948089753  maxlinkdim=590 maxerr=1.00E-15 time=28.477
After sweep 1 energy=-126.96185956140947  maxlinkdim=506 maxerr=1.00E-15 time=18.969
After sweep 1 energy=-126.9618718587709  maxlinkdim=420 maxerr=1.00E-15 time=10.975
After sweep 1 energy=-126.96187550417298  maxlinkdim=330 maxerr=1.00E-15 time=5.973
After sweep 1 energy=-126.96187650185196  maxlinkdim=247 maxerr=9.99E-16 time=3.128
Numero de qubits: 100 
Dimension max: 800 
Threads (LinearAlgebra) :15
Threads (Julia) :1


-0.042111548671255154After sweep 1 energy=-126.91561542323267  maxlinkdim=800 maxerr=5.46E-04 time=123.713
After sweep 1 energy=-126.94611933301012  maxlinkdim=800 maxerr=2.30E-12 time=113.069
After sweep 1 energy=-126.95069261277234  maxlinkdim=800 maxerr=7.40E-14 time=104.853
After sweep 1 energy=-126.95302571416093  maxlinkdim=800 maxerr=8.60E-15 time=94.107
After sweep 1 energy=-126.95490390186794  maxlinkdim=800 maxerr=5.94E-15 time=80.117
After sweep 1 energy=-126.95655831653856  maxlinkdim=800 maxerr=2.32E-15 time=70.900
After sweep 1 energy=-126.95798102515673  maxlinkdim=800 maxerr=1.27E-15 time=64.678
After sweep 1 energy=-126.95914084288795  maxlinkdim=796 maxerr=1.00E-15 time=57.118
After sweep 1 energy=-126.96005569890387  maxlinkdim=791 maxerr=1.00E-15 time=50.595
After sweep 1 energy=-126.96070301130374  maxlinkdim=775 maxerr=1.00E-15 time=46.391
0.0013643535319816417After sweep 1 energy=-126.87009903155139  maxlinkdim=800 maxerr=5.66E-04 time=122.770
After sweep 1 energy=-126.93392657433623  maxlinkdim=800 maxerr=3.58E-12 time=115.236
After sweep 1 energy=-126.9509461398151  maxlinkdim=800 maxerr=6.31E-13 time=113.787
After sweep 1 energy=-126.95762405850982  maxlinkdim=800 maxerr=4.49E-14 time=111.827
After sweep 1 energy=-126.96024792829844  maxlinkdim=800 maxerr=1.18E-14 time=104.770
After sweep 1 energy=-126.96126332975126  maxlinkdim=800 maxerr=4.78E-15 time=89.383
After sweep 1 energy=-126.96164496964067  maxlinkdim=800 maxerr=1.02E-15 time=72.218
After sweep 1 energy=-126.9617875111546  maxlinkdim=778 maxerr=1.00E-15 time=55.344
After sweep 1 energy=-126.96184096048809  maxlinkdim=732 maxerr=9.99E-16 time=38.933
After sweep 1 energy=-126.961861016457  maxlinkdim=638 maxerr=1.00E-15 time=25.661
-0.017642964315606233After sweep 1 energy=-126.6680547104555  maxlinkdim=800 maxerr=5.58E-04 time=122.252
After sweep 1 energy=-126.88890870994871  maxlinkdim=800 maxerr=1.03E-11 time=112.127
After sweep 1 energy=-126.93526672469606  maxlinkdim=749 maxerr=2.74E-13 time=78.022
After sweep 1 energy=-126.94532022953955  maxlinkdim=800 maxerr=8.92E-15 time=48.133
After sweep 1 energy=-126.9491657950658  maxlinkdim=800 maxerr=1.38E-15 time=42.942
After sweep 1 energy=-126.95176452428288  maxlinkdim=800 maxerr=3.46E-15 time=40.309
After sweep 1 energy=-126.95385022294859  maxlinkdim=800 maxerr=3.50E-15 time=38.721
After sweep 1 energy=-126.95571196040281  maxlinkdim=800 maxerr=3.19E-15 time=38.093
After sweep 1 energy=-126.95733200711553  maxlinkdim=800 maxerr=2.87E-15 time=37.370
After sweep 1 energy=-126.9586881876349  maxlinkdim=800 maxerr=2.39E-15 time=36.537
-0.026839140412784117After sweep 1 energy=-126.87407439051206  maxlinkdim=800 maxerr=5.67E-04 time=120.749
After sweep 1 energy=-126.92676238501085  maxlinkdim=800 maxerr=1.05E-12 time=106.427
After sweep 1 energy=-126.93836847631846  maxlinkdim=795 maxerr=4.95E-14 time=69.045
After sweep 1 energy=-126.94479763297403  maxlinkdim=742 maxerr=1.00E-15 time=37.174
After sweep 1 energy=-126.94877057469004  maxlinkdim=683 maxerr=9.99E-16 time=25.213
After sweep 1 energy=-126.95175275812696  maxlinkdim=649 maxerr=1.00E-15 time=20.004
After sweep 1 energy=-126.95422154217349  maxlinkdim=588 maxerr=1.00E-15 time=15.621
After sweep 1 energy=-126.9564010325938  maxlinkdim=558 maxerr=1.00E-15 time=13.144
After sweep 1 energy=-126.95805246801557  maxlinkdim=506 maxerr=1.00E-15 time=11.750
After sweep 1 energy=-126.95924424235241  maxlinkdim=458 maxerr=1.00E-15 time=10.028
0.023476205695852688After sweep 1 energy=-126.89372335459115  maxlinkdim=800 maxerr=5.41E-04 time=121.073
After sweep 1 energy=-126.94960021823265  maxlinkdim=800 maxerr=1.81E-12 time=109.088
After sweep 1 energy=-126.95764692412753  maxlinkdim=800 maxerr=5.14E-14 time=76.845
After sweep 1 energy=-126.9602841101658  maxlinkdim=766 maxerr=1.65E-15 time=49.855
After sweep 1 energy=-126.96127299412014  maxlinkdim=710 maxerr=1.00E-15 time=36.611
After sweep 1 energy=-126.96163838985528  maxlinkdim=647 maxerr=1.00E-15 time=26.415
After sweep 1 energy=-126.96178090986581  maxlinkdim=572 maxerr=1.00E-15 time=19.565
After sweep 1 energy=-126.96183731887076  maxlinkdim=507 maxerr=9.99E-16 time=14.602
After sweep 1 energy=-126.96185929934458  maxlinkdim=437 maxerr=1.00E-15 time=10.202
After sweep 1 energy=-126.96186862802527  maxlinkdim=355 maxerr=1.00E-15 time=6.779
-0.021260374854356417After sweep 1 energy=-126.77751569033927  maxlinkdim=800 maxerr=5.41E-04 time=123.556
After sweep 1 energy=-126.93149393790637  maxlinkdim=800 maxerr=1.61E-12 time=99.556
After sweep 1 energy=-126.95262801104266  maxlinkdim=800 maxerr=2.42E-14 time=61.328
After sweep 1 energy=-126.95827425288472  maxlinkdim=754 maxerr=1.73E-15 time=37.776
After sweep 1 energy=-126.96040549576752  maxlinkdim=609 maxerr=1.00E-15 time=22.733
After sweep 1 energy=-126.96126827321271  maxlinkdim=521 maxerr=1.00E-15 time=14.606
After sweep 1 energy=-126.96162648303293  maxlinkdim=469 maxerr=1.00E-15 time=10.106
After sweep 1 energy=-126.96177866693573  maxlinkdim=426 maxerr=1.00E-15 time=7.735
After sweep 1 energy=-126.96183286412054  maxlinkdim=364 maxerr=9.99E-16 time=5.787
After sweep 1 energy=-126.96185602772366  maxlinkdim=315 maxerr=1.00E-15 time=4.491
-0.01108609849878997After sweep 1 energy=-126.89880296579709  maxlinkdim=800 maxerr=5.86E-04 time=124.053
After sweep 1 energy=-126.94386670837208  maxlinkdim=800 maxerr=6.13E-12 time=114.524
After sweep 1 energy=-126.95232021194903  maxlinkdim=800 maxerr=1.50E-13 time=112.402
After sweep 1 energy=-126.95637796566831  maxlinkdim=800 maxerr=1.54E-14 time=105.748
After sweep 1 energy=-126.95867982739964  maxlinkdim=800 maxerr=7.79E-15 time=90.607
After sweep 1 energy=-126.95999144544238  maxlinkdim=800 maxerr=2.69E-15 time=78.152
After sweep 1 energy=-126.9607166431663  maxlinkdim=779 maxerr=1.00E-15 time=63.054
After sweep 1 energy=-126.96115587818497  maxlinkdim=719 maxerr=1.00E-15 time=48.551
After sweep 1 energy=-126.96143027960842  maxlinkdim=636 maxerr=1.00E-15 time=36.965
After sweep 1 energy=-126.96160110921898  maxlinkdim=590 maxerr=1.00E-15 time=28.031
-0.04739443727597709After sweep 1 energy=-126.76131837086315  maxlinkdim=800 maxerr=5.83E-04 time=121.568
After sweep 1 energy=-126.91998531430713  maxlinkdim=800 maxerr=3.50E-12 time=114.973
After sweep 1 energy=-126.94846649076423  maxlinkdim=800 maxerr=1.95E-12 time=108.706
After sweep 1 energy=-126.95417127537036  maxlinkdim=800 maxerr=1.95E-14 time=93.742
After sweep 1 energy=-126.95681638624153  maxlinkdim=800 maxerr=4.11E-15 time=74.053
After sweep 1 energy=-126.9584613698861  maxlinkdim=786 maxerr=1.20E-15 time=60.644
After sweep 1 energy=-126.95959560965089  maxlinkdim=764 maxerr=1.00E-15 time=50.207
After sweep 1 energy=-126.96041205351123  maxlinkdim=710 maxerr=1.00E-15 time=41.344
After sweep 1 energy=-126.96092564541645  maxlinkdim=669 maxerr=9.99E-16 time=33.631
After sweep 1 energy=-126.96127313618597  maxlinkdim=641 maxerr=1.00E-15 time=27.956
-0.01519298557264596After sweep 1 energy=-126.67921779273927  maxlinkdim=800 maxerr=5.59E-04 time=121.742
After sweep 1 energy=-126.77414339311623  maxlinkdim=800 maxerr=2.63E-12 time=112.295
After sweep 1 energy=-126.8261358344014  maxlinkdim=800 maxerr=6.88E-13 time=102.929
After sweep 1 energy=-126.87838283599365  maxlinkdim=800 maxerr=8.67E-14 time=96.852
After sweep 1 energy=-126.91887514347732  maxlinkdim=800 maxerr=3.62E-14 time=90.532
After sweep 1 energy=-126.94102675438118  maxlinkdim=800 maxerr=2.01E-14 time=83.439
After sweep 1 energy=-126.9518602516043  maxlinkdim=800 maxerr=7.11E-15 time=75.065
After sweep 1 energy=-126.95696858031606  maxlinkdim=800 maxerr=3.43E-15 time=65.392
After sweep 1 energy=-126.95931176143628  maxlinkdim=800 maxerr=2.92E-15 time=57.821
After sweep 1 energy=-126.96042391477981  maxlinkdim=790 maxerr=1.05E-15 time=53.377
0.0035163483695322354After sweep 1 energy=-126.91754654802294  maxlinkdim=800 maxerr=5.53E-04 time=122.706
After sweep 1 energy=-126.95195305538725  maxlinkdim=800 maxerr=1.99E-12 time=109.681
After sweep 1 energy=-126.95550621480898  maxlinkdim=800 maxerr=8.86E-15 time=89.507
After sweep 1 energy=-126.95764531720002  maxlinkdim=800 maxerr=4.65E-15 time=76.250
After sweep 1 energy=-126.95901037122846  maxlinkdim=800 maxerr=3.42E-15 time=70.873
After sweep 1 energy=-126.96002530104894  maxlinkdim=800 maxerr=2.16E-15 time=66.697
After sweep 1 energy=-126.96069749348673  maxlinkdim=800 maxerr=1.18E-15 time=62.983
After sweep 1 energy=-126.96112034109838  maxlinkdim=795 maxerr=9.99E-16 time=57.891
After sweep 1 energy=-126.96139885248805  maxlinkdim=785 maxerr=9.99E-16 time=52.122
After sweep 1 energy=-126.96158500642349  maxlinkdim=772 maxerr=1.00E-15 time=46.358
Numero de qubits: 100 
Dimension max: 900 
Threads (LinearAlgebra) :15
Threads (Julia) :1


-0.07550694479851205After sweep 1 energy=-126.89843169420327  maxlinkdim=900 maxerr=5.78E-04 time=154.343
After sweep 1 energy=-126.94550090081208  maxlinkdim=900 maxerr=1.70E-12 time=141.400
After sweep 1 energy=-126.95427526688623  maxlinkdim=900 maxerr=4.58E-14 time=121.929
After sweep 1 energy=-126.95745853079676  maxlinkdim=900 maxerr=3.60E-15 time=96.915
After sweep 1 energy=-126.95909589461246  maxlinkdim=891 maxerr=1.00E-15 time=80.977
After sweep 1 energy=-126.96008205419986  maxlinkdim=865 maxerr=1.00E-15 time=65.993
After sweep 1 energy=-126.96073395457235  maxlinkdim=837 maxerr=9.99E-16 time=53.284
After sweep 1 energy=-126.9612095823754  maxlinkdim=805 maxerr=9.99E-16 time=42.606
After sweep 1 energy=-126.96150050849745  maxlinkdim=771 maxerr=9.99E-16 time=33.969
After sweep 1 energy=-126.96165309656315  maxlinkdim=729 maxerr=9.99E-16 time=26.948
0.0030764205844722088After sweep 1 energy=-126.82340919130957  maxlinkdim=900 maxerr=6.11E-04 time=152.947
After sweep 1 energy=-126.92243913115908  maxlinkdim=900 maxerr=2.98E-12 time=137.504
After sweep 1 energy=-126.94867292090902  maxlinkdim=900 maxerr=1.48E-13 time=123.847
After sweep 1 energy=-126.95691896513695  maxlinkdim=900 maxerr=1.37E-14 time=115.189
After sweep 1 energy=-126.9598654033109  maxlinkdim=900 maxerr=5.02E-15 time=110.051
After sweep 1 energy=-126.96100538846427  maxlinkdim=900 maxerr=4.21E-15 time=102.337
After sweep 1 energy=-126.96144351854038  maxlinkdim=880 maxerr=1.00E-15 time=88.255
After sweep 1 energy=-126.9616383590703  maxlinkdim=845 maxerr=1.00E-15 time=68.807
After sweep 1 energy=-126.96174042757569  maxlinkdim=807 maxerr=1.00E-15 time=50.331
After sweep 1 energy=-126.96179672393198  maxlinkdim=752 maxerr=1.00E-15 time=37.774
0.0057266557977552115After sweep 1 energy=-126.84315206271009  maxlinkdim=900 maxerr=5.95E-04 time=148.807
After sweep 1 energy=-126.92099074736427  maxlinkdim=900 maxerr=6.00E-12 time=142.139
After sweep 1 energy=-126.94219607283758  maxlinkdim=900 maxerr=2.81E-13 time=140.098
After sweep 1 energy=-126.95153400294886  maxlinkdim=900 maxerr=2.84E-14 time=134.553
After sweep 1 energy=-126.9554647204195  maxlinkdim=900 maxerr=2.63E-15 time=109.500
After sweep 1 energy=-126.95750235622654  maxlinkdim=873 maxerr=1.00E-15 time=86.194
After sweep 1 energy=-126.95892246195409  maxlinkdim=838 maxerr=1.00E-15 time=68.578
After sweep 1 energy=-126.95992834390205  maxlinkdim=816 maxerr=9.99E-16 time=59.984
After sweep 1 energy=-126.96060911925562  maxlinkdim=797 maxerr=1.00E-15 time=54.448
After sweep 1 energy=-126.96107119262939  maxlinkdim=776 maxerr=1.00E-15 time=51.226
-0.0019236766854019054After sweep 1 energy=-126.89467480104805  maxlinkdim=900 maxerr=5.86E-04 time=152.516
After sweep 1 energy=-126.95230662910411  maxlinkdim=900 maxerr=1.64E-12 time=130.051
After sweep 1 energy=-126.95926715864415  maxlinkdim=892 maxerr=1.33E-13 time=86.222
After sweep 1 energy=-126.96083312602721  maxlinkdim=890 maxerr=4.10E-15 time=53.738
After sweep 1 energy=-126.96134984464311  maxlinkdim=833 maxerr=1.00E-15 time=37.198
After sweep 1 energy=-126.9615871916425  maxlinkdim=776 maxerr=1.00E-15 time=28.134
After sweep 1 energy=-126.96170775910704  maxlinkdim=723 maxerr=1.00E-15 time=22.038
After sweep 1 energy=-126.9617773128455  maxlinkdim=659 maxerr=9.99E-16 time=18.000
After sweep 1 energy=-126.96181978076604  maxlinkdim=600 maxerr=1.00E-15 time=14.228
After sweep 1 energy=-126.96184599143213  maxlinkdim=554 maxerr=1.00E-15 time=11.939
-0.0017004791819383055After sweep 1 energy=-126.85235794165138  maxlinkdim=900 maxerr=5.72E-04 time=155.337
After sweep 1 energy=-126.9507691551528  maxlinkdim=900 maxerr=2.02E-12 time=117.000
After sweep 1 energy=-126.9593131708692  maxlinkdim=775 maxerr=1.00E-15 time=57.389
After sweep 1 energy=-126.96099315165154  maxlinkdim=565 maxerr=1.00E-15 time=27.361
After sweep 1 energy=-126.961512268995  maxlinkdim=497 maxerr=1.00E-15 time=16.632
After sweep 1 energy=-126.96170662221756  maxlinkdim=470 maxerr=1.00E-15 time=11.929
After sweep 1 energy=-126.96178962133273  maxlinkdim=438 maxerr=1.00E-15 time=9.026
After sweep 1 energy=-126.96183057597483  maxlinkdim=391 maxerr=9.98E-16 time=6.961
After sweep 1 energy=-126.96185167475973  maxlinkdim=331 maxerr=9.99E-16 time=5.422
After sweep 1 energy=-126.96186291417779  maxlinkdim=265 maxerr=9.99E-16 time=4.082
-0.0649562226103001After sweep 1 energy=-126.87411932686378  maxlinkdim=900 maxerr=6.11E-04 time=150.804
After sweep 1 energy=-126.92426074572077  maxlinkdim=900 maxerr=2.50E-12 time=141.233
After sweep 1 energy=-126.94217278208475  maxlinkdim=900 maxerr=7.62E-14 time=127.141
After sweep 1 energy=-126.94997125753828  maxlinkdim=900 maxerr=4.36E-13 time=99.507
After sweep 1 energy=-126.95416455450273  maxlinkdim=900 maxerr=2.04E-15 time=85.916
After sweep 1 energy=-126.95678001598985  maxlinkdim=892 maxerr=1.00E-15 time=71.820
After sweep 1 energy=-126.9584622771904  maxlinkdim=858 maxerr=1.00E-15 time=58.616
After sweep 1 energy=-126.95960031966582  maxlinkdim=838 maxerr=1.00E-15 time=51.804
After sweep 1 energy=-126.96038973508682  maxlinkdim=822 maxerr=9.99E-16 time=44.853
After sweep 1 energy=-126.96094907793291  maxlinkdim=797 maxerr=1.00E-15 time=39.848
0.014382183650225706After sweep 1 energy=-126.89083022370409  maxlinkdim=900 maxerr=5.52E-04 time=150.885
After sweep 1 energy=-126.95122916032678  maxlinkdim=900 maxerr=3.06E-12 time=132.500
After sweep 1 energy=-126.95835170959263  maxlinkdim=849 maxerr=2.32E-14 time=82.591
After sweep 1 energy=-126.96072619638478  maxlinkdim=767 maxerr=3.09E-15 time=43.891
After sweep 1 energy=-126.96146780972468  maxlinkdim=678 maxerr=1.00E-15 time=29.607
After sweep 1 energy=-126.9617363643985  maxlinkdim=624 maxerr=1.00E-15 time=21.737
After sweep 1 energy=-126.96183317731465  maxlinkdim=525 maxerr=1.00E-15 time=15.368
After sweep 1 energy=-126.96186392809614  maxlinkdim=428 maxerr=1.00E-15 time=10.380
After sweep 1 energy=-126.96187358552477  maxlinkdim=312 maxerr=9.99E-16 time=6.242
After sweep 1 energy=-126.96187602700574  maxlinkdim=230 maxerr=1.00E-15 time=3.190
0.03471373541863934After sweep 1 energy=-126.825877168739  maxlinkdim=900 maxerr=5.54E-04 time=149.672
After sweep 1 energy=-126.91598376578533  maxlinkdim=900 maxerr=1.84E-12 time=124.082
After sweep 1 energy=-126.94351563542563  maxlinkdim=900 maxerr=5.99E-14 time=85.617
After sweep 1 energy=-126.95381939913521  maxlinkdim=864 maxerr=2.27E-15 time=64.276
After sweep 1 energy=-126.95834053647901  maxlinkdim=769 maxerr=1.00E-15 time=42.752
After sweep 1 energy=-126.96014629328089  maxlinkdim=630 maxerr=1.00E-15 time=29.071
After sweep 1 energy=-126.96096768495629  maxlinkdim=533 maxerr=1.00E-15 time=19.858
After sweep 1 energy=-126.96137465151207  maxlinkdim=477 maxerr=1.00E-15 time=13.389
After sweep 1 energy=-126.96158515970082  maxlinkdim=428 maxerr=9.99E-16 time=9.093
After sweep 1 energy=-126.96171157999649  maxlinkdim=384 maxerr=1.00E-15 time=6.474
-0.05790953768669988After sweep 1 energy=-126.89069466885944  maxlinkdim=900 maxerr=5.83E-04 time=154.570
After sweep 1 energy=-126.94377737951464  maxlinkdim=900 maxerr=2.68E-12 time=126.309
After sweep 1 energy=-126.95083695643595  maxlinkdim=900 maxerr=2.52E-14 time=91.653
After sweep 1 energy=-126.95394084289703  maxlinkdim=900 maxerr=3.67E-15 time=70.762
After sweep 1 energy=-126.95608453434636  maxlinkdim=900 maxerr=2.54E-15 time=62.661
After sweep 1 energy=-126.95773191387197  maxlinkdim=900 maxerr=1.90E-15 time=57.500
After sweep 1 energy=-126.95898370356232  maxlinkdim=900 maxerr=1.19E-15 time=53.596
After sweep 1 energy=-126.95990426545069  maxlinkdim=894 maxerr=1.00E-15 time=51.081
After sweep 1 energy=-126.9605551924646  maxlinkdim=889 maxerr=1.00E-15 time=47.154
After sweep 1 energy=-126.9610084759205  maxlinkdim=884 maxerr=1.00E-15 time=44.155
-0.09746386228198675After sweep 1 energy=-126.74057642542584  maxlinkdim=900 maxerr=5.51E-04 time=152.587
After sweep 1 energy=-126.8771821189301  maxlinkdim=900 maxerr=2.24E-12 time=141.230
After sweep 1 energy=-126.94164482542848  maxlinkdim=900 maxerr=9.23E-14 time=124.990
After sweep 1 energy=-126.95652931057805  maxlinkdim=900 maxerr=1.14E-14 time=91.515
After sweep 1 energy=-126.95973638461835  maxlinkdim=900 maxerr=3.55E-15 time=75.485
After sweep 1 energy=-126.96077218799293  maxlinkdim=874 maxerr=1.00E-15 time=55.575
After sweep 1 energy=-126.9612305963691  maxlinkdim=813 maxerr=1.00E-15 time=38.972
After sweep 1 energy=-126.96150095081121  maxlinkdim=761 maxerr=9.99E-16 time=29.291
After sweep 1 energy=-126.96165901377655  maxlinkdim=699 maxerr=1.00E-15 time=22.404
After sweep 1 energy=-126.961754983308  maxlinkdim=631 maxerr=9.99E-16 time=17.091
Numero de qubits: 100 
Dimension max: 1000 
Threads (LinearAlgebra) :15
Threads (Julia) :1


-0.009607555348555995After sweep 1 energy=-126.8765592367036  maxlinkdim=1000 maxerr=5.88E-04 time=197.272
After sweep 1 energy=-126.92617628701075  maxlinkdim=1000 maxerr=1.84E-12 time=177.011
After sweep 1 energy=-126.9416565394617  maxlinkdim=1000 maxerr=4.01E-13 time=160.334
After sweep 1 energy=-126.94998776413603  maxlinkdim=1000 maxerr=2.78E-14 time=150.788
After sweep 1 energy=-126.95469783904831  maxlinkdim=1000 maxerr=9.58E-15 time=142.021
After sweep 1 energy=-126.95737838804091  maxlinkdim=1000 maxerr=3.06E-15 time=134.210
After sweep 1 energy=-126.95901190113767  maxlinkdim=996 maxerr=1.00E-15 time=121.786
After sweep 1 energy=-126.96008717510557  maxlinkdim=982 maxerr=1.00E-15 time=104.679
After sweep 1 energy=-126.96080392607008  maxlinkdim=957 maxerr=1.00E-15 time=86.167
After sweep 1 energy=-126.96128448365774  maxlinkdim=916 maxerr=1.00E-15 time=70.347
0.07435922702791856After sweep 1 energy=-126.74452294145307  maxlinkdim=1000 maxerr=5.84E-04 time=194.184
After sweep 1 energy=-126.89658037008152  maxlinkdim=1000 maxerr=3.76E-12 time=161.146
After sweep 1 energy=-126.92542506210954  maxlinkdim=1000 maxerr=6.56E-14 time=104.436
After sweep 1 energy=-126.94023000615674  maxlinkdim=1000 maxerr=6.96E-15 time=76.837
After sweep 1 energy=-126.94758996270969  maxlinkdim=924 maxerr=1.00E-15 time=52.650
After sweep 1 energy=-126.95161054059336  maxlinkdim=866 maxerr=1.00E-15 time=38.938
After sweep 1 energy=-126.95415951009853  maxlinkdim=815 maxerr=1.00E-15 time=33.917
After sweep 1 energy=-126.95602307469522  maxlinkdim=739 maxerr=1.00E-15 time=31.483
After sweep 1 energy=-126.95757588681514  maxlinkdim=685 maxerr=1.00E-15 time=29.279
After sweep 1 energy=-126.95882623290873  maxlinkdim=639 maxerr=1.00E-15 time=27.413
0.0279015452238001After sweep 1 energy=-126.80896291907185  maxlinkdim=1000 maxerr=5.83E-04 time=195.143
After sweep 1 energy=-126.91255803499364  maxlinkdim=1000 maxerr=4.33E-12 time=179.979
After sweep 1 energy=-126.93925252482778  maxlinkdim=1000 maxerr=4.58E-14 time=166.781
After sweep 1 energy=-126.9514279710557  maxlinkdim=1000 maxerr=4.93E-15 time=144.418
After sweep 1 energy=-126.9570234422658  maxlinkdim=1000 maxerr=6.35E-15 time=121.650
After sweep 1 energy=-126.95943287515864  maxlinkdim=1000 maxerr=3.77E-15 time=104.282
After sweep 1 energy=-126.96053540675295  maxlinkdim=1000 maxerr=1.78E-15 time=90.677
After sweep 1 energy=-126.9611018925107  maxlinkdim=1000 maxerr=1.25E-15 time=81.697
After sweep 1 energy=-126.96141066589337  maxlinkdim=977 maxerr=9.99E-16 time=73.358
After sweep 1 energy=-126.96159094743948  maxlinkdim=948 maxerr=1.00E-15 time=63.535
0.03396695742854347After sweep 1 energy=-126.92261119161043  maxlinkdim=1000 maxerr=5.68E-04 time=192.647
After sweep 1 energy=-126.95509076118206  maxlinkdim=1000 maxerr=2.59E-12 time=179.025
After sweep 1 energy=-126.9594542389735  maxlinkdim=1000 maxerr=3.21E-13 time=167.559
After sweep 1 energy=-126.96080822842445  maxlinkdim=1000 maxerr=9.72E-15 time=154.955
After sweep 1 energy=-126.96134889138949  maxlinkdim=1000 maxerr=2.56E-15 time=144.065
After sweep 1 energy=-126.96159274236717  maxlinkdim=1000 maxerr=1.43E-15 time=127.543
After sweep 1 energy=-126.96171372527026  maxlinkdim=991 maxerr=1.00E-15 time=104.872
After sweep 1 energy=-126.96177954831205  maxlinkdim=976 maxerr=1.00E-15 time=85.943
After sweep 1 energy=-126.96181809352453  maxlinkdim=957 maxerr=9.99E-16 time=71.152
After sweep 1 energy=-126.96184260564577  maxlinkdim=928 maxerr=1.00E-15 time=57.861
-0.005354256347132657After sweep 1 energy=-126.83073997145682  maxlinkdim=1000 maxerr=5.86E-04 time=196.328
After sweep 1 energy=-126.92050984399364  maxlinkdim=1000 maxerr=3.13E-12 time=166.856
After sweep 1 energy=-126.93472482180704  maxlinkdim=1000 maxerr=8.11E-14 time=137.936
After sweep 1 energy=-126.9406569421123  maxlinkdim=1000 maxerr=8.69E-15 time=119.474
After sweep 1 energy=-126.94480242196089  maxlinkdim=1000 maxerr=9.23E-15 time=106.700
After sweep 1 energy=-126.9481360401996  maxlinkdim=1000 maxerr=7.74E-15 time=99.702
After sweep 1 energy=-126.95091792138331  maxlinkdim=1000 maxerr=7.20E-15 time=95.916
After sweep 1 energy=-126.95325265640388  maxlinkdim=1000 maxerr=4.38E-15 time=92.567
After sweep 1 energy=-126.95518544636212  maxlinkdim=1000 maxerr=2.86E-15 time=88.845
After sweep 1 energy=-126.95697373910771  maxlinkdim=1000 maxerr=6.33E-15 time=83.863
0.02319879660341236After sweep 1 energy=-126.89088332873861  maxlinkdim=1000 maxerr=6.08E-04 time=190.828
After sweep 1 energy=-126.95136641050951  maxlinkdim=1000 maxerr=5.06E-12 time=175.364
After sweep 1 energy=-126.95838426195773  maxlinkdim=1000 maxerr=7.31E-14 time=155.962
After sweep 1 energy=-126.96007097845263  maxlinkdim=1000 maxerr=2.97E-15 time=127.756
After sweep 1 energy=-126.96078207125805  maxlinkdim=962 maxerr=1.00E-15 time=102.162
After sweep 1 energy=-126.96118299752203  maxlinkdim=923 maxerr=1.00E-15 time=81.877
After sweep 1 energy=-126.96143325007614  maxlinkdim=891 maxerr=1.00E-15 time=67.871
After sweep 1 energy=-126.96159801959033  maxlinkdim=854 maxerr=1.00E-15 time=56.148
After sweep 1 energy=-126.96170455982563  maxlinkdim=811 maxerr=1.00E-15 time=46.629
After sweep 1 energy=-126.96177176942356  maxlinkdim=767 maxerr=1.00E-15 time=39.201
0.07856877619421401After sweep 1 energy=-126.86115113743307  maxlinkdim=1000 maxerr=5.88E-04 time=189.529
After sweep 1 energy=-126.92933424413003  maxlinkdim=1000 maxerr=7.58E-12 time=182.253
After sweep 1 energy=-126.94268172902208  maxlinkdim=1000 maxerr=1.05E-13 time=179.444
After sweep 1 energy=-126.94826480167227  maxlinkdim=1000 maxerr=2.68E-14 time=155.911
After sweep 1 energy=-126.95202204962034  maxlinkdim=1000 maxerr=6.17E-15 time=121.728
After sweep 1 energy=-126.95465220201116  maxlinkdim=1000 maxerr=2.23E-15 time=104.729
After sweep 1 energy=-126.9565781369828  maxlinkdim=1000 maxerr=1.14E-15 time=99.066
After sweep 1 energy=-126.9580852689072  maxlinkdim=978 maxerr=9.99E-16 time=89.283
After sweep 1 energy=-126.95924225722442  maxlinkdim=955 maxerr=1.00E-15 time=80.283
After sweep 1 energy=-126.96010068038139  maxlinkdim=931 maxerr=1.00E-15 time=72.310
0.005452999633087621After sweep 1 energy=-126.91769015238604  maxlinkdim=1000 maxerr=6.20E-04 time=191.937
After sweep 1 energy=-126.95717607331835  maxlinkdim=1000 maxerr=9.58E-13 time=176.548
After sweep 1 energy=-126.96107964829035  maxlinkdim=1000 maxerr=4.90E-14 time=161.004
After sweep 1 energy=-126.9617167874645  maxlinkdim=1000 maxerr=3.91E-15 time=138.601
After sweep 1 energy=-126.96183979693141  maxlinkdim=946 maxerr=1.38E-15 time=101.211
After sweep 1 energy=-126.96186650570375  maxlinkdim=839 maxerr=1.00E-15 time=59.569
After sweep 1 energy=-126.96187364663136  maxlinkdim=713 maxerr=1.00E-15 time=31.088
After sweep 1 energy=-126.96187579227626  maxlinkdim=342 maxerr=1.00E-15 time=12.001
After sweep 1 energy=-126.96187642864918  maxlinkdim=227 maxerr=9.99E-16 time=3.908
After sweep 1 energy=-126.9618766371562  maxlinkdim=156 maxerr=1.00E-15 time=1.936
-0.03589625689122153After sweep 1 energy=-126.89277979009917  maxlinkdim=1000 maxerr=5.74E-04 time=196.876
After sweep 1 energy=-126.95332857296596  maxlinkdim=1000 maxerr=4.46E-13 time=168.493
After sweep 1 energy=-126.958989189949  maxlinkdim=1000 maxerr=3.31E-14 time=143.208
After sweep 1 energy=-126.96052581079202  maxlinkdim=1000 maxerr=3.14E-15 time=130.795
After sweep 1 energy=-126.96114792863187  maxlinkdim=1000 maxerr=1.16E-15 time=110.705
After sweep 1 energy=-126.96145231555113  maxlinkdim=962 maxerr=1.00E-15 time=91.109
After sweep 1 energy=-126.96162137958997  maxlinkdim=913 maxerr=1.00E-15 time=69.414
After sweep 1 energy=-126.96173108312955  maxlinkdim=833 maxerr=1.00E-15 time=51.158
After sweep 1 energy=-126.96180207885506  maxlinkdim=700 maxerr=9.99E-16 time=35.108
After sweep 1 energy=-126.9618373853252  maxlinkdim=582 maxerr=9.99E-16 time=22.301
0.0013067157948151702After sweep 1 energy=-126.7989473654769  maxlinkdim=1000 maxerr=5.95E-04 time=193.211
After sweep 1 energy=-126.93421814527248  maxlinkdim=1000 maxerr=7.86E-13 time=154.505
After sweep 1 energy=-126.9508720274329  maxlinkdim=1000 maxerr=1.13E-14 time=95.091
After sweep 1 energy=-126.95480386013662  maxlinkdim=1000 maxerr=1.49E-15 time=65.137
After sweep 1 energy=-126.95699453891483  maxlinkdim=988 maxerr=1.00E-15 time=47.709
After sweep 1 energy=-126.95849233892406  maxlinkdim=970 maxerr=1.00E-15 time=39.391
After sweep 1 energy=-126.9595688335494  maxlinkdim=946 maxerr=9.98E-16 time=34.102
After sweep 1 energy=-126.96034939559469  maxlinkdim=917 maxerr=1.00E-15 time=29.846
After sweep 1 energy=-126.96091046189039  maxlinkdim=884 maxerr=1.00E-15 time=26.455
After sweep 1 energy=-126.96130551809617  maxlinkdim=847 maxerr=1.00E-15 time=23.612
