Numero de qubits: 15 
Threads (LinearAlgebra) :29
Threads (Julia) :1


 22.882120 seconds (90.18 M allocations: 5.239 GiB, 4.35% gc time, 96.98% compilation time)


  1.091363 seconds (1.39 M allocations: 862.737 MiB, 19.36% gc time, 23.26% compilation time)


  0.629718 seconds (506.42 k allocations: 816.756 MiB, 4.43% gc time)


  0.822565 seconds (506.42 k allocations: 816.757 MiB, 25.41% gc time)


  0.617181 seconds (506.41 k allocations: 816.756 MiB, 3.73% gc time)


  0.626316 seconds (506.42 k allocations: 816.757 MiB, 4.03% gc time)


  0.783815 seconds (506.40 k allocations: 816.755 MiB, 25.97% gc time)


  0.632317 seconds (506.42 k allocations: 816.757 MiB, 3.85% gc time)


  0.853771 seconds (506.42 k allocations: 816.756 MiB, 24.75% gc time)


  0.628862 seconds (506.41 k allocations: 816.755 MiB, 3.34% gc time)


  0.650198 seconds (506.42 k allocations: 816.756 MiB, 3.88% gc time)


  1.382174 seconds (1.74 M allocations: 880.249 MiB, 14.82% gc time, 40.96% compilation time)


  0.650075 seconds (506.42 k allocations: 816.756 MiB, 4.07% gc time)


  0.814647 seconds (506.42 k allocations: 816.755 MiB, 23.67% gc time)


  0.635489 seconds (506.40 k allocations: 816.755 MiB, 3.96% gc time)


  0.837819 seconds (506.41 k allocations: 816.756 MiB, 23.71% gc time)


  0.614817 seconds (506.41 k allocations: 816.755 MiB, 3.17% gc time)


  0.655212 seconds (506.41 k allocations: 816.755 MiB, 4.04% gc time)


  0.819085 seconds (506.42 k allocations: 816.756 MiB, 23.66% gc time)


  0.648398 seconds (506.42 k allocations: 816.756 MiB, 3.90% gc time)


  0.839800 seconds (506.41 k allocations: 816.756 MiB, 23.67% gc time)


Numero de qubits: 16 
Threads (LinearAlgebra) :29
Threads (Julia) :1


  1.595592 seconds (544.54 k allocations: 1.633 GiB, 13.62% gc time)


  1.522557 seconds (544.55 k allocations: 1.633 GiB, 13.72% gc time)


  1.708030 seconds (544.56 k allocations: 1.633 GiB, 22.65% gc time)


  1.583836 seconds (544.54 k allocations: 1.633 GiB, 13.24% gc time)


  1.612868 seconds (544.56 k allocations: 1.633 GiB, 14.09% gc time)


  1.752417 seconds (544.54 k allocations: 1.633 GiB, 24.62% gc time)


  1.499219 seconds (544.53 k allocations: 1.633 GiB, 13.34% gc time)


  1.471506 seconds (544.54 k allocations: 1.633 GiB, 13.82% gc time)


  1.482784 seconds (544.55 k allocations: 1.633 GiB, 14.40% gc time)


  2.073617 seconds (544.55 k allocations: 1.633 GiB, 18.48% gc time)


  1.524211 seconds (544.56 k allocations: 1.633 GiB, 14.65% gc time)


  1.585774 seconds (544.54 k allocations: 1.633 GiB, 15.22% gc time)


  1.688995 seconds (544.54 k allocations: 1.633 GiB, 23.41% gc time)


  1.510388 seconds (544.54 k allocations: 1.633 GiB, 13.64% gc time)


  1.592690 seconds (544.56 k allocations: 1.633 GiB, 13.81% gc time)


  1.789593 seconds (544.54 k allocations: 1.633 GiB, 25.02% gc time)


  1.598115 seconds (544.53 k allocations: 1.633 GiB, 13.34% gc time)


  1.530834 seconds (544.55 k allocations: 1.633 GiB, 14.10% gc time)


  1.564507 seconds (544.56 k allocations: 1.633 GiB, 15.41% gc time)


  1.477085 seconds (544.54 k allocations: 1.633 GiB, 14.41% gc time)


  1.485630 seconds (544.54 k allocations: 1.633 GiB, 14.03% gc time)


Numero de qubits: 17 
Threads (LinearAlgebra) :29
Threads (Julia) :1


  2.288163 seconds (584.81 k allocations: 2.521 GiB, 17.83% gc time)


  2.449676 seconds (584.82 k allocations: 2.521 GiB, 23.62% gc time)


  2.326945 seconds (584.84 k allocations: 2.521 GiB, 17.87% gc time)


  2.554702 seconds (584.82 k allocations: 2.521 GiB, 23.57% gc time)


  2.363499 seconds (584.82 k allocations: 2.521 GiB, 17.16% gc time)


  2.457739 seconds (584.84 k allocations: 2.521 GiB, 23.37% gc time)


  2.282344 seconds (584.81 k allocations: 2.521 GiB, 17.28% gc time)


  2.302560 seconds (584.83 k allocations: 2.521 GiB, 17.21% gc time)


  2.520810 seconds (584.81 k allocations: 2.521 GiB, 23.47% gc time)


  2.300170 seconds (584.83 k allocations: 2.521 GiB, 17.20% gc time)


  2.266455 seconds (584.84 k allocations: 2.521 GiB, 17.75% gc time)


  2.468670 seconds (584.83 k allocations: 2.521 GiB, 24.32% gc time)


  2.364219 seconds (584.84 k allocations: 2.521 GiB, 18.24% gc time)


  2.355848 seconds (584.81 k allocations: 2.521 GiB, 17.80% gc time)


  2.523582 seconds (584.82 k allocations: 2.521 GiB, 22.85% gc time)


  2.289480 seconds (584.82 k allocations: 2.521 GiB, 17.46% gc time)


  2.353065 seconds (584.83 k allocations: 2.521 GiB, 17.31% gc time)


  2.425463 seconds (584.83 k allocations: 2.521 GiB, 23.91% gc time)


  2.339350 seconds (584.84 k allocations: 2.521 GiB, 17.17% gc time)


  2.361487 seconds (584.83 k allocations: 2.521 GiB, 17.61% gc time)


  2.542430 seconds (584.82 k allocations: 2.521 GiB, 23.89% gc time)


Numero de qubits: 18 
Threads (LinearAlgebra) :29
Threads (Julia) :1


  5.522261 seconds (626.57 k allocations: 5.342 GiB, 18.21% gc time)


  5.505948 seconds (626.57 k allocations: 5.342 GiB, 20.14% gc time)


  5.580169 seconds (626.56 k allocations: 5.342 GiB, 20.02% gc time)


  5.421551 seconds (626.55 k allocations: 5.342 GiB, 18.48% gc time)


  5.385316 seconds (626.57 k allocations: 5.342 GiB, 18.18% gc time)


  5.403459 seconds (626.56 k allocations: 5.342 GiB, 20.11% gc time)


  5.438655 seconds (626.55 k allocations: 5.342 GiB, 19.97% gc time)


  5.510577 seconds (626.57 k allocations: 5.342 GiB, 20.76% gc time)


  5.399049 seconds (626.55 k allocations: 5.342 GiB, 20.35% gc time)


  5.431017 seconds (626.54 k allocations: 5.342 GiB, 21.09% gc time)


  5.329035 seconds (626.56 k allocations: 5.342 GiB, 20.66% gc time)


  5.352403 seconds (626.56 k allocations: 5.342 GiB, 20.56% gc time)


  6.344495 seconds (626.56 k allocations: 5.342 GiB, 18.46% gc time)


  5.460749 seconds (626.55 k allocations: 5.342 GiB, 20.52% gc time)


  5.570614 seconds (626.57 k allocations: 5.342 GiB, 21.36% gc time)


  5.497178 seconds (626.58 k allocations: 5.342 GiB, 20.46% gc time)


  5.671147 seconds (626.57 k allocations: 5.342 GiB, 20.78% gc time)


  5.532916 seconds (626.56 k allocations: 5.342 GiB, 20.32% gc time)


  5.551268 seconds (626.57 k allocations: 5.342 GiB, 20.28% gc time)


  5.539248 seconds (626.57 k allocations: 5.342 GiB, 20.35% gc time)


  6.589772 seconds (626.58 k allocations: 5.342 GiB, 17.32% gc time)


Numero de qubits: 19 
Threads (LinearAlgebra) :29
Threads (Julia) :1


  8.204601 seconds (667.53 k allocations: 8.377 GiB, 20.73% gc time)


  8.351171 seconds (667.54 k allocations: 8.377 GiB, 22.06% gc time)


  8.245628 seconds (667.52 k allocations: 8.377 GiB, 20.34% gc time)


  8.238118 seconds (667.52 k allocations: 8.377 GiB, 22.67% gc time)


  8.109425 seconds (667.53 k allocations: 8.377 GiB, 20.46% gc time)


  8.889758 seconds (667.53 k allocations: 8.377 GiB, 20.63% gc time)


  8.827387 seconds (667.54 k allocations: 8.377 GiB, 21.33% gc time)


  8.186872 seconds (667.53 k allocations: 8.377 GiB, 20.38% gc time)


  8.285530 seconds (667.52 k allocations: 8.377 GiB, 22.05% gc time)


  7.760062 seconds (667.52 k allocations: 8.377 GiB, 22.11% gc time)


  7.697708 seconds (667.53 k allocations: 8.377 GiB, 23.71% gc time)


  7.745814 seconds (667.53 k allocations: 8.377 GiB, 22.18% gc time)


  7.510742 seconds (667.54 k allocations: 8.377 GiB, 22.14% gc time)


  7.501037 seconds (667.55 k allocations: 8.377 GiB, 22.06% gc time)


  7.657578 seconds (667.53 k allocations: 8.377 GiB, 22.78% gc time)


  7.827033 seconds (667.53 k allocations: 8.377 GiB, 23.47% gc time)


  7.407318 seconds (667.54 k allocations: 8.377 GiB, 22.33% gc time)


  7.475144 seconds (667.53 k allocations: 8.377 GiB, 22.24% gc time)


  7.461598 seconds (667.53 k allocations: 8.377 GiB, 22.26% gc time)


  7.911610 seconds (667.52 k allocations: 8.377 GiB, 21.53% gc time)


  8.517308 seconds (667.53 k allocations: 8.377 GiB, 21.83% gc time)


Numero de qubits: 20 
Threads (LinearAlgebra) :29
Threads (Julia) :1


 19.406419 seconds (720.66 k allocations: 18.107 GiB, 16.96% gc time)


 31.713692 seconds (720.65 k allocations: 18.107 GiB, 12.59% gc time)


 19.838907 seconds (720.67 k allocations: 18.107 GiB, 18.37% gc time)


 20.355824 seconds (720.65 k allocations: 18.107 GiB, 17.83% gc time)


 33.097126 seconds (720.64 k allocations: 18.107 GiB, 12.08% gc time)


 20.439533 seconds (720.66 k allocations: 18.118 GiB, 19.41% gc time)


 19.064942 seconds (720.65 k allocations: 18.119 GiB, 18.92% gc time)


 19.634762 seconds (720.65 k allocations: 18.107 GiB, 17.66% gc time)


 19.479988 seconds (720.65 k allocations: 18.107 GiB, 18.42% gc time)


 19.701950 seconds (720.66 k allocations: 18.107 GiB, 18.08% gc time)


 31.814482 seconds (720.67 k allocations: 18.107 GiB, 12.64% gc time)


 19.482899 seconds (720.65 k allocations: 18.119 GiB, 19.73% gc time)


 19.578916 seconds (720.67 k allocations: 18.107 GiB, 17.73% gc time)


 21.708172 seconds (720.67 k allocations: 18.107 GiB, 16.83% gc time)


 19.725801 seconds (720.67 k allocations: 18.107 GiB, 18.60% gc time)


 20.516232 seconds (720.64 k allocations: 18.119 GiB, 17.82% gc time)


 20.880535 seconds (720.65 k allocations: 18.118 GiB, 17.49% gc time)


 17.933601 seconds (720.65 k allocations: 18.118 GiB, 19.50% gc time)


 18.420331 seconds (720.66 k allocations: 18.107 GiB, 18.62% gc time)


 23.862751 seconds (720.66 k allocations: 18.107 GiB, 17.51% gc time)


 24.822289 seconds (720.64 k allocations: 18.107 GiB, 19.28% gc time)


