Numero de qubits: 20 
Threads (LinearAlgebra) :9
Threads (Julia) :1


 42.482494 seconds (88.64 M allocations: 22.466 GiB, 9.40% gc time, 50.08% compilation time)


 21.077183 seconds (720.65 k allocations: 18.107 GiB, 15.73% gc time)


 20.783714 seconds (720.67 k allocations: 18.107 GiB, 14.56% gc time)


 20.854059 seconds (720.66 k allocations: 18.107 GiB, 14.52% gc time)


 21.545608 seconds (3.36 M allocations: 18.236 GiB, 14.70% gc time, 2.62% compilation time)


 20.218760 seconds (720.67 k allocations: 18.119 GiB, 14.87% gc time)


 20.829242 seconds (720.65 k allocations: 18.107 GiB, 14.42% gc time)


 20.835861 seconds (720.65 k allocations: 18.107 GiB, 14.45% gc time)


 20.813494 seconds (720.66 k allocations: 18.107 GiB, 14.36% gc time)


 20.884409 seconds (720.66 k allocations: 18.107 GiB, 14.47% gc time)


 20.813981 seconds (720.66 k allocations: 18.107 GiB, 14.39% gc time)


 20.949643 seconds (720.66 k allocations: 18.107 GiB, 14.24% gc time)


 20.874191 seconds (720.66 k allocations: 18.107 GiB, 14.71% gc time)


 20.788181 seconds (720.65 k allocations: 18.107 GiB, 14.70% gc time)


 20.757457 seconds (720.66 k allocations: 18.107 GiB, 14.84% gc time)


 20.118257 seconds (720.63 k allocations: 18.118 GiB, 14.56% gc time)


 20.794957 seconds (720.65 k allocations: 18.107 GiB, 14.77% gc time)


 20.824911 seconds (720.65 k allocations: 18.107 GiB, 14.74% gc time)


 20.897739 seconds (720.67 k allocations: 18.107 GiB, 14.61% gc time)


 20.535409 seconds (720.64 k allocations: 18.107 GiB, 14.81% gc time)


 20.642062 seconds (720.68 k allocations: 18.107 GiB, 14.78% gc time)


