Numero de qubits: 20 
Threads (LinearAlgebra) :17
Threads (Julia) :1


 39.741935 seconds (88.64 M allocations: 22.466 GiB, 9.96% gc time, 53.33% compilation time)


 18.422303 seconds (720.66 k allocations: 18.107 GiB, 17.29% gc time)


 18.213740 seconds (720.66 k allocations: 18.107 GiB, 16.72% gc time)


 17.845650 seconds (720.66 k allocations: 18.107 GiB, 16.59% gc time)


 17.787821 seconds (720.67 k allocations: 18.107 GiB, 16.71% gc time)


 18.376274 seconds (3.36 M allocations: 18.236 GiB, 16.11% gc time, 3.08% compilation time)


 17.386076 seconds (720.66 k allocations: 18.119 GiB, 16.90% gc time)


 17.585175 seconds (720.66 k allocations: 18.107 GiB, 15.99% gc time)


 17.857135 seconds (720.64 k allocations: 18.107 GiB, 16.47% gc time)


 18.140456 seconds (1.96 M allocations: 18.169 GiB, 15.38% gc time, 3.06% compilation time)


 17.714962 seconds (720.65 k allocations: 18.107 GiB, 16.68% gc time)


 17.315635 seconds (720.64 k allocations: 18.119 GiB, 16.95% gc time)


 17.710347 seconds (720.64 k allocations: 18.107 GiB, 15.79% gc time)


 17.672786 seconds (720.66 k allocations: 18.107 GiB, 16.70% gc time)


 17.659311 seconds (720.67 k allocations: 18.107 GiB, 16.71% gc time)


 17.661683 seconds (720.66 k allocations: 18.107 GiB, 16.55% gc time)


 17.605867 seconds (720.66 k allocations: 18.107 GiB, 16.63% gc time)


 17.624678 seconds (720.65 k allocations: 18.107 GiB, 16.57% gc time)


 17.652925 seconds (720.64 k allocations: 18.107 GiB, 16.58% gc time)


 17.676883 seconds (720.66 k allocations: 18.107 GiB, 16.78% gc time)


 17.632509 seconds (720.66 k allocations: 18.107 GiB, 16.67% gc time)


