Numero de qubits: 15 
Threads (LinearAlgebra) :16
Threads (Julia) :1


 22.078564 seconds (88.42 M allocations: 5.156 GiB, 4.41% gc time, 97.08% compilation time)


  0.773468 seconds (506.39 k allocations: 816.755 MiB, 22.79% gc time)


  0.590490 seconds (506.41 k allocations: 816.756 MiB, 4.09% gc time)


  0.765864 seconds (506.42 k allocations: 816.757 MiB, 23.56% gc time)


  1.682398 seconds (4.38 M allocations: 1011.363 MiB, 2.53% gc time, 67.01% compilation time)


  0.691674 seconds (506.40 k allocations: 816.755 MiB, 24.25% gc time)


  0.542922 seconds (506.41 k allocations: 816.756 MiB, 3.38% gc time)


  0.707006 seconds (506.42 k allocations: 816.756 MiB, 25.81% gc time)


  0.530879 seconds (506.41 k allocations: 816.756 MiB, 2.61% gc time)


  0.551068 seconds (506.43 k allocations: 816.757 MiB, 4.21% gc time)


  0.695125 seconds (506.42 k allocations: 816.756 MiB, 23.65% gc time)


  0.546258 seconds (506.41 k allocations: 816.756 MiB, 3.83% gc time)


  0.713971 seconds (506.41 k allocations: 816.756 MiB, 23.94% gc time)


  0.539057 seconds (506.41 k allocations: 816.756 MiB, 2.94% gc time)


  0.547947 seconds (506.43 k allocations: 816.757 MiB, 4.20% gc time)


  0.682263 seconds (506.41 k allocations: 816.756 MiB, 24.47% gc time)


  0.551575 seconds (506.42 k allocations: 816.756 MiB, 4.57% gc time)


  0.727727 seconds (506.42 k allocations: 816.757 MiB, 28.28% gc time)


  0.536311 seconds (506.42 k allocations: 816.757 MiB, 2.86% gc time)


  0.547679 seconds (506.41 k allocations: 816.756 MiB, 4.33% gc time)


  0.690702 seconds (506.42 k allocations: 816.756 MiB, 25.11% gc time)


Numero de qubits: 16 
Threads (LinearAlgebra) :16
Threads (Julia) :1


  1.377185 seconds (544.54 k allocations: 1.633 GiB, 13.75% gc time)


  1.377623 seconds (544.53 k allocations: 1.633 GiB, 14.28% gc time)


  1.484944 seconds (544.53 k allocations: 1.633 GiB, 22.00% gc time)


  1.373334 seconds (544.55 k allocations: 1.633 GiB, 13.42% gc time)


  1.358777 seconds (544.54 k allocations: 1.633 GiB, 14.98% gc time)


  1.370083 seconds (544.55 k allocations: 1.633 GiB, 14.46% gc time)


  1.349835 seconds (544.56 k allocations: 1.633 GiB, 13.36% gc time)


  1.539700 seconds (544.54 k allocations: 1.633 GiB, 22.30% gc time)


  1.334301 seconds (544.56 k allocations: 1.633 GiB, 13.17% gc time)


  1.350612 seconds (544.55 k allocations: 1.633 GiB, 14.62% gc time)


  1.343282 seconds (544.53 k allocations: 1.633 GiB, 13.97% gc time)


  1.527461 seconds (544.54 k allocations: 1.633 GiB, 22.23% gc time)


  1.366007 seconds (544.53 k allocations: 1.633 GiB, 14.83% gc time)


  1.345734 seconds (544.56 k allocations: 1.633 GiB, 13.61% gc time)


  1.506934 seconds (544.54 k allocations: 1.633 GiB, 23.39% gc time)


  1.332618 seconds (544.56 k allocations: 1.633 GiB, 13.38% gc time)


  1.339121 seconds (544.56 k allocations: 1.633 GiB, 13.72% gc time)


  1.504768 seconds (544.56 k allocations: 1.633 GiB, 22.70% gc time)


  1.353760 seconds (544.54 k allocations: 1.633 GiB, 13.06% gc time)


  1.380557 seconds (544.55 k allocations: 1.633 GiB, 13.51% gc time)


  1.503652 seconds (544.53 k allocations: 1.633 GiB, 23.01% gc time)


Numero de qubits: 17 
Threads (LinearAlgebra) :16
Threads (Julia) :1


  2.052240 seconds (584.83 k allocations: 2.521 GiB, 16.65% gc time)


  2.288622 seconds (584.83 k allocations: 2.521 GiB, 21.51% gc time)


  2.047061 seconds (584.82 k allocations: 2.521 GiB, 16.37% gc time)


  2.275008 seconds (584.82 k allocations: 2.521 GiB, 22.36% gc time)


  2.094524 seconds (584.84 k allocations: 2.521 GiB, 16.02% gc time)


  2.289684 seconds (584.82 k allocations: 2.521 GiB, 21.87% gc time)


  2.050222 seconds (584.84 k allocations: 2.521 GiB, 16.25% gc time)


  2.237411 seconds (584.83 k allocations: 2.521 GiB, 22.27% gc time)


  2.083048 seconds (584.83 k allocations: 2.521 GiB, 17.00% gc time)


  2.202495 seconds (584.83 k allocations: 2.521 GiB, 22.14% gc time)


  2.066328 seconds (584.83 k allocations: 2.521 GiB, 16.38% gc time)


  2.078571 seconds (584.83 k allocations: 2.521 GiB, 16.42% gc time)


  2.223978 seconds (584.83 k allocations: 2.521 GiB, 22.20% gc time)


  2.150291 seconds (584.83 k allocations: 2.521 GiB, 16.71% gc time)


  2.213250 seconds (584.81 k allocations: 2.521 GiB, 22.09% gc time)


  2.036238 seconds (584.82 k allocations: 2.521 GiB, 16.78% gc time)


  2.231969 seconds (584.83 k allocations: 2.521 GiB, 22.71% gc time)


  2.039065 seconds (584.82 k allocations: 2.521 GiB, 16.85% gc time)


  2.097503 seconds (584.82 k allocations: 2.521 GiB, 17.14% gc time)


  2.259720 seconds (584.84 k allocations: 2.521 GiB, 22.82% gc time)


  2.067413 seconds (584.82 k allocations: 2.521 GiB, 16.78% gc time)


Numero de qubits: 18 
Threads (LinearAlgebra) :16
Threads (Julia) :1


  5.007600 seconds (626.57 k allocations: 5.342 GiB, 19.43% gc time)


  4.926223 seconds (626.55 k allocations: 5.342 GiB, 19.53% gc time)


  4.966595 seconds (626.56 k allocations: 5.342 GiB, 19.72% gc time)


  4.940309 seconds (626.56 k allocations: 5.342 GiB, 20.18% gc time)


  4.935267 seconds (626.55 k allocations: 5.342 GiB, 19.90% gc time)


  4.897730 seconds (626.57 k allocations: 5.342 GiB, 19.68% gc time)


  4.984917 seconds (626.55 k allocations: 5.345 GiB, 19.69% gc time)


  4.928503 seconds (626.56 k allocations: 5.342 GiB, 19.86% gc time)


  4.917458 seconds (626.57 k allocations: 5.342 GiB, 19.58% gc time)


  4.947160 seconds (626.56 k allocations: 5.342 GiB, 19.92% gc time)


  4.932003 seconds (626.58 k allocations: 5.342 GiB, 19.81% gc time)


  4.897883 seconds (626.56 k allocations: 5.342 GiB, 20.20% gc time)


  4.883696 seconds (626.57 k allocations: 5.342 GiB, 19.69% gc time)


  4.861969 seconds (626.55 k allocations: 5.342 GiB, 19.87% gc time)


  4.890689 seconds (626.56 k allocations: 5.342 GiB, 19.77% gc time)


  4.908743 seconds (626.56 k allocations: 5.342 GiB, 19.74% gc time)


  4.970212 seconds (626.57 k allocations: 5.342 GiB, 19.60% gc time)


  4.939995 seconds (626.55 k allocations: 5.342 GiB, 19.79% gc time)


  4.997155 seconds (626.55 k allocations: 5.342 GiB, 19.93% gc time)


  4.918974 seconds (626.56 k allocations: 5.342 GiB, 19.77% gc time)


  4.897921 seconds (626.59 k allocations: 5.342 GiB, 19.75% gc time)


Numero de qubits: 19 
Threads (LinearAlgebra) :16
Threads (Julia) :1


  7.355799 seconds (667.54 k allocations: 8.377 GiB, 19.85% gc time)


  7.315703 seconds (667.53 k allocations: 8.377 GiB, 19.62% gc time)


  7.307698 seconds (667.53 k allocations: 8.377 GiB, 19.77% gc time)


  7.502467 seconds (667.53 k allocations: 8.377 GiB, 21.01% gc time)


  7.547067 seconds (667.54 k allocations: 8.377 GiB, 21.47% gc time)


  7.484422 seconds (667.53 k allocations: 8.377 GiB, 21.24% gc time)


  7.483168 seconds (667.52 k allocations: 8.377 GiB, 21.16% gc time)


  7.445102 seconds (667.53 k allocations: 8.377 GiB, 21.26% gc time)


  7.298893 seconds (667.53 k allocations: 8.377 GiB, 20.02% gc time)


  7.496137 seconds (667.53 k allocations: 8.377 GiB, 21.20% gc time)


  7.468470 seconds (667.52 k allocations: 8.377 GiB, 21.40% gc time)


  7.428414 seconds (667.54 k allocations: 8.377 GiB, 21.21% gc time)


  7.254714 seconds (667.52 k allocations: 8.377 GiB, 19.85% gc time)


  7.440306 seconds (667.52 k allocations: 8.377 GiB, 21.57% gc time)


  7.449954 seconds (667.54 k allocations: 8.377 GiB, 21.27% gc time)


  7.466054 seconds (667.52 k allocations: 8.377 GiB, 21.37% gc time)


  7.400117 seconds (667.54 k allocations: 8.377 GiB, 21.45% gc time)


  7.291169 seconds (667.54 k allocations: 8.377 GiB, 20.24% gc time)


  7.433471 seconds (667.53 k allocations: 8.377 GiB, 21.31% gc time)


  7.503801 seconds (667.53 k allocations: 8.377 GiB, 21.34% gc time)


  7.272161 seconds (667.53 k allocations: 8.377 GiB, 19.80% gc time)


Numero de qubits: 20 
Threads (LinearAlgebra) :16
Threads (Julia) :1


 18.477267 seconds (720.67 k allocations: 18.107 GiB, 17.81% gc time)


 18.465786 seconds (720.66 k allocations: 18.107 GiB, 17.88% gc time)


 18.444341 seconds (720.66 k allocations: 18.107 GiB, 17.71% gc time)


 18.421819 seconds (720.66 k allocations: 18.107 GiB, 17.31% gc time)


 18.455700 seconds (720.65 k allocations: 18.107 GiB, 17.85% gc time)


 18.483273 seconds (720.65 k allocations: 18.107 GiB, 17.82% gc time)


 18.399524 seconds (720.65 k allocations: 18.107 GiB, 18.00% gc time)


 18.324790 seconds (720.66 k allocations: 18.107 GiB, 17.19% gc time)


 17.868586 seconds (720.66 k allocations: 18.119 GiB, 17.51% gc time)


 18.383982 seconds (720.66 k allocations: 18.107 GiB, 17.35% gc time)


 18.534798 seconds (720.67 k allocations: 18.107 GiB, 17.86% gc time)


 18.387311 seconds (720.66 k allocations: 18.107 GiB, 17.15% gc time)


 18.512181 seconds (720.67 k allocations: 18.107 GiB, 17.86% gc time)


 18.444480 seconds (720.66 k allocations: 18.107 GiB, 17.96% gc time)


 18.698538 seconds (720.65 k allocations: 18.107 GiB, 18.37% gc time)


 18.434810 seconds (720.67 k allocations: 18.107 GiB, 17.89% gc time)


 18.042034 seconds (720.65 k allocations: 18.118 GiB, 18.36% gc time)


 17.812282 seconds (720.64 k allocations: 18.118 GiB, 17.70% gc time)


 17.849053 seconds (720.65 k allocations: 18.118 GiB, 18.38% gc time)


 18.305260 seconds (720.66 k allocations: 18.107 GiB, 17.32% gc time)


 18.122385 seconds (720.66 k allocations: 18.107 GiB, 17.34% gc time)


