Numero de qubits: 15 
Threads (LinearAlgebra) :9
Threads (Julia) :1


 21.967682 seconds (88.42 M allocations: 5.156 GiB, 4.36% gc time, 97.02% compilation time)


  0.766261 seconds (506.42 k allocations: 816.756 MiB, 22.62% gc time)


  0.568384 seconds (506.41 k allocations: 816.756 MiB, 4.49% gc time)


  0.750529 seconds (506.41 k allocations: 816.756 MiB, 23.94% gc time)


  1.133977 seconds (3.15 M allocations: 947.871 MiB, 3.16% gc time, 49.75% compilation time)


  0.693902 seconds (506.43 k allocations: 816.757 MiB, 24.14% gc time)


  0.540988 seconds (506.43 k allocations: 816.757 MiB, 3.33% gc time)


  0.553176 seconds (506.41 k allocations: 816.756 MiB, 4.21% gc time)


  0.691740 seconds (506.43 k allocations: 816.757 MiB, 25.28% gc time)


  0.563135 seconds (506.42 k allocations: 816.756 MiB, 3.73% gc time)


  0.709193 seconds (506.42 k allocations: 816.757 MiB, 23.78% gc time)


  0.543103 seconds (506.42 k allocations: 816.756 MiB, 3.08% gc time)


  0.553695 seconds (506.41 k allocations: 816.756 MiB, 4.20% gc time)


  0.697975 seconds (506.42 k allocations: 816.757 MiB, 24.17% gc time)


  0.556908 seconds (506.42 k allocations: 816.756 MiB, 4.06% gc time)


  1.276512 seconds (1.74 M allocations: 880.249 MiB, 14.90% gc time, 44.71% compilation time)


  0.545490 seconds (506.42 k allocations: 816.756 MiB, 2.83% gc time)


  0.558288 seconds (506.41 k allocations: 816.756 MiB, 4.15% gc time)


  0.703061 seconds (506.41 k allocations: 816.756 MiB, 25.64% gc time)


  0.548989 seconds (506.42 k allocations: 816.756 MiB, 3.64% gc time)


  0.693487 seconds (506.41 k allocations: 816.756 MiB, 24.13% gc time)


Numero de qubits: 16 
Threads (LinearAlgebra) :9
Threads (Julia) :1


  1.410035 seconds (544.55 k allocations: 1.633 GiB, 13.39% gc time)


  1.405443 seconds (544.52 k allocations: 1.633 GiB, 13.10% gc time)


  1.540872 seconds (544.55 k allocations: 1.633 GiB, 21.51% gc time)


  1.394282 seconds (544.55 k allocations: 1.633 GiB, 13.88% gc time)


  1.413574 seconds (544.53 k allocations: 1.633 GiB, 13.07% gc time)


  1.547016 seconds (544.54 k allocations: 1.633 GiB, 22.59% gc time)


  1.369955 seconds (544.54 k allocations: 1.633 GiB, 12.66% gc time)


  1.367141 seconds (544.53 k allocations: 1.633 GiB, 13.81% gc time)


  1.370364 seconds (544.55 k allocations: 1.633 GiB, 13.18% gc time)


  1.393302 seconds (544.54 k allocations: 1.633 GiB, 12.67% gc time)


  1.382011 seconds (544.56 k allocations: 1.633 GiB, 13.07% gc time)


  1.545968 seconds (544.53 k allocations: 1.633 GiB, 22.40% gc time)


  1.371951 seconds (544.54 k allocations: 1.633 GiB, 12.78% gc time)


  1.383722 seconds (544.54 k allocations: 1.633 GiB, 13.32% gc time)


  1.550633 seconds (544.54 k allocations: 1.633 GiB, 22.39% gc time)


  1.372964 seconds (544.54 k allocations: 1.633 GiB, 12.76% gc time)


  1.383013 seconds (544.55 k allocations: 1.633 GiB, 13.42% gc time)


  1.524706 seconds (544.53 k allocations: 1.633 GiB, 22.09% gc time)


  1.375292 seconds (544.56 k allocations: 1.633 GiB, 12.86% gc time)


  1.409005 seconds (544.53 k allocations: 1.633 GiB, 12.96% gc time)


  1.529397 seconds (544.55 k allocations: 1.633 GiB, 21.68% gc time)


Numero de qubits: 17 
Threads (LinearAlgebra) :9
Threads (Julia) :1


  2.157231 seconds (584.82 k allocations: 2.521 GiB, 15.62% gc time)


  2.285360 seconds (584.83 k allocations: 2.521 GiB, 21.81% gc time)


  2.116386 seconds (584.82 k allocations: 2.521 GiB, 15.74% gc time)


  2.166033 seconds (584.82 k allocations: 2.521 GiB, 16.81% gc time)


  2.114622 seconds (584.84 k allocations: 2.521 GiB, 15.99% gc time)


  2.146544 seconds (584.84 k allocations: 2.521 GiB, 16.42% gc time)


  2.297796 seconds (584.84 k allocations: 2.521 GiB, 21.89% gc time)


  2.117652 seconds (584.80 k allocations: 2.521 GiB, 16.36% gc time)


  2.310066 seconds (584.84 k allocations: 2.521 GiB, 21.19% gc time)


  2.165441 seconds (584.82 k allocations: 2.521 GiB, 15.88% gc time)


  2.304863 seconds (584.83 k allocations: 2.521 GiB, 22.05% gc time)


  2.150991 seconds (584.83 k allocations: 2.521 GiB, 16.56% gc time)


  2.270253 seconds (584.83 k allocations: 2.521 GiB, 21.53% gc time)


  2.130162 seconds (584.82 k allocations: 2.521 GiB, 16.18% gc time)


  2.346469 seconds (584.83 k allocations: 2.521 GiB, 22.32% gc time)


  2.115346 seconds (584.83 k allocations: 2.521 GiB, 15.84% gc time)


  2.298182 seconds (584.81 k allocations: 2.521 GiB, 21.88% gc time)


  2.138199 seconds (584.81 k allocations: 2.521 GiB, 15.62% gc time)


  2.332850 seconds (584.84 k allocations: 2.521 GiB, 21.42% gc time)


  2.127966 seconds (584.84 k allocations: 2.521 GiB, 15.82% gc time)


  2.308256 seconds (584.83 k allocations: 2.521 GiB, 21.19% gc time)


Numero de qubits: 18 
Threads (LinearAlgebra) :9
Threads (Julia) :1


  5.255308 seconds (626.55 k allocations: 5.342 GiB, 18.97% gc time)


  5.248307 seconds (626.56 k allocations: 5.342 GiB, 18.72% gc time)


  5.289000 seconds (626.56 k allocations: 5.342 GiB, 18.26% gc time)


  5.285840 seconds (626.57 k allocations: 5.342 GiB, 18.94% gc time)


  5.227060 seconds (626.56 k allocations: 5.342 GiB, 18.47% gc time)


  5.323846 seconds (626.57 k allocations: 5.342 GiB, 18.29% gc time)


  5.246315 seconds (626.56 k allocations: 5.342 GiB, 18.37% gc time)


  5.155176 seconds (626.51 k allocations: 5.343 GiB, 18.53% gc time)


  5.254022 seconds (626.57 k allocations: 5.342 GiB, 18.73% gc time)


  5.244561 seconds (626.54 k allocations: 5.342 GiB, 18.46% gc time)


  5.281455 seconds (626.57 k allocations: 5.342 GiB, 18.61% gc time)


  5.276780 seconds (626.55 k allocations: 5.342 GiB, 18.67% gc time)


  5.228113 seconds (626.54 k allocations: 5.342 GiB, 18.38% gc time)


  5.236003 seconds (626.56 k allocations: 5.342 GiB, 18.35% gc time)


  5.154135 seconds (626.52 k allocations: 5.343 GiB, 18.70% gc time)


  5.290373 seconds (626.55 k allocations: 5.342 GiB, 18.31% gc time)


  5.243615 seconds (626.55 k allocations: 5.342 GiB, 18.33% gc time)


  5.216930 seconds (626.55 k allocations: 5.342 GiB, 18.40% gc time)


  5.201817 seconds (626.56 k allocations: 5.342 GiB, 18.79% gc time)


  5.205334 seconds (626.57 k allocations: 5.342 GiB, 18.35% gc time)


  5.244782 seconds (626.56 k allocations: 5.342 GiB, 18.64% gc time)


Numero de qubits: 19 
Threads (LinearAlgebra) :9
Threads (Julia) :1


  8.193856 seconds (667.52 k allocations: 8.377 GiB, 19.73% gc time)


  8.045414 seconds (667.55 k allocations: 8.377 GiB, 18.17% gc time)


  7.977983 seconds (667.53 k allocations: 8.377 GiB, 17.99% gc time)


  7.981212 seconds (667.54 k allocations: 8.377 GiB, 17.96% gc time)


  8.017993 seconds (667.52 k allocations: 8.377 GiB, 18.22% gc time)


  8.191896 seconds (667.52 k allocations: 8.377 GiB, 19.38% gc time)


  8.141760 seconds (667.53 k allocations: 8.377 GiB, 19.61% gc time)


  8.129039 seconds (667.53 k allocations: 8.377 GiB, 19.54% gc time)


  8.170973 seconds (667.53 k allocations: 8.377 GiB, 19.59% gc time)


  8.133343 seconds (667.52 k allocations: 8.377 GiB, 19.42% gc time)


  8.152456 seconds (667.52 k allocations: 8.377 GiB, 19.60% gc time)


  8.142066 seconds (667.53 k allocations: 8.377 GiB, 19.61% gc time)


  8.137942 seconds (667.53 k allocations: 8.377 GiB, 19.75% gc time)


  8.055635 seconds (667.54 k allocations: 8.377 GiB, 19.87% gc time)


  8.052973 seconds (667.53 k allocations: 8.377 GiB, 19.57% gc time)


  8.055883 seconds (667.52 k allocations: 8.377 GiB, 19.60% gc time)


  8.151001 seconds (667.53 k allocations: 8.377 GiB, 19.49% gc time)


  8.135037 seconds (667.53 k allocations: 8.377 GiB, 19.85% gc time)


  8.117468 seconds (667.52 k allocations: 8.377 GiB, 19.72% gc time)


  8.015559 seconds (667.54 k allocations: 8.377 GiB, 18.15% gc time)


  8.218952 seconds (667.54 k allocations: 8.377 GiB, 19.44% gc time)


Numero de qubits: 20 
Threads (LinearAlgebra) :9
Threads (Julia) :1


 21.463849 seconds (720.68 k allocations: 18.107 GiB, 16.10% gc time)


 21.400277 seconds (720.66 k allocations: 18.107 GiB, 15.57% gc time)


 21.420689 seconds (720.67 k allocations: 18.107 GiB, 15.49% gc time)


 21.389051 seconds (720.65 k allocations: 18.107 GiB, 16.21% gc time)


 20.741221 seconds (720.66 k allocations: 18.119 GiB, 16.78% gc time)


 20.763089 seconds (720.65 k allocations: 18.119 GiB, 15.96% gc time)


 20.525570 seconds (720.66 k allocations: 18.118 GiB, 16.25% gc time)


 21.339262 seconds (720.67 k allocations: 18.107 GiB, 16.17% gc time)


 21.176552 seconds (720.65 k allocations: 18.107 GiB, 15.76% gc time)


 21.085109 seconds (720.66 k allocations: 18.107 GiB, 15.59% gc time)


 20.634289 seconds (720.66 k allocations: 18.119 GiB, 16.08% gc time)


 21.251746 seconds (720.66 k allocations: 18.107 GiB, 15.56% gc time)


 21.066050 seconds (720.66 k allocations: 18.107 GiB, 15.69% gc time)


 21.239134 seconds (720.66 k allocations: 18.107 GiB, 15.47% gc time)


 21.297577 seconds (720.65 k allocations: 18.107 GiB, 15.42% gc time)


 21.328544 seconds (720.66 k allocations: 18.107 GiB, 15.58% gc time)


 21.300013 seconds (720.65 k allocations: 18.107 GiB, 15.39% gc time)


 20.691854 seconds (720.66 k allocations: 18.119 GiB, 15.93% gc time)


 21.126508 seconds (720.66 k allocations: 18.107 GiB, 15.55% gc time)


 21.322827 seconds (720.65 k allocations: 18.107 GiB, 16.32% gc time)


 21.410218 seconds (720.66 k allocations: 18.107 GiB, 15.43% gc time)


