Numero de qubits: 15 
Threads (LinearAlgebra) :12
Threads (Julia) :1


 22.095116 seconds (88.42 M allocations: 5.156 GiB, 4.81% gc time, 96.29% compilation time)


  1.729550 seconds (4.38 M allocations: 1011.363 MiB, 2.62% gc time, 64.11% compilation time)


  0.791580 seconds (506.40 k allocations: 816.755 MiB, 22.99% gc time)


  0.570905 seconds (506.41 k allocations: 816.756 MiB, 3.16% gc time)


  0.588608 seconds (506.42 k allocations: 816.756 MiB, 4.16% gc time)


  0.748593 seconds (506.43 k allocations: 816.757 MiB, 23.74% gc time)


  0.588445 seconds (506.42 k allocations: 816.756 MiB, 4.09% gc time)


  0.769010 seconds (506.41 k allocations: 816.756 MiB, 24.69% gc time)


  0.588550 seconds (506.41 k allocations: 816.756 MiB, 3.52% gc time)


  0.589842 seconds (506.42 k allocations: 816.756 MiB, 4.06% gc time)


  0.739413 seconds (506.42 k allocations: 816.756 MiB, 25.87% gc time)


  0.593383 seconds (506.41 k allocations: 816.756 MiB, 4.19% gc time)


  0.766550 seconds (506.42 k allocations: 816.757 MiB, 24.16% gc time)


  0.593965 seconds (506.42 k allocations: 816.757 MiB, 3.96% gc time)


  0.588385 seconds (506.40 k allocations: 816.755 MiB, 4.08% gc time)


  0.776086 seconds (506.41 k allocations: 816.756 MiB, 21.36% gc time)


  0.590817 seconds (506.42 k allocations: 816.756 MiB, 4.17% gc time)


  0.756186 seconds (506.43 k allocations: 816.757 MiB, 23.34% gc time)


  0.587223 seconds (506.41 k allocations: 816.756 MiB, 4.21% gc time)


  0.774880 seconds (506.41 k allocations: 816.755 MiB, 25.67% gc time)


  0.597755 seconds (506.42 k allocations: 816.756 MiB, 3.85% gc time)


Numero de qubits: 16 
Threads (LinearAlgebra) :12
Threads (Julia) :1


  1.452843 seconds (544.54 k allocations: 1.633 GiB, 13.56% gc time)


  1.596531 seconds (544.55 k allocations: 1.633 GiB, 22.99% gc time)


  1.389718 seconds (544.54 k allocations: 1.633 GiB, 14.18% gc time)


  1.387716 seconds (544.54 k allocations: 1.633 GiB, 13.90% gc time)


  1.567983 seconds (544.55 k allocations: 1.633 GiB, 23.41% gc time)


  1.417452 seconds (544.54 k allocations: 1.633 GiB, 13.27% gc time)


  1.424271 seconds (544.54 k allocations: 1.633 GiB, 14.14% gc time)


  1.440143 seconds (544.54 k allocations: 1.633 GiB, 15.43% gc time)


  1.405747 seconds (544.53 k allocations: 1.633 GiB, 13.44% gc time)


  1.411832 seconds (544.54 k allocations: 1.633 GiB, 14.61% gc time)


  1.429121 seconds (544.54 k allocations: 1.633 GiB, 14.22% gc time)


  1.610244 seconds (544.54 k allocations: 1.633 GiB, 23.01% gc time)


  1.370750 seconds (544.54 k allocations: 1.633 GiB, 13.66% gc time)


  1.409025 seconds (544.55 k allocations: 1.633 GiB, 13.97% gc time)


  1.590200 seconds (544.54 k allocations: 1.633 GiB, 22.45% gc time)


  1.457354 seconds (544.55 k allocations: 1.633 GiB, 14.48% gc time)


  1.395154 seconds (544.53 k allocations: 1.633 GiB, 13.90% gc time)


  1.537309 seconds (544.55 k allocations: 1.633 GiB, 22.87% gc time)


  1.379390 seconds (544.55 k allocations: 1.633 GiB, 13.87% gc time)


  1.424957 seconds (544.53 k allocations: 1.633 GiB, 14.79% gc time)


  1.599674 seconds (544.53 k allocations: 1.633 GiB, 22.62% gc time)


Numero de qubits: 17 
Threads (LinearAlgebra) :12
Threads (Julia) :1


  2.198382 seconds (584.84 k allocations: 2.521 GiB, 17.34% gc time)


  2.146714 seconds (584.82 k allocations: 2.521 GiB, 18.06% gc time)


  2.301943 seconds (584.82 k allocations: 2.521 GiB, 22.31% gc time)


  2.119242 seconds (584.83 k allocations: 2.521 GiB, 17.57% gc time)


  2.270246 seconds (584.82 k allocations: 2.521 GiB, 22.91% gc time)


  2.080087 seconds (584.83 k allocations: 2.521 GiB, 17.28% gc time)


  2.282450 seconds (584.84 k allocations: 2.521 GiB, 23.47% gc time)


  2.074530 seconds (584.82 k allocations: 2.521 GiB, 17.15% gc time)


  2.118630 seconds (584.82 k allocations: 2.521 GiB, 17.96% gc time)


  2.242782 seconds (584.84 k allocations: 2.521 GiB, 23.21% gc time)


  2.101134 seconds (584.84 k allocations: 2.521 GiB, 17.55% gc time)


  2.291425 seconds (584.83 k allocations: 2.521 GiB, 23.45% gc time)


  2.139173 seconds (584.84 k allocations: 2.521 GiB, 16.77% gc time)


  2.140661 seconds (584.83 k allocations: 2.521 GiB, 17.48% gc time)


  2.268941 seconds (584.84 k allocations: 2.521 GiB, 23.09% gc time)


  2.108292 seconds (584.83 k allocations: 2.521 GiB, 17.09% gc time)


  2.290468 seconds (584.82 k allocations: 2.521 GiB, 23.37% gc time)


  2.118191 seconds (584.81 k allocations: 2.521 GiB, 16.94% gc time)


  2.289539 seconds (584.83 k allocations: 2.521 GiB, 22.99% gc time)


  2.100136 seconds (584.84 k allocations: 2.521 GiB, 17.07% gc time)


  2.170574 seconds (584.84 k allocations: 2.521 GiB, 17.49% gc time)


Numero de qubits: 18 
Threads (LinearAlgebra) :12
Threads (Julia) :1


  4.984298 seconds (626.55 k allocations: 5.342 GiB, 17.84% gc time)


  5.188654 seconds (626.58 k allocations: 5.342 GiB, 19.98% gc time)


  5.094353 seconds (626.58 k allocations: 5.342 GiB, 19.82% gc time)


  5.102642 seconds (626.56 k allocations: 5.342 GiB, 19.82% gc time)


  4.964370 seconds (626.56 k allocations: 5.342 GiB, 18.06% gc time)


  4.963988 seconds (626.57 k allocations: 5.342 GiB, 17.65% gc time)


  5.182884 seconds (626.58 k allocations: 5.342 GiB, 19.82% gc time)


  5.201213 seconds (626.57 k allocations: 5.342 GiB, 20.00% gc time)


  5.022574 seconds (626.56 k allocations: 5.342 GiB, 17.33% gc time)


  5.117047 seconds (626.56 k allocations: 5.342 GiB, 20.03% gc time)


  5.097496 seconds (626.56 k allocations: 5.342 GiB, 19.94% gc time)


  5.091166 seconds (626.54 k allocations: 5.342 GiB, 20.03% gc time)


  5.159742 seconds (626.58 k allocations: 5.342 GiB, 20.21% gc time)


  5.173686 seconds (626.55 k allocations: 5.342 GiB, 19.94% gc time)


  5.168655 seconds (626.56 k allocations: 5.342 GiB, 20.39% gc time)


  5.108077 seconds (626.54 k allocations: 5.342 GiB, 20.02% gc time)


  5.113438 seconds (626.59 k allocations: 5.342 GiB, 20.32% gc time)


  5.129228 seconds (626.56 k allocations: 5.342 GiB, 20.12% gc time)


  5.109365 seconds (626.57 k allocations: 5.342 GiB, 20.04% gc time)


  5.120424 seconds (626.55 k allocations: 5.342 GiB, 20.21% gc time)


  5.126920 seconds (626.56 k allocations: 5.342 GiB, 20.19% gc time)


Numero de qubits: 19 
Threads (LinearAlgebra) :12
Threads (Julia) :1


  7.720932 seconds (667.54 k allocations: 8.377 GiB, 20.06% gc time)


  7.962111 seconds (667.53 k allocations: 8.377 GiB, 21.46% gc time)


  7.904985 seconds (667.53 k allocations: 8.377 GiB, 21.38% gc time)


  7.836176 seconds (667.53 k allocations: 8.377 GiB, 21.43% gc time)


  7.675335 seconds (667.54 k allocations: 8.377 GiB, 19.77% gc time)


  7.935906 seconds (667.52 k allocations: 8.377 GiB, 21.26% gc time)


  7.831424 seconds (667.55 k allocations: 8.377 GiB, 21.26% gc time)


  7.869581 seconds (667.55 k allocations: 8.377 GiB, 21.56% gc time)


  7.817246 seconds (667.53 k allocations: 8.377 GiB, 21.44% gc time)


  7.660053 seconds (667.53 k allocations: 8.377 GiB, 19.78% gc time)


  7.850513 seconds (667.54 k allocations: 8.377 GiB, 21.55% gc time)


  7.844514 seconds (667.52 k allocations: 8.377 GiB, 21.17% gc time)


  7.846112 seconds (667.53 k allocations: 8.377 GiB, 21.25% gc time)


  7.768134 seconds (667.52 k allocations: 8.377 GiB, 21.37% gc time)


  7.665320 seconds (667.54 k allocations: 8.377 GiB, 20.00% gc time)


  7.909516 seconds (667.53 k allocations: 8.377 GiB, 21.64% gc time)


  7.692115 seconds (667.54 k allocations: 8.377 GiB, 19.95% gc time)


  7.643850 seconds (667.55 k allocations: 8.377 GiB, 20.28% gc time)


  7.767680 seconds (667.54 k allocations: 8.377 GiB, 21.74% gc time)


  7.854360 seconds (667.54 k allocations: 8.377 GiB, 21.24% gc time)


  7.803448 seconds (667.51 k allocations: 8.377 GiB, 21.51% gc time)


Numero de qubits: 20 
Threads (LinearAlgebra) :12
Threads (Julia) :1


 19.923761 seconds (720.68 k allocations: 18.107 GiB, 17.46% gc time)


 19.240831 seconds (720.66 k allocations: 18.119 GiB, 17.31% gc time)


 19.950265 seconds (720.66 k allocations: 18.107 GiB, 17.46% gc time)


 19.769759 seconds (720.66 k allocations: 18.107 GiB, 16.83% gc time)


 19.883275 seconds (720.67 k allocations: 18.107 GiB, 17.51% gc time)


 19.788814 seconds (720.65 k allocations: 18.107 GiB, 16.91% gc time)


 19.838068 seconds (720.67 k allocations: 18.107 GiB, 16.92% gc time)


 19.730220 seconds (720.66 k allocations: 18.107 GiB, 17.78% gc time)


 19.655046 seconds (720.66 k allocations: 18.107 GiB, 16.93% gc time)


 19.805070 seconds (720.67 k allocations: 18.107 GiB, 16.75% gc time)


 19.868796 seconds (720.66 k allocations: 18.107 GiB, 17.70% gc time)


 19.689001 seconds (720.65 k allocations: 18.107 GiB, 16.93% gc time)


 19.785004 seconds (720.69 k allocations: 18.107 GiB, 16.94% gc time)


 19.844462 seconds (720.67 k allocations: 18.107 GiB, 17.77% gc time)


 19.982245 seconds (720.66 k allocations: 18.107 GiB, 17.45% gc time)


 19.919042 seconds (720.64 k allocations: 18.107 GiB, 17.53% gc time)


 19.913649 seconds (720.65 k allocations: 18.107 GiB, 17.56% gc time)


 19.903010 seconds (720.66 k allocations: 18.107 GiB, 17.43% gc time)


 19.863682 seconds (720.65 k allocations: 18.107 GiB, 17.39% gc time)


 19.876346 seconds (720.66 k allocations: 18.107 GiB, 17.52% gc time)


 19.895142 seconds (720.67 k allocations: 18.107 GiB, 17.45% gc time)


