Numero de qubits: 20 
Threads (LinearAlgebra) :17
Threads (Julia) :1


 40.127312 seconds (88.64 M allocations: 22.466 GiB, 10.60% gc time, 52.74% compilation time)


 18.493577 seconds (720.66 k allocations: 18.107 GiB, 17.65% gc time)


 17.729095 seconds (720.66 k allocations: 18.118 GiB, 17.50% gc time)


 18.622940 seconds (3.36 M allocations: 18.236 GiB, 16.93% gc time, 3.11% compilation time)


 17.579968 seconds (720.65 k allocations: 18.119 GiB, 17.82% gc time)


 18.156575 seconds (720.67 k allocations: 18.107 GiB, 17.77% gc time)


 18.023473 seconds (720.66 k allocations: 18.107 GiB, 17.16% gc time)


 17.641109 seconds (720.66 k allocations: 18.119 GiB, 18.45% gc time)


 17.512448 seconds (720.66 k allocations: 18.118 GiB, 18.39% gc time)


 18.059986 seconds (720.66 k allocations: 18.107 GiB, 17.06% gc time)


 17.982482 seconds (720.65 k allocations: 18.107 GiB, 17.25% gc time)


 17.898007 seconds (720.67 k allocations: 18.107 GiB, 16.68% gc time)


 18.031849 seconds (720.66 k allocations: 18.107 GiB, 16.97% gc time)


 18.634992 seconds (1.96 M allocations: 18.169 GiB, 17.48% gc time, 2.93% compilation time)


 18.018028 seconds (720.66 k allocations: 18.107 GiB, 17.17% gc time)


 18.008354 seconds (720.66 k allocations: 18.107 GiB, 17.22% gc time)


 18.020601 seconds (720.67 k allocations: 18.107 GiB, 17.18% gc time)


 17.989684 seconds (720.67 k allocations: 18.107 GiB, 17.20% gc time)


 17.989925 seconds (720.65 k allocations: 18.107 GiB, 17.15% gc time)


 17.995589 seconds (720.67 k allocations: 18.107 GiB, 17.17% gc time)


 17.501105 seconds (720.66 k allocations: 18.119 GiB, 17.61% gc time)


Numero de qubits: 16 
Threads (LinearAlgebra) :17
Threads (Julia) :1


  1.441981 seconds (544.55 k allocations: 1.633 GiB, 21.02% gc time)


  1.329554 seconds (544.55 k allocations: 1.633 GiB, 13.64% gc time)


  1.481536 seconds (544.54 k allocations: 1.633 GiB, 22.11% gc time)


  1.319194 seconds (544.53 k allocations: 1.633 GiB, 13.12% gc time)


  1.327917 seconds (544.53 k allocations: 1.633 GiB, 13.30% gc time)


  1.334082 seconds (544.55 k allocations: 1.633 GiB, 13.38% gc time)


  1.463735 seconds (544.54 k allocations: 1.633 GiB, 21.86% gc time)


  1.324712 seconds (544.55 k allocations: 1.633 GiB, 13.45% gc time)


  1.482122 seconds (544.54 k allocations: 1.633 GiB, 22.36% gc time)


  1.308671 seconds (544.53 k allocations: 1.633 GiB, 12.95% gc time)


  1.333573 seconds (544.54 k allocations: 1.633 GiB, 13.42% gc time)


  1.482369 seconds (544.55 k allocations: 1.633 GiB, 22.11% gc time)


  1.319797 seconds (544.54 k allocations: 1.633 GiB, 13.25% gc time)


  1.327057 seconds (544.55 k allocations: 1.633 GiB, 13.39% gc time)


  1.506428 seconds (544.54 k allocations: 1.633 GiB, 23.17% gc time)


  1.307881 seconds (544.55 k allocations: 1.633 GiB, 13.16% gc time)


  1.327327 seconds (544.55 k allocations: 1.633 GiB, 13.46% gc time)


  1.477800 seconds (544.54 k allocations: 1.633 GiB, 22.27% gc time)


  1.317388 seconds (544.55 k allocations: 1.633 GiB, 13.27% gc time)


  1.329552 seconds (544.54 k allocations: 1.633 GiB, 13.31% gc time)


  1.346547 seconds (544.55 k allocations: 1.633 GiB, 14.83% gc time)


Numero de qubits: 17 
Threads (LinearAlgebra) :17
Threads (Julia) :1


  2.005539 seconds (584.83 k allocations: 2.521 GiB, 16.90% gc time)


  2.164179 seconds (584.83 k allocations: 2.521 GiB, 22.57% gc time)


  2.016177 seconds (584.82 k allocations: 2.521 GiB, 17.52% gc time)


  2.007175 seconds (584.83 k allocations: 2.521 GiB, 16.64% gc time)


  2.003519 seconds (584.82 k allocations: 2.521 GiB, 17.36% gc time)


  2.017924 seconds (584.83 k allocations: 2.521 GiB, 17.04% gc time)


  2.149853 seconds (584.82 k allocations: 2.521 GiB, 22.45% gc time)


  2.003449 seconds (584.83 k allocations: 2.521 GiB, 16.50% gc time)


  2.163701 seconds (584.81 k allocations: 2.521 GiB, 22.40% gc time)


  1.995443 seconds (584.82 k allocations: 2.521 GiB, 16.68% gc time)


  2.024252 seconds (584.83 k allocations: 2.521 GiB, 16.84% gc time)


  2.176773 seconds (584.82 k allocations: 2.521 GiB, 22.80% gc time)


  2.004600 seconds (584.82 k allocations: 2.521 GiB, 16.68% gc time)


  2.150787 seconds (584.82 k allocations: 2.521 GiB, 22.31% gc time)


  2.012282 seconds (584.84 k allocations: 2.521 GiB, 16.55% gc time)


  2.167583 seconds (584.82 k allocations: 2.521 GiB, 22.36% gc time)


  1.999462 seconds (584.83 k allocations: 2.521 GiB, 16.56% gc time)


  2.009307 seconds (584.83 k allocations: 2.521 GiB, 16.82% gc time)


  2.125765 seconds (584.82 k allocations: 2.521 GiB, 21.75% gc time)


  2.007415 seconds (584.81 k allocations: 2.521 GiB, 17.09% gc time)


  2.167882 seconds (584.82 k allocations: 2.521 GiB, 22.41% gc time)


Numero de qubits: 18 
Threads (LinearAlgebra) :17
Threads (Julia) :1


  4.787026 seconds (626.56 k allocations: 5.342 GiB, 19.82% gc time)


  4.799038 seconds (626.55 k allocations: 5.342 GiB, 19.86% gc time)


  4.792457 seconds (626.58 k allocations: 5.342 GiB, 19.90% gc time)


  4.710584 seconds (626.50 k allocations: 5.343 GiB, 20.32% gc time)


  4.796617 seconds (626.57 k allocations: 5.342 GiB, 19.90% gc time)


  4.800911 seconds (626.57 k allocations: 5.342 GiB, 19.91% gc time)


  4.802252 seconds (626.56 k allocations: 5.342 GiB, 19.94% gc time)


  4.818087 seconds (626.56 k allocations: 5.342 GiB, 20.16% gc time)


  4.790242 seconds (626.57 k allocations: 5.342 GiB, 20.02% gc time)


  4.796318 seconds (626.55 k allocations: 5.342 GiB, 19.98% gc time)


  4.825832 seconds (626.56 k allocations: 5.342 GiB, 20.30% gc time)


  4.809375 seconds (626.55 k allocations: 5.342 GiB, 19.91% gc time)


  4.781046 seconds (626.55 k allocations: 5.345 GiB, 20.04% gc time)


  4.806145 seconds (626.54 k allocations: 5.342 GiB, 19.83% gc time)


  4.825554 seconds (626.56 k allocations: 5.342 GiB, 19.85% gc time)


  4.808529 seconds (626.56 k allocations: 5.342 GiB, 19.96% gc time)


  4.817174 seconds (626.57 k allocations: 5.342 GiB, 20.07% gc time)


  4.812767 seconds (626.56 k allocations: 5.342 GiB, 19.88% gc time)


  4.795790 seconds (626.57 k allocations: 5.342 GiB, 19.89% gc time)


  4.807860 seconds (626.57 k allocations: 5.342 GiB, 19.83% gc time)


  4.777682 seconds (626.56 k allocations: 5.345 GiB, 20.04% gc time)


Numero de qubits: 19 
Threads (LinearAlgebra) :17
Threads (Julia) :1


  7.150913 seconds (667.53 k allocations: 8.377 GiB, 20.00% gc time)


  7.304755 seconds (667.53 k allocations: 8.377 GiB, 21.92% gc time)


  7.261338 seconds (667.52 k allocations: 8.377 GiB, 21.50% gc time)


  7.147098 seconds (667.54 k allocations: 8.377 GiB, 19.99% gc time)


  7.269374 seconds (667.53 k allocations: 8.377 GiB, 21.45% gc time)


  7.289561 seconds (667.53 k allocations: 8.377 GiB, 21.54% gc time)


  7.286880 seconds (667.52 k allocations: 8.377 GiB, 21.50% gc time)


  7.313513 seconds (667.54 k allocations: 8.377 GiB, 21.61% gc time)


  7.169348 seconds (667.52 k allocations: 8.377 GiB, 20.06% gc time)


  7.268575 seconds (667.54 k allocations: 8.377 GiB, 21.44% gc time)


  7.167679 seconds (667.55 k allocations: 8.377 GiB, 20.11% gc time)


  7.141356 seconds (667.52 k allocations: 8.377 GiB, 20.00% gc time)


  7.304104 seconds (667.54 k allocations: 8.377 GiB, 21.59% gc time)


  7.317576 seconds (667.52 k allocations: 8.377 GiB, 21.72% gc time)


  7.138438 seconds (667.53 k allocations: 8.377 GiB, 19.94% gc time)


  7.320653 seconds (667.53 k allocations: 8.377 GiB, 21.46% gc time)


  7.136846 seconds (667.52 k allocations: 8.377 GiB, 19.95% gc time)


  7.271442 seconds (667.55 k allocations: 8.377 GiB, 21.52% gc time)


  7.299159 seconds (667.53 k allocations: 8.377 GiB, 21.66% gc time)


  7.290030 seconds (667.54 k allocations: 8.377 GiB, 21.44% gc time)


  7.150411 seconds (667.52 k allocations: 8.377 GiB, 20.10% gc time)


Numero de qubits: 20 
Threads (LinearAlgebra) :17
Threads (Julia) :1


 18.227974 seconds (720.66 k allocations: 18.107 GiB, 17.94% gc time)


 18.107901 seconds (720.66 k allocations: 18.107 GiB, 17.34% gc time)


 17.730240 seconds (720.65 k allocations: 18.119 GiB, 18.38% gc time)


 18.194988 seconds (720.66 k allocations: 18.107 GiB, 17.93% gc time)


 18.095707 seconds (720.66 k allocations: 18.107 GiB, 17.28% gc time)


 17.548722 seconds (720.63 k allocations: 18.118 GiB, 17.72% gc time)


 18.067336 seconds (720.66 k allocations: 18.107 GiB, 17.22% gc time)


 18.193022 seconds (720.67 k allocations: 18.107 GiB, 17.84% gc time)


 18.132826 seconds (720.66 k allocations: 18.107 GiB, 17.32% gc time)


 18.036149 seconds (720.65 k allocations: 18.107 GiB, 17.36% gc time)


 18.115691 seconds (720.66 k allocations: 18.107 GiB, 17.28% gc time)


 18.035496 seconds (720.67 k allocations: 18.107 GiB, 17.25% gc time)


 17.652981 seconds (720.65 k allocations: 18.119 GiB, 17.71% gc time)


 17.513683 seconds (720.64 k allocations: 18.118 GiB, 17.76% gc time)


 18.103333 seconds (720.66 k allocations: 18.107 GiB, 17.19% gc time)


 17.981517 seconds (720.66 k allocations: 18.107 GiB, 17.25% gc time)


 17.685412 seconds (720.65 k allocations: 18.119 GiB, 18.41% gc time)


 18.062336 seconds (720.65 k allocations: 18.107 GiB, 17.38% gc time)


 18.145089 seconds (720.64 k allocations: 18.107 GiB, 18.04% gc time)


 18.027282 seconds (720.66 k allocations: 18.107 GiB, 17.30% gc time)


 18.056834 seconds (720.67 k allocations: 18.107 GiB, 17.51% gc time)


