Numero de qubits: 20 
Threads (LinearAlgebra) :15
Threads (Julia) :1


 21.333147 seconds (88.14 M allocations: 4.416 GiB, 4.06% gc time, 99.79% compilation time)


  0.045322 seconds (225.94 k allocations: 59.415 MiB, 38.51% gc time)


  0.034223 seconds (225.96 k allocations: 59.416 MiB, 23.89% gc time)


  0.608813 seconds (2.87 M allocations: 190.529 MiB, 2.84% gc time, 94.16% compilation time)


  0.031477 seconds (225.94 k allocations: 59.415 MiB, 17.02% gc time)


  0.027928 seconds (225.93 k allocations: 59.415 MiB, 8.89% gc time)


  0.027365 seconds (225.94 k allocations: 59.415 MiB, 8.02% gc time)


  0.026603 seconds (225.94 k allocations: 59.415 MiB, 7.58% gc time)


  0.582379 seconds (1.46 M allocations: 122.908 MiB, 2.19% gc time, 93.86% compilation time)


  0.032483 seconds (225.94 k allocations: 59.415 MiB, 18.21% gc time)


  0.028364 seconds (225.94 k allocations: 59.415 MiB, 9.15% gc time)


  0.027130 seconds (225.94 k allocations: 59.415 MiB, 7.75% gc time)


  0.027247 seconds (225.93 k allocations: 59.414 MiB, 7.95% gc time)


  0.028681 seconds (225.95 k allocations: 59.416 MiB, 11.82% gc time)


  0.027286 seconds (225.94 k allocations: 59.415 MiB, 8.08% gc time)


  0.028445 seconds (225.94 k allocations: 59.415 MiB, 11.24% gc time)


  0.026958 seconds (225.94 k allocations: 59.415 MiB, 7.84% gc time)


  0.027028 seconds (225.94 k allocations: 59.415 MiB, 7.82% gc time)


  0.028208 seconds (225.94 k allocations: 59.415 MiB, 11.25% gc time)


  0.027039 seconds (225.94 k allocations: 59.415 MiB, 7.75% gc time)


  0.027282 seconds (225.94 k allocations: 59.414 MiB, 7.86% gc time)


Numero de qubits: 21 
Threads (LinearAlgebra) :15
Threads (Julia) :1


  0.031894 seconds (239.51 k allocations: 62.755 MiB, 12.68% gc time)


  0.029411 seconds (239.50 k allocations: 62.753 MiB, 6.07% gc time)


  0.030104 seconds (239.50 k allocations: 62.753 MiB, 9.30% gc time)


  0.029102 seconds (239.51 k allocations: 62.754 MiB, 8.02% gc time)


  0.029849 seconds (239.50 k allocations: 62.754 MiB, 10.88% gc time)


  0.029669 seconds (239.51 k allocations: 62.755 MiB, 10.64% gc time)


  0.029727 seconds (239.51 k allocations: 62.754 MiB, 10.95% gc time)


  0.028738 seconds (239.50 k allocations: 62.754 MiB, 7.83% gc time)


  0.028452 seconds (239.51 k allocations: 62.754 MiB, 7.56% gc time)


  0.029932 seconds (239.51 k allocations: 62.755 MiB, 10.87% gc time)


  0.029768 seconds (239.50 k allocations: 62.754 MiB, 10.92% gc time)


  0.029816 seconds (239.50 k allocations: 62.754 MiB, 10.93% gc time)


  0.029151 seconds (239.51 k allocations: 62.755 MiB, 7.92% gc time)


  0.030340 seconds (239.51 k allocations: 62.754 MiB, 11.29% gc time)


  0.030441 seconds (239.51 k allocations: 62.754 MiB, 11.46% gc time)


  0.029153 seconds (239.52 k allocations: 62.755 MiB, 8.14% gc time)


  0.030332 seconds (239.51 k allocations: 62.755 MiB, 11.53% gc time)


  0.029233 seconds (239.51 k allocations: 62.754 MiB, 8.36% gc time)


  0.029337 seconds (239.51 k allocations: 62.755 MiB, 8.62% gc time)


  0.029659 seconds (239.51 k allocations: 62.754 MiB, 8.58% gc time)


  0.029764 seconds (239.51 k allocations: 62.754 MiB, 8.99% gc time)


Numero de qubits: 22 
Threads (LinearAlgebra) :15
Threads (Julia) :1


  0.032704 seconds (251.26 k allocations: 66.348 MiB, 11.31% gc time)


  0.043063 seconds (251.26 k allocations: 66.348 MiB, 24.94% gc time)


  0.032332 seconds (251.24 k allocations: 66.346 MiB, 7.80% gc time)


  0.032195 seconds (251.25 k allocations: 66.348 MiB, 7.20% gc time)


  0.033182 seconds (251.23 k allocations: 66.347 MiB, 10.29% gc time)


  0.032638 seconds (251.24 k allocations: 66.347 MiB, 9.43% gc time)


  0.032718 seconds (251.24 k allocations: 66.347 MiB, 9.64% gc time)


  0.032643 seconds (251.25 k allocations: 66.348 MiB, 9.53% gc time)


  0.032735 seconds (251.25 k allocations: 66.348 MiB, 9.48% gc time)


  0.032655 seconds (251.24 k allocations: 66.347 MiB, 9.75% gc time)


  0.032704 seconds (251.25 k allocations: 66.347 MiB, 9.54% gc time)


  0.032618 seconds (251.25 k allocations: 66.348 MiB, 9.64% gc time)


  0.032645 seconds (251.25 k allocations: 66.348 MiB, 9.32% gc time)


  0.036039 seconds (251.25 k allocations: 66.347 MiB, 15.06% gc time)


  0.032584 seconds (251.25 k allocations: 66.347 MiB, 9.29% gc time)


  0.032689 seconds (251.24 k allocations: 66.347 MiB, 9.57% gc time)


  0.032383 seconds (251.25 k allocations: 66.348 MiB, 9.74% gc time)


  0.032772 seconds (251.25 k allocations: 66.347 MiB, 9.78% gc time)


  0.032993 seconds (251.25 k allocations: 66.348 MiB, 10.01% gc time)


  0.032490 seconds (251.26 k allocations: 66.348 MiB, 9.64% gc time)


  0.032874 seconds (251.24 k allocations: 66.347 MiB, 9.88% gc time)


Numero de qubits: 23 
Threads (LinearAlgebra) :15
Threads (Julia) :1


  0.036096 seconds (265.00 k allocations: 69.721 MiB, 13.46% gc time)


  0.048678 seconds (265.00 k allocations: 69.721 MiB, 36.86% gc time)


  0.030453 seconds (265.00 k allocations: 69.720 MiB)


  0.033242 seconds (265.01 k allocations: 69.721 MiB, 6.91% gc time)


  0.032818 seconds (265.00 k allocations: 69.720 MiB, 6.25% gc time)


  0.034307 seconds (265.00 k allocations: 69.720 MiB, 10.37% gc time)


  0.034093 seconds (264.99 k allocations: 69.720 MiB, 9.59% gc time)


  0.033783 seconds (265.00 k allocations: 69.720 MiB, 9.21% gc time)


  0.033755 seconds (265.00 k allocations: 69.720 MiB, 9.26% gc time)


  0.033706 seconds (265.00 k allocations: 69.721 MiB, 9.10% gc time)


  0.033890 seconds (265.00 k allocations: 69.721 MiB, 9.27% gc time)


  0.035307 seconds (265.00 k allocations: 69.720 MiB, 12.97% gc time)


  0.033804 seconds (265.01 k allocations: 69.721 MiB, 9.22% gc time)


  0.033937 seconds (264.99 k allocations: 69.720 MiB, 9.42% gc time)


  0.033878 seconds (264.99 k allocations: 69.720 MiB, 9.33% gc time)


  0.033847 seconds (265.00 k allocations: 69.720 MiB, 9.43% gc time)


  0.033729 seconds (264.99 k allocations: 69.720 MiB, 9.41% gc time)


  0.034176 seconds (265.01 k allocations: 69.721 MiB, 9.43% gc time)


  0.033962 seconds (264.98 k allocations: 69.720 MiB, 9.27% gc time)


  0.033887 seconds (265.00 k allocations: 69.720 MiB, 8.97% gc time)


  0.034103 seconds (264.99 k allocations: 69.720 MiB, 9.48% gc time)


Numero de qubits: 24 
Threads (LinearAlgebra) :15
Threads (Julia) :1


  0.036371 seconds (276.82 k allocations: 73.182 MiB, 10.84% gc time)


  0.046618 seconds (276.82 k allocations: 73.181 MiB, 28.05% gc time)


  0.037478 seconds (276.83 k allocations: 73.182 MiB, 10.68% gc time)


  0.035325 seconds (276.82 k allocations: 73.182 MiB, 7.41% gc time)


  0.036876 seconds (276.82 k allocations: 73.182 MiB, 11.10% gc time)


  0.036651 seconds (276.83 k allocations: 73.182 MiB, 10.10% gc time)


  0.036402 seconds (276.83 k allocations: 73.182 MiB, 9.82% gc time)


  0.036509 seconds (276.83 k allocations: 73.183 MiB, 9.81% gc time)


  0.035950 seconds (276.83 k allocations: 73.182 MiB, 9.46% gc time)


  0.036462 seconds (276.83 k allocations: 73.182 MiB, 9.84% gc time)


  0.036337 seconds (276.84 k allocations: 73.183 MiB, 9.95% gc time)


  0.036595 seconds (276.83 k allocations: 73.182 MiB, 9.92% gc time)


  0.036578 seconds (276.84 k allocations: 73.183 MiB, 10.13% gc time)


  0.036522 seconds (276.83 k allocations: 73.182 MiB, 9.83% gc time)


  0.036346 seconds (276.83 k allocations: 73.182 MiB, 9.91% gc time)


  0.036756 seconds (276.82 k allocations: 73.182 MiB, 9.99% gc time)


  0.036536 seconds (276.84 k allocations: 73.183 MiB, 9.88% gc time)


  0.036361 seconds (276.82 k allocations: 73.182 MiB, 9.82% gc time)


  0.036603 seconds (276.82 k allocations: 73.182 MiB, 9.95% gc time)


  0.036502 seconds (276.84 k allocations: 73.183 MiB, 9.94% gc time)


  0.036735 seconds (276.82 k allocations: 73.181 MiB, 10.06% gc time)


Numero de qubits: 25 
Threads (LinearAlgebra) :15
Threads (Julia) :1


  0.038386 seconds (290.77 k allocations: 76.590 MiB, 10.37% gc time)


  0.052288 seconds (290.77 k allocations: 76.589 MiB, 26.69% gc time)


  0.040944 seconds (290.76 k allocations: 76.589 MiB, 9.85% gc time)


  0.046148 seconds (290.76 k allocations: 76.589 MiB, 8.73% gc time)


  0.040032 seconds (290.77 k allocations: 76.590 MiB, 11.75% gc time)


  0.038748 seconds (290.76 k allocations: 76.589 MiB, 10.54% gc time)


  0.038693 seconds (290.78 k allocations: 76.590 MiB, 10.23% gc time)


  0.038295 seconds (290.76 k allocations: 76.589 MiB, 10.05% gc time)


  0.038437 seconds (290.77 k allocations: 76.590 MiB, 9.90% gc time)


  0.038393 seconds (290.77 k allocations: 76.590 MiB, 10.06% gc time)


  0.038615 seconds (290.77 k allocations: 76.589 MiB, 10.20% gc time)


  0.040849 seconds (290.76 k allocations: 76.589 MiB, 14.90% gc time)


  0.037977 seconds (290.77 k allocations: 76.590 MiB, 9.70% gc time)


  0.038133 seconds (290.76 k allocations: 76.589 MiB, 9.91% gc time)


  0.038277 seconds (290.76 k allocations: 76.589 MiB, 10.04% gc time)


  0.040575 seconds (290.77 k allocations: 76.590 MiB, 14.37% gc time)


  0.038316 seconds (290.76 k allocations: 76.589 MiB, 10.04% gc time)


  0.038392 seconds (290.77 k allocations: 76.590 MiB, 10.12% gc time)


  0.038501 seconds (290.75 k allocations: 76.589 MiB, 10.10% gc time)


  0.038751 seconds (290.76 k allocations: 76.589 MiB, 10.32% gc time)


  0.038547 seconds (290.78 k allocations: 76.590 MiB, 9.94% gc time)


Numero de qubits: 26 
Threads (LinearAlgebra) :15
Threads (Julia) :1


  0.040712 seconds (302.86 k allocations: 80.250 MiB, 10.72% gc time)


  0.054579 seconds (302.86 k allocations: 80.250 MiB, 22.31% gc time)


  0.040796 seconds (302.85 k allocations: 80.249 MiB, 8.80% gc time)


  0.042676 seconds (302.85 k allocations: 80.249 MiB, 12.91% gc time)


  0.039093 seconds (302.85 k allocations: 80.249 MiB, 5.76% gc time)


  0.041327 seconds (302.85 k allocations: 80.250 MiB, 10.54% gc time)


  0.040677 seconds (302.85 k allocations: 80.249 MiB, 9.87% gc time)


  0.040993 seconds (302.86 k allocations: 80.250 MiB, 10.16% gc time)


  0.040571 seconds (302.86 k allocations: 80.250 MiB, 9.89% gc time)


  0.041093 seconds (302.85 k allocations: 80.249 MiB, 10.15% gc time)


  0.040870 seconds (302.86 k allocations: 80.250 MiB, 10.09% gc time)


  0.041004 seconds (302.85 k allocations: 80.249 MiB, 9.92% gc time)


  0.040777 seconds (302.86 k allocations: 80.250 MiB, 9.99% gc time)


  0.040865 seconds (302.86 k allocations: 80.250 MiB, 10.14% gc time)


  0.040859 seconds (302.86 k allocations: 80.250 MiB, 10.03% gc time)


  0.041015 seconds (302.84 k allocations: 80.249 MiB, 9.60% gc time)


  0.040745 seconds (302.84 k allocations: 80.249 MiB, 9.82% gc time)


  0.040978 seconds (302.84 k allocations: 80.248 MiB, 10.16% gc time)


  0.041223 seconds (302.85 k allocations: 80.248 MiB, 10.16% gc time)


  0.040822 seconds (302.84 k allocations: 80.249 MiB, 9.89% gc time)


  0.041014 seconds (302.85 k allocations: 80.249 MiB, 10.01% gc time)


Numero de qubits: 27 
Threads (LinearAlgebra) :15
Threads (Julia) :1


  0.042568 seconds (316.98 k allocations: 83.691 MiB, 10.31% gc time)


  0.053996 seconds (316.97 k allocations: 83.690 MiB, 22.78% gc time)


  0.042623 seconds (316.98 k allocations: 83.690 MiB, 8.57% gc time)


  0.044371 seconds (316.97 k allocations: 83.690 MiB, 12.37% gc time)


  0.043154 seconds (316.97 k allocations: 83.690 MiB, 10.69% gc time)


  0.043862 seconds (316.98 k allocations: 83.691 MiB, 10.11% gc time)


  0.048739 seconds (316.98 k allocations: 83.691 MiB, 17.73% gc time)


  0.042585 seconds (316.97 k allocations: 83.690 MiB, 9.82% gc time)


  0.042844 seconds (316.98 k allocations: 83.691 MiB, 9.97% gc time)


  0.042583 seconds (316.98 k allocations: 83.691 MiB, 9.97% gc time)


  0.045195 seconds (316.98 k allocations: 83.691 MiB, 14.30% gc time)


  0.042423 seconds (316.98 k allocations: 83.691 MiB, 9.67% gc time)


  0.042750 seconds (316.98 k allocations: 83.691 MiB, 9.96% gc time)


  0.045145 seconds (316.99 k allocations: 83.691 MiB, 14.27% gc time)


  0.042586 seconds (316.98 k allocations: 83.691 MiB, 9.84% gc time)


  0.042789 seconds (316.97 k allocations: 83.691 MiB, 9.91% gc time)


  0.044967 seconds (316.98 k allocations: 83.691 MiB, 14.30% gc time)


  0.042721 seconds (316.98 k allocations: 83.690 MiB, 9.77% gc time)


  0.042658 seconds (316.98 k allocations: 83.691 MiB, 9.86% gc time)


  0.045326 seconds (316.99 k allocations: 83.691 MiB, 14.35% gc time)


  0.042424 seconds (316.97 k allocations: 83.690 MiB, 9.65% gc time)


Numero de qubits: 28 
Threads (LinearAlgebra) :15
Threads (Julia) :1


  0.047778 seconds (329.14 k allocations: 87.219 MiB, 14.82% gc time)


  0.075516 seconds (329.15 k allocations: 87.219 MiB, 34.27% gc time)


  0.046438 seconds (329.14 k allocations: 87.219 MiB, 10.31% gc time)


  0.043659 seconds (329.15 k allocations: 87.219 MiB, 7.71% gc time)


  0.042902 seconds (329.15 k allocations: 87.219 MiB, 5.85% gc time)


  0.047385 seconds (329.16 k allocations: 87.220 MiB, 14.52% gc time)


  0.044740 seconds (329.15 k allocations: 87.219 MiB, 9.90% gc time)


  0.044694 seconds (329.15 k allocations: 87.219 MiB, 9.75% gc time)


  0.047184 seconds (329.15 k allocations: 87.219 MiB, 14.30% gc time)


  0.044795 seconds (329.16 k allocations: 87.220 MiB, 9.86% gc time)


  0.044533 seconds (329.16 k allocations: 87.220 MiB, 9.87% gc time)


  0.044921 seconds (329.15 k allocations: 87.219 MiB, 9.64% gc time)


  0.044605 seconds (329.15 k allocations: 87.219 MiB, 9.67% gc time)


  0.047517 seconds (329.15 k allocations: 87.219 MiB, 14.41% gc time)


  0.044729 seconds (329.15 k allocations: 87.219 MiB, 9.76% gc time)


  0.044860 seconds (329.15 k allocations: 87.219 MiB, 9.97% gc time)


  0.047509 seconds (329.15 k allocations: 87.219 MiB, 14.15% gc time)


  0.044691 seconds (329.15 k allocations: 87.219 MiB, 9.61% gc time)


  0.047509 seconds (329.15 k allocations: 87.219 MiB, 14.37% gc time)


  0.044591 seconds (329.14 k allocations: 87.218 MiB, 9.81% gc time)


  0.045028 seconds (329.14 k allocations: 87.219 MiB, 10.08% gc time)


Numero de qubits: 29 
Threads (LinearAlgebra) :15
Threads (Julia) :1


  0.046234 seconds (343.47 k allocations: 90.695 MiB, 9.67% gc time)


  0.058678 seconds (343.48 k allocations: 90.696 MiB, 22.28% gc time)


  0.046079 seconds (343.46 k allocations: 90.694 MiB, 8.55% gc time)


  0.048301 seconds (343.45 k allocations: 90.694 MiB, 11.96% gc time)


  0.049113 seconds (343.45 k allocations: 90.694 MiB, 10.42% gc time)


  0.047345 seconds (343.47 k allocations: 90.695 MiB, 10.08% gc time)


  0.046605 seconds (343.47 k allocations: 90.695 MiB, 9.99% gc time)


  0.046777 seconds (343.46 k allocations: 90.695 MiB, 10.14% gc time)


  0.046605 seconds (343.47 k allocations: 90.695 MiB, 9.86% gc time)


  0.046654 seconds (343.46 k allocations: 90.694 MiB, 9.90% gc time)


  0.049604 seconds (343.47 k allocations: 90.695 MiB, 14.44% gc time)


  0.046551 seconds (343.47 k allocations: 90.695 MiB, 9.63% gc time)


  0.049213 seconds (343.46 k allocations: 90.695 MiB, 14.11% gc time)


  0.046436 seconds (343.47 k allocations: 90.695 MiB, 9.56% gc time)


  0.049179 seconds (343.48 k allocations: 90.696 MiB, 14.17% gc time)


  0.046779 seconds (343.46 k allocations: 90.694 MiB, 9.69% gc time)


  0.048955 seconds (343.46 k allocations: 90.694 MiB, 14.12% gc time)


  0.046799 seconds (343.46 k allocations: 90.694 MiB, 9.67% gc time)


  0.049332 seconds (343.47 k allocations: 90.695 MiB, 14.32% gc time)


  0.046525 seconds (343.47 k allocations: 90.695 MiB, 9.65% gc time)


  0.049522 seconds (343.46 k allocations: 90.694 MiB, 14.30% gc time)


Numero de qubits: 30 
Threads (LinearAlgebra) :15
Threads (Julia) :1


  0.052888 seconds (355.89 k allocations: 94.421 MiB, 17.30% gc time)


  0.078980 seconds (355.89 k allocations: 94.421 MiB, 32.81% gc time)


  0.050544 seconds (355.89 k allocations: 94.421 MiB, 13.72% gc time)


  0.047111 seconds (355.90 k allocations: 94.421 MiB, 6.53% gc time)


  0.049596 seconds (355.90 k allocations: 94.422 MiB, 11.28% gc time)


  0.049274 seconds (355.89 k allocations: 94.421 MiB, 10.36% gc time)


  0.048870 seconds (355.91 k allocations: 94.421 MiB, 9.44% gc time)


  0.048416 seconds (355.90 k allocations: 94.422 MiB, 9.40% gc time)


  0.048569 seconds (355.89 k allocations: 94.421 MiB, 9.53% gc time)


  0.051327 seconds (355.90 k allocations: 94.421 MiB, 13.85% gc time)


  0.048688 seconds (355.89 k allocations: 94.421 MiB, 9.54% gc time)


  0.051412 seconds (355.92 k allocations: 94.423 MiB, 13.96% gc time)


  0.048355 seconds (355.89 k allocations: 94.420 MiB, 9.43% gc time)


  0.051332 seconds (355.90 k allocations: 94.421 MiB, 13.76% gc time)


  0.048687 seconds (355.90 k allocations: 94.421 MiB, 9.43% gc time)


  0.051013 seconds (355.91 k allocations: 94.422 MiB, 13.72% gc time)


  0.051368 seconds (355.89 k allocations: 94.421 MiB, 13.53% gc time)


  0.048686 seconds (355.89 k allocations: 94.421 MiB, 9.42% gc time)


  0.051304 seconds (355.90 k allocations: 94.421 MiB, 13.80% gc time)


  0.048958 seconds (355.89 k allocations: 94.421 MiB, 9.49% gc time)


  0.048581 seconds (355.90 k allocations: 94.421 MiB, 9.39% gc time)


Numero de qubits: 31 
Threads (LinearAlgebra) :15
Threads (Julia) :1


  0.049548 seconds (370.38 k allocations: 97.929 MiB, 9.65% gc time)


  0.059088 seconds (370.40 k allocations: 97.931 MiB, 21.74% gc time)


  0.049200 seconds (370.39 k allocations: 97.931 MiB, 6.22% gc time)


  0.051535 seconds (370.40 k allocations: 97.931 MiB, 10.94% gc time)


  0.053898 seconds (370.40 k allocations: 97.931 MiB, 14.23% gc time)


  0.050544 seconds (370.39 k allocations: 97.931 MiB, 9.41% gc time)


  0.053170 seconds (370.39 k allocations: 97.931 MiB, 13.88% gc time)


  0.050848 seconds (370.39 k allocations: 97.930 MiB, 9.48% gc time)


  0.053231 seconds (370.41 k allocations: 97.932 MiB, 13.68% gc time)


  0.052957 seconds (370.40 k allocations: 97.931 MiB, 13.30% gc time)


  0.050618 seconds (370.38 k allocations: 97.930 MiB, 9.39% gc time)


  0.053329 seconds (370.40 k allocations: 97.930 MiB, 13.99% gc time)


  0.053205 seconds (370.38 k allocations: 97.930 MiB, 13.48% gc time)


  0.050716 seconds (370.40 k allocations: 97.930 MiB, 9.57% gc time)


  0.053222 seconds (370.39 k allocations: 97.931 MiB, 13.79% gc time)


  0.050598 seconds (370.40 k allocations: 97.931 MiB, 9.33% gc time)


  0.050507 seconds (370.40 k allocations: 97.931 MiB, 9.44% gc time)


  0.053155 seconds (370.39 k allocations: 97.930 MiB, 13.77% gc time)


  0.050579 seconds (370.41 k allocations: 97.932 MiB, 9.31% gc time)


  0.050645 seconds (370.41 k allocations: 97.932 MiB, 9.51% gc time)


  0.053124 seconds (370.40 k allocations: 97.931 MiB, 13.66% gc time)


Numero de qubits: 32 
Threads (LinearAlgebra) :15
Threads (Julia) :1


  0.052226 seconds (382.92 k allocations: 101.526 MiB, 10.34% gc time)


  0.063232 seconds (382.93 k allocations: 101.526 MiB, 27.28% gc time)


  0.053539 seconds (382.92 k allocations: 101.526 MiB, 12.92% gc time)


  0.052694 seconds (382.92 k allocations: 101.526 MiB, 10.47% gc time)


  0.055476 seconds (382.92 k allocations: 101.526 MiB, 14.07% gc time)


  0.052264 seconds (382.92 k allocations: 101.526 MiB, 9.50% gc time)


  0.054630 seconds (382.92 k allocations: 101.526 MiB, 13.65% gc time)


  0.055047 seconds (382.91 k allocations: 101.525 MiB, 13.42% gc time)


  0.052241 seconds (382.92 k allocations: 101.526 MiB, 9.35% gc time)


  0.054688 seconds (382.93 k allocations: 101.527 MiB, 13.67% gc time)


  0.055063 seconds (382.91 k allocations: 101.526 MiB, 13.36% gc time)


  0.052195 seconds (382.92 k allocations: 101.526 MiB, 9.32% gc time)


  0.051883 seconds (382.91 k allocations: 101.526 MiB, 9.24% gc time)


  0.054903 seconds (382.91 k allocations: 101.525 MiB, 13.55% gc time)


  0.054890 seconds (382.92 k allocations: 101.526 MiB, 13.46% gc time)


  0.054960 seconds (382.91 k allocations: 101.525 MiB, 13.41% gc time)


  0.051971 seconds (382.91 k allocations: 101.525 MiB, 9.26% gc time)


  0.052417 seconds (382.91 k allocations: 101.525 MiB, 9.31% gc time)


  0.257201 seconds (382.92 k allocations: 101.526 MiB, 74.75% gc time)


  0.055762 seconds (382.92 k allocations: 101.526 MiB)


  0.083829 seconds (382.92 k allocations: 101.526 MiB, 40.97% gc time)


Numero de qubits: 33 
Threads (LinearAlgebra) :15
Threads (Julia) :1


  0.057277 seconds (397.59 k allocations: 105.069 MiB)


  0.094098 seconds (397.58 k allocations: 105.068 MiB, 45.87% gc time)


  0.082996 seconds (397.61 k allocations: 105.070 MiB, 34.02% gc time)


  0.067266 seconds (397.58 k allocations: 105.068 MiB, 22.69% gc time)


  0.055298 seconds (397.61 k allocations: 105.070 MiB, 12.26% gc time)


  0.052445 seconds (397.59 k allocations: 105.069 MiB, 9.61% gc time)


  0.050828 seconds (397.60 k allocations: 105.070 MiB, 7.59% gc time)


  0.051752 seconds (397.60 k allocations: 105.069 MiB, 9.42% gc time)


  0.049465 seconds (397.59 k allocations: 105.069 MiB, 6.31% gc time)


  0.051252 seconds (397.60 k allocations: 105.069 MiB, 9.24% gc time)


  0.050930 seconds (397.61 k allocations: 105.070 MiB, 8.89% gc time)


  0.051527 seconds (397.60 k allocations: 105.069 MiB, 9.50% gc time)


  0.051099 seconds (397.59 k allocations: 105.069 MiB, 9.10% gc time)


  0.050977 seconds (397.61 k allocations: 105.070 MiB, 9.35% gc time)


  0.051230 seconds (397.59 k allocations: 105.069 MiB, 9.25% gc time)


  0.051111 seconds (397.62 k allocations: 105.071 MiB, 9.06% gc time)


  0.050082 seconds (397.60 k allocations: 105.070 MiB, 8.37% gc time)


  0.050746 seconds (397.59 k allocations: 105.069 MiB, 8.56% gc time)


  0.050629 seconds (397.60 k allocations: 105.070 MiB, 8.54% gc time)


  0.051689 seconds (397.61 k allocations: 105.070 MiB, 10.61% gc time)


  0.051038 seconds (397.61 k allocations: 105.070 MiB, 8.72% gc time)


Numero de qubits: 34 
Threads (LinearAlgebra) :15
Threads (Julia) :1


  0.054427 seconds (410.37 k allocations: 108.862 MiB, 7.11% gc time)


  0.070631 seconds (410.40 k allocations: 108.864 MiB, 25.69% gc time)


  0.053751 seconds (410.38 k allocations: 108.862 MiB, 7.90% gc time)


  0.054212 seconds (410.38 k allocations: 108.863 MiB, 9.56% gc time)


  0.063800 seconds (410.39 k allocations: 108.863 MiB, 10.59% gc time)


  0.053821 seconds (410.39 k allocations: 108.863 MiB, 8.90% gc time)


  0.053115 seconds (410.38 k allocations: 108.862 MiB, 8.54% gc time)


  0.053061 seconds (410.39 k allocations: 108.863 MiB, 8.58% gc time)


  0.053169 seconds (410.38 k allocations: 108.863 MiB, 8.76% gc time)


  0.054327 seconds (410.41 k allocations: 108.864 MiB, 10.92% gc time)


  0.053426 seconds (410.39 k allocations: 108.862 MiB, 8.67% gc time)


  0.054558 seconds (410.39 k allocations: 108.863 MiB, 11.30% gc time)


  0.054039 seconds (410.37 k allocations: 108.862 MiB, 9.30% gc time)


  0.053378 seconds (410.39 k allocations: 108.863 MiB, 8.78% gc time)


  0.054632 seconds (410.38 k allocations: 108.863 MiB, 11.12% gc time)


  0.053652 seconds (410.38 k allocations: 108.863 MiB, 8.92% gc time)


  0.054401 seconds (410.38 k allocations: 108.862 MiB, 10.91% gc time)


  0.053223 seconds (410.38 k allocations: 108.862 MiB, 8.87% gc time)


  0.054601 seconds (410.40 k allocations: 108.864 MiB, 11.15% gc time)


  0.053987 seconds (410.38 k allocations: 108.863 MiB, 9.10% gc time)


  0.053362 seconds (410.39 k allocations: 108.863 MiB, 9.02% gc time)


Numero de qubits: 35 
Threads (LinearAlgebra) :15
Threads (Julia) :1


  0.058842 seconds (425.25 k allocations: 112.440 MiB, 6.74% gc time)


  0.075382 seconds (425.25 k allocations: 112.441 MiB, 26.22% gc time)


  0.057895 seconds (425.24 k allocations: 112.440 MiB, 9.07% gc time)


  0.055889 seconds (425.25 k allocations: 112.440 MiB, 8.32% gc time)


  0.054491 seconds (425.26 k allocations: 112.441 MiB, 6.58% gc time)


  0.056483 seconds (425.27 k allocations: 112.442 MiB, 9.49% gc time)


  0.056156 seconds (425.25 k allocations: 112.441 MiB, 9.32% gc time)


  0.055799 seconds (425.26 k allocations: 112.441 MiB, 8.99% gc time)


  0.056930 seconds (425.25 k allocations: 112.440 MiB, 11.28% gc time)


  0.055899 seconds (425.26 k allocations: 112.441 MiB, 9.12% gc time)


  0.055338 seconds (425.26 k allocations: 112.441 MiB, 8.77% gc time)


  0.055829 seconds (425.25 k allocations: 112.440 MiB, 9.02% gc time)


  0.055796 seconds (425.25 k allocations: 112.441 MiB, 8.98% gc time)


  0.055714 seconds (425.24 k allocations: 112.440 MiB, 8.99% gc time)


  0.055569 seconds (425.26 k allocations: 112.441 MiB, 8.99% gc time)


  0.057146 seconds (425.26 k allocations: 112.441 MiB, 11.30% gc time)


  0.055456 seconds (425.26 k allocations: 112.441 MiB, 8.87% gc time)


  0.055786 seconds (425.25 k allocations: 112.440 MiB, 9.09% gc time)


  0.055608 seconds (425.25 k allocations: 112.441 MiB, 9.08% gc time)


  0.056002 seconds (425.26 k allocations: 112.441 MiB, 9.15% gc time)


  0.055666 seconds (425.26 k allocations: 112.441 MiB, 9.01% gc time)


Numero de qubits: 36 
Threads (LinearAlgebra) :15
Threads (Julia) :1


  0.072375 seconds (438.13 k allocations: 116.111 MiB, 20.43% gc time)


  0.061325 seconds (438.12 k allocations: 116.111 MiB, 11.97% gc time)


  0.058828 seconds (438.12 k allocations: 116.110 MiB, 9.55% gc time)


  0.057419 seconds (438.11 k allocations: 116.110 MiB, 7.55% gc time)


  0.058691 seconds (438.11 k allocations: 116.109 MiB, 9.64% gc time)


  0.068009 seconds (438.12 k allocations: 116.110 MiB, 16.81% gc time)


  0.058582 seconds (438.12 k allocations: 116.109 MiB, 9.48% gc time)


  0.059633 seconds (438.12 k allocations: 116.110 MiB, 11.84% gc time)


  0.058730 seconds (438.12 k allocations: 116.110 MiB, 9.86% gc time)


  0.058253 seconds (438.14 k allocations: 116.112 MiB, 9.73% gc time)


  0.058558 seconds (438.13 k allocations: 116.111 MiB, 9.69% gc time)


  0.058475 seconds (438.13 k allocations: 116.111 MiB, 9.55% gc time)


  0.060265 seconds (438.13 k allocations: 116.111 MiB, 11.97% gc time)


  0.058279 seconds (438.12 k allocations: 116.110 MiB, 9.70% gc time)


  0.059869 seconds (438.14 k allocations: 116.111 MiB, 12.18% gc time)


  0.058781 seconds (438.12 k allocations: 116.110 MiB, 9.78% gc time)


  0.058276 seconds (438.12 k allocations: 116.110 MiB, 9.71% gc time)


  0.058610 seconds (438.12 k allocations: 116.110 MiB, 9.79% gc time)


  0.058288 seconds (438.14 k allocations: 116.112 MiB, 9.78% gc time)


  0.058701 seconds (438.12 k allocations: 116.111 MiB, 9.93% gc time)


  0.058370 seconds (438.12 k allocations: 116.110 MiB, 9.82% gc time)


Numero de qubits: 37 
Threads (LinearAlgebra) :15
Threads (Julia) :1


  0.062155 seconds (453.19 k allocations: 119.724 MiB)


  0.087735 seconds (453.16 k allocations: 119.722 MiB, 32.71% gc time)


  0.058555 seconds (453.17 k allocations: 119.722 MiB, 6.12% gc time)


  0.059572 seconds (453.18 k allocations: 119.723 MiB, 7.76% gc time)


  0.061096 seconds (453.17 k allocations: 119.723 MiB, 10.09% gc time)


  0.060721 seconds (453.18 k allocations: 119.723 MiB, 9.75% gc time)


  0.060934 seconds (453.18 k allocations: 119.723 MiB, 9.92% gc time)


  0.061204 seconds (453.19 k allocations: 119.724 MiB, 10.00% gc time)


  0.062623 seconds (453.17 k allocations: 119.722 MiB, 12.40% gc time)


  0.060936 seconds (453.19 k allocations: 119.724 MiB, 9.72% gc time)


  0.060294 seconds (453.16 k allocations: 119.722 MiB, 9.60% gc time)


  0.060747 seconds (453.19 k allocations: 119.723 MiB, 9.68% gc time)


  0.062806 seconds (453.18 k allocations: 119.723 MiB, 12.24% gc time)


  0.061175 seconds (453.17 k allocations: 119.722 MiB, 10.12% gc time)


  0.063024 seconds (453.19 k allocations: 119.724 MiB, 12.54% gc time)


  0.060847 seconds (453.18 k allocations: 119.723 MiB, 9.82% gc time)


  0.062494 seconds (453.17 k allocations: 119.723 MiB, 12.56% gc time)


  0.060833 seconds (453.19 k allocations: 119.724 MiB, 9.96% gc time)


  0.062890 seconds (453.18 k allocations: 119.723 MiB, 12.59% gc time)


  0.060761 seconds (453.18 k allocations: 119.723 MiB, 9.89% gc time)


  0.062529 seconds (453.18 k allocations: 119.723 MiB, 12.44% gc time)


Numero de qubits: 38 
Threads (LinearAlgebra) :15
Threads (Julia) :1


  0.064429 seconds (466.31 k allocations: 123.574 MiB, 6.72% gc time)


  0.066673 seconds (466.32 k allocations: 123.575 MiB, 10.94% gc time)


  0.064725 seconds (466.30 k allocations: 123.574 MiB, 11.57% gc time)


  0.064066 seconds (466.31 k allocations: 123.574 MiB, 9.95% gc time)


  0.064478 seconds (466.29 k allocations: 123.573 MiB, 12.09% gc time)


  0.062564 seconds (466.31 k allocations: 123.574 MiB, 9.47% gc time)


  0.063193 seconds (466.31 k allocations: 123.573 MiB, 9.95% gc time)


  0.065172 seconds (466.32 k allocations: 123.575 MiB, 12.57% gc time)


  0.063361 seconds (466.32 k allocations: 123.575 MiB, 10.04% gc time)


  0.065551 seconds (466.31 k allocations: 123.574 MiB, 12.58% gc time)


  0.063009 seconds (466.32 k allocations: 123.575 MiB, 9.76% gc time)


  0.063214 seconds (466.30 k allocations: 123.574 MiB, 9.89% gc time)


  0.065381 seconds (466.31 k allocations: 123.574 MiB, 12.52% gc time)


  0.063267 seconds (466.30 k allocations: 123.573 MiB, 9.96% gc time)


  0.063579 seconds (466.31 k allocations: 123.574 MiB, 10.09% gc time)


  0.065060 seconds (466.31 k allocations: 123.574 MiB, 12.55% gc time)


  0.062803 seconds (466.29 k allocations: 123.572 MiB, 9.81% gc time)


  0.062871 seconds (466.31 k allocations: 123.574 MiB, 9.82% gc time)


  0.065054 seconds (466.31 k allocations: 123.574 MiB, 12.55% gc time)


  0.064680 seconds (466.31 k allocations: 123.574 MiB, 12.39% gc time)


  0.062696 seconds (466.33 k allocations: 123.575 MiB, 10.01% gc time)


Numero de qubits: 39 
Threads (LinearAlgebra) :15
Threads (Julia) :1


  0.064561 seconds (481.56 k allocations: 127.221 MiB)


  0.103743 seconds (481.55 k allocations: 127.220 MiB, 37.36% gc time)


  0.067044 seconds (481.55 k allocations: 127.220 MiB, 9.93% gc time)


  0.066869 seconds (481.55 k allocations: 127.220 MiB, 12.08% gc time)


  0.065234 seconds (481.55 k allocations: 127.221 MiB, 10.25% gc time)


  0.066715 seconds (481.55 k allocations: 127.221 MiB, 12.10% gc time)


  0.066361 seconds (481.55 k allocations: 127.220 MiB, 11.88% gc time)


  0.064991 seconds (481.54 k allocations: 127.220 MiB, 9.76% gc time)


  0.064750 seconds (481.57 k allocations: 127.221 MiB, 9.47% gc time)


  0.066536 seconds (481.56 k allocations: 127.221 MiB, 12.10% gc time)


  0.065728 seconds (481.54 k allocations: 127.220 MiB, 12.20% gc time)


  0.065058 seconds (481.55 k allocations: 127.220 MiB, 10.09% gc time)


  0.065017 seconds (481.54 k allocations: 127.220 MiB, 9.90% gc time)


  0.067253 seconds (481.54 k allocations: 127.219 MiB, 12.62% gc time)


  0.066545 seconds (481.55 k allocations: 127.220 MiB, 12.49% gc time)


  0.064478 seconds (481.56 k allocations: 127.221 MiB, 9.92% gc time)


  0.064699 seconds (481.54 k allocations: 127.218 MiB, 9.93% gc time)


  0.067044 seconds (481.55 k allocations: 127.220 MiB, 12.73% gc time)


  0.066851 seconds (481.56 k allocations: 127.221 MiB, 12.56% gc time)


  0.065128 seconds (481.54 k allocations: 127.220 MiB, 10.19% gc time)


  0.065577 seconds (481.56 k allocations: 127.220 MiB, 10.06% gc time)


Numero de qubits: 40 
Threads (LinearAlgebra) :15
Threads (Julia) :1


  0.082667 seconds (494.75 k allocations: 130.957 MiB, 21.03% gc time)


  0.071577 seconds (494.77 k allocations: 130.958 MiB, 13.44% gc time)


  0.065682 seconds (494.77 k allocations: 130.958 MiB, 7.60% gc time)


  0.067097 seconds (494.78 k allocations: 130.958 MiB, 9.93% gc time)


  0.069412 seconds (494.78 k allocations: 130.958 MiB, 12.58% gc time)


  0.069077 seconds (494.78 k allocations: 130.957 MiB, 12.56% gc time)


  0.066812 seconds (494.77 k allocations: 130.958 MiB, 9.85% gc time)


  0.066821 seconds (494.79 k allocations: 130.959 MiB, 9.95% gc time)


  0.066870 seconds (494.76 k allocations: 130.957 MiB, 9.83% gc time)


  0.069167 seconds (494.77 k allocations: 130.958 MiB, 12.58% gc time)


  0.068826 seconds (494.76 k allocations: 130.957 MiB, 12.44% gc time)


  0.068509 seconds (494.76 k allocations: 130.957 MiB, 12.28% gc time)


  0.068711 seconds (494.77 k allocations: 130.957 MiB, 12.49% gc time)


  0.066659 seconds (494.78 k allocations: 130.958 MiB, 9.78% gc time)


  0.066815 seconds (494.77 k allocations: 130.958 MiB, 9.81% gc time)


  0.067189 seconds (494.76 k allocations: 130.957 MiB, 9.89% gc time)


  0.067151 seconds (494.77 k allocations: 130.957 MiB, 9.78% gc time)


  0.066625 seconds (494.77 k allocations: 130.958 MiB, 9.51% gc time)


  0.066592 seconds (494.77 k allocations: 130.958 MiB, 9.65% gc time)


  0.068900 seconds (494.77 k allocations: 130.958 MiB, 12.50% gc time)


  0.069021 seconds (494.76 k allocations: 130.957 MiB, 12.51% gc time)


Numero de qubits: 41 
Threads (LinearAlgebra) :15
Threads (Julia) :1


  0.074336 seconds (510.20 k allocations: 134.639 MiB, 8.08% gc time)


  0.074065 seconds (510.21 k allocations: 134.639 MiB, 11.06% gc time)


  0.072013 seconds (510.21 k allocations: 134.639 MiB, 12.13% gc time)


  0.069795 seconds (510.19 k allocations: 134.638 MiB, 10.54% gc time)


  0.069459 seconds (510.22 k allocations: 134.639 MiB, 10.23% gc time)


  0.071800 seconds (510.20 k allocations: 134.639 MiB, 12.75% gc time)


  0.071710 seconds (510.20 k allocations: 134.639 MiB, 12.62% gc time)


  0.069591 seconds (510.19 k allocations: 134.638 MiB, 10.14% gc time)


  0.069352 seconds (510.20 k allocations: 134.639 MiB, 9.88% gc time)


  0.071590 seconds (510.20 k allocations: 134.639 MiB, 12.62% gc time)


  0.071162 seconds (510.19 k allocations: 134.638 MiB, 12.46% gc time)


  0.070738 seconds (510.19 k allocations: 134.638 MiB, 12.50% gc time)


  0.071099 seconds (510.20 k allocations: 134.639 MiB, 12.53% gc time)


  0.069013 seconds (510.20 k allocations: 134.639 MiB, 9.93% gc time)


  0.069128 seconds (510.20 k allocations: 134.639 MiB, 9.95% gc time)


  0.068952 seconds (510.19 k allocations: 134.638 MiB, 9.89% gc time)


  0.068957 seconds (510.19 k allocations: 134.638 MiB, 9.72% gc time)


  0.068660 seconds (510.19 k allocations: 134.638 MiB, 9.72% gc time)


  0.068433 seconds (510.19 k allocations: 134.638 MiB, 9.59% gc time)


  0.068353 seconds (510.20 k allocations: 134.638 MiB, 9.70% gc time)


  0.068440 seconds (510.21 k allocations: 134.639 MiB, 9.70% gc time)


Numero de qubits: 42 
Threads (LinearAlgebra) :15
Threads (Julia) :1


  0.082958 seconds (523.67 k allocations: 138.555 MiB, 17.62% gc time)


  0.076510 seconds (523.67 k allocations: 138.555 MiB, 13.77% gc time)


  0.071772 seconds (523.67 k allocations: 138.555 MiB, 10.63% gc time)


  0.073294 seconds (523.68 k allocations: 138.555 MiB, 12.56% gc time)


  0.072222 seconds (523.68 k allocations: 138.555 MiB, 11.91% gc time)


  0.081435 seconds (523.69 k allocations: 138.556 MiB, 14.75% gc time)


  0.076394 seconds (523.68 k allocations: 138.555 MiB, 11.59% gc time)


  0.073427 seconds (523.68 k allocations: 138.555 MiB, 11.83% gc time)


  0.072753 seconds (523.68 k allocations: 138.556 MiB, 11.88% gc time)


  0.072819 seconds (523.69 k allocations: 138.556 MiB, 12.03% gc time)


  0.072331 seconds (523.68 k allocations: 138.556 MiB, 12.03% gc time)


  0.072323 seconds (523.67 k allocations: 138.555 MiB, 12.17% gc time)


  0.072157 seconds (523.68 k allocations: 138.555 MiB, 11.95% gc time)


  0.072219 seconds (523.68 k allocations: 138.556 MiB, 11.97% gc time)


  0.071824 seconds (523.68 k allocations: 138.556 MiB, 11.84% gc time)


  0.072250 seconds (523.67 k allocations: 138.555 MiB, 11.81% gc time)


  0.072599 seconds (523.68 k allocations: 138.555 MiB, 11.89% gc time)


  0.072567 seconds (523.68 k allocations: 138.555 MiB, 11.85% gc time)


  0.073305 seconds (523.68 k allocations: 138.556 MiB, 11.96% gc time)


  0.072926 seconds (523.68 k allocations: 138.556 MiB, 12.06% gc time)


  0.073427 seconds (523.68 k allocations: 138.555 MiB, 12.07% gc time)


Numero de qubits: 43 
Threads (LinearAlgebra) :15
Threads (Julia) :1


  0.088373 seconds (539.29 k allocations: 142.270 MiB, 14.89% gc time)


  0.072914 seconds (539.29 k allocations: 142.270 MiB, 9.01% gc time)


  0.074495 seconds (539.28 k allocations: 142.270 MiB, 10.85% gc time)


  0.076043 seconds (539.28 k allocations: 142.270 MiB, 12.55% gc time)


  0.075655 seconds (539.28 k allocations: 142.269 MiB, 12.39% gc time)


  0.257463 seconds (539.28 k allocations: 142.270 MiB, 73.77% gc time)


  0.074440 seconds (539.28 k allocations: 142.269 MiB)


  0.109180 seconds (539.29 k allocations: 142.270 MiB, 33.56% gc time)


  0.099489 seconds (539.28 k allocations: 142.269 MiB, 22.60% gc time)


  0.093926 seconds (539.29 k allocations: 142.270 MiB, 21.95% gc time)


  0.080019 seconds (539.30 k allocations: 142.270 MiB, 15.04% gc time)


  0.074223 seconds (539.29 k allocations: 142.270 MiB, 10.82% gc time)


  0.070975 seconds (539.28 k allocations: 142.269 MiB, 9.25% gc time)


  0.070112 seconds (539.28 k allocations: 142.270 MiB, 9.47% gc time)


  0.069813 seconds (539.29 k allocations: 142.270 MiB, 8.92% gc time)


  0.069895 seconds (539.29 k allocations: 142.270 MiB, 9.13% gc time)


  0.070044 seconds (539.28 k allocations: 142.270 MiB, 9.03% gc time)


  0.068778 seconds (539.29 k allocations: 142.270 MiB, 7.37% gc time)


  0.068439 seconds (539.29 k allocations: 142.270 MiB, 7.28% gc time)


  0.069845 seconds (539.27 k allocations: 142.269 MiB, 9.03% gc time)


  0.068674 seconds (539.28 k allocations: 142.270 MiB, 7.66% gc time)


Numero de qubits: 44 
Threads (LinearAlgebra) :15
Threads (Julia) :1


  0.082745 seconds (552.86 k allocations: 146.074 MiB, 15.41% gc time)


  0.077157 seconds (552.85 k allocations: 146.075 MiB, 11.49% gc time)


  0.072521 seconds (552.87 k allocations: 146.075 MiB, 8.58% gc time)


  0.071076 seconds (552.85 k allocations: 146.074 MiB, 7.33% gc time)


  0.072587 seconds (552.84 k allocations: 146.074 MiB, 9.19% gc time)


  0.073166 seconds (552.85 k allocations: 146.074 MiB, 9.69% gc time)


  0.073577 seconds (552.85 k allocations: 146.074 MiB, 9.79% gc time)


  0.082577 seconds (552.86 k allocations: 146.075 MiB, 14.79% gc time)


  0.074305 seconds (552.85 k allocations: 146.075 MiB, 9.66% gc time)


  0.073437 seconds (552.87 k allocations: 146.075 MiB, 9.72% gc time)


  0.073442 seconds (552.87 k allocations: 146.075 MiB, 9.73% gc time)


  0.073461 seconds (552.88 k allocations: 146.076 MiB, 9.66% gc time)


  0.073189 seconds (552.84 k allocations: 146.074 MiB, 9.60% gc time)


  0.073020 seconds (552.85 k allocations: 146.074 MiB, 9.26% gc time)


  0.072902 seconds (552.85 k allocations: 146.075 MiB, 9.55% gc time)


  0.073165 seconds (552.87 k allocations: 146.074 MiB, 9.43% gc time)


  0.072595 seconds (552.86 k allocations: 146.075 MiB, 9.02% gc time)


  0.072553 seconds (552.86 k allocations: 146.075 MiB, 9.16% gc time)


  0.072612 seconds (552.88 k allocations: 146.076 MiB, 9.08% gc time)


  0.072630 seconds (552.86 k allocations: 146.075 MiB, 9.18% gc time)


  0.072871 seconds (552.85 k allocations: 146.075 MiB, 9.23% gc time)


Numero de qubits: 45 
Threads (LinearAlgebra) :15
Threads (Julia) :1


  0.092229 seconds (568.66 k allocations: 149.824 MiB, 18.38% gc time)


  0.083658 seconds (568.67 k allocations: 149.824 MiB, 13.63% gc time)


  0.075782 seconds (568.67 k allocations: 149.824 MiB, 8.72% gc time)


  0.076382 seconds (568.66 k allocations: 149.824 MiB, 10.03% gc time)


  0.075637 seconds (568.66 k allocations: 149.824 MiB, 9.55% gc time)


  0.075782 seconds (568.66 k allocations: 149.824 MiB, 9.64% gc time)


  0.076133 seconds (568.65 k allocations: 149.824 MiB, 9.83% gc time)


  0.076005 seconds (568.65 k allocations: 149.824 MiB, 9.59% gc time)


  0.075498 seconds (568.65 k allocations: 149.823 MiB, 9.64% gc time)


  0.074833 seconds (568.69 k allocations: 149.826 MiB, 9.29% gc time)


  0.076047 seconds (568.66 k allocations: 149.824 MiB, 9.70% gc time)


  0.075819 seconds (568.65 k allocations: 149.824 MiB, 9.81% gc time)


  0.075991 seconds (568.66 k allocations: 149.824 MiB, 9.77% gc time)


  0.076256 seconds (568.66 k allocations: 149.824 MiB, 9.96% gc time)


  0.076041 seconds (568.65 k allocations: 149.824 MiB, 9.63% gc time)


  0.076306 seconds (568.65 k allocations: 149.824 MiB, 9.95% gc time)


  0.076257 seconds (568.64 k allocations: 149.823 MiB, 9.83% gc time)


  0.076465 seconds (568.65 k allocations: 149.823 MiB, 10.00% gc time)


  0.075948 seconds (568.67 k allocations: 149.825 MiB, 9.85% gc time)


  0.075947 seconds (568.67 k allocations: 149.825 MiB, 9.83% gc time)


  0.075991 seconds (568.66 k allocations: 149.824 MiB, 9.93% gc time)


Numero de qubits: 46 
Threads (LinearAlgebra) :15
Threads (Julia) :1


  0.091830 seconds (582.48 k allocations: 153.806 MiB, 16.40% gc time)


  0.086629 seconds (582.48 k allocations: 153.806 MiB, 15.61% gc time)


  0.076658 seconds (582.49 k allocations: 153.805 MiB, 7.55% gc time)


  0.079760 seconds (582.49 k allocations: 153.807 MiB, 11.12% gc time)


  0.079546 seconds (582.48 k allocations: 153.806 MiB, 10.33% gc time)


  0.079618 seconds (582.46 k allocations: 153.805 MiB, 10.60% gc time)


  0.079524 seconds (582.48 k allocations: 153.806 MiB, 10.50% gc time)


  0.079759 seconds (582.50 k allocations: 153.807 MiB, 10.56% gc time)


  0.079230 seconds (582.49 k allocations: 153.806 MiB, 10.29% gc time)


  0.080394 seconds (582.49 k allocations: 153.806 MiB, 10.42% gc time)


  0.079263 seconds (582.49 k allocations: 153.807 MiB, 10.53% gc time)


  0.079188 seconds (582.50 k allocations: 153.807 MiB, 10.46% gc time)


  0.079228 seconds (582.48 k allocations: 153.806 MiB, 10.46% gc time)


  0.079072 seconds (582.47 k allocations: 153.805 MiB, 10.35% gc time)


  0.079303 seconds (582.47 k allocations: 153.806 MiB, 10.41% gc time)


  0.079526 seconds (582.50 k allocations: 153.807 MiB, 10.55% gc time)


  0.078609 seconds (582.47 k allocations: 153.805 MiB, 10.34% gc time)


  0.079263 seconds (582.48 k allocations: 153.806 MiB, 10.43% gc time)


  0.079235 seconds (582.48 k allocations: 153.806 MiB, 10.36% gc time)


  0.079264 seconds (582.48 k allocations: 153.806 MiB, 10.34% gc time)


  0.078814 seconds (582.48 k allocations: 153.806 MiB, 10.31% gc time)


Numero de qubits: 47 
Threads (LinearAlgebra) :15
Threads (Julia) :1


  0.089238 seconds (598.47 k allocations: 157.589 MiB, 9.45% gc time)


  0.112269 seconds (598.48 k allocations: 157.590 MiB, 30.95% gc time)


  0.080080 seconds (598.47 k allocations: 157.588 MiB, 9.28% gc time)


  0.081638 seconds (598.45 k allocations: 157.588 MiB, 10.59% gc time)


  0.081812 seconds (598.45 k allocations: 157.588 MiB, 10.55% gc time)


  0.081483 seconds (598.46 k allocations: 157.588 MiB, 10.61% gc time)


  0.081161 seconds (598.46 k allocations: 157.588 MiB, 10.29% gc time)


  0.083000 seconds (598.48 k allocations: 157.589 MiB, 12.17% gc time)


  0.081349 seconds (598.44 k allocations: 157.587 MiB, 10.49% gc time)


  0.081174 seconds (598.47 k allocations: 157.589 MiB, 10.35% gc time)


  0.081441 seconds (598.46 k allocations: 157.589 MiB, 10.53% gc time)


  0.080997 seconds (598.47 k allocations: 157.589 MiB, 10.42% gc time)


  0.081196 seconds (598.47 k allocations: 157.589 MiB, 10.57% gc time)


  0.082962 seconds (598.46 k allocations: 157.589 MiB, 12.33% gc time)


  0.082690 seconds (598.47 k allocations: 157.589 MiB, 12.31% gc time)


  0.081611 seconds (598.46 k allocations: 157.588 MiB, 10.78% gc time)


  0.081589 seconds (598.46 k allocations: 157.588 MiB, 10.74% gc time)


  0.081393 seconds (598.47 k allocations: 157.589 MiB, 10.62% gc time)


  0.081188 seconds (598.48 k allocations: 157.590 MiB, 10.55% gc time)


  0.081449 seconds (598.47 k allocations: 157.589 MiB, 10.64% gc time)


  0.081681 seconds (598.47 k allocations: 157.589 MiB, 10.67% gc time)


Numero de qubits: 48 
Threads (LinearAlgebra) :15
Threads (Julia) :1


  0.092743 seconds (612.38 k allocations: 161.472 MiB, 13.35% gc time)


  0.081037 seconds (612.37 k allocations: 161.472 MiB, 7.53% gc time)


  0.082542 seconds (612.39 k allocations: 161.473 MiB, 8.91% gc time)


  0.083372 seconds (612.38 k allocations: 161.473 MiB, 10.49% gc time)


  0.084229 seconds (612.39 k allocations: 161.472 MiB, 10.90% gc time)


  0.084509 seconds (612.37 k allocations: 161.471 MiB, 11.04% gc time)


  0.085568 seconds (612.40 k allocations: 161.474 MiB, 12.40% gc time)


  0.083507 seconds (612.39 k allocations: 161.473 MiB, 10.62% gc time)


  0.086838 seconds (612.39 k allocations: 161.473 MiB, 12.65% gc time)


  0.085017 seconds (612.38 k allocations: 161.473 MiB, 11.06% gc time)


  0.084548 seconds (612.41 k allocations: 161.474 MiB, 11.11% gc time)


  0.084571 seconds (612.40 k allocations: 161.473 MiB, 10.94% gc time)


  0.084183 seconds (612.38 k allocations: 161.472 MiB, 10.90% gc time)


  0.084187 seconds (612.37 k allocations: 161.472 MiB, 11.05% gc time)


  0.083751 seconds (612.38 k allocations: 161.472 MiB, 10.66% gc time)


  0.084195 seconds (612.39 k allocations: 161.473 MiB, 10.93% gc time)


  0.084124 seconds (612.38 k allocations: 161.472 MiB, 10.97% gc time)


  0.084213 seconds (612.39 k allocations: 161.473 MiB, 10.92% gc time)


  0.084115 seconds (612.39 k allocations: 161.472 MiB, 11.00% gc time)


  0.084253 seconds (612.39 k allocations: 161.473 MiB, 10.91% gc time)


  0.085998 seconds (612.38 k allocations: 161.470 MiB, 12.83% gc time)


Numero de qubits: 49 
Threads (LinearAlgebra) :15
Threads (Julia) :1


  0.112640 seconds (628.55 k allocations: 165.290 MiB, 25.65% gc time)


  0.091277 seconds (628.54 k allocations: 165.288 MiB, 13.18% gc time)


  0.085214 seconds (628.55 k allocations: 165.290 MiB, 9.62% gc time)


  0.087087 seconds (628.54 k allocations: 165.289 MiB, 11.43% gc time)


  0.086345 seconds (628.57 k allocations: 165.291 MiB, 11.14% gc time)


  0.086853 seconds (628.55 k allocations: 165.290 MiB, 11.43% gc time)


  0.086956 seconds (628.56 k allocations: 165.290 MiB, 11.25% gc time)


  0.086550 seconds (628.55 k allocations: 165.290 MiB, 11.15% gc time)


  0.086773 seconds (628.55 k allocations: 165.290 MiB, 11.33% gc time)


  0.086793 seconds (628.53 k allocations: 165.287 MiB, 11.20% gc time)


  0.086530 seconds (628.54 k allocations: 165.289 MiB, 11.15% gc time)


  0.086183 seconds (628.55 k allocations: 165.290 MiB, 11.05% gc time)


  0.086793 seconds (628.55 k allocations: 165.290 MiB, 11.22% gc time)


  0.086444 seconds (628.57 k allocations: 165.291 MiB, 11.05% gc time)


  0.086522 seconds (628.57 k allocations: 165.291 MiB, 11.07% gc time)


  0.086799 seconds (628.56 k allocations: 165.290 MiB, 11.24% gc time)


  0.086603 seconds (628.54 k allocations: 165.289 MiB, 11.24% gc time)


  0.086768 seconds (628.56 k allocations: 165.290 MiB, 11.28% gc time)


  0.086432 seconds (628.55 k allocations: 165.290 MiB, 11.14% gc time)


  0.088165 seconds (628.56 k allocations: 165.290 MiB, 13.01% gc time)


  0.086556 seconds (628.54 k allocations: 165.289 MiB, 11.31% gc time)


Numero de qubits: 50 
Threads (LinearAlgebra) :15
Threads (Julia) :1


  0.097243 seconds (642.73 k allocations: 169.339 MiB, 13.35% gc time)


  0.089560 seconds (642.75 k allocations: 169.339 MiB, 11.21% gc time)


  0.089703 seconds (642.73 k allocations: 169.338 MiB, 11.93% gc time)


  0.089281 seconds (642.72 k allocations: 169.338 MiB, 11.47% gc time)


  0.089244 seconds (642.72 k allocations: 169.337 MiB, 11.37% gc time)


  0.088960 seconds (642.74 k allocations: 169.339 MiB, 11.15% gc time)


  0.089044 seconds (642.72 k allocations: 169.338 MiB, 11.29% gc time)


  0.089004 seconds (642.71 k allocations: 169.337 MiB, 11.34% gc time)


  0.088795 seconds (642.74 k allocations: 169.339 MiB, 11.12% gc time)


  0.090972 seconds (642.72 k allocations: 169.338 MiB, 13.18% gc time)


  0.089024 seconds (642.73 k allocations: 169.338 MiB, 11.38% gc time)


  0.089195 seconds (642.71 k allocations: 169.337 MiB, 11.46% gc time)


  0.088888 seconds (642.72 k allocations: 169.338 MiB, 11.35% gc time)


  0.089219 seconds (642.74 k allocations: 169.339 MiB, 11.44% gc time)


  0.091532 seconds (642.72 k allocations: 169.338 MiB, 13.24% gc time)


  0.101733 seconds (642.73 k allocations: 169.338 MiB, 12.65% gc time)


  0.089564 seconds (642.74 k allocations: 169.339 MiB, 11.60% gc time)


  0.089697 seconds (642.72 k allocations: 169.338 MiB, 11.53% gc time)


  0.089872 seconds (642.71 k allocations: 169.338 MiB, 11.49% gc time)


  0.091095 seconds (642.75 k allocations: 169.340 MiB, 13.34% gc time)


  0.089445 seconds (642.73 k allocations: 169.338 MiB, 11.61% gc time)


Numero de qubits: 51 
Threads (LinearAlgebra) :15
Threads (Julia) :1


  0.100770 seconds (659.09 k allocations: 173.190 MiB, 13.05% gc time)


  0.287227 seconds (659.06 k allocations: 173.188 MiB, 69.21% gc time)


  0.104598 seconds (659.08 k allocations: 173.189 MiB, 9.81% gc time)


  0.105355 seconds (659.10 k allocations: 173.188 MiB, 10.46% gc time)


  0.104375 seconds (659.09 k allocations: 173.190 MiB, 16.80% gc time)


  0.095906 seconds (659.07 k allocations: 173.189 MiB, 12.98% gc time)


  0.086768 seconds (659.07 k allocations: 173.188 MiB, 8.38% gc time)


  0.085122 seconds (659.10 k allocations: 173.191 MiB, 8.33% gc time)


  0.085250 seconds (659.08 k allocations: 173.190 MiB, 9.45% gc time)


  0.086214 seconds (659.10 k allocations: 173.190 MiB, 9.74% gc time)


  0.086521 seconds (659.09 k allocations: 173.190 MiB, 9.69% gc time)


  0.085358 seconds (659.10 k allocations: 173.191 MiB, 8.42% gc time)


  0.085536 seconds (659.09 k allocations: 173.190 MiB, 8.31% gc time)


  0.087173 seconds (659.07 k allocations: 173.188 MiB, 10.06% gc time)


  0.086906 seconds (659.08 k allocations: 173.190 MiB, 9.88% gc time)


  0.085942 seconds (659.09 k allocations: 173.190 MiB, 8.61% gc time)


  0.086584 seconds (659.10 k allocations: 173.190 MiB, 9.79% gc time)


  0.087615 seconds (659.10 k allocations: 173.190 MiB, 10.18% gc time)


  0.086069 seconds (659.09 k allocations: 173.190 MiB, 8.77% gc time)


  0.085349 seconds (659.08 k allocations: 173.190 MiB, 8.56% gc time)


  0.087433 seconds (659.09 k allocations: 173.190 MiB, 10.44% gc time)


Numero de qubits: 52 
Threads (LinearAlgebra) :15
Threads (Julia) :1


  0.098633 seconds (673.36 k allocations: 177.107 MiB, 12.08% gc time)


  0.090499 seconds (673.37 k allocations: 177.106 MiB, 9.04% gc time)


  0.089882 seconds (673.35 k allocations: 177.106 MiB, 9.51% gc time)


  0.090150 seconds (673.36 k allocations: 177.106 MiB, 10.58% gc time)


  0.088899 seconds (673.35 k allocations: 177.106 MiB, 8.89% gc time)


  0.091398 seconds (673.35 k allocations: 177.106 MiB, 10.84% gc time)


  0.089182 seconds (673.35 k allocations: 177.106 MiB, 9.16% gc time)


  0.091153 seconds (673.33 k allocations: 177.105 MiB, 10.91% gc time)


  0.089620 seconds (673.37 k allocations: 177.107 MiB, 9.23% gc time)


  0.091413 seconds (673.35 k allocations: 177.106 MiB, 10.99% gc time)


  0.089559 seconds (673.34 k allocations: 177.105 MiB, 9.43% gc time)


  0.089607 seconds (673.35 k allocations: 177.106 MiB, 9.34% gc time)


  0.089049 seconds (673.35 k allocations: 177.106 MiB, 9.09% gc time)


  0.089400 seconds (673.35 k allocations: 177.106 MiB, 9.02% gc time)


  0.091202 seconds (673.35 k allocations: 177.106 MiB, 10.93% gc time)


  0.090028 seconds (673.34 k allocations: 177.105 MiB, 9.55% gc time)


  0.091745 seconds (673.33 k allocations: 177.104 MiB, 11.09% gc time)


  0.090073 seconds (673.35 k allocations: 177.105 MiB, 9.67% gc time)


  0.091161 seconds (673.36 k allocations: 177.106 MiB, 11.07% gc time)


  0.089955 seconds (673.35 k allocations: 177.106 MiB, 9.74% gc time)


  0.090076 seconds (673.36 k allocations: 177.106 MiB, 9.76% gc time)


Numero de qubits: 53 
Threads (LinearAlgebra) :15
Threads (Julia) :1


  0.101706 seconds (689.89 k allocations: 180.991 MiB, 12.34% gc time)


  0.101583 seconds (689.89 k allocations: 180.991 MiB, 14.29% gc time)


  0.094122 seconds (689.89 k allocations: 180.991 MiB, 10.00% gc time)


  0.092053 seconds (689.91 k allocations: 180.991 MiB, 9.73% gc time)


  0.094709 seconds (689.88 k allocations: 180.990 MiB, 11.52% gc time)


  0.092947 seconds (689.90 k allocations: 180.992 MiB, 10.04% gc time)


  0.092652 seconds (689.89 k allocations: 180.991 MiB, 10.17% gc time)


  0.094824 seconds (689.90 k allocations: 180.992 MiB, 11.63% gc time)


  0.092774 seconds (689.90 k allocations: 180.991 MiB, 10.13% gc time)


  0.092770 seconds (689.89 k allocations: 180.991 MiB, 10.18% gc time)


  0.092771 seconds (689.88 k allocations: 180.991 MiB, 9.98% gc time)


  0.093035 seconds (689.90 k allocations: 180.991 MiB, 10.16% gc time)


  0.095278 seconds (689.89 k allocations: 180.991 MiB, 11.86% gc time)


  0.093197 seconds (689.89 k allocations: 180.991 MiB, 10.25% gc time)


  0.093240 seconds (689.87 k allocations: 180.990 MiB, 10.41% gc time)


  0.095630 seconds (689.90 k allocations: 180.992 MiB, 11.97% gc time)


  0.093358 seconds (689.89 k allocations: 180.991 MiB, 10.43% gc time)


  0.093695 seconds (689.89 k allocations: 180.991 MiB, 10.48% gc time)


  0.093493 seconds (689.91 k allocations: 180.992 MiB, 10.36% gc time)


  0.093484 seconds (689.91 k allocations: 180.992 MiB, 10.48% gc time)


  0.093532 seconds (689.89 k allocations: 180.991 MiB, 10.55% gc time)


Numero de qubits: 54 
Threads (LinearAlgebra) :15
Threads (Julia) :1


  0.113350 seconds (704.43 k allocations: 185.143 MiB, 14.89% gc time)


  0.092278 seconds (704.41 k allocations: 185.142 MiB, 7.40% gc time)


  0.094550 seconds (704.41 k allocations: 185.142 MiB, 9.01% gc time)


  0.096777 seconds (704.41 k allocations: 185.142 MiB, 10.90% gc time)


  0.096373 seconds (704.43 k allocations: 185.143 MiB, 10.72% gc time)


  0.096240 seconds (704.42 k allocations: 185.143 MiB, 10.88% gc time)


  0.096115 seconds (704.43 k allocations: 185.143 MiB, 10.82% gc time)


  0.096358 seconds (704.42 k allocations: 185.143 MiB, 10.86% gc time)


  0.096132 seconds (704.41 k allocations: 185.142 MiB, 10.63% gc time)


  0.096387 seconds (704.42 k allocations: 185.142 MiB, 10.69% gc time)


  0.096378 seconds (704.42 k allocations: 185.142 MiB, 10.88% gc time)


  0.096277 seconds (704.42 k allocations: 185.143 MiB, 10.71% gc time)


  0.096190 seconds (704.41 k allocations: 185.141 MiB, 10.67% gc time)


  0.096439 seconds (704.42 k allocations: 185.142 MiB, 10.86% gc time)


  0.096467 seconds (704.39 k allocations: 185.140 MiB, 10.75% gc time)


  0.096031 seconds (704.43 k allocations: 185.143 MiB, 10.82% gc time)


  0.096322 seconds (704.40 k allocations: 185.142 MiB, 10.80% gc time)


  0.096215 seconds (704.43 k allocations: 185.143 MiB, 10.55% gc time)


  0.096468 seconds (704.43 k allocations: 185.143 MiB, 10.85% gc time)


  0.096716 seconds (704.42 k allocations: 185.143 MiB, 10.91% gc time)


  0.096069 seconds (704.42 k allocations: 185.143 MiB, 10.86% gc time)


Numero de qubits: 55 
Threads (LinearAlgebra) :15
Threads (Julia) :1


  0.106583 seconds (721.15 k allocations: 189.062 MiB, 12.37% gc time)


  0.099909 seconds (721.15 k allocations: 189.063 MiB, 10.76% gc time)


  0.099807 seconds (721.16 k allocations: 189.063 MiB, 11.64% gc time)


  0.099287 seconds (721.15 k allocations: 189.062 MiB, 11.18% gc time)


  0.099646 seconds (721.16 k allocations: 189.062 MiB, 11.28% gc time)


  0.099332 seconds (721.15 k allocations: 189.062 MiB, 11.11% gc time)


  0.099031 seconds (721.13 k allocations: 189.062 MiB, 11.02% gc time)


  0.099360 seconds (721.14 k allocations: 189.062 MiB, 11.20% gc time)


  0.099188 seconds (721.14 k allocations: 189.062 MiB, 11.15% gc time)


  0.098265 seconds (721.14 k allocations: 189.062 MiB, 10.86% gc time)


  0.099097 seconds (721.15 k allocations: 189.063 MiB, 11.16% gc time)


  0.101249 seconds (721.13 k allocations: 189.062 MiB, 12.77% gc time)


  0.099071 seconds (721.14 k allocations: 189.062 MiB, 11.20% gc time)


  0.099218 seconds (721.14 k allocations: 189.062 MiB, 11.15% gc time)


  0.098806 seconds (721.15 k allocations: 189.062 MiB, 10.68% gc time)


  0.099412 seconds (721.14 k allocations: 189.061 MiB, 11.25% gc time)


  0.101560 seconds (721.15 k allocations: 189.063 MiB, 12.94% gc time)


  0.099130 seconds (721.15 k allocations: 189.063 MiB, 11.27% gc time)


  0.099407 seconds (721.13 k allocations: 189.061 MiB, 11.29% gc time)


  0.101698 seconds (721.15 k allocations: 189.062 MiB, 13.02% gc time)


  0.099415 seconds (721.14 k allocations: 189.062 MiB, 11.28% gc time)


Numero de qubits: 56 
Threads (LinearAlgebra) :15
Threads (Julia) :1


  0.124331 seconds (735.76 k allocations: 193.044 MiB, 20.16% gc time)


  0.102225 seconds (735.74 k allocations: 193.043 MiB, 10.61% gc time)


  0.100510 seconds (735.76 k allocations: 193.045 MiB, 9.98% gc time)


  0.101861 seconds (735.76 k allocations: 193.044 MiB, 11.43% gc time)


  0.101940 seconds (735.76 k allocations: 193.045 MiB, 11.55% gc time)


  0.101818 seconds (735.76 k allocations: 193.045 MiB, 11.50% gc time)


  0.102035 seconds (735.77 k allocations: 193.045 MiB, 11.31% gc time)


  0.101741 seconds (735.75 k allocations: 193.044 MiB, 11.33% gc time)


  0.101907 seconds (735.76 k allocations: 193.044 MiB, 11.40% gc time)


  0.104055 seconds (735.74 k allocations: 193.043 MiB, 13.03% gc time)


  0.101657 seconds (735.76 k allocations: 193.044 MiB, 11.33% gc time)


  0.103980 seconds (735.76 k allocations: 193.044 MiB, 13.18% gc time)


  0.101501 seconds (735.77 k allocations: 193.045 MiB, 11.37% gc time)


  0.101495 seconds (735.76 k allocations: 193.044 MiB, 11.33% gc time)


  0.101775 seconds (735.75 k allocations: 193.043 MiB, 11.48% gc time)


  0.101759 seconds (735.74 k allocations: 193.043 MiB, 11.41% gc time)


  0.101405 seconds (735.77 k allocations: 193.045 MiB, 11.03% gc time)


  0.101682 seconds (735.77 k allocations: 193.045 MiB, 11.43% gc time)


  0.104167 seconds (735.74 k allocations: 193.043 MiB, 13.34% gc time)


  0.101772 seconds (735.76 k allocations: 193.044 MiB, 11.56% gc time)


  0.101945 seconds (735.76 k allocations: 193.044 MiB, 11.51% gc time)


Numero de qubits: 57 
Threads (LinearAlgebra) :15
Threads (Julia) :1


  0.111533 seconds (752.68 k allocations: 196.998 MiB, 12.55% gc time)


  0.104111 seconds (752.67 k allocations: 196.998 MiB, 11.34% gc time)


  0.101750 seconds (752.68 k allocations: 196.999 MiB, 9.70% gc time)


  0.104360 seconds (752.67 k allocations: 196.998 MiB, 11.68% gc time)


  0.103952 seconds (752.67 k allocations: 196.998 MiB, 11.69% gc time)


  0.278810 seconds (752.66 k allocations: 196.998 MiB, 65.41% gc time)


  0.140177 seconds (752.68 k allocations: 196.998 MiB, 25.67% gc time)


  0.138683 seconds (752.70 k allocations: 197.000 MiB, 25.13% gc time)


  0.119641 seconds (752.68 k allocations: 196.999 MiB, 19.37% gc time)


  0.101289 seconds (752.69 k allocations: 196.999 MiB, 10.22% gc time)


  0.096128 seconds (752.67 k allocations: 196.998 MiB, 7.45% gc time)


  0.096058 seconds (752.68 k allocations: 196.999 MiB, 8.44% gc time)


  0.097313 seconds (752.66 k allocations: 196.998 MiB, 8.72% gc time)


  0.097241 seconds (752.67 k allocations: 196.998 MiB, 9.09% gc time)


  0.098651 seconds (752.69 k allocations: 196.999 MiB, 9.49% gc time)


  0.098958 seconds (752.67 k allocations: 196.998 MiB, 9.41% gc time)


  0.101023 seconds (752.68 k allocations: 196.999 MiB, 10.23% gc time)


  0.099300 seconds (752.69 k allocations: 196.999 MiB, 9.43% gc time)


  0.097868 seconds (752.67 k allocations: 196.998 MiB, 8.22% gc time)


  0.097647 seconds (752.68 k allocations: 196.998 MiB, 8.19% gc time)


  0.099497 seconds (752.67 k allocations: 196.998 MiB, 9.60% gc time)


Numero de qubits: 58 
Threads (LinearAlgebra) :15
Threads (Julia) :1


  0.116993 seconds (767.55 k allocations: 201.178 MiB, 13.25% gc time)


  0.101491 seconds (767.55 k allocations: 201.178 MiB, 8.38% gc time)


  0.101407 seconds (767.55 k allocations: 201.178 MiB, 8.78% gc time)


  0.100087 seconds (767.55 k allocations: 201.178 MiB, 8.32% gc time)


  0.100678 seconds (767.55 k allocations: 201.178 MiB, 8.37% gc time)


  0.100858 seconds (767.54 k allocations: 201.177 MiB, 8.50% gc time)


  0.100574 seconds (767.54 k allocations: 201.178 MiB, 8.51% gc time)


  0.100640 seconds (767.55 k allocations: 201.178 MiB, 8.42% gc time)


  0.100756 seconds (767.55 k allocations: 201.177 MiB, 8.49% gc time)


  0.100589 seconds (767.55 k allocations: 201.178 MiB, 8.33% gc time)


  0.100877 seconds (767.56 k allocations: 201.178 MiB, 8.50% gc time)


  0.100591 seconds (767.53 k allocations: 201.177 MiB, 8.52% gc time)


  0.101534 seconds (767.54 k allocations: 201.178 MiB, 8.81% gc time)


  0.100830 seconds (767.56 k allocations: 201.179 MiB, 8.64% gc time)


  0.101342 seconds (767.54 k allocations: 201.177 MiB, 8.74% gc time)


  0.101003 seconds (767.54 k allocations: 201.177 MiB, 8.64% gc time)


  0.101113 seconds (767.53 k allocations: 201.177 MiB, 8.67% gc time)


  0.101434 seconds (767.54 k allocations: 201.177 MiB, 8.75% gc time)


  0.100910 seconds (767.54 k allocations: 201.177 MiB, 8.76% gc time)


  0.101926 seconds (767.53 k allocations: 201.176 MiB, 9.04% gc time)


  0.101564 seconds (767.54 k allocations: 201.177 MiB, 8.98% gc time)


Numero de qubits: 59 
Threads (LinearAlgebra) :15
Threads (Julia) :1


  0.112974 seconds (784.65 k allocations: 205.166 MiB, 11.11% gc time)


  0.107275 seconds (784.67 k allocations: 205.167 MiB, 11.36% gc time)


  0.104474 seconds (784.65 k allocations: 205.166 MiB, 9.23% gc time)


  0.105486 seconds (784.65 k allocations: 205.165 MiB, 10.38% gc time)


  0.105440 seconds (784.63 k allocations: 205.165 MiB, 10.32% gc time)


  0.104644 seconds (784.63 k allocations: 205.165 MiB, 9.26% gc time)


  0.105115 seconds (784.65 k allocations: 205.166 MiB, 9.28% gc time)


  0.104457 seconds (784.63 k allocations: 205.165 MiB, 8.77% gc time)


  0.105467 seconds (784.65 k allocations: 205.166 MiB, 10.48% gc time)


  0.104346 seconds (784.65 k allocations: 205.166 MiB, 9.09% gc time)


  0.104554 seconds (784.65 k allocations: 205.166 MiB, 9.08% gc time)


  0.104738 seconds (784.64 k allocations: 205.165 MiB, 9.27% gc time)


  0.105066 seconds (784.64 k allocations: 205.165 MiB, 9.41% gc time)


  0.104548 seconds (784.63 k allocations: 205.165 MiB, 9.16% gc time)


  0.104609 seconds (784.64 k allocations: 205.165 MiB, 9.16% gc time)


  0.104993 seconds (784.64 k allocations: 205.165 MiB, 9.41% gc time)


  0.104552 seconds (784.66 k allocations: 205.167 MiB, 9.15% gc time)


  0.106083 seconds (784.65 k allocations: 205.165 MiB, 10.60% gc time)


  0.105530 seconds (784.64 k allocations: 205.165 MiB, 10.64% gc time)


  0.106270 seconds (784.63 k allocations: 205.164 MiB, 10.71% gc time)


  0.107171 seconds (784.65 k allocations: 205.166 MiB, 11.22% gc time)


Numero de qubits: 60 
Threads (LinearAlgebra) :15
Threads (Julia) :1


  0.115110 seconds (799.59 k allocations: 209.253 MiB, 11.18% gc time)


  0.110737 seconds (799.61 k allocations: 209.254 MiB, 12.18% gc time)


  0.109149 seconds (799.61 k allocations: 209.254 MiB, 11.32% gc time)


  0.107021 seconds (799.61 k allocations: 209.254 MiB, 9.68% gc time)


  0.106708 seconds (799.60 k allocations: 209.254 MiB, 9.37% gc time)


  0.107442 seconds (799.58 k allocations: 209.253 MiB, 9.91% gc time)


  0.106723 seconds (799.59 k allocations: 209.253 MiB, 9.69% gc time)


  0.107304 seconds (799.62 k allocations: 209.255 MiB, 9.91% gc time)


  0.107524 seconds (799.61 k allocations: 209.254 MiB, 9.83% gc time)


  0.107201 seconds (799.62 k allocations: 209.255 MiB, 9.86% gc time)


  0.107492 seconds (799.62 k allocations: 209.255 MiB, 9.86% gc time)


  0.107266 seconds (799.60 k allocations: 209.254 MiB, 9.80% gc time)


  0.107219 seconds (799.60 k allocations: 209.254 MiB, 9.86% gc time)


  0.106744 seconds (799.61 k allocations: 209.254 MiB, 9.72% gc time)


  0.108831 seconds (799.62 k allocations: 209.255 MiB, 11.15% gc time)


  0.109506 seconds (799.60 k allocations: 209.254 MiB, 11.48% gc time)


  0.108648 seconds (799.60 k allocations: 209.254 MiB, 11.25% gc time)


  0.108854 seconds (799.62 k allocations: 209.255 MiB, 11.53% gc time)


  0.109385 seconds (799.59 k allocations: 209.253 MiB, 11.61% gc time)


  0.108757 seconds (799.60 k allocations: 209.254 MiB, 11.37% gc time)


  0.109961 seconds (799.62 k allocations: 209.254 MiB, 11.78% gc time)


