Numero de qubits: 20 
Threads (LinearAlgebra) :15
Threads (Julia) :1


 53.692038 seconds (91.82 M allocations: 34.509 GiB, 11.96% gc time, 40.94% compilation time)


 31.396256 seconds (1.82 M allocations: 30.052 GiB, 16.79% gc time, 0.90% compilation time)


 30.702888 seconds (925.91 k allocations: 30.018 GiB, 17.49% gc time)


 31.144456 seconds (925.91 k allocations: 30.006 GiB, 17.22% gc time)


 31.063590 seconds (925.89 k allocations: 30.006 GiB, 17.24% gc time)


 31.166812 seconds (925.89 k allocations: 30.006 GiB, 17.11% gc time)


 30.540559 seconds (925.90 k allocations: 30.017 GiB, 17.51% gc time)


 31.069200 seconds (925.91 k allocations: 30.006 GiB, 17.12% gc time)


 30.639463 seconds (925.91 k allocations: 30.017 GiB, 17.54% gc time)


 30.448793 seconds (925.91 k allocations: 30.018 GiB, 17.09% gc time)


 31.004027 seconds (925.91 k allocations: 30.006 GiB, 16.74% gc time)


 31.127341 seconds (925.92 k allocations: 30.006 GiB, 17.14% gc time)


 30.414690 seconds (925.90 k allocations: 30.017 GiB, 17.49% gc time)


 30.549114 seconds (925.90 k allocations: 30.018 GiB, 17.38% gc time)


 30.345671 seconds (925.89 k allocations: 30.017 GiB, 17.04% gc time)


 30.510629 seconds (925.89 k allocations: 30.018 GiB, 17.03% gc time)


 30.979679 seconds (925.93 k allocations: 30.006 GiB, 16.69% gc time)


 31.221696 seconds (925.91 k allocations: 30.006 GiB, 17.03% gc time)


 31.070846 seconds (925.91 k allocations: 30.006 GiB, 16.70% gc time)


 31.366381 seconds (925.90 k allocations: 30.006 GiB, 16.90% gc time)


 31.189797 seconds (925.92 k allocations: 30.006 GiB, 16.53% gc time)


Numero de qubits: 21 
Threads (LinearAlgebra) :15
Threads (Julia) :1


 51.139306 seconds (978.66 k allocations: 48.154 GiB, 15.49% gc time)


 51.271848 seconds (978.68 k allocations: 48.154 GiB, 15.43% gc time)


 50.969005 seconds (978.66 k allocations: 48.154 GiB, 15.46% gc time)


 51.141181 seconds (978.65 k allocations: 48.154 GiB, 15.46% gc time)


 51.254625 seconds (978.65 k allocations: 48.154 GiB, 15.47% gc time)


 51.280277 seconds (978.67 k allocations: 48.154 GiB, 15.70% gc time)


 50.670859 seconds (978.68 k allocations: 48.154 GiB, 15.36% gc time)


 50.905194 seconds (978.67 k allocations: 48.154 GiB, 15.28% gc time)


 50.709240 seconds (978.66 k allocations: 48.154 GiB, 15.07% gc time)


 50.903174 seconds (978.67 k allocations: 48.154 GiB, 15.23% gc time)


 50.836191 seconds (978.66 k allocations: 48.154 GiB, 15.29% gc time)


 51.207492 seconds (978.65 k allocations: 48.154 GiB, 15.52% gc time)


 50.930710 seconds (978.65 k allocations: 48.154 GiB, 15.34% gc time)


 50.931117 seconds (978.65 k allocations: 48.154 GiB, 15.47% gc time)


 51.112951 seconds (978.66 k allocations: 48.154 GiB, 15.50% gc time)


 51.125002 seconds (978.67 k allocations: 48.154 GiB, 15.34% gc time)


 51.080510 seconds (978.67 k allocations: 48.154 GiB, 15.50% gc time)


 50.988665 seconds (978.68 k allocations: 48.154 GiB, 15.47% gc time)


 51.160077 seconds (978.67 k allocations: 48.154 GiB, 15.48% gc time)


 51.129318 seconds (978.68 k allocations: 48.154 GiB, 15.48% gc time)


 51.155533 seconds (978.66 k allocations: 48.154 GiB, 15.45% gc time)


