Numero de qubits: 15 
Threads (LinearAlgebra) :5
Threads (Julia) :1


 22.167160 seconds (90.18 M allocations: 5.239 GiB, 4.24% gc time, 97.08% compilation time)


  1.016815 seconds (1.39 M allocations: 862.736 MiB, 17.77% gc time, 24.12% compilation time)


  0.599013 seconds (506.42 k allocations: 816.757 MiB, 4.53% gc time)


  1.329356 seconds (1.74 M allocations: 880.249 MiB, 14.60% gc time, 41.68% compilation time)


  0.589853 seconds (506.41 k allocations: 816.756 MiB, 3.86% gc time)


  0.758354 seconds (506.41 k allocations: 816.755 MiB, 22.35% gc time)


  0.561573 seconds (506.40 k allocations: 816.755 MiB, 3.25% gc time)


  0.573975 seconds (506.43 k allocations: 816.757 MiB, 4.00% gc time)


  0.739156 seconds (506.40 k allocations: 816.755 MiB, 23.01% gc time)


  0.595646 seconds (506.41 k allocations: 816.755 MiB, 4.39% gc time)


  0.759232 seconds (506.41 k allocations: 816.755 MiB, 23.91% gc time)


  0.593863 seconds (506.40 k allocations: 816.755 MiB, 4.10% gc time)


  0.738217 seconds (506.41 k allocations: 816.756 MiB, 23.21% gc time)


  0.594360 seconds (506.40 k allocations: 816.755 MiB, 3.42% gc time)


  0.592606 seconds (506.41 k allocations: 816.755 MiB, 3.96% gc time)


  0.752779 seconds (506.42 k allocations: 816.756 MiB, 24.19% gc time)


  0.588572 seconds (506.42 k allocations: 816.756 MiB, 3.80% gc time)


  0.742487 seconds (506.43 k allocations: 816.757 MiB, 22.61% gc time)


  0.591824 seconds (506.42 k allocations: 816.756 MiB, 4.30% gc time)


  0.592171 seconds (506.42 k allocations: 816.756 MiB, 3.91% gc time)


  0.729878 seconds (506.42 k allocations: 816.756 MiB, 20.41% gc time)


Numero de qubits: 16 
Threads (LinearAlgebra) :5
Threads (Julia) :1


  1.533868 seconds (544.54 k allocations: 1.633 GiB, 12.37% gc time)


  1.630269 seconds (544.54 k allocations: 1.633 GiB, 20.11% gc time)


  1.476335 seconds (544.55 k allocations: 1.633 GiB, 12.31% gc time)


  1.485109 seconds (544.56 k allocations: 1.633 GiB, 13.48% gc time)


  1.585650 seconds (544.53 k allocations: 1.633 GiB, 20.22% gc time)


  1.474305 seconds (544.54 k allocations: 1.633 GiB, 13.21% gc time)


  1.604545 seconds (544.56 k allocations: 1.633 GiB, 20.36% gc time)


  1.445662 seconds (544.53 k allocations: 1.633 GiB, 12.15% gc time)


  1.479953 seconds (544.54 k allocations: 1.633 GiB, 12.39% gc time)


  1.629140 seconds (544.55 k allocations: 1.633 GiB, 20.15% gc time)


  1.478449 seconds (544.55 k allocations: 1.633 GiB, 12.20% gc time)


  1.631662 seconds (544.54 k allocations: 1.633 GiB, 21.01% gc time)


  1.465485 seconds (544.55 k allocations: 1.633 GiB, 12.53% gc time)


  1.462398 seconds (544.54 k allocations: 1.633 GiB, 12.52% gc time)


  1.603000 seconds (544.54 k allocations: 1.633 GiB, 20.29% gc time)


  1.461849 seconds (544.55 k allocations: 1.633 GiB, 13.10% gc time)


  1.639301 seconds (544.56 k allocations: 1.633 GiB, 20.85% gc time)


  1.495675 seconds (544.53 k allocations: 1.633 GiB, 12.13% gc time)


  1.461511 seconds (544.55 k allocations: 1.633 GiB, 12.75% gc time)


  1.673279 seconds (544.54 k allocations: 1.633 GiB, 20.42% gc time)


  1.514084 seconds (544.55 k allocations: 1.633 GiB, 12.27% gc time)


Numero de qubits: 17 
Threads (LinearAlgebra) :5
Threads (Julia) :1


  2.502128 seconds (584.82 k allocations: 2.521 GiB, 19.99% gc time)


  2.293488 seconds (584.82 k allocations: 2.521 GiB, 14.57% gc time)


  2.439598 seconds (584.81 k allocations: 2.521 GiB, 19.90% gc time)


  2.350015 seconds (584.84 k allocations: 2.521 GiB, 15.46% gc time)


  2.449482 seconds (584.83 k allocations: 2.521 GiB, 20.18% gc time)


  2.290157 seconds (584.83 k allocations: 2.521 GiB, 14.85% gc time)


  2.429457 seconds (584.83 k allocations: 2.521 GiB, 20.62% gc time)


  2.264286 seconds (584.83 k allocations: 2.521 GiB, 14.97% gc time)


  2.441142 seconds (584.83 k allocations: 2.521 GiB, 20.27% gc time)


  2.271045 seconds (584.82 k allocations: 2.521 GiB, 14.63% gc time)


  2.436015 seconds (584.82 k allocations: 2.521 GiB, 20.10% gc time)


  2.325402 seconds (584.83 k allocations: 2.521 GiB, 14.55% gc time)


  2.472935 seconds (584.85 k allocations: 2.521 GiB, 19.91% gc time)


  2.271275 seconds (584.83 k allocations: 2.521 GiB, 14.72% gc time)


  2.446677 seconds (584.83 k allocations: 2.521 GiB, 20.36% gc time)


  2.273679 seconds (584.83 k allocations: 2.521 GiB, 14.69% gc time)


  2.461594 seconds (584.84 k allocations: 2.521 GiB, 20.24% gc time)


  2.341231 seconds (584.82 k allocations: 2.521 GiB, 15.44% gc time)


  2.482619 seconds (584.81 k allocations: 2.521 GiB, 20.92% gc time)


  2.295100 seconds (584.83 k allocations: 2.521 GiB, 14.58% gc time)


  2.432581 seconds (584.81 k allocations: 2.521 GiB, 20.50% gc time)


Numero de qubits: 18 
Threads (LinearAlgebra) :5
Threads (Julia) :1


  5.884574 seconds (626.56 k allocations: 5.342 GiB, 16.32% gc time)


  5.877068 seconds (626.56 k allocations: 5.342 GiB, 16.13% gc time)


  5.818966 seconds (626.56 k allocations: 5.342 GiB, 16.48% gc time)


  5.824736 seconds (626.57 k allocations: 5.342 GiB, 16.36% gc time)


  6.000343 seconds (626.56 k allocations: 5.342 GiB, 18.46% gc time)


  5.853735 seconds (626.54 k allocations: 5.342 GiB, 16.63% gc time)


  5.849649 seconds (626.58 k allocations: 5.342 GiB, 16.26% gc time)


  6.032389 seconds (626.56 k allocations: 5.342 GiB, 18.43% gc time)


  5.819062 seconds (626.55 k allocations: 5.342 GiB, 16.45% gc time)


  6.073068 seconds (626.56 k allocations: 5.342 GiB, 18.62% gc time)


  5.857294 seconds (626.56 k allocations: 5.342 GiB, 16.49% gc time)


  5.832297 seconds (626.54 k allocations: 5.342 GiB, 16.30% gc time)


  6.019794 seconds (626.57 k allocations: 5.342 GiB, 18.36% gc time)


  5.805924 seconds (626.58 k allocations: 5.342 GiB, 16.26% gc time)


  5.797942 seconds (626.57 k allocations: 5.342 GiB, 16.21% gc time)


  5.844303 seconds (626.56 k allocations: 5.342 GiB, 16.74% gc time)


  5.981377 seconds (626.56 k allocations: 5.342 GiB, 18.58% gc time)


  5.808208 seconds (626.54 k allocations: 5.342 GiB, 16.33% gc time)


  5.910522 seconds (626.57 k allocations: 5.342 GiB, 17.03% gc time)


  6.041855 seconds (626.55 k allocations: 5.342 GiB, 18.35% gc time)


  5.819449 seconds (626.58 k allocations: 5.342 GiB, 16.49% gc time)


Numero de qubits: 19 
Threads (LinearAlgebra) :5
Threads (Julia) :1


  9.261967 seconds (667.54 k allocations: 8.377 GiB, 16.93% gc time)


  9.342262 seconds (667.52 k allocations: 8.377 GiB, 16.97% gc time)


  9.325056 seconds (667.54 k allocations: 8.377 GiB, 16.82% gc time)


  9.331344 seconds (667.53 k allocations: 8.377 GiB, 16.93% gc time)


  9.331551 seconds (667.53 k allocations: 8.377 GiB, 16.75% gc time)


  9.379238 seconds (667.53 k allocations: 8.377 GiB, 16.92% gc time)


  9.376534 seconds (667.54 k allocations: 8.377 GiB, 16.82% gc time)


  9.400443 seconds (667.52 k allocations: 8.377 GiB, 17.14% gc time)


  9.313335 seconds (667.54 k allocations: 8.377 GiB, 16.78% gc time)


  9.325748 seconds (667.55 k allocations: 8.377 GiB, 17.00% gc time)


  9.329780 seconds (667.54 k allocations: 8.377 GiB, 16.90% gc time)


  9.225927 seconds (667.54 k allocations: 8.377 GiB, 16.83% gc time)


  9.467772 seconds (667.53 k allocations: 8.377 GiB, 18.10% gc time)


  9.322408 seconds (667.52 k allocations: 8.377 GiB, 16.87% gc time)


  9.501066 seconds (667.54 k allocations: 8.377 GiB, 18.09% gc time)


  9.326311 seconds (667.55 k allocations: 8.377 GiB, 17.14% gc time)


  9.436548 seconds (667.53 k allocations: 8.377 GiB, 18.32% gc time)


  9.279806 seconds (667.54 k allocations: 8.377 GiB, 17.08% gc time)


  9.318596 seconds (667.53 k allocations: 8.377 GiB, 16.79% gc time)


  9.278577 seconds (667.54 k allocations: 8.377 GiB, 16.76% gc time)


  9.344273 seconds (667.53 k allocations: 8.377 GiB, 17.01% gc time)


Numero de qubits: 20 
Threads (LinearAlgebra) :5
Threads (Julia) :1


 26.572978 seconds (720.66 k allocations: 18.107 GiB, 13.64% gc time)


 26.392393 seconds (720.65 k allocations: 18.107 GiB, 13.38% gc time)


 26.509418 seconds (720.67 k allocations: 18.107 GiB, 13.97% gc time)


 26.507131 seconds (720.67 k allocations: 18.107 GiB, 14.12% gc time)


 26.244445 seconds (720.66 k allocations: 18.107 GiB, 13.47% gc time)


 25.502648 seconds (720.66 k allocations: 18.119 GiB, 14.07% gc time)


 26.439363 seconds (720.66 k allocations: 18.107 GiB, 13.50% gc time)


 26.214502 seconds (720.66 k allocations: 18.107 GiB, 14.21% gc time)


 26.370973 seconds (720.65 k allocations: 18.107 GiB, 13.51% gc time)


 26.232292 seconds (720.67 k allocations: 18.107 GiB, 13.73% gc time)


 26.395141 seconds (720.65 k allocations: 18.107 GiB, 13.97% gc time)


 26.573297 seconds (720.67 k allocations: 18.107 GiB, 14.16% gc time)


 26.560174 seconds (720.66 k allocations: 18.107 GiB, 13.88% gc time)


 26.531415 seconds (720.64 k allocations: 18.107 GiB, 14.08% gc time)


 25.361623 seconds (720.64 k allocations: 18.118 GiB, 14.06% gc time)


 26.561390 seconds (720.66 k allocations: 18.107 GiB, 13.96% gc time)


 25.528901 seconds (720.66 k allocations: 18.118 GiB, 14.18% gc time)


 25.453436 seconds (720.65 k allocations: 18.119 GiB, 13.98% gc time)


 26.463258 seconds (720.66 k allocations: 18.107 GiB, 13.43% gc time)


 25.427514 seconds (720.64 k allocations: 18.119 GiB, 13.48% gc time)


 26.396735 seconds (720.67 k allocations: 18.107 GiB, 13.54% gc time)


