Numero de qubits: 20 
Threads (LinearAlgebra) :15
Threads (Julia) :1


 81.875588 seconds (89.15 M allocations: 52.213 GiB, 12.34% gc time, 25.74% compilation time)


 58.327378 seconds (1.23 M allocations: 47.867 GiB, 15.29% gc time)


 55.317560 seconds (1.23 M allocations: 47.865 GiB, 15.69% gc time)


 56.769218 seconds (3.87 M allocations: 47.983 GiB, 15.07% gc time, 0.99% compilation time)


 59.345603 seconds (1.23 M allocations: 47.855 GiB, 14.63% gc time)


 63.702843 seconds (1.23 M allocations: 47.855 GiB, 17.38% gc time)


 60.479074 seconds (1.23 M allocations: 47.855 GiB, 14.55% gc time)


 58.544688 seconds (1.23 M allocations: 47.855 GiB, 15.14% gc time)


 55.369610 seconds (1.23 M allocations: 47.867 GiB, 15.77% gc time)


 56.171013 seconds (1.23 M allocations: 47.855 GiB, 15.39% gc time)


 57.718174 seconds (1.23 M allocations: 47.865 GiB, 15.19% gc time)


 59.015707 seconds (1.23 M allocations: 47.855 GiB, 14.57% gc time)


 59.103471 seconds (1.23 M allocations: 47.855 GiB, 14.58% gc time)


 59.442700 seconds (1.23 M allocations: 47.855 GiB, 15.04% gc time)


 58.764758 seconds (1.23 M allocations: 47.865 GiB, 15.27% gc time)


 59.111980 seconds (1.23 M allocations: 47.855 GiB, 14.77% gc time)


 58.251638 seconds (1.23 M allocations: 47.865 GiB, 14.72% gc time)


 59.217554 seconds (1.23 M allocations: 47.855 GiB, 14.49% gc time)


 58.781980 seconds (1.23 M allocations: 47.865 GiB, 14.83% gc time)


 59.712395 seconds (1.23 M allocations: 47.855 GiB, 14.84% gc time)


 58.995806 seconds (1.23 M allocations: 47.876 GiB, 14.84% gc time)


Numero de qubits: 21 
Threads (LinearAlgebra) :15
Threads (Julia) :1


100.437485 seconds (1.30 M allocations: 78.556 GiB, 14.01% gc time)


 99.325624 seconds (1.30 M allocations: 78.556 GiB, 14.25% gc time)


100.043935 seconds (1.30 M allocations: 78.556 GiB, 14.08% gc time)


103.587581 seconds (2.54 M allocations: 78.618 GiB, 13.72% gc time, 0.53% compilation time)


103.850918 seconds (1.30 M allocations: 78.556 GiB, 13.66% gc time)


109.352985 seconds (1.30 M allocations: 78.556 GiB, 15.93% gc time)


 99.016734 seconds (1.30 M allocations: 78.556 GiB, 14.65% gc time)


100.977387 seconds (1.30 M allocations: 78.556 GiB, 13.81% gc time)


102.199264 seconds (1.30 M allocations: 78.556 GiB, 13.70% gc time)


103.046077 seconds (1.30 M allocations: 78.556 GiB, 13.69% gc time)


103.295270 seconds (1.30 M allocations: 78.556 GiB, 13.57% gc time)


 87.138349 seconds (1.30 M allocations: 78.556 GiB, 15.02% gc time)


 79.918449 seconds (1.30 M allocations: 78.556 GiB, 16.16% gc time)


 83.005443 seconds (1.30 M allocations: 78.556 GiB, 15.62% gc time)


 95.635534 seconds (1.30 M allocations: 78.556 GiB, 13.86% gc time)


 98.962889 seconds (1.30 M allocations: 78.556 GiB, 13.75% gc time)


 95.468476 seconds (1.30 M allocations: 78.556 GiB, 14.06% gc time)


 94.396981 seconds (1.30 M allocations: 78.556 GiB, 14.19% gc time)


 94.209831 seconds (1.30 M allocations: 78.556 GiB, 14.09% gc time)


 96.922877 seconds (1.30 M allocations: 78.556 GiB, 13.95% gc time)


 98.263410 seconds (1.30 M allocations: 78.556 GiB, 14.05% gc time)


