Numero de qubits: 20 
Threads (LinearAlgebra) :8
Threads (Julia) :1


 43.227367 seconds (88.64 M allocations: 22.466 GiB, 9.66% gc time, 48.98% compilation time)


 21.193033 seconds (720.66 k allocations: 18.107 GiB, 13.79% gc time)


 21.467998 seconds (720.67 k allocations: 18.107 GiB, 14.32% gc time)


 22.731233 seconds (4.60 M allocations: 18.298 GiB, 13.72% gc time, 4.88% compilation time)


 21.499681 seconds (720.67 k allocations: 18.107 GiB, 13.86% gc time)


 21.498938 seconds (720.67 k allocations: 18.107 GiB, 14.46% gc time)


 21.477223 seconds (720.67 k allocations: 18.107 GiB, 14.40% gc time)


 21.539879 seconds (720.67 k allocations: 18.107 GiB, 14.32% gc time)


 20.915206 seconds (720.65 k allocations: 18.119 GiB, 15.25% gc time)


 21.409061 seconds (720.66 k allocations: 18.107 GiB, 14.43% gc time)


 21.551539 seconds (720.67 k allocations: 18.107 GiB, 14.16% gc time)


 20.858372 seconds (720.65 k allocations: 18.119 GiB, 14.75% gc time)


 21.350247 seconds (720.66 k allocations: 18.107 GiB, 13.80% gc time)


 21.374640 seconds (720.66 k allocations: 18.107 GiB, 14.26% gc time)


 20.749941 seconds (720.64 k allocations: 18.118 GiB, 14.72% gc time)


 21.446177 seconds (720.66 k allocations: 18.107 GiB, 14.39% gc time)


 21.598108 seconds (720.67 k allocations: 18.107 GiB, 14.16% gc time)


 21.494964 seconds (720.65 k allocations: 18.107 GiB, 14.37% gc time)


 21.375064 seconds (720.66 k allocations: 18.107 GiB, 13.93% gc time)


 21.598114 seconds (720.66 k allocations: 18.107 GiB, 14.87% gc time)


 21.560194 seconds (720.65 k allocations: 18.107 GiB, 14.23% gc time)


