Numero de qubits: 20 
Threads (LinearAlgebra) :15
Threads (Julia) :1


 21.348288 seconds (88.24 M allocations: 4.533 GiB, 4.15% gc time, 99.06% compilation time)


  0.119806 seconds (318.57 k allocations: 178.386 MiB, 9.68% gc time)


  0.110143 seconds (318.56 k allocations: 178.385 MiB, 5.81% gc time)


  0.110025 seconds (318.56 k allocations: 178.386 MiB, 5.66% gc time)


  0.110456 seconds (318.56 k allocations: 178.385 MiB, 6.14% gc time)


  0.686047 seconds (2.96 M allocations: 309.499 MiB, 3.39% gc time, 81.55% compilation time)


  0.111040 seconds (318.56 k allocations: 178.385 MiB, 6.56% gc time)


  0.668713 seconds (1.55 M allocations: 241.878 MiB, 2.65% gc time, 82.02% compilation time)


  0.112067 seconds (318.56 k allocations: 178.385 MiB, 6.87% gc time)


  0.109973 seconds (318.55 k allocations: 178.385 MiB, 6.27% gc time)


  0.110939 seconds (318.55 k allocations: 178.384 MiB, 6.06% gc time)


  0.293820 seconds (318.56 k allocations: 178.385 MiB, 58.37% gc time)


  0.115044 seconds (318.56 k allocations: 178.385 MiB, 4.70% gc time)


  0.107496 seconds (318.56 k allocations: 178.386 MiB, 5.08% gc time)


  0.112253 seconds (318.55 k allocations: 178.384 MiB, 4.90% gc time)


  0.106166 seconds (318.56 k allocations: 178.385 MiB, 4.29% gc time)


  0.108482 seconds (318.55 k allocations: 178.385 MiB, 4.72% gc time)


  0.108900 seconds (318.57 k allocations: 178.386 MiB, 5.52% gc time)


  0.109161 seconds (318.54 k allocations: 178.383 MiB, 5.60% gc time)


  0.109345 seconds (318.55 k allocations: 178.385 MiB, 5.68% gc time)


  0.109651 seconds (318.55 k allocations: 178.384 MiB, 5.85% gc time)


Numero de qubits: 21 
Threads (LinearAlgebra) :15
Threads (Julia) :1


  0.121249 seconds (337.67 k allocations: 188.441 MiB, 8.17% gc time)


  0.116436 seconds (337.67 k allocations: 188.441 MiB, 6.58% gc time)


  0.116077 seconds (337.69 k allocations: 188.442 MiB, 6.37% gc time)


  0.116251 seconds (337.67 k allocations: 188.441 MiB, 5.78% gc time)


  0.116408 seconds (337.67 k allocations: 188.441 MiB, 6.30% gc time)


  0.259089 seconds (337.67 k allocations: 188.441 MiB, 57.71% gc time)


  0.119662 seconds (337.68 k allocations: 188.441 MiB, 5.37% gc time)


  0.120735 seconds (337.68 k allocations: 188.442 MiB, 7.62% gc time)


  0.112688 seconds (337.68 k allocations: 188.442 MiB, 3.88% gc time)


  0.113705 seconds (337.69 k allocations: 188.442 MiB, 5.47% gc time)


  0.114925 seconds (337.67 k allocations: 188.441 MiB, 5.37% gc time)


  0.114759 seconds (337.69 k allocations: 188.442 MiB, 5.65% gc time)


  0.114655 seconds (337.67 k allocations: 188.441 MiB, 5.84% gc time)


  0.114339 seconds (337.67 k allocations: 188.441 MiB, 6.01% gc time)


  0.115407 seconds (337.67 k allocations: 188.441 MiB, 5.89% gc time)


  0.115046 seconds (337.68 k allocations: 188.442 MiB, 6.26% gc time)


  0.114797 seconds (337.67 k allocations: 188.441 MiB, 5.98% gc time)


  0.115591 seconds (337.67 k allocations: 188.441 MiB, 6.15% gc time)


  0.115296 seconds (337.67 k allocations: 188.441 MiB, 5.98% gc time)


  0.115144 seconds (337.68 k allocations: 188.442 MiB, 5.65% gc time)


  0.278045 seconds (337.67 k allocations: 188.440 MiB, 60.56% gc time)


Numero de qubits: 22 
Threads (LinearAlgebra) :15
Threads (Julia) :1


  0.137468 seconds (354.34 k allocations: 207.351 MiB, 7.08% gc time)


  0.132320 seconds (354.35 k allocations: 207.350 MiB, 6.78% gc time)


  0.128603 seconds (354.35 k allocations: 207.351 MiB, 4.91% gc time)


  0.129689 seconds (354.35 k allocations: 207.351 MiB, 4.55% gc time)


  0.136585 seconds (354.34 k allocations: 207.351 MiB, 6.12% gc time)


  0.140778 seconds (354.36 k allocations: 207.351 MiB, 5.84% gc time)


  0.134541 seconds (354.34 k allocations: 207.350 MiB, 6.04% gc time)


  0.132684 seconds (354.35 k allocations: 207.350 MiB, 5.53% gc time)


  0.133858 seconds (354.35 k allocations: 207.351 MiB, 5.94% gc time)


  0.134357 seconds (354.33 k allocations: 207.350 MiB, 5.80% gc time)


  0.277511 seconds (354.35 k allocations: 207.351 MiB, 54.62% gc time)


  0.139603 seconds (354.34 k allocations: 207.351 MiB, 5.29% gc time)


  0.133156 seconds (354.34 k allocations: 207.351 MiB, 5.40% gc time)


  0.129572 seconds (354.33 k allocations: 207.350 MiB, 5.22% gc time)


  0.130213 seconds (354.35 k allocations: 207.351 MiB, 4.11% gc time)


  0.131671 seconds (354.35 k allocations: 207.351 MiB, 5.78% gc time)


  0.131993 seconds (354.34 k allocations: 207.350 MiB, 5.53% gc time)


  0.132831 seconds (354.34 k allocations: 207.350 MiB, 5.64% gc time)


  0.132221 seconds (354.34 k allocations: 207.351 MiB, 5.85% gc time)


  0.133019 seconds (354.35 k allocations: 207.352 MiB, 5.40% gc time)


  0.138851 seconds (354.35 k allocations: 207.351 MiB, 7.92% gc time)


Numero de qubits: 23 
Threads (LinearAlgebra) :15
Threads (Julia) :1


  0.151005 seconds (373.71 k allocations: 217.454 MiB, 8.99% gc time)


  0.296782 seconds (373.69 k allocations: 217.453 MiB, 56.83% gc time)


  0.136879 seconds (373.72 k allocations: 217.455 MiB, 5.42% gc time)


  0.132162 seconds (373.69 k allocations: 217.453 MiB, 5.82% gc time)


  0.134496 seconds (373.72 k allocations: 217.455 MiB, 4.99% gc time)


  0.137943 seconds (373.71 k allocations: 217.454 MiB, 5.27% gc time)


  0.138183 seconds (373.73 k allocations: 217.456 MiB, 6.11% gc time)


  0.137257 seconds (373.71 k allocations: 217.454 MiB, 5.69% gc time)


  0.138197 seconds (373.72 k allocations: 217.455 MiB, 6.15% gc time)


  0.137908 seconds (373.72 k allocations: 217.455 MiB, 5.64% gc time)


  0.139873 seconds (373.72 k allocations: 217.454 MiB, 6.14% gc time)


  0.138757 seconds (373.72 k allocations: 217.455 MiB, 5.71% gc time)


  0.292363 seconds (373.72 k allocations: 217.455 MiB, 51.07% gc time)


  0.150790 seconds (373.74 k allocations: 217.456 MiB, 6.29% gc time)


  0.138814 seconds (373.72 k allocations: 217.455 MiB, 5.88% gc time)


  0.137260 seconds (373.72 k allocations: 217.455 MiB, 5.39% gc time)


  0.139582 seconds (373.72 k allocations: 217.455 MiB, 5.98% gc time)


  0.137346 seconds (373.72 k allocations: 217.455 MiB, 5.55% gc time)


  0.136919 seconds (373.74 k allocations: 217.456 MiB, 5.85% gc time)


  0.138897 seconds (373.72 k allocations: 217.455 MiB, 5.67% gc time)


  0.139412 seconds (373.71 k allocations: 217.453 MiB, 5.66% gc time)


Numero de qubits: 24 
Threads (LinearAlgebra) :15
Threads (Julia) :1


  0.161930 seconds (390.29 k allocations: 234.354 MiB, 10.63% gc time)


  0.147544 seconds (390.29 k allocations: 234.353 MiB, 6.08% gc time)


  0.297999 seconds (390.29 k allocations: 234.354 MiB, 54.38% gc time)


  0.150166 seconds (390.29 k allocations: 234.354 MiB, 5.18% gc time)


  0.142849 seconds (390.29 k allocations: 234.354 MiB, 5.53% gc time)


  0.146550 seconds (390.28 k allocations: 234.353 MiB, 6.09% gc time)


  0.147529 seconds (390.29 k allocations: 234.354 MiB, 5.33% gc time)


  0.146096 seconds (390.29 k allocations: 234.353 MiB, 5.91% gc time)


  0.146597 seconds (390.29 k allocations: 234.354 MiB, 6.25% gc time)


  0.146572 seconds (390.28 k allocations: 234.353 MiB, 5.98% gc time)


  0.146610 seconds (390.29 k allocations: 234.354 MiB, 6.26% gc time)


  0.295953 seconds (390.29 k allocations: 234.354 MiB, 53.30% gc time)


  0.152145 seconds (390.31 k allocations: 234.354 MiB, 6.79% gc time)


  0.149461 seconds (390.28 k allocations: 234.353 MiB, 6.28% gc time)


  0.144586 seconds (390.28 k allocations: 234.353 MiB, 5.38% gc time)


  0.144971 seconds (390.29 k allocations: 234.354 MiB, 5.08% gc time)


  0.147074 seconds (390.29 k allocations: 234.354 MiB, 5.90% gc time)


  0.146177 seconds (390.30 k allocations: 234.354 MiB, 6.16% gc time)


  0.146961 seconds (390.29 k allocations: 234.354 MiB, 5.82% gc time)


  0.146245 seconds (390.29 k allocations: 234.354 MiB, 5.99% gc time)


  0.165258 seconds (390.29 k allocations: 234.354 MiB, 15.97% gc time)


Numero de qubits: 25 
Threads (LinearAlgebra) :15
Threads (Julia) :1


  0.292268 seconds (409.91 k allocations: 244.505 MiB, 46.36% gc time)


  0.181166 seconds (409.91 k allocations: 244.505 MiB, 7.13% gc time)


  0.144551 seconds (409.92 k allocations: 244.505 MiB, 6.06% gc time)


  0.144381 seconds (409.91 k allocations: 244.505 MiB, 5.73% gc time)


  0.144385 seconds (409.93 k allocations: 244.506 MiB, 6.27% gc time)


  0.145270 seconds (409.93 k allocations: 244.506 MiB, 6.50% gc time)


  0.145437 seconds (409.92 k allocations: 244.505 MiB, 6.24% gc time)


  0.148592 seconds (409.92 k allocations: 244.505 MiB, 5.95% gc time)


  0.290786 seconds (409.93 k allocations: 244.506 MiB, 52.43% gc time)


  0.155574 seconds (409.92 k allocations: 244.505 MiB, 5.68% gc time)


  0.145113 seconds (409.92 k allocations: 244.505 MiB, 5.65% gc time)


  0.142000 seconds (409.91 k allocations: 244.505 MiB, 4.99% gc time)


  0.144453 seconds (409.92 k allocations: 244.504 MiB, 5.46% gc time)


  0.145134 seconds (409.92 k allocations: 244.505 MiB, 6.15% gc time)


  0.145134 seconds (409.93 k allocations: 244.505 MiB, 6.26% gc time)


  0.154600 seconds (409.91 k allocations: 244.505 MiB, 7.95% gc time)


  0.153713 seconds (409.91 k allocations: 244.504 MiB, 5.82% gc time)


  0.315764 seconds (409.91 k allocations: 244.505 MiB, 54.93% gc time)


  0.161227 seconds (409.92 k allocations: 244.505 MiB, 5.40% gc time)


  0.153822 seconds (409.92 k allocations: 244.505 MiB, 5.67% gc time)


  0.149834 seconds (409.93 k allocations: 244.505 MiB, 5.42% gc time)


Numero de qubits: 26 
Threads (LinearAlgebra) :15
Threads (Julia) :1


  0.171025 seconds (427.09 k allocations: 263.509 MiB, 7.02% gc time)


  0.169327 seconds (427.08 k allocations: 263.506 MiB, 6.02% gc time)


  0.167427 seconds (427.08 k allocations: 263.508 MiB, 5.80% gc time)


  0.168608 seconds (427.09 k allocations: 263.509 MiB, 5.87% gc time)


  0.315246 seconds (427.09 k allocations: 263.509 MiB, 48.73% gc time)


  0.177698 seconds (427.10 k allocations: 263.510 MiB, 7.17% gc time)


  0.174195 seconds (427.09 k allocations: 263.509 MiB, 7.13% gc time)


  0.168291 seconds (427.09 k allocations: 263.509 MiB, 5.61% gc time)


  0.168940 seconds (427.08 k allocations: 263.508 MiB, 5.28% gc time)


  0.168365 seconds (427.10 k allocations: 263.510 MiB, 5.59% gc time)


  0.168980 seconds (427.10 k allocations: 263.509 MiB, 5.87% gc time)


  0.173588 seconds (427.09 k allocations: 263.509 MiB, 5.60% gc time)


  0.344216 seconds (427.08 k allocations: 263.508 MiB, 49.89% gc time)


  0.185060 seconds (427.10 k allocations: 263.509 MiB, 7.27% gc time)


  0.167642 seconds (427.08 k allocations: 263.508 MiB, 4.60% gc time)


  0.168918 seconds (427.08 k allocations: 263.508 MiB, 5.54% gc time)


  0.169115 seconds (427.08 k allocations: 263.508 MiB, 5.64% gc time)


  0.169538 seconds (427.08 k allocations: 263.508 MiB, 5.95% gc time)


  0.172320 seconds (427.06 k allocations: 263.507 MiB, 5.99% gc time)


  0.173112 seconds (427.09 k allocations: 263.509 MiB, 6.04% gc time)


  0.318276 seconds (427.07 k allocations: 263.507 MiB, 47.45% gc time)


Numero de qubits: 27 
Threads (LinearAlgebra) :15
Threads (Julia) :1


  0.183938 seconds (446.98 k allocations: 273.707 MiB, 10.63% gc time)


  0.173075 seconds (446.97 k allocations: 273.707 MiB, 5.17% gc time)


  0.176594 seconds (446.97 k allocations: 273.707 MiB, 7.05% gc time)


  0.173957 seconds (446.97 k allocations: 273.707 MiB, 5.83% gc time)


  0.175129 seconds (446.98 k allocations: 273.707 MiB, 6.07% gc time)


  0.177316 seconds (446.98 k allocations: 273.708 MiB, 6.12% gc time)


  0.327998 seconds (446.97 k allocations: 273.707 MiB, 49.03% gc time)


  0.185013 seconds (446.99 k allocations: 273.708 MiB, 6.97% gc time)


  0.179503 seconds (446.98 k allocations: 273.707 MiB, 6.59% gc time)


  0.171605 seconds (446.96 k allocations: 273.707 MiB, 5.39% gc time)


  0.174168 seconds (446.97 k allocations: 273.707 MiB, 5.68% gc time)


  0.173539 seconds (446.99 k allocations: 273.708 MiB, 5.67% gc time)


  0.173980 seconds (446.96 k allocations: 273.706 MiB, 5.88% gc time)


  0.174956 seconds (446.97 k allocations: 273.707 MiB, 5.86% gc time)


  0.337798 seconds (446.98 k allocations: 273.707 MiB, 47.24% gc time)


  0.182193 seconds (446.97 k allocations: 273.707 MiB, 8.13% gc time)


  0.161907 seconds (446.99 k allocations: 273.708 MiB, 4.66% gc time)


  0.167149 seconds (446.97 k allocations: 273.707 MiB, 5.67% gc time)


  0.165560 seconds (446.96 k allocations: 273.706 MiB, 5.86% gc time)


  0.165968 seconds (446.97 k allocations: 273.707 MiB, 6.17% gc time)


  0.165969 seconds (446.97 k allocations: 273.706 MiB, 6.07% gc time)


Numero de qubits: 28 
Threads (LinearAlgebra) :15
Threads (Julia) :1


  0.356713 seconds (464.04 k allocations: 290.701 MiB, 48.55% gc time)


  0.164237 seconds (464.04 k allocations: 290.700 MiB, 3.53% gc time)


  0.168171 seconds (464.04 k allocations: 290.700 MiB, 4.65% gc time)


  0.172647 seconds (464.02 k allocations: 290.699 MiB, 5.64% gc time)


  0.173216 seconds (464.03 k allocations: 290.700 MiB, 6.03% gc time)


  0.172283 seconds (464.03 k allocations: 290.700 MiB, 5.90% gc time)


  0.310973 seconds (464.04 k allocations: 290.700 MiB, 48.88% gc time)


  0.175622 seconds (464.06 k allocations: 290.702 MiB, 5.44% gc time)


  0.174394 seconds (464.04 k allocations: 290.700 MiB, 7.54% gc time)


  0.172210 seconds (464.06 k allocations: 290.702 MiB, 4.70% gc time)


  0.173324 seconds (464.03 k allocations: 290.700 MiB, 5.97% gc time)


  0.173632 seconds (464.03 k allocations: 290.700 MiB, 5.97% gc time)


  0.174085 seconds (464.04 k allocations: 290.700 MiB, 6.11% gc time)


  0.314428 seconds (464.03 k allocations: 290.700 MiB, 48.42% gc time)


  0.179701 seconds (464.04 k allocations: 290.700 MiB, 8.29% gc time)


  0.179809 seconds (464.04 k allocations: 290.700 MiB, 8.01% gc time)


  0.179093 seconds (464.05 k allocations: 290.701 MiB, 5.57% gc time)


  0.175157 seconds (464.04 k allocations: 290.700 MiB, 5.86% gc time)


  0.175406 seconds (464.04 k allocations: 290.701 MiB, 6.15% gc time)


  0.328814 seconds (464.03 k allocations: 290.700 MiB, 50.01% gc time)


  0.179649 seconds (464.05 k allocations: 290.700 MiB, 7.53% gc time)


Numero de qubits: 29 
Threads (LinearAlgebra) :15
Threads (Julia) :1


  0.177585 seconds (484.18 k allocations: 300.946 MiB, 7.08% gc time)


  0.176225 seconds (484.19 k allocations: 300.947 MiB, 4.83% gc time)


  0.179170 seconds (484.19 k allocations: 300.947 MiB, 5.94% gc time)


  0.179072 seconds (484.19 k allocations: 300.947 MiB, 6.14% gc time)


  0.323246 seconds (484.19 k allocations: 300.946 MiB, 48.01% gc time)


  0.182929 seconds (484.18 k allocations: 300.946 MiB, 7.81% gc time)


  0.172019 seconds (484.19 k allocations: 300.947 MiB, 4.31% gc time)


  0.176385 seconds (484.19 k allocations: 300.947 MiB, 4.57% gc time)


  0.179891 seconds (484.19 k allocations: 300.947 MiB, 6.28% gc time)


  0.179755 seconds (484.20 k allocations: 300.947 MiB, 6.02% gc time)


  0.179287 seconds (484.19 k allocations: 300.947 MiB, 6.23% gc time)


  0.320321 seconds (484.19 k allocations: 300.947 MiB, 48.26% gc time)


  0.187667 seconds (484.19 k allocations: 300.947 MiB, 7.82% gc time)


  0.184892 seconds (484.18 k allocations: 300.947 MiB, 8.76% gc time)


  0.180870 seconds (484.17 k allocations: 300.946 MiB, 5.66% gc time)


  0.179345 seconds (484.17 k allocations: 300.945 MiB, 5.84% gc time)


  0.180226 seconds (484.19 k allocations: 300.947 MiB, 6.43% gc time)


  0.179609 seconds (484.19 k allocations: 300.947 MiB, 6.07% gc time)


  0.334092 seconds (484.19 k allocations: 300.947 MiB, 50.76% gc time)


  0.177918 seconds (484.19 k allocations: 300.947 MiB, 5.50% gc time)


  0.182359 seconds (484.18 k allocations: 300.947 MiB, 7.88% gc time)


Numero de qubits: 30 
Threads (LinearAlgebra) :15
Threads (Julia) :1


  0.198068 seconds (501.85 k allocations: 320.044 MiB, 6.95% gc time)


  0.196709 seconds (501.84 k allocations: 320.043 MiB, 6.27% gc time)


  0.195271 seconds (501.82 k allocations: 320.042 MiB, 6.12% gc time)


  0.333252 seconds (501.83 k allocations: 320.043 MiB, 46.21% gc time)


  0.191172 seconds (501.82 k allocations: 320.043 MiB, 4.34% gc time)


  0.193247 seconds (501.85 k allocations: 320.044 MiB, 5.73% gc time)


  0.196261 seconds (501.86 k allocations: 320.045 MiB, 5.64% gc time)


  0.196548 seconds (501.83 k allocations: 320.043 MiB, 6.37% gc time)


  0.198508 seconds (501.83 k allocations: 320.042 MiB, 6.21% gc time)


  0.342431 seconds (501.85 k allocations: 320.044 MiB, 46.70% gc time)


  0.205277 seconds (501.85 k allocations: 320.044 MiB, 8.63% gc time)


  0.192698 seconds (501.85 k allocations: 320.044 MiB, 4.85% gc time)


  0.197113 seconds (501.84 k allocations: 320.044 MiB, 6.30% gc time)


  0.195691 seconds (501.84 k allocations: 320.044 MiB, 6.07% gc time)


  0.361888 seconds (501.84 k allocations: 320.044 MiB, 48.66% gc time)


  0.201672 seconds (501.83 k allocations: 320.043 MiB, 7.86% gc time)


  0.187547 seconds (501.82 k allocations: 320.042 MiB, 4.14% gc time)


  0.194629 seconds (501.85 k allocations: 320.044 MiB, 5.03% gc time)


  0.196414 seconds (501.84 k allocations: 320.044 MiB, 5.93% gc time)


  0.195455 seconds (501.84 k allocations: 320.044 MiB, 6.04% gc time)


  0.335384 seconds (501.85 k allocations: 320.044 MiB, 46.23% gc time)


Numero de qubits: 31 
Threads (LinearAlgebra) :15
Threads (Julia) :1


  0.209639 seconds (522.24 k allocations: 330.337 MiB, 9.25% gc time)


  0.194661 seconds (522.25 k allocations: 330.338 MiB, 4.61% gc time)


  0.200604 seconds (522.24 k allocations: 330.337 MiB, 6.35% gc time)


  0.200601 seconds (522.27 k allocations: 330.338 MiB, 6.25% gc time)


  0.345919 seconds (522.24 k allocations: 330.337 MiB, 45.27% gc time)


  0.209376 seconds (522.25 k allocations: 330.338 MiB, 8.23% gc time)


  0.195988 seconds (522.25 k allocations: 330.338 MiB, 5.16% gc time)


  0.202268 seconds (522.26 k allocations: 330.338 MiB, 5.71% gc time)


  0.201639 seconds (522.24 k allocations: 330.337 MiB, 6.12% gc time)


  0.200233 seconds (522.26 k allocations: 330.338 MiB, 6.09% gc time)


  0.361277 seconds (522.25 k allocations: 330.338 MiB, 43.57% gc time)


  0.204362 seconds (522.24 k allocations: 330.337 MiB, 3.27% gc time)


  0.195934 seconds (522.25 k allocations: 330.338 MiB, 4.71% gc time)


  0.201909 seconds (522.24 k allocations: 330.337 MiB, 5.73% gc time)


  0.201362 seconds (522.25 k allocations: 330.338 MiB, 6.09% gc time)


  0.347293 seconds (522.24 k allocations: 330.337 MiB, 45.44% gc time)


  0.213879 seconds (522.27 k allocations: 330.339 MiB, 8.14% gc time)


  0.191897 seconds (522.25 k allocations: 330.338 MiB, 4.09% gc time)


  0.199277 seconds (522.26 k allocations: 330.338 MiB, 5.36% gc time)


  0.202977 seconds (522.26 k allocations: 330.338 MiB, 6.44% gc time)


  0.200704 seconds (522.25 k allocations: 330.338 MiB, 6.19% gc time)


Numero de qubits: 32 
Threads (LinearAlgebra) :15
Threads (Julia) :1


  0.359645 seconds (539.80 k allocations: 347.424 MiB, 45.20% gc time)


  0.230138 seconds (539.80 k allocations: 347.424 MiB, 10.53% gc time)


  0.216668 seconds (539.81 k allocations: 347.424 MiB, 9.29% gc time)


  0.208932 seconds (539.81 k allocations: 347.425 MiB, 5.88% gc time)


  0.208573 seconds (539.80 k allocations: 347.424 MiB, 6.11% gc time)


  0.208911 seconds (539.81 k allocations: 347.425 MiB, 6.52% gc time)


  0.349251 seconds (539.81 k allocations: 347.425 MiB, 44.02% gc time)


  0.210121 seconds (539.80 k allocations: 347.424 MiB, 7.18% gc time)


  0.216351 seconds (539.81 k allocations: 347.425 MiB, 7.27% gc time)


  0.211181 seconds (539.80 k allocations: 347.424 MiB, 6.07% gc time)


  0.209710 seconds (539.79 k allocations: 347.424 MiB, 6.31% gc time)


  0.354543 seconds (539.79 k allocations: 347.424 MiB, 45.77% gc time)


  0.207757 seconds (539.80 k allocations: 347.424 MiB, 6.12% gc time)


  0.213103 seconds (539.80 k allocations: 347.424 MiB, 7.60% gc time)


  0.208937 seconds (539.80 k allocations: 347.424 MiB, 5.86% gc time)


  0.208773 seconds (539.80 k allocations: 347.424 MiB, 6.21% gc time)


  0.348187 seconds (539.81 k allocations: 347.425 MiB, 44.69% gc time)


  0.217753 seconds (539.80 k allocations: 347.424 MiB, 7.36% gc time)


  0.212328 seconds (539.81 k allocations: 347.425 MiB, 7.63% gc time)


  0.208848 seconds (539.80 k allocations: 347.424 MiB, 5.63% gc time)


  0.208446 seconds (539.81 k allocations: 347.425 MiB, 6.11% gc time)


Numero de qubits: 33 
Threads (LinearAlgebra) :15
Threads (Julia) :1


  0.225146 seconds (560.48 k allocations: 357.767 MiB, 9.60% gc time)


  0.352717 seconds (560.47 k allocations: 357.766 MiB, 43.79% gc time)


  0.206555 seconds (560.47 k allocations: 357.765 MiB, 4.67% gc time)


  0.213578 seconds (560.47 k allocations: 357.766 MiB, 5.89% gc time)


  0.213314 seconds (560.46 k allocations: 357.765 MiB, 6.27% gc time)


  0.376177 seconds (560.48 k allocations: 357.767 MiB, 46.22% gc time)


  0.230671 seconds (560.46 k allocations: 357.765 MiB, 9.00% gc time)


  0.222655 seconds (560.48 k allocations: 357.766 MiB, 9.33% gc time)


  0.214023 seconds (560.46 k allocations: 357.766 MiB, 5.98% gc time)


  0.213674 seconds (560.46 k allocations: 357.766 MiB, 6.21% gc time)


  0.233146 seconds (560.47 k allocations: 357.766 MiB, 13.57% gc time)


  0.342273 seconds (560.46 k allocations: 357.766 MiB, 41.41% gc time)


  0.209535 seconds (560.46 k allocations: 357.765 MiB, 5.96% gc time)


  0.213910 seconds (560.46 k allocations: 357.765 MiB, 5.42% gc time)


  0.214058 seconds (560.46 k allocations: 357.766 MiB, 6.20% gc time)


  0.358535 seconds (560.49 k allocations: 357.767 MiB, 43.95% gc time)


  0.232746 seconds (560.47 k allocations: 357.765 MiB, 9.12% gc time)


  0.223462 seconds (560.46 k allocations: 357.765 MiB, 9.62% gc time)


  0.214506 seconds (560.46 k allocations: 357.765 MiB, 6.01% gc time)


  0.214487 seconds (560.48 k allocations: 357.766 MiB, 6.16% gc time)


  0.232941 seconds (560.46 k allocations: 357.766 MiB, 13.67% gc time)


Numero de qubits: 34 
Threads (LinearAlgebra) :15
Threads (Julia) :1


  0.373570 seconds (578.61 k allocations: 376.956 MiB, 40.73% gc time)


  0.232829 seconds (578.63 k allocations: 376.957 MiB, 6.86% gc time)


  0.230029 seconds (578.60 k allocations: 376.956 MiB, 6.20% gc time)


  0.229915 seconds (578.61 k allocations: 376.956 MiB, 6.33% gc time)


  0.392034 seconds (578.61 k allocations: 376.956 MiB, 44.72% gc time)


  0.229574 seconds (578.61 k allocations: 376.956 MiB, 6.23% gc time)


  0.232018 seconds (578.61 k allocations: 376.956 MiB, 5.60% gc time)


  0.230438 seconds (578.61 k allocations: 376.957 MiB, 6.20% gc time)


  0.368275 seconds (578.62 k allocations: 376.956 MiB, 42.34% gc time)


  0.235295 seconds (578.62 k allocations: 376.957 MiB, 6.79% gc time)


  0.225041 seconds (578.62 k allocations: 376.957 MiB, 4.88% gc time)


  0.231193 seconds (578.62 k allocations: 376.957 MiB, 6.00% gc time)


  0.230649 seconds (578.62 k allocations: 376.957 MiB, 6.15% gc time)


  0.366514 seconds (578.62 k allocations: 376.957 MiB, 41.85% gc time)


  0.236372 seconds (578.61 k allocations: 376.956 MiB, 8.33% gc time)


  0.231192 seconds (578.61 k allocations: 376.957 MiB, 6.03% gc time)


  0.230930 seconds (578.62 k allocations: 376.957 MiB, 6.04% gc time)


  0.373948 seconds (578.63 k allocations: 376.958 MiB, 42.12% gc time)


  0.251409 seconds (578.62 k allocations: 376.957 MiB, 8.88% gc time)


  0.238767 seconds (578.62 k allocations: 376.957 MiB, 9.00% gc time)


  0.230562 seconds (578.63 k allocations: 376.958 MiB, 5.76% gc time)


Numero de qubits: 35 
Threads (LinearAlgebra) :15
Threads (Julia) :1


  0.245877 seconds (599.54 k allocations: 387.346 MiB, 8.76% gc time)


  0.399053 seconds (599.52 k allocations: 387.345 MiB, 39.33% gc time)


  0.240495 seconds (599.53 k allocations: 387.345 MiB, 6.49% gc time)


  0.232811 seconds (599.54 k allocations: 387.346 MiB, 5.04% gc time)


  0.235813 seconds (599.54 k allocations: 387.346 MiB, 6.11% gc time)


  0.378052 seconds (599.53 k allocations: 387.345 MiB, 42.11% gc time)


  0.253198 seconds (599.54 k allocations: 387.346 MiB, 8.26% gc time)


  0.234906 seconds (599.55 k allocations: 387.347 MiB, 6.07% gc time)


  0.235826 seconds (599.55 k allocations: 387.347 MiB, 6.18% gc time)


  0.235980 seconds (599.53 k allocations: 387.345 MiB, 6.26% gc time)


  0.373165 seconds (599.55 k allocations: 387.347 MiB, 41.31% gc time)


  0.250497 seconds (599.55 k allocations: 387.347 MiB, 9.92% gc time)


  0.232729 seconds (599.53 k allocations: 387.345 MiB, 4.97% gc time)


  0.236589 seconds (599.54 k allocations: 387.346 MiB, 6.18% gc time)


  0.379725 seconds (599.55 k allocations: 387.347 MiB, 41.80% gc time)


  0.257692 seconds (599.53 k allocations: 387.345 MiB, 9.22% gc time)


  0.243673 seconds (599.54 k allocations: 387.346 MiB, 9.03% gc time)


  0.237178 seconds (599.54 k allocations: 387.346 MiB, 5.97% gc time)


  0.235700 seconds (599.54 k allocations: 387.346 MiB, 6.24% gc time)


  0.373812 seconds (599.52 k allocations: 387.345 MiB, 41.23% gc time)


  0.249954 seconds (599.55 k allocations: 387.347 MiB, 10.07% gc time)


Numero de qubits: 36 
Threads (LinearAlgebra) :15
Threads (Julia) :1


  0.246487 seconds (617.59 k allocations: 404.538 MiB, 6.93% gc time)


  0.245923 seconds (617.61 k allocations: 404.539 MiB, 6.54% gc time)


  0.386672 seconds (617.58 k allocations: 404.538 MiB, 41.08% gc time)


  0.265297 seconds (617.60 k allocations: 404.539 MiB, 9.21% gc time)


  0.248655 seconds (617.59 k allocations: 404.538 MiB, 7.64% gc time)


  0.244386 seconds (617.56 k allocations: 404.536 MiB, 6.16% gc time)


  0.251702 seconds (617.59 k allocations: 404.537 MiB, 7.76% gc time)


  0.395585 seconds (617.58 k allocations: 404.537 MiB, 41.34% gc time)


  0.243739 seconds (617.59 k allocations: 404.538 MiB, 7.05% gc time)


  0.243909 seconds (617.59 k allocations: 404.538 MiB, 5.67% gc time)


  0.244602 seconds (617.59 k allocations: 404.538 MiB, 6.13% gc time)


  0.387790 seconds (617.58 k allocations: 404.537 MiB, 41.28% gc time)


  0.247720 seconds (617.58 k allocations: 404.538 MiB, 7.19% gc time)


  0.244548 seconds (617.59 k allocations: 404.538 MiB, 5.62% gc time)


  0.244964 seconds (617.58 k allocations: 404.537 MiB, 6.39% gc time)


  0.382718 seconds (617.59 k allocations: 404.538 MiB, 40.21% gc time)


  0.258850 seconds (617.59 k allocations: 404.538 MiB, 9.57% gc time)


  0.243978 seconds (617.59 k allocations: 404.538 MiB, 5.98% gc time)


  0.243668 seconds (617.59 k allocations: 404.538 MiB, 6.10% gc time)


  0.385247 seconds (617.58 k allocations: 404.538 MiB, 41.29% gc time)


  0.256142 seconds (617.60 k allocations: 404.537 MiB, 7.50% gc time)


Numero de qubits: 37 
Threads (LinearAlgebra) :15
Threads (Julia) :1


  0.253402 seconds (638.78 k allocations: 414.976 MiB, 7.91% gc time)


  0.249612 seconds (638.76 k allocations: 414.975 MiB, 6.40% gc time)


  0.395220 seconds (638.75 k allocations: 414.974 MiB, 40.74% gc time)


  0.273278 seconds (638.75 k allocations: 414.974 MiB, 9.45% gc time)


  0.253144 seconds (638.76 k allocations: 414.974 MiB, 7.34% gc time)


  0.249020 seconds (638.76 k allocations: 414.975 MiB, 6.01% gc time)


  0.389280 seconds (638.78 k allocations: 414.976 MiB, 40.57% gc time)


  0.265680 seconds (638.78 k allocations: 414.975 MiB, 8.59% gc time)


  0.246716 seconds (638.78 k allocations: 414.976 MiB, 5.74% gc time)


  0.249601 seconds (638.76 k allocations: 414.975 MiB, 6.10% gc time)


  0.404206 seconds (638.76 k allocations: 414.974 MiB, 42.36% gc time)


  0.267835 seconds (638.76 k allocations: 414.975 MiB, 8.78% gc time)


  0.243194 seconds (638.77 k allocations: 414.974 MiB, 4.99% gc time)


  0.250329 seconds (638.76 k allocations: 414.975 MiB, 6.12% gc time)


  0.249175 seconds (638.77 k allocations: 414.975 MiB, 6.32% gc time)


  0.394880 seconds (638.76 k allocations: 414.975 MiB, 40.27% gc time)


  0.258694 seconds (638.77 k allocations: 414.975 MiB, 9.37% gc time)


  0.249434 seconds (638.76 k allocations: 414.975 MiB, 5.98% gc time)


  0.249232 seconds (638.78 k allocations: 414.976 MiB, 6.25% gc time)


  0.395500 seconds (638.78 k allocations: 414.975 MiB, 40.97% gc time)


  0.242808 seconds (638.75 k allocations: 414.974 MiB, 4.22% gc time)


Numero de qubits: 38 
Threads (LinearAlgebra) :15
Threads (Julia) :1


  0.270392 seconds (657.41 k allocations: 434.248 MiB, 7.48% gc time)


  0.264903 seconds (657.41 k allocations: 434.247 MiB, 6.13% gc time)


  0.408857 seconds (657.40 k allocations: 434.247 MiB, 39.34% gc time)


  0.262891 seconds (657.41 k allocations: 434.248 MiB, 5.25% gc time)


  0.266802 seconds (657.41 k allocations: 434.248 MiB, 5.86% gc time)


  0.409865 seconds (657.41 k allocations: 434.248 MiB, 39.15% gc time)


  0.291029 seconds (657.42 k allocations: 434.247 MiB, 9.18% gc time)


  0.261856 seconds (657.41 k allocations: 434.248 MiB, 5.45% gc time)


  0.265798 seconds (657.41 k allocations: 434.248 MiB, 6.02% gc time)


  0.402021 seconds (657.42 k allocations: 434.249 MiB, 39.17% gc time)


  0.263077 seconds (657.39 k allocations: 434.246 MiB, 4.75% gc time)


  0.276303 seconds (657.40 k allocations: 434.247 MiB, 4.78% gc time)


  0.282249 seconds (657.40 k allocations: 434.247 MiB, 6.39% gc time)


  0.430074 seconds (657.39 k allocations: 434.247 MiB, 40.26% gc time)


  0.266526 seconds (657.40 k allocations: 434.247 MiB, 4.66% gc time)


  0.276169 seconds (657.41 k allocations: 434.247 MiB, 4.82% gc time)


  0.278688 seconds (657.40 k allocations: 434.246 MiB, 5.96% gc time)


  0.413869 seconds (657.40 k allocations: 434.247 MiB, 37.74% gc time)


  0.283050 seconds (657.40 k allocations: 434.247 MiB, 10.13% gc time)


  0.272925 seconds (657.40 k allocations: 434.247 MiB, 6.88% gc time)


  0.265155 seconds (657.41 k allocations: 434.248 MiB, 6.16% gc time)


Numero de qubits: 39 
Threads (LinearAlgebra) :15
Threads (Julia) :1


  0.442967 seconds (678.84 k allocations: 444.731 MiB, 41.20% gc time)


  0.278979 seconds (678.84 k allocations: 444.731 MiB, 6.88% gc time)


  0.271690 seconds (678.85 k allocations: 444.732 MiB, 6.01% gc time)


  0.291703 seconds (678.85 k allocations: 444.732 MiB, 12.19% gc time)


  0.411430 seconds (678.83 k allocations: 444.731 MiB, 36.40% gc time)


  0.273619 seconds (678.86 k allocations: 444.732 MiB, 6.93% gc time)


  0.272217 seconds (678.84 k allocations: 444.731 MiB, 6.11% gc time)


  0.407182 seconds (678.85 k allocations: 444.732 MiB, 38.73% gc time)


  0.266280 seconds (678.86 k allocations: 444.732 MiB, 5.26% gc time)


  0.268106 seconds (678.87 k allocations: 444.733 MiB, 5.10% gc time)


  0.279498 seconds (678.85 k allocations: 444.732 MiB, 6.36% gc time)


  0.437831 seconds (678.85 k allocations: 444.732 MiB, 36.52% gc time)


  0.291586 seconds (678.85 k allocations: 444.732 MiB, 10.45% gc time)


  0.271443 seconds (678.84 k allocations: 444.732 MiB, 5.58% gc time)


  0.270613 seconds (678.84 k allocations: 444.731 MiB, 6.17% gc time)


  0.416216 seconds (678.85 k allocations: 444.732 MiB, 39.33% gc time)


  0.279924 seconds (678.83 k allocations: 444.730 MiB, 8.10% gc time)


  0.270908 seconds (678.85 k allocations: 444.732 MiB, 5.79% gc time)


  0.413200 seconds (678.84 k allocations: 444.732 MiB, 38.87% gc time)


  0.282765 seconds (678.84 k allocations: 444.732 MiB, 7.34% gc time)


  0.295891 seconds (678.83 k allocations: 444.731 MiB, 8.40% gc time)


Numero de qubits: 40 
Threads (LinearAlgebra) :15
Threads (Julia) :1


  0.301787 seconds (697.38 k allocations: 462.018 MiB, 7.78% gc time)


  0.430015 seconds (697.40 k allocations: 462.020 MiB, 37.05% gc time)


  0.307861 seconds (697.40 k allocations: 462.019 MiB, 10.74% gc time)


  0.293377 seconds (697.37 k allocations: 462.018 MiB, 5.54% gc time)


  0.428519 seconds (697.39 k allocations: 462.019 MiB, 37.30% gc time)


  0.292443 seconds (697.38 k allocations: 462.019 MiB, 7.65% gc time)


  0.296546 seconds (697.38 k allocations: 462.019 MiB, 6.07% gc time)


  0.293886 seconds (697.39 k allocations: 462.019 MiB, 6.07% gc time)


  0.426537 seconds (697.39 k allocations: 462.019 MiB, 37.28% gc time)


  0.292674 seconds (697.37 k allocations: 462.018 MiB, 8.29% gc time)


  0.284946 seconds (697.39 k allocations: 462.019 MiB, 5.96% gc time)


  0.426363 seconds (697.38 k allocations: 462.019 MiB, 39.58% gc time)


  0.282395 seconds (697.40 k allocations: 462.020 MiB, 5.37% gc time)


  0.292181 seconds (697.39 k allocations: 462.019 MiB, 5.29% gc time)


  0.292557 seconds (697.39 k allocations: 462.019 MiB, 6.03% gc time)


  0.426827 seconds (697.39 k allocations: 462.019 MiB, 36.93% gc time)


  0.304116 seconds (697.40 k allocations: 462.020 MiB, 9.41% gc time)


  0.294297 seconds (697.39 k allocations: 462.019 MiB, 5.55% gc time)


  0.436171 seconds (697.39 k allocations: 462.019 MiB, 36.87% gc time)


  0.302491 seconds (697.38 k allocations: 462.018 MiB, 9.11% gc time)


  0.305766 seconds (697.38 k allocations: 462.019 MiB, 8.45% gc time)


Numero de qubits: 41 
Threads (LinearAlgebra) :15
Threads (Julia) :1


  0.311059 seconds (719.09 k allocations: 472.551 MiB, 8.02% gc time)


  0.428445 seconds (719.08 k allocations: 472.551 MiB, 36.74% gc time)


  0.311156 seconds (719.07 k allocations: 472.550 MiB, 9.62% gc time)


  0.299295 seconds (719.08 k allocations: 472.551 MiB, 5.83% gc time)


  0.435971 seconds (719.07 k allocations: 472.550 MiB, 36.79% gc time)


  0.293130 seconds (719.08 k allocations: 472.551 MiB, 6.82% gc time)


  0.302871 seconds (719.09 k allocations: 472.552 MiB, 6.50% gc time)


  0.298789 seconds (719.07 k allocations: 472.551 MiB, 6.09% gc time)


  0.432192 seconds (719.07 k allocations: 472.549 MiB, 37.50% gc time)


  0.295021 seconds (719.09 k allocations: 472.551 MiB, 8.02% gc time)


  0.286275 seconds (719.06 k allocations: 472.550 MiB, 6.26% gc time)


  0.425198 seconds (719.10 k allocations: 472.552 MiB, 37.92% gc time)


  0.288765 seconds (719.07 k allocations: 472.550 MiB, 6.14% gc time)


  0.301348 seconds (719.08 k allocations: 472.551 MiB, 5.46% gc time)


  0.299325 seconds (719.06 k allocations: 472.550 MiB, 6.10% gc time)


  0.443807 seconds (719.10 k allocations: 472.552 MiB, 38.88% gc time)


  0.289592 seconds (719.07 k allocations: 472.550 MiB, 8.11% gc time)


  0.285310 seconds (719.07 k allocations: 472.550 MiB, 5.81% gc time)


  0.424236 seconds (719.09 k allocations: 472.551 MiB, 37.82% gc time)


  0.294450 seconds (719.09 k allocations: 472.551 MiB, 7.40% gc time)


  0.296416 seconds (719.08 k allocations: 472.551 MiB, 4.92% gc time)


Numero de qubits: 42 
Threads (LinearAlgebra) :15
Threads (Julia) :1


  0.334721 seconds (738.20 k allocations: 491.914 MiB, 9.31% gc time)


  0.448991 seconds (738.20 k allocations: 491.915 MiB, 35.28% gc time)


  0.329575 seconds (738.19 k allocations: 491.915 MiB, 9.66% gc time)


  0.316400 seconds (738.18 k allocations: 491.914 MiB, 5.53% gc time)


  0.449641 seconds (738.21 k allocations: 491.915 MiB, 35.25% gc time)


  0.315350 seconds (738.22 k allocations: 491.917 MiB, 7.17% gc time)


  0.317283 seconds (738.21 k allocations: 491.916 MiB, 5.24% gc time)


  0.459892 seconds (738.20 k allocations: 491.914 MiB, 35.38% gc time)


  0.333543 seconds (738.22 k allocations: 491.916 MiB, 9.36% gc time)


  0.326946 seconds (738.21 k allocations: 491.916 MiB, 7.95% gc time)


  0.334897 seconds (738.18 k allocations: 491.914 MiB, 11.12% gc time)


  0.447875 seconds (738.21 k allocations: 491.916 MiB, 34.36% gc time)


  0.306838 seconds (738.19 k allocations: 491.915 MiB, 7.04% gc time)


  0.301681 seconds (738.21 k allocations: 491.916 MiB, 6.17% gc time)


  0.459004 seconds (738.21 k allocations: 491.916 MiB, 36.08% gc time)


  0.311292 seconds (738.21 k allocations: 491.915 MiB, 7.58% gc time)


  0.304948 seconds (738.22 k allocations: 491.916 MiB, 6.38% gc time)


  0.443776 seconds (738.20 k allocations: 491.915 MiB, 35.99% gc time)


  0.322210 seconds (738.22 k allocations: 491.916 MiB, 11.32% gc time)


  0.301348 seconds (738.19 k allocations: 491.914 MiB, 5.57% gc time)


  0.454014 seconds (738.22 k allocations: 491.916 MiB, 38.67% gc time)


Numero de qubits: 43 
Threads (LinearAlgebra) :15
Threads (Julia) :1


  0.310723 seconds (760.14 k allocations: 502.493 MiB, 6.94% gc time)


  0.320637 seconds (760.16 k allocations: 502.495 MiB, 5.49% gc time)


  0.462409 seconds (760.17 k allocations: 502.496 MiB, 35.29% gc time)


  0.332107 seconds (760.17 k allocations: 502.495 MiB, 9.16% gc time)


  0.324891 seconds (760.17 k allocations: 502.496 MiB, 6.12% gc time)


  0.464722 seconds (760.16 k allocations: 502.495 MiB, 35.05% gc time)


  0.333733 seconds (760.18 k allocations: 502.496 MiB, 8.94% gc time)


  0.320478 seconds (760.15 k allocations: 502.494 MiB, 5.26% gc time)


  0.321606 seconds (760.16 k allocations: 502.495 MiB, 6.14% gc time)


  0.458938 seconds (760.15 k allocations: 502.494 MiB, 35.80% gc time)


  0.305997 seconds (760.16 k allocations: 502.495 MiB, 5.82% gc time)


  0.307142 seconds (760.17 k allocations: 502.496 MiB, 6.04% gc time)


  0.442668 seconds (760.16 k allocations: 502.495 MiB, 35.56% gc time)


  0.311319 seconds (760.16 k allocations: 502.495 MiB, 7.30% gc time)


  0.307117 seconds (760.16 k allocations: 502.495 MiB, 5.97% gc time)


  0.442964 seconds (760.16 k allocations: 502.494 MiB, 36.23% gc time)


  0.313694 seconds (760.16 k allocations: 502.495 MiB, 7.30% gc time)


  0.321122 seconds (760.16 k allocations: 502.495 MiB, 5.30% gc time)


  0.464388 seconds (760.18 k allocations: 502.496 MiB, 34.97% gc time)


  0.332773 seconds (760.17 k allocations: 502.495 MiB, 8.93% gc time)


  0.322089 seconds (760.18 k allocations: 502.496 MiB, 5.39% gc time)


Numero de qubits: 44 
Threads (LinearAlgebra) :15
Threads (Julia) :1


  0.341058 seconds (779.21 k allocations: 519.878 MiB, 7.21% gc time)


  0.503838 seconds (779.19 k allocations: 519.876 MiB, 33.61% gc time)


  0.322964 seconds (779.21 k allocations: 519.878 MiB, 6.86% gc time)


  0.314010 seconds (779.20 k allocations: 519.877 MiB, 6.11% gc time)


  0.468714 seconds (779.19 k allocations: 519.877 MiB, 35.25% gc time)


  0.315924 seconds (779.19 k allocations: 519.877 MiB, 6.21% gc time)


  0.313683 seconds (779.19 k allocations: 519.876 MiB, 6.09% gc time)


  0.468556 seconds (779.19 k allocations: 519.877 MiB, 35.31% gc time)


  0.327215 seconds (779.21 k allocations: 519.878 MiB, 7.91% gc time)


  0.459353 seconds (779.19 k allocations: 519.877 MiB, 35.54% gc time)


  0.346122 seconds (779.20 k allocations: 519.878 MiB, 10.20% gc time)


  0.343011 seconds (779.19 k allocations: 519.877 MiB, 7.83% gc time)


  0.476313 seconds (779.20 k allocations: 519.877 MiB, 34.43% gc time)


  0.347996 seconds (779.19 k allocations: 519.877 MiB, 9.46% gc time)


  0.334520 seconds (779.20 k allocations: 519.878 MiB, 5.91% gc time)


  0.473389 seconds (779.19 k allocations: 519.876 MiB, 34.51% gc time)


  0.338920 seconds (779.20 k allocations: 519.877 MiB, 9.12% gc time)


  0.330362 seconds (779.20 k allocations: 519.878 MiB, 5.49% gc time)


  0.472781 seconds (779.20 k allocations: 519.878 MiB, 34.46% gc time)


  0.326600 seconds (779.20 k allocations: 519.877 MiB, 5.77% gc time)


  0.334661 seconds (779.18 k allocations: 519.876 MiB, 6.07% gc time)


Numero de qubits: 45 
Threads (LinearAlgebra) :15
Threads (Julia) :1


  0.347827 seconds (801.42 k allocations: 530.505 MiB, 7.58% gc time)


  0.484753 seconds (801.41 k allocations: 530.505 MiB, 35.96% gc time)


  0.357110 seconds (801.42 k allocations: 530.505 MiB, 7.97% gc time)


  0.482436 seconds (801.40 k allocations: 530.504 MiB, 35.77% gc time)


  0.332146 seconds (801.41 k allocations: 530.504 MiB, 6.61% gc time)


  0.338344 seconds (801.39 k allocations: 530.503 MiB, 5.74% gc time)


  0.476405 seconds (801.40 k allocations: 530.504 MiB, 34.08% gc time)


  0.335154 seconds (801.43 k allocations: 530.506 MiB, 7.30% gc time)


  0.347358 seconds (801.41 k allocations: 530.504 MiB, 7.31% gc time)


  0.471635 seconds (801.41 k allocations: 530.505 MiB, 34.09% gc time)


  0.332715 seconds (801.41 k allocations: 530.504 MiB, 6.58% gc time)


  0.338888 seconds (801.41 k allocations: 530.505 MiB, 6.00% gc time)


  0.468423 seconds (801.41 k allocations: 530.505 MiB, 34.61% gc time)


  0.324641 seconds (801.40 k allocations: 530.504 MiB, 6.78% gc time)


  0.336414 seconds (801.41 k allocations: 530.504 MiB, 5.42% gc time)


  0.472023 seconds (801.41 k allocations: 530.504 MiB, 34.06% gc time)


  0.332735 seconds (801.40 k allocations: 530.504 MiB, 6.62% gc time)


  0.336399 seconds (801.41 k allocations: 530.504 MiB, 5.45% gc time)


  0.474817 seconds (801.41 k allocations: 530.504 MiB, 34.10% gc time)


  0.332253 seconds (801.41 k allocations: 530.503 MiB, 6.70% gc time)


  0.335415 seconds (801.41 k allocations: 530.505 MiB, 5.39% gc time)


Numero de qubits: 46 
Threads (LinearAlgebra) :15
Threads (Julia) :1


  0.502286 seconds (821.03 k allocations: 549.962 MiB, 33.33% gc time)


  0.351440 seconds (821.04 k allocations: 549.962 MiB, 6.72% gc time)


  0.354161 seconds (821.02 k allocations: 549.961 MiB, 5.75% gc time)


  0.483510 seconds (821.02 k allocations: 549.960 MiB, 33.43% gc time)


  0.356313 seconds (821.02 k allocations: 549.961 MiB, 10.49% gc time)


  0.339991 seconds (821.03 k allocations: 549.961 MiB, 5.99% gc time)


  0.495310 seconds (821.02 k allocations: 549.961 MiB, 35.83% gc time)


  0.354958 seconds (821.04 k allocations: 549.962 MiB, 10.11% gc time)


  0.337940 seconds (821.04 k allocations: 549.962 MiB, 5.91% gc time)


  0.473757 seconds (821.02 k allocations: 549.961 MiB, 34.12% gc time)


  0.341683 seconds (821.00 k allocations: 549.960 MiB, 6.78% gc time)


  0.337850 seconds (821.03 k allocations: 549.962 MiB, 5.89% gc time)


  0.470746 seconds (821.03 k allocations: 549.962 MiB, 33.28% gc time)


  0.347424 seconds (821.03 k allocations: 549.962 MiB, 8.14% gc time)


  0.337433 seconds (821.02 k allocations: 549.961 MiB, 6.00% gc time)


  0.499158 seconds (821.03 k allocations: 549.962 MiB, 34.56% gc time)


  0.368098 seconds (821.03 k allocations: 549.962 MiB, 8.06% gc time)


  0.480447 seconds (821.03 k allocations: 549.961 MiB, 33.43% gc time)


  0.351279 seconds (821.03 k allocations: 549.961 MiB, 8.23% gc time)


  0.354066 seconds (821.03 k allocations: 549.962 MiB, 5.39% gc time)


  0.484843 seconds (821.03 k allocations: 549.962 MiB, 33.40% gc time)


Numero de qubits: 47 
Threads (LinearAlgebra) :15
Threads (Julia) :1


  0.368123 seconds (843.50 k allocations: 560.636 MiB, 12.16% gc time)


  0.484538 seconds (843.49 k allocations: 560.636 MiB, 34.04% gc time)


  0.374267 seconds (843.51 k allocations: 560.637 MiB, 9.83% gc time)


  0.365416 seconds (843.50 k allocations: 560.636 MiB, 6.50% gc time)


  0.498200 seconds (843.50 k allocations: 560.636 MiB, 32.79% gc time)


  0.356609 seconds (843.47 k allocations: 560.635 MiB, 7.07% gc time)


  0.360819 seconds (843.52 k allocations: 560.637 MiB, 5.63% gc time)


  0.512632 seconds (843.51 k allocations: 560.636 MiB, 35.14% gc time)


  0.370845 seconds (843.51 k allocations: 560.637 MiB, 9.28% gc time)


  0.360441 seconds (843.49 k allocations: 560.635 MiB, 5.62% gc time)


  0.495669 seconds (843.50 k allocations: 560.636 MiB, 32.80% gc time)


  0.380550 seconds (843.49 k allocations: 560.635 MiB, 10.44% gc time)


  0.358295 seconds (843.51 k allocations: 560.637 MiB, 5.78% gc time)


  0.487379 seconds (843.51 k allocations: 560.637 MiB, 32.90% gc time)


  0.348190 seconds (843.50 k allocations: 560.636 MiB, 6.89% gc time)


  0.343544 seconds (843.51 k allocations: 560.637 MiB, 6.06% gc time)


  0.480102 seconds (843.50 k allocations: 560.636 MiB, 33.19% gc time)


  0.347116 seconds (843.51 k allocations: 560.636 MiB, 7.09% gc time)


  0.361686 seconds (843.51 k allocations: 560.637 MiB, 10.97% gc time)


  0.495471 seconds (843.50 k allocations: 560.636 MiB, 32.81% gc time)


  0.359632 seconds (843.51 k allocations: 560.637 MiB, 5.40% gc time)


Numero de qubits: 48 
Threads (LinearAlgebra) :15
Threads (Julia) :1


  0.518196 seconds (863.02 k allocations: 578.129 MiB, 32.47% gc time)


  0.365416 seconds (863.01 k allocations: 578.127 MiB, 7.13% gc time)


  0.372883 seconds (863.03 k allocations: 578.129 MiB, 6.22% gc time)


  0.497460 seconds (863.05 k allocations: 578.130 MiB, 32.55% gc time)


  0.374167 seconds (863.04 k allocations: 578.130 MiB, 11.25% gc time)


  0.352703 seconds (863.02 k allocations: 578.128 MiB, 5.94% gc time)


  0.490230 seconds (863.03 k allocations: 578.130 MiB, 32.93% gc time)


  0.356363 seconds (863.02 k allocations: 578.128 MiB, 7.41% gc time)


  0.351284 seconds (863.02 k allocations: 578.129 MiB, 6.10% gc time)


  0.506655 seconds (863.02 k allocations: 578.129 MiB, 33.11% gc time)


  0.360762 seconds (863.03 k allocations: 578.129 MiB, 7.06% gc time)


  0.510580 seconds (863.03 k allocations: 578.129 MiB, 33.08% gc time)


  0.374696 seconds (863.03 k allocations: 578.129 MiB, 5.04% gc time)


  0.371330 seconds (863.04 k allocations: 578.130 MiB, 5.93% gc time)


  0.504119 seconds (863.01 k allocations: 578.128 MiB, 32.11% gc time)


  0.375172 seconds (863.03 k allocations: 578.129 MiB, 11.35% gc time)


  0.352028 seconds (863.02 k allocations: 578.128 MiB, 6.15% gc time)


  0.486556 seconds (863.03 k allocations: 578.129 MiB, 32.78% gc time)


  0.354805 seconds (863.03 k allocations: 578.129 MiB, 7.08% gc time)


  0.494888 seconds (863.03 k allocations: 578.128 MiB, 33.69% gc time)


  0.381463 seconds (863.04 k allocations: 578.129 MiB, 9.40% gc time)


Numero de qubits: 49 
Threads (LinearAlgebra) :15
Threads (Julia) :1


  0.384023 seconds (885.75 k allocations: 588.851 MiB, 7.23% gc time)


  0.505969 seconds (885.76 k allocations: 588.852 MiB, 32.09% gc time)


  0.388973 seconds (885.75 k allocations: 588.851 MiB, 9.74% gc time)


  0.373552 seconds (885.75 k allocations: 588.851 MiB, 5.80% gc time)


  0.499345 seconds (885.75 k allocations: 588.851 MiB, 32.21% gc time)


  0.380259 seconds (885.75 k allocations: 588.851 MiB, 7.20% gc time)


  0.517512 seconds (885.75 k allocations: 588.851 MiB, 32.21% gc time)


  0.375273 seconds (885.75 k allocations: 588.851 MiB, 6.34% gc time)


  0.383455 seconds (885.74 k allocations: 588.850 MiB, 6.94% gc time)


  0.499940 seconds (885.75 k allocations: 588.851 MiB, 32.10% gc time)


  0.377904 seconds (885.76 k allocations: 588.852 MiB, 7.20% gc time)


  0.516164 seconds (885.78 k allocations: 588.853 MiB, 32.16% gc time)


  0.370528 seconds (885.75 k allocations: 588.851 MiB, 6.19% gc time)


  0.377578 seconds (885.75 k allocations: 588.852 MiB, 5.97% gc time)


  0.523943 seconds (885.76 k allocations: 588.852 MiB, 33.43% gc time)


  0.383502 seconds (885.76 k allocations: 588.852 MiB, 7.85% gc time)


  0.374701 seconds (885.76 k allocations: 588.851 MiB, 5.96% gc time)


  0.517603 seconds (885.76 k allocations: 588.852 MiB, 33.66% gc time)


  0.375819 seconds (885.76 k allocations: 588.852 MiB, 5.91% gc time)


  0.501027 seconds (885.75 k allocations: 588.851 MiB, 32.43% gc time)


  0.378039 seconds (885.76 k allocations: 588.851 MiB, 11.15% gc time)


Numero de qubits: 50 
Threads (LinearAlgebra) :15
Threads (Julia) :1


  0.378870 seconds (905.88 k allocations: 608.402 MiB, 6.86% gc time)


  0.508415 seconds (905.87 k allocations: 608.402 MiB, 31.64% gc time)


  0.380627 seconds (905.86 k allocations: 608.401 MiB, 7.37% gc time)


  0.513997 seconds (905.87 k allocations: 608.402 MiB, 32.38% gc time)


  0.382430 seconds (905.86 k allocations: 608.401 MiB, 5.89% gc time)


  0.395417 seconds (905.87 k allocations: 608.402 MiB, 6.21% gc time)


  0.525174 seconds (905.87 k allocations: 608.402 MiB, 31.27% gc time)


  0.381123 seconds (905.87 k allocations: 608.401 MiB, 7.23% gc time)


  0.514976 seconds (905.87 k allocations: 608.402 MiB, 32.28% gc time)


  0.376882 seconds (905.88 k allocations: 608.402 MiB, 4.09% gc time)


  0.396801 seconds (905.88 k allocations: 608.403 MiB, 6.21% gc time)


  0.521218 seconds (905.87 k allocations: 608.402 MiB, 31.34% gc time)


  0.373230 seconds (905.89 k allocations: 608.402 MiB, 5.07% gc time)


  0.512894 seconds (905.85 k allocations: 608.401 MiB, 32.15% gc time)


  0.388712 seconds (905.87 k allocations: 608.402 MiB, 7.54% gc time)


  0.391938 seconds (905.86 k allocations: 608.401 MiB, 5.47% gc time)


  0.519110 seconds (905.86 k allocations: 608.401 MiB, 30.75% gc time)


  0.382978 seconds (905.89 k allocations: 608.403 MiB, 7.00% gc time)


  0.511769 seconds (905.86 k allocations: 608.401 MiB, 32.60% gc time)


  0.385172 seconds (905.87 k allocations: 608.402 MiB, 7.54% gc time)


  0.390694 seconds (905.87 k allocations: 608.401 MiB, 5.62% gc time)


Numero de qubits: 51 
Threads (LinearAlgebra) :15
Threads (Julia) :1


  0.538865 seconds (928.85 k allocations: 619.171 MiB, 31.22% gc time)


  0.404758 seconds (928.86 k allocations: 619.170 MiB, 7.33% gc time)


  0.548227 seconds (928.85 k allocations: 619.169 MiB, 33.03% gc time)


  0.405121 seconds (928.86 k allocations: 619.172 MiB, 8.39% gc time)


  0.397204 seconds (928.88 k allocations: 619.173 MiB, 5.69% gc time)


  0.536009 seconds (928.87 k allocations: 619.172 MiB, 32.11% gc time)


  0.408398 seconds (928.86 k allocations: 619.172 MiB, 7.53% gc time)


  0.525288 seconds (928.85 k allocations: 619.171 MiB, 30.98% gc time)


  0.380208 seconds (928.86 k allocations: 619.172 MiB, 5.94% gc time)


  0.518543 seconds (928.87 k allocations: 619.173 MiB, 32.06% gc time)


  0.393424 seconds (928.86 k allocations: 619.171 MiB, 7.82% gc time)


  0.398562 seconds (928.89 k allocations: 619.174 MiB, 5.68% gc time)


  0.527581 seconds (928.86 k allocations: 619.172 MiB, 30.17% gc time)


  0.405608 seconds (928.86 k allocations: 619.172 MiB, 6.77% gc time)


  0.534358 seconds (928.85 k allocations: 619.171 MiB, 30.90% gc time)


  0.400540 seconds (928.86 k allocations: 619.172 MiB, 7.71% gc time)


  0.397788 seconds (928.86 k allocations: 619.172 MiB, 5.77% gc time)


  0.527735 seconds (928.87 k allocations: 619.172 MiB, 30.83% gc time)


  0.409332 seconds (928.87 k allocations: 619.172 MiB, 7.81% gc time)


  0.531021 seconds (928.83 k allocations: 619.170 MiB, 31.27% gc time)


  0.394311 seconds (928.85 k allocations: 619.171 MiB, 7.86% gc time)


Numero de qubits: 52 
Threads (LinearAlgebra) :15
Threads (Julia) :1


  0.414145 seconds (948.85 k allocations: 636.708 MiB, 7.06% gc time)


  0.541261 seconds (948.88 k allocations: 636.711 MiB, 29.77% gc time)


  0.410165 seconds (948.87 k allocations: 636.711 MiB, 5.33% gc time)


  0.535122 seconds (948.84 k allocations: 636.708 MiB, 30.78% gc time)


  0.409473 seconds (948.86 k allocations: 636.710 MiB, 8.44% gc time)


  0.406480 seconds (948.87 k allocations: 636.710 MiB, 5.93% gc time)


  0.542180 seconds (948.85 k allocations: 636.709 MiB, 31.75% gc time)


  0.411215 seconds (948.87 k allocations: 636.710 MiB, 6.33% gc time)


  0.527203 seconds (948.87 k allocations: 636.710 MiB, 30.62% gc time)


  0.398525 seconds (948.86 k allocations: 636.710 MiB, 8.01% gc time)


  0.525364 seconds (948.87 k allocations: 636.710 MiB, 31.75% gc time)


  0.402726 seconds (948.87 k allocations: 636.711 MiB, 7.90% gc time)


  0.407077 seconds (948.87 k allocations: 636.709 MiB, 5.79% gc time)


  0.540691 seconds (948.86 k allocations: 636.710 MiB, 29.82% gc time)


  0.414769 seconds (948.90 k allocations: 636.712 MiB, 5.99% gc time)


  0.563272 seconds (948.87 k allocations: 636.710 MiB, 33.23% gc time)


  0.403772 seconds (948.88 k allocations: 636.710 MiB, 7.81% gc time)


  0.406987 seconds (948.87 k allocations: 636.710 MiB, 5.86% gc time)


  0.539781 seconds (948.86 k allocations: 636.710 MiB, 29.75% gc time)


  0.417194 seconds (948.87 k allocations: 636.710 MiB, 6.95% gc time)


  0.536043 seconds (948.87 k allocations: 636.710 MiB, 30.79% gc time)


Numero de qubits: 53 
Threads (LinearAlgebra) :15
Threads (Julia) :1


  0.422909 seconds (972.13 k allocations: 647.528 MiB, 9.67% gc time)


  0.551570 seconds (972.14 k allocations: 647.529 MiB, 30.26% gc time)


  0.403537 seconds (972.11 k allocations: 647.526 MiB, 5.30% gc time)


  0.412124 seconds (972.12 k allocations: 647.527 MiB, 5.79% gc time)


  0.539309 seconds (972.13 k allocations: 647.528 MiB, 30.39% gc time)


  0.430168 seconds (972.12 k allocations: 647.527 MiB, 8.08% gc time)


  0.543356 seconds (972.13 k allocations: 647.528 MiB, 29.79% gc time)


  0.424272 seconds (972.10 k allocations: 647.526 MiB, 6.93% gc time)


  0.545974 seconds (972.12 k allocations: 647.527 MiB, 30.20% gc time)


  0.423146 seconds (972.15 k allocations: 647.529 MiB, 8.75% gc time)


  0.412406 seconds (972.12 k allocations: 647.528 MiB, 6.07% gc time)


  0.548700 seconds (972.14 k allocations: 647.528 MiB, 31.32% gc time)


  0.417334 seconds (972.13 k allocations: 647.528 MiB, 6.35% gc time)


  0.536158 seconds (972.12 k allocations: 647.527 MiB, 30.34% gc time)


  0.406191 seconds (972.13 k allocations: 647.528 MiB, 8.24% gc time)


  0.530262 seconds (972.10 k allocations: 647.526 MiB, 31.09% gc time)


  0.423464 seconds (972.12 k allocations: 647.527 MiB, 9.76% gc time)


  0.412437 seconds (972.12 k allocations: 647.527 MiB, 6.11% gc time)


  0.546869 seconds (972.12 k allocations: 647.528 MiB, 31.36% gc time)


  0.418608 seconds (972.14 k allocations: 647.529 MiB, 6.59% gc time)


  0.539848 seconds (972.13 k allocations: 647.528 MiB, 30.40% gc time)


Numero de qubits: 54 
Threads (LinearAlgebra) :15
Threads (Julia) :1


  0.417205 seconds (992.73 k allocations: 667.222 MiB, 7.10% gc time)


  0.584516 seconds (992.71 k allocations: 667.221 MiB, 29.20% gc time)


  0.447507 seconds (992.74 k allocations: 667.223 MiB, 10.81% gc time)


  0.547318 seconds (992.72 k allocations: 667.221 MiB, 30.47% gc time)


  0.431153 seconds (992.73 k allocations: 667.223 MiB, 8.04% gc time)


  0.429472 seconds (992.72 k allocations: 667.221 MiB, 5.84% gc time)


  0.572935 seconds (992.72 k allocations: 667.221 MiB, 31.00% gc time)


  0.434958 seconds (992.73 k allocations: 667.222 MiB, 6.36% gc time)


  0.570157 seconds (992.71 k allocations: 667.221 MiB, 30.78% gc time)


  0.419498 seconds (992.74 k allocations: 667.223 MiB, 7.23% gc time)


  0.551934 seconds (992.72 k allocations: 667.222 MiB, 29.39% gc time)


  0.419807 seconds (992.73 k allocations: 667.222 MiB, 7.09% gc time)


  0.554666 seconds (992.72 k allocations: 667.222 MiB, 29.98% gc time)


  0.438527 seconds (992.73 k allocations: 667.222 MiB, 11.09% gc time)


  0.547041 seconds (992.73 k allocations: 667.222 MiB, 30.37% gc time)


  0.433659 seconds (992.73 k allocations: 667.222 MiB, 8.45% gc time)


  0.451179 seconds (992.73 k allocations: 667.222 MiB, 10.08% gc time)


  0.558707 seconds (992.72 k allocations: 667.221 MiB, 30.09% gc time)


  0.432649 seconds (992.74 k allocations: 667.223 MiB, 6.10% gc time)


  0.559376 seconds (992.72 k allocations: 667.222 MiB, 30.43% gc time)


  0.431123 seconds (992.72 k allocations: 667.222 MiB, 5.50% gc time)


Numero de qubits: 55 
Threads (LinearAlgebra) :15
Threads (Julia) :1


  0.575480 seconds (1.02 M allocations: 678.088 MiB, 29.76% gc time)


  0.429684 seconds (1.02 M allocations: 678.086 MiB, 8.26% gc time)


  0.557454 seconds (1.02 M allocations: 678.086 MiB, 29.67% gc time)


  0.415777 seconds (1.02 M allocations: 678.087 MiB, 5.24% gc time)


  0.559730 seconds (1.02 M allocations: 678.087 MiB, 29.65% gc time)


  0.446519 seconds (1.02 M allocations: 678.086 MiB, 11.48% gc time)


  0.551391 seconds (1.02 M allocations: 678.087 MiB, 30.26% gc time)


  0.446914 seconds (1.02 M allocations: 678.088 MiB, 9.34% gc time)


  0.573939 seconds (1.02 M allocations: 678.087 MiB, 29.26% gc time)


  0.443337 seconds (1.02 M allocations: 678.088 MiB, 8.27% gc time)


  0.455728 seconds (1.02 M allocations: 678.088 MiB, 9.77% gc time)


  0.565532 seconds (1.02 M allocations: 678.088 MiB, 29.92% gc time)


  0.438843 seconds (1.02 M allocations: 678.087 MiB, 6.25% gc time)


  0.572602 seconds (1.02 M allocations: 678.086 MiB, 30.48% gc time)


  0.444097 seconds (1.02 M allocations: 678.088 MiB, 6.88% gc time)


  0.580380 seconds (1.02 M allocations: 678.088 MiB, 30.86% gc time)


  0.458885 seconds (1.02 M allocations: 678.086 MiB, 8.33% gc time)


  0.574557 seconds (1.02 M allocations: 678.087 MiB, 29.08% gc time)


  0.463995 seconds (1.02 M allocations: 678.086 MiB, 10.82% gc time)


  0.569251 seconds (1.02 M allocations: 678.087 MiB, 29.20% gc time)


  0.446899 seconds (1.02 M allocations: 678.087 MiB, 8.64% gc time)


Numero de qubits: 56 
Threads (LinearAlgebra) :15
Threads (Julia) :1


  0.591605 seconds (1.04 M allocations: 695.719 MiB, 29.37% gc time)


  0.453839 seconds (1.04 M allocations: 695.718 MiB, 8.55% gc time)


  0.577916 seconds (1.04 M allocations: 695.718 MiB, 28.85% gc time)


  0.453994 seconds (1.04 M allocations: 695.718 MiB, 8.41% gc time)


  0.580709 seconds (1.04 M allocations: 695.719 MiB, 28.62% gc time)


  0.466040 seconds (1.04 M allocations: 695.719 MiB, 9.91% gc time)


  0.578623 seconds (1.04 M allocations: 695.717 MiB, 28.83% gc time)


  0.458751 seconds (1.04 M allocations: 695.719 MiB, 9.03% gc time)


  0.589306 seconds (1.04 M allocations: 695.719 MiB, 29.05% gc time)


  0.434743 seconds (1.04 M allocations: 695.718 MiB, 4.28% gc time)


  0.588403 seconds (1.04 M allocations: 695.720 MiB, 28.81% gc time)


  0.444104 seconds (1.04 M allocations: 695.720 MiB, 6.44% gc time)


  0.590943 seconds (1.04 M allocations: 695.719 MiB, 28.84% gc time)


  0.443670 seconds (1.04 M allocations: 695.719 MiB, 6.60% gc time)


  0.591484 seconds (1.04 M allocations: 695.718 MiB, 28.79% gc time)


  0.445130 seconds (1.04 M allocations: 695.718 MiB, 6.65% gc time)


  0.588674 seconds (1.04 M allocations: 695.719 MiB, 28.79% gc time)


  0.443787 seconds (1.04 M allocations: 695.719 MiB, 6.58% gc time)


  0.589306 seconds (1.04 M allocations: 695.719 MiB, 28.76% gc time)


  0.443452 seconds (1.04 M allocations: 695.718 MiB, 6.47% gc time)


  0.590635 seconds (1.04 M allocations: 695.719 MiB, 28.74% gc time)


Numero de qubits: 57 
Threads (LinearAlgebra) :15
Threads (Julia) :1


  0.456989 seconds (1.06 M allocations: 706.630 MiB, 7.61% gc time)


  0.590032 seconds (1.06 M allocations: 706.631 MiB, 28.76% gc time)


  0.452583 seconds (1.06 M allocations: 706.632 MiB, 7.15% gc time)


  0.596104 seconds (1.06 M allocations: 706.632 MiB, 28.83% gc time)


  0.438987 seconds (1.06 M allocations: 706.632 MiB, 4.35% gc time)


  0.611498 seconds (1.06 M allocations: 706.630 MiB, 30.83% gc time)


  0.437380 seconds (1.06 M allocations: 706.630 MiB, 4.28% gc time)


  0.593565 seconds (1.06 M allocations: 706.630 MiB, 28.78% gc time)


  0.438165 seconds (1.06 M allocations: 706.632 MiB, 4.26% gc time)


  0.593735 seconds (1.06 M allocations: 706.630 MiB, 28.70% gc time)


  0.438090 seconds (1.06 M allocations: 706.631 MiB, 4.27% gc time)


  0.591385 seconds (1.06 M allocations: 706.631 MiB, 28.63% gc time)


  0.446867 seconds (1.06 M allocations: 706.630 MiB, 5.93% gc time)


  0.594861 seconds (1.06 M allocations: 706.629 MiB, 28.81% gc time)


  0.437857 seconds (1.06 M allocations: 706.633 MiB, 4.31% gc time)


  0.591640 seconds (1.06 M allocations: 706.631 MiB, 28.75% gc time)


  0.439125 seconds (1.06 M allocations: 706.632 MiB, 4.64% gc time)


  0.587237 seconds (1.06 M allocations: 706.631 MiB, 28.19% gc time)


  0.461650 seconds (1.06 M allocations: 706.632 MiB, 7.26% gc time)


  0.625778 seconds (1.06 M allocations: 706.632 MiB, 26.75% gc time)


  0.457150 seconds (1.06 M allocations: 706.631 MiB, 5.04% gc time)


Numero de qubits: 58 
Threads (LinearAlgebra) :15
Threads (Julia) :1


  0.615797 seconds (1.08 M allocations: 726.366 MiB, 28.04% gc time)


  0.470234 seconds (1.08 M allocations: 726.365 MiB, 5.25% gc time)


  0.604346 seconds (1.08 M allocations: 726.364 MiB, 27.79% gc time)


  0.470415 seconds (1.08 M allocations: 726.366 MiB, 5.11% gc time)


  0.600853 seconds (1.08 M allocations: 726.367 MiB, 27.64% gc time)


  0.471869 seconds (1.08 M allocations: 726.365 MiB, 5.23% gc time)


  0.604338 seconds (1.08 M allocations: 726.367 MiB, 27.70% gc time)


  0.470503 seconds (1.08 M allocations: 726.367 MiB, 5.14% gc time)


  0.604062 seconds (1.08 M allocations: 726.368 MiB, 27.80% gc time)


  0.470190 seconds (1.08 M allocations: 726.366 MiB, 5.08% gc time)


  0.601888 seconds (1.08 M allocations: 726.366 MiB, 27.61% gc time)


  0.449642 seconds (1.08 M allocations: 726.366 MiB, 5.40% gc time)


  0.591215 seconds (1.08 M allocations: 726.367 MiB, 28.37% gc time)


  0.448354 seconds (1.08 M allocations: 726.366 MiB, 5.31% gc time)


  0.592108 seconds (1.08 M allocations: 726.366 MiB, 28.51% gc time)


  0.447045 seconds (1.08 M allocations: 726.365 MiB, 5.25% gc time)


  0.594574 seconds (1.08 M allocations: 726.367 MiB, 28.72% gc time)


  0.451216 seconds (1.08 M allocations: 726.366 MiB, 5.42% gc time)


  0.608794 seconds (1.08 M allocations: 726.366 MiB, 30.36% gc time)


  0.448021 seconds (1.08 M allocations: 726.365 MiB, 5.12% gc time)


  0.587273 seconds (1.08 M allocations: 726.368 MiB, 28.36% gc time)


Numero de qubits: 59 
Threads (LinearAlgebra) :15
Threads (Julia) :1


  0.461224 seconds (1.11 M allocations: 737.325 MiB, 6.69% gc time)


  0.592262 seconds (1.11 M allocations: 737.325 MiB, 28.20% gc time)


  0.471202 seconds (1.11 M allocations: 737.326 MiB, 8.93% gc time)


  0.590885 seconds (1.11 M allocations: 737.325 MiB, 28.34% gc time)


  0.471346 seconds (1.11 M allocations: 737.326 MiB, 8.92% gc time)


  0.591120 seconds (1.11 M allocations: 737.326 MiB, 27.96% gc time)


  0.471643 seconds (1.11 M allocations: 737.326 MiB, 8.63% gc time)


  0.590707 seconds (1.11 M allocations: 737.326 MiB, 28.07% gc time)


  0.470491 seconds (1.11 M allocations: 737.325 MiB, 8.62% gc time)


  0.592660 seconds (1.11 M allocations: 737.325 MiB, 27.94% gc time)


  0.463125 seconds (1.11 M allocations: 737.326 MiB, 7.25% gc time)


  0.599038 seconds (1.11 M allocations: 737.326 MiB, 28.31% gc time)


  0.465090 seconds (1.11 M allocations: 737.327 MiB, 7.51% gc time)


  0.593724 seconds (1.11 M allocations: 737.326 MiB, 28.04% gc time)


  0.452997 seconds (1.11 M allocations: 737.326 MiB, 5.41% gc time)


  0.594530 seconds (1.11 M allocations: 737.326 MiB, 28.25% gc time)


  0.454153 seconds (1.11 M allocations: 737.325 MiB, 5.29% gc time)


  0.594263 seconds (1.11 M allocations: 737.326 MiB, 28.25% gc time)


  0.454327 seconds (1.11 M allocations: 737.326 MiB, 5.39% gc time)


  0.595627 seconds (1.11 M allocations: 737.326 MiB, 28.23% gc time)


  0.454503 seconds (1.11 M allocations: 737.326 MiB, 5.38% gc time)


Numero de qubits: 60 
Threads (LinearAlgebra) :15
Threads (Julia) :1


  0.614575 seconds (1.13 M allocations: 755.109 MiB, 28.08% gc time)


  0.466497 seconds (1.13 M allocations: 755.107 MiB, 6.38% gc time)


  0.599736 seconds (1.13 M allocations: 755.107 MiB, 27.90% gc time)


  0.481664 seconds (1.13 M allocations: 755.108 MiB, 8.75% gc time)


  0.612138 seconds (1.13 M allocations: 755.107 MiB, 27.27% gc time)


  0.497824 seconds (1.13 M allocations: 755.107 MiB, 8.49% gc time)


  0.607349 seconds (1.13 M allocations: 755.107 MiB, 27.46% gc time)


  0.470701 seconds (1.13 M allocations: 755.106 MiB, 6.77% gc time)


  0.599964 seconds (1.13 M allocations: 755.108 MiB, 27.66% gc time)


  0.471503 seconds (1.13 M allocations: 755.108 MiB, 6.76% gc time)


  0.602860 seconds (1.13 M allocations: 755.106 MiB, 27.87% gc time)


  0.482618 seconds (1.13 M allocations: 755.107 MiB, 8.83% gc time)


  0.600213 seconds (1.13 M allocations: 755.107 MiB, 27.86% gc time)


  0.480963 seconds (1.13 M allocations: 755.108 MiB, 8.67% gc time)


  0.599883 seconds (1.13 M allocations: 755.108 MiB, 27.65% gc time)


  0.471483 seconds (1.13 M allocations: 755.107 MiB, 6.73% gc time)


  0.600572 seconds (1.13 M allocations: 755.107 MiB, 27.84% gc time)


  0.482841 seconds (1.13 M allocations: 755.107 MiB, 8.83% gc time)


  0.599385 seconds (1.13 M allocations: 755.107 MiB, 27.74% gc time)


  0.480038 seconds (1.13 M allocations: 755.108 MiB, 8.56% gc time)


  0.600027 seconds (1.13 M allocations: 755.107 MiB, 27.75% gc time)


