Numero de qubits: 20 
Threads (LinearAlgebra) :15
Threads (Julia) :1


 40.292648 seconds (88.64 M allocations: 22.466 GiB, 9.84% gc time, 52.70% compilation time)


 18.581784 seconds (720.66 k allocations: 18.107 GiB, 16.97% gc time)


 18.505249 seconds (720.65 k allocations: 18.107 GiB, 16.21% gc time)


 19.813364 seconds (4.60 M allocations: 18.298 GiB, 15.85% gc time, 5.66% compilation time)


 18.629887 seconds (720.66 k allocations: 18.107 GiB, 16.13% gc time)


 18.707379 seconds (720.66 k allocations: 18.107 GiB, 16.69% gc time)


 18.641585 seconds (720.65 k allocations: 18.107 GiB, 16.67% gc time)


 18.466429 seconds (720.63 k allocations: 18.107 GiB, 16.14% gc time)


 17.932578 seconds (720.66 k allocations: 18.119 GiB, 16.57% gc time)


 18.560728 seconds (720.67 k allocations: 18.107 GiB, 16.07% gc time)


 18.829446 seconds (720.67 k allocations: 18.107 GiB, 17.23% gc time)


 17.791766 seconds (720.65 k allocations: 18.118 GiB, 16.52% gc time)


 18.437421 seconds (720.66 k allocations: 18.107 GiB, 15.86% gc time)


 18.597045 seconds (720.65 k allocations: 18.107 GiB, 16.55% gc time)


 18.501206 seconds (720.68 k allocations: 18.107 GiB, 15.87% gc time)


 18.595783 seconds (720.66 k allocations: 18.107 GiB, 16.43% gc time)


 18.490733 seconds (720.66 k allocations: 18.107 GiB, 15.78% gc time)


 18.432980 seconds (720.67 k allocations: 18.107 GiB, 15.92% gc time)


 17.898668 seconds (720.65 k allocations: 18.118 GiB, 16.48% gc time)


 18.589273 seconds (720.65 k allocations: 18.107 GiB, 16.54% gc time)


 17.829452 seconds (720.65 k allocations: 18.118 GiB, 16.37% gc time)


