Numero de qubits: 15 
Threads (LinearAlgebra) :13
Threads (Julia) :1


 22.332935 seconds (88.42 M allocations: 5.156 GiB, 4.77% gc time, 96.30% compilation time)


  0.591293 seconds (506.42 k allocations: 816.756 MiB, 4.17% gc time)


  1.738741 seconds (4.38 M allocations: 1011.364 MiB, 2.67% gc time, 64.52% compilation time)


  0.753049 seconds (506.42 k allocations: 816.756 MiB, 24.11% gc time)


  0.585729 seconds (506.41 k allocations: 816.756 MiB, 3.97% gc time)


  0.738249 seconds (506.41 k allocations: 816.756 MiB, 23.58% gc time)


  0.586588 seconds (506.41 k allocations: 816.756 MiB, 3.81% gc time)


  0.772160 seconds (506.41 k allocations: 816.756 MiB, 25.34% gc time)


  0.569896 seconds (506.40 k allocations: 816.755 MiB, 2.95% gc time)


  0.647097 seconds (506.41 k allocations: 816.756 MiB, 3.64% gc time)


  0.796655 seconds (506.42 k allocations: 816.756 MiB, 22.80% gc time)


  0.647078 seconds (506.40 k allocations: 816.755 MiB, 3.72% gc time)


  0.808124 seconds (506.43 k allocations: 816.757 MiB, 22.03% gc time)


  0.623751 seconds (506.40 k allocations: 816.755 MiB, 3.13% gc time)


  0.649091 seconds (506.42 k allocations: 816.756 MiB, 3.76% gc time)


  0.779398 seconds (506.41 k allocations: 816.756 MiB, 23.35% gc time)


  0.652672 seconds (506.43 k allocations: 816.757 MiB, 4.15% gc time)


  0.808230 seconds (506.43 k allocations: 816.757 MiB, 22.07% gc time)


  0.634609 seconds (506.42 k allocations: 816.756 MiB, 3.45% gc time)


  0.809653 seconds (506.41 k allocations: 816.756 MiB, 23.43% gc time)


  0.647153 seconds (506.42 k allocations: 816.756 MiB, 2.76% gc time)


Numero de qubits: 16 
Threads (LinearAlgebra) :13
Threads (Julia) :1


  1.600782 seconds (544.55 k allocations: 1.633 GiB, 12.48% gc time)


  1.803354 seconds (544.54 k allocations: 1.633 GiB, 22.47% gc time)


  1.628740 seconds (544.54 k allocations: 1.633 GiB, 14.40% gc time)


  1.525406 seconds (544.55 k allocations: 1.633 GiB, 16.25% gc time)


  1.531282 seconds (544.53 k allocations: 1.633 GiB, 23.06% gc time)


  1.371267 seconds (544.54 k allocations: 1.633 GiB, 13.69% gc time)


  1.394970 seconds (544.55 k allocations: 1.633 GiB, 13.91% gc time)


  1.517129 seconds (544.56 k allocations: 1.633 GiB, 23.15% gc time)


  1.407772 seconds (544.55 k allocations: 1.633 GiB, 13.68% gc time)


  1.405129 seconds (544.55 k allocations: 1.633 GiB, 14.09% gc time)


  1.413392 seconds (544.53 k allocations: 1.633 GiB, 13.49% gc time)


  1.592147 seconds (544.54 k allocations: 1.633 GiB, 22.05% gc time)


  1.491640 seconds (544.54 k allocations: 1.633 GiB, 14.37% gc time)


  1.406620 seconds (544.55 k allocations: 1.633 GiB, 15.39% gc time)


  1.547266 seconds (544.54 k allocations: 1.633 GiB, 22.31% gc time)


  1.397510 seconds (544.55 k allocations: 1.633 GiB, 13.56% gc time)


  1.409869 seconds (544.53 k allocations: 1.633 GiB, 13.67% gc time)


  1.545047 seconds (544.54 k allocations: 1.633 GiB, 22.63% gc time)


  1.373485 seconds (544.55 k allocations: 1.633 GiB, 13.53% gc time)


  1.381280 seconds (544.56 k allocations: 1.633 GiB, 13.96% gc time)


  1.550902 seconds (544.53 k allocations: 1.633 GiB, 22.58% gc time)


Numero de qubits: 17 
Threads (LinearAlgebra) :13
Threads (Julia) :1


  2.196164 seconds (584.82 k allocations: 2.521 GiB, 16.68% gc time)


  2.126015 seconds (584.82 k allocations: 2.521 GiB, 17.09% gc time)


  2.336110 seconds (584.83 k allocations: 2.521 GiB, 24.18% gc time)


  2.080063 seconds (584.82 k allocations: 2.521 GiB, 17.19% gc time)


  2.098929 seconds (584.82 k allocations: 2.521 GiB, 17.79% gc time)


  2.311519 seconds (584.85 k allocations: 2.521 GiB, 22.60% gc time)


  2.130418 seconds (584.83 k allocations: 2.521 GiB, 16.99% gc time)


  2.270383 seconds (584.82 k allocations: 2.521 GiB, 22.68% gc time)


  2.085218 seconds (584.83 k allocations: 2.521 GiB, 16.92% gc time)


  2.092524 seconds (584.83 k allocations: 2.521 GiB, 17.85% gc time)


  2.293949 seconds (584.84 k allocations: 2.521 GiB, 23.74% gc time)


  2.100093 seconds (584.83 k allocations: 2.521 GiB, 16.94% gc time)


  2.288409 seconds (584.83 k allocations: 2.521 GiB, 22.49% gc time)


  2.070790 seconds (584.82 k allocations: 2.521 GiB, 17.22% gc time)


  2.134926 seconds (584.81 k allocations: 2.521 GiB, 16.86% gc time)


  2.318725 seconds (584.83 k allocations: 2.521 GiB, 22.79% gc time)


  2.101295 seconds (584.82 k allocations: 2.521 GiB, 17.92% gc time)


  2.367297 seconds (584.83 k allocations: 2.521 GiB, 24.26% gc time)


  2.125362 seconds (584.83 k allocations: 2.521 GiB, 16.72% gc time)


  2.223946 seconds (584.81 k allocations: 2.521 GiB, 23.05% gc time)


  2.079708 seconds (584.82 k allocations: 2.521 GiB, 17.33% gc time)


Numero de qubits: 18 
Threads (LinearAlgebra) :13
Threads (Julia) :1


  4.926454 seconds (626.51 k allocations: 5.343 GiB, 20.63% gc time)


  4.926019 seconds (626.58 k allocations: 5.342 GiB, 17.38% gc time)


  5.201597 seconds (626.55 k allocations: 5.345 GiB, 21.25% gc time)


  5.038963 seconds (626.55 k allocations: 5.342 GiB, 19.82% gc time)


  4.817854 seconds (626.55 k allocations: 5.342 GiB, 16.82% gc time)


  5.072540 seconds (626.57 k allocations: 5.342 GiB, 19.94% gc time)


  4.926315 seconds (626.56 k allocations: 5.342 GiB, 19.56% gc time)


  4.974344 seconds (626.56 k allocations: 5.342 GiB, 19.76% gc time)


  5.004486 seconds (626.56 k allocations: 5.342 GiB, 19.88% gc time)


  5.024730 seconds (626.57 k allocations: 5.342 GiB, 19.72% gc time)


  5.010417 seconds (626.57 k allocations: 5.342 GiB, 19.24% gc time)


  5.007432 seconds (626.57 k allocations: 5.342 GiB, 19.61% gc time)


  5.126981 seconds (626.55 k allocations: 5.342 GiB, 19.79% gc time)


  5.065095 seconds (626.56 k allocations: 5.342 GiB, 19.07% gc time)


  5.005352 seconds (626.57 k allocations: 5.342 GiB, 19.45% gc time)


  5.096229 seconds (626.57 k allocations: 5.342 GiB, 19.31% gc time)


  5.019415 seconds (626.54 k allocations: 5.342 GiB, 19.53% gc time)


  5.012369 seconds (626.56 k allocations: 5.342 GiB, 19.52% gc time)


  4.966818 seconds (626.55 k allocations: 5.342 GiB, 19.45% gc time)


  4.996113 seconds (626.56 k allocations: 5.342 GiB, 19.47% gc time)


  5.001209 seconds (626.56 k allocations: 5.342 GiB, 19.77% gc time)


Numero de qubits: 19 
Threads (LinearAlgebra) :13
Threads (Julia) :1


  7.671858 seconds (667.52 k allocations: 8.377 GiB, 20.74% gc time)


  7.702962 seconds (667.54 k allocations: 8.377 GiB, 20.52% gc time)


  7.544565 seconds (667.53 k allocations: 8.377 GiB, 19.15% gc time)


  7.509966 seconds (667.53 k allocations: 8.377 GiB, 19.12% gc time)


  7.717815 seconds (667.53 k allocations: 8.377 GiB, 20.69% gc time)


  7.624383 seconds (667.54 k allocations: 8.377 GiB, 20.89% gc time)


  7.660041 seconds (667.53 k allocations: 8.377 GiB, 20.75% gc time)


  7.660496 seconds (667.53 k allocations: 8.377 GiB, 20.63% gc time)


  7.648800 seconds (667.52 k allocations: 8.377 GiB, 20.58% gc time)


  7.658533 seconds (667.52 k allocations: 8.377 GiB, 20.67% gc time)


  7.667248 seconds (667.54 k allocations: 8.377 GiB, 20.69% gc time)


  7.654874 seconds (667.53 k allocations: 8.377 GiB, 20.92% gc time)


  7.722557 seconds (667.54 k allocations: 8.377 GiB, 20.88% gc time)


  7.513807 seconds (667.51 k allocations: 8.377 GiB, 18.98% gc time)


  7.695386 seconds (667.55 k allocations: 8.377 GiB, 20.65% gc time)


  7.696076 seconds (667.55 k allocations: 8.377 GiB, 20.77% gc time)


  7.726644 seconds (667.54 k allocations: 8.377 GiB, 20.52% gc time)


  7.549335 seconds (667.53 k allocations: 8.377 GiB, 19.54% gc time)


  7.567315 seconds (667.52 k allocations: 8.377 GiB, 19.02% gc time)


  7.741819 seconds (667.54 k allocations: 8.377 GiB, 20.91% gc time)


  7.718020 seconds (667.54 k allocations: 8.377 GiB, 20.50% gc time)


Numero de qubits: 20 
Threads (LinearAlgebra) :13
Threads (Julia) :1


 19.533276 seconds (720.66 k allocations: 18.107 GiB, 16.79% gc time)


 19.253733 seconds (720.67 k allocations: 18.107 GiB, 16.31% gc time)


 18.816452 seconds (720.64 k allocations: 18.119 GiB, 16.84% gc time)


 19.471089 seconds (720.65 k allocations: 18.107 GiB, 17.00% gc time)


 19.537740 seconds (720.65 k allocations: 18.107 GiB, 17.05% gc time)


 19.508491 seconds (720.65 k allocations: 18.107 GiB, 16.91% gc time)


 18.830074 seconds (720.66 k allocations: 18.118 GiB, 17.56% gc time)


 19.526903 seconds (720.67 k allocations: 18.107 GiB, 17.05% gc time)


 19.409559 seconds (720.66 k allocations: 18.107 GiB, 16.98% gc time)


 19.410086 seconds (720.68 k allocations: 18.107 GiB, 16.89% gc time)


 19.368591 seconds (720.66 k allocations: 18.107 GiB, 16.43% gc time)


 18.779095 seconds (720.65 k allocations: 18.118 GiB, 16.81% gc time)


 19.571919 seconds (720.66 k allocations: 18.107 GiB, 16.86% gc time)


 19.396222 seconds (720.66 k allocations: 18.107 GiB, 16.43% gc time)


 19.416127 seconds (720.64 k allocations: 18.107 GiB, 17.05% gc time)


 19.456701 seconds (720.68 k allocations: 18.107 GiB, 16.24% gc time)


 19.473855 seconds (720.65 k allocations: 18.107 GiB, 16.99% gc time)


 19.023628 seconds (720.65 k allocations: 18.119 GiB, 17.23% gc time)


 19.457210 seconds (720.68 k allocations: 18.107 GiB, 17.08% gc time)


 19.355536 seconds (720.65 k allocations: 18.107 GiB, 17.21% gc time)


 18.751297 seconds (720.67 k allocations: 18.118 GiB, 17.58% gc time)


