Numero de qubits: 20 
Threads (LinearAlgebra) :15
Threads (Julia) :1


 21.260757 seconds (89.88 M allocations: 4.499 GiB, 3.38% gc time, 99.78% compilation time)


  0.033327 seconds (225.94 k allocations: 59.415 MiB, 19.29% gc time)


  0.368000 seconds (1.12 M allocations: 106.062 MiB, 2.13% gc time, 90.31% compilation time)


  0.032180 seconds (225.94 k allocations: 59.415 MiB, 18.40% gc time)


  0.028432 seconds (225.94 k allocations: 59.415 MiB, 9.26% gc time)


  0.577214 seconds (1.46 M allocations: 122.908 MiB, 2.24% gc time, 93.85% compilation time)


  0.031949 seconds (225.94 k allocations: 59.415 MiB, 17.86% gc time)


  0.028432 seconds (225.94 k allocations: 59.415 MiB, 9.54% gc time)


  0.028977 seconds (225.94 k allocations: 59.415 MiB, 11.91% gc time)


  0.027497 seconds (225.95 k allocations: 59.416 MiB, 8.48% gc time)


  0.027622 seconds (225.93 k allocations: 59.415 MiB, 8.54% gc time)


  0.028749 seconds (225.94 k allocations: 59.415 MiB, 11.70% gc time)


  0.027615 seconds (225.94 k allocations: 59.416 MiB, 8.59% gc time)


  0.028700 seconds (225.94 k allocations: 59.415 MiB, 11.93% gc time)


  0.027511 seconds (225.93 k allocations: 59.414 MiB, 8.32% gc time)


  0.027979 seconds (225.93 k allocations: 59.414 MiB, 8.77% gc time)


  0.028902 seconds (225.94 k allocations: 59.415 MiB, 12.01% gc time)


  0.027531 seconds (225.94 k allocations: 59.415 MiB, 8.34% gc time)


  0.029137 seconds (225.94 k allocations: 59.415 MiB, 12.23% gc time)


  0.027563 seconds (225.94 k allocations: 59.414 MiB, 8.26% gc time)


  0.027673 seconds (225.94 k allocations: 59.415 MiB, 8.48% gc time)


Numero de qubits: 21 
Threads (LinearAlgebra) :15
Threads (Julia) :1


  0.032281 seconds (239.52 k allocations: 62.755 MiB, 12.32% gc time)


  0.029427 seconds (239.51 k allocations: 62.754 MiB, 6.38% gc time)


  0.030806 seconds (239.51 k allocations: 62.754 MiB, 10.09% gc time)


  0.029818 seconds (239.50 k allocations: 62.754 MiB, 8.80% gc time)


  0.031007 seconds (239.49 k allocations: 62.753 MiB, 12.27% gc time)


  0.030294 seconds (239.51 k allocations: 62.754 MiB, 11.18% gc time)


  0.029214 seconds (239.51 k allocations: 62.754 MiB, 8.15% gc time)


  0.029118 seconds (239.51 k allocations: 62.754 MiB, 8.11% gc time)


  0.030579 seconds (239.51 k allocations: 62.754 MiB, 11.25% gc time)


  0.030959 seconds (239.50 k allocations: 62.754 MiB, 11.94% gc time)


  0.029293 seconds (239.50 k allocations: 62.754 MiB, 8.02% gc time)


  0.029410 seconds (239.51 k allocations: 62.754 MiB, 8.17% gc time)


  0.031134 seconds (239.51 k allocations: 62.754 MiB, 12.37% gc time)


  0.029508 seconds (239.51 k allocations: 62.754 MiB, 8.28% gc time)


  0.031369 seconds (239.50 k allocations: 62.754 MiB, 12.66% gc time)


  0.029882 seconds (239.50 k allocations: 62.753 MiB, 8.66% gc time)


  0.029890 seconds (239.50 k allocations: 62.754 MiB, 8.76% gc time)


  0.031747 seconds (239.51 k allocations: 62.755 MiB, 13.15% gc time)


  0.029723 seconds (239.51 k allocations: 62.754 MiB, 8.80% gc time)


  0.030216 seconds (239.51 k allocations: 62.754 MiB, 9.34% gc time)


  0.030424 seconds (239.50 k allocations: 62.753 MiB, 9.60% gc time)


Numero de qubits: 22 
Threads (LinearAlgebra) :15
Threads (Julia) :1


  0.029251 seconds (251.25 k allocations: 66.347 MiB)


  0.041727 seconds (251.25 k allocations: 66.347 MiB, 24.61% gc time)


  0.032701 seconds (251.24 k allocations: 66.347 MiB, 8.40% gc time)


  0.032211 seconds (251.24 k allocations: 66.347 MiB, 7.14% gc time)


  0.031754 seconds (251.25 k allocations: 66.348 MiB, 5.59% gc time)


  0.033575 seconds (251.25 k allocations: 66.348 MiB, 10.29% gc time)


  0.033265 seconds (251.25 k allocations: 66.347 MiB, 9.98% gc time)


  0.032815 seconds (251.24 k allocations: 66.347 MiB, 9.77% gc time)


  0.033057 seconds (251.25 k allocations: 66.347 MiB, 10.09% gc time)


  0.032817 seconds (251.25 k allocations: 66.347 MiB, 9.67% gc time)


  0.033157 seconds (251.23 k allocations: 66.345 MiB, 9.99% gc time)


  0.032956 seconds (251.23 k allocations: 66.347 MiB, 9.97% gc time)


  0.035482 seconds (251.24 k allocations: 66.347 MiB, 13.50% gc time)


  0.033306 seconds (251.25 k allocations: 66.348 MiB, 10.12% gc time)


  0.032772 seconds (251.25 k allocations: 66.347 MiB, 9.71% gc time)


  0.033282 seconds (251.25 k allocations: 66.348 MiB, 10.24% gc time)


  0.032864 seconds (251.24 k allocations: 66.347 MiB, 9.76% gc time)


  0.032983 seconds (251.25 k allocations: 66.348 MiB, 9.88% gc time)


  0.032966 seconds (251.23 k allocations: 66.347 MiB, 9.84% gc time)


  0.033046 seconds (251.24 k allocations: 66.346 MiB, 9.78% gc time)


  0.033724 seconds (251.23 k allocations: 66.346 MiB, 10.49% gc time)


Numero de qubits: 23 
Threads (LinearAlgebra) :15
Threads (Julia) :1


  0.038350 seconds (265.00 k allocations: 69.720 MiB, 18.15% gc time)


  0.049577 seconds (265.00 k allocations: 69.721 MiB, 36.65% gc time)


  0.035672 seconds (265.00 k allocations: 69.721 MiB, 12.37% gc time)


  0.034161 seconds (264.99 k allocations: 69.720 MiB, 8.02% gc time)


  0.033609 seconds (265.00 k allocations: 69.721 MiB, 6.25% gc time)


  0.035132 seconds (264.99 k allocations: 69.720 MiB, 10.95% gc time)


  0.035163 seconds (265.01 k allocations: 69.721 MiB, 10.28% gc time)


  0.034407 seconds (264.99 k allocations: 69.720 MiB, 9.46% gc time)


  0.034457 seconds (264.99 k allocations: 69.720 MiB, 9.68% gc time)


  0.033898 seconds (264.99 k allocations: 69.720 MiB, 9.26% gc time)


  0.034324 seconds (265.01 k allocations: 69.721 MiB, 9.51% gc time)


  0.034127 seconds (265.00 k allocations: 69.721 MiB, 9.49% gc time)


  0.035766 seconds (265.01 k allocations: 69.721 MiB, 13.54% gc time)


  0.034188 seconds (264.99 k allocations: 69.720 MiB, 9.36% gc time)


  0.034145 seconds (264.99 k allocations: 69.719 MiB, 9.50% gc time)


  0.034459 seconds (265.00 k allocations: 69.721 MiB, 9.86% gc time)


  0.033918 seconds (265.01 k allocations: 69.721 MiB, 9.38% gc time)


  0.034328 seconds (265.00 k allocations: 69.721 MiB, 9.76% gc time)


  0.034146 seconds (265.00 k allocations: 69.721 MiB, 9.48% gc time)


  0.034319 seconds (264.99 k allocations: 69.720 MiB, 9.64% gc time)


  0.034522 seconds (264.99 k allocations: 69.720 MiB, 10.00% gc time)


Numero de qubits: 24 
Threads (LinearAlgebra) :15
Threads (Julia) :1


  0.032779 seconds (276.83 k allocations: 73.182 MiB)


  0.046807 seconds (276.82 k allocations: 73.182 MiB, 27.29% gc time)


  0.037679 seconds (276.82 k allocations: 73.182 MiB, 10.60% gc time)


  0.035968 seconds (276.83 k allocations: 73.182 MiB, 7.57% gc time)


  0.035344 seconds (276.84 k allocations: 73.182 MiB, 5.84% gc time)


  0.037192 seconds (276.84 k allocations: 73.183 MiB, 10.55% gc time)


  0.036790 seconds (276.82 k allocations: 73.182 MiB, 9.82% gc time)


  0.036761 seconds (276.84 k allocations: 73.183 MiB, 10.04% gc time)


  0.036087 seconds (276.81 k allocations: 73.181 MiB, 9.53% gc time)


  0.036483 seconds (276.82 k allocations: 73.182 MiB, 9.98% gc time)


  0.036087 seconds (276.82 k allocations: 73.181 MiB, 9.47% gc time)


  0.036625 seconds (276.82 k allocations: 73.182 MiB, 9.90% gc time)


  0.036052 seconds (276.82 k allocations: 73.182 MiB, 9.46% gc time)


  0.036304 seconds (276.83 k allocations: 73.183 MiB, 9.65% gc time)


  0.036030 seconds (276.82 k allocations: 73.182 MiB, 9.73% gc time)


  0.036453 seconds (276.83 k allocations: 73.182 MiB, 9.80% gc time)


  0.036406 seconds (276.83 k allocations: 73.183 MiB, 9.82% gc time)


  0.038125 seconds (276.83 k allocations: 73.183 MiB, 13.77% gc time)


  0.036345 seconds (276.82 k allocations: 73.182 MiB, 9.50% gc time)


  0.036214 seconds (276.82 k allocations: 73.181 MiB, 9.64% gc time)


  0.036458 seconds (276.82 k allocations: 73.182 MiB, 9.94% gc time)


Numero de qubits: 25 
Threads (LinearAlgebra) :15
Threads (Julia) :1


  0.038210 seconds (290.77 k allocations: 76.590 MiB, 10.36% gc time)


  0.059245 seconds (290.75 k allocations: 76.589 MiB, 32.83% gc time)


  0.038383 seconds (290.76 k allocations: 76.590 MiB)


  0.035755 seconds (290.77 k allocations: 76.590 MiB)


  0.038359 seconds (290.77 k allocations: 76.590 MiB, 6.95% gc time)


  0.037676 seconds (290.76 k allocations: 76.589 MiB, 6.30% gc time)


  0.229583 seconds (290.76 k allocations: 76.589 MiB, 80.34% gc time)


  0.038065 seconds (290.76 k allocations: 76.589 MiB)


  0.044105 seconds (290.77 k allocations: 76.590 MiB)


  0.069642 seconds (290.76 k allocations: 76.589 MiB, 49.03% gc time)


  0.042764 seconds (290.75 k allocations: 76.589 MiB)


  0.081366 seconds (290.76 k allocations: 76.589 MiB, 52.99% gc time)


  0.033725 seconds (290.77 k allocations: 76.590 MiB)


  0.056026 seconds (290.77 k allocations: 76.590 MiB, 39.26% gc time)


  0.050434 seconds (290.77 k allocations: 76.590 MiB, 23.98% gc time)


  0.040351 seconds (290.77 k allocations: 76.590 MiB, 12.07% gc time)


  0.036646 seconds (290.76 k allocations: 76.589 MiB, 6.23% gc time)


  0.035959 seconds (290.76 k allocations: 76.589 MiB, 5.43% gc time)


  0.037516 seconds (290.78 k allocations: 76.591 MiB, 9.25% gc time)


  0.036566 seconds (290.76 k allocations: 76.589 MiB, 8.24% gc time)


  0.036183 seconds (290.76 k allocations: 76.589 MiB, 7.62% gc time)


Numero de qubits: 26 
Threads (LinearAlgebra) :15
Threads (Julia) :1


  0.039292 seconds (302.86 k allocations: 80.250 MiB, 9.35% gc time)


  0.052091 seconds (302.84 k allocations: 80.248 MiB, 23.51% gc time)


  0.040854 seconds (302.85 k allocations: 80.248 MiB, 9.08% gc time)


  0.040429 seconds (302.85 k allocations: 80.249 MiB, 9.70% gc time)


  0.039273 seconds (302.86 k allocations: 80.250 MiB, 8.30% gc time)


  0.038553 seconds (302.84 k allocations: 80.249 MiB, 7.54% gc time)


  0.038537 seconds (302.85 k allocations: 80.249 MiB, 7.51% gc time)


  0.038147 seconds (302.85 k allocations: 80.249 MiB, 7.21% gc time)


  0.040249 seconds (302.86 k allocations: 80.250 MiB, 10.96% gc time)


  0.038245 seconds (302.85 k allocations: 80.249 MiB, 7.06% gc time)


  0.038554 seconds (302.84 k allocations: 80.249 MiB, 7.48% gc time)


  0.040067 seconds (302.85 k allocations: 80.249 MiB, 10.91% gc time)


  0.038290 seconds (302.84 k allocations: 80.249 MiB, 7.14% gc time)


  0.040023 seconds (302.85 k allocations: 80.249 MiB, 10.84% gc time)


  0.038400 seconds (302.85 k allocations: 80.249 MiB, 7.32% gc time)


  0.038661 seconds (302.85 k allocations: 80.249 MiB, 7.56% gc time)


  0.038640 seconds (302.86 k allocations: 80.250 MiB, 7.42% gc time)


  0.038403 seconds (302.85 k allocations: 80.249 MiB, 7.42% gc time)


  0.038876 seconds (302.85 k allocations: 80.249 MiB, 7.42% gc time)


  0.038477 seconds (302.85 k allocations: 80.250 MiB, 7.25% gc time)


  0.038748 seconds (302.85 k allocations: 80.249 MiB, 7.53% gc time)


Numero de qubits: 27 
Threads (LinearAlgebra) :15
Threads (Julia) :1


  0.041498 seconds (316.98 k allocations: 83.691 MiB, 9.05% gc time)


  0.053690 seconds (316.98 k allocations: 83.691 MiB, 22.43% gc time)


  0.041313 seconds (316.98 k allocations: 83.691 MiB, 6.80% gc time)


  0.046875 seconds (316.97 k allocations: 83.691 MiB, 8.10% gc time)


  0.043660 seconds (316.97 k allocations: 83.690 MiB, 8.23% gc time)


  0.042610 seconds (316.98 k allocations: 83.691 MiB, 11.33% gc time)


  0.043452 seconds (316.99 k allocations: 83.691 MiB, 7.14% gc time)


  0.040553 seconds (316.98 k allocations: 83.691 MiB, 7.74% gc time)


  0.040481 seconds (316.98 k allocations: 83.691 MiB, 7.60% gc time)


  0.040426 seconds (316.97 k allocations: 83.690 MiB, 7.41% gc time)


  0.040725 seconds (316.97 k allocations: 83.691 MiB, 7.64% gc time)


  0.040281 seconds (316.96 k allocations: 83.689 MiB, 7.23% gc time)


  0.040848 seconds (316.98 k allocations: 83.691 MiB, 7.65% gc time)


  0.040269 seconds (316.97 k allocations: 83.690 MiB, 7.30% gc time)


  0.040631 seconds (316.97 k allocations: 83.690 MiB, 7.66% gc time)


  0.040169 seconds (316.98 k allocations: 83.691 MiB, 7.45% gc time)


  0.040284 seconds (316.99 k allocations: 83.692 MiB, 7.50% gc time)


  0.041669 seconds (316.98 k allocations: 83.691 MiB, 10.62% gc time)


  0.040350 seconds (316.98 k allocations: 83.691 MiB, 7.55% gc time)


  0.042007 seconds (316.98 k allocations: 83.691 MiB, 10.74% gc time)


  0.040563 seconds (316.97 k allocations: 83.689 MiB, 7.43% gc time)


Numero de qubits: 28 
Threads (LinearAlgebra) :15
Threads (Julia) :1


  0.043781 seconds (329.15 k allocations: 87.219 MiB)


  0.052432 seconds (329.15 k allocations: 87.219 MiB, 21.17% gc time)


  0.045624 seconds (329.16 k allocations: 87.220 MiB, 9.97% gc time)


  0.042142 seconds (329.15 k allocations: 87.219 MiB, 5.28% gc time)


  0.043824 seconds (329.16 k allocations: 87.220 MiB, 9.43% gc time)


  0.043086 seconds (329.15 k allocations: 87.219 MiB, 8.11% gc time)


  0.044775 seconds (329.15 k allocations: 87.219 MiB, 11.56% gc time)


  0.042598 seconds (329.14 k allocations: 87.217 MiB, 7.71% gc time)


  0.044528 seconds (329.13 k allocations: 87.218 MiB, 11.36% gc time)


  0.042806 seconds (329.16 k allocations: 87.220 MiB, 7.56% gc time)


  0.042542 seconds (329.14 k allocations: 87.217 MiB, 7.56% gc time)


  0.044942 seconds (329.16 k allocations: 87.220 MiB, 11.55% gc time)


  0.042665 seconds (329.15 k allocations: 87.219 MiB, 7.67% gc time)


  0.044890 seconds (329.16 k allocations: 87.220 MiB, 11.62% gc time)


  0.042752 seconds (329.15 k allocations: 87.219 MiB, 7.68% gc time)


  0.044904 seconds (329.14 k allocations: 87.217 MiB, 11.48% gc time)


  0.042947 seconds (329.15 k allocations: 87.219 MiB, 7.77% gc time)


  0.045015 seconds (329.16 k allocations: 87.220 MiB, 11.59% gc time)


  0.042893 seconds (329.17 k allocations: 87.220 MiB, 7.69% gc time)


  0.042392 seconds (329.15 k allocations: 87.218 MiB, 7.57% gc time)


  0.044778 seconds (329.14 k allocations: 87.219 MiB, 11.56% gc time)


Numero de qubits: 29 
Threads (LinearAlgebra) :15
Threads (Julia) :1


  0.044779 seconds (343.47 k allocations: 90.695 MiB, 8.59% gc time)


  0.057811 seconds (343.47 k allocations: 90.695 MiB, 21.49% gc time)


  0.047603 seconds (343.45 k allocations: 90.694 MiB, 11.27% gc time)


  0.045850 seconds (343.46 k allocations: 90.694 MiB, 8.94% gc time)


  0.052347 seconds (343.47 k allocations: 90.695 MiB, 17.33% gc time)


  0.045798 seconds (343.47 k allocations: 90.694 MiB, 8.08% gc time)


  0.044939 seconds (343.46 k allocations: 90.695 MiB, 7.58% gc time)


  0.046915 seconds (343.46 k allocations: 90.695 MiB, 11.38% gc time)


  0.044552 seconds (343.47 k allocations: 90.695 MiB, 7.50% gc time)


  0.046929 seconds (343.47 k allocations: 90.694 MiB, 11.53% gc time)


  0.046507 seconds (343.47 k allocations: 90.695 MiB, 11.13% gc time)


  0.044832 seconds (343.46 k allocations: 90.695 MiB, 7.81% gc time)


  0.044670 seconds (343.46 k allocations: 90.695 MiB, 7.76% gc time)


  0.046682 seconds (343.46 k allocations: 90.695 MiB, 11.44% gc time)


  0.044988 seconds (343.46 k allocations: 90.695 MiB, 7.78% gc time)


  0.044595 seconds (343.46 k allocations: 90.694 MiB, 7.59% gc time)


  0.047152 seconds (343.47 k allocations: 90.694 MiB, 11.68% gc time)


  0.046805 seconds (343.46 k allocations: 90.694 MiB, 11.29% gc time)


  0.044700 seconds (343.47 k allocations: 90.695 MiB, 7.71% gc time)


  0.047055 seconds (343.48 k allocations: 90.695 MiB, 11.58% gc time)


  0.046582 seconds (343.46 k allocations: 90.695 MiB, 11.11% gc time)


Numero de qubits: 30 
Threads (LinearAlgebra) :15
Threads (Julia) :1


  0.050490 seconds (355.90 k allocations: 94.422 MiB, 12.16% gc time)


  0.067090 seconds (355.89 k allocations: 94.421 MiB, 25.47% gc time)


  0.051487 seconds (355.89 k allocations: 94.421 MiB, 12.96% gc time)


  0.046073 seconds (355.89 k allocations: 94.420 MiB, 5.19% gc time)


  0.047722 seconds (355.90 k allocations: 94.422 MiB, 8.56% gc time)


  0.046950 seconds (355.90 k allocations: 94.421 MiB, 7.90% gc time)


  0.047110 seconds (355.91 k allocations: 94.422 MiB, 8.15% gc time)


  0.048808 seconds (355.89 k allocations: 94.421 MiB, 11.34% gc time)


  0.049115 seconds (355.90 k allocations: 94.421 MiB, 11.37% gc time)


  0.049502 seconds (355.91 k allocations: 94.422 MiB, 11.60% gc time)


  0.046862 seconds (355.91 k allocations: 94.422 MiB, 7.66% gc time)


  0.049290 seconds (355.89 k allocations: 94.420 MiB, 11.69% gc time)


  0.048880 seconds (355.89 k allocations: 94.421 MiB, 11.33% gc time)


  0.049069 seconds (355.88 k allocations: 94.420 MiB, 11.28% gc time)


  0.049211 seconds (355.89 k allocations: 94.421 MiB, 11.45% gc time)


  0.046710 seconds (355.89 k allocations: 94.421 MiB, 7.73% gc time)


  0.047069 seconds (355.89 k allocations: 94.421 MiB, 7.91% gc time)


  0.048707 seconds (355.89 k allocations: 94.421 MiB, 11.38% gc time)


  0.048322 seconds (355.90 k allocations: 94.421 MiB, 11.14% gc time)


  0.048622 seconds (355.90 k allocations: 94.421 MiB, 11.41% gc time)


  0.048648 seconds (355.91 k allocations: 94.422 MiB, 11.30% gc time)


Numero de qubits: 31 
Threads (LinearAlgebra) :15
Threads (Julia) :1


  0.049053 seconds (370.40 k allocations: 97.931 MiB, 8.43% gc time)


  0.061878 seconds (370.40 k allocations: 97.931 MiB, 19.02% gc time)


  0.051758 seconds (370.41 k allocations: 97.932 MiB, 11.23% gc time)


  0.050147 seconds (370.41 k allocations: 97.930 MiB, 9.39% gc time)


  0.049599 seconds (370.40 k allocations: 97.931 MiB, 8.33% gc time)


  0.050800 seconds (370.39 k allocations: 97.931 MiB, 11.71% gc time)


  0.050727 seconds (370.40 k allocations: 97.931 MiB, 11.36% gc time)


  0.048623 seconds (370.39 k allocations: 97.931 MiB, 7.90% gc time)


  0.048229 seconds (370.40 k allocations: 97.931 MiB, 7.72% gc time)


  0.050738 seconds (370.38 k allocations: 97.930 MiB, 11.61% gc time)


  0.050821 seconds (370.39 k allocations: 97.931 MiB, 11.40% gc time)


  0.050717 seconds (370.39 k allocations: 97.931 MiB, 11.25% gc time)


  0.050894 seconds (370.40 k allocations: 97.931 MiB, 11.50% gc time)


  0.050821 seconds (370.41 k allocations: 97.932 MiB, 11.37% gc time)


  0.048473 seconds (370.40 k allocations: 97.931 MiB, 7.67% gc time)


  0.048801 seconds (370.39 k allocations: 97.930 MiB, 8.11% gc time)


  0.048257 seconds (370.39 k allocations: 97.931 MiB, 7.68% gc time)


  0.050857 seconds (370.39 k allocations: 97.931 MiB, 11.69% gc time)


  0.050827 seconds (370.39 k allocations: 97.930 MiB, 11.41% gc time)


  0.050287 seconds (370.40 k allocations: 97.931 MiB, 11.00% gc time)


  0.050846 seconds (370.39 k allocations: 97.930 MiB, 11.46% gc time)


Numero de qubits: 32 
Threads (LinearAlgebra) :15
Threads (Julia) :1


  0.057574 seconds (382.92 k allocations: 101.526 MiB, 15.02% gc time)


  0.067503 seconds (382.92 k allocations: 101.526 MiB, 25.72% gc time)


  0.059891 seconds (382.93 k allocations: 101.526 MiB, 17.67% gc time)


  0.052250 seconds (382.91 k allocations: 101.524 MiB, 9.65% gc time)


  0.051563 seconds (382.93 k allocations: 101.526 MiB, 8.50% gc time)


  0.050614 seconds (382.91 k allocations: 101.525 MiB, 7.64% gc time)


  0.052955 seconds (382.92 k allocations: 101.526 MiB, 11.56% gc time)


  0.052892 seconds (382.93 k allocations: 101.526 MiB, 11.26% gc time)


  0.052500 seconds (382.90 k allocations: 101.525 MiB, 11.13% gc time)


  0.052843 seconds (382.91 k allocations: 101.525 MiB, 11.49% gc time)


  0.052661 seconds (382.91 k allocations: 101.526 MiB, 11.24% gc time)


  0.052565 seconds (382.93 k allocations: 101.526 MiB, 11.24% gc time)


  0.052858 seconds (382.93 k allocations: 101.525 MiB, 11.59% gc time)


  0.053022 seconds (382.93 k allocations: 101.526 MiB, 11.49% gc time)


  0.052507 seconds (382.93 k allocations: 101.527 MiB, 11.07% gc time)


  0.052898 seconds (382.93 k allocations: 101.526 MiB, 11.56% gc time)


  0.052640 seconds (382.90 k allocations: 101.525 MiB, 11.30% gc time)


  0.052457 seconds (382.91 k allocations: 101.525 MiB, 11.23% gc time)


  0.052742 seconds (382.92 k allocations: 101.526 MiB, 11.42% gc time)


  0.055673 seconds (382.91 k allocations: 101.525 MiB, 13.45% gc time)


  0.052507 seconds (382.92 k allocations: 101.526 MiB, 11.15% gc time)


Numero de qubits: 33 
Threads (LinearAlgebra) :15
Threads (Julia) :1


  0.055546 seconds (397.62 k allocations: 105.071 MiB, 9.68% gc time)


  0.069691 seconds (397.61 k allocations: 105.070 MiB, 24.72% gc time)


  0.051650 seconds (397.61 k allocations: 105.070 MiB, 5.24% gc time)


  0.056392 seconds (397.61 k allocations: 105.070 MiB, 12.89% gc time)


  0.055262 seconds (397.60 k allocations: 105.069 MiB, 11.71% gc time)


  0.052895 seconds (397.61 k allocations: 105.069 MiB, 8.09% gc time)


  0.052121 seconds (397.60 k allocations: 105.070 MiB, 7.79% gc time)


  0.052269 seconds (397.60 k allocations: 105.070 MiB, 7.81% gc time)


  0.052540 seconds (397.59 k allocations: 105.069 MiB, 8.03% gc time)


  0.052361 seconds (397.60 k allocations: 105.069 MiB, 7.72% gc time)


  0.052361 seconds (397.61 k allocations: 105.070 MiB, 7.92% gc time)


  0.052619 seconds (397.60 k allocations: 105.070 MiB, 8.15% gc time)


  0.052227 seconds (397.62 k allocations: 105.070 MiB, 7.75% gc time)


  0.052149 seconds (397.59 k allocations: 105.069 MiB, 7.68% gc time)


  0.054900 seconds (397.60 k allocations: 105.069 MiB, 11.41% gc time)


  0.055000 seconds (397.62 k allocations: 105.071 MiB, 11.52% gc time)


  0.054482 seconds (397.59 k allocations: 105.069 MiB, 11.04% gc time)


  0.054965 seconds (397.60 k allocations: 105.068 MiB, 11.51% gc time)


  0.054822 seconds (397.61 k allocations: 105.069 MiB, 11.45% gc time)


  0.054278 seconds (397.59 k allocations: 105.069 MiB, 11.07% gc time)


  0.054671 seconds (397.61 k allocations: 105.070 MiB, 11.42% gc time)


Numero de qubits: 34 
Threads (LinearAlgebra) :15
Threads (Julia) :1


  0.068397 seconds (410.38 k allocations: 108.863 MiB, 19.82% gc time)


  0.059362 seconds (410.40 k allocations: 108.864 MiB, 10.83% gc time)


  0.056329 seconds (410.40 k allocations: 108.864 MiB, 9.53% gc time)


  0.058141 seconds (410.39 k allocations: 108.863 MiB, 12.37% gc time)


  0.057256 seconds (410.38 k allocations: 108.862 MiB, 11.70% gc time)


  0.057031 seconds (410.38 k allocations: 108.862 MiB, 11.39% gc time)


  0.056751 seconds (410.39 k allocations: 108.863 MiB, 11.26% gc time)


  0.056951 seconds (410.38 k allocations: 108.863 MiB, 11.24% gc time)


  0.057047 seconds (410.38 k allocations: 108.863 MiB, 11.09% gc time)


  0.057049 seconds (410.38 k allocations: 108.862 MiB, 11.39% gc time)


  0.056996 seconds (410.39 k allocations: 108.863 MiB, 11.19% gc time)


  0.057004 seconds (410.38 k allocations: 108.862 MiB, 11.51% gc time)


  0.057026 seconds (410.39 k allocations: 108.863 MiB, 11.22% gc time)


  0.056606 seconds (410.38 k allocations: 108.863 MiB, 11.14% gc time)


  0.057087 seconds (410.39 k allocations: 108.863 MiB, 11.27% gc time)


  0.057521 seconds (410.39 k allocations: 108.863 MiB, 11.44% gc time)


  0.057194 seconds (410.38 k allocations: 108.862 MiB, 11.54% gc time)


  0.056971 seconds (410.37 k allocations: 108.862 MiB, 11.10% gc time)


  0.058764 seconds (410.40 k allocations: 108.864 MiB, 14.16% gc time)


  0.057337 seconds (410.37 k allocations: 108.862 MiB, 11.54% gc time)


  0.056963 seconds (410.38 k allocations: 108.862 MiB, 11.33% gc time)


Numero de qubits: 35 
Threads (LinearAlgebra) :15
Threads (Julia) :1


  0.058927 seconds (425.26 k allocations: 112.441 MiB, 7.70% gc time)


  0.063666 seconds (425.26 k allocations: 112.441 MiB, 12.64% gc time)


  0.058422 seconds (425.26 k allocations: 112.442 MiB, 9.62% gc time)


  0.060038 seconds (425.26 k allocations: 112.441 MiB, 12.28% gc time)


  0.058740 seconds (425.26 k allocations: 112.441 MiB, 11.41% gc time)


  0.058972 seconds (425.25 k allocations: 112.441 MiB, 11.02% gc time)


  0.059120 seconds (425.25 k allocations: 112.441 MiB, 11.53% gc time)


  0.059424 seconds (425.25 k allocations: 112.441 MiB, 11.71% gc time)


  0.058855 seconds (425.25 k allocations: 112.441 MiB, 11.00% gc time)


  0.058635 seconds (425.26 k allocations: 112.441 MiB, 11.16% gc time)


  0.058998 seconds (425.26 k allocations: 112.441 MiB, 11.43% gc time)


  0.059141 seconds (425.26 k allocations: 112.441 MiB, 11.42% gc time)


  0.058256 seconds (425.25 k allocations: 112.441 MiB, 10.88% gc time)


  0.058668 seconds (425.25 k allocations: 112.440 MiB, 11.11% gc time)


  0.059122 seconds (425.25 k allocations: 112.441 MiB, 11.42% gc time)


  0.058703 seconds (425.25 k allocations: 112.441 MiB, 11.20% gc time)


  0.058480 seconds (425.25 k allocations: 112.439 MiB, 11.13% gc time)


  0.058786 seconds (425.25 k allocations: 112.441 MiB, 11.03% gc time)


  0.060744 seconds (425.25 k allocations: 112.440 MiB, 14.02% gc time)


  0.059241 seconds (425.27 k allocations: 112.442 MiB, 11.49% gc time)


  0.058658 seconds (425.25 k allocations: 112.441 MiB, 11.19% gc time)


Numero de qubits: 36 
Threads (LinearAlgebra) :15
Threads (Julia) :1


  0.075585 seconds (438.14 k allocations: 116.112 MiB, 23.32% gc time)


  0.063595 seconds (438.12 k allocations: 116.110 MiB, 11.19% gc time)


  0.063158 seconds (438.13 k allocations: 116.111 MiB, 13.11% gc time)


  0.061635 seconds (438.11 k allocations: 116.110 MiB, 7.98% gc time)


  0.061307 seconds (438.12 k allocations: 116.111 MiB, 11.31% gc time)


  0.060689 seconds (438.12 k allocations: 116.111 MiB, 11.04% gc time)


  0.061136 seconds (438.12 k allocations: 116.110 MiB, 11.13% gc time)


  0.061201 seconds (438.12 k allocations: 116.111 MiB, 11.35% gc time)


  0.071878 seconds (438.12 k allocations: 116.110 MiB, 10.55% gc time)


  0.060468 seconds (438.13 k allocations: 116.110 MiB, 10.80% gc time)


  0.060386 seconds (438.12 k allocations: 116.110 MiB, 10.52% gc time)


  0.062331 seconds (438.13 k allocations: 116.111 MiB, 13.76% gc time)


  0.060785 seconds (438.12 k allocations: 116.109 MiB, 11.30% gc time)


  0.060722 seconds (438.12 k allocations: 116.110 MiB, 10.84% gc time)


  0.060590 seconds (438.13 k allocations: 116.111 MiB, 10.91% gc time)


  0.062637 seconds (438.11 k allocations: 116.110 MiB, 13.75% gc time)


  0.060898 seconds (438.11 k allocations: 116.110 MiB, 11.19% gc time)


  0.060766 seconds (438.12 k allocations: 116.110 MiB, 10.99% gc time)


  0.060693 seconds (438.13 k allocations: 116.111 MiB, 10.95% gc time)


  0.062645 seconds (438.12 k allocations: 116.110 MiB, 13.81% gc time)


  0.060723 seconds (438.13 k allocations: 116.111 MiB, 11.04% gc time)


Numero de qubits: 37 
Threads (LinearAlgebra) :15
Threads (Julia) :1


  0.079744 seconds (453.19 k allocations: 119.724 MiB, 19.36% gc time)


  0.066290 seconds (453.17 k allocations: 119.722 MiB, 13.12% gc time)


  0.067872 seconds (453.17 k allocations: 119.722 MiB, 15.75% gc time)


  0.061962 seconds (453.20 k allocations: 119.724 MiB, 9.52% gc time)


  0.063293 seconds (453.18 k allocations: 119.722 MiB, 11.85% gc time)


  0.062788 seconds (453.17 k allocations: 119.722 MiB, 10.94% gc time)


  0.062502 seconds (453.17 k allocations: 119.722 MiB, 10.91% gc time)


  0.062838 seconds (453.18 k allocations: 119.723 MiB, 11.00% gc time)


  0.064682 seconds (453.19 k allocations: 119.723 MiB, 13.64% gc time)


  0.062354 seconds (453.18 k allocations: 119.723 MiB, 10.67% gc time)


  0.064378 seconds (453.17 k allocations: 119.722 MiB, 13.52% gc time)


  0.062723 seconds (453.18 k allocations: 119.722 MiB, 10.82% gc time)


  0.064863 seconds (453.19 k allocations: 119.724 MiB, 13.64% gc time)


  0.062509 seconds (453.17 k allocations: 119.722 MiB, 10.63% gc time)


  0.064909 seconds (453.17 k allocations: 119.723 MiB, 13.65% gc time)


  0.062446 seconds (453.18 k allocations: 119.723 MiB, 10.70% gc time)


  0.062449 seconds (453.19 k allocations: 119.724 MiB, 10.89% gc time)


  0.064401 seconds (453.18 k allocations: 119.723 MiB, 13.60% gc time)


  0.062251 seconds (453.18 k allocations: 119.723 MiB, 10.88% gc time)


  0.064389 seconds (453.16 k allocations: 119.722 MiB, 13.58% gc time)


  0.102303 seconds (453.18 k allocations: 119.723 MiB, 44.51% gc time)


Numero de qubits: 38 
Threads (LinearAlgebra) :15
Threads (Julia) :1


  0.199944 seconds (466.32 k allocations: 123.574 MiB, 68.52% gc time)


  0.102064 seconds (466.31 k allocations: 123.574 MiB, 35.79% gc time)


  0.070402 seconds (466.31 k allocations: 123.574 MiB)


  0.100945 seconds (466.31 k allocations: 123.574 MiB, 37.59% gc time)


  0.086221 seconds (466.32 k allocations: 123.575 MiB, 27.89% gc time)


  0.081700 seconds (466.31 k allocations: 123.574 MiB, 25.18% gc time)


  0.060954 seconds (466.31 k allocations: 123.574 MiB, 7.46% gc time)


  0.061303 seconds (466.32 k allocations: 123.575 MiB, 8.68% gc time)


  0.060401 seconds (466.32 k allocations: 123.575 MiB, 7.99% gc time)


  0.061464 seconds (466.31 k allocations: 123.574 MiB, 9.65% gc time)


  0.059502 seconds (466.32 k allocations: 123.575 MiB, 7.42% gc time)


  0.059446 seconds (466.32 k allocations: 123.574 MiB, 7.19% gc time)


  0.059857 seconds (466.30 k allocations: 123.574 MiB, 7.48% gc time)


  0.059965 seconds (466.31 k allocations: 123.574 MiB, 7.51% gc time)


  0.059586 seconds (466.30 k allocations: 123.573 MiB, 7.34% gc time)


  0.059771 seconds (466.31 k allocations: 123.574 MiB, 7.28% gc time)


  0.067933 seconds (466.32 k allocations: 123.575 MiB, 15.13% gc time)


  0.063200 seconds (466.32 k allocations: 123.575 MiB, 9.47% gc time)


  0.061481 seconds (466.31 k allocations: 123.574 MiB, 9.53% gc time)


  0.061410 seconds (466.31 k allocations: 123.574 MiB, 9.51% gc time)


  0.061156 seconds (466.30 k allocations: 123.572 MiB, 9.18% gc time)


Numero de qubits: 39 
Threads (LinearAlgebra) :15
Threads (Julia) :1


  0.069895 seconds (481.55 k allocations: 127.220 MiB, 8.67% gc time)


  0.072530 seconds (481.56 k allocations: 127.221 MiB, 13.30% gc time)


  0.065226 seconds (481.56 k allocations: 127.221 MiB, 9.71% gc time)


  0.063363 seconds (481.54 k allocations: 127.220 MiB, 8.23% gc time)


  0.064070 seconds (481.56 k allocations: 127.221 MiB, 9.94% gc time)


  0.063420 seconds (481.55 k allocations: 127.220 MiB, 9.61% gc time)


  0.063084 seconds (481.55 k allocations: 127.221 MiB, 9.40% gc time)


  0.063202 seconds (481.55 k allocations: 127.220 MiB, 9.50% gc time)


  0.063289 seconds (481.55 k allocations: 127.220 MiB, 9.57% gc time)


  0.063389 seconds (481.56 k allocations: 127.221 MiB, 9.66% gc time)


  0.063319 seconds (481.55 k allocations: 127.220 MiB, 9.47% gc time)


  0.063112 seconds (481.55 k allocations: 127.220 MiB, 9.31% gc time)


  0.063367 seconds (481.56 k allocations: 127.221 MiB, 9.55% gc time)


  0.063364 seconds (481.57 k allocations: 127.221 MiB, 9.51% gc time)


  0.062062 seconds (481.54 k allocations: 127.219 MiB, 7.75% gc time)


  0.061848 seconds (481.54 k allocations: 127.220 MiB, 7.48% gc time)


  0.061389 seconds (481.54 k allocations: 127.220 MiB, 7.27% gc time)


  0.063268 seconds (481.55 k allocations: 127.221 MiB, 9.48% gc time)


  0.063605 seconds (481.54 k allocations: 127.220 MiB, 9.71% gc time)


  0.063838 seconds (481.55 k allocations: 127.220 MiB, 9.72% gc time)


  0.063444 seconds (481.54 k allocations: 127.219 MiB, 9.56% gc time)


Numero de qubits: 40 
Threads (LinearAlgebra) :15
Threads (Julia) :1


  0.081694 seconds (494.77 k allocations: 130.957 MiB, 20.37% gc time)


  0.067703 seconds (494.76 k allocations: 130.957 MiB, 9.32% gc time)


  0.065804 seconds (494.79 k allocations: 130.959 MiB, 8.73% gc time)


  0.065910 seconds (494.77 k allocations: 130.958 MiB, 9.96% gc time)


  0.065619 seconds (494.77 k allocations: 130.958 MiB, 9.81% gc time)


  0.065831 seconds (494.78 k allocations: 130.958 MiB, 9.87% gc time)


  0.065515 seconds (494.77 k allocations: 130.958 MiB, 11.30% gc time)


  0.064880 seconds (494.77 k allocations: 130.957 MiB, 9.51% gc time)


  0.064592 seconds (494.78 k allocations: 130.959 MiB, 9.54% gc time)


  0.064510 seconds (494.76 k allocations: 130.957 MiB, 9.46% gc time)


  0.064652 seconds (494.78 k allocations: 130.958 MiB, 9.36% gc time)


  0.065183 seconds (494.76 k allocations: 130.957 MiB, 9.47% gc time)


  0.065304 seconds (494.76 k allocations: 130.957 MiB, 9.77% gc time)


  0.066046 seconds (494.76 k allocations: 130.957 MiB, 9.94% gc time)


  0.065627 seconds (494.76 k allocations: 130.957 MiB, 10.00% gc time)


  0.065485 seconds (494.77 k allocations: 130.958 MiB, 9.97% gc time)


  0.065638 seconds (494.77 k allocations: 130.958 MiB, 9.87% gc time)


  0.066039 seconds (494.77 k allocations: 130.958 MiB, 11.79% gc time)


  0.064860 seconds (494.77 k allocations: 130.957 MiB, 9.56% gc time)


  0.067440 seconds (494.76 k allocations: 130.957 MiB, 11.29% gc time)


  0.065338 seconds (494.77 k allocations: 130.958 MiB, 9.88% gc time)


Numero de qubits: 41 
Threads (LinearAlgebra) :15
Threads (Julia) :1


  0.089078 seconds (510.20 k allocations: 134.639 MiB, 22.93% gc time)


  0.072595 seconds (510.20 k allocations: 134.639 MiB, 10.94% gc time)


  0.066429 seconds (510.19 k allocations: 134.638 MiB, 6.48% gc time)


  0.069514 seconds (510.19 k allocations: 134.638 MiB, 10.92% gc time)


  0.068600 seconds (510.20 k allocations: 134.639 MiB, 10.42% gc time)


  0.068361 seconds (510.20 k allocations: 134.639 MiB, 10.36% gc time)


  0.068387 seconds (510.20 k allocations: 134.639 MiB, 10.16% gc time)


  0.068192 seconds (510.19 k allocations: 134.638 MiB, 10.18% gc time)


  0.066544 seconds (510.21 k allocations: 134.639 MiB, 8.04% gc time)


  0.066543 seconds (510.19 k allocations: 134.638 MiB, 8.06% gc time)


  0.068573 seconds (510.19 k allocations: 134.638 MiB, 10.46% gc time)


  0.068569 seconds (510.20 k allocations: 134.639 MiB, 10.53% gc time)


  0.068730 seconds (510.21 k allocations: 134.639 MiB, 10.56% gc time)


  0.068537 seconds (510.20 k allocations: 134.638 MiB, 10.65% gc time)


  0.068353 seconds (510.20 k allocations: 134.638 MiB, 10.51% gc time)


  0.068333 seconds (510.19 k allocations: 134.638 MiB, 10.49% gc time)


  0.068052 seconds (510.20 k allocations: 134.639 MiB, 10.31% gc time)


  0.068253 seconds (510.19 k allocations: 134.638 MiB, 10.46% gc time)


  0.068531 seconds (510.21 k allocations: 134.639 MiB, 10.51% gc time)


  0.068560 seconds (510.20 k allocations: 134.639 MiB, 10.63% gc time)


  0.068717 seconds (510.19 k allocations: 134.638 MiB, 10.59% gc time)


Numero de qubits: 42 
Threads (LinearAlgebra) :15
Threads (Julia) :1


  0.083893 seconds (523.65 k allocations: 138.554 MiB, 17.54% gc time)


  0.070340 seconds (523.67 k allocations: 138.555 MiB, 8.03% gc time)


  0.070589 seconds (523.68 k allocations: 138.556 MiB, 9.37% gc time)


  0.071337 seconds (523.68 k allocations: 138.555 MiB, 10.92% gc time)


  0.070952 seconds (523.69 k allocations: 138.556 MiB, 10.64% gc time)


  0.070933 seconds (523.66 k allocations: 138.553 MiB, 10.81% gc time)


  0.071140 seconds (523.68 k allocations: 138.555 MiB, 10.79% gc time)


  0.071209 seconds (523.68 k allocations: 138.555 MiB, 10.80% gc time)


  0.071426 seconds (523.67 k allocations: 138.555 MiB, 10.74% gc time)


  0.071053 seconds (523.67 k allocations: 138.555 MiB, 10.80% gc time)


  0.071064 seconds (523.70 k allocations: 138.556 MiB, 10.82% gc time)


  0.070824 seconds (523.67 k allocations: 138.555 MiB, 10.68% gc time)


  0.070732 seconds (523.67 k allocations: 138.555 MiB, 10.47% gc time)


  0.070722 seconds (523.68 k allocations: 138.555 MiB, 10.37% gc time)


  0.070819 seconds (523.67 k allocations: 138.555 MiB, 10.55% gc time)


  0.070976 seconds (523.67 k allocations: 138.555 MiB, 10.61% gc time)


  0.070737 seconds (523.68 k allocations: 138.556 MiB, 10.49% gc time)


  0.071674 seconds (523.66 k allocations: 138.554 MiB, 10.33% gc time)


  0.069568 seconds (523.66 k allocations: 138.555 MiB, 8.82% gc time)


  0.069219 seconds (523.68 k allocations: 138.555 MiB, 8.72% gc time)


  0.068997 seconds (523.67 k allocations: 138.555 MiB, 8.47% gc time)


Numero de qubits: 43 
Threads (LinearAlgebra) :15
Threads (Julia) :1


  0.091602 seconds (539.29 k allocations: 142.270 MiB, 22.52% gc time)


  0.078950 seconds (539.29 k allocations: 142.269 MiB, 13.06% gc time)


  0.073122 seconds (539.31 k allocations: 142.271 MiB, 9.74% gc time)


  0.073788 seconds (539.28 k allocations: 142.269 MiB, 11.18% gc time)


  0.072829 seconds (539.31 k allocations: 142.271 MiB, 10.68% gc time)


  0.072720 seconds (539.29 k allocations: 142.270 MiB, 10.44% gc time)


  0.072753 seconds (539.28 k allocations: 142.269 MiB, 10.43% gc time)


  0.072649 seconds (539.30 k allocations: 142.270 MiB, 10.24% gc time)


  0.073031 seconds (539.29 k allocations: 142.270 MiB, 10.47% gc time)


  0.073293 seconds (539.28 k allocations: 142.269 MiB, 10.73% gc time)


  0.073502 seconds (539.29 k allocations: 142.270 MiB, 10.79% gc time)


  0.073467 seconds (539.29 k allocations: 142.270 MiB, 10.75% gc time)


  0.073273 seconds (539.28 k allocations: 142.270 MiB, 10.54% gc time)


  0.071964 seconds (539.30 k allocations: 142.271 MiB, 8.74% gc time)


  0.073675 seconds (539.30 k allocations: 142.271 MiB, 11.03% gc time)


  0.073599 seconds (539.30 k allocations: 142.270 MiB, 11.01% gc time)


  0.073749 seconds (539.29 k allocations: 142.270 MiB, 11.06% gc time)


  0.073814 seconds (539.30 k allocations: 142.271 MiB, 11.12% gc time)


  0.073334 seconds (539.29 k allocations: 142.270 MiB, 10.87% gc time)


  0.073202 seconds (539.30 k allocations: 142.270 MiB, 10.78% gc time)


  0.073498 seconds (539.29 k allocations: 142.270 MiB, 10.84% gc time)


Numero de qubits: 44 
Threads (LinearAlgebra) :15
Threads (Julia) :1


  0.088257 seconds (552.85 k allocations: 146.074 MiB, 16.64% gc time)


  0.074278 seconds (552.85 k allocations: 146.074 MiB, 8.01% gc time)


  0.074797 seconds (552.86 k allocations: 146.075 MiB, 9.53% gc time)


  0.073808 seconds (552.85 k allocations: 146.074 MiB, 8.68% gc time)


  0.073434 seconds (552.86 k allocations: 146.075 MiB, 8.65% gc time)


  0.073641 seconds (552.85 k allocations: 146.074 MiB, 8.61% gc time)


  0.073596 seconds (552.87 k allocations: 146.075 MiB, 8.66% gc time)


  0.073932 seconds (552.87 k allocations: 146.075 MiB, 8.79% gc time)


  0.074021 seconds (552.85 k allocations: 146.074 MiB, 8.70% gc time)


  0.075675 seconds (552.87 k allocations: 146.076 MiB, 10.98% gc time)


  0.075914 seconds (552.87 k allocations: 146.076 MiB, 11.13% gc time)


  0.080335 seconds (552.85 k allocations: 146.074 MiB, 10.48% gc time)


  0.082536 seconds (552.84 k allocations: 146.074 MiB, 10.99% gc time)


  0.076048 seconds (552.86 k allocations: 146.075 MiB, 10.86% gc time)


  0.075983 seconds (552.86 k allocations: 146.075 MiB, 10.88% gc time)


  0.075812 seconds (552.87 k allocations: 146.075 MiB, 10.93% gc time)


  0.075835 seconds (552.84 k allocations: 146.073 MiB, 11.07% gc time)


  0.076107 seconds (552.86 k allocations: 146.075 MiB, 10.97% gc time)


  0.076048 seconds (552.86 k allocations: 146.075 MiB, 11.06% gc time)


  0.075828 seconds (552.86 k allocations: 146.075 MiB, 10.94% gc time)


  0.075577 seconds (552.85 k allocations: 146.074 MiB, 10.68% gc time)


Numero de qubits: 45 
Threads (LinearAlgebra) :15
Threads (Julia) :1


  0.094605 seconds (568.67 k allocations: 149.824 MiB, 16.30% gc time)


  0.076793 seconds (568.65 k allocations: 149.824 MiB, 8.36% gc time)


  0.077794 seconds (568.66 k allocations: 149.824 MiB, 9.79% gc time)


  0.078826 seconds (568.66 k allocations: 149.823 MiB, 11.57% gc time)


  0.078561 seconds (568.65 k allocations: 149.823 MiB, 11.31% gc time)


  0.076518 seconds (568.66 k allocations: 149.824 MiB, 9.09% gc time)


  0.076496 seconds (568.65 k allocations: 149.823 MiB, 9.07% gc time)


  0.076362 seconds (568.65 k allocations: 149.823 MiB, 9.06% gc time)


  0.076364 seconds (568.65 k allocations: 149.824 MiB, 9.12% gc time)


  0.076393 seconds (568.66 k allocations: 149.824 MiB, 9.12% gc time)


  0.076619 seconds (568.65 k allocations: 149.824 MiB, 9.11% gc time)


  0.076642 seconds (568.65 k allocations: 149.823 MiB, 9.05% gc time)


  0.076407 seconds (568.67 k allocations: 149.824 MiB, 9.07% gc time)


  0.076050 seconds (568.65 k allocations: 149.823 MiB, 9.05% gc time)


  0.075965 seconds (568.64 k allocations: 149.823 MiB, 8.92% gc time)


  0.077920 seconds (568.65 k allocations: 149.823 MiB, 11.17% gc time)


  0.078350 seconds (568.65 k allocations: 149.824 MiB, 11.13% gc time)


  0.078414 seconds (568.66 k allocations: 149.824 MiB, 11.09% gc time)


  0.080057 seconds (568.63 k allocations: 149.822 MiB, 13.01% gc time)


  0.078456 seconds (568.64 k allocations: 149.823 MiB, 11.28% gc time)


  0.078531 seconds (568.65 k allocations: 149.823 MiB, 11.28% gc time)


Numero de qubits: 46 
Threads (LinearAlgebra) :15
Threads (Julia) :1


  0.090380 seconds (582.49 k allocations: 153.806 MiB, 13.87% gc time)


  0.078695 seconds (582.48 k allocations: 153.806 MiB, 8.19% gc time)


  0.082213 seconds (582.48 k allocations: 153.806 MiB, 12.46% gc time)


  0.081293 seconds (582.47 k allocations: 153.806 MiB, 11.65% gc time)


  0.079200 seconds (582.47 k allocations: 153.805 MiB, 9.25% gc time)


  0.079103 seconds (582.48 k allocations: 153.806 MiB, 9.17% gc time)


  0.087081 seconds (582.48 k allocations: 153.805 MiB, 14.66% gc time)


  0.082049 seconds (582.49 k allocations: 153.806 MiB, 11.40% gc time)


  0.081163 seconds (582.50 k allocations: 153.807 MiB, 11.56% gc time)


  0.081465 seconds (582.49 k allocations: 153.806 MiB, 11.61% gc time)


  0.267707 seconds (582.48 k allocations: 153.806 MiB, 72.20% gc time)


  0.104450 seconds (582.47 k allocations: 153.805 MiB, 17.48% gc time)


  0.080760 seconds (582.48 k allocations: 153.806 MiB)


  0.120235 seconds (582.48 k allocations: 153.806 MiB, 33.70% gc time)


  0.103784 seconds (582.49 k allocations: 153.807 MiB, 25.09% gc time)


  0.077052 seconds (582.49 k allocations: 153.807 MiB, 7.67% gc time)


  0.076550 seconds (582.49 k allocations: 153.806 MiB, 8.09% gc time)


  0.076204 seconds (582.47 k allocations: 153.805 MiB, 9.02% gc time)


  0.075410 seconds (582.48 k allocations: 153.805 MiB, 8.70% gc time)


  0.076366 seconds (582.47 k allocations: 153.805 MiB, 9.75% gc time)


  0.075250 seconds (582.48 k allocations: 153.806 MiB, 8.26% gc time)


Numero de qubits: 47 
Threads (LinearAlgebra) :15
Threads (Julia) :1


  0.092259 seconds (598.48 k allocations: 157.590 MiB, 14.81% gc time)


  0.077923 seconds (598.48 k allocations: 157.590 MiB, 6.46% gc time)


  0.077694 seconds (598.46 k allocations: 157.589 MiB, 7.19% gc time)


  0.078177 seconds (598.48 k allocations: 157.590 MiB, 8.47% gc time)


  0.078033 seconds (598.47 k allocations: 157.589 MiB, 8.60% gc time)


  0.079169 seconds (598.46 k allocations: 157.589 MiB, 10.01% gc time)


  0.077682 seconds (598.47 k allocations: 157.589 MiB, 8.42% gc time)


  0.078172 seconds (598.45 k allocations: 157.588 MiB, 8.45% gc time)


  0.079584 seconds (598.47 k allocations: 157.589 MiB, 10.02% gc time)


  0.078407 seconds (598.47 k allocations: 157.588 MiB, 8.70% gc time)


  0.080133 seconds (598.50 k allocations: 157.591 MiB, 10.15% gc time)


  0.078992 seconds (598.46 k allocations: 157.589 MiB, 8.90% gc time)


  0.078410 seconds (598.48 k allocations: 157.590 MiB, 8.52% gc time)


  0.078609 seconds (598.48 k allocations: 157.590 MiB, 8.68% gc time)


  0.080439 seconds (598.47 k allocations: 157.589 MiB, 10.47% gc time)


  0.078980 seconds (598.48 k allocations: 157.590 MiB, 8.96% gc time)


  0.078729 seconds (598.47 k allocations: 157.589 MiB, 8.80% gc time)


  0.079352 seconds (598.46 k allocations: 157.588 MiB, 8.88% gc time)


  0.079074 seconds (598.48 k allocations: 157.590 MiB, 8.96% gc time)


  0.078727 seconds (598.49 k allocations: 157.590 MiB, 8.84% gc time)


  0.080674 seconds (598.47 k allocations: 157.589 MiB, 10.73% gc time)


Numero de qubits: 48 
Threads (LinearAlgebra) :15
Threads (Julia) :1


  0.102004 seconds (612.37 k allocations: 161.472 MiB, 20.36% gc time)


  0.089230 seconds (612.39 k allocations: 161.473 MiB, 12.65% gc time)


  0.081808 seconds (612.38 k allocations: 161.472 MiB, 8.54% gc time)


  0.082579 seconds (612.39 k allocations: 161.473 MiB, 9.64% gc time)


  0.083859 seconds (612.38 k allocations: 161.472 MiB, 11.20% gc time)


  0.082081 seconds (612.38 k allocations: 161.472 MiB, 9.36% gc time)


  0.082130 seconds (612.38 k allocations: 161.472 MiB, 9.41% gc time)


  0.081780 seconds (612.37 k allocations: 161.472 MiB, 9.31% gc time)


  0.081736 seconds (612.38 k allocations: 161.472 MiB, 9.32% gc time)


  0.081588 seconds (612.40 k allocations: 161.473 MiB, 9.29% gc time)


  0.081752 seconds (612.38 k allocations: 161.472 MiB, 9.40% gc time)


  0.081745 seconds (612.39 k allocations: 161.473 MiB, 9.30% gc time)


  0.081582 seconds (612.38 k allocations: 161.472 MiB, 9.42% gc time)


  0.081566 seconds (612.38 k allocations: 161.472 MiB, 9.28% gc time)


  0.083480 seconds (612.39 k allocations: 161.473 MiB, 11.29% gc time)


  0.081907 seconds (612.38 k allocations: 161.472 MiB, 9.63% gc time)


  0.081492 seconds (612.39 k allocations: 161.473 MiB, 9.50% gc time)


  0.081837 seconds (612.37 k allocations: 161.472 MiB, 9.55% gc time)


  0.081975 seconds (612.39 k allocations: 161.473 MiB, 9.59% gc time)


  0.081966 seconds (612.39 k allocations: 161.473 MiB, 9.64% gc time)


  0.082028 seconds (612.38 k allocations: 161.473 MiB, 9.74% gc time)


Numero de qubits: 49 
Threads (LinearAlgebra) :15
Threads (Julia) :1


  0.094519 seconds (628.54 k allocations: 165.289 MiB, 12.87% gc time)


  0.082881 seconds (628.56 k allocations: 165.290 MiB, 7.14% gc time)


  0.084395 seconds (628.55 k allocations: 165.290 MiB, 8.43% gc time)


  0.085018 seconds (628.54 k allocations: 165.289 MiB, 10.14% gc time)


  0.084822 seconds (628.56 k allocations: 165.290 MiB, 10.02% gc time)


  0.084828 seconds (628.55 k allocations: 165.289 MiB, 10.02% gc time)


  0.084881 seconds (628.55 k allocations: 165.290 MiB, 10.00% gc time)


  0.086543 seconds (628.56 k allocations: 165.290 MiB, 11.70% gc time)


  0.084937 seconds (628.56 k allocations: 165.290 MiB, 10.03% gc time)


  0.084968 seconds (628.57 k allocations: 165.290 MiB, 10.12% gc time)


  0.084775 seconds (628.57 k allocations: 165.291 MiB, 9.84% gc time)


  0.085156 seconds (628.56 k allocations: 165.290 MiB, 10.20% gc time)


  0.087612 seconds (628.57 k allocations: 165.291 MiB, 11.61% gc time)


  0.085047 seconds (628.56 k allocations: 165.291 MiB, 10.00% gc time)


  0.085297 seconds (628.56 k allocations: 165.290 MiB, 10.17% gc time)


  0.085379 seconds (628.56 k allocations: 165.291 MiB, 10.11% gc time)


  0.085344 seconds (628.54 k allocations: 165.289 MiB, 10.22% gc time)


  0.085159 seconds (628.56 k allocations: 165.291 MiB, 9.95% gc time)


  0.085448 seconds (628.54 k allocations: 165.289 MiB, 10.21% gc time)


  0.087432 seconds (628.56 k allocations: 165.291 MiB, 11.96% gc time)


  0.085473 seconds (628.55 k allocations: 165.290 MiB, 10.37% gc time)


Numero de qubits: 50 
Threads (LinearAlgebra) :15
Threads (Julia) :1


  0.100243 seconds (642.73 k allocations: 169.338 MiB, 13.99% gc time)


  0.085776 seconds (642.73 k allocations: 169.337 MiB, 7.47% gc time)


  0.087119 seconds (642.72 k allocations: 169.338 MiB, 8.79% gc time)


  0.088159 seconds (642.72 k allocations: 169.338 MiB, 10.64% gc time)


  0.087683 seconds (642.74 k allocations: 169.339 MiB, 10.20% gc time)


  0.087997 seconds (642.73 k allocations: 169.338 MiB, 10.57% gc time)


  0.088088 seconds (642.74 k allocations: 169.338 MiB, 10.53% gc time)


  0.088039 seconds (642.72 k allocations: 169.338 MiB, 10.58% gc time)


  0.088171 seconds (642.74 k allocations: 169.339 MiB, 10.62% gc time)


  0.088048 seconds (642.73 k allocations: 169.338 MiB, 10.66% gc time)


  0.088263 seconds (642.72 k allocations: 169.338 MiB, 10.54% gc time)


  0.088074 seconds (642.73 k allocations: 169.339 MiB, 10.50% gc time)


  0.088055 seconds (642.73 k allocations: 169.338 MiB, 10.69% gc time)


  0.088413 seconds (642.72 k allocations: 169.338 MiB, 10.74% gc time)


  0.090185 seconds (642.75 k allocations: 169.340 MiB, 12.31% gc time)


  0.088340 seconds (642.73 k allocations: 169.338 MiB, 10.80% gc time)


  0.088158 seconds (642.73 k allocations: 169.339 MiB, 10.83% gc time)


  0.088049 seconds (642.73 k allocations: 169.338 MiB, 10.66% gc time)


  0.087997 seconds (642.74 k allocations: 169.339 MiB, 10.63% gc time)


  0.088356 seconds (642.72 k allocations: 169.338 MiB, 10.76% gc time)


  0.088410 seconds (642.72 k allocations: 169.338 MiB, 10.46% gc time)


Numero de qubits: 51 
Threads (LinearAlgebra) :15
Threads (Julia) :1


  0.099709 seconds (659.08 k allocations: 173.190 MiB, 12.57% gc time)


  0.091488 seconds (659.10 k allocations: 173.191 MiB, 10.75% gc time)


  0.088526 seconds (659.09 k allocations: 173.190 MiB, 8.89% gc time)


  0.090597 seconds (659.09 k allocations: 173.190 MiB, 10.92% gc time)


  0.090428 seconds (659.09 k allocations: 173.190 MiB, 10.97% gc time)


  0.090668 seconds (659.09 k allocations: 173.190 MiB, 10.91% gc time)


  0.090602 seconds (659.08 k allocations: 173.189 MiB, 10.76% gc time)


  0.090491 seconds (659.09 k allocations: 173.190 MiB, 10.81% gc time)


  0.090583 seconds (659.11 k allocations: 173.191 MiB, 10.93% gc time)


  0.092620 seconds (659.10 k allocations: 173.190 MiB, 12.75% gc time)


  0.090557 seconds (659.09 k allocations: 173.190 MiB, 10.95% gc time)


  0.090768 seconds (659.10 k allocations: 173.191 MiB, 10.96% gc time)


  0.090946 seconds (659.09 k allocations: 173.190 MiB, 10.88% gc time)


  0.090534 seconds (659.08 k allocations: 173.189 MiB, 10.86% gc time)


  0.090616 seconds (659.08 k allocations: 173.189 MiB, 11.07% gc time)


  0.092734 seconds (659.08 k allocations: 173.190 MiB, 12.75% gc time)


  0.090778 seconds (659.10 k allocations: 173.191 MiB, 11.05% gc time)


  0.102184 seconds (659.08 k allocations: 173.189 MiB, 13.29% gc time)


  0.091193 seconds (659.10 k allocations: 173.191 MiB, 11.10% gc time)


  0.091177 seconds (659.09 k allocations: 173.190 MiB, 10.96% gc time)


  0.090665 seconds (659.09 k allocations: 173.190 MiB, 11.05% gc time)


Numero de qubits: 52 
Threads (LinearAlgebra) :15
Threads (Julia) :1


  0.103419 seconds (673.35 k allocations: 177.105 MiB, 12.39% gc time)


  0.099215 seconds (673.35 k allocations: 177.106 MiB, 12.93% gc time)


  0.094572 seconds (673.37 k allocations: 177.106 MiB, 11.32% gc time)


  0.091550 seconds (673.35 k allocations: 177.105 MiB, 9.59% gc time)


  0.093231 seconds (673.35 k allocations: 177.106 MiB, 11.27% gc time)


  0.093374 seconds (673.36 k allocations: 177.107 MiB, 11.41% gc time)


  0.093027 seconds (673.35 k allocations: 177.106 MiB, 11.31% gc time)


  0.093258 seconds (673.35 k allocations: 177.106 MiB, 11.35% gc time)


  0.093138 seconds (673.34 k allocations: 177.105 MiB, 11.25% gc time)


  0.092631 seconds (673.35 k allocations: 177.105 MiB, 11.19% gc time)


  0.092591 seconds (673.35 k allocations: 177.104 MiB, 11.24% gc time)


  0.092781 seconds (673.34 k allocations: 177.105 MiB, 11.04% gc time)


  0.092911 seconds (673.35 k allocations: 177.106 MiB, 11.09% gc time)


  0.092952 seconds (673.34 k allocations: 177.105 MiB, 11.07% gc time)


  0.092891 seconds (673.35 k allocations: 177.106 MiB, 11.05% gc time)


  0.092582 seconds (673.35 k allocations: 177.106 MiB, 11.05% gc time)


  0.092369 seconds (673.34 k allocations: 177.105 MiB, 11.12% gc time)


  0.092372 seconds (673.34 k allocations: 177.105 MiB, 10.96% gc time)


  0.092403 seconds (673.32 k allocations: 177.104 MiB, 11.01% gc time)


  0.092746 seconds (673.36 k allocations: 177.105 MiB, 11.09% gc time)


  0.092601 seconds (673.34 k allocations: 177.105 MiB, 10.72% gc time)


Numero de qubits: 53 
Threads (LinearAlgebra) :15
Threads (Julia) :1


  0.103030 seconds (689.88 k allocations: 180.991 MiB, 12.79% gc time)


  0.095750 seconds (689.88 k allocations: 180.990 MiB, 11.16% gc time)


  0.093583 seconds (689.89 k allocations: 180.991 MiB, 9.66% gc time)


  0.093244 seconds (689.88 k allocations: 180.989 MiB, 9.09% gc time)


  0.095378 seconds (689.89 k allocations: 180.991 MiB, 11.25% gc time)


  0.095354 seconds (689.88 k allocations: 180.990 MiB, 11.47% gc time)


  0.268380 seconds (689.88 k allocations: 180.990 MiB, 67.87% gc time)


  0.108978 seconds (689.90 k allocations: 180.991 MiB, 9.17% gc time)


  0.120771 seconds (689.90 k allocations: 180.992 MiB, 17.54% gc time)


  0.104616 seconds (689.91 k allocations: 180.993 MiB, 11.93% gc time)


  0.098417 seconds (689.89 k allocations: 180.991 MiB, 10.82% gc time)


  0.090477 seconds (689.90 k allocations: 180.991 MiB, 7.94% gc time)


  0.091297 seconds (689.90 k allocations: 180.992 MiB, 9.77% gc time)


  0.090300 seconds (689.88 k allocations: 180.990 MiB, 9.32% gc time)


  0.089450 seconds (689.88 k allocations: 180.991 MiB, 8.13% gc time)


  0.090772 seconds (689.89 k allocations: 180.991 MiB, 9.52% gc time)


  0.090489 seconds (689.89 k allocations: 180.990 MiB, 9.31% gc time)


  0.089769 seconds (689.89 k allocations: 180.991 MiB, 8.33% gc time)


  0.097893 seconds (689.88 k allocations: 180.990 MiB, 13.27% gc time)


  0.091393 seconds (689.90 k allocations: 180.991 MiB, 8.17% gc time)


  0.091770 seconds (689.89 k allocations: 180.991 MiB, 9.75% gc time)


Numero de qubits: 54 
Threads (LinearAlgebra) :15
Threads (Julia) :1


  0.109173 seconds (704.41 k allocations: 185.142 MiB, 13.50% gc time)


  0.094779 seconds (704.43 k allocations: 185.143 MiB, 8.56% gc time)


  0.093976 seconds (704.40 k allocations: 185.141 MiB, 9.04% gc time)


  0.092699 seconds (704.41 k allocations: 185.142 MiB, 8.47% gc time)


  0.092308 seconds (704.42 k allocations: 185.142 MiB, 8.12% gc time)


  0.094267 seconds (704.41 k allocations: 185.142 MiB, 9.77% gc time)


  0.093972 seconds (704.41 k allocations: 185.142 MiB, 9.71% gc time)


  0.092862 seconds (704.41 k allocations: 185.142 MiB, 8.51% gc time)


  0.092774 seconds (704.41 k allocations: 185.142 MiB, 8.56% gc time)


  0.094938 seconds (704.42 k allocations: 185.143 MiB, 10.36% gc time)


  0.092804 seconds (704.40 k allocations: 185.142 MiB, 8.61% gc time)


  0.093486 seconds (704.40 k allocations: 185.141 MiB, 8.65% gc time)


  0.093086 seconds (704.41 k allocations: 185.142 MiB, 8.64% gc time)


  0.093293 seconds (704.42 k allocations: 185.143 MiB, 8.49% gc time)


  0.095361 seconds (704.42 k allocations: 185.142 MiB, 10.46% gc time)


  0.095002 seconds (704.40 k allocations: 185.141 MiB, 10.12% gc time)


  0.093836 seconds (704.41 k allocations: 185.142 MiB, 8.94% gc time)


  0.094161 seconds (704.43 k allocations: 185.143 MiB, 8.97% gc time)


  0.096104 seconds (704.42 k allocations: 185.143 MiB, 10.42% gc time)


  0.093842 seconds (704.42 k allocations: 185.142 MiB, 9.05% gc time)


  0.094122 seconds (704.42 k allocations: 185.142 MiB, 9.04% gc time)


Numero de qubits: 55 
Threads (LinearAlgebra) :15
Threads (Julia) :1


  0.108713 seconds (721.15 k allocations: 189.063 MiB, 13.66% gc time)


  0.100228 seconds (721.17 k allocations: 189.062 MiB, 11.15% gc time)


  0.097291 seconds (721.13 k allocations: 189.061 MiB, 9.60% gc time)


  0.096513 seconds (721.15 k allocations: 189.063 MiB, 9.26% gc time)


  0.096836 seconds (721.13 k allocations: 189.061 MiB, 9.27% gc time)


  0.098716 seconds (721.14 k allocations: 189.062 MiB, 10.83% gc time)


  0.097103 seconds (721.14 k allocations: 189.062 MiB, 9.38% gc time)


  0.097379 seconds (721.15 k allocations: 189.063 MiB, 9.36% gc time)


  0.098684 seconds (721.15 k allocations: 189.062 MiB, 10.82% gc time)


  0.097625 seconds (721.13 k allocations: 189.061 MiB, 9.49% gc time)


  0.099086 seconds (721.14 k allocations: 189.061 MiB, 11.07% gc time)


  0.097245 seconds (721.14 k allocations: 189.062 MiB, 9.58% gc time)


  0.097562 seconds (721.17 k allocations: 189.064 MiB, 9.47% gc time)


  0.098955 seconds (721.14 k allocations: 189.062 MiB, 10.93% gc time)


  0.097357 seconds (721.13 k allocations: 189.061 MiB, 9.59% gc time)


  0.097520 seconds (721.15 k allocations: 189.063 MiB, 9.29% gc time)


  0.099455 seconds (721.15 k allocations: 189.063 MiB, 11.14% gc time)


  0.097837 seconds (721.15 k allocations: 189.063 MiB, 9.76% gc time)


  0.097559 seconds (721.15 k allocations: 189.063 MiB, 9.53% gc time)


  0.099463 seconds (721.14 k allocations: 189.062 MiB, 11.38% gc time)


  0.097663 seconds (721.14 k allocations: 189.062 MiB, 9.74% gc time)


Numero de qubits: 56 
Threads (LinearAlgebra) :15
Threads (Julia) :1


  0.109891 seconds (735.75 k allocations: 193.043 MiB, 12.69% gc time)


  0.102901 seconds (735.77 k allocations: 193.045 MiB, 10.30% gc time)


  0.101623 seconds (735.76 k allocations: 193.044 MiB, 10.78% gc time)


  0.101627 seconds (735.76 k allocations: 193.044 MiB, 11.48% gc time)


  0.099989 seconds (735.76 k allocations: 193.044 MiB, 10.11% gc time)


  0.102366 seconds (735.76 k allocations: 193.045 MiB, 11.62% gc time)


  0.099692 seconds (735.75 k allocations: 193.044 MiB, 9.97% gc time)


  0.101480 seconds (735.75 k allocations: 193.044 MiB, 11.76% gc time)


  0.101564 seconds (735.75 k allocations: 193.044 MiB, 11.53% gc time)


  0.101623 seconds (735.75 k allocations: 193.044 MiB, 11.58% gc time)


  0.101534 seconds (735.75 k allocations: 193.044 MiB, 11.44% gc time)


  0.099939 seconds (735.75 k allocations: 193.044 MiB, 10.08% gc time)


  0.100248 seconds (735.76 k allocations: 193.044 MiB, 10.12% gc time)


  0.102076 seconds (735.76 k allocations: 193.044 MiB, 11.81% gc time)


  0.100333 seconds (735.77 k allocations: 193.045 MiB, 10.22% gc time)


  0.100224 seconds (735.76 k allocations: 193.044 MiB, 10.23% gc time)


  0.102597 seconds (735.75 k allocations: 193.043 MiB, 11.88% gc time)


  0.102301 seconds (735.77 k allocations: 193.044 MiB, 11.74% gc time)


  0.100568 seconds (735.76 k allocations: 193.044 MiB, 10.31% gc time)


  0.102875 seconds (735.76 k allocations: 193.044 MiB, 12.24% gc time)


  0.100544 seconds (735.76 k allocations: 193.044 MiB, 10.38% gc time)


Numero de qubits: 57 
Threads (LinearAlgebra) :15
Threads (Julia) :1


  0.116448 seconds (752.64 k allocations: 196.996 MiB, 10.26% gc time)


  0.099795 seconds (752.68 k allocations: 196.998 MiB, 7.43% gc time)


  0.105610 seconds (752.67 k allocations: 196.998 MiB, 11.95% gc time)


  0.103685 seconds (752.67 k allocations: 196.998 MiB, 10.89% gc time)


  0.105418 seconds (752.65 k allocations: 196.997 MiB, 12.43% gc time)


  0.103244 seconds (752.65 k allocations: 196.997 MiB, 10.81% gc time)


  0.103379 seconds (752.66 k allocations: 196.997 MiB, 10.79% gc time)


  0.105442 seconds (752.68 k allocations: 196.998 MiB, 12.49% gc time)


  0.103651 seconds (752.67 k allocations: 196.998 MiB, 10.80% gc time)


  0.103573 seconds (752.65 k allocations: 196.997 MiB, 10.76% gc time)


  0.103597 seconds (752.65 k allocations: 196.997 MiB, 10.78% gc time)


  0.105695 seconds (752.67 k allocations: 196.998 MiB, 12.31% gc time)


  0.103453 seconds (752.67 k allocations: 196.997 MiB, 10.78% gc time)


  0.105826 seconds (752.65 k allocations: 196.996 MiB, 12.48% gc time)


  0.103570 seconds (752.67 k allocations: 196.998 MiB, 10.82% gc time)


  0.105739 seconds (752.68 k allocations: 196.998 MiB, 12.36% gc time)


  0.103707 seconds (752.66 k allocations: 196.997 MiB, 10.65% gc time)


  0.103548 seconds (752.68 k allocations: 196.998 MiB, 10.79% gc time)


  0.105492 seconds (752.67 k allocations: 196.998 MiB, 12.33% gc time)


  0.103292 seconds (752.66 k allocations: 196.998 MiB, 10.75% gc time)


  0.107999 seconds (752.67 k allocations: 196.998 MiB, 13.77% gc time)


Numero de qubits: 58 
Threads (LinearAlgebra) :15
Threads (Julia) :1


  0.116884 seconds (767.55 k allocations: 201.178 MiB, 12.47% gc time)


  0.111103 seconds (767.55 k allocations: 201.178 MiB, 11.90% gc time)


  0.107486 seconds (767.53 k allocations: 201.176 MiB, 11.35% gc time)


  0.107572 seconds (767.52 k allocations: 201.175 MiB, 11.80% gc time)


  0.106822 seconds (767.53 k allocations: 201.177 MiB, 11.35% gc time)


  0.106943 seconds (767.53 k allocations: 201.177 MiB, 11.38% gc time)


  0.107353 seconds (767.56 k allocations: 201.178 MiB, 11.47% gc time)


  0.107565 seconds (767.55 k allocations: 201.178 MiB, 11.68% gc time)


  0.107189 seconds (767.56 k allocations: 201.178 MiB, 11.48% gc time)


  0.107172 seconds (767.54 k allocations: 201.177 MiB, 11.37% gc time)


  0.107159 seconds (767.53 k allocations: 201.177 MiB, 11.40% gc time)


  0.107346 seconds (767.54 k allocations: 201.177 MiB, 11.27% gc time)


  0.107308 seconds (767.54 k allocations: 201.177 MiB, 11.43% gc time)


  0.106755 seconds (767.54 k allocations: 201.177 MiB, 11.37% gc time)


  0.144793 seconds (767.56 k allocations: 201.179 MiB, 33.98% gc time)


  0.245184 seconds (767.53 k allocations: 201.177 MiB, 57.02% gc time)


  0.144811 seconds (767.55 k allocations: 201.178 MiB, 25.65% gc time)


  0.110181 seconds (767.54 k allocations: 201.177 MiB, 6.51% gc time)


  0.113337 seconds (767.53 k allocations: 201.177 MiB, 13.93% gc time)


  0.100548 seconds (767.52 k allocations: 201.175 MiB, 7.95% gc time)


  0.099486 seconds (767.56 k allocations: 201.178 MiB, 8.26% gc time)


Numero de qubits: 59 
Threads (LinearAlgebra) :15
Threads (Julia) :1


  0.112666 seconds (784.66 k allocations: 205.167 MiB, 10.21% gc time)


  0.101358 seconds (784.65 k allocations: 205.166 MiB, 6.14% gc time)


  0.102047 seconds (784.63 k allocations: 205.165 MiB, 8.17% gc time)


  0.101295 seconds (784.65 k allocations: 205.166 MiB, 7.81% gc time)


  0.102053 seconds (784.64 k allocations: 205.165 MiB, 8.14% gc time)


  0.103307 seconds (784.65 k allocations: 205.166 MiB, 9.30% gc time)


  0.102482 seconds (784.67 k allocations: 205.167 MiB, 8.23% gc time)


  0.102655 seconds (784.64 k allocations: 205.165 MiB, 8.48% gc time)


  0.104134 seconds (784.64 k allocations: 205.165 MiB, 9.53% gc time)


  0.102760 seconds (784.65 k allocations: 205.166 MiB, 8.42% gc time)


  0.103209 seconds (784.63 k allocations: 205.165 MiB, 8.75% gc time)


  0.104760 seconds (784.63 k allocations: 205.165 MiB, 9.82% gc time)


  0.103666 seconds (784.64 k allocations: 205.165 MiB, 8.97% gc time)


  0.103496 seconds (784.64 k allocations: 205.165 MiB, 9.00% gc time)


  0.103694 seconds (784.63 k allocations: 205.164 MiB, 8.87% gc time)


  0.103730 seconds (784.65 k allocations: 205.166 MiB, 9.01% gc time)


  0.103915 seconds (784.64 k allocations: 205.165 MiB, 9.15% gc time)


  0.103756 seconds (784.62 k allocations: 205.164 MiB, 9.19% gc time)


  0.103882 seconds (784.66 k allocations: 205.166 MiB, 9.16% gc time)


  0.104205 seconds (784.64 k allocations: 205.165 MiB, 9.36% gc time)


  0.104142 seconds (784.65 k allocations: 205.166 MiB, 9.49% gc time)


Numero de qubits: 60 
Threads (LinearAlgebra) :15
Threads (Julia) :1


  0.117150 seconds (799.62 k allocations: 209.254 MiB, 10.53% gc time)


  0.109849 seconds (799.62 k allocations: 209.255 MiB, 10.41% gc time)


  0.107917 seconds (799.60 k allocations: 209.254 MiB, 10.04% gc time)


  0.121003 seconds (799.60 k allocations: 209.254 MiB, 10.02% gc time)


  0.107561 seconds (799.60 k allocations: 209.254 MiB, 9.78% gc time)


  0.107261 seconds (799.60 k allocations: 209.254 MiB, 9.86% gc time)


  0.107351 seconds (799.60 k allocations: 209.254 MiB, 10.00% gc time)


  0.107392 seconds (799.61 k allocations: 209.254 MiB, 10.03% gc time)


  0.108049 seconds (799.60 k allocations: 209.254 MiB, 10.03% gc time)


  0.107709 seconds (799.61 k allocations: 209.254 MiB, 10.10% gc time)


  0.105816 seconds (799.60 k allocations: 209.254 MiB, 8.49% gc time)


  0.108105 seconds (799.59 k allocations: 209.253 MiB, 10.04% gc time)


  0.108479 seconds (799.60 k allocations: 209.254 MiB, 10.35% gc time)


  0.107903 seconds (799.61 k allocations: 209.254 MiB, 10.12% gc time)


  0.108520 seconds (799.60 k allocations: 209.254 MiB, 10.31% gc time)


  0.108873 seconds (799.60 k allocations: 209.254 MiB, 10.43% gc time)


  0.108824 seconds (799.60 k allocations: 209.254 MiB, 10.37% gc time)


  0.106706 seconds (799.61 k allocations: 209.254 MiB, 8.90% gc time)


  0.107415 seconds (799.60 k allocations: 209.254 MiB, 9.17% gc time)


  0.107329 seconds (799.59 k allocations: 209.253 MiB, 9.19% gc time)


  0.107438 seconds (799.59 k allocations: 209.253 MiB, 9.27% gc time)


