Numero de qubits: 100 
Dimension max: 100 
Threads (LinearAlgebra) :15
Threads (Julia) :1


-99.0After sweep 1 energy=-126.83458341353801  maxlinkdim=4 maxerr=0.00E+00 time=9.556
After sweep 1 energy=-126.9230774639686  maxlinkdim=16 maxerr=0.00E+00 time=0.058
After sweep 1 energy=-126.93309635145717  maxlinkdim=51 maxerr=9.98E-16 time=0.410
After sweep 1 energy=-126.93867170915522  maxlinkdim=100 maxerr=1.64E-14 time=1.203
After sweep 1 energy=-126.94292121796026  maxlinkdim=100 maxerr=4.11E-13 time=2.143
-99.0After sweep 1 energy=-126.83458341353801  maxlinkdim=4 maxerr=0.00E+00 time=0.036
After sweep 1 energy=-126.9230774639686  maxlinkdim=16 maxerr=0.00E+00 time=0.065
After sweep 1 energy=-126.93309635145717  maxlinkdim=51 maxerr=9.98E-16 time=0.200
After sweep 1 energy=-126.93867170915522  maxlinkdim=100 maxerr=1.64E-14 time=1.169
After sweep 1 energy=-126.94292121796026  maxlinkdim=100 maxerr=4.11E-13 time=2.055
-99.0After sweep 1 energy=-126.83458341353801  maxlinkdim=4 maxerr=0.00E+00 time=0.040
After sweep 1 energy=-126.9230774639686  maxlinkdim=16 maxerr=0.00E+00 time=0.053
After sweep 1 energy=-126.93309635145717  maxlinkdim=51 maxerr=9.98E-16 time=0.200
After sweep 1 energy=-126.93867170915522  maxlinkdim=100 maxerr=1.64E-14 time=1.156
After sweep 1 energy=-126.94292121796026  maxlinkdim=100 maxerr=4.11E-13 time=1.938
-99.0After sweep 1 energy=-126.83458341353801  maxlinkdim=4 maxerr=0.00E+00 time=0.035
After sweep 1 energy=-126.9230774639686  maxlinkdim=16 maxerr=0.00E+00 time=0.048
After sweep 1 energy=-126.93309635145717  maxlinkdim=51 maxerr=9.98E-16 time=0.182
After sweep 1 energy=-126.93867170915522  maxlinkdim=100 maxerr=1.64E-14 time=1.104
After sweep 1 energy=-126.94292121796026  maxlinkdim=100 maxerr=4.11E-13 time=2.065
-99.0After sweep 1 energy=-126.83458341353801  maxlinkdim=4 maxerr=0.00E+00 time=0.039
After sweep 1 energy=-126.9230774639686  maxlinkdim=16 maxerr=0.00E+00 time=0.063
After sweep 1 energy=-126.93309635145717  maxlinkdim=51 maxerr=9.98E-16 time=0.202
After sweep 1 energy=-126.93867170915522  maxlinkdim=100 maxerr=1.64E-14 time=1.163
After sweep 1 energy=-126.94292121796026  maxlinkdim=100 maxerr=4.11E-13 time=2.023
-99.0After sweep 1 energy=-126.83458341353801  maxlinkdim=4 maxerr=0.00E+00 time=0.046
After sweep 1 energy=-126.9230774639686  maxlinkdim=16 maxerr=0.00E+00 time=0.070
After sweep 1 energy=-126.93309635145717  maxlinkdim=51 maxerr=9.98E-16 time=0.197
After sweep 1 energy=-126.93867170915522  maxlinkdim=100 maxerr=1.64E-14 time=1.172
After sweep 1 energy=-126.94292121796026  maxlinkdim=100 maxerr=4.11E-13 time=2.035
-99.0After sweep 1 energy=-126.83458341353801  maxlinkdim=4 maxerr=0.00E+00 time=0.039
After sweep 1 energy=-126.9230774639686  maxlinkdim=16 maxerr=0.00E+00 time=0.046
After sweep 1 energy=-126.93309635145717  maxlinkdim=51 maxerr=9.98E-16 time=0.200
After sweep 1 energy=-126.93867170915522  maxlinkdim=100 maxerr=1.64E-14 time=1.155
After sweep 1 energy=-126.94292121796026  maxlinkdim=100 maxerr=4.11E-13 time=1.916
-99.0After sweep 1 energy=-126.83458341353801  maxlinkdim=4 maxerr=0.00E+00 time=0.036
After sweep 1 energy=-126.9230774639686  maxlinkdim=16 maxerr=0.00E+00 time=0.050
After sweep 1 energy=-126.93309635145717  maxlinkdim=51 maxerr=9.98E-16 time=0.333
After sweep 1 energy=-126.93867170915522  maxlinkdim=100 maxerr=1.64E-14 time=1.149
After sweep 1 energy=-126.94292121796026  maxlinkdim=100 maxerr=4.11E-13 time=2.063
-99.0After sweep 1 energy=-126.83458341353801  maxlinkdim=4 maxerr=0.00E+00 time=0.040
After sweep 1 energy=-126.9230774639686  maxlinkdim=16 maxerr=0.00E+00 time=0.062
After sweep 1 energy=-126.93309635145717  maxlinkdim=51 maxerr=9.98E-16 time=0.206
After sweep 1 energy=-126.93867170915522  maxlinkdim=100 maxerr=1.64E-14 time=1.172
After sweep 1 energy=-126.94292121796026  maxlinkdim=100 maxerr=4.11E-13 time=2.050
-99.0After sweep 1 energy=-126.83458341353801  maxlinkdim=4 maxerr=0.00E+00 time=0.044
After sweep 1 energy=-126.9230774639686  maxlinkdim=16 maxerr=0.00E+00 time=0.065
After sweep 1 energy=-126.93309635145717  maxlinkdim=51 maxerr=9.98E-16 time=0.198
After sweep 1 energy=-126.93867170915522  maxlinkdim=100 maxerr=1.64E-14 time=1.166
After sweep 1 energy=-126.94292121796026  maxlinkdim=100 maxerr=4.11E-13 time=1.904
Numero de qubits: 100 
Dimension max: 200 
Threads (LinearAlgebra) :15
Threads (Julia) :1


-99.0After sweep 1 energy=-126.83458341353801  maxlinkdim=4 maxerr=0.00E+00 time=0.037
After sweep 1 energy=-126.9230774639686  maxlinkdim=16 maxerr=0.00E+00 time=0.054
After sweep 1 energy=-126.93309635145717  maxlinkdim=51 maxerr=9.98E-16 time=0.355
After sweep 1 energy=-126.93867088815098  maxlinkdim=121 maxerr=9.99E-16 time=1.202
After sweep 1 energy=-126.94288078563237  maxlinkdim=200 maxerr=1.83E-14 time=4.228
-99.0After sweep 1 energy=-126.83458341353801  maxlinkdim=4 maxerr=0.00E+00 time=0.036
After sweep 1 energy=-126.9230774639686  maxlinkdim=16 maxerr=0.00E+00 time=0.050
After sweep 1 energy=-126.93309635145717  maxlinkdim=51 maxerr=9.98E-16 time=0.194
After sweep 1 energy=-126.93867088815098  maxlinkdim=121 maxerr=9.99E-16 time=1.253
After sweep 1 energy=-126.94288078563237  maxlinkdim=200 maxerr=1.83E-14 time=4.080
-99.0After sweep 1 energy=-126.83458341353801  maxlinkdim=4 maxerr=0.00E+00 time=0.036
After sweep 1 energy=-126.9230774639686  maxlinkdim=16 maxerr=0.00E+00 time=0.055
After sweep 1 energy=-126.93309635145717  maxlinkdim=51 maxerr=9.98E-16 time=0.337
After sweep 1 energy=-126.93867088815098  maxlinkdim=121 maxerr=9.99E-16 time=1.158
After sweep 1 energy=-126.94288078563237  maxlinkdim=200 maxerr=1.83E-14 time=4.209
-99.0After sweep 1 energy=-126.83458341353801  maxlinkdim=4 maxerr=0.00E+00 time=0.039
After sweep 1 energy=-126.9230774639686  maxlinkdim=16 maxerr=0.00E+00 time=0.050
After sweep 1 energy=-126.93309635145717  maxlinkdim=51 maxerr=9.98E-16 time=0.196
After sweep 1 energy=-126.93867088815098  maxlinkdim=121 maxerr=9.99E-16 time=1.208
After sweep 1 energy=-126.94288078563237  maxlinkdim=200 maxerr=1.83E-14 time=4.124
-99.0After sweep 1 energy=-126.83458341353801  maxlinkdim=4 maxerr=0.00E+00 time=0.038
After sweep 1 energy=-126.9230774639686  maxlinkdim=16 maxerr=0.00E+00 time=0.051
After sweep 1 energy=-126.93309635145717  maxlinkdim=51 maxerr=9.98E-16 time=0.197
After sweep 1 energy=-126.93867088815098  maxlinkdim=121 maxerr=9.99E-16 time=1.348
After sweep 1 energy=-126.94288078563237  maxlinkdim=200 maxerr=1.83E-14 time=4.183
-99.0After sweep 1 energy=-126.83458341353801  maxlinkdim=4 maxerr=0.00E+00 time=0.036
After sweep 1 energy=-126.9230774639686  maxlinkdim=16 maxerr=0.00E+00 time=0.051
After sweep 1 energy=-126.93309635145717  maxlinkdim=51 maxerr=9.98E-16 time=0.194
After sweep 1 energy=-126.93867088815098  maxlinkdim=121 maxerr=9.99E-16 time=1.195
After sweep 1 energy=-126.94288078563237  maxlinkdim=200 maxerr=1.83E-14 time=4.207
-99.0After sweep 1 energy=-126.83458341353801  maxlinkdim=4 maxerr=0.00E+00 time=0.037
After sweep 1 energy=-126.9230774639686  maxlinkdim=16 maxerr=0.00E+00 time=0.058
After sweep 1 energy=-126.93309635145717  maxlinkdim=51 maxerr=9.98E-16 time=0.195
After sweep 1 energy=-126.93867088815098  maxlinkdim=121 maxerr=9.99E-16 time=1.340
After sweep 1 energy=-126.94288078563237  maxlinkdim=200 maxerr=1.83E-14 time=4.186
-99.0After sweep 1 energy=-126.83458341353801  maxlinkdim=4 maxerr=0.00E+00 time=0.039
After sweep 1 energy=-126.9230774639686  maxlinkdim=16 maxerr=0.00E+00 time=0.059
After sweep 1 energy=-126.93309635145717  maxlinkdim=51 maxerr=9.98E-16 time=0.197
After sweep 1 energy=-126.93867088815098  maxlinkdim=121 maxerr=9.99E-16 time=1.166
After sweep 1 energy=-126.94288078563237  maxlinkdim=200 maxerr=1.83E-14 time=4.036
-99.0After sweep 1 energy=-126.83458341353801  maxlinkdim=4 maxerr=0.00E+00 time=0.039
After sweep 1 energy=-126.9230774639686  maxlinkdim=16 maxerr=0.00E+00 time=0.051
After sweep 1 energy=-126.93309635145717  maxlinkdim=51 maxerr=9.98E-16 time=0.194
After sweep 1 energy=-126.93867088815098  maxlinkdim=121 maxerr=9.99E-16 time=1.171
After sweep 1 energy=-126.94288078563237  maxlinkdim=200 maxerr=1.83E-14 time=4.025
-99.0After sweep 1 energy=-126.83458341353801  maxlinkdim=4 maxerr=0.00E+00 time=0.037
After sweep 1 energy=-126.9230774639686  maxlinkdim=16 maxerr=0.00E+00 time=0.052
After sweep 1 energy=-126.93309635145717  maxlinkdim=51 maxerr=9.98E-16 time=0.196
After sweep 1 energy=-126.93867088815098  maxlinkdim=121 maxerr=9.99E-16 time=1.177
After sweep 1 energy=-126.94288078563237  maxlinkdim=200 maxerr=1.83E-14 time=3.909
Numero de qubits: 100 
Dimension max: 300 
Threads (LinearAlgebra) :15
Threads (Julia) :1


-99.0After sweep 1 energy=-126.83458341353801  maxlinkdim=4 maxerr=0.00E+00 time=0.039
After sweep 1 energy=-126.9230774639686  maxlinkdim=16 maxerr=0.00E+00 time=0.049
After sweep 1 energy=-126.93309635145717  maxlinkdim=51 maxerr=9.98E-16 time=0.195
After sweep 1 energy=-126.93867088815098  maxlinkdim=121 maxerr=9.99E-16 time=1.230
After sweep 1 energy=-126.9428880813356  maxlinkdim=252 maxerr=1.00E-15 time=4.491
-99.0After sweep 1 energy=-126.83458341353801  maxlinkdim=4 maxerr=0.00E+00 time=0.037
After sweep 1 energy=-126.9230774639686  maxlinkdim=16 maxerr=0.00E+00 time=0.056
After sweep 1 energy=-126.93309635145717  maxlinkdim=51 maxerr=9.98E-16 time=0.197
After sweep 1 energy=-126.93867088815098  maxlinkdim=121 maxerr=9.99E-16 time=1.176
After sweep 1 energy=-126.9428880813356  maxlinkdim=252 maxerr=1.00E-15 time=4.568
-99.0After sweep 1 energy=-126.83458341353801  maxlinkdim=4 maxerr=0.00E+00 time=0.043
After sweep 1 energy=-126.9230774639686  maxlinkdim=16 maxerr=0.00E+00 time=0.065
After sweep 1 energy=-126.93309635145717  maxlinkdim=51 maxerr=9.98E-16 time=0.187
After sweep 1 energy=-126.93867088815098  maxlinkdim=121 maxerr=9.99E-16 time=1.208
After sweep 1 energy=-126.9428880813356  maxlinkdim=252 maxerr=1.00E-15 time=4.269
-99.0After sweep 1 energy=-126.83458341353801  maxlinkdim=4 maxerr=0.00E+00 time=0.045
After sweep 1 energy=-126.9230774639686  maxlinkdim=16 maxerr=0.00E+00 time=0.053
After sweep 1 energy=-126.93309635145717  maxlinkdim=51 maxerr=9.98E-16 time=0.196
After sweep 1 energy=-126.93867088815098  maxlinkdim=121 maxerr=9.99E-16 time=1.207
After sweep 1 energy=-126.9428880813356  maxlinkdim=252 maxerr=1.00E-15 time=4.433
-99.0After sweep 1 energy=-126.83458341353801  maxlinkdim=4 maxerr=0.00E+00 time=0.037
After sweep 1 energy=-126.9230774639686  maxlinkdim=16 maxerr=0.00E+00 time=0.051
After sweep 1 energy=-126.93309635145717  maxlinkdim=51 maxerr=9.98E-16 time=0.195
After sweep 1 energy=-126.93867088815098  maxlinkdim=121 maxerr=9.99E-16 time=1.193
After sweep 1 energy=-126.9428880813356  maxlinkdim=252 maxerr=1.00E-15 time=4.565
-99.0After sweep 1 energy=-126.83458341353801  maxlinkdim=4 maxerr=0.00E+00 time=0.042
After sweep 1 energy=-126.9230774639686  maxlinkdim=16 maxerr=0.00E+00 time=0.055
After sweep 1 energy=-126.93309635145717  maxlinkdim=51 maxerr=9.98E-16 time=0.195
After sweep 1 energy=-126.93867088815098  maxlinkdim=121 maxerr=9.99E-16 time=1.173
After sweep 1 energy=-126.9428880813356  maxlinkdim=252 maxerr=1.00E-15 time=4.515
-99.0After sweep 1 energy=-126.83458341353801  maxlinkdim=4 maxerr=0.00E+00 time=0.039
After sweep 1 energy=-126.9230774639686  maxlinkdim=16 maxerr=0.00E+00 time=0.064
After sweep 1 energy=-126.93309635145717  maxlinkdim=51 maxerr=9.98E-16 time=0.191
After sweep 1 energy=-126.93867088815098  maxlinkdim=121 maxerr=9.99E-16 time=1.193
After sweep 1 energy=-126.9428880813356  maxlinkdim=252 maxerr=1.00E-15 time=4.320
-99.0After sweep 1 energy=-126.83458341353801  maxlinkdim=4 maxerr=0.00E+00 time=0.038
After sweep 1 energy=-126.9230774639686  maxlinkdim=16 maxerr=0.00E+00 time=0.052
After sweep 1 energy=-126.93309635145717  maxlinkdim=51 maxerr=9.98E-16 time=0.196
After sweep 1 energy=-126.93867088815098  maxlinkdim=121 maxerr=9.99E-16 time=1.322
After sweep 1 energy=-126.9428880813356  maxlinkdim=252 maxerr=1.00E-15 time=4.279
-99.0After sweep 1 energy=-126.83458341353801  maxlinkdim=4 maxerr=0.00E+00 time=0.037
After sweep 1 energy=-126.9230774639686  maxlinkdim=16 maxerr=0.00E+00 time=0.052
After sweep 1 energy=-126.93309635145717  maxlinkdim=51 maxerr=9.98E-16 time=0.199
After sweep 1 energy=-126.93867088815098  maxlinkdim=121 maxerr=9.99E-16 time=1.344
After sweep 1 energy=-126.9428880813356  maxlinkdim=252 maxerr=1.00E-15 time=4.327
-99.0After sweep 1 energy=-126.83458341353801  maxlinkdim=4 maxerr=0.00E+00 time=0.038
After sweep 1 energy=-126.9230774639686  maxlinkdim=16 maxerr=0.00E+00 time=0.053
After sweep 1 energy=-126.93309635145717  maxlinkdim=51 maxerr=9.98E-16 time=0.195
After sweep 1 energy=-126.93867088815098  maxlinkdim=121 maxerr=9.99E-16 time=1.165
After sweep 1 energy=-126.9428880813356  maxlinkdim=252 maxerr=1.00E-15 time=4.406
Numero de qubits: 100 
Dimension max: 400 
Threads (LinearAlgebra) :15
Threads (Julia) :1


-99.0After sweep 1 energy=-126.83458341353801  maxlinkdim=4 maxerr=0.00E+00 time=0.041
After sweep 1 energy=-126.9230774639686  maxlinkdim=16 maxerr=0.00E+00 time=0.066
After sweep 1 energy=-126.93309635145717  maxlinkdim=51 maxerr=9.98E-16 time=0.206
After sweep 1 energy=-126.93867088815098  maxlinkdim=121 maxerr=9.99E-16 time=1.259
After sweep 1 energy=-126.9428880813356  maxlinkdim=252 maxerr=1.00E-15 time=4.300
-99.0After sweep 1 energy=-126.83458341353801  maxlinkdim=4 maxerr=0.00E+00 time=0.040
After sweep 1 energy=-126.9230774639686  maxlinkdim=16 maxerr=0.00E+00 time=0.069
After sweep 1 energy=-126.93309635145717  maxlinkdim=51 maxerr=9.98E-16 time=0.182
After sweep 1 energy=-126.93867088815098  maxlinkdim=121 maxerr=9.99E-16 time=1.159
After sweep 1 energy=-126.9428880813356  maxlinkdim=252 maxerr=1.00E-15 time=4.487
-99.0After sweep 1 energy=-126.83458341353801  maxlinkdim=4 maxerr=0.00E+00 time=0.043
After sweep 1 energy=-126.9230774639686  maxlinkdim=16 maxerr=0.00E+00 time=0.057
After sweep 1 energy=-126.93309635145717  maxlinkdim=51 maxerr=9.98E-16 time=0.202
After sweep 1 energy=-126.93867088815098  maxlinkdim=121 maxerr=9.99E-16 time=1.200
After sweep 1 energy=-126.9428880813356  maxlinkdim=252 maxerr=1.00E-15 time=4.289
-99.0After sweep 1 energy=-126.83458341353801  maxlinkdim=4 maxerr=0.00E+00 time=0.039
After sweep 1 energy=-126.9230774639686  maxlinkdim=16 maxerr=0.00E+00 time=0.053
After sweep 1 energy=-126.93309635145717  maxlinkdim=51 maxerr=9.98E-16 time=0.198
After sweep 1 energy=-126.93867088815098  maxlinkdim=121 maxerr=9.99E-16 time=1.329
After sweep 1 energy=-126.9428880813356  maxlinkdim=252 maxerr=1.00E-15 time=4.297
-99.0After sweep 1 energy=-126.83458341353801  maxlinkdim=4 maxerr=0.00E+00 time=0.038
After sweep 1 energy=-126.9230774639686  maxlinkdim=16 maxerr=0.00E+00 time=0.053
After sweep 1 energy=-126.93309635145717  maxlinkdim=51 maxerr=9.98E-16 time=0.196
After sweep 1 energy=-126.93867088815098  maxlinkdim=121 maxerr=9.99E-16 time=1.194
After sweep 1 energy=-126.9428880813356  maxlinkdim=252 maxerr=1.00E-15 time=4.249
-99.0After sweep 1 energy=-126.83458341353801  maxlinkdim=4 maxerr=0.00E+00 time=0.039
After sweep 1 energy=-126.9230774639686  maxlinkdim=16 maxerr=0.00E+00 time=0.059
After sweep 1 energy=-126.93309635145717  maxlinkdim=51 maxerr=9.98E-16 time=0.198
After sweep 1 energy=-126.93867088815098  maxlinkdim=121 maxerr=9.99E-16 time=1.182
After sweep 1 energy=-126.9428880813356  maxlinkdim=252 maxerr=1.00E-15 time=4.420
-99.0After sweep 1 energy=-126.83458341353801  maxlinkdim=4 maxerr=0.00E+00 time=0.040
After sweep 1 energy=-126.9230774639686  maxlinkdim=16 maxerr=0.00E+00 time=0.061
After sweep 1 energy=-126.93309635145717  maxlinkdim=51 maxerr=9.98E-16 time=0.191
After sweep 1 energy=-126.93867088815098  maxlinkdim=121 maxerr=9.99E-16 time=1.072
After sweep 1 energy=-126.9428880813356  maxlinkdim=252 maxerr=1.00E-15 time=4.239
-99.0After sweep 1 energy=-126.83458341353801  maxlinkdim=4 maxerr=0.00E+00 time=0.039
After sweep 1 energy=-126.9230774639686  maxlinkdim=16 maxerr=0.00E+00 time=0.066
After sweep 1 energy=-126.93309635145717  maxlinkdim=51 maxerr=9.98E-16 time=0.197
After sweep 1 energy=-126.93867088815098  maxlinkdim=121 maxerr=9.99E-16 time=1.171
After sweep 1 energy=-126.9428880813356  maxlinkdim=252 maxerr=1.00E-15 time=4.277
-99.0After sweep 1 energy=-126.83458341353801  maxlinkdim=4 maxerr=0.00E+00 time=0.165
After sweep 1 energy=-126.9230774639686  maxlinkdim=16 maxerr=0.00E+00 time=0.055
After sweep 1 energy=-126.93309635145717  maxlinkdim=51 maxerr=9.98E-16 time=0.193
After sweep 1 energy=-126.93867088815098  maxlinkdim=121 maxerr=9.99E-16 time=1.184
After sweep 1 energy=-126.9428880813356  maxlinkdim=252 maxerr=1.00E-15 time=4.568
-99.0After sweep 1 energy=-126.83458341353801  maxlinkdim=4 maxerr=0.00E+00 time=0.039
After sweep 1 energy=-126.9230774639686  maxlinkdim=16 maxerr=0.00E+00 time=0.056
After sweep 1 energy=-126.93309635145717  maxlinkdim=51 maxerr=9.98E-16 time=0.199
After sweep 1 energy=-126.93867088815098  maxlinkdim=121 maxerr=9.99E-16 time=1.214
After sweep 1 energy=-126.9428880813356  maxlinkdim=252 maxerr=1.00E-15 time=4.269
Numero de qubits: 100 
Dimension max: 500 
Threads (LinearAlgebra) :15
Threads (Julia) :1


-99.0After sweep 1 energy=-126.83458341353801  maxlinkdim=4 maxerr=0.00E+00 time=0.037
After sweep 1 energy=-126.9230774639686  maxlinkdim=16 maxerr=0.00E+00 time=0.056
After sweep 1 energy=-126.93309635145717  maxlinkdim=51 maxerr=9.98E-16 time=0.197
After sweep 1 energy=-126.93867088815098  maxlinkdim=121 maxerr=9.99E-16 time=1.185
After sweep 1 energy=-126.9428880813356  maxlinkdim=252 maxerr=1.00E-15 time=4.414
-99.0After sweep 1 energy=-126.83458341353801  maxlinkdim=4 maxerr=0.00E+00 time=0.041
After sweep 1 energy=-126.9230774639686  maxlinkdim=16 maxerr=0.00E+00 time=0.058
After sweep 1 energy=-126.93309635145717  maxlinkdim=51 maxerr=9.98E-16 time=0.195
After sweep 1 energy=-126.93867088815098  maxlinkdim=121 maxerr=9.99E-16 time=1.077
After sweep 1 energy=-126.9428880813356  maxlinkdim=252 maxerr=1.00E-15 time=4.323
-99.0After sweep 1 energy=-126.83458341353801  maxlinkdim=4 maxerr=0.00E+00 time=0.039
After sweep 1 energy=-126.9230774639686  maxlinkdim=16 maxerr=0.00E+00 time=0.058
After sweep 1 energy=-126.93309635145717  maxlinkdim=51 maxerr=9.98E-16 time=0.208
After sweep 1 energy=-126.93867088815098  maxlinkdim=121 maxerr=9.99E-16 time=1.220
After sweep 1 energy=-126.9428880813356  maxlinkdim=252 maxerr=1.00E-15 time=4.307
-99.0After sweep 1 energy=-126.83458341353801  maxlinkdim=4 maxerr=0.00E+00 time=0.036
After sweep 1 energy=-126.9230774639686  maxlinkdim=16 maxerr=0.00E+00 time=0.050
After sweep 1 energy=-126.93309635145717  maxlinkdim=51 maxerr=9.98E-16 time=0.195
After sweep 1 energy=-126.93867088815098  maxlinkdim=121 maxerr=9.99E-16 time=1.325
After sweep 1 energy=-126.9428880813356  maxlinkdim=252 maxerr=1.00E-15 time=4.293
-99.0After sweep 1 energy=-126.83458341353801  maxlinkdim=4 maxerr=0.00E+00 time=0.040
After sweep 1 energy=-126.9230774639686  maxlinkdim=16 maxerr=0.00E+00 time=0.052
After sweep 1 energy=-126.93309635145717  maxlinkdim=51 maxerr=9.98E-16 time=0.197
After sweep 1 energy=-126.93867088815098  maxlinkdim=121 maxerr=9.99E-16 time=1.330
After sweep 1 energy=-126.9428880813356  maxlinkdim=252 maxerr=1.00E-15 time=4.260
-99.0After sweep 1 energy=-126.83458341353801  maxlinkdim=4 maxerr=0.00E+00 time=0.041
After sweep 1 energy=-126.9230774639686  maxlinkdim=16 maxerr=0.00E+00 time=0.050
After sweep 1 energy=-126.93309635145717  maxlinkdim=51 maxerr=9.98E-16 time=0.195
After sweep 1 energy=-126.93867088815098  maxlinkdim=121 maxerr=9.99E-16 time=1.168
After sweep 1 energy=-126.9428880813356  maxlinkdim=252 maxerr=1.00E-15 time=4.410
-99.0After sweep 1 energy=-126.83458341353801  maxlinkdim=4 maxerr=0.00E+00 time=0.040
After sweep 1 energy=-126.9230774639686  maxlinkdim=16 maxerr=0.00E+00 time=0.056
After sweep 1 energy=-126.93309635145717  maxlinkdim=51 maxerr=9.98E-16 time=0.200
After sweep 1 energy=-126.93867088815098  maxlinkdim=121 maxerr=9.99E-16 time=1.093
After sweep 1 energy=-126.9428880813356  maxlinkdim=252 maxerr=1.00E-15 time=4.252
-99.0After sweep 1 energy=-126.83458341353801  maxlinkdim=4 maxerr=0.00E+00 time=0.037
After sweep 1 energy=-126.9230774639686  maxlinkdim=16 maxerr=0.00E+00 time=0.052
After sweep 1 energy=-126.93309635145717  maxlinkdim=51 maxerr=9.98E-16 time=0.195
After sweep 1 energy=-126.93867088815098  maxlinkdim=121 maxerr=9.99E-16 time=1.165
After sweep 1 energy=-126.9428880813356  maxlinkdim=252 maxerr=1.00E-15 time=4.463
-99.0After sweep 1 energy=-126.83458341353801  maxlinkdim=4 maxerr=0.00E+00 time=0.040
After sweep 1 energy=-126.9230774639686  maxlinkdim=16 maxerr=0.00E+00 time=0.056
After sweep 1 energy=-126.93309635145717  maxlinkdim=51 maxerr=9.98E-16 time=0.199
After sweep 1 energy=-126.93867088815098  maxlinkdim=121 maxerr=9.99E-16 time=1.210
After sweep 1 energy=-126.9428880813356  maxlinkdim=252 maxerr=1.00E-15 time=4.248
-99.0After sweep 1 energy=-126.83458341353801  maxlinkdim=4 maxerr=0.00E+00 time=0.039
After sweep 1 energy=-126.9230774639686  maxlinkdim=16 maxerr=0.00E+00 time=0.049
After sweep 1 energy=-126.93309635145717  maxlinkdim=51 maxerr=9.98E-16 time=0.197
After sweep 1 energy=-126.93867088815098  maxlinkdim=121 maxerr=9.99E-16 time=1.166
After sweep 1 energy=-126.9428880813356  maxlinkdim=252 maxerr=1.00E-15 time=4.384
Numero de qubits: 100 
Dimension max: 600 
Threads (LinearAlgebra) :15
Threads (Julia) :1


-99.0After sweep 1 energy=-126.83458341353801  maxlinkdim=4 maxerr=0.00E+00 time=0.040
After sweep 1 energy=-126.9230774639686  maxlinkdim=16 maxerr=0.00E+00 time=0.067
After sweep 1 energy=-126.93309635145717  maxlinkdim=51 maxerr=9.98E-16 time=0.192
After sweep 1 energy=-126.93867088815098  maxlinkdim=121 maxerr=9.99E-16 time=1.204
After sweep 1 energy=-126.9428880813356  maxlinkdim=252 maxerr=1.00E-15 time=4.267
-99.0After sweep 1 energy=-126.83458341353801  maxlinkdim=4 maxerr=0.00E+00 time=0.037
After sweep 1 energy=-126.9230774639686  maxlinkdim=16 maxerr=0.00E+00 time=0.052
After sweep 1 energy=-126.93309635145717  maxlinkdim=51 maxerr=9.98E-16 time=0.198
After sweep 1 energy=-126.93867088815098  maxlinkdim=121 maxerr=9.99E-16 time=1.167
After sweep 1 energy=-126.9428880813356  maxlinkdim=252 maxerr=1.00E-15 time=4.386
-99.0After sweep 1 energy=-126.83458341353801  maxlinkdim=4 maxerr=0.00E+00 time=0.040
After sweep 1 energy=-126.9230774639686  maxlinkdim=16 maxerr=0.00E+00 time=0.063
After sweep 1 energy=-126.93309635145717  maxlinkdim=51 maxerr=9.98E-16 time=0.194
After sweep 1 energy=-126.93867088815098  maxlinkdim=121 maxerr=9.99E-16 time=1.213
After sweep 1 energy=-126.9428880813356  maxlinkdim=252 maxerr=1.00E-15 time=4.269
-99.0After sweep 1 energy=-126.83458341353801  maxlinkdim=4 maxerr=0.00E+00 time=0.037
After sweep 1 energy=-126.9230774639686  maxlinkdim=16 maxerr=0.00E+00 time=0.056
After sweep 1 energy=-126.93309635145717  maxlinkdim=51 maxerr=9.98E-16 time=0.196
After sweep 1 energy=-126.93867088815098  maxlinkdim=121 maxerr=9.99E-16 time=1.177
After sweep 1 energy=-126.9428880813356  maxlinkdim=252 maxerr=1.00E-15 time=4.376
-99.0After sweep 1 energy=-126.83458341353801  maxlinkdim=4 maxerr=0.00E+00 time=0.039
After sweep 1 energy=-126.9230774639686  maxlinkdim=16 maxerr=0.00E+00 time=0.066
After sweep 1 energy=-126.93309635145717  maxlinkdim=51 maxerr=9.98E-16 time=0.189
After sweep 1 energy=-126.93867088815098  maxlinkdim=121 maxerr=9.99E-16 time=1.214
After sweep 1 energy=-126.9428880813356  maxlinkdim=252 maxerr=1.00E-15 time=4.235
-99.0After sweep 1 energy=-126.83458341353801  maxlinkdim=4 maxerr=0.00E+00 time=0.038
After sweep 1 energy=-126.9230774639686  maxlinkdim=16 maxerr=0.00E+00 time=0.055
After sweep 1 energy=-126.93309635145717  maxlinkdim=51 maxerr=9.98E-16 time=0.197
After sweep 1 energy=-126.93867088815098  maxlinkdim=121 maxerr=9.99E-16 time=1.168
After sweep 1 energy=-126.9428880813356  maxlinkdim=252 maxerr=1.00E-15 time=4.437
-99.0After sweep 1 energy=-126.83458341353801  maxlinkdim=4 maxerr=0.00E+00 time=0.039
After sweep 1 energy=-126.9230774639686  maxlinkdim=16 maxerr=0.00E+00 time=0.066
After sweep 1 energy=-126.93309635145717  maxlinkdim=51 maxerr=9.98E-16 time=0.183
After sweep 1 energy=-126.93867088815098  maxlinkdim=121 maxerr=9.99E-16 time=1.081
After sweep 1 energy=-126.9428880813356  maxlinkdim=252 maxerr=1.00E-15 time=4.234
-99.0After sweep 1 energy=-126.83458341353801  maxlinkdim=4 maxerr=0.00E+00 time=0.040
After sweep 1 energy=-126.9230774639686  maxlinkdim=16 maxerr=0.00E+00 time=0.064
After sweep 1 energy=-126.93309635145717  maxlinkdim=51 maxerr=9.98E-16 time=0.193
After sweep 1 energy=-126.93867088815098  maxlinkdim=121 maxerr=9.99E-16 time=1.202
After sweep 1 energy=-126.9428880813356  maxlinkdim=252 maxerr=1.00E-15 time=4.274
-99.0After sweep 1 energy=-126.83458341353801  maxlinkdim=4 maxerr=0.00E+00 time=0.037
After sweep 1 energy=-126.9230774639686  maxlinkdim=16 maxerr=0.00E+00 time=0.053
After sweep 1 energy=-126.93309635145717  maxlinkdim=51 maxerr=9.98E-16 time=0.197
After sweep 1 energy=-126.93867088815098  maxlinkdim=121 maxerr=9.99E-16 time=1.190
After sweep 1 energy=-126.9428880813356  maxlinkdim=252 maxerr=1.00E-15 time=4.274
-99.0After sweep 1 energy=-126.83458341353801  maxlinkdim=4 maxerr=0.00E+00 time=0.044
After sweep 1 energy=-126.9230774639686  maxlinkdim=16 maxerr=0.00E+00 time=0.058
After sweep 1 energy=-126.93309635145717  maxlinkdim=51 maxerr=9.98E-16 time=0.204
After sweep 1 energy=-126.93867088815098  maxlinkdim=121 maxerr=9.99E-16 time=1.071
After sweep 1 energy=-126.9428880813356  maxlinkdim=252 maxerr=1.00E-15 time=4.226
Numero de qubits: 100 
Dimension max: 700 
Threads (LinearAlgebra) :15
Threads (Julia) :1


-99.0After sweep 1 energy=-126.83458341353801  maxlinkdim=4 maxerr=0.00E+00 time=0.042
After sweep 1 energy=-126.9230774639686  maxlinkdim=16 maxerr=0.00E+00 time=0.056
After sweep 1 energy=-126.93309635145717  maxlinkdim=51 maxerr=9.98E-16 time=0.196
After sweep 1 energy=-126.93867088815098  maxlinkdim=121 maxerr=9.99E-16 time=1.188
After sweep 1 energy=-126.9428880813356  maxlinkdim=252 maxerr=1.00E-15 time=4.290
-99.0After sweep 1 energy=-126.83458341353801  maxlinkdim=4 maxerr=0.00E+00 time=0.037
After sweep 1 energy=-126.9230774639686  maxlinkdim=16 maxerr=0.00E+00 time=0.052
After sweep 1 energy=-126.93309635145717  maxlinkdim=51 maxerr=9.98E-16 time=0.204
After sweep 1 energy=-126.93867088815098  maxlinkdim=121 maxerr=9.99E-16 time=1.232
After sweep 1 energy=-126.9428880813356  maxlinkdim=252 maxerr=1.00E-15 time=4.277
-99.0After sweep 1 energy=-126.83458341353801  maxlinkdim=4 maxerr=0.00E+00 time=0.040
After sweep 1 energy=-126.9230774639686  maxlinkdim=16 maxerr=0.00E+00 time=0.064
After sweep 1 energy=-126.93309635145717  maxlinkdim=51 maxerr=9.98E-16 time=0.205
After sweep 1 energy=-126.93867088815098  maxlinkdim=121 maxerr=9.99E-16 time=1.078
After sweep 1 energy=-126.9428880813356  maxlinkdim=252 maxerr=1.00E-15 time=4.247
-99.0After sweep 1 energy=-126.83458341353801  maxlinkdim=4 maxerr=0.00E+00 time=0.040
After sweep 1 energy=-126.9230774639686  maxlinkdim=16 maxerr=0.00E+00 time=0.048
After sweep 1 energy=-126.93309635145717  maxlinkdim=51 maxerr=9.98E-16 time=0.196
After sweep 1 energy=-126.93867088815098  maxlinkdim=121 maxerr=9.99E-16 time=1.212
After sweep 1 energy=-126.9428880813356  maxlinkdim=252 maxerr=1.00E-15 time=4.271
-99.0After sweep 1 energy=-126.83458341353801  maxlinkdim=4 maxerr=0.00E+00 time=0.037
After sweep 1 energy=-126.9230774639686  maxlinkdim=16 maxerr=0.00E+00 time=0.052
After sweep 1 energy=-126.93309635145717  maxlinkdim=51 maxerr=9.98E-16 time=0.198
After sweep 1 energy=-126.93867088815098  maxlinkdim=121 maxerr=9.99E-16 time=1.166
After sweep 1 energy=-126.9428880813356  maxlinkdim=252 maxerr=1.00E-15 time=4.422
-99.0After sweep 1 energy=-126.83458341353801  maxlinkdim=4 maxerr=0.00E+00 time=0.051
After sweep 1 energy=-126.9230774639686  maxlinkdim=16 maxerr=0.00E+00 time=0.048
After sweep 1 energy=-126.93309635145717  maxlinkdim=51 maxerr=9.98E-16 time=0.211
After sweep 1 energy=-126.93867088815098  maxlinkdim=121 maxerr=9.99E-16 time=1.075
After sweep 1 energy=-126.9428880813356  maxlinkdim=252 maxerr=1.00E-15 time=4.257
-99.0After sweep 1 energy=-126.83458341353801  maxlinkdim=4 maxerr=0.00E+00 time=0.040
After sweep 1 energy=-126.9230774639686  maxlinkdim=16 maxerr=0.00E+00 time=0.064
After sweep 1 energy=-126.93309635145717  maxlinkdim=51 maxerr=9.98E-16 time=0.189
After sweep 1 energy=-126.93867088815098  maxlinkdim=121 maxerr=9.99E-16 time=1.219
After sweep 1 energy=-126.9428880813356  maxlinkdim=252 maxerr=1.00E-15 time=4.257
-99.0After sweep 1 energy=-126.83458341353801  maxlinkdim=4 maxerr=0.00E+00 time=0.038
After sweep 1 energy=-126.9230774639686  maxlinkdim=16 maxerr=0.00E+00 time=0.050
After sweep 1 energy=-126.93309635145717  maxlinkdim=51 maxerr=9.98E-16 time=0.197
After sweep 1 energy=-126.93867088815098  maxlinkdim=121 maxerr=9.99E-16 time=1.177
After sweep 1 energy=-126.9428880813356  maxlinkdim=252 maxerr=1.00E-15 time=4.125
-99.0After sweep 1 energy=-126.83458341353801  maxlinkdim=4 maxerr=0.00E+00 time=0.037
After sweep 1 energy=-126.9230774639686  maxlinkdim=16 maxerr=0.00E+00 time=0.053
After sweep 1 energy=-126.93309635145717  maxlinkdim=51 maxerr=9.98E-16 time=0.332
After sweep 1 energy=-126.93867088815098  maxlinkdim=121 maxerr=9.99E-16 time=1.160
After sweep 1 energy=-126.9428880813356  maxlinkdim=252 maxerr=1.00E-15 time=4.446
-99.0After sweep 1 energy=-126.83458341353801  maxlinkdim=4 maxerr=0.00E+00 time=0.037
After sweep 1 energy=-126.9230774639686  maxlinkdim=16 maxerr=0.00E+00 time=0.053
After sweep 1 energy=-126.93309635145717  maxlinkdim=51 maxerr=9.98E-16 time=0.199
After sweep 1 energy=-126.93867088815098  maxlinkdim=121 maxerr=9.99E-16 time=1.333
After sweep 1 energy=-126.9428880813356  maxlinkdim=252 maxerr=1.00E-15 time=4.326
Numero de qubits: 100 
Dimension max: 800 
Threads (LinearAlgebra) :15
Threads (Julia) :1


-99.0After sweep 1 energy=-126.83458341353801  maxlinkdim=4 maxerr=0.00E+00 time=0.040
After sweep 1 energy=-126.9230774639686  maxlinkdim=16 maxerr=0.00E+00 time=0.056
After sweep 1 energy=-126.93309635145717  maxlinkdim=51 maxerr=9.98E-16 time=0.197
After sweep 1 energy=-126.93867088815098  maxlinkdim=121 maxerr=9.99E-16 time=1.192
After sweep 1 energy=-126.9428880813356  maxlinkdim=252 maxerr=1.00E-15 time=4.416
-99.0After sweep 1 energy=-126.83458341353801  maxlinkdim=4 maxerr=0.00E+00 time=0.037
After sweep 1 energy=-126.9230774639686  maxlinkdim=16 maxerr=0.00E+00 time=0.052
After sweep 1 energy=-126.93309635145717  maxlinkdim=51 maxerr=9.98E-16 time=0.332
After sweep 1 energy=-126.93867088815098  maxlinkdim=121 maxerr=9.99E-16 time=1.162
After sweep 1 energy=-126.9428880813356  maxlinkdim=252 maxerr=1.00E-15 time=4.341
-99.0After sweep 1 energy=-126.83458341353801  maxlinkdim=4 maxerr=0.00E+00 time=0.037
After sweep 1 energy=-126.9230774639686  maxlinkdim=16 maxerr=0.00E+00 time=0.052
After sweep 1 energy=-126.93309635145717  maxlinkdim=51 maxerr=9.98E-16 time=0.198
After sweep 1 energy=-126.93867088815098  maxlinkdim=121 maxerr=9.99E-16 time=1.196
After sweep 1 energy=-126.9428880813356  maxlinkdim=252 maxerr=1.00E-15 time=4.386
-99.0After sweep 1 energy=-126.83458341353801  maxlinkdim=4 maxerr=0.00E+00 time=0.043
After sweep 1 energy=-126.9230774639686  maxlinkdim=16 maxerr=0.00E+00 time=0.065
After sweep 1 energy=-126.93309635145717  maxlinkdim=51 maxerr=9.98E-16 time=0.202
After sweep 1 energy=-126.93867088815098  maxlinkdim=121 maxerr=9.99E-16 time=1.245
After sweep 1 energy=-126.9428880813356  maxlinkdim=252 maxerr=1.00E-15 time=4.305
-99.0After sweep 1 energy=-126.83458341353801  maxlinkdim=4 maxerr=0.00E+00 time=0.040
After sweep 1 energy=-126.9230774639686  maxlinkdim=16 maxerr=0.00E+00 time=0.049
After sweep 1 energy=-126.93309635145717  maxlinkdim=51 maxerr=9.98E-16 time=0.195
After sweep 1 energy=-126.93867088815098  maxlinkdim=121 maxerr=9.99E-16 time=1.173
After sweep 1 energy=-126.9428880813356  maxlinkdim=252 maxerr=1.00E-15 time=4.431
-99.0After sweep 1 energy=-126.83458341353801  maxlinkdim=4 maxerr=0.00E+00 time=0.037
After sweep 1 energy=-126.9230774639686  maxlinkdim=16 maxerr=0.00E+00 time=0.052
After sweep 1 energy=-126.93309635145717  maxlinkdim=51 maxerr=9.98E-16 time=0.324
After sweep 1 energy=-126.93867088815098  maxlinkdim=121 maxerr=9.99E-16 time=1.161
After sweep 1 energy=-126.9428880813356  maxlinkdim=252 maxerr=1.00E-15 time=4.316
-99.0After sweep 1 energy=-126.83458341353801  maxlinkdim=4 maxerr=0.00E+00 time=0.037
After sweep 1 energy=-126.9230774639686  maxlinkdim=16 maxerr=0.00E+00 time=0.052
After sweep 1 energy=-126.93309635145717  maxlinkdim=51 maxerr=9.98E-16 time=0.197
After sweep 1 energy=-126.93867088815098  maxlinkdim=121 maxerr=9.99E-16 time=1.196
After sweep 1 energy=-126.9428880813356  maxlinkdim=252 maxerr=1.00E-15 time=4.271
-99.0After sweep 1 energy=-126.83458341353801  maxlinkdim=4 maxerr=0.00E+00 time=0.052
After sweep 1 energy=-126.9230774639686  maxlinkdim=16 maxerr=0.00E+00 time=0.049
After sweep 1 energy=-126.93309635145717  maxlinkdim=51 maxerr=9.98E-16 time=0.201
After sweep 1 energy=-126.93867088815098  maxlinkdim=121 maxerr=9.99E-16 time=1.192
After sweep 1 energy=-126.9428880813356  maxlinkdim=252 maxerr=1.00E-15 time=4.298
-99.0After sweep 1 energy=-126.83458341353801  maxlinkdim=4 maxerr=0.00E+00 time=0.037
After sweep 1 energy=-126.9230774639686  maxlinkdim=16 maxerr=0.00E+00 time=0.052
After sweep 1 energy=-126.93309635145717  maxlinkdim=51 maxerr=9.98E-16 time=0.198
After sweep 1 energy=-126.93867088815098  maxlinkdim=121 maxerr=9.99E-16 time=1.190
After sweep 1 energy=-126.9428880813356  maxlinkdim=252 maxerr=1.00E-15 time=4.376
-99.0After sweep 1 energy=-126.83458341353801  maxlinkdim=4 maxerr=0.00E+00 time=0.039
After sweep 1 energy=-126.9230774639686  maxlinkdim=16 maxerr=0.00E+00 time=0.060
After sweep 1 energy=-126.93309635145717  maxlinkdim=51 maxerr=9.98E-16 time=0.204
After sweep 1 energy=-126.93867088815098  maxlinkdim=121 maxerr=9.99E-16 time=1.246
After sweep 1 energy=-126.9428880813356  maxlinkdim=252 maxerr=1.00E-15 time=4.246
Numero de qubits: 100 
Dimension max: 900 
Threads (LinearAlgebra) :15
Threads (Julia) :1


-99.0After sweep 1 energy=-126.83458341353801  maxlinkdim=4 maxerr=0.00E+00 time=0.040
After sweep 1 energy=-126.9230774639686  maxlinkdim=16 maxerr=0.00E+00 time=0.051
After sweep 1 energy=-126.93309635145717  maxlinkdim=51 maxerr=9.98E-16 time=0.197
After sweep 1 energy=-126.93867088815098  maxlinkdim=121 maxerr=9.99E-16 time=1.174
After sweep 1 energy=-126.9428880813356  maxlinkdim=252 maxerr=1.00E-15 time=4.543
-99.0After sweep 1 energy=-126.83458341353801  maxlinkdim=4 maxerr=0.00E+00 time=0.040
After sweep 1 energy=-126.9230774639686  maxlinkdim=16 maxerr=0.00E+00 time=0.056
After sweep 1 energy=-126.93309635145717  maxlinkdim=51 maxerr=9.98E-16 time=0.200
After sweep 1 energy=-126.93867088815098  maxlinkdim=121 maxerr=9.99E-16 time=1.078
After sweep 1 energy=-126.9428880813356  maxlinkdim=252 maxerr=1.00E-15 time=4.269
-99.0After sweep 1 energy=-126.83458341353801  maxlinkdim=4 maxerr=0.00E+00 time=0.041
After sweep 1 energy=-126.9230774639686  maxlinkdim=16 maxerr=0.00E+00 time=0.050
After sweep 1 energy=-126.93309635145717  maxlinkdim=51 maxerr=9.98E-16 time=0.199
After sweep 1 energy=-126.93867088815098  maxlinkdim=121 maxerr=9.99E-16 time=1.168
After sweep 1 energy=-126.9428880813356  maxlinkdim=252 maxerr=1.00E-15 time=4.300
-99.0After sweep 1 energy=-126.83458341353801  maxlinkdim=4 maxerr=0.00E+00 time=0.037
After sweep 1 energy=-126.9230774639686  maxlinkdim=16 maxerr=0.00E+00 time=0.052
After sweep 1 energy=-126.93309635145717  maxlinkdim=51 maxerr=9.98E-16 time=0.196
After sweep 1 energy=-126.93867088815098  maxlinkdim=121 maxerr=9.99E-16 time=1.196
After sweep 1 energy=-126.9428880813356  maxlinkdim=252 maxerr=1.00E-15 time=4.292
-99.0After sweep 1 energy=-126.83458341353801  maxlinkdim=4 maxerr=0.00E+00 time=0.038
After sweep 1 energy=-126.9230774639686  maxlinkdim=16 maxerr=0.00E+00 time=0.055
After sweep 1 energy=-126.93309635145717  maxlinkdim=51 maxerr=9.98E-16 time=0.200
After sweep 1 energy=-126.93867088815098  maxlinkdim=121 maxerr=9.99E-16 time=1.229
After sweep 1 energy=-126.9428880813356  maxlinkdim=252 maxerr=1.00E-15 time=4.342
-99.0After sweep 1 energy=-126.83458341353801  maxlinkdim=4 maxerr=0.00E+00 time=0.038
After sweep 1 energy=-126.9230774639686  maxlinkdim=16 maxerr=0.00E+00 time=0.052
After sweep 1 energy=-126.93309635145717  maxlinkdim=51 maxerr=9.98E-16 time=0.197
After sweep 1 energy=-126.93867088815098  maxlinkdim=121 maxerr=9.99E-16 time=1.192
After sweep 1 energy=-126.9428880813356  maxlinkdim=252 maxerr=1.00E-15 time=4.341
-99.0After sweep 1 energy=-126.83458341353801  maxlinkdim=4 maxerr=0.00E+00 time=0.037
After sweep 1 energy=-126.9230774639686  maxlinkdim=16 maxerr=0.00E+00 time=0.052
After sweep 1 energy=-126.93309635145717  maxlinkdim=51 maxerr=9.98E-16 time=0.198
After sweep 1 energy=-126.93867088815098  maxlinkdim=121 maxerr=9.99E-16 time=1.329
After sweep 1 energy=-126.9428880813356  maxlinkdim=252 maxerr=1.00E-15 time=4.309
-99.0After sweep 1 energy=-126.83458341353801  maxlinkdim=4 maxerr=0.00E+00 time=0.036
After sweep 1 energy=-126.9230774639686  maxlinkdim=16 maxerr=0.00E+00 time=0.060
After sweep 1 energy=-126.93309635145717  maxlinkdim=51 maxerr=9.98E-16 time=0.198
After sweep 1 energy=-126.93867088815098  maxlinkdim=121 maxerr=9.99E-16 time=1.187
After sweep 1 energy=-126.9428880813356  maxlinkdim=252 maxerr=1.00E-15 time=4.413
-99.0After sweep 1 energy=-126.83458341353801  maxlinkdim=4 maxerr=0.00E+00 time=0.038
After sweep 1 energy=-126.9230774639686  maxlinkdim=16 maxerr=0.00E+00 time=0.057
After sweep 1 energy=-126.93309635145717  maxlinkdim=51 maxerr=9.98E-16 time=0.196
After sweep 1 energy=-126.93867088815098  maxlinkdim=121 maxerr=9.99E-16 time=1.207
After sweep 1 energy=-126.9428880813356  maxlinkdim=252 maxerr=1.00E-15 time=4.352
-99.0After sweep 1 energy=-126.83458341353801  maxlinkdim=4 maxerr=0.00E+00 time=0.038
After sweep 1 energy=-126.9230774639686  maxlinkdim=16 maxerr=0.00E+00 time=0.057
After sweep 1 energy=-126.93309635145717  maxlinkdim=51 maxerr=9.98E-16 time=0.200
After sweep 1 energy=-126.93867088815098  maxlinkdim=121 maxerr=9.99E-16 time=1.199
After sweep 1 energy=-126.9428880813356  maxlinkdim=252 maxerr=1.00E-15 time=4.274
Numero de qubits: 100 
Dimension max: 1000 
Threads (LinearAlgebra) :15
Threads (Julia) :1


-99.0After sweep 1 energy=-126.83458341353801  maxlinkdim=4 maxerr=0.00E+00 time=0.037
After sweep 1 energy=-126.9230774639686  maxlinkdim=16 maxerr=0.00E+00 time=0.052
After sweep 1 energy=-126.93309635145717  maxlinkdim=51 maxerr=9.98E-16 time=0.198
After sweep 1 energy=-126.93867088815098  maxlinkdim=121 maxerr=9.99E-16 time=1.168
After sweep 1 energy=-126.9428880813356  maxlinkdim=252 maxerr=1.00E-15 time=4.426
-99.0After sweep 1 energy=-126.83458341353801  maxlinkdim=4 maxerr=0.00E+00 time=0.038
After sweep 1 energy=-126.9230774639686  maxlinkdim=16 maxerr=0.00E+00 time=0.053
After sweep 1 energy=-126.93309635145717  maxlinkdim=51 maxerr=9.98E-16 time=0.198
After sweep 1 energy=-126.93867088815098  maxlinkdim=121 maxerr=9.99E-16 time=1.315
After sweep 1 energy=-126.9428880813356  maxlinkdim=252 maxerr=1.00E-15 time=4.313
-99.0After sweep 1 energy=-126.83458341353801  maxlinkdim=4 maxerr=0.00E+00 time=0.038
After sweep 1 energy=-126.9230774639686  maxlinkdim=16 maxerr=0.00E+00 time=0.051
After sweep 1 energy=-126.93309635145717  maxlinkdim=51 maxerr=9.98E-16 time=0.197
After sweep 1 energy=-126.93867088815098  maxlinkdim=121 maxerr=9.99E-16 time=1.174
After sweep 1 energy=-126.9428880813356  maxlinkdim=252 maxerr=1.00E-15 time=4.377
-99.0After sweep 1 energy=-126.83458341353801  maxlinkdim=4 maxerr=0.00E+00 time=0.039
After sweep 1 energy=-126.9230774639686  maxlinkdim=16 maxerr=0.00E+00 time=0.053
After sweep 1 energy=-126.93309635145717  maxlinkdim=51 maxerr=9.98E-16 time=0.198
After sweep 1 energy=-126.93867088815098  maxlinkdim=121 maxerr=9.99E-16 time=1.238
After sweep 1 energy=-126.9428880813356  maxlinkdim=252 maxerr=1.00E-15 time=4.392
-99.0After sweep 1 energy=-126.83458341353801  maxlinkdim=4 maxerr=0.00E+00 time=0.054
After sweep 1 energy=-126.9230774639686  maxlinkdim=16 maxerr=0.00E+00 time=0.048
After sweep 1 energy=-126.93309635145717  maxlinkdim=51 maxerr=9.98E-16 time=0.197
After sweep 1 energy=-126.93867088815098  maxlinkdim=121 maxerr=9.99E-16 time=1.213
After sweep 1 energy=-126.9428880813356  maxlinkdim=252 maxerr=1.00E-15 time=4.258
-99.0After sweep 1 energy=-126.83458341353801  maxlinkdim=4 maxerr=0.00E+00 time=0.038
After sweep 1 energy=-126.9230774639686  maxlinkdim=16 maxerr=0.00E+00 time=0.062
After sweep 1 energy=-126.93309635145717  maxlinkdim=51 maxerr=9.98E-16 time=0.197
After sweep 1 energy=-126.93867088815098  maxlinkdim=121 maxerr=9.99E-16 time=1.178
After sweep 1 energy=-126.9428880813356  maxlinkdim=252 maxerr=1.00E-15 time=4.319
-99.0After sweep 1 energy=-126.83458341353801  maxlinkdim=4 maxerr=0.00E+00 time=0.037
After sweep 1 energy=-126.9230774639686  maxlinkdim=16 maxerr=0.00E+00 time=0.052
After sweep 1 energy=-126.93309635145717  maxlinkdim=51 maxerr=9.98E-16 time=0.197
After sweep 1 energy=-126.93867088815098  maxlinkdim=121 maxerr=9.99E-16 time=1.198
After sweep 1 energy=-126.9428880813356  maxlinkdim=252 maxerr=1.00E-15 time=4.292
-99.0After sweep 1 energy=-126.83458341353801  maxlinkdim=4 maxerr=0.00E+00 time=0.040
After sweep 1 energy=-126.9230774639686  maxlinkdim=16 maxerr=0.00E+00 time=0.051
After sweep 1 energy=-126.93309635145717  maxlinkdim=51 maxerr=9.98E-16 time=0.199
After sweep 1 energy=-126.93867088815098  maxlinkdim=121 maxerr=9.99E-16 time=1.237
After sweep 1 energy=-126.9428880813356  maxlinkdim=252 maxerr=1.00E-15 time=4.290
-99.0After sweep 1 energy=-126.83458341353801  maxlinkdim=4 maxerr=0.00E+00 time=0.049
After sweep 1 energy=-126.9230774639686  maxlinkdim=16 maxerr=0.00E+00 time=0.049
After sweep 1 energy=-126.93309635145717  maxlinkdim=51 maxerr=9.98E-16 time=0.204
After sweep 1 energy=-126.93867088815098  maxlinkdim=121 maxerr=9.99E-16 time=1.232
After sweep 1 energy=-126.9428880813356  maxlinkdim=252 maxerr=1.00E-15 time=4.276
-99.0After sweep 1 energy=-126.83458341353801  maxlinkdim=4 maxerr=0.00E+00 time=0.039
After sweep 1 energy=-126.9230774639686  maxlinkdim=16 maxerr=0.00E+00 time=0.049
After sweep 1 energy=-126.93309635145717  maxlinkdim=51 maxerr=9.98E-16 time=0.196
After sweep 1 energy=-126.93867088815098  maxlinkdim=121 maxerr=9.99E-16 time=1.167
After sweep 1 energy=-126.9428880813356  maxlinkdim=252 maxerr=1.00E-15 time=4.315
