Numero de qubits: 20 
Threads (LinearAlgebra) :1
Threads (Julia) :1


 70.975947 seconds (88.64 M allocations: 22.466 GiB, 7.01% gc time, 29.65% compilation time)


 49.715465 seconds (720.67 k allocations: 18.107 GiB, 8.29% gc time)


 49.476850 seconds (720.68 k allocations: 18.107 GiB, 7.85% gc time)


 49.919241 seconds (3.36 M allocations: 18.236 GiB, 7.76% gc time, 1.11% compilation time)


 49.329240 seconds (720.65 k allocations: 18.107 GiB, 7.86% gc time)


 48.584243 seconds (720.64 k allocations: 18.118 GiB, 7.98% gc time)


 48.850498 seconds (720.66 k allocations: 18.119 GiB, 8.16% gc time)


 49.466750 seconds (720.66 k allocations: 18.107 GiB, 8.06% gc time)


 48.453421 seconds (720.63 k allocations: 18.118 GiB, 7.72% gc time)


 49.229512 seconds (720.64 k allocations: 18.107 GiB, 7.68% gc time)


 49.354061 seconds (720.66 k allocations: 18.107 GiB, 7.85% gc time)


 49.368139 seconds (720.67 k allocations: 18.107 GiB, 7.88% gc time)


 49.687630 seconds (1.96 M allocations: 18.169 GiB, 7.68% gc time, 1.08% compilation time)


 47.918005 seconds (720.66 k allocations: 18.129 GiB, 7.95% gc time)


 49.015495 seconds (720.67 k allocations: 18.107 GiB, 7.71% gc time)


 49.243631 seconds (720.67 k allocations: 18.107 GiB, 7.94% gc time)


 49.258593 seconds (720.65 k allocations: 18.107 GiB, 7.98% gc time)


 49.260115 seconds (720.65 k allocations: 18.107 GiB, 7.98% gc time)


 49.247979 seconds (720.65 k allocations: 18.107 GiB, 7.98% gc time)


 49.120468 seconds (720.64 k allocations: 18.107 GiB, 7.72% gc time)


 49.330324 seconds (720.65 k allocations: 18.107 GiB, 7.94% gc time)


