Numero de qubits: 20 
Threads (LinearAlgebra) :4
Threads (Julia) :1


 48.637860 seconds (90.38 M allocations: 22.559 GiB, 8.94% gc time, 43.80% compilation time)


 28.653529 seconds (1.62 M allocations: 18.153 GiB, 11.68% gc time, 1.14% compilation time)


 28.330360 seconds (720.66 k allocations: 18.107 GiB, 11.88% gc time)


 28.683535 seconds (720.64 k allocations: 18.107 GiB, 11.54% gc time)


 27.731929 seconds (720.65 k allocations: 18.118 GiB, 11.99% gc time)


 28.798197 seconds (720.65 k allocations: 18.107 GiB, 11.49% gc time)


 28.406170 seconds (1.96 M allocations: 18.181 GiB, 11.82% gc time, 1.93% compilation time)


 28.809398 seconds (720.65 k allocations: 18.107 GiB, 11.55% gc time)


 28.787066 seconds (720.68 k allocations: 18.107 GiB, 11.18% gc time)


 28.885895 seconds (720.64 k allocations: 18.107 GiB, 11.62% gc time)


 28.668253 seconds (720.65 k allocations: 18.107 GiB, 11.59% gc time)


 28.860639 seconds (720.66 k allocations: 18.107 GiB, 11.59% gc time)


 27.912998 seconds (720.65 k allocations: 18.119 GiB, 11.91% gc time)


 28.715885 seconds (720.66 k allocations: 18.107 GiB, 11.69% gc time)


 28.832654 seconds (720.66 k allocations: 18.107 GiB, 11.53% gc time)


 27.924895 seconds (720.66 k allocations: 18.119 GiB, 11.97% gc time)


 28.834969 seconds (720.66 k allocations: 18.107 GiB, 11.54% gc time)


 28.726329 seconds (720.67 k allocations: 18.107 GiB, 11.18% gc time)


 28.830313 seconds (720.65 k allocations: 18.107 GiB, 11.60% gc time)


 27.766438 seconds (720.65 k allocations: 18.119 GiB, 11.57% gc time)


 28.660548 seconds (720.68 k allocations: 18.107 GiB, 11.28% gc time)


