Numero de qubits: 20 
Threads (LinearAlgebra) :15
Threads (Julia) :1


 70.510130 seconds (89.15 M allocations: 52.213 GiB, 13.30% gc time, 29.98% compilation time)


 57.008839 seconds (3.87 M allocations: 47.983 GiB, 15.58% gc time, 1.03% compilation time)


 56.716179 seconds (1.23 M allocations: 47.855 GiB, 15.17% gc time)


 58.286944 seconds (1.23 M allocations: 47.855 GiB, 14.65% gc time)


 57.604380 seconds (1.23 M allocations: 47.865 GiB, 15.01% gc time)


 55.624576 seconds (1.23 M allocations: 47.865 GiB, 15.28% gc time)


 57.457340 seconds (1.23 M allocations: 47.865 GiB, 14.96% gc time)


 56.643428 seconds (1.23 M allocations: 47.855 GiB, 15.17% gc time)


 56.614043 seconds (1.23 M allocations: 47.855 GiB, 15.52% gc time)


 57.159545 seconds (1.23 M allocations: 47.865 GiB, 15.50% gc time)


 57.836856 seconds (1.23 M allocations: 47.867 GiB, 14.97% gc time)


 57.621056 seconds (1.23 M allocations: 47.865 GiB, 15.08% gc time)


 56.056569 seconds (1.23 M allocations: 47.855 GiB, 15.28% gc time)


 55.263389 seconds (1.23 M allocations: 47.865 GiB, 15.55% gc time)


 56.862436 seconds (1.23 M allocations: 47.855 GiB, 15.46% gc time)


 55.908337 seconds (1.23 M allocations: 47.865 GiB, 15.70% gc time)


 54.766366 seconds (1.23 M allocations: 47.876 GiB, 15.85% gc time)


 54.808026 seconds (1.23 M allocations: 47.876 GiB, 15.71% gc time)


 55.509777 seconds (1.23 M allocations: 47.865 GiB, 15.55% gc time)


 54.893836 seconds (1.23 M allocations: 47.876 GiB, 16.06% gc time)


 57.396388 seconds (1.23 M allocations: 47.865 GiB, 15.20% gc time)


Numero de qubits: 21 
Threads (LinearAlgebra) :15
Threads (Julia) :1


 98.076672 seconds (1.30 M allocations: 78.556 GiB, 13.46% gc time)


 99.387489 seconds (1.30 M allocations: 78.556 GiB, 13.36% gc time)


100.183750 seconds (1.30 M allocations: 78.556 GiB, 13.30% gc time)


100.152026 seconds (1.30 M allocations: 78.556 GiB, 13.31% gc time)


 99.136041 seconds (1.30 M allocations: 78.556 GiB, 13.38% gc time)


107.820685 seconds (1.30 M allocations: 78.556 GiB, 16.08% gc time)


110.266304 seconds (1.30 M allocations: 78.556 GiB, 14.99% gc time)


103.539731 seconds (1.30 M allocations: 78.556 GiB, 15.01% gc time)


106.714299 seconds (1.30 M allocations: 78.556 GiB, 14.94% gc time)


104.685881 seconds (1.30 M allocations: 78.556 GiB, 13.13% gc time)


101.473333 seconds (1.30 M allocations: 78.556 GiB, 13.83% gc time)


101.078375 seconds (2.54 M allocations: 78.618 GiB, 13.49% gc time, 0.55% compilation time)


 99.863508 seconds (1.30 M allocations: 78.556 GiB, 13.36% gc time)


 99.578597 seconds (1.30 M allocations: 78.556 GiB, 13.47% gc time)


 94.158252 seconds (1.30 M allocations: 78.556 GiB, 13.93% gc time)


 95.175159 seconds (1.30 M allocations: 78.556 GiB, 13.56% gc time)


 99.364140 seconds (1.30 M allocations: 78.556 GiB, 13.45% gc time)


 95.248597 seconds (1.30 M allocations: 78.556 GiB, 13.78% gc time)


 98.296658 seconds (1.30 M allocations: 78.556 GiB, 13.49% gc time)


101.274858 seconds (1.30 M allocations: 78.556 GiB, 13.19% gc time)


 87.207902 seconds (1.30 M allocations: 78.556 GiB, 14.84% gc time)


