Numero de qubits: 20 
Threads (LinearAlgebra) :18
Threads (Julia) :1


 39.670519 seconds (88.64 M allocations: 22.466 GiB, 9.95% gc time, 53.22% compilation time)


 18.086563 seconds (720.65 k allocations: 18.107 GiB, 16.71% gc time)


 19.204571 seconds (720.64 k allocations: 18.107 GiB, 16.25% gc time)


 18.577016 seconds (3.36 M allocations: 18.236 GiB, 16.77% gc time, 3.05% compilation time)


 19.279671 seconds (720.67 k allocations: 18.107 GiB, 15.65% gc time)


 17.284698 seconds (720.64 k allocations: 18.118 GiB, 16.72% gc time)


 17.881209 seconds (720.67 k allocations: 18.107 GiB, 16.17% gc time)


 18.003581 seconds (720.67 k allocations: 18.107 GiB, 16.79% gc time)


 17.907257 seconds (720.66 k allocations: 18.107 GiB, 16.96% gc time)


 18.251594 seconds (720.67 k allocations: 18.107 GiB, 16.50% gc time)


 17.452486 seconds (720.66 k allocations: 18.119 GiB, 17.06% gc time)


 18.089170 seconds (720.65 k allocations: 18.107 GiB, 16.43% gc time)


 19.005865 seconds (720.66 k allocations: 18.107 GiB, 15.54% gc time)


 17.716670 seconds (720.67 k allocations: 18.107 GiB, 17.08% gc time)


 17.660483 seconds (720.66 k allocations: 18.107 GiB, 17.06% gc time)


 18.247616 seconds (1.96 M allocations: 18.169 GiB, 16.59% gc time, 3.05% compilation time)


 17.791192 seconds (720.66 k allocations: 18.107 GiB, 16.95% gc time)


 17.713397 seconds (720.67 k allocations: 18.107 GiB, 17.00% gc time)


 17.674984 seconds (720.66 k allocations: 18.107 GiB, 17.10% gc time)


 17.870703 seconds (720.67 k allocations: 18.107 GiB, 17.00% gc time)


 17.703375 seconds (720.67 k allocations: 18.107 GiB, 16.31% gc time)


