Numero de qubits: 20 
Threads (LinearAlgebra) :15
Threads (Julia) :1


 80.142007 seconds (89.15 M allocations: 52.213 GiB, 12.30% gc time, 26.36% compilation time)


 57.505786 seconds (1.23 M allocations: 47.865 GiB, 15.10% gc time)


 56.603256 seconds (1.23 M allocations: 47.876 GiB, 15.38% gc time)


 61.544369 seconds (5.11 M allocations: 48.045 GiB, 14.49% gc time, 1.79% compilation time)


 60.344005 seconds (1.23 M allocations: 47.855 GiB, 14.92% gc time)


 56.386978 seconds (1.23 M allocations: 47.865 GiB, 15.61% gc time)


 56.742488 seconds (1.23 M allocations: 47.865 GiB, 15.40% gc time)


 58.860131 seconds (1.23 M allocations: 47.865 GiB, 15.09% gc time)


 55.384115 seconds (1.23 M allocations: 47.886 GiB, 15.45% gc time)


 56.129527 seconds (1.23 M allocations: 47.855 GiB, 15.35% gc time)


 56.114418 seconds (1.23 M allocations: 47.855 GiB, 15.33% gc time)


 55.161283 seconds (1.23 M allocations: 47.865 GiB, 15.34% gc time)


 55.313469 seconds (1.23 M allocations: 47.865 GiB, 15.31% gc time)


 59.534090 seconds (1.23 M allocations: 47.876 GiB, 18.88% gc time)


 47.420117 seconds (1.23 M allocations: 47.887 GiB, 19.50% gc time)


 49.062732 seconds (1.23 M allocations: 47.855 GiB, 18.96% gc time)


 47.540175 seconds (1.23 M allocations: 47.867 GiB, 17.43% gc time)


 46.647181 seconds (1.23 M allocations: 47.876 GiB, 17.33% gc time)


 47.618283 seconds (1.23 M allocations: 47.867 GiB, 17.44% gc time)


 48.039230 seconds (1.23 M allocations: 47.855 GiB, 17.47% gc time)


 47.855657 seconds (1.23 M allocations: 47.876 GiB, 17.80% gc time)


Numero de qubits: 21 
Threads (LinearAlgebra) :15
Threads (Julia) :1


 87.114034 seconds (1.30 M allocations: 78.556 GiB, 14.99% gc time)


 94.765209 seconds (1.30 M allocations: 78.556 GiB, 13.82% gc time)


 94.580948 seconds (1.30 M allocations: 78.556 GiB, 13.74% gc time)


 94.713262 seconds (1.30 M allocations: 78.556 GiB, 13.89% gc time)


 94.372006 seconds (1.30 M allocations: 78.556 GiB, 13.76% gc time)


108.668708 seconds (1.30 M allocations: 78.556 GiB, 15.98% gc time)


107.372411 seconds (1.30 M allocations: 78.556 GiB, 14.80% gc time)


107.847566 seconds (1.30 M allocations: 78.556 GiB, 15.04% gc time)


107.224511 seconds (1.30 M allocations: 78.556 GiB, 14.72% gc time)


107.132995 seconds (1.30 M allocations: 78.556 GiB, 15.00% gc time)


105.112851 seconds (1.30 M allocations: 78.556 GiB, 15.20% gc time)


106.130975 seconds (1.30 M allocations: 78.556 GiB, 14.77% gc time)


105.690981 seconds (1.30 M allocations: 78.556 GiB, 12.89% gc time)


105.677624 seconds (1.30 M allocations: 78.556 GiB, 13.19% gc time)


104.951122 seconds (1.30 M allocations: 78.556 GiB, 13.12% gc time)


101.558241 seconds (1.30 M allocations: 78.556 GiB, 13.32% gc time)


 95.495906 seconds (1.30 M allocations: 78.556 GiB, 13.94% gc time)


 97.989245 seconds (1.30 M allocations: 78.556 GiB, 13.68% gc time)


 99.674737 seconds (1.30 M allocations: 78.556 GiB, 13.56% gc time)


 99.743805 seconds (1.30 M allocations: 78.556 GiB, 13.85% gc time)


 95.978882 seconds (1.30 M allocations: 78.556 GiB, 13.96% gc time)


