Numero de qubits: 20 
Threads (LinearAlgebra) :15
Threads (Julia) :1


 21.340230 seconds (88.14 M allocations: 4.416 GiB, 4.15% gc time, 99.11% compilation time)


  0.606123 seconds (2.87 M allocations: 190.528 MiB, 2.62% gc time, 92.10% compilation time)


  0.031839 seconds (225.94 k allocations: 59.415 MiB, 16.94% gc time)


  0.027936 seconds (225.94 k allocations: 59.415 MiB, 6.65% gc time)


  0.027889 seconds (225.95 k allocations: 59.416 MiB, 5.87% gc time)


  0.028521 seconds (225.94 k allocations: 59.415 MiB, 9.23% gc time)


  0.028405 seconds (225.94 k allocations: 59.415 MiB, 10.80% gc time)


  0.027503 seconds (225.93 k allocations: 59.415 MiB, 9.94% gc time)


  0.026214 seconds (225.93 k allocations: 59.415 MiB, 6.69% gc time)


  0.027444 seconds (225.94 k allocations: 59.415 MiB, 9.96% gc time)


  0.027516 seconds (225.95 k allocations: 59.416 MiB, 9.94% gc time)


  0.027257 seconds (225.95 k allocations: 59.416 MiB, 9.66% gc time)


  0.026540 seconds (225.94 k allocations: 59.415 MiB, 7.43% gc time)


  0.027576 seconds (225.95 k allocations: 59.416 MiB, 9.97% gc time)


  0.027453 seconds (225.94 k allocations: 59.415 MiB, 9.71% gc time)


  0.027579 seconds (225.94 k allocations: 59.415 MiB, 10.57% gc time)


  0.026547 seconds (225.94 k allocations: 59.415 MiB, 7.02% gc time)


  0.026563 seconds (225.94 k allocations: 59.415 MiB, 6.93% gc time)


  0.027880 seconds (225.94 k allocations: 59.415 MiB, 10.37% gc time)


  0.027664 seconds (225.95 k allocations: 59.416 MiB, 9.91% gc time)


  0.027682 seconds (225.95 k allocations: 59.415 MiB, 10.29% gc time)


Numero de qubits: 21 
Threads (LinearAlgebra) :15
Threads (Julia) :1


  0.032491 seconds (239.50 k allocations: 62.754 MiB, 12.07% gc time)


  0.032465 seconds (239.50 k allocations: 62.754 MiB, 13.63% gc time)


  0.029203 seconds (239.51 k allocations: 62.754 MiB, 4.78% gc time)


  0.030802 seconds (239.51 k allocations: 62.754 MiB, 11.33% gc time)


  0.028826 seconds (239.49 k allocations: 62.753 MiB, 7.22% gc time)


  0.029616 seconds (239.51 k allocations: 62.755 MiB, 9.94% gc time)


  0.029364 seconds (239.50 k allocations: 62.754 MiB, 10.05% gc time)


  0.029538 seconds (239.51 k allocations: 62.755 MiB, 10.45% gc time)


  0.028449 seconds (239.51 k allocations: 62.754 MiB, 7.04% gc time)


  0.028586 seconds (239.51 k allocations: 62.755 MiB, 7.25% gc time)


  0.029815 seconds (239.51 k allocations: 62.754 MiB, 10.39% gc time)


  0.029539 seconds (239.51 k allocations: 62.754 MiB, 10.10% gc time)


  0.028680 seconds (239.50 k allocations: 62.754 MiB, 7.49% gc time)


  0.030053 seconds (239.50 k allocations: 62.754 MiB, 10.62% gc time)


  0.028796 seconds (239.52 k allocations: 62.755 MiB, 7.28% gc time)


  0.577543 seconds (1.48 M allocations: 126.247 MiB, 1.07% gc time, 94.94% compilation time)


  0.040578 seconds (239.51 k allocations: 62.754 MiB, 24.80% gc time)


  0.032494 seconds (239.51 k allocations: 62.754 MiB, 13.44% gc time)


  0.031632 seconds (239.51 k allocations: 62.755 MiB, 11.16% gc time)


  0.030576 seconds (239.51 k allocations: 62.754 MiB, 8.99% gc time)


  0.029940 seconds (239.52 k allocations: 62.755 MiB, 8.22% gc time)


Numero de qubits: 22 
Threads (LinearAlgebra) :15
Threads (Julia) :1


  0.033076 seconds (251.23 k allocations: 66.347 MiB, 10.79% gc time)


  0.034574 seconds (251.24 k allocations: 66.346 MiB, 13.51% gc time)


  0.033907 seconds (251.24 k allocations: 66.347 MiB, 11.43% gc time)


  0.031219 seconds (251.24 k allocations: 66.347 MiB, 4.83% gc time)


  0.032126 seconds (251.24 k allocations: 66.347 MiB, 8.64% gc time)


  0.031370 seconds (251.25 k allocations: 66.347 MiB, 7.57% gc time)


  0.031052 seconds (251.24 k allocations: 66.347 MiB, 7.62% gc time)


  0.032629 seconds (251.25 k allocations: 66.347 MiB, 11.40% gc time)


  0.031040 seconds (251.25 k allocations: 66.348 MiB, 7.54% gc time)


  0.032492 seconds (251.24 k allocations: 66.347 MiB, 11.26% gc time)


  0.031336 seconds (251.25 k allocations: 66.347 MiB, 7.81% gc time)


  0.031452 seconds (251.25 k allocations: 66.348 MiB, 7.84% gc time)


  0.032830 seconds (251.24 k allocations: 66.347 MiB, 11.57% gc time)


  0.031100 seconds (251.25 k allocations: 66.348 MiB, 7.63% gc time)


  0.034797 seconds (251.24 k allocations: 66.347 MiB, 13.93% gc time)


  0.031670 seconds (251.24 k allocations: 66.347 MiB, 7.63% gc time)


  0.031597 seconds (251.25 k allocations: 66.348 MiB, 8.15% gc time)


  0.031968 seconds (251.24 k allocations: 66.347 MiB, 8.28% gc time)


  0.032957 seconds (251.24 k allocations: 66.347 MiB, 11.61% gc time)


  0.031991 seconds (251.24 k allocations: 66.347 MiB, 8.25% gc time)


  0.031884 seconds (251.25 k allocations: 66.348 MiB, 8.13% gc time)


Numero de qubits: 23 
Threads (LinearAlgebra) :15
Threads (Julia) :1


  0.036253 seconds (265.00 k allocations: 69.720 MiB, 12.78% gc time)


  0.050454 seconds (264.99 k allocations: 69.720 MiB, 31.75% gc time)


  0.034305 seconds (265.00 k allocations: 69.721 MiB, 8.51% gc time)


  0.033948 seconds (264.99 k allocations: 69.720 MiB, 6.33% gc time)


  0.035378 seconds (265.00 k allocations: 69.721 MiB, 10.34% gc time)


  0.034434 seconds (264.98 k allocations: 69.720 MiB, 8.85% gc time)


  0.034042 seconds (265.00 k allocations: 69.720 MiB, 8.46% gc time)


  0.033993 seconds (265.00 k allocations: 69.720 MiB, 8.55% gc time)


  0.033675 seconds (265.00 k allocations: 69.720 MiB, 8.24% gc time)


  0.033915 seconds (265.00 k allocations: 69.721 MiB, 8.63% gc time)


  0.033704 seconds (265.00 k allocations: 69.721 MiB, 7.91% gc time)


  0.033957 seconds (264.99 k allocations: 69.720 MiB, 8.48% gc time)


  0.033881 seconds (265.01 k allocations: 69.721 MiB, 8.43% gc time)


  0.033827 seconds (264.99 k allocations: 69.720 MiB, 8.34% gc time)


  0.033846 seconds (265.01 k allocations: 69.721 MiB, 8.22% gc time)


  0.033668 seconds (265.01 k allocations: 69.720 MiB, 8.16% gc time)


  0.034267 seconds (264.99 k allocations: 69.719 MiB, 8.62% gc time)


  0.033904 seconds (265.00 k allocations: 69.721 MiB, 7.97% gc time)


  0.033812 seconds (264.99 k allocations: 69.720 MiB, 8.73% gc time)


  0.034013 seconds (265.00 k allocations: 69.721 MiB, 8.42% gc time)


  0.035396 seconds (265.00 k allocations: 69.721 MiB, 12.26% gc time)


Numero de qubits: 24 
Threads (LinearAlgebra) :15
Threads (Julia) :1


  0.037054 seconds (276.83 k allocations: 73.183 MiB, 10.29% gc time)


  0.046901 seconds (276.83 k allocations: 73.183 MiB, 30.30% gc time)


  0.035692 seconds (276.81 k allocations: 73.182 MiB, 7.65% gc time)


  0.035311 seconds (276.84 k allocations: 73.183 MiB, 6.15% gc time)


  0.036849 seconds (276.82 k allocations: 73.182 MiB, 10.12% gc time)


  0.036069 seconds (276.83 k allocations: 73.182 MiB, 8.79% gc time)


  0.035700 seconds (276.84 k allocations: 73.183 MiB, 8.60% gc time)


  0.035594 seconds (276.82 k allocations: 73.181 MiB, 8.23% gc time)


  0.037252 seconds (276.83 k allocations: 73.182 MiB, 12.36% gc time)


  0.035573 seconds (276.84 k allocations: 73.183 MiB, 8.07% gc time)


  0.035829 seconds (276.81 k allocations: 73.181 MiB, 8.57% gc time)


  0.035564 seconds (276.82 k allocations: 73.181 MiB, 8.28% gc time)


  0.035746 seconds (276.82 k allocations: 73.182 MiB, 8.46% gc time)


  0.035661 seconds (276.81 k allocations: 73.181 MiB, 8.36% gc time)


  0.035642 seconds (276.83 k allocations: 73.183 MiB, 8.60% gc time)


  0.037485 seconds (276.83 k allocations: 73.182 MiB, 12.14% gc time)


  0.035667 seconds (276.83 k allocations: 73.182 MiB, 8.41% gc time)


  0.035752 seconds (276.84 k allocations: 73.183 MiB, 8.52% gc time)


  0.035803 seconds (276.84 k allocations: 73.183 MiB, 8.59% gc time)


  0.035754 seconds (276.83 k allocations: 73.182 MiB, 8.26% gc time)


  0.035428 seconds (276.83 k allocations: 73.183 MiB, 8.32% gc time)


Numero de qubits: 25 
Threads (LinearAlgebra) :15
Threads (Julia) :1


  0.038644 seconds (290.76 k allocations: 76.589 MiB, 10.52% gc time)


  0.047634 seconds (290.76 k allocations: 76.588 MiB, 27.78% gc time)


  0.038354 seconds (290.77 k allocations: 76.589 MiB, 9.38% gc time)


  0.039293 seconds (290.76 k allocations: 76.589 MiB, 11.49% gc time)


  0.045887 seconds (290.76 k allocations: 76.589 MiB, 11.28% gc time)


  0.038324 seconds (290.77 k allocations: 76.590 MiB, 8.81% gc time)


  0.038210 seconds (290.75 k allocations: 76.589 MiB, 8.41% gc time)


  0.037690 seconds (290.76 k allocations: 76.589 MiB, 8.26% gc time)


  0.039453 seconds (290.76 k allocations: 76.588 MiB, 12.05% gc time)


  0.037613 seconds (290.76 k allocations: 76.589 MiB, 8.00% gc time)


  0.037899 seconds (290.78 k allocations: 76.590 MiB, 8.64% gc time)


  0.039415 seconds (290.76 k allocations: 76.589 MiB, 12.18% gc time)


  0.038002 seconds (290.77 k allocations: 76.589 MiB, 8.40% gc time)


  0.037916 seconds (290.77 k allocations: 76.590 MiB, 8.38% gc time)


  0.039595 seconds (290.77 k allocations: 76.590 MiB, 12.43% gc time)


  0.037567 seconds (290.75 k allocations: 76.588 MiB, 8.10% gc time)


  0.039810 seconds (290.75 k allocations: 76.589 MiB, 12.28% gc time)


  0.037659 seconds (290.76 k allocations: 76.589 MiB, 8.28% gc time)


  0.038088 seconds (290.77 k allocations: 76.590 MiB, 8.88% gc time)


  0.039426 seconds (290.76 k allocations: 76.589 MiB, 12.18% gc time)


  0.038056 seconds (290.75 k allocations: 76.589 MiB, 8.71% gc time)


Numero de qubits: 26 
Threads (LinearAlgebra) :15
Threads (Julia) :1


  0.041843 seconds (302.86 k allocations: 80.250 MiB, 9.84% gc time)


  0.053065 seconds (302.85 k allocations: 80.249 MiB, 23.10% gc time)


  0.040114 seconds (302.85 k allocations: 80.249 MiB, 8.04% gc time)


  0.041384 seconds (302.85 k allocations: 80.250 MiB, 11.28% gc time)


  0.040214 seconds (302.86 k allocations: 80.250 MiB, 9.59% gc time)


  0.040055 seconds (302.87 k allocations: 80.250 MiB, 8.73% gc time)


  0.041526 seconds (302.86 k allocations: 80.250 MiB, 12.48% gc time)


  0.039642 seconds (302.85 k allocations: 80.249 MiB, 8.27% gc time)


  0.041316 seconds (302.85 k allocations: 80.249 MiB, 12.11% gc time)


  0.039491 seconds (302.85 k allocations: 80.249 MiB, 8.25% gc time)


  0.041647 seconds (302.85 k allocations: 80.249 MiB, 12.49% gc time)


  0.039561 seconds (302.84 k allocations: 80.249 MiB, 8.34% gc time)


  0.039724 seconds (302.85 k allocations: 80.249 MiB, 8.71% gc time)


  0.039486 seconds (302.86 k allocations: 80.250 MiB, 8.22% gc time)


  0.039922 seconds (302.85 k allocations: 80.250 MiB, 8.80% gc time)


  0.039544 seconds (302.85 k allocations: 80.250 MiB, 8.22% gc time)


  0.039977 seconds (302.85 k allocations: 80.249 MiB, 8.66% gc time)


  0.039435 seconds (302.85 k allocations: 80.249 MiB, 8.06% gc time)


  0.040004 seconds (302.85 k allocations: 80.249 MiB, 8.90% gc time)


  0.039538 seconds (302.85 k allocations: 80.249 MiB, 8.18% gc time)


  0.041671 seconds (302.84 k allocations: 80.249 MiB, 12.47% gc time)


Numero de qubits: 27 
Threads (LinearAlgebra) :15
Threads (Julia) :1


  0.042194 seconds (316.98 k allocations: 83.691 MiB, 9.61% gc time)


  0.055133 seconds (316.98 k allocations: 83.691 MiB, 23.36% gc time)


  0.042081 seconds (316.97 k allocations: 83.690 MiB, 7.93% gc time)


  0.043550 seconds (316.96 k allocations: 83.690 MiB, 10.92% gc time)


  0.042562 seconds (316.98 k allocations: 83.691 MiB, 9.40% gc time)


  0.043744 seconds (316.98 k allocations: 83.691 MiB, 12.52% gc time)


  0.041900 seconds (316.99 k allocations: 83.691 MiB, 8.65% gc time)


  0.043476 seconds (316.98 k allocations: 83.691 MiB, 12.12% gc time)


  0.047630 seconds (316.98 k allocations: 83.691 MiB, 15.97% gc time)


  0.044205 seconds (317.00 k allocations: 83.692 MiB, 12.94% gc time)


  0.042033 seconds (316.98 k allocations: 83.691 MiB, 8.51% gc time)


  0.043656 seconds (316.99 k allocations: 83.692 MiB, 12.67% gc time)


  0.041819 seconds (316.98 k allocations: 83.691 MiB, 8.63% gc time)


  0.043851 seconds (316.98 k allocations: 83.691 MiB, 12.54% gc time)


  0.041809 seconds (316.99 k allocations: 83.692 MiB, 8.35% gc time)


  0.041872 seconds (316.99 k allocations: 83.692 MiB, 8.74% gc time)


  0.043937 seconds (316.98 k allocations: 83.691 MiB, 12.31% gc time)


  0.042107 seconds (316.98 k allocations: 83.691 MiB, 8.76% gc time)


  0.043586 seconds (316.98 k allocations: 83.691 MiB, 12.22% gc time)


  0.042217 seconds (316.98 k allocations: 83.691 MiB, 8.73% gc time)


  0.041749 seconds (316.98 k allocations: 83.691 MiB, 8.55% gc time)


Numero de qubits: 28 
Threads (LinearAlgebra) :15
Threads (Julia) :1


  0.048056 seconds (329.15 k allocations: 87.219 MiB, 15.13% gc time)


  0.064094 seconds (329.15 k allocations: 87.219 MiB, 28.00% gc time)


  0.048098 seconds (329.15 k allocations: 87.219 MiB, 12.78% gc time)


  0.045881 seconds (329.16 k allocations: 87.219 MiB, 11.88% gc time)


  0.044563 seconds (329.14 k allocations: 87.218 MiB, 9.76% gc time)


  0.044098 seconds (329.14 k allocations: 87.218 MiB, 8.85% gc time)


  0.046031 seconds (329.16 k allocations: 87.220 MiB, 12.60% gc time)


  0.043546 seconds (329.16 k allocations: 87.219 MiB, 8.29% gc time)


  0.043706 seconds (329.15 k allocations: 87.219 MiB, 8.66% gc time)


  0.045702 seconds (329.15 k allocations: 87.219 MiB, 12.48% gc time)


  0.043801 seconds (329.17 k allocations: 87.220 MiB, 8.56% gc time)


  0.045714 seconds (329.14 k allocations: 87.218 MiB, 12.53% gc time)


  0.045762 seconds (329.15 k allocations: 87.219 MiB, 12.07% gc time)


  0.043876 seconds (329.16 k allocations: 87.220 MiB, 8.73% gc time)


  0.045538 seconds (329.14 k allocations: 87.219 MiB, 12.10% gc time)


  0.045896 seconds (329.14 k allocations: 87.217 MiB, 12.12% gc time)


  0.043604 seconds (329.15 k allocations: 87.219 MiB, 8.44% gc time)


  0.045707 seconds (329.16 k allocations: 87.220 MiB, 12.33% gc time)


  0.045454 seconds (329.15 k allocations: 87.219 MiB, 12.20% gc time)


  0.043778 seconds (329.15 k allocations: 87.219 MiB, 8.38% gc time)


  0.043723 seconds (329.16 k allocations: 87.219 MiB, 8.56% gc time)


Numero de qubits: 29 
Threads (LinearAlgebra) :15
Threads (Julia) :1


  0.046430 seconds (343.47 k allocations: 90.695 MiB, 9.38% gc time)


  0.056859 seconds (343.47 k allocations: 90.695 MiB, 22.05% gc time)


  0.047860 seconds (343.46 k allocations: 90.695 MiB, 11.94% gc time)


  0.046300 seconds (343.46 k allocations: 90.695 MiB, 9.81% gc time)


  0.046298 seconds (343.47 k allocations: 90.694 MiB, 9.16% gc time)


  0.045202 seconds (343.47 k allocations: 90.695 MiB, 8.23% gc time)


  0.047714 seconds (343.45 k allocations: 90.694 MiB, 12.32% gc time)


  0.047861 seconds (343.46 k allocations: 90.694 MiB, 12.22% gc time)


  0.045756 seconds (343.46 k allocations: 90.694 MiB, 8.47% gc time)


  0.047921 seconds (343.47 k allocations: 90.695 MiB, 12.40% gc time)


  0.047672 seconds (343.47 k allocations: 90.695 MiB, 11.98% gc time)


  0.045807 seconds (343.46 k allocations: 90.695 MiB, 8.35% gc time)


  0.045293 seconds (343.46 k allocations: 90.694 MiB, 8.23% gc time)


  0.047458 seconds (343.46 k allocations: 90.695 MiB, 11.93% gc time)


  0.047484 seconds (343.48 k allocations: 90.696 MiB, 12.06% gc time)


  0.047582 seconds (343.45 k allocations: 90.693 MiB, 12.01% gc time)


  0.045679 seconds (343.46 k allocations: 90.695 MiB, 8.46% gc time)


  0.047494 seconds (343.48 k allocations: 90.696 MiB, 12.04% gc time)


  0.047162 seconds (343.46 k allocations: 90.695 MiB, 11.73% gc time)


  0.047404 seconds (343.47 k allocations: 90.695 MiB, 12.11% gc time)


  0.047493 seconds (343.46 k allocations: 90.694 MiB, 12.07% gc time)


Numero de qubits: 30 
Threads (LinearAlgebra) :15
Threads (Julia) :1


  0.052363 seconds (355.88 k allocations: 94.420 MiB, 16.65% gc time)


  0.067064 seconds (355.91 k allocations: 94.422 MiB, 26.86% gc time)


  0.053763 seconds (355.90 k allocations: 94.422 MiB, 14.80% gc time)


  0.049509 seconds (355.90 k allocations: 94.421 MiB, 11.15% gc time)


  0.048740 seconds (355.89 k allocations: 94.420 MiB, 9.63% gc time)


  0.049864 seconds (355.90 k allocations: 94.422 MiB, 12.36% gc time)


  0.049826 seconds (355.90 k allocations: 94.421 MiB, 12.29% gc time)


  0.047827 seconds (355.89 k allocations: 94.421 MiB, 8.52% gc time)


  0.047590 seconds (355.90 k allocations: 94.421 MiB, 8.25% gc time)


  0.049961 seconds (355.89 k allocations: 94.421 MiB, 12.46% gc time)


  0.049940 seconds (355.89 k allocations: 94.421 MiB, 12.12% gc time)


  0.047902 seconds (355.90 k allocations: 94.421 MiB, 8.37% gc time)


  0.047613 seconds (355.90 k allocations: 94.421 MiB, 8.54% gc time)


  0.049614 seconds (355.90 k allocations: 94.422 MiB, 11.89% gc time)


  0.049558 seconds (355.91 k allocations: 94.422 MiB, 11.94% gc time)


  0.049612 seconds (355.90 k allocations: 94.421 MiB, 11.83% gc time)


  0.049433 seconds (355.90 k allocations: 94.421 MiB, 11.96% gc time)


  0.050016 seconds (355.90 k allocations: 94.421 MiB, 12.10% gc time)


  0.049949 seconds (355.90 k allocations: 94.421 MiB, 12.26% gc time)


  0.047652 seconds (355.90 k allocations: 94.422 MiB, 8.37% gc time)


  0.047686 seconds (355.89 k allocations: 94.421 MiB, 8.43% gc time)


Numero de qubits: 31 
Threads (LinearAlgebra) :15
Threads (Julia) :1


  0.051938 seconds (370.39 k allocations: 97.931 MiB, 8.34% gc time)


  0.067944 seconds (370.41 k allocations: 97.932 MiB, 29.98% gc time)


  0.051924 seconds (370.40 k allocations: 97.931 MiB, 10.01% gc time)


  0.051035 seconds (370.40 k allocations: 97.931 MiB, 11.01% gc time)


  0.050206 seconds (370.39 k allocations: 97.930 MiB, 9.28% gc time)


  0.052250 seconds (370.40 k allocations: 97.931 MiB, 12.81% gc time)


  0.052128 seconds (370.41 k allocations: 97.932 MiB, 12.38% gc time)


  0.049587 seconds (370.40 k allocations: 97.931 MiB, 8.44% gc time)


  0.051751 seconds (370.39 k allocations: 97.931 MiB, 12.39% gc time)


  0.051257 seconds (370.39 k allocations: 97.931 MiB, 11.69% gc time)


  0.051345 seconds (370.39 k allocations: 97.931 MiB, 11.78% gc time)


  0.049562 seconds (370.40 k allocations: 97.931 MiB, 8.52% gc time)


  0.049477 seconds (370.39 k allocations: 97.931 MiB, 8.40% gc time)


  0.051908 seconds (370.39 k allocations: 97.931 MiB, 12.24% gc time)


  0.051272 seconds (370.39 k allocations: 97.931 MiB, 11.81% gc time)


  0.050044 seconds (370.40 k allocations: 97.931 MiB, 8.43% gc time)


  0.051905 seconds (370.38 k allocations: 97.930 MiB, 12.26% gc time)


  0.049619 seconds (370.40 k allocations: 97.931 MiB, 8.63% gc time)


  0.049449 seconds (370.40 k allocations: 97.931 MiB, 8.24% gc time)


  0.051741 seconds (370.40 k allocations: 97.931 MiB, 11.97% gc time)


  0.049798 seconds (370.41 k allocations: 97.932 MiB, 8.77% gc time)


Numero de qubits: 32 
Threads (LinearAlgebra) :15
Threads (Julia) :1


  0.055116 seconds (382.93 k allocations: 101.526 MiB, 10.06% gc time)


  0.071018 seconds (382.92 k allocations: 101.526 MiB, 29.49% gc time)


  0.050445 seconds (382.93 k allocations: 101.527 MiB, 6.08% gc time)


  0.052561 seconds (382.92 k allocations: 101.526 MiB, 9.61% gc time)


  0.051776 seconds (382.92 k allocations: 101.526 MiB, 8.58% gc time)


  0.053825 seconds (382.92 k allocations: 101.526 MiB, 12.35% gc time)


  0.051616 seconds (382.91 k allocations: 101.525 MiB, 8.46% gc time)


  0.053573 seconds (382.93 k allocations: 101.526 MiB, 12.05% gc time)


  0.051583 seconds (382.93 k allocations: 101.526 MiB, 8.36% gc time)


  0.053936 seconds (382.91 k allocations: 101.525 MiB, 12.38% gc time)


  0.053150 seconds (382.92 k allocations: 101.526 MiB, 11.28% gc time)


  0.051578 seconds (382.91 k allocations: 101.525 MiB, 8.30% gc time)


  0.051652 seconds (382.92 k allocations: 101.526 MiB, 8.45% gc time)


  0.051338 seconds (382.90 k allocations: 101.525 MiB, 8.22% gc time)


  0.053874 seconds (382.92 k allocations: 101.526 MiB, 12.13% gc time)


  0.051709 seconds (382.92 k allocations: 101.526 MiB, 8.43% gc time)


  0.051463 seconds (382.92 k allocations: 101.526 MiB, 8.13% gc time)


  0.055698 seconds (382.92 k allocations: 101.526 MiB, 14.76% gc time)


  0.051728 seconds (382.91 k allocations: 101.525 MiB, 8.49% gc time)


  0.053931 seconds (382.92 k allocations: 101.526 MiB, 11.88% gc time)


  0.051723 seconds (382.91 k allocations: 101.525 MiB, 8.16% gc time)


Numero de qubits: 33 
Threads (LinearAlgebra) :15
Threads (Julia) :1


  0.053503 seconds (397.61 k allocations: 105.070 MiB, 8.60% gc time)


  0.064895 seconds (397.60 k allocations: 105.070 MiB, 19.43% gc time)


  0.052115 seconds (397.60 k allocations: 105.069 MiB, 5.52% gc time)


  0.057062 seconds (397.61 k allocations: 105.070 MiB, 13.47% gc time)


  0.056367 seconds (397.59 k allocations: 105.069 MiB, 12.31% gc time)


  0.053466 seconds (397.61 k allocations: 105.070 MiB, 8.15% gc time)


  0.053567 seconds (397.60 k allocations: 105.070 MiB, 8.16% gc time)


  0.053693 seconds (397.60 k allocations: 105.070 MiB, 8.48% gc time)


  0.053576 seconds (397.61 k allocations: 105.070 MiB, 8.19% gc time)


  0.053355 seconds (397.60 k allocations: 105.070 MiB, 8.13% gc time)


  0.053646 seconds (397.59 k allocations: 105.069 MiB, 8.28% gc time)


  0.056229 seconds (397.61 k allocations: 105.070 MiB, 12.01% gc time)


  0.055847 seconds (397.60 k allocations: 105.070 MiB, 11.83% gc time)


  0.056065 seconds (397.60 k allocations: 105.069 MiB, 11.65% gc time)


  0.056442 seconds (397.60 k allocations: 105.070 MiB, 12.10% gc time)


  0.056366 seconds (397.60 k allocations: 105.069 MiB, 11.90% gc time)


  0.056134 seconds (397.60 k allocations: 105.070 MiB, 11.78% gc time)


  0.056086 seconds (397.60 k allocations: 105.070 MiB, 11.94% gc time)


  0.070939 seconds (397.60 k allocations: 105.070 MiB, 15.45% gc time)


  0.056559 seconds (397.59 k allocations: 105.069 MiB, 11.86% gc time)


  0.055754 seconds (397.60 k allocations: 105.070 MiB, 11.70% gc time)


Numero de qubits: 34 
Threads (LinearAlgebra) :15
Threads (Julia) :1


  0.061229 seconds (410.39 k allocations: 108.863 MiB, 7.73% gc time)


  0.073042 seconds (410.38 k allocations: 108.863 MiB, 25.71% gc time)


  0.056887 seconds (410.38 k allocations: 108.863 MiB, 10.07% gc time)


  0.058596 seconds (410.38 k allocations: 108.863 MiB, 12.57% gc time)


  0.055786 seconds (410.39 k allocations: 108.863 MiB, 8.23% gc time)


  0.057936 seconds (410.39 k allocations: 108.863 MiB, 11.81% gc time)


  0.057976 seconds (410.38 k allocations: 108.862 MiB, 11.86% gc time)


  0.107526 seconds (410.40 k allocations: 108.864 MiB, 46.22% gc time)


  0.192597 seconds (410.38 k allocations: 108.863 MiB, 72.51% gc time)


  0.084030 seconds (410.38 k allocations: 108.863 MiB, 24.47% gc time)


  0.049245 seconds (410.38 k allocations: 108.863 MiB)


  0.092516 seconds (410.39 k allocations: 108.863 MiB, 42.86% gc time)


  0.075808 seconds (410.39 k allocations: 108.863 MiB, 26.51% gc time)


  0.065931 seconds (410.38 k allocations: 108.862 MiB, 18.77% gc time)


  0.056868 seconds (410.38 k allocations: 108.862 MiB, 10.29% gc time)


  0.053799 seconds (410.39 k allocations: 108.863 MiB, 8.13% gc time)


  0.052278 seconds (410.37 k allocations: 108.862 MiB, 6.59% gc time)


  0.052482 seconds (410.39 k allocations: 108.863 MiB, 8.04% gc time)


  0.052119 seconds (410.39 k allocations: 108.863 MiB, 7.69% gc time)


  0.051706 seconds (410.39 k allocations: 108.863 MiB, 7.64% gc time)


  0.051981 seconds (410.38 k allocations: 108.862 MiB, 7.75% gc time)


Numero de qubits: 35 
Threads (LinearAlgebra) :15
Threads (Julia) :1


  0.056797 seconds (425.26 k allocations: 112.441 MiB, 6.45% gc time)


  0.060902 seconds (425.25 k allocations: 112.440 MiB, 11.86% gc time)


  0.054890 seconds (425.26 k allocations: 112.441 MiB, 7.34% gc time)


  0.054967 seconds (425.25 k allocations: 112.440 MiB, 8.39% gc time)


  0.054229 seconds (425.26 k allocations: 112.441 MiB, 7.51% gc time)


  0.054316 seconds (425.25 k allocations: 112.441 MiB, 7.71% gc time)


  0.055102 seconds (425.25 k allocations: 112.441 MiB, 9.54% gc time)


  0.053855 seconds (425.25 k allocations: 112.441 MiB, 7.54% gc time)


  0.054203 seconds (425.26 k allocations: 112.442 MiB, 7.60% gc time)


  0.055306 seconds (425.27 k allocations: 112.442 MiB, 9.57% gc time)


  0.054170 seconds (425.26 k allocations: 112.441 MiB, 7.61% gc time)


  0.054948 seconds (425.26 k allocations: 112.441 MiB, 9.46% gc time)


  0.055350 seconds (425.27 k allocations: 112.442 MiB, 9.57% gc time)


  0.054383 seconds (425.26 k allocations: 112.441 MiB, 7.79% gc time)


  0.055369 seconds (425.25 k allocations: 112.440 MiB, 9.53% gc time)


  0.055365 seconds (425.25 k allocations: 112.441 MiB, 9.59% gc time)


  0.054343 seconds (425.25 k allocations: 112.440 MiB, 7.84% gc time)


  0.055664 seconds (425.25 k allocations: 112.440 MiB, 9.66% gc time)


  0.055442 seconds (425.25 k allocations: 112.441 MiB, 9.67% gc time)


  0.054766 seconds (425.24 k allocations: 112.439 MiB, 7.98% gc time)


  0.055845 seconds (425.25 k allocations: 112.441 MiB, 9.72% gc time)


Numero de qubits: 36 
Threads (LinearAlgebra) :15
Threads (Julia) :1


  0.074930 seconds (438.13 k allocations: 116.111 MiB, 23.75% gc time)


  0.061926 seconds (438.11 k allocations: 116.110 MiB, 10.63% gc time)


  0.059539 seconds (438.13 k allocations: 116.111 MiB, 10.30% gc time)


  0.057999 seconds (438.12 k allocations: 116.110 MiB, 8.66% gc time)


  0.057231 seconds (438.12 k allocations: 116.110 MiB, 8.40% gc time)


  0.058220 seconds (438.12 k allocations: 116.111 MiB, 10.22% gc time)


  0.057978 seconds (438.12 k allocations: 116.111 MiB, 10.16% gc time)


  0.056779 seconds (438.13 k allocations: 116.111 MiB, 8.20% gc time)


  0.056836 seconds (438.13 k allocations: 116.111 MiB, 7.96% gc time)


  0.063654 seconds (438.12 k allocations: 116.111 MiB, 15.25% gc time)


  0.057623 seconds (438.12 k allocations: 116.110 MiB, 8.28% gc time)


  0.058308 seconds (438.12 k allocations: 116.110 MiB, 10.17% gc time)


  0.058073 seconds (438.12 k allocations: 116.110 MiB, 10.25% gc time)


  0.057097 seconds (438.13 k allocations: 116.111 MiB, 8.30% gc time)


  0.057260 seconds (438.12 k allocations: 116.110 MiB, 8.44% gc time)


  0.058054 seconds (438.12 k allocations: 116.110 MiB, 10.36% gc time)


  0.058188 seconds (438.12 k allocations: 116.110 MiB, 10.13% gc time)


  0.057241 seconds (438.11 k allocations: 116.109 MiB, 8.21% gc time)


  0.057268 seconds (438.13 k allocations: 116.111 MiB, 8.17% gc time)


  0.058093 seconds (438.11 k allocations: 116.110 MiB, 10.03% gc time)


  0.058024 seconds (438.12 k allocations: 116.110 MiB, 10.11% gc time)


Numero de qubits: 37 
Threads (LinearAlgebra) :15
Threads (Julia) :1


  0.066577 seconds (453.19 k allocations: 119.724 MiB, 10.61% gc time)


  0.071657 seconds (453.18 k allocations: 119.722 MiB, 17.49% gc time)


  0.060734 seconds (453.17 k allocations: 119.722 MiB, 9.04% gc time)


  0.060902 seconds (453.17 k allocations: 119.722 MiB, 8.84% gc time)


  0.060933 seconds (453.18 k allocations: 119.723 MiB, 9.87% gc time)


  0.061080 seconds (453.18 k allocations: 119.723 MiB, 10.79% gc time)


  0.059548 seconds (453.17 k allocations: 119.723 MiB, 8.67% gc time)


  0.059524 seconds (453.18 k allocations: 119.723 MiB, 8.73% gc time)


  0.060807 seconds (453.18 k allocations: 119.723 MiB, 10.60% gc time)


  0.059642 seconds (453.18 k allocations: 119.723 MiB, 8.54% gc time)


  0.060866 seconds (453.18 k allocations: 119.723 MiB, 10.76% gc time)


  0.059442 seconds (453.18 k allocations: 119.723 MiB, 8.49% gc time)


  0.059468 seconds (453.18 k allocations: 119.723 MiB, 8.53% gc time)


  0.060816 seconds (453.18 k allocations: 119.723 MiB, 10.57% gc time)


  0.060767 seconds (453.19 k allocations: 119.723 MiB, 10.66% gc time)


  0.060845 seconds (453.17 k allocations: 119.722 MiB, 10.70% gc time)


  0.059606 seconds (453.18 k allocations: 119.723 MiB, 8.55% gc time)


  0.059646 seconds (453.19 k allocations: 119.723 MiB, 8.58% gc time)


  0.060822 seconds (453.18 k allocations: 119.723 MiB, 10.61% gc time)


  0.060684 seconds (453.18 k allocations: 119.723 MiB, 10.73% gc time)


  0.060792 seconds (453.18 k allocations: 119.723 MiB, 10.70% gc time)


Numero de qubits: 38 
Threads (LinearAlgebra) :15
Threads (Julia) :1


  0.078415 seconds (466.31 k allocations: 123.574 MiB, 22.76% gc time)


  0.065798 seconds (466.31 k allocations: 123.574 MiB, 10.38% gc time)


  0.064042 seconds (466.32 k allocations: 123.574 MiB, 10.36% gc time)


  0.063937 seconds (466.30 k allocations: 123.573 MiB, 11.00% gc time)


  0.061844 seconds (466.33 k allocations: 123.575 MiB, 8.69% gc time)


  0.061826 seconds (466.30 k allocations: 123.574 MiB, 8.60% gc time)


  0.061898 seconds (466.32 k allocations: 123.575 MiB, 8.75% gc time)


  0.063305 seconds (466.31 k allocations: 123.574 MiB, 10.75% gc time)


  0.063005 seconds (466.31 k allocations: 123.574 MiB, 10.70% gc time)


  0.063186 seconds (466.31 k allocations: 123.574 MiB, 10.72% gc time)


  0.062916 seconds (466.30 k allocations: 123.573 MiB, 10.65% gc time)


  0.062903 seconds (466.31 k allocations: 123.573 MiB, 10.62% gc time)


  0.062898 seconds (466.32 k allocations: 123.575 MiB, 10.54% gc time)


  0.063070 seconds (466.30 k allocations: 123.574 MiB, 10.77% gc time)


  0.063175 seconds (466.31 k allocations: 123.574 MiB, 10.73% gc time)


  0.062845 seconds (466.31 k allocations: 123.573 MiB, 10.66% gc time)


  0.062546 seconds (466.31 k allocations: 123.573 MiB, 10.56% gc time)


  0.062878 seconds (466.32 k allocations: 123.575 MiB, 10.66% gc time)


  0.062738 seconds (466.31 k allocations: 123.574 MiB, 10.68% gc time)


  0.063967 seconds (466.32 k allocations: 123.574 MiB, 10.81% gc time)


  0.062805 seconds (466.32 k allocations: 123.575 MiB, 10.59% gc time)


Numero de qubits: 39 
Threads (LinearAlgebra) :15
Threads (Julia) :1


  0.069713 seconds (481.56 k allocations: 127.221 MiB, 11.60% gc time)


  0.087156 seconds (481.55 k allocations: 127.221 MiB, 27.05% gc time)


  0.066267 seconds (481.57 k allocations: 127.222 MiB, 10.44% gc time)


  0.063059 seconds (481.56 k allocations: 127.221 MiB, 7.08% gc time)


  0.064121 seconds (481.56 k allocations: 127.221 MiB, 8.69% gc time)


  0.065082 seconds (481.54 k allocations: 127.220 MiB, 10.88% gc time)


  0.065403 seconds (481.55 k allocations: 127.220 MiB, 10.94% gc time)


  0.063490 seconds (481.56 k allocations: 127.221 MiB, 8.58% gc time)


  0.063759 seconds (481.54 k allocations: 127.220 MiB, 8.61% gc time)


  0.065176 seconds (481.55 k allocations: 127.220 MiB, 10.60% gc time)


  0.063793 seconds (481.56 k allocations: 127.221 MiB, 8.79% gc time)


  0.063630 seconds (481.56 k allocations: 127.221 MiB, 8.74% gc time)


  0.063600 seconds (481.54 k allocations: 127.220 MiB, 8.62% gc time)


  0.063387 seconds (481.55 k allocations: 127.220 MiB, 8.59% gc time)


  0.063380 seconds (481.52 k allocations: 127.219 MiB, 8.53% gc time)


  0.063367 seconds (481.55 k allocations: 127.220 MiB, 8.45% gc time)


  0.063649 seconds (481.55 k allocations: 127.221 MiB, 8.61% gc time)


  0.063368 seconds (481.54 k allocations: 127.220 MiB, 8.56% gc time)


  0.063205 seconds (481.55 k allocations: 127.220 MiB, 8.47% gc time)


  0.064996 seconds (481.56 k allocations: 127.221 MiB, 10.60% gc time)


  0.065113 seconds (481.57 k allocations: 127.222 MiB, 10.66% gc time)


Numero de qubits: 40 
Threads (LinearAlgebra) :15
Threads (Julia) :1


  0.077562 seconds (494.76 k allocations: 130.957 MiB, 17.34% gc time)


  0.069140 seconds (494.77 k allocations: 130.958 MiB, 10.03% gc time)


  0.064336 seconds (494.78 k allocations: 130.959 MiB, 6.78% gc time)


  0.065575 seconds (494.77 k allocations: 130.958 MiB, 8.42% gc time)


  0.066497 seconds (494.77 k allocations: 130.958 MiB, 10.34% gc time)


  0.066710 seconds (494.76 k allocations: 130.957 MiB, 10.41% gc time)


  0.066740 seconds (494.77 k allocations: 130.956 MiB, 10.44% gc time)


  0.066544 seconds (494.75 k allocations: 130.957 MiB, 10.32% gc time)


  0.066344 seconds (494.76 k allocations: 130.957 MiB, 10.46% gc time)


  0.066664 seconds (494.78 k allocations: 130.959 MiB, 10.59% gc time)


  0.066740 seconds (494.77 k allocations: 130.956 MiB, 10.50% gc time)


  0.066386 seconds (494.77 k allocations: 130.958 MiB, 10.26% gc time)


  0.066385 seconds (494.78 k allocations: 130.959 MiB, 10.25% gc time)


  0.066564 seconds (494.75 k allocations: 130.957 MiB, 10.43% gc time)


  0.066928 seconds (494.77 k allocations: 130.958 MiB, 10.65% gc time)


  0.066950 seconds (494.78 k allocations: 130.958 MiB, 10.73% gc time)


  0.067001 seconds (494.77 k allocations: 130.958 MiB, 10.57% gc time)


  0.066959 seconds (494.78 k allocations: 130.958 MiB, 10.56% gc time)


  0.066642 seconds (494.76 k allocations: 130.957 MiB, 10.33% gc time)


  0.066870 seconds (494.76 k allocations: 130.956 MiB, 10.68% gc time)


  0.066907 seconds (494.77 k allocations: 130.958 MiB, 10.58% gc time)


Numero de qubits: 41 
Threads (LinearAlgebra) :15
Threads (Julia) :1


  0.080288 seconds (510.18 k allocations: 134.637 MiB, 16.89% gc time)


  0.073421 seconds (510.18 k allocations: 134.638 MiB, 12.68% gc time)


  0.068905 seconds (510.20 k allocations: 134.638 MiB, 9.63% gc time)


  0.067732 seconds (510.20 k allocations: 134.638 MiB, 8.67% gc time)


  0.070392 seconds (510.19 k allocations: 134.637 MiB, 11.41% gc time)


  0.068671 seconds (510.20 k allocations: 134.639 MiB, 10.33% gc time)


  0.068892 seconds (510.20 k allocations: 134.639 MiB, 10.34% gc time)


  0.068885 seconds (510.19 k allocations: 134.638 MiB, 10.43% gc time)


  0.068522 seconds (510.20 k allocations: 134.639 MiB, 10.29% gc time)


  0.068584 seconds (510.19 k allocations: 134.638 MiB, 10.42% gc time)


  0.068811 seconds (510.20 k allocations: 134.639 MiB, 10.45% gc time)


  0.068850 seconds (510.20 k allocations: 134.639 MiB, 10.44% gc time)


  0.068823 seconds (510.18 k allocations: 134.638 MiB, 10.28% gc time)


  0.068604 seconds (510.19 k allocations: 134.638 MiB, 10.38% gc time)


  0.069042 seconds (510.21 k allocations: 134.639 MiB, 10.58% gc time)


  0.068707 seconds (510.20 k allocations: 134.638 MiB, 10.47% gc time)


  0.068681 seconds (510.21 k allocations: 134.639 MiB, 10.34% gc time)


  0.068212 seconds (510.21 k allocations: 134.639 MiB, 10.25% gc time)


  0.068862 seconds (510.19 k allocations: 134.638 MiB, 10.56% gc time)


  0.068728 seconds (510.20 k allocations: 134.639 MiB, 10.38% gc time)


  0.068498 seconds (510.19 k allocations: 134.638 MiB, 10.01% gc time)


Numero de qubits: 42 
Threads (LinearAlgebra) :15
Threads (Julia) :1


  0.086205 seconds (523.67 k allocations: 138.554 MiB, 19.09% gc time)


  0.069596 seconds (523.69 k allocations: 138.556 MiB, 7.88% gc time)


  0.069926 seconds (523.67 k allocations: 138.554 MiB, 9.12% gc time)


  0.070997 seconds (523.68 k allocations: 138.556 MiB, 10.49% gc time)


  0.071117 seconds (523.68 k allocations: 138.555 MiB, 10.60% gc time)


  0.071379 seconds (523.69 k allocations: 138.556 MiB, 10.45% gc time)


  0.070855 seconds (523.67 k allocations: 138.555 MiB, 10.52% gc time)


  0.071436 seconds (523.69 k allocations: 138.555 MiB, 10.64% gc time)


  0.071197 seconds (523.67 k allocations: 138.555 MiB, 10.42% gc time)


  0.071016 seconds (523.67 k allocations: 138.555 MiB, 10.54% gc time)


  0.071381 seconds (523.68 k allocations: 138.555 MiB, 10.62% gc time)


  0.071170 seconds (523.68 k allocations: 138.555 MiB, 10.45% gc time)


  0.071186 seconds (523.68 k allocations: 138.555 MiB, 10.52% gc time)


  0.071759 seconds (523.66 k allocations: 138.555 MiB, 10.68% gc time)


  0.071337 seconds (523.67 k allocations: 138.554 MiB, 10.40% gc time)


  0.071310 seconds (523.67 k allocations: 138.555 MiB, 10.49% gc time)


  0.071576 seconds (523.68 k allocations: 138.556 MiB, 10.58% gc time)


  0.071020 seconds (523.67 k allocations: 138.555 MiB, 10.48% gc time)


  0.071413 seconds (523.66 k allocations: 138.554 MiB, 10.70% gc time)


  0.071381 seconds (523.66 k allocations: 138.554 MiB, 10.50% gc time)


  0.071174 seconds (523.66 k allocations: 138.554 MiB, 10.53% gc time)


Numero de qubits: 43 
Threads (LinearAlgebra) :15
Threads (Julia) :1


  0.084917 seconds (539.30 k allocations: 142.270 MiB, 15.39% gc time)


  0.072587 seconds (539.29 k allocations: 142.270 MiB, 8.38% gc time)


  0.073356 seconds (539.28 k allocations: 142.269 MiB, 9.67% gc time)


  0.074513 seconds (539.30 k allocations: 142.270 MiB, 11.05% gc time)


  0.072301 seconds (539.30 k allocations: 142.270 MiB, 8.88% gc time)


  0.072269 seconds (539.30 k allocations: 142.271 MiB, 8.66% gc time)


  0.072402 seconds (539.29 k allocations: 142.270 MiB, 8.69% gc time)


  0.086675 seconds (539.31 k allocations: 142.271 MiB, 11.62% gc time)


  0.074875 seconds (539.29 k allocations: 142.270 MiB, 10.91% gc time)


  0.075411 seconds (539.29 k allocations: 142.270 MiB, 10.89% gc time)


  0.074980 seconds (539.29 k allocations: 142.270 MiB, 10.76% gc time)


  0.074161 seconds (539.30 k allocations: 142.270 MiB, 10.69% gc time)


  0.074027 seconds (539.29 k allocations: 142.270 MiB, 10.82% gc time)


  0.074417 seconds (539.28 k allocations: 142.269 MiB, 10.72% gc time)


  0.074437 seconds (539.28 k allocations: 142.270 MiB, 10.86% gc time)


  0.074376 seconds (539.29 k allocations: 142.270 MiB, 10.90% gc time)


  0.074762 seconds (539.28 k allocations: 142.269 MiB, 10.90% gc time)


  0.257366 seconds (539.29 k allocations: 142.270 MiB, 72.80% gc time)


  0.093557 seconds (539.30 k allocations: 142.270 MiB, 12.70% gc time)


  0.076391 seconds (539.29 k allocations: 142.269 MiB)


  0.110855 seconds (539.30 k allocations: 142.270 MiB, 34.00% gc time)


Numero de qubits: 44 
Threads (LinearAlgebra) :15
Threads (Julia) :1


  0.109542 seconds (552.86 k allocations: 146.075 MiB, 32.28% gc time)


  0.080986 seconds (552.86 k allocations: 146.075 MiB, 13.06% gc time)


  0.074875 seconds (552.87 k allocations: 146.075 MiB, 10.33% gc time)


  0.073042 seconds (552.86 k allocations: 146.075 MiB, 7.63% gc time)


  0.071421 seconds (552.87 k allocations: 146.075 MiB, 8.68% gc time)


  0.071003 seconds (552.86 k allocations: 146.075 MiB, 8.30% gc time)


  0.071045 seconds (552.84 k allocations: 146.074 MiB, 8.18% gc time)


  0.071325 seconds (552.87 k allocations: 146.075 MiB, 8.24% gc time)


  0.071713 seconds (552.86 k allocations: 146.075 MiB, 8.32% gc time)


  0.072684 seconds (552.86 k allocations: 146.075 MiB, 9.70% gc time)


  0.071905 seconds (552.86 k allocations: 146.075 MiB, 8.53% gc time)


  0.072226 seconds (552.86 k allocations: 146.075 MiB, 8.60% gc time)


  0.072160 seconds (552.85 k allocations: 146.074 MiB, 8.39% gc time)


  0.071728 seconds (552.85 k allocations: 146.074 MiB, 8.46% gc time)


  0.072066 seconds (552.85 k allocations: 146.074 MiB, 8.41% gc time)


  0.072895 seconds (552.87 k allocations: 146.075 MiB, 9.85% gc time)


  0.071775 seconds (552.87 k allocations: 146.075 MiB, 8.30% gc time)


  0.071880 seconds (552.85 k allocations: 146.074 MiB, 8.51% gc time)


  0.071741 seconds (552.88 k allocations: 146.076 MiB, 8.31% gc time)


  0.071955 seconds (552.85 k allocations: 146.075 MiB, 8.49% gc time)


  0.073507 seconds (552.86 k allocations: 146.075 MiB, 9.95% gc time)


Numero de qubits: 45 
Threads (LinearAlgebra) :15
Threads (Julia) :1


  0.087786 seconds (568.66 k allocations: 149.824 MiB, 15.71% gc time)


  0.074769 seconds (568.64 k allocations: 149.823 MiB, 7.18% gc time)


  0.076246 seconds (568.65 k allocations: 149.823 MiB, 9.74% gc time)


  0.075401 seconds (568.66 k allocations: 149.824 MiB, 8.95% gc time)


  0.075139 seconds (568.65 k allocations: 149.824 MiB, 8.80% gc time)


  0.075913 seconds (568.65 k allocations: 149.824 MiB, 10.33% gc time)


  0.075371 seconds (568.65 k allocations: 149.823 MiB, 8.95% gc time)


  0.075102 seconds (568.66 k allocations: 149.824 MiB, 8.89% gc time)


  0.074841 seconds (568.66 k allocations: 149.824 MiB, 8.78% gc time)


  0.084800 seconds (568.66 k allocations: 149.824 MiB, 14.61% gc time)


  0.075569 seconds (568.64 k allocations: 149.823 MiB, 9.11% gc time)


  0.075062 seconds (568.67 k allocations: 149.824 MiB, 8.86% gc time)


  0.075068 seconds (568.65 k allocations: 149.822 MiB, 8.96% gc time)


  0.076383 seconds (568.65 k allocations: 149.823 MiB, 10.40% gc time)


  0.075498 seconds (568.65 k allocations: 149.824 MiB, 9.10% gc time)


  0.075227 seconds (568.65 k allocations: 149.823 MiB, 8.91% gc time)


  0.075466 seconds (568.67 k allocations: 149.824 MiB, 9.00% gc time)


  0.076440 seconds (568.67 k allocations: 149.824 MiB, 10.54% gc time)


  0.075819 seconds (568.67 k allocations: 149.824 MiB, 9.13% gc time)


  0.076750 seconds (568.67 k allocations: 149.825 MiB, 10.85% gc time)


  0.075975 seconds (568.67 k allocations: 149.824 MiB, 9.27% gc time)


Numero de qubits: 46 
Threads (LinearAlgebra) :15
Threads (Julia) :1


  0.094120 seconds (582.48 k allocations: 153.806 MiB, 16.15% gc time)


  0.083854 seconds (582.48 k allocations: 153.806 MiB, 13.62% gc time)


  0.081899 seconds (582.48 k allocations: 153.806 MiB, 10.91% gc time)


  0.078379 seconds (582.48 k allocations: 153.806 MiB, 8.61% gc time)


  0.078446 seconds (582.50 k allocations: 153.807 MiB, 9.81% gc time)


  0.077873 seconds (582.49 k allocations: 153.807 MiB, 9.32% gc time)


  0.078284 seconds (582.48 k allocations: 153.806 MiB, 9.44% gc time)


  0.079514 seconds (582.48 k allocations: 153.806 MiB, 11.01% gc time)


  0.078154 seconds (582.48 k allocations: 153.805 MiB, 9.62% gc time)


  0.078105 seconds (582.48 k allocations: 153.806 MiB, 9.47% gc time)


  0.077866 seconds (582.49 k allocations: 153.806 MiB, 9.43% gc time)


  0.079737 seconds (582.49 k allocations: 153.806 MiB, 11.10% gc time)


  0.078190 seconds (582.48 k allocations: 153.806 MiB, 9.61% gc time)


  0.078403 seconds (582.49 k allocations: 153.806 MiB, 9.59% gc time)


  0.078102 seconds (582.49 k allocations: 153.806 MiB, 9.54% gc time)


  0.078455 seconds (582.49 k allocations: 153.806 MiB, 9.52% gc time)


  0.077964 seconds (582.49 k allocations: 153.806 MiB, 9.64% gc time)


  0.078221 seconds (582.48 k allocations: 153.806 MiB, 9.67% gc time)


  0.078246 seconds (582.48 k allocations: 153.806 MiB, 9.61% gc time)


  0.078272 seconds (582.49 k allocations: 153.807 MiB, 9.56% gc time)


  0.078149 seconds (582.49 k allocations: 153.806 MiB, 9.63% gc time)


Numero de qubits: 47 
Threads (LinearAlgebra) :15
Threads (Julia) :1


  0.094076 seconds (598.46 k allocations: 157.589 MiB, 16.32% gc time)


  0.082319 seconds (598.46 k allocations: 157.589 MiB, 10.34% gc time)


  0.079801 seconds (598.48 k allocations: 157.590 MiB, 8.36% gc time)


  0.080492 seconds (598.48 k allocations: 157.590 MiB, 9.80% gc time)


  0.080697 seconds (598.46 k allocations: 157.588 MiB, 9.98% gc time)


  0.080934 seconds (598.48 k allocations: 157.590 MiB, 10.06% gc time)


  0.080588 seconds (598.48 k allocations: 157.590 MiB, 9.82% gc time)


  0.080529 seconds (598.48 k allocations: 157.589 MiB, 9.94% gc time)


  0.080755 seconds (598.47 k allocations: 157.589 MiB, 9.78% gc time)


  0.080652 seconds (598.46 k allocations: 157.589 MiB, 9.82% gc time)


  0.081673 seconds (598.47 k allocations: 157.589 MiB, 10.01% gc time)


  0.082439 seconds (598.47 k allocations: 157.589 MiB, 11.56% gc time)


  0.080911 seconds (598.47 k allocations: 157.589 MiB, 9.99% gc time)


  0.080774 seconds (598.45 k allocations: 157.588 MiB, 9.91% gc time)


  0.080607 seconds (598.45 k allocations: 157.588 MiB, 9.91% gc time)


  0.082241 seconds (598.48 k allocations: 157.590 MiB, 11.60% gc time)


  0.080783 seconds (598.48 k allocations: 157.590 MiB, 10.11% gc time)


  0.080820 seconds (598.47 k allocations: 157.589 MiB, 10.07% gc time)


  0.080739 seconds (598.46 k allocations: 157.588 MiB, 10.00% gc time)


  0.081063 seconds (598.46 k allocations: 157.588 MiB, 10.27% gc time)


  0.082704 seconds (598.48 k allocations: 157.590 MiB, 11.77% gc time)


Numero de qubits: 48 
Threads (LinearAlgebra) :15
Threads (Julia) :1


  0.091075 seconds (612.38 k allocations: 161.472 MiB, 10.26% gc time)


  0.119886 seconds (612.39 k allocations: 161.473 MiB, 31.64% gc time)


  0.083770 seconds (612.38 k allocations: 161.473 MiB, 10.39% gc time)


  0.082095 seconds (612.38 k allocations: 161.472 MiB, 8.89% gc time)


  0.081617 seconds (612.38 k allocations: 161.472 MiB, 8.51% gc time)


  0.081568 seconds (612.38 k allocations: 161.473 MiB, 8.41% gc time)


  0.081485 seconds (612.40 k allocations: 161.474 MiB, 8.37% gc time)


  0.083470 seconds (612.37 k allocations: 161.472 MiB, 10.56% gc time)


  0.083387 seconds (612.39 k allocations: 161.473 MiB, 10.52% gc time)


  0.083490 seconds (612.38 k allocations: 161.472 MiB, 10.64% gc time)


  0.083308 seconds (612.38 k allocations: 161.472 MiB, 10.51% gc time)


  0.083074 seconds (612.36 k allocations: 161.471 MiB, 10.49% gc time)


  0.083180 seconds (612.39 k allocations: 161.473 MiB, 10.49% gc time)


  0.083566 seconds (612.38 k allocations: 161.472 MiB, 10.46% gc time)


  0.084852 seconds (612.39 k allocations: 161.472 MiB, 11.92% gc time)


  0.083627 seconds (612.38 k allocations: 161.471 MiB, 10.44% gc time)


  0.083660 seconds (612.39 k allocations: 161.473 MiB, 10.61% gc time)


  0.083550 seconds (612.40 k allocations: 161.473 MiB, 10.47% gc time)


  0.083276 seconds (612.39 k allocations: 161.473 MiB, 10.40% gc time)


  0.083299 seconds (612.38 k allocations: 161.472 MiB, 10.36% gc time)


  0.083609 seconds (612.39 k allocations: 161.473 MiB, 10.41% gc time)


Numero de qubits: 49 
Threads (LinearAlgebra) :15
Threads (Julia) :1


  0.095301 seconds (628.57 k allocations: 165.291 MiB, 13.10% gc time)


  0.087033 seconds (628.55 k allocations: 165.290 MiB, 11.13% gc time)


  0.084859 seconds (628.57 k allocations: 165.291 MiB, 9.26% gc time)


  0.083999 seconds (628.54 k allocations: 165.289 MiB, 8.47% gc time)


  0.085613 seconds (628.57 k allocations: 165.291 MiB, 10.56% gc time)


  0.085591 seconds (628.56 k allocations: 165.290 MiB, 10.52% gc time)


  0.085928 seconds (628.54 k allocations: 165.289 MiB, 10.62% gc time)


  0.085641 seconds (628.57 k allocations: 165.291 MiB, 10.41% gc time)


  0.085617 seconds (628.55 k allocations: 165.290 MiB, 10.41% gc time)


  0.086170 seconds (628.57 k allocations: 165.291 MiB, 10.56% gc time)


  0.087614 seconds (628.55 k allocations: 165.289 MiB, 11.99% gc time)


  0.085917 seconds (628.56 k allocations: 165.290 MiB, 10.53% gc time)


  0.086230 seconds (628.57 k allocations: 165.291 MiB, 10.64% gc time)


  0.087410 seconds (628.55 k allocations: 165.290 MiB, 12.02% gc time)


  0.086006 seconds (628.55 k allocations: 165.289 MiB, 10.68% gc time)


  0.089857 seconds (628.55 k allocations: 165.290 MiB, 12.76% gc time)


  0.086293 seconds (628.56 k allocations: 165.290 MiB, 10.74% gc time)


  0.085920 seconds (628.55 k allocations: 165.290 MiB, 10.39% gc time)


  0.088784 seconds (628.56 k allocations: 165.290 MiB, 10.69% gc time)


  0.086140 seconds (628.58 k allocations: 165.292 MiB, 10.74% gc time)


  0.087673 seconds (628.56 k allocations: 165.290 MiB, 12.18% gc time)


Numero de qubits: 50 
Threads (LinearAlgebra) :15
Threads (Julia) :1


  0.102764 seconds (642.73 k allocations: 169.338 MiB, 16.99% gc time)


  0.087057 seconds (642.73 k allocations: 169.338 MiB, 8.69% gc time)


  0.087550 seconds (642.74 k allocations: 169.339 MiB, 9.61% gc time)


  0.086831 seconds (642.73 k allocations: 169.339 MiB, 8.84% gc time)


  0.088695 seconds (642.73 k allocations: 169.338 MiB, 10.75% gc time)


  0.088470 seconds (642.72 k allocations: 169.338 MiB, 10.89% gc time)


  0.088518 seconds (642.73 k allocations: 169.338 MiB, 10.93% gc time)


  0.088330 seconds (642.73 k allocations: 169.338 MiB, 10.87% gc time)


  0.088147 seconds (642.72 k allocations: 169.338 MiB, 10.60% gc time)


  0.088573 seconds (642.73 k allocations: 169.338 MiB, 10.86% gc time)


  0.088250 seconds (642.73 k allocations: 169.338 MiB, 10.86% gc time)


  0.088621 seconds (642.72 k allocations: 169.338 MiB, 10.76% gc time)


  0.088077 seconds (642.71 k allocations: 169.337 MiB, 10.82% gc time)


  0.088533 seconds (642.73 k allocations: 169.338 MiB, 10.77% gc time)


  0.090006 seconds (642.72 k allocations: 169.338 MiB, 12.26% gc time)


  0.088554 seconds (642.73 k allocations: 169.338 MiB, 10.88% gc time)


  0.088649 seconds (642.72 k allocations: 169.338 MiB, 10.96% gc time)


  0.088623 seconds (642.72 k allocations: 169.338 MiB, 10.79% gc time)


  0.088454 seconds (642.74 k allocations: 169.339 MiB, 10.86% gc time)


  0.088344 seconds (642.73 k allocations: 169.338 MiB, 10.86% gc time)


  0.266463 seconds (642.74 k allocations: 169.339 MiB, 69.92% gc time)


Numero de qubits: 51 
Threads (LinearAlgebra) :15
Threads (Julia) :1


  0.112505 seconds (659.09 k allocations: 173.190 MiB, 17.02% gc time)


  0.092465 seconds (659.10 k allocations: 173.190 MiB)


  0.144046 seconds (659.08 k allocations: 173.189 MiB, 37.10% gc time)


  0.096378 seconds (659.09 k allocations: 173.190 MiB, 12.73% gc time)


  0.087354 seconds (659.10 k allocations: 173.190 MiB, 7.75% gc time)


  0.085901 seconds (659.09 k allocations: 173.190 MiB, 8.47% gc time)


  0.084589 seconds (659.09 k allocations: 173.190 MiB, 8.75% gc time)


  0.084684 seconds (659.10 k allocations: 173.190 MiB, 8.56% gc time)


  0.084081 seconds (659.08 k allocations: 173.189 MiB, 7.33% gc time)


  0.084420 seconds (659.08 k allocations: 173.189 MiB, 7.44% gc time)


  0.093820 seconds (659.09 k allocations: 173.190 MiB, 8.83% gc time)


  0.086989 seconds (659.09 k allocations: 173.190 MiB, 8.79% gc time)


  0.086214 seconds (659.06 k allocations: 173.188 MiB, 7.61% gc time)


  0.084996 seconds (659.08 k allocations: 173.188 MiB, 7.66% gc time)


  0.085100 seconds (659.11 k allocations: 173.191 MiB, 7.68% gc time)


  0.084980 seconds (659.10 k allocations: 173.191 MiB, 7.62% gc time)


  0.086424 seconds (659.08 k allocations: 173.189 MiB, 8.93% gc time)


  0.085664 seconds (659.08 k allocations: 173.190 MiB, 7.88% gc time)


  0.086492 seconds (659.10 k allocations: 173.191 MiB, 9.02% gc time)


  0.086152 seconds (659.11 k allocations: 173.191 MiB, 8.09% gc time)


  0.086289 seconds (659.09 k allocations: 173.190 MiB, 8.00% gc time)


Numero de qubits: 52 
Threads (LinearAlgebra) :15
Threads (Julia) :1


  0.104738 seconds (673.35 k allocations: 177.105 MiB, 14.07% gc time)


  0.095491 seconds (673.35 k allocations: 177.105 MiB, 11.07% gc time)


  0.089538 seconds (673.34 k allocations: 177.105 MiB, 9.16% gc time)


  0.088541 seconds (673.35 k allocations: 177.106 MiB, 8.35% gc time)


  0.088361 seconds (673.34 k allocations: 177.105 MiB, 8.17% gc time)


  0.088294 seconds (673.34 k allocations: 177.105 MiB, 8.24% gc time)


  0.089507 seconds (673.34 k allocations: 177.105 MiB, 9.70% gc time)


  0.089646 seconds (673.35 k allocations: 177.106 MiB, 9.46% gc time)


  0.089613 seconds (673.35 k allocations: 177.106 MiB, 9.59% gc time)


  0.089505 seconds (673.34 k allocations: 177.105 MiB, 9.44% gc time)


  0.089427 seconds (673.34 k allocations: 177.105 MiB, 9.54% gc time)


  0.089342 seconds (673.35 k allocations: 177.106 MiB, 9.38% gc time)


  0.089960 seconds (673.36 k allocations: 177.106 MiB, 9.44% gc time)


  0.089010 seconds (673.33 k allocations: 177.105 MiB, 8.43% gc time)


  0.088919 seconds (673.34 k allocations: 177.105 MiB, 8.42% gc time)


  0.088811 seconds (673.36 k allocations: 177.105 MiB, 8.36% gc time)


  0.089005 seconds (673.36 k allocations: 177.106 MiB, 8.45% gc time)


  0.088807 seconds (673.35 k allocations: 177.105 MiB, 8.45% gc time)


  0.088979 seconds (673.35 k allocations: 177.105 MiB, 8.33% gc time)


  0.088878 seconds (673.34 k allocations: 177.105 MiB, 8.55% gc time)


  0.088803 seconds (673.35 k allocations: 177.106 MiB, 8.48% gc time)


Numero de qubits: 53 
Threads (LinearAlgebra) :15
Threads (Julia) :1


  0.101890 seconds (689.90 k allocations: 180.992 MiB, 12.18% gc time)


  0.092945 seconds (689.88 k allocations: 180.990 MiB, 9.15% gc time)


  0.092221 seconds (689.91 k allocations: 180.992 MiB, 9.17% gc time)


  0.092169 seconds (689.88 k allocations: 180.990 MiB, 10.06% gc time)


  0.092882 seconds (689.89 k allocations: 180.991 MiB, 10.25% gc time)


  0.093018 seconds (689.88 k allocations: 180.991 MiB, 10.29% gc time)


  0.091777 seconds (689.88 k allocations: 180.990 MiB, 8.99% gc time)


  0.091497 seconds (689.89 k allocations: 180.991 MiB, 8.94% gc time)


  0.092611 seconds (689.87 k allocations: 180.990 MiB, 10.25% gc time)


  0.093267 seconds (689.89 k allocations: 180.991 MiB, 10.48% gc time)


  0.093189 seconds (689.89 k allocations: 180.991 MiB, 10.34% gc time)


  0.091824 seconds (689.87 k allocations: 180.989 MiB, 9.22% gc time)


  0.091848 seconds (689.90 k allocations: 180.992 MiB, 8.81% gc time)


  0.093103 seconds (689.89 k allocations: 180.991 MiB, 10.53% gc time)


  0.093971 seconds (689.89 k allocations: 180.991 MiB, 10.76% gc time)


  0.092400 seconds (689.89 k allocations: 180.991 MiB, 9.51% gc time)


  0.093560 seconds (689.88 k allocations: 180.991 MiB, 10.59% gc time)


  0.094032 seconds (689.88 k allocations: 180.991 MiB, 10.92% gc time)


  0.092488 seconds (689.90 k allocations: 180.992 MiB, 9.45% gc time)


  0.092365 seconds (689.89 k allocations: 180.991 MiB, 9.46% gc time)


  0.093869 seconds (689.89 k allocations: 180.991 MiB, 10.96% gc time)


Numero de qubits: 54 
Threads (LinearAlgebra) :15
Threads (Julia) :1


  0.105241 seconds (704.42 k allocations: 185.142 MiB, 12.16% gc time)


  0.096392 seconds (704.41 k allocations: 185.142 MiB, 9.93% gc time)


  0.096320 seconds (704.43 k allocations: 185.143 MiB, 10.53% gc time)


  0.095996 seconds (704.43 k allocations: 185.143 MiB, 9.86% gc time)


  0.095740 seconds (704.42 k allocations: 185.142 MiB, 9.90% gc time)


  0.097139 seconds (704.41 k allocations: 185.142 MiB, 11.27% gc time)


  0.095811 seconds (704.41 k allocations: 185.142 MiB, 10.01% gc time)


  0.097457 seconds (704.43 k allocations: 185.143 MiB, 11.40% gc time)


  0.095853 seconds (704.41 k allocations: 185.142 MiB, 10.08% gc time)


  0.097517 seconds (704.43 k allocations: 185.143 MiB, 11.36% gc time)


  0.095776 seconds (704.41 k allocations: 185.142 MiB, 10.10% gc time)


  0.097717 seconds (704.40 k allocations: 185.142 MiB, 11.52% gc time)


  0.095984 seconds (704.41 k allocations: 185.142 MiB, 10.17% gc time)


  0.097264 seconds (704.41 k allocations: 185.142 MiB, 11.45% gc time)


  0.095849 seconds (704.42 k allocations: 185.142 MiB, 10.03% gc time)


  0.095866 seconds (704.39 k allocations: 185.141 MiB, 10.18% gc time)


  0.097714 seconds (704.42 k allocations: 185.142 MiB, 11.61% gc time)


  0.097500 seconds (704.42 k allocations: 185.143 MiB, 10.31% gc time)


  0.097838 seconds (704.41 k allocations: 185.142 MiB, 11.56% gc time)


  0.097775 seconds (704.42 k allocations: 185.142 MiB, 11.56% gc time)


  0.096213 seconds (704.42 k allocations: 185.142 MiB, 10.28% gc time)


Numero de qubits: 55 
Threads (LinearAlgebra) :15
Threads (Julia) :1


  0.107998 seconds (721.17 k allocations: 189.064 MiB, 12.57% gc time)


  0.099387 seconds (721.13 k allocations: 189.061 MiB, 10.68% gc time)


  0.096825 seconds (721.16 k allocations: 189.063 MiB, 8.67% gc time)


  0.098475 seconds (721.15 k allocations: 189.062 MiB, 10.31% gc time)


  0.098745 seconds (721.15 k allocations: 189.062 MiB, 10.46% gc time)


  0.109603 seconds (721.14 k allocations: 189.062 MiB, 14.31% gc time)


  0.098728 seconds (721.14 k allocations: 189.062 MiB, 10.50% gc time)


  0.099969 seconds (721.14 k allocations: 189.062 MiB, 11.84% gc time)


  0.098809 seconds (721.16 k allocations: 189.063 MiB, 10.47% gc time)


  0.098043 seconds (721.14 k allocations: 189.062 MiB, 10.04% gc time)


  0.100242 seconds (721.14 k allocations: 189.061 MiB, 11.84% gc time)


  0.099272 seconds (721.14 k allocations: 189.061 MiB, 10.50% gc time)


  0.098529 seconds (721.15 k allocations: 189.062 MiB, 10.33% gc time)


  0.100595 seconds (721.14 k allocations: 189.062 MiB, 11.84% gc time)


  0.099108 seconds (721.15 k allocations: 189.062 MiB, 10.44% gc time)


  0.098646 seconds (721.15 k allocations: 189.062 MiB, 10.25% gc time)


  0.100325 seconds (721.14 k allocations: 189.062 MiB, 11.84% gc time)


  0.098676 seconds (721.15 k allocations: 189.062 MiB, 10.36% gc time)


  0.099000 seconds (721.14 k allocations: 189.062 MiB, 10.42% gc time)


  0.100315 seconds (721.13 k allocations: 189.061 MiB, 12.03% gc time)


  0.100582 seconds (721.14 k allocations: 189.062 MiB, 11.97% gc time)


Numero de qubits: 56 
Threads (LinearAlgebra) :15
Threads (Julia) :1


  0.121666 seconds (735.77 k allocations: 193.045 MiB, 17.76% gc time)


  0.098317 seconds (735.74 k allocations: 193.043 MiB, 7.63% gc time)


  0.102639 seconds (735.74 k allocations: 193.043 MiB, 11.90% gc time)


  0.103079 seconds (735.76 k allocations: 193.045 MiB, 12.23% gc time)


  0.100967 seconds (735.76 k allocations: 193.043 MiB, 10.86% gc time)


  0.101128 seconds (735.77 k allocations: 193.045 MiB, 10.87% gc time)


  0.101194 seconds (735.75 k allocations: 193.043 MiB, 10.80% gc time)


  0.100987 seconds (735.76 k allocations: 193.045 MiB, 10.80% gc time)


  0.101056 seconds (735.75 k allocations: 193.044 MiB, 10.76% gc time)


  0.102924 seconds (735.75 k allocations: 193.044 MiB, 12.17% gc time)


  0.266385 seconds (735.77 k allocations: 193.044 MiB, 65.00% gc time)


  0.132653 seconds (735.77 k allocations: 193.045 MiB, 22.32% gc time)


  0.129861 seconds (735.76 k allocations: 193.044 MiB, 21.42% gc time)


  0.118153 seconds (735.74 k allocations: 193.043 MiB, 18.22% gc time)


  0.099691 seconds (735.76 k allocations: 193.045 MiB, 9.81% gc time)


  0.096564 seconds (735.75 k allocations: 193.043 MiB, 8.89% gc time)


  0.095115 seconds (735.75 k allocations: 193.043 MiB, 8.26% gc time)


  0.094711 seconds (735.76 k allocations: 193.044 MiB, 8.34% gc time)


  0.095638 seconds (735.74 k allocations: 193.043 MiB, 9.26% gc time)


  0.095662 seconds (735.76 k allocations: 193.044 MiB, 8.48% gc time)


  0.095951 seconds (735.75 k allocations: 193.044 MiB, 8.61% gc time)


Numero de qubits: 57 
Threads (LinearAlgebra) :15
Threads (Julia) :1


  0.108765 seconds (752.67 k allocations: 196.998 MiB, 11.04% gc time)


  0.101156 seconds (752.68 k allocations: 196.999 MiB, 9.91% gc time)


  0.098361 seconds (752.67 k allocations: 196.998 MiB, 8.03% gc time)


  0.097664 seconds (752.66 k allocations: 196.997 MiB, 7.66% gc time)


  0.097953 seconds (752.68 k allocations: 196.999 MiB, 7.70% gc time)


  0.099046 seconds (752.68 k allocations: 196.999 MiB, 8.85% gc time)


  0.098076 seconds (752.67 k allocations: 196.998 MiB, 8.01% gc time)


  0.098100 seconds (752.68 k allocations: 196.999 MiB, 7.93% gc time)


  0.098194 seconds (752.67 k allocations: 196.998 MiB, 7.97% gc time)


  0.099479 seconds (752.67 k allocations: 196.998 MiB, 9.03% gc time)


  0.100426 seconds (752.67 k allocations: 196.998 MiB, 9.49% gc time)


  0.099839 seconds (752.68 k allocations: 196.998 MiB, 9.18% gc time)


  0.099620 seconds (752.66 k allocations: 196.997 MiB, 9.39% gc time)


  0.098684 seconds (752.67 k allocations: 196.998 MiB, 8.08% gc time)


  0.100128 seconds (752.67 k allocations: 196.998 MiB, 9.25% gc time)


  0.100281 seconds (752.68 k allocations: 196.999 MiB, 9.58% gc time)


  0.100650 seconds (752.67 k allocations: 196.998 MiB, 9.50% gc time)


  0.100205 seconds (752.66 k allocations: 196.998 MiB, 9.80% gc time)


  0.100752 seconds (752.68 k allocations: 196.999 MiB, 9.69% gc time)


  0.099668 seconds (752.69 k allocations: 196.999 MiB, 8.71% gc time)


  0.099769 seconds (752.66 k allocations: 196.997 MiB, 8.66% gc time)


Numero de qubits: 58 
Threads (LinearAlgebra) :15
Threads (Julia) :1


  0.111421 seconds (767.55 k allocations: 201.177 MiB, 11.07% gc time)


  0.103014 seconds (767.54 k allocations: 201.178 MiB, 8.91% gc time)


  0.102800 seconds (767.54 k allocations: 201.177 MiB, 8.93% gc time)


  0.103717 seconds (767.53 k allocations: 201.177 MiB, 10.20% gc time)


  0.103776 seconds (767.55 k allocations: 201.178 MiB, 10.02% gc time)


  0.102647 seconds (767.54 k allocations: 201.178 MiB, 9.04% gc time)


  0.102287 seconds (767.55 k allocations: 201.178 MiB, 8.96% gc time)


  0.102353 seconds (767.55 k allocations: 201.178 MiB, 8.95% gc time)


  0.102471 seconds (767.53 k allocations: 201.177 MiB, 8.92% gc time)


  0.102629 seconds (767.53 k allocations: 201.177 MiB, 9.00% gc time)


  0.102229 seconds (767.55 k allocations: 201.178 MiB, 8.90% gc time)


  0.102554 seconds (767.56 k allocations: 201.179 MiB, 9.02% gc time)


  0.103973 seconds (767.54 k allocations: 201.178 MiB, 9.00% gc time)


  0.102534 seconds (767.56 k allocations: 201.178 MiB, 9.06% gc time)


  0.102472 seconds (767.54 k allocations: 201.178 MiB, 8.89% gc time)


  0.104206 seconds (767.54 k allocations: 201.177 MiB, 10.24% gc time)


  0.103749 seconds (767.55 k allocations: 201.178 MiB, 10.24% gc time)


  0.103945 seconds (767.54 k allocations: 201.177 MiB, 10.36% gc time)


  0.103598 seconds (767.53 k allocations: 201.176 MiB, 10.25% gc time)


  0.103937 seconds (767.55 k allocations: 201.178 MiB, 10.56% gc time)


  0.104180 seconds (767.54 k allocations: 201.177 MiB, 10.47% gc time)


Numero de qubits: 59 
Threads (LinearAlgebra) :15
Threads (Julia) :1


  0.135873 seconds (784.63 k allocations: 205.164 MiB, 20.68% gc time)


  0.102504 seconds (784.64 k allocations: 205.165 MiB, 6.83% gc time)


  0.104486 seconds (784.64 k allocations: 205.165 MiB, 8.07% gc time)


  0.108370 seconds (784.62 k allocations: 205.164 MiB, 9.71% gc time)


  0.106782 seconds (784.66 k allocations: 205.166 MiB, 10.78% gc time)


  0.106636 seconds (784.66 k allocations: 205.166 MiB, 10.69% gc time)


  0.105076 seconds (784.65 k allocations: 205.166 MiB, 9.12% gc time)


  0.105167 seconds (784.64 k allocations: 205.165 MiB, 9.40% gc time)


  0.105769 seconds (784.65 k allocations: 205.166 MiB, 9.56% gc time)


  0.105254 seconds (784.66 k allocations: 205.166 MiB, 9.27% gc time)


  0.105694 seconds (784.63 k allocations: 205.165 MiB, 9.44% gc time)


  0.105724 seconds (784.66 k allocations: 205.166 MiB, 9.64% gc time)


  0.105481 seconds (784.62 k allocations: 205.164 MiB, 9.37% gc time)


  0.105704 seconds (784.65 k allocations: 205.166 MiB, 9.54% gc time)


  0.105771 seconds (784.64 k allocations: 205.165 MiB, 9.67% gc time)


  0.105798 seconds (784.63 k allocations: 205.164 MiB, 9.62% gc time)


  0.105658 seconds (784.65 k allocations: 205.166 MiB, 9.60% gc time)


  0.107448 seconds (784.64 k allocations: 205.165 MiB, 11.12% gc time)


  0.107347 seconds (784.66 k allocations: 205.166 MiB, 10.96% gc time)


  0.107559 seconds (784.64 k allocations: 205.165 MiB, 11.06% gc time)


  0.107408 seconds (784.65 k allocations: 205.166 MiB, 11.26% gc time)


Numero de qubits: 60 
Threads (LinearAlgebra) :15
Threads (Julia) :1


  0.117218 seconds (799.60 k allocations: 209.254 MiB, 11.16% gc time)


  0.108178 seconds (799.61 k allocations: 209.254 MiB, 9.24% gc time)


  0.110584 seconds (799.60 k allocations: 209.254 MiB, 11.50% gc time)


  0.109809 seconds (799.61 k allocations: 209.254 MiB, 11.43% gc time)


  0.110136 seconds (799.60 k allocations: 209.254 MiB, 11.45% gc time)


  0.109825 seconds (799.61 k allocations: 209.254 MiB, 11.34% gc time)


  0.110382 seconds (799.62 k allocations: 209.255 MiB, 11.53% gc time)


  0.110571 seconds (799.61 k allocations: 209.255 MiB, 11.52% gc time)


  0.110561 seconds (799.61 k allocations: 209.255 MiB, 11.41% gc time)


  0.110733 seconds (799.60 k allocations: 209.254 MiB, 11.59% gc time)


  0.108618 seconds (799.61 k allocations: 209.254 MiB, 9.86% gc time)


  0.109105 seconds (799.61 k allocations: 209.254 MiB, 10.28% gc time)


  0.108907 seconds (799.60 k allocations: 209.254 MiB, 10.26% gc time)


  0.108625 seconds (799.60 k allocations: 209.254 MiB, 10.01% gc time)


  0.273351 seconds (799.61 k allocations: 209.254 MiB, 63.04% gc time)


  0.144608 seconds (799.61 k allocations: 209.254 MiB, 22.76% gc time)


  0.161400 seconds (799.60 k allocations: 209.253 MiB, 30.43% gc time)


  0.119417 seconds (799.61 k allocations: 209.254 MiB, 14.37% gc time)


  0.103033 seconds (799.60 k allocations: 209.254 MiB, 6.77% gc time)


  0.103029 seconds (799.61 k allocations: 209.254 MiB, 7.89% gc time)


  0.102530 seconds (799.59 k allocations: 209.253 MiB, 7.99% gc time)


