Numero de qubits: 20 
Threads (LinearAlgebra) :15
Threads (Julia) :1


 79.918123 seconds (89.15 M allocations: 52.234 GiB, 12.41% gc time, 26.46% compilation time)


 48.609205 seconds (1.23 M allocations: 47.876 GiB, 18.04% gc time)


 48.946310 seconds (1.23 M allocations: 47.865 GiB, 17.76% gc time)


 49.314782 seconds (1.23 M allocations: 47.855 GiB, 17.47% gc time)


 54.269363 seconds (3.87 M allocations: 48.004 GiB, 15.90% gc time, 1.06% compilation time)


 61.185888 seconds (1.23 M allocations: 47.855 GiB, 15.72% gc time)


 57.004497 seconds (1.23 M allocations: 47.855 GiB, 15.21% gc time)


 47.732583 seconds (1.23 M allocations: 47.876 GiB, 17.05% gc time)


 48.631154 seconds (1.23 M allocations: 47.865 GiB, 17.74% gc time)


 49.663079 seconds (2.47 M allocations: 47.917 GiB, 17.11% gc time, 1.11% compilation time)


 47.845980 seconds (1.23 M allocations: 47.876 GiB, 17.45% gc time)


 47.964256 seconds (1.23 M allocations: 47.876 GiB, 17.12% gc time)


 48.291486 seconds (1.23 M allocations: 47.865 GiB, 17.34% gc time)


 48.168491 seconds (1.23 M allocations: 47.865 GiB, 17.12% gc time)


 56.774685 seconds (1.23 M allocations: 47.855 GiB, 15.31% gc time)


 55.859875 seconds (1.23 M allocations: 47.867 GiB, 15.39% gc time)


 56.694238 seconds (1.23 M allocations: 47.855 GiB, 15.22% gc time)


 54.284914 seconds (1.23 M allocations: 47.886 GiB, 15.72% gc time)


 53.260537 seconds (1.23 M allocations: 47.876 GiB, 16.00% gc time)


 48.397006 seconds (1.23 M allocations: 47.865 GiB, 16.98% gc time)


 48.623698 seconds (1.23 M allocations: 47.865 GiB, 17.27% gc time)


Numero de qubits: 21 
Threads (LinearAlgebra) :15
Threads (Julia) :1


 81.751957 seconds (1.30 M allocations: 78.556 GiB, 15.73% gc time)


 83.115689 seconds (1.30 M allocations: 78.556 GiB, 15.77% gc time)


 82.152581 seconds (1.30 M allocations: 78.556 GiB, 15.88% gc time)


 82.079274 seconds (1.30 M allocations: 78.556 GiB, 15.54% gc time)


 93.822270 seconds (1.30 M allocations: 78.556 GiB, 13.98% gc time)


 94.858229 seconds (1.30 M allocations: 78.556 GiB, 13.74% gc time)


 96.707850 seconds (1.30 M allocations: 78.556 GiB, 13.74% gc time)


100.410005 seconds (1.30 M allocations: 78.556 GiB, 13.47% gc time)


101.035102 seconds (1.30 M allocations: 78.556 GiB, 13.51% gc time)


102.002508 seconds (1.30 M allocations: 78.556 GiB, 13.53% gc time)


 81.962310 seconds (1.30 M allocations: 78.556 GiB, 15.80% gc time)


 97.852643 seconds (1.30 M allocations: 78.556 GiB, 13.56% gc time)


 99.105936 seconds (1.30 M allocations: 78.556 GiB, 13.34% gc time)


100.193097 seconds (1.30 M allocations: 78.556 GiB, 13.29% gc time)


 98.435156 seconds (1.30 M allocations: 78.556 GiB, 13.41% gc time)


 99.095058 seconds (1.30 M allocations: 78.556 GiB, 13.50% gc time)


108.042617 seconds (1.30 M allocations: 78.556 GiB, 15.73% gc time)


103.088908 seconds (1.30 M allocations: 78.556 GiB, 15.54% gc time)


108.686608 seconds (1.30 M allocations: 78.556 GiB, 14.58% gc time)


105.492413 seconds (1.30 M allocations: 78.556 GiB, 13.43% gc time)


103.502224 seconds (1.30 M allocations: 78.556 GiB, 12.84% gc time)


