Numero de qubits: 100 
Dimension max: 100 
Threads (LinearAlgebra) :15
Threads (Julia) :1


-99.0After sweep 1 energy=-126.83458341353801  maxlinkdim=4 maxerr=0.00E+00 time=9.547
After sweep 1 energy=-126.9230774639686  maxlinkdim=16 maxerr=0.00E+00 time=0.067
After sweep 1 energy=-126.93309635145717  maxlinkdim=51 maxerr=9.98E-16 time=0.398
After sweep 1 energy=-126.93867170915522  maxlinkdim=100 maxerr=1.64E-14 time=1.218
After sweep 1 energy=-126.94292121796026  maxlinkdim=100 maxerr=4.11E-13 time=2.168
After sweep 1 energy=-126.94616786787013  maxlinkdim=100 maxerr=3.97E-13 time=2.047
After sweep 1 energy=-126.94870502801973  maxlinkdim=100 maxerr=4.51E-13 time=2.039
After sweep 1 energy=-126.950793469097  maxlinkdim=100 maxerr=4.68E-13 time=1.990
After sweep 1 energy=-126.95258445881387  maxlinkdim=100 maxerr=5.83E-13 time=2.116
After sweep 1 energy=-126.95427904998803  maxlinkdim=100 maxerr=4.32E-13 time=1.993
-99.0After sweep 1 energy=-126.83458341353801  maxlinkdim=4 maxerr=0.00E+00 time=0.035
After sweep 1 energy=-126.9230774639686  maxlinkdim=16 maxerr=0.00E+00 time=0.051
After sweep 1 energy=-126.93309635145717  maxlinkdim=51 maxerr=9.98E-16 time=0.329
After sweep 1 energy=-126.93867170915522  maxlinkdim=100 maxerr=1.64E-14 time=1.180
After sweep 1 energy=-126.94292121796026  maxlinkdim=100 maxerr=4.11E-13 time=2.115
After sweep 1 energy=-126.94616786787013  maxlinkdim=100 maxerr=3.97E-13 time=2.035
After sweep 1 energy=-126.94870502801973  maxlinkdim=100 maxerr=4.51E-13 time=2.137
After sweep 1 energy=-126.950793469097  maxlinkdim=100 maxerr=4.68E-13 time=2.140
After sweep 1 energy=-126.95258445881387  maxlinkdim=100 maxerr=5.83E-13 time=2.013
After sweep 1 energy=-126.95427904998803  maxlinkdim=100 maxerr=4.32E-13 time=1.943
-99.0After sweep 1 energy=-126.83458341353801  maxlinkdim=4 maxerr=0.00E+00 time=0.036
After sweep 1 energy=-126.9230774639686  maxlinkdim=16 maxerr=0.00E+00 time=0.051
After sweep 1 energy=-126.93309635145717  maxlinkdim=51 maxerr=9.98E-16 time=0.203
After sweep 1 energy=-126.93867170915522  maxlinkdim=100 maxerr=1.64E-14 time=1.187
After sweep 1 energy=-126.94292121796026  maxlinkdim=100 maxerr=4.11E-13 time=1.926
After sweep 1 energy=-126.94616786787013  maxlinkdim=100 maxerr=3.97E-13 time=2.119
After sweep 1 energy=-126.94870502801973  maxlinkdim=100 maxerr=4.51E-13 time=2.206
After sweep 1 energy=-126.950793469097  maxlinkdim=100 maxerr=4.68E-13 time=1.998
After sweep 1 energy=-126.95258445881387  maxlinkdim=100 maxerr=5.83E-13 time=2.013
After sweep 1 energy=-126.95427904998803  maxlinkdim=100 maxerr=4.32E-13 time=2.086
-99.0After sweep 1 energy=-126.83458341353801  maxlinkdim=4 maxerr=0.00E+00 time=0.036
After sweep 1 energy=-126.9230774639686  maxlinkdim=16 maxerr=0.00E+00 time=0.056
After sweep 1 energy=-126.93309635145717  maxlinkdim=51 maxerr=9.98E-16 time=0.206
After sweep 1 energy=-126.93867170915522  maxlinkdim=100 maxerr=1.64E-14 time=1.147
After sweep 1 energy=-126.94292121796026  maxlinkdim=100 maxerr=4.11E-13 time=2.001
After sweep 1 energy=-126.94616786787013  maxlinkdim=100 maxerr=3.97E-13 time=2.009
After sweep 1 energy=-126.94870502801973  maxlinkdim=100 maxerr=4.51E-13 time=1.938
After sweep 1 energy=-126.950793469097  maxlinkdim=100 maxerr=4.68E-13 time=2.089
After sweep 1 energy=-126.95258445881387  maxlinkdim=100 maxerr=5.83E-13 time=2.106
After sweep 1 energy=-126.95427904998803  maxlinkdim=100 maxerr=4.32E-13 time=1.922
-99.0After sweep 1 energy=-126.83458341353801  maxlinkdim=4 maxerr=0.00E+00 time=0.039
After sweep 1 energy=-126.9230774639686  maxlinkdim=16 maxerr=0.00E+00 time=0.053
After sweep 1 energy=-126.93309635145717  maxlinkdim=51 maxerr=9.98E-16 time=0.205
After sweep 1 energy=-126.93867170915522  maxlinkdim=100 maxerr=1.64E-14 time=1.178
After sweep 1 energy=-126.94292121796026  maxlinkdim=100 maxerr=4.11E-13 time=1.883
After sweep 1 energy=-126.94616786787013  maxlinkdim=100 maxerr=3.97E-13 time=2.053
After sweep 1 energy=-126.94870502801973  maxlinkdim=100 maxerr=4.51E-13 time=2.096
After sweep 1 energy=-126.950793469097  maxlinkdim=100 maxerr=4.68E-13 time=1.995
After sweep 1 energy=-126.95258445881387  maxlinkdim=100 maxerr=5.83E-13 time=1.926
After sweep 1 energy=-126.95427904998803  maxlinkdim=100 maxerr=4.32E-13 time=1.893
-99.0After sweep 1 energy=-126.83458341353801  maxlinkdim=4 maxerr=0.00E+00 time=0.036
After sweep 1 energy=-126.9230774639686  maxlinkdim=16 maxerr=0.00E+00 time=0.050
After sweep 1 energy=-126.93309635145717  maxlinkdim=51 maxerr=9.98E-16 time=0.204
After sweep 1 energy=-126.93867170915522  maxlinkdim=100 maxerr=1.64E-14 time=1.160
After sweep 1 energy=-126.94292121796026  maxlinkdim=100 maxerr=4.11E-13 time=2.008
After sweep 1 energy=-126.94616786787013  maxlinkdim=100 maxerr=3.97E-13 time=2.122
After sweep 1 energy=-126.94870502801973  maxlinkdim=100 maxerr=4.51E-13 time=1.994
After sweep 1 energy=-126.950793469097  maxlinkdim=100 maxerr=4.68E-13 time=1.945
After sweep 1 energy=-126.95258445881387  maxlinkdim=100 maxerr=5.83E-13 time=1.996
After sweep 1 energy=-126.95427904998803  maxlinkdim=100 maxerr=4.32E-13 time=2.085
-99.0After sweep 1 energy=-126.83458341353801  maxlinkdim=4 maxerr=0.00E+00 time=0.038
After sweep 1 energy=-126.9230774639686  maxlinkdim=16 maxerr=0.00E+00 time=0.064
After sweep 1 energy=-126.93309635145717  maxlinkdim=51 maxerr=9.98E-16 time=0.197
After sweep 1 energy=-126.93867170915522  maxlinkdim=100 maxerr=1.64E-14 time=1.151
After sweep 1 energy=-126.94292121796026  maxlinkdim=100 maxerr=4.11E-13 time=1.908
After sweep 1 energy=-126.94616786787013  maxlinkdim=100 maxerr=3.97E-13 time=1.945
After sweep 1 energy=-126.94870502801973  maxlinkdim=100 maxerr=4.51E-13 time=2.052
After sweep 1 energy=-126.950793469097  maxlinkdim=100 maxerr=4.68E-13 time=2.078
After sweep 1 energy=-126.95258445881387  maxlinkdim=100 maxerr=5.83E-13 time=1.983
After sweep 1 energy=-126.95427904998803  maxlinkdim=100 maxerr=4.32E-13 time=1.841
-99.0After sweep 1 energy=-126.83458341353801  maxlinkdim=4 maxerr=0.00E+00 time=0.038
After sweep 1 energy=-126.9230774639686  maxlinkdim=16 maxerr=0.00E+00 time=0.050
After sweep 1 energy=-126.93309635145717  maxlinkdim=51 maxerr=9.98E-16 time=0.203
After sweep 1 energy=-126.93867170915522  maxlinkdim=100 maxerr=1.64E-14 time=1.164
After sweep 1 energy=-126.94292121796026  maxlinkdim=100 maxerr=4.11E-13 time=1.796
After sweep 1 energy=-126.94616786787013  maxlinkdim=100 maxerr=3.97E-13 time=2.093
After sweep 1 energy=-126.94870502801973  maxlinkdim=100 maxerr=4.51E-13 time=1.995
After sweep 1 energy=-126.950793469097  maxlinkdim=100 maxerr=4.68E-13 time=1.936
After sweep 1 energy=-126.95258445881387  maxlinkdim=100 maxerr=5.83E-13 time=2.093
After sweep 1 energy=-126.95427904998803  maxlinkdim=100 maxerr=4.32E-13 time=2.083
-99.0After sweep 1 energy=-126.83458341353801  maxlinkdim=4 maxerr=0.00E+00 time=0.039
After sweep 1 energy=-126.9230774639686  maxlinkdim=16 maxerr=0.00E+00 time=0.067
After sweep 1 energy=-126.93309635145717  maxlinkdim=51 maxerr=9.98E-16 time=0.192
After sweep 1 energy=-126.93867170915522  maxlinkdim=100 maxerr=1.64E-14 time=1.116
After sweep 1 energy=-126.94292121796026  maxlinkdim=100 maxerr=4.11E-13 time=1.877
After sweep 1 energy=-126.94616786787013  maxlinkdim=100 maxerr=3.97E-13 time=1.958
After sweep 1 energy=-126.94870502801973  maxlinkdim=100 maxerr=4.51E-13 time=2.069
After sweep 1 energy=-126.950793469097  maxlinkdim=100 maxerr=4.68E-13 time=2.079
After sweep 1 energy=-126.95258445881387  maxlinkdim=100 maxerr=5.83E-13 time=1.965
After sweep 1 energy=-126.95427904998803  maxlinkdim=100 maxerr=4.32E-13 time=1.914
-99.0After sweep 1 energy=-126.83458341353801  maxlinkdim=4 maxerr=0.00E+00 time=0.039
After sweep 1 energy=-126.9230774639686  maxlinkdim=16 maxerr=0.00E+00 time=0.049
After sweep 1 energy=-126.93309635145717  maxlinkdim=51 maxerr=9.98E-16 time=0.204
After sweep 1 energy=-126.93867170915522  maxlinkdim=100 maxerr=1.64E-14 time=1.167
After sweep 1 energy=-126.94292121796026  maxlinkdim=100 maxerr=4.11E-13 time=1.807
After sweep 1 energy=-126.94616786787013  maxlinkdim=100 maxerr=3.97E-13 time=2.106
After sweep 1 energy=-126.94870502801973  maxlinkdim=100 maxerr=4.51E-13 time=2.008
After sweep 1 energy=-126.950793469097  maxlinkdim=100 maxerr=4.68E-13 time=1.966
After sweep 1 energy=-126.95258445881387  maxlinkdim=100 maxerr=5.83E-13 time=2.048
After sweep 1 energy=-126.95427904998803  maxlinkdim=100 maxerr=4.32E-13 time=2.074
Numero de qubits: 100 
Dimension max: 200 
Threads (LinearAlgebra) :15
Threads (Julia) :1


-99.0After sweep 1 energy=-126.83458341353801  maxlinkdim=4 maxerr=0.00E+00 time=0.037
After sweep 1 energy=-126.9230774639686  maxlinkdim=16 maxerr=0.00E+00 time=0.055
After sweep 1 energy=-126.93309635145717  maxlinkdim=51 maxerr=9.98E-16 time=0.208
After sweep 1 energy=-126.93867088815098  maxlinkdim=121 maxerr=9.99E-16 time=1.213
After sweep 1 energy=-126.94288078563237  maxlinkdim=200 maxerr=1.83E-14 time=4.301
After sweep 1 energy=-126.94619380439708  maxlinkdim=200 maxerr=1.83E-13 time=6.362
After sweep 1 energy=-126.94872478550454  maxlinkdim=200 maxerr=1.68E-13 time=6.928
After sweep 1 energy=-126.95079110334858  maxlinkdim=200 maxerr=1.56E-13 time=6.833
After sweep 1 energy=-126.95259494265194  maxlinkdim=200 maxerr=1.42E-13 time=6.691
After sweep 1 energy=-126.954255940848  maxlinkdim=200 maxerr=1.28E-13 time=6.762
-99.0After sweep 1 energy=-126.83458341353801  maxlinkdim=4 maxerr=0.00E+00 time=0.040
After sweep 1 energy=-126.9230774639686  maxlinkdim=16 maxerr=0.00E+00 time=0.064
After sweep 1 energy=-126.93309635145717  maxlinkdim=51 maxerr=9.98E-16 time=0.192
After sweep 1 energy=-126.93867088815098  maxlinkdim=121 maxerr=9.99E-16 time=1.196
After sweep 1 energy=-126.94288078563237  maxlinkdim=200 maxerr=1.83E-14 time=3.976
After sweep 1 energy=-126.94619380439708  maxlinkdim=200 maxerr=1.83E-13 time=6.235
After sweep 1 energy=-126.94872478550454  maxlinkdim=200 maxerr=1.68E-13 time=6.770
After sweep 1 energy=-126.95079110334858  maxlinkdim=200 maxerr=1.56E-13 time=6.726
After sweep 1 energy=-126.95259494265194  maxlinkdim=200 maxerr=1.42E-13 time=6.902
After sweep 1 energy=-126.954255940848  maxlinkdim=200 maxerr=1.28E-13 time=6.731
-99.0After sweep 1 energy=-126.83458341353801  maxlinkdim=4 maxerr=0.00E+00 time=0.036
After sweep 1 energy=-126.9230774639686  maxlinkdim=16 maxerr=0.00E+00 time=0.050
After sweep 1 energy=-126.93309635145717  maxlinkdim=51 maxerr=9.98E-16 time=0.322
After sweep 1 energy=-126.93867088815098  maxlinkdim=121 maxerr=9.99E-16 time=1.154
After sweep 1 energy=-126.94288078563237  maxlinkdim=200 maxerr=1.83E-14 time=4.018
After sweep 1 energy=-126.94619380439708  maxlinkdim=200 maxerr=1.83E-13 time=6.328
After sweep 1 energy=-126.94872478550454  maxlinkdim=200 maxerr=1.68E-13 time=6.655
After sweep 1 energy=-126.95079110334858  maxlinkdim=200 maxerr=1.56E-13 time=6.865
After sweep 1 energy=-126.95259494265194  maxlinkdim=200 maxerr=1.42E-13 time=6.793
After sweep 1 energy=-126.954255940848  maxlinkdim=200 maxerr=1.28E-13 time=6.671
-99.0After sweep 1 energy=-126.83458341353801  maxlinkdim=4 maxerr=0.00E+00 time=0.039
After sweep 1 energy=-126.9230774639686  maxlinkdim=16 maxerr=0.00E+00 time=0.052
After sweep 1 energy=-126.93309635145717  maxlinkdim=51 maxerr=9.98E-16 time=0.316
After sweep 1 energy=-126.93867088815098  maxlinkdim=121 maxerr=9.99E-16 time=1.150
After sweep 1 energy=-126.94288078563237  maxlinkdim=200 maxerr=1.83E-14 time=3.990
After sweep 1 energy=-126.94619380439708  maxlinkdim=200 maxerr=1.83E-13 time=6.238
After sweep 1 energy=-126.94872478550454  maxlinkdim=200 maxerr=1.68E-13 time=6.677
After sweep 1 energy=-126.95079110334858  maxlinkdim=200 maxerr=1.56E-13 time=7.145
After sweep 1 energy=-126.95259494265194  maxlinkdim=200 maxerr=1.42E-13 time=6.998
After sweep 1 energy=-126.954255940848  maxlinkdim=200 maxerr=1.28E-13 time=6.831
-99.0After sweep 1 energy=-126.83458341353801  maxlinkdim=4 maxerr=0.00E+00 time=0.038
After sweep 1 energy=-126.9230774639686  maxlinkdim=16 maxerr=0.00E+00 time=0.047
After sweep 1 energy=-126.93309635145717  maxlinkdim=51 maxerr=9.98E-16 time=0.201
After sweep 1 energy=-126.93867088815098  maxlinkdim=121 maxerr=9.99E-16 time=1.310
After sweep 1 energy=-126.94288078563237  maxlinkdim=200 maxerr=1.83E-14 time=3.996
After sweep 1 energy=-126.94619380439708  maxlinkdim=200 maxerr=1.83E-13 time=6.280
After sweep 1 energy=-126.94872478550454  maxlinkdim=200 maxerr=1.68E-13 time=6.683
After sweep 1 energy=-126.95079110334858  maxlinkdim=200 maxerr=1.56E-13 time=6.696
After sweep 1 energy=-126.95259494265194  maxlinkdim=200 maxerr=1.42E-13 time=6.834
After sweep 1 energy=-126.954255940848  maxlinkdim=200 maxerr=1.28E-13 time=6.691
-99.0After sweep 1 energy=-126.83458341353801  maxlinkdim=4 maxerr=0.00E+00 time=0.040
After sweep 1 energy=-126.9230774639686  maxlinkdim=16 maxerr=0.00E+00 time=0.051
After sweep 1 energy=-126.93309635145717  maxlinkdim=51 maxerr=9.98E-16 time=0.193
After sweep 1 energy=-126.93867088815098  maxlinkdim=121 maxerr=9.99E-16 time=1.185
After sweep 1 energy=-126.94288078563237  maxlinkdim=200 maxerr=1.83E-14 time=3.883
After sweep 1 energy=-126.94619380439708  maxlinkdim=200 maxerr=1.83E-13 time=6.294
After sweep 1 energy=-126.94872478550454  maxlinkdim=200 maxerr=1.68E-13 time=6.656
After sweep 1 energy=-126.95079110334858  maxlinkdim=200 maxerr=1.56E-13 time=6.850
After sweep 1 energy=-126.95259494265194  maxlinkdim=200 maxerr=1.42E-13 time=6.822
After sweep 1 energy=-126.954255940848  maxlinkdim=200 maxerr=1.28E-13 time=6.670
-99.0After sweep 1 energy=-126.83458341353801  maxlinkdim=4 maxerr=0.00E+00 time=0.036
After sweep 1 energy=-126.9230774639686  maxlinkdim=16 maxerr=0.00E+00 time=0.049
After sweep 1 energy=-126.93309635145717  maxlinkdim=51 maxerr=9.98E-16 time=0.200
After sweep 1 energy=-126.93867088815098  maxlinkdim=121 maxerr=9.99E-16 time=1.150
After sweep 1 energy=-126.94288078563237  maxlinkdim=200 maxerr=1.83E-14 time=3.976
After sweep 1 energy=-126.94619380439708  maxlinkdim=200 maxerr=1.83E-13 time=6.223
After sweep 1 energy=-126.94872478550454  maxlinkdim=200 maxerr=1.68E-13 time=6.659
After sweep 1 energy=-126.95079110334858  maxlinkdim=200 maxerr=1.56E-13 time=6.879
After sweep 1 energy=-126.95259494265194  maxlinkdim=200 maxerr=1.42E-13 time=6.818
After sweep 1 energy=-126.954255940848  maxlinkdim=200 maxerr=1.28E-13 time=6.663
-99.0After sweep 1 energy=-126.83458341353801  maxlinkdim=4 maxerr=0.00E+00 time=0.039
After sweep 1 energy=-126.9230774639686  maxlinkdim=16 maxerr=0.00E+00 time=0.052
After sweep 1 energy=-126.93309635145717  maxlinkdim=51 maxerr=9.98E-16 time=0.324
After sweep 1 energy=-126.93867088815098  maxlinkdim=121 maxerr=9.99E-16 time=1.148
After sweep 1 energy=-126.94288078563237  maxlinkdim=200 maxerr=1.83E-14 time=3.991
After sweep 1 energy=-126.94619380439708  maxlinkdim=200 maxerr=1.83E-13 time=6.220
After sweep 1 energy=-126.94872478550454  maxlinkdim=200 maxerr=1.68E-13 time=6.627
After sweep 1 energy=-126.95079110334858  maxlinkdim=200 maxerr=1.56E-13 time=6.701
After sweep 1 energy=-126.95259494265194  maxlinkdim=200 maxerr=1.42E-13 time=6.868
After sweep 1 energy=-126.954255940848  maxlinkdim=200 maxerr=1.28E-13 time=6.846
-99.0After sweep 1 energy=-126.83458341353801  maxlinkdim=4 maxerr=0.00E+00 time=0.037
After sweep 1 energy=-126.9230774639686  maxlinkdim=16 maxerr=0.00E+00 time=0.057
After sweep 1 energy=-126.93309635145717  maxlinkdim=51 maxerr=9.98E-16 time=0.193
After sweep 1 energy=-126.93867088815098  maxlinkdim=121 maxerr=9.99E-16 time=1.186
After sweep 1 energy=-126.94288078563237  maxlinkdim=200 maxerr=1.83E-14 time=3.972
After sweep 1 energy=-126.94619380439708  maxlinkdim=200 maxerr=1.83E-13 time=6.237
After sweep 1 energy=-126.94872478550454  maxlinkdim=200 maxerr=1.68E-13 time=6.747
After sweep 1 energy=-126.95079110334858  maxlinkdim=200 maxerr=1.56E-13 time=6.701
After sweep 1 energy=-126.95259494265194  maxlinkdim=200 maxerr=1.42E-13 time=6.838
After sweep 1 energy=-126.954255940848  maxlinkdim=200 maxerr=1.28E-13 time=6.722
-99.0After sweep 1 energy=-126.83458341353801  maxlinkdim=4 maxerr=0.00E+00 time=0.036
After sweep 1 energy=-126.9230774639686  maxlinkdim=16 maxerr=0.00E+00 time=0.050
After sweep 1 energy=-126.93309635145717  maxlinkdim=51 maxerr=9.98E-16 time=0.192
After sweep 1 energy=-126.93867088815098  maxlinkdim=121 maxerr=9.99E-16 time=1.165
After sweep 1 energy=-126.94288078563237  maxlinkdim=200 maxerr=1.83E-14 time=3.975
After sweep 1 energy=-126.94619380439708  maxlinkdim=200 maxerr=1.83E-13 time=6.272
After sweep 1 energy=-126.94872478550454  maxlinkdim=200 maxerr=1.68E-13 time=6.652
After sweep 1 energy=-126.95079110334858  maxlinkdim=200 maxerr=1.56E-13 time=6.730
After sweep 1 energy=-126.95259494265194  maxlinkdim=200 maxerr=1.42E-13 time=6.797
After sweep 1 energy=-126.954255940848  maxlinkdim=200 maxerr=1.28E-13 time=6.745
Numero de qubits: 100 
Dimension max: 300 
Threads (LinearAlgebra) :15
Threads (Julia) :1


-99.0After sweep 1 energy=-126.83458341353801  maxlinkdim=4 maxerr=0.00E+00 time=0.041
After sweep 1 energy=-126.9230774639686  maxlinkdim=16 maxerr=0.00E+00 time=0.050
After sweep 1 energy=-126.93309635145717  maxlinkdim=51 maxerr=9.98E-16 time=0.194
After sweep 1 energy=-126.93867088815098  maxlinkdim=121 maxerr=9.99E-16 time=1.197
After sweep 1 energy=-126.9428880813356  maxlinkdim=252 maxerr=1.00E-15 time=4.263
After sweep 1 energy=-126.94612953517036  maxlinkdim=300 maxerr=7.38E-14 time=10.676
After sweep 1 energy=-126.94869772229497  maxlinkdim=300 maxerr=1.01E-13 time=13.140
After sweep 1 energy=-126.9507937286324  maxlinkdim=300 maxerr=1.27E-13 time=13.466
After sweep 1 energy=-126.95261848620245  maxlinkdim=300 maxerr=9.99E-14 time=13.672
After sweep 1 energy=-126.95428732983262  maxlinkdim=300 maxerr=8.32E-14 time=13.709
-99.0After sweep 1 energy=-126.83458341353801  maxlinkdim=4 maxerr=0.00E+00 time=0.044
After sweep 1 energy=-126.9230774639686  maxlinkdim=16 maxerr=0.00E+00 time=0.059
After sweep 1 energy=-126.93309635145717  maxlinkdim=51 maxerr=9.98E-16 time=0.183
After sweep 1 energy=-126.93867088815098  maxlinkdim=121 maxerr=9.99E-16 time=1.072
After sweep 1 energy=-126.9428880813356  maxlinkdim=252 maxerr=1.00E-15 time=4.376
After sweep 1 energy=-126.94612953517036  maxlinkdim=300 maxerr=7.38E-14 time=10.502
After sweep 1 energy=-126.94869772229497  maxlinkdim=300 maxerr=1.01E-13 time=13.011
After sweep 1 energy=-126.9507937286324  maxlinkdim=300 maxerr=1.27E-13 time=13.743
After sweep 1 energy=-126.95261848620245  maxlinkdim=300 maxerr=9.99E-14 time=13.824
After sweep 1 energy=-126.95428732983262  maxlinkdim=300 maxerr=8.32E-14 time=14.062
-99.0After sweep 1 energy=-126.83458341353801  maxlinkdim=4 maxerr=0.00E+00 time=0.044
After sweep 1 energy=-126.9230774639686  maxlinkdim=16 maxerr=0.00E+00 time=0.061
After sweep 1 energy=-126.93309635145717  maxlinkdim=51 maxerr=9.98E-16 time=0.186
After sweep 1 energy=-126.93867088815098  maxlinkdim=121 maxerr=9.99E-16 time=1.068
After sweep 1 energy=-126.9428880813356  maxlinkdim=252 maxerr=1.00E-15 time=4.284
After sweep 1 energy=-126.94612953517036  maxlinkdim=300 maxerr=7.38E-14 time=10.485
After sweep 1 energy=-126.94869772229497  maxlinkdim=300 maxerr=1.01E-13 time=13.061
After sweep 1 energy=-126.9507937286324  maxlinkdim=300 maxerr=1.27E-13 time=13.972
After sweep 1 energy=-126.95261848620245  maxlinkdim=300 maxerr=9.99E-14 time=14.005
After sweep 1 energy=-126.95428732983262  maxlinkdim=300 maxerr=8.32E-14 time=14.126
-99.0After sweep 1 energy=-126.83458341353801  maxlinkdim=4 maxerr=0.00E+00 time=0.040
After sweep 1 energy=-126.9230774639686  maxlinkdim=16 maxerr=0.00E+00 time=0.070
After sweep 1 energy=-126.93309635145717  maxlinkdim=51 maxerr=9.98E-16 time=0.185
After sweep 1 energy=-126.93867088815098  maxlinkdim=121 maxerr=9.99E-16 time=1.072
After sweep 1 energy=-126.9428880813356  maxlinkdim=252 maxerr=1.00E-15 time=4.397
After sweep 1 energy=-126.94612953517036  maxlinkdim=300 maxerr=7.38E-14 time=10.547
After sweep 1 energy=-126.94869772229497  maxlinkdim=300 maxerr=1.01E-13 time=13.166
After sweep 1 energy=-126.9507937286324  maxlinkdim=300 maxerr=1.27E-13 time=13.935
After sweep 1 energy=-126.95261848620245  maxlinkdim=300 maxerr=9.99E-14 time=14.107
After sweep 1 energy=-126.95428732983262  maxlinkdim=300 maxerr=8.32E-14 time=14.234
-99.0After sweep 1 energy=-126.83458341353801  maxlinkdim=4 maxerr=0.00E+00 time=0.074
After sweep 1 energy=-126.9230774639686  maxlinkdim=16 maxerr=0.00E+00 time=0.181
After sweep 1 energy=-126.93309635145717  maxlinkdim=51 maxerr=9.98E-16 time=0.191
After sweep 1 energy=-126.93867088815098  maxlinkdim=121 maxerr=9.99E-16 time=1.180
After sweep 1 energy=-126.9428880813356  maxlinkdim=252 maxerr=1.00E-15 time=4.590
After sweep 1 energy=-126.94612953517036  maxlinkdim=300 maxerr=7.38E-14 time=10.710
After sweep 1 energy=-126.94869772229497  maxlinkdim=300 maxerr=1.01E-13 time=13.123
After sweep 1 energy=-126.9507937286324  maxlinkdim=300 maxerr=1.27E-13 time=13.819
After sweep 1 energy=-126.95261848620245  maxlinkdim=300 maxerr=9.99E-14 time=14.032
After sweep 1 energy=-126.95428732983262  maxlinkdim=300 maxerr=8.32E-14 time=14.257
-99.0After sweep 1 energy=-126.83458341353801  maxlinkdim=4 maxerr=0.00E+00 time=0.038
After sweep 1 energy=-126.9230774639686  maxlinkdim=16 maxerr=0.00E+00 time=0.066
After sweep 1 energy=-126.93309635145717  maxlinkdim=51 maxerr=9.98E-16 time=0.192
After sweep 1 energy=-126.93867088815098  maxlinkdim=121 maxerr=9.99E-16 time=1.121
After sweep 1 energy=-126.9428880813356  maxlinkdim=252 maxerr=1.00E-15 time=4.450
After sweep 1 energy=-126.94612953517036  maxlinkdim=300 maxerr=7.38E-14 time=10.538
After sweep 1 energy=-126.94869772229497  maxlinkdim=300 maxerr=1.01E-13 time=13.047
After sweep 1 energy=-126.9507937286324  maxlinkdim=300 maxerr=1.27E-13 time=13.938
After sweep 1 energy=-126.95261848620245  maxlinkdim=300 maxerr=9.99E-14 time=14.080
After sweep 1 energy=-126.95428732983262  maxlinkdim=300 maxerr=8.32E-14 time=14.156
-99.0After sweep 1 energy=-126.83458341353801  maxlinkdim=4 maxerr=0.00E+00 time=0.039
After sweep 1 energy=-126.9230774639686  maxlinkdim=16 maxerr=0.00E+00 time=0.071
After sweep 1 energy=-126.93309635145717  maxlinkdim=51 maxerr=9.98E-16 time=0.184
After sweep 1 energy=-126.93867088815098  maxlinkdim=121 maxerr=9.99E-16 time=1.073
After sweep 1 energy=-126.9428880813356  maxlinkdim=252 maxerr=1.00E-15 time=4.359
After sweep 1 energy=-126.94612953517036  maxlinkdim=300 maxerr=7.38E-14 time=10.521
After sweep 1 energy=-126.94869772229497  maxlinkdim=300 maxerr=1.01E-13 time=13.087
After sweep 1 energy=-126.9507937286324  maxlinkdim=300 maxerr=1.27E-13 time=13.909
After sweep 1 energy=-126.95261848620245  maxlinkdim=300 maxerr=9.99E-14 time=13.997
After sweep 1 energy=-126.95428732983262  maxlinkdim=300 maxerr=8.32E-14 time=14.074
-99.0After sweep 1 energy=-126.83458341353801  maxlinkdim=4 maxerr=0.00E+00 time=0.045
After sweep 1 energy=-126.9230774639686  maxlinkdim=16 maxerr=0.00E+00 time=0.065
After sweep 1 energy=-126.93309635145717  maxlinkdim=51 maxerr=9.98E-16 time=0.181
After sweep 1 energy=-126.93867088815098  maxlinkdim=121 maxerr=9.99E-16 time=1.066
After sweep 1 energy=-126.9428880813356  maxlinkdim=252 maxerr=1.00E-15 time=4.263
After sweep 1 energy=-126.94612953517036  maxlinkdim=300 maxerr=7.38E-14 time=10.563
After sweep 1 energy=-126.94869772229497  maxlinkdim=300 maxerr=1.01E-13 time=13.039
After sweep 1 energy=-126.9507937286324  maxlinkdim=300 maxerr=1.27E-13 time=13.886
After sweep 1 energy=-126.95261848620245  maxlinkdim=300 maxerr=9.99E-14 time=13.762
After sweep 1 energy=-126.95428732983262  maxlinkdim=300 maxerr=8.32E-14 time=14.178
-99.0After sweep 1 energy=-126.83458341353801  maxlinkdim=4 maxerr=0.00E+00 time=0.068
After sweep 1 energy=-126.9230774639686  maxlinkdim=16 maxerr=0.00E+00 time=0.177
After sweep 1 energy=-126.93309635145717  maxlinkdim=51 maxerr=9.98E-16 time=0.191
After sweep 1 energy=-126.93867088815098  maxlinkdim=121 maxerr=9.99E-16 time=1.176
After sweep 1 energy=-126.9428880813356  maxlinkdim=252 maxerr=1.00E-15 time=4.501
After sweep 1 energy=-126.94612953517036  maxlinkdim=300 maxerr=7.38E-14 time=10.701
After sweep 1 energy=-126.94869772229497  maxlinkdim=300 maxerr=1.01E-13 time=13.540
After sweep 1 energy=-126.9507937286324  maxlinkdim=300 maxerr=1.27E-13 time=13.640
After sweep 1 energy=-126.95261848620245  maxlinkdim=300 maxerr=9.99E-14 time=13.729
After sweep 1 energy=-126.95428732983262  maxlinkdim=300 maxerr=8.32E-14 time=14.198
-99.0After sweep 1 energy=-126.83458341353801  maxlinkdim=4 maxerr=0.00E+00 time=0.039
After sweep 1 energy=-126.9230774639686  maxlinkdim=16 maxerr=0.00E+00 time=0.068
After sweep 1 energy=-126.93309635145717  maxlinkdim=51 maxerr=9.98E-16 time=0.184
After sweep 1 energy=-126.93867088815098  maxlinkdim=121 maxerr=9.99E-16 time=1.071
After sweep 1 energy=-126.9428880813356  maxlinkdim=252 maxerr=1.00E-15 time=4.242
After sweep 1 energy=-126.94612953517036  maxlinkdim=300 maxerr=7.38E-14 time=10.523
After sweep 1 energy=-126.94869772229497  maxlinkdim=300 maxerr=1.01E-13 time=13.138
After sweep 1 energy=-126.9507937286324  maxlinkdim=300 maxerr=1.27E-13 time=13.961
After sweep 1 energy=-126.95261848620245  maxlinkdim=300 maxerr=9.99E-14 time=13.934
After sweep 1 energy=-126.95428732983262  maxlinkdim=300 maxerr=8.32E-14 time=13.797
Numero de qubits: 100 
Dimension max: 400 
Threads (LinearAlgebra) :15
Threads (Julia) :1


-99.0After sweep 1 energy=-126.83458341353801  maxlinkdim=4 maxerr=0.00E+00 time=0.044
After sweep 1 energy=-126.9230774639686  maxlinkdim=16 maxerr=0.00E+00 time=0.065
After sweep 1 energy=-126.93309635145717  maxlinkdim=51 maxerr=9.98E-16 time=0.183
After sweep 1 energy=-126.93867088815098  maxlinkdim=121 maxerr=9.99E-16 time=1.073
After sweep 1 energy=-126.9428880813356  maxlinkdim=252 maxerr=1.00E-15 time=4.253
After sweep 1 energy=-126.9461350723874  maxlinkdim=400 maxerr=1.06E-14 time=13.264
After sweep 1 energy=-126.94869407684095  maxlinkdim=400 maxerr=7.21E-14 time=21.141
After sweep 1 energy=-126.95082059498093  maxlinkdim=400 maxerr=7.26E-14 time=22.641
After sweep 1 energy=-126.95266752924917  maxlinkdim=400 maxerr=6.91E-14 time=23.394
After sweep 1 energy=-126.95434462442533  maxlinkdim=400 maxerr=5.53E-14 time=23.252
-99.0After sweep 1 energy=-126.83458341353801  maxlinkdim=4 maxerr=0.00E+00 time=0.038
After sweep 1 energy=-126.9230774639686  maxlinkdim=16 maxerr=0.00E+00 time=0.056
After sweep 1 energy=-126.93309635145717  maxlinkdim=51 maxerr=9.98E-16 time=0.195
After sweep 1 energy=-126.93867088815098  maxlinkdim=121 maxerr=9.99E-16 time=1.050
After sweep 1 energy=-126.9428880813356  maxlinkdim=252 maxerr=1.00E-15 time=4.193
After sweep 1 energy=-126.9461350723874  maxlinkdim=400 maxerr=1.06E-14 time=12.927
After sweep 1 energy=-126.94869407684095  maxlinkdim=400 maxerr=7.21E-14 time=21.034
After sweep 1 energy=-126.95082059498093  maxlinkdim=400 maxerr=7.26E-14 time=22.946
After sweep 1 energy=-126.95266752924917  maxlinkdim=400 maxerr=6.91E-14 time=22.887
After sweep 1 energy=-126.95434462442533  maxlinkdim=400 maxerr=5.53E-14 time=22.968
-99.0After sweep 1 energy=-126.83458341353801  maxlinkdim=4 maxerr=0.00E+00 time=0.038
After sweep 1 energy=-126.9230774639686  maxlinkdim=16 maxerr=0.00E+00 time=0.056
After sweep 1 energy=-126.93309635145717  maxlinkdim=51 maxerr=9.98E-16 time=0.329
After sweep 1 energy=-126.93867088815098  maxlinkdim=121 maxerr=9.99E-16 time=1.169
After sweep 1 energy=-126.9428880813356  maxlinkdim=252 maxerr=1.00E-15 time=4.270
After sweep 1 energy=-126.9461350723874  maxlinkdim=400 maxerr=1.06E-14 time=13.013
After sweep 1 energy=-126.94869407684095  maxlinkdim=400 maxerr=7.21E-14 time=20.870
After sweep 1 energy=-126.95082059498093  maxlinkdim=400 maxerr=7.26E-14 time=22.530
After sweep 1 energy=-126.95266752924917  maxlinkdim=400 maxerr=6.91E-14 time=23.272
After sweep 1 energy=-126.95434462442533  maxlinkdim=400 maxerr=5.53E-14 time=23.157
-99.0After sweep 1 energy=-126.83458341353801  maxlinkdim=4 maxerr=0.00E+00 time=0.040
After sweep 1 energy=-126.9230774639686  maxlinkdim=16 maxerr=0.00E+00 time=0.052
After sweep 1 energy=-126.93309635145717  maxlinkdim=51 maxerr=9.98E-16 time=0.196
After sweep 1 energy=-126.93867088815098  maxlinkdim=121 maxerr=9.99E-16 time=1.329
After sweep 1 energy=-126.9428880813356  maxlinkdim=252 maxerr=1.00E-15 time=4.253
After sweep 1 energy=-126.9461350723874  maxlinkdim=400 maxerr=1.06E-14 time=12.975
After sweep 1 energy=-126.94869407684095  maxlinkdim=400 maxerr=7.21E-14 time=20.788
After sweep 1 energy=-126.95082059498093  maxlinkdim=400 maxerr=7.26E-14 time=22.974
After sweep 1 energy=-126.95266752924917  maxlinkdim=400 maxerr=6.91E-14 time=23.327
After sweep 1 energy=-126.95434462442533  maxlinkdim=400 maxerr=5.53E-14 time=23.556
-99.0After sweep 1 energy=-126.83458341353801  maxlinkdim=4 maxerr=0.00E+00 time=0.043
After sweep 1 energy=-126.9230774639686  maxlinkdim=16 maxerr=0.00E+00 time=0.058
After sweep 1 energy=-126.93309635145717  maxlinkdim=51 maxerr=9.98E-16 time=0.194
After sweep 1 energy=-126.93867088815098  maxlinkdim=121 maxerr=9.99E-16 time=1.061
After sweep 1 energy=-126.9428880813356  maxlinkdim=252 maxerr=1.00E-15 time=4.174
After sweep 1 energy=-126.9461350723874  maxlinkdim=400 maxerr=1.06E-14 time=13.031
After sweep 1 energy=-126.94869407684095  maxlinkdim=400 maxerr=7.21E-14 time=21.064
After sweep 1 energy=-126.95082059498093  maxlinkdim=400 maxerr=7.26E-14 time=22.769
After sweep 1 energy=-126.95266752924917  maxlinkdim=400 maxerr=6.91E-14 time=23.061
After sweep 1 energy=-126.95434462442533  maxlinkdim=400 maxerr=5.53E-14 time=23.106
-99.0After sweep 1 energy=-126.83458341353801  maxlinkdim=4 maxerr=0.00E+00 time=0.042
After sweep 1 energy=-126.9230774639686  maxlinkdim=16 maxerr=0.00E+00 time=0.052
After sweep 1 energy=-126.93309635145717  maxlinkdim=51 maxerr=9.98E-16 time=0.196
After sweep 1 energy=-126.93867088815098  maxlinkdim=121 maxerr=9.99E-16 time=1.078
After sweep 1 energy=-126.9428880813356  maxlinkdim=252 maxerr=1.00E-15 time=4.306
After sweep 1 energy=-126.9461350723874  maxlinkdim=400 maxerr=1.06E-14 time=12.990
After sweep 1 energy=-126.94869407684095  maxlinkdim=400 maxerr=7.21E-14 time=20.729
After sweep 1 energy=-126.95082059498093  maxlinkdim=400 maxerr=7.26E-14 time=22.537
After sweep 1 energy=-126.95266752924917  maxlinkdim=400 maxerr=6.91E-14 time=22.939
After sweep 1 energy=-126.95434462442533  maxlinkdim=400 maxerr=5.53E-14 time=22.911
-99.0After sweep 1 energy=-126.83458341353801  maxlinkdim=4 maxerr=0.00E+00 time=0.037
After sweep 1 energy=-126.9230774639686  maxlinkdim=16 maxerr=0.00E+00 time=0.054
After sweep 1 energy=-126.93309635145717  maxlinkdim=51 maxerr=9.98E-16 time=0.196
After sweep 1 energy=-126.93867088815098  maxlinkdim=121 maxerr=9.99E-16 time=1.071
After sweep 1 energy=-126.9428880813356  maxlinkdim=252 maxerr=1.00E-15 time=4.400
After sweep 1 energy=-126.9461350723874  maxlinkdim=400 maxerr=1.06E-14 time=13.026
After sweep 1 energy=-126.94869407684095  maxlinkdim=400 maxerr=7.21E-14 time=20.938
After sweep 1 energy=-126.95082059498093  maxlinkdim=400 maxerr=7.26E-14 time=22.832
After sweep 1 energy=-126.95266752924917  maxlinkdim=400 maxerr=6.91E-14 time=23.106
After sweep 1 energy=-126.95434462442533  maxlinkdim=400 maxerr=5.53E-14 time=22.830
-99.0After sweep 1 energy=-126.83458341353801  maxlinkdim=4 maxerr=0.00E+00 time=0.040
After sweep 1 energy=-126.9230774639686  maxlinkdim=16 maxerr=0.00E+00 time=0.053
After sweep 1 energy=-126.93309635145717  maxlinkdim=51 maxerr=9.98E-16 time=0.324
After sweep 1 energy=-126.93867088815098  maxlinkdim=121 maxerr=9.99E-16 time=1.156
After sweep 1 energy=-126.9428880813356  maxlinkdim=252 maxerr=1.00E-15 time=4.277
After sweep 1 energy=-126.9461350723874  maxlinkdim=400 maxerr=1.06E-14 time=12.966
After sweep 1 energy=-126.94869407684095  maxlinkdim=400 maxerr=7.21E-14 time=21.111
After sweep 1 energy=-126.95082059498093  maxlinkdim=400 maxerr=7.26E-14 time=22.945
After sweep 1 energy=-126.95266752924917  maxlinkdim=400 maxerr=6.91E-14 time=23.128
After sweep 1 energy=-126.95434462442533  maxlinkdim=400 maxerr=5.53E-14 time=23.013
-99.0After sweep 1 energy=-126.83458341353801  maxlinkdim=4 maxerr=0.00E+00 time=0.037
After sweep 1 energy=-126.9230774639686  maxlinkdim=16 maxerr=0.00E+00 time=0.057
After sweep 1 energy=-126.93309635145717  maxlinkdim=51 maxerr=9.98E-16 time=0.195
After sweep 1 energy=-126.93867088815098  maxlinkdim=121 maxerr=9.99E-16 time=1.076
After sweep 1 energy=-126.9428880813356  maxlinkdim=252 maxerr=1.00E-15 time=4.277
After sweep 1 energy=-126.9461350723874  maxlinkdim=400 maxerr=1.06E-14 time=12.977
After sweep 1 energy=-126.94869407684095  maxlinkdim=400 maxerr=7.21E-14 time=20.788
After sweep 1 energy=-126.95082059498093  maxlinkdim=400 maxerr=7.26E-14 time=22.947
After sweep 1 energy=-126.95266752924917  maxlinkdim=400 maxerr=6.91E-14 time=23.662
After sweep 1 energy=-126.95434462442533  maxlinkdim=400 maxerr=5.53E-14 time=23.296
-99.0After sweep 1 energy=-126.83458341353801  maxlinkdim=4 maxerr=0.00E+00 time=0.043
After sweep 1 energy=-126.9230774639686  maxlinkdim=16 maxerr=0.00E+00 time=0.048
After sweep 1 energy=-126.93309635145717  maxlinkdim=51 maxerr=9.98E-16 time=0.196
After sweep 1 energy=-126.93867088815098  maxlinkdim=121 maxerr=9.99E-16 time=1.070
After sweep 1 energy=-126.9428880813356  maxlinkdim=252 maxerr=1.00E-15 time=4.393
After sweep 1 energy=-126.9461350723874  maxlinkdim=400 maxerr=1.06E-14 time=12.966
After sweep 1 energy=-126.94869407684095  maxlinkdim=400 maxerr=7.21E-14 time=21.044
After sweep 1 energy=-126.95082059498093  maxlinkdim=400 maxerr=7.26E-14 time=23.257
After sweep 1 energy=-126.95266752924917  maxlinkdim=400 maxerr=6.91E-14 time=22.926
After sweep 1 energy=-126.95434462442533  maxlinkdim=400 maxerr=5.53E-14 time=22.998
Numero de qubits: 100 
Dimension max: 500 
Threads (LinearAlgebra) :15
Threads (Julia) :1


-99.0After sweep 1 energy=-126.83458341353801  maxlinkdim=4 maxerr=0.00E+00 time=0.038
After sweep 1 energy=-126.9230774639686  maxlinkdim=16 maxerr=0.00E+00 time=0.055
After sweep 1 energy=-126.93309635145717  maxlinkdim=51 maxerr=9.98E-16 time=0.195
After sweep 1 energy=-126.93867088815098  maxlinkdim=121 maxerr=9.99E-16 time=1.073
After sweep 1 energy=-126.9428880813356  maxlinkdim=252 maxerr=1.00E-15 time=4.267
After sweep 1 energy=-126.94613945958514  maxlinkdim=485 maxerr=1.00E-15 time=13.755
After sweep 1 energy=-126.94869861566107  maxlinkdim=500 maxerr=4.99E-14 time=27.894
After sweep 1 energy=-126.95082050448295  maxlinkdim=500 maxerr=5.33E-14 time=32.074
After sweep 1 energy=-126.95268930786793  maxlinkdim=500 maxerr=5.24E-14 time=33.293
After sweep 1 energy=-126.95439136467185  maxlinkdim=500 maxerr=4.73E-14 time=34.327
-99.0After sweep 1 energy=-126.83458341353801  maxlinkdim=4 maxerr=0.00E+00 time=0.037
After sweep 1 energy=-126.9230774639686  maxlinkdim=16 maxerr=0.00E+00 time=0.063
After sweep 1 energy=-126.93309635145717  maxlinkdim=51 maxerr=9.98E-16 time=0.324
After sweep 1 energy=-126.93867088815098  maxlinkdim=121 maxerr=9.99E-16 time=1.169
After sweep 1 energy=-126.9428880813356  maxlinkdim=252 maxerr=1.00E-15 time=4.291
After sweep 1 energy=-126.94613945958514  maxlinkdim=485 maxerr=1.00E-15 time=13.742
After sweep 1 energy=-126.94869861566107  maxlinkdim=500 maxerr=4.99E-14 time=29.363
After sweep 1 energy=-126.95082050448295  maxlinkdim=500 maxerr=5.33E-14 time=32.851
After sweep 1 energy=-126.95268930786793  maxlinkdim=500 maxerr=5.24E-14 time=33.184
After sweep 1 energy=-126.95439136467185  maxlinkdim=500 maxerr=4.73E-14 time=34.292
-99.0After sweep 1 energy=-126.83458341353801  maxlinkdim=4 maxerr=0.00E+00 time=0.053
After sweep 1 energy=-126.9230774639686  maxlinkdim=16 maxerr=0.00E+00 time=0.050
After sweep 1 energy=-126.93309635145717  maxlinkdim=51 maxerr=9.98E-16 time=0.191
After sweep 1 energy=-126.93867088815098  maxlinkdim=121 maxerr=9.99E-16 time=1.055
After sweep 1 energy=-126.9428880813356  maxlinkdim=252 maxerr=1.00E-15 time=4.080
After sweep 1 energy=-126.94613945958514  maxlinkdim=485 maxerr=1.00E-15 time=13.800
After sweep 1 energy=-126.94869861566107  maxlinkdim=500 maxerr=4.99E-14 time=27.812
After sweep 1 energy=-126.95082050448295  maxlinkdim=500 maxerr=5.33E-14 time=32.587
After sweep 1 energy=-126.95268930786793  maxlinkdim=500 maxerr=5.24E-14 time=33.561
After sweep 1 energy=-126.95439136467185  maxlinkdim=500 maxerr=4.73E-14 time=34.485
-99.0After sweep 1 energy=-126.83458341353801  maxlinkdim=4 maxerr=0.00E+00 time=0.039
After sweep 1 energy=-126.9230774639686  maxlinkdim=16 maxerr=0.00E+00 time=0.061
After sweep 1 energy=-126.93309635145717  maxlinkdim=51 maxerr=9.98E-16 time=0.189
After sweep 1 energy=-126.93867088815098  maxlinkdim=121 maxerr=9.99E-16 time=1.050
After sweep 1 energy=-126.9428880813356  maxlinkdim=252 maxerr=1.00E-15 time=4.086
After sweep 1 energy=-126.94613945958514  maxlinkdim=485 maxerr=1.00E-15 time=13.773
After sweep 1 energy=-126.94869861566107  maxlinkdim=500 maxerr=4.99E-14 time=27.899
After sweep 1 energy=-126.95082050448295  maxlinkdim=500 maxerr=5.33E-14 time=32.773
After sweep 1 energy=-126.95268930786793  maxlinkdim=500 maxerr=5.24E-14 time=34.362
After sweep 1 energy=-126.95439136467185  maxlinkdim=500 maxerr=4.73E-14 time=34.710
-99.0After sweep 1 energy=-126.83458341353801  maxlinkdim=4 maxerr=0.00E+00 time=0.054
After sweep 1 energy=-126.9230774639686  maxlinkdim=16 maxerr=0.00E+00 time=0.050
After sweep 1 energy=-126.93309635145717  maxlinkdim=51 maxerr=9.98E-16 time=0.189
After sweep 1 energy=-126.93867088815098  maxlinkdim=121 maxerr=9.99E-16 time=1.053
After sweep 1 energy=-126.9428880813356  maxlinkdim=252 maxerr=1.00E-15 time=4.086
After sweep 1 energy=-126.94613945958514  maxlinkdim=485 maxerr=1.00E-15 time=13.710
After sweep 1 energy=-126.94869861566107  maxlinkdim=500 maxerr=4.99E-14 time=27.809
After sweep 1 energy=-126.95082050448295  maxlinkdim=500 maxerr=5.33E-14 time=32.094
After sweep 1 energy=-126.95268930786793  maxlinkdim=500 maxerr=5.24E-14 time=33.359
After sweep 1 energy=-126.95439136467185  maxlinkdim=500 maxerr=4.73E-14 time=33.649
-99.0After sweep 1 energy=-126.83458341353801  maxlinkdim=4 maxerr=0.00E+00 time=0.042
After sweep 1 energy=-126.9230774639686  maxlinkdim=16 maxerr=0.00E+00 time=0.048
After sweep 1 energy=-126.93309635145717  maxlinkdim=51 maxerr=9.98E-16 time=0.190
After sweep 1 energy=-126.93867088815098  maxlinkdim=121 maxerr=9.99E-16 time=1.051
After sweep 1 energy=-126.9428880813356  maxlinkdim=252 maxerr=1.00E-15 time=4.166
After sweep 1 energy=-126.94613945958514  maxlinkdim=485 maxerr=1.00E-15 time=13.788
After sweep 1 energy=-126.94869861566107  maxlinkdim=500 maxerr=4.99E-14 time=27.757
After sweep 1 energy=-126.95082050448295  maxlinkdim=500 maxerr=5.33E-14 time=32.035
After sweep 1 energy=-126.95268930786793  maxlinkdim=500 maxerr=5.24E-14 time=33.331
After sweep 1 energy=-126.95439136467185  maxlinkdim=500 maxerr=4.73E-14 time=33.444
-99.0After sweep 1 energy=-126.83458341353801  maxlinkdim=4 maxerr=0.00E+00 time=0.043
After sweep 1 energy=-126.9230774639686  maxlinkdim=16 maxerr=0.00E+00 time=0.060
After sweep 1 energy=-126.93309635145717  maxlinkdim=51 maxerr=9.98E-16 time=0.191
After sweep 1 energy=-126.93867088815098  maxlinkdim=121 maxerr=9.99E-16 time=1.055
After sweep 1 energy=-126.9428880813356  maxlinkdim=252 maxerr=1.00E-15 time=4.092
After sweep 1 energy=-126.94613945958514  maxlinkdim=485 maxerr=1.00E-15 time=13.805
After sweep 1 energy=-126.94869861566107  maxlinkdim=500 maxerr=4.99E-14 time=27.810
After sweep 1 energy=-126.95082050448295  maxlinkdim=500 maxerr=5.33E-14 time=32.091
After sweep 1 energy=-126.95268930786793  maxlinkdim=500 maxerr=5.24E-14 time=33.299
After sweep 1 energy=-126.95439136467185  maxlinkdim=500 maxerr=4.73E-14 time=33.834
-99.0After sweep 1 energy=-126.83458341353801  maxlinkdim=4 maxerr=0.00E+00 time=0.040
After sweep 1 energy=-126.9230774639686  maxlinkdim=16 maxerr=0.00E+00 time=0.055
After sweep 1 energy=-126.93309635145717  maxlinkdim=51 maxerr=9.98E-16 time=0.190
After sweep 1 energy=-126.93867088815098  maxlinkdim=121 maxerr=9.99E-16 time=1.024
After sweep 1 energy=-126.9428880813356  maxlinkdim=252 maxerr=1.00E-15 time=4.047
After sweep 1 energy=-126.94613945958514  maxlinkdim=485 maxerr=1.00E-15 time=13.672
After sweep 1 energy=-126.94869861566107  maxlinkdim=500 maxerr=4.99E-14 time=27.691
After sweep 1 energy=-126.95082050448295  maxlinkdim=500 maxerr=5.33E-14 time=31.952
After sweep 1 energy=-126.95268930786793  maxlinkdim=500 maxerr=5.24E-14 time=33.479
After sweep 1 energy=-126.95439136467185  maxlinkdim=500 maxerr=4.73E-14 time=33.926
-99.0After sweep 1 energy=-126.83458341353801  maxlinkdim=4 maxerr=0.00E+00 time=0.044
After sweep 1 energy=-126.9230774639686  maxlinkdim=16 maxerr=0.00E+00 time=0.060
After sweep 1 energy=-126.93309635145717  maxlinkdim=51 maxerr=9.98E-16 time=0.193
After sweep 1 energy=-126.93867088815098  maxlinkdim=121 maxerr=9.99E-16 time=1.055
After sweep 1 energy=-126.9428880813356  maxlinkdim=252 maxerr=1.00E-15 time=4.083
After sweep 1 energy=-126.94613945958514  maxlinkdim=485 maxerr=1.00E-15 time=13.749
After sweep 1 energy=-126.94869861566107  maxlinkdim=500 maxerr=4.99E-14 time=27.957
After sweep 1 energy=-126.95082050448295  maxlinkdim=500 maxerr=5.33E-14 time=32.190
After sweep 1 energy=-126.95268930786793  maxlinkdim=500 maxerr=5.24E-14 time=33.878
After sweep 1 energy=-126.95439136467185  maxlinkdim=500 maxerr=4.73E-14 time=34.126
-99.0After sweep 1 energy=-126.83458341353801  maxlinkdim=4 maxerr=0.00E+00 time=0.043
After sweep 1 energy=-126.9230774639686  maxlinkdim=16 maxerr=0.00E+00 time=0.049
After sweep 1 energy=-126.93309635145717  maxlinkdim=51 maxerr=9.98E-16 time=0.189
After sweep 1 energy=-126.93867088815098  maxlinkdim=121 maxerr=9.99E-16 time=1.052
After sweep 1 energy=-126.9428880813356  maxlinkdim=252 maxerr=1.00E-15 time=4.081
After sweep 1 energy=-126.94613945958514  maxlinkdim=485 maxerr=1.00E-15 time=13.761
After sweep 1 energy=-126.94869861566107  maxlinkdim=500 maxerr=4.99E-14 time=28.173
After sweep 1 energy=-126.95082050448295  maxlinkdim=500 maxerr=5.33E-14 time=33.167
After sweep 1 energy=-126.95268930786793  maxlinkdim=500 maxerr=5.24E-14 time=34.433
After sweep 1 energy=-126.95439136467185  maxlinkdim=500 maxerr=4.73E-14 time=34.463
Numero de qubits: 100 
Dimension max: 600 
Threads (LinearAlgebra) :15
Threads (Julia) :1


-99.0After sweep 1 energy=-126.83458341353801  maxlinkdim=4 maxerr=0.00E+00 time=0.049
After sweep 1 energy=-126.9230774639686  maxlinkdim=16 maxerr=0.00E+00 time=0.047
After sweep 1 energy=-126.93309635145717  maxlinkdim=51 maxerr=9.98E-16 time=0.198
After sweep 1 energy=-126.93867088815098  maxlinkdim=121 maxerr=9.99E-16 time=1.094
After sweep 1 energy=-126.9428880813356  maxlinkdim=252 maxerr=1.00E-15 time=4.131
After sweep 1 energy=-126.94613945958514  maxlinkdim=485 maxerr=1.00E-15 time=13.778
After sweep 1 energy=-126.9487062144507  maxlinkdim=600 maxerr=3.43E-14 time=35.059
After sweep 1 energy=-126.9508323764157  maxlinkdim=600 maxerr=4.45E-14 time=45.709
After sweep 1 energy=-126.95271595651955  maxlinkdim=600 maxerr=4.32E-14 time=47.592
After sweep 1 energy=-126.95443149587521  maxlinkdim=600 maxerr=3.91E-14 time=46.857
-99.0After sweep 1 energy=-126.83458341353801  maxlinkdim=4 maxerr=0.00E+00 time=0.038
After sweep 1 energy=-126.9230774639686  maxlinkdim=16 maxerr=0.00E+00 time=0.067
After sweep 1 energy=-126.93309635145717  maxlinkdim=51 maxerr=9.98E-16 time=0.187
After sweep 1 energy=-126.93867088815098  maxlinkdim=121 maxerr=9.99E-16 time=1.043
After sweep 1 energy=-126.9428880813356  maxlinkdim=252 maxerr=1.00E-15 time=3.942
After sweep 1 energy=-126.94613945958514  maxlinkdim=485 maxerr=1.00E-15 time=13.740
After sweep 1 energy=-126.9487062144507  maxlinkdim=600 maxerr=3.43E-14 time=34.139
After sweep 1 energy=-126.9508323764157  maxlinkdim=600 maxerr=4.45E-14 time=44.947
After sweep 1 energy=-126.95271595651955  maxlinkdim=600 maxerr=4.32E-14 time=47.642
After sweep 1 energy=-126.95443149587521  maxlinkdim=600 maxerr=3.91E-14 time=48.384
-99.0After sweep 1 energy=-126.83458341353801  maxlinkdim=4 maxerr=0.00E+00 time=0.040
After sweep 1 energy=-126.9230774639686  maxlinkdim=16 maxerr=0.00E+00 time=0.059
After sweep 1 energy=-126.93309635145717  maxlinkdim=51 maxerr=9.98E-16 time=0.192
After sweep 1 energy=-126.93867088815098  maxlinkdim=121 maxerr=9.99E-16 time=1.038
After sweep 1 energy=-126.9428880813356  maxlinkdim=252 maxerr=1.00E-15 time=3.961
After sweep 1 energy=-126.94613945958514  maxlinkdim=485 maxerr=1.00E-15 time=13.751
After sweep 1 energy=-126.9487062144507  maxlinkdim=600 maxerr=3.43E-14 time=34.364
After sweep 1 energy=-126.9508323764157  maxlinkdim=600 maxerr=4.45E-14 time=44.153
After sweep 1 energy=-126.95271595651955  maxlinkdim=600 maxerr=4.32E-14 time=47.659
After sweep 1 energy=-126.95443149587521  maxlinkdim=600 maxerr=3.91E-14 time=48.209
-99.0After sweep 1 energy=-126.83458341353801  maxlinkdim=4 maxerr=0.00E+00 time=0.037
After sweep 1 energy=-126.9230774639686  maxlinkdim=16 maxerr=0.00E+00 time=0.057
After sweep 1 energy=-126.93309635145717  maxlinkdim=51 maxerr=9.98E-16 time=0.192
After sweep 1 energy=-126.93867088815098  maxlinkdim=121 maxerr=9.99E-16 time=1.053
After sweep 1 energy=-126.9428880813356  maxlinkdim=252 maxerr=1.00E-15 time=3.953
After sweep 1 energy=-126.94613945958514  maxlinkdim=485 maxerr=1.00E-15 time=13.723
After sweep 1 energy=-126.9487062144507  maxlinkdim=600 maxerr=3.43E-14 time=34.190
After sweep 1 energy=-126.9508323764157  maxlinkdim=600 maxerr=4.45E-14 time=44.993
After sweep 1 energy=-126.95271595651955  maxlinkdim=600 maxerr=4.32E-14 time=47.669
After sweep 1 energy=-126.95443149587521  maxlinkdim=600 maxerr=3.91E-14 time=48.504
-99.0After sweep 1 energy=-126.83458341353801  maxlinkdim=4 maxerr=0.00E+00 time=0.044
After sweep 1 energy=-126.9230774639686  maxlinkdim=16 maxerr=0.00E+00 time=0.056
After sweep 1 energy=-126.93309635145717  maxlinkdim=51 maxerr=9.98E-16 time=0.199
After sweep 1 energy=-126.93867088815098  maxlinkdim=121 maxerr=9.99E-16 time=1.075
After sweep 1 energy=-126.9428880813356  maxlinkdim=252 maxerr=1.00E-15 time=4.073
After sweep 1 energy=-126.94613945958514  maxlinkdim=485 maxerr=1.00E-15 time=13.845
After sweep 1 energy=-126.9487062144507  maxlinkdim=600 maxerr=3.43E-14 time=34.321
After sweep 1 energy=-126.9508323764157  maxlinkdim=600 maxerr=4.45E-14 time=44.485
After sweep 1 energy=-126.95271595651955  maxlinkdim=600 maxerr=4.32E-14 time=47.471
After sweep 1 energy=-126.95443149587521  maxlinkdim=600 maxerr=3.91E-14 time=48.219
-99.0After sweep 1 energy=-126.83458341353801  maxlinkdim=4 maxerr=0.00E+00 time=0.040
After sweep 1 energy=-126.9230774639686  maxlinkdim=16 maxerr=0.00E+00 time=0.056
After sweep 1 energy=-126.93309635145717  maxlinkdim=51 maxerr=9.98E-16 time=0.191
After sweep 1 energy=-126.93867088815098  maxlinkdim=121 maxerr=9.99E-16 time=1.036
After sweep 1 energy=-126.9428880813356  maxlinkdim=252 maxerr=1.00E-15 time=4.286
After sweep 1 energy=-126.94613945958514  maxlinkdim=485 maxerr=1.00E-15 time=13.793
After sweep 1 energy=-126.9487062144507  maxlinkdim=600 maxerr=3.43E-14 time=34.219
After sweep 1 energy=-126.9508323764157  maxlinkdim=600 maxerr=4.45E-14 time=44.124
After sweep 1 energy=-126.95271595651955  maxlinkdim=600 maxerr=4.32E-14 time=47.188
After sweep 1 energy=-126.95443149587521  maxlinkdim=600 maxerr=3.91E-14 time=47.857
-99.0After sweep 1 energy=-126.83458341353801  maxlinkdim=4 maxerr=0.00E+00 time=0.037
After sweep 1 energy=-126.9230774639686  maxlinkdim=16 maxerr=0.00E+00 time=0.057
After sweep 1 energy=-126.93309635145717  maxlinkdim=51 maxerr=9.98E-16 time=0.193
After sweep 1 energy=-126.93867088815098  maxlinkdim=121 maxerr=9.99E-16 time=1.036
After sweep 1 energy=-126.9428880813356  maxlinkdim=252 maxerr=1.00E-15 time=3.959
After sweep 1 energy=-126.94613945958514  maxlinkdim=485 maxerr=1.00E-15 time=13.790
After sweep 1 energy=-126.9487062144507  maxlinkdim=600 maxerr=3.43E-14 time=34.237
After sweep 1 energy=-126.9508323764157  maxlinkdim=600 maxerr=4.45E-14 time=43.307
After sweep 1 energy=-126.95271595651955  maxlinkdim=600 maxerr=4.32E-14 time=46.750
After sweep 1 energy=-126.95443149587521  maxlinkdim=600 maxerr=3.91E-14 time=47.974
-99.0After sweep 1 energy=-126.83458341353801  maxlinkdim=4 maxerr=0.00E+00 time=0.044
After sweep 1 energy=-126.9230774639686  maxlinkdim=16 maxerr=0.00E+00 time=0.055
After sweep 1 energy=-126.93309635145717  maxlinkdim=51 maxerr=9.98E-16 time=0.191
After sweep 1 energy=-126.93867088815098  maxlinkdim=121 maxerr=9.99E-16 time=1.030
After sweep 1 energy=-126.9428880813356  maxlinkdim=252 maxerr=1.00E-15 time=3.842
After sweep 1 energy=-126.94613945958514  maxlinkdim=485 maxerr=1.00E-15 time=13.792
After sweep 1 energy=-126.9487062144507  maxlinkdim=600 maxerr=3.43E-14 time=34.034
After sweep 1 energy=-126.9508323764157  maxlinkdim=600 maxerr=4.45E-14 time=44.286
After sweep 1 energy=-126.95271595651955  maxlinkdim=600 maxerr=4.32E-14 time=47.413
After sweep 1 energy=-126.95443149587521  maxlinkdim=600 maxerr=3.91E-14 time=48.726
-99.0After sweep 1 energy=-126.83458341353801  maxlinkdim=4 maxerr=0.00E+00 time=0.039
After sweep 1 energy=-126.9230774639686  maxlinkdim=16 maxerr=0.00E+00 time=0.064
After sweep 1 energy=-126.93309635145717  maxlinkdim=51 maxerr=9.98E-16 time=0.186
After sweep 1 energy=-126.93867088815098  maxlinkdim=121 maxerr=9.99E-16 time=1.043
After sweep 1 energy=-126.9428880813356  maxlinkdim=252 maxerr=1.00E-15 time=3.928
After sweep 1 energy=-126.94613945958514  maxlinkdim=485 maxerr=1.00E-15 time=13.658
After sweep 1 energy=-126.9487062144507  maxlinkdim=600 maxerr=3.43E-14 time=34.121
After sweep 1 energy=-126.9508323764157  maxlinkdim=600 maxerr=4.45E-14 time=44.265
After sweep 1 energy=-126.95271595651955  maxlinkdim=600 maxerr=4.32E-14 time=47.228
After sweep 1 energy=-126.95443149587521  maxlinkdim=600 maxerr=3.91E-14 time=48.379
-99.0After sweep 1 energy=-126.83458341353801  maxlinkdim=4 maxerr=0.00E+00 time=0.041
After sweep 1 energy=-126.9230774639686  maxlinkdim=16 maxerr=0.00E+00 time=0.054
After sweep 1 energy=-126.93309635145717  maxlinkdim=51 maxerr=9.98E-16 time=0.189
After sweep 1 energy=-126.93867088815098  maxlinkdim=121 maxerr=9.99E-16 time=1.035
After sweep 1 energy=-126.9428880813356  maxlinkdim=252 maxerr=1.00E-15 time=4.039
After sweep 1 energy=-126.94613945958514  maxlinkdim=485 maxerr=1.00E-15 time=13.656
After sweep 1 energy=-126.9487062144507  maxlinkdim=600 maxerr=3.43E-14 time=34.232
After sweep 1 energy=-126.9508323764157  maxlinkdim=600 maxerr=4.45E-14 time=44.114
After sweep 1 energy=-126.95271595651955  maxlinkdim=600 maxerr=4.32E-14 time=46.098
After sweep 1 energy=-126.95443149587521  maxlinkdim=600 maxerr=3.91E-14 time=46.398
Numero de qubits: 100 
Dimension max: 700 
Threads (LinearAlgebra) :15
Threads (Julia) :1


-99.0After sweep 1 energy=-126.83458341353801  maxlinkdim=4 maxerr=0.00E+00 time=0.040
After sweep 1 energy=-126.9230774639686  maxlinkdim=16 maxerr=0.00E+00 time=0.065
After sweep 1 energy=-126.93309635145717  maxlinkdim=51 maxerr=9.98E-16 time=0.186
After sweep 1 energy=-126.93867088815098  maxlinkdim=121 maxerr=9.99E-16 time=1.039
After sweep 1 energy=-126.9428880813356  maxlinkdim=252 maxerr=1.00E-15 time=3.947
After sweep 1 energy=-126.94613945958514  maxlinkdim=485 maxerr=1.00E-15 time=13.722
After sweep 1 energy=-126.94871160943471  maxlinkdim=700 maxerr=1.03E-14 time=39.457
After sweep 1 energy=-126.95085421854262  maxlinkdim=700 maxerr=4.11E-14 time=59.255
After sweep 1 energy=-126.9527464954237  maxlinkdim=700 maxerr=3.72E-14 time=63.395
After sweep 1 energy=-126.95446711965671  maxlinkdim=700 maxerr=3.57E-14 time=64.139
-99.0After sweep 1 energy=-126.83458341353801  maxlinkdim=4 maxerr=0.00E+00 time=0.038
After sweep 1 energy=-126.9230774639686  maxlinkdim=16 maxerr=0.00E+00 time=0.061
After sweep 1 energy=-126.93309635145717  maxlinkdim=51 maxerr=9.98E-16 time=0.188
After sweep 1 energy=-126.93867088815098  maxlinkdim=121 maxerr=9.99E-16 time=1.010
After sweep 1 energy=-126.9428880813356  maxlinkdim=252 maxerr=1.00E-15 time=4.259
After sweep 1 energy=-126.94613945958514  maxlinkdim=485 maxerr=1.00E-15 time=13.819
After sweep 1 energy=-126.94871160943471  maxlinkdim=700 maxerr=1.03E-14 time=38.646
After sweep 1 energy=-126.95085421854262  maxlinkdim=700 maxerr=4.11E-14 time=58.428
After sweep 1 energy=-126.9527464954237  maxlinkdim=700 maxerr=3.72E-14 time=63.387
After sweep 1 energy=-126.95446711965671  maxlinkdim=700 maxerr=3.57E-14 time=63.700
-99.0After sweep 1 energy=-126.83458341353801  maxlinkdim=4 maxerr=0.00E+00 time=0.040
After sweep 1 energy=-126.9230774639686  maxlinkdim=16 maxerr=0.00E+00 time=0.057
After sweep 1 energy=-126.93309635145717  maxlinkdim=51 maxerr=9.98E-16 time=0.188
After sweep 1 energy=-126.93867088815098  maxlinkdim=121 maxerr=9.99E-16 time=1.015
After sweep 1 energy=-126.9428880813356  maxlinkdim=252 maxerr=1.00E-15 time=4.013
After sweep 1 energy=-126.94613945958514  maxlinkdim=485 maxerr=1.00E-15 time=13.710
After sweep 1 energy=-126.94871160943471  maxlinkdim=700 maxerr=1.03E-14 time=38.451
After sweep 1 energy=-126.95085421854262  maxlinkdim=700 maxerr=4.11E-14 time=56.465
After sweep 1 energy=-126.9527464954237  maxlinkdim=700 maxerr=3.72E-14 time=61.705
After sweep 1 energy=-126.95446711965671  maxlinkdim=700 maxerr=3.57E-14 time=64.011
-99.0After sweep 1 energy=-126.83458341353801  maxlinkdim=4 maxerr=0.00E+00 time=0.043
After sweep 1 energy=-126.9230774639686  maxlinkdim=16 maxerr=0.00E+00 time=0.054
After sweep 1 energy=-126.93309635145717  maxlinkdim=51 maxerr=9.98E-16 time=0.186
After sweep 1 energy=-126.93867088815098  maxlinkdim=121 maxerr=9.99E-16 time=1.020
After sweep 1 energy=-126.9428880813356  maxlinkdim=252 maxerr=1.00E-15 time=3.920
After sweep 1 energy=-126.94613945958514  maxlinkdim=485 maxerr=1.00E-15 time=13.686
After sweep 1 energy=-126.94871160943471  maxlinkdim=700 maxerr=1.03E-14 time=38.556
After sweep 1 energy=-126.95085421854262  maxlinkdim=700 maxerr=4.11E-14 time=56.327
After sweep 1 energy=-126.9527464954237  maxlinkdim=700 maxerr=3.72E-14 time=62.197
After sweep 1 energy=-126.95446711965671  maxlinkdim=700 maxerr=3.57E-14 time=64.009
-99.0After sweep 1 energy=-126.83458341353801  maxlinkdim=4 maxerr=0.00E+00 time=0.038
After sweep 1 energy=-126.9230774639686  maxlinkdim=16 maxerr=0.00E+00 time=0.054
After sweep 1 energy=-126.93309635145717  maxlinkdim=51 maxerr=9.98E-16 time=0.183
After sweep 1 energy=-126.93867088815098  maxlinkdim=121 maxerr=9.99E-16 time=1.007
After sweep 1 energy=-126.9428880813356  maxlinkdim=252 maxerr=1.00E-15 time=4.134
After sweep 1 energy=-126.94613945958514  maxlinkdim=485 maxerr=1.00E-15 time=13.769
After sweep 1 energy=-126.94871160943471  maxlinkdim=700 maxerr=1.03E-14 time=38.319
After sweep 1 energy=-126.95085421854262  maxlinkdim=700 maxerr=4.11E-14 time=56.805
After sweep 1 energy=-126.9527464954237  maxlinkdim=700 maxerr=3.72E-14 time=62.950
After sweep 1 energy=-126.95446711965671  maxlinkdim=700 maxerr=3.57E-14 time=63.925
-99.0After sweep 1 energy=-126.83458341353801  maxlinkdim=4 maxerr=0.00E+00 time=0.048
After sweep 1 energy=-126.9230774639686  maxlinkdim=16 maxerr=0.00E+00 time=0.051
After sweep 1 energy=-126.93309635145717  maxlinkdim=51 maxerr=9.98E-16 time=0.188
After sweep 1 energy=-126.93867088815098  maxlinkdim=121 maxerr=9.99E-16 time=1.016
After sweep 1 energy=-126.9428880813356  maxlinkdim=252 maxerr=1.00E-15 time=4.317
After sweep 1 energy=-126.94613945958514  maxlinkdim=485 maxerr=1.00E-15 time=13.827
After sweep 1 energy=-126.94871160943471  maxlinkdim=700 maxerr=1.03E-14 time=38.615
After sweep 1 energy=-126.95085421854262  maxlinkdim=700 maxerr=4.11E-14 time=57.052
After sweep 1 energy=-126.9527464954237  maxlinkdim=700 maxerr=3.72E-14 time=62.400
After sweep 1 energy=-126.95446711965671  maxlinkdim=700 maxerr=3.57E-14 time=64.428
-99.0After sweep 1 energy=-126.83458341353801  maxlinkdim=4 maxerr=0.00E+00 time=0.038
After sweep 1 energy=-126.9230774639686  maxlinkdim=16 maxerr=0.00E+00 time=0.056
After sweep 1 energy=-126.93309635145717  maxlinkdim=51 maxerr=9.98E-16 time=0.189
After sweep 1 energy=-126.93867088815098  maxlinkdim=121 maxerr=9.99E-16 time=1.023
After sweep 1 energy=-126.9428880813356  maxlinkdim=252 maxerr=1.00E-15 time=3.905
After sweep 1 energy=-126.94613945958514  maxlinkdim=485 maxerr=1.00E-15 time=13.773
After sweep 1 energy=-126.94871160943471  maxlinkdim=700 maxerr=1.03E-14 time=38.368
After sweep 1 energy=-126.95085421854262  maxlinkdim=700 maxerr=4.11E-14 time=57.154
After sweep 1 energy=-126.9527464954237  maxlinkdim=700 maxerr=3.72E-14 time=62.694
After sweep 1 energy=-126.95446711965671  maxlinkdim=700 maxerr=3.57E-14 time=64.193
-99.0After sweep 1 energy=-126.83458341353801  maxlinkdim=4 maxerr=0.00E+00 time=0.043
After sweep 1 energy=-126.9230774639686  maxlinkdim=16 maxerr=0.00E+00 time=0.060
After sweep 1 energy=-126.93309635145717  maxlinkdim=51 maxerr=9.98E-16 time=0.189
After sweep 1 energy=-126.93867088815098  maxlinkdim=121 maxerr=9.99E-16 time=1.022
After sweep 1 energy=-126.9428880813356  maxlinkdim=252 maxerr=1.00E-15 time=3.918
After sweep 1 energy=-126.94613945958514  maxlinkdim=485 maxerr=1.00E-15 time=13.728
After sweep 1 energy=-126.94871160943471  maxlinkdim=700 maxerr=1.03E-14 time=38.473
After sweep 1 energy=-126.95085421854262  maxlinkdim=700 maxerr=4.11E-14 time=57.175
After sweep 1 energy=-126.9527464954237  maxlinkdim=700 maxerr=3.72E-14 time=62.485
After sweep 1 energy=-126.95446711965671  maxlinkdim=700 maxerr=3.57E-14 time=63.876
-99.0After sweep 1 energy=-126.83458341353801  maxlinkdim=4 maxerr=0.00E+00 time=0.043
After sweep 1 energy=-126.9230774639686  maxlinkdim=16 maxerr=0.00E+00 time=0.057
After sweep 1 energy=-126.93309635145717  maxlinkdim=51 maxerr=9.98E-16 time=0.189
After sweep 1 energy=-126.93867088815098  maxlinkdim=121 maxerr=9.99E-16 time=1.018
After sweep 1 energy=-126.9428880813356  maxlinkdim=252 maxerr=1.00E-15 time=4.012
After sweep 1 energy=-126.94613945958514  maxlinkdim=485 maxerr=1.00E-15 time=13.661
After sweep 1 energy=-126.94871160943471  maxlinkdim=700 maxerr=1.03E-14 time=38.509
After sweep 1 energy=-126.95085421854262  maxlinkdim=700 maxerr=4.11E-14 time=59.096
After sweep 1 energy=-126.9527464954237  maxlinkdim=700 maxerr=3.72E-14 time=62.942
After sweep 1 energy=-126.95446711965671  maxlinkdim=700 maxerr=3.57E-14 time=63.836
-99.0After sweep 1 energy=-126.83458341353801  maxlinkdim=4 maxerr=0.00E+00 time=0.038
After sweep 1 energy=-126.9230774639686  maxlinkdim=16 maxerr=0.00E+00 time=0.059
After sweep 1 energy=-126.93309635145717  maxlinkdim=51 maxerr=9.98E-16 time=0.188
After sweep 1 energy=-126.93867088815098  maxlinkdim=121 maxerr=9.99E-16 time=1.023
After sweep 1 energy=-126.9428880813356  maxlinkdim=252 maxerr=1.00E-15 time=3.923
After sweep 1 energy=-126.94613945958514  maxlinkdim=485 maxerr=1.00E-15 time=13.786
After sweep 1 energy=-126.94871160943471  maxlinkdim=700 maxerr=1.03E-14 time=38.447
After sweep 1 energy=-126.95085421854262  maxlinkdim=700 maxerr=4.11E-14 time=56.238
After sweep 1 energy=-126.9527464954237  maxlinkdim=700 maxerr=3.72E-14 time=61.928
After sweep 1 energy=-126.95446711965671  maxlinkdim=700 maxerr=3.57E-14 time=63.673
Numero de qubits: 100 
Dimension max: 800 
Threads (LinearAlgebra) :15
Threads (Julia) :1


-99.0After sweep 1 energy=-126.83458341353801  maxlinkdim=4 maxerr=0.00E+00 time=0.041
After sweep 1 energy=-126.9230774639686  maxlinkdim=16 maxerr=0.00E+00 time=0.059
After sweep 1 energy=-126.93309635145717  maxlinkdim=51 maxerr=9.98E-16 time=0.185
After sweep 1 energy=-126.93867088815098  maxlinkdim=121 maxerr=9.99E-16 time=1.002
After sweep 1 energy=-126.9428880813356  maxlinkdim=252 maxerr=1.00E-15 time=4.289
After sweep 1 energy=-126.94613945958514  maxlinkdim=485 maxerr=1.00E-15 time=13.716
After sweep 1 energy=-126.94871544645446  maxlinkdim=800 maxerr=2.37E-15 time=40.550
After sweep 1 energy=-126.95087634061876  maxlinkdim=800 maxerr=3.80E-14 time=72.377
After sweep 1 energy=-126.95277013600233  maxlinkdim=800 maxerr=3.42E-14 time=80.245
After sweep 1 energy=-126.95449713493802  maxlinkdim=800 maxerr=3.11E-14 time=81.720
-99.0After sweep 1 energy=-126.83458341353801  maxlinkdim=4 maxerr=0.00E+00 time=0.037
After sweep 1 energy=-126.9230774639686  maxlinkdim=16 maxerr=0.00E+00 time=0.060
After sweep 1 energy=-126.93309635145717  maxlinkdim=51 maxerr=9.98E-16 time=0.183
After sweep 1 energy=-126.93867088815098  maxlinkdim=121 maxerr=9.99E-16 time=0.986
After sweep 1 energy=-126.9428880813356  maxlinkdim=252 maxerr=1.00E-15 time=3.957
After sweep 1 energy=-126.94613945958514  maxlinkdim=485 maxerr=1.00E-15 time=13.659
After sweep 1 energy=-126.94871544645446  maxlinkdim=800 maxerr=2.37E-15 time=40.717
After sweep 1 energy=-126.95087634061876  maxlinkdim=800 maxerr=3.80E-14 time=70.636
After sweep 1 energy=-126.95277013600233  maxlinkdim=800 maxerr=3.42E-14 time=80.284
After sweep 1 energy=-126.95449713493802  maxlinkdim=800 maxerr=3.11E-14 time=82.486
-99.0After sweep 1 energy=-126.83458341353801  maxlinkdim=4 maxerr=0.00E+00 time=0.045
After sweep 1 energy=-126.9230774639686  maxlinkdim=16 maxerr=0.00E+00 time=0.052
After sweep 1 energy=-126.93309635145717  maxlinkdim=51 maxerr=9.98E-16 time=0.185
After sweep 1 energy=-126.93867088815098  maxlinkdim=121 maxerr=9.99E-16 time=0.983
After sweep 1 energy=-126.9428880813356  maxlinkdim=252 maxerr=1.00E-15 time=4.077
After sweep 1 energy=-126.94613945958514  maxlinkdim=485 maxerr=1.00E-15 time=13.698
After sweep 1 energy=-126.94871544645446  maxlinkdim=800 maxerr=2.37E-15 time=40.499
After sweep 1 energy=-126.95087634061876  maxlinkdim=800 maxerr=3.80E-14 time=69.774
After sweep 1 energy=-126.95277013600233  maxlinkdim=800 maxerr=3.42E-14 time=79.616
After sweep 1 energy=-126.95449713493802  maxlinkdim=800 maxerr=3.11E-14 time=83.085
-99.0After sweep 1 energy=-126.83458341353801  maxlinkdim=4 maxerr=0.00E+00 time=0.045
After sweep 1 energy=-126.9230774639686  maxlinkdim=16 maxerr=0.00E+00 time=0.054
After sweep 1 energy=-126.93309635145717  maxlinkdim=51 maxerr=9.98E-16 time=0.184
After sweep 1 energy=-126.93867088815098  maxlinkdim=121 maxerr=9.99E-16 time=1.176
After sweep 1 energy=-126.9428880813356  maxlinkdim=252 maxerr=1.00E-15 time=4.104
After sweep 1 energy=-126.94613945958514  maxlinkdim=485 maxerr=1.00E-15 time=13.728
After sweep 1 energy=-126.94871544645446  maxlinkdim=800 maxerr=2.37E-15 time=40.480
After sweep 1 energy=-126.95087634061876  maxlinkdim=800 maxerr=3.80E-14 time=69.208
After sweep 1 energy=-126.95277013600233  maxlinkdim=800 maxerr=3.42E-14 time=79.102
After sweep 1 energy=-126.95449713493802  maxlinkdim=800 maxerr=3.11E-14 time=80.814
-99.0After sweep 1 energy=-126.83458341353801  maxlinkdim=4 maxerr=0.00E+00 time=0.037
After sweep 1 energy=-126.9230774639686  maxlinkdim=16 maxerr=0.00E+00 time=0.063
After sweep 1 energy=-126.93309635145717  maxlinkdim=51 maxerr=9.98E-16 time=0.180
After sweep 1 energy=-126.93867088815098  maxlinkdim=121 maxerr=9.99E-16 time=1.163
After sweep 1 energy=-126.9428880813356  maxlinkdim=252 maxerr=1.00E-15 time=4.255
After sweep 1 energy=-126.94613945958514  maxlinkdim=485 maxerr=1.00E-15 time=13.759
After sweep 1 energy=-126.94871544645446  maxlinkdim=800 maxerr=2.37E-15 time=40.524
After sweep 1 energy=-126.95087634061876  maxlinkdim=800 maxerr=3.80E-14 time=70.624
After sweep 1 energy=-126.95277013600233  maxlinkdim=800 maxerr=3.42E-14 time=80.590
After sweep 1 energy=-126.95449713493802  maxlinkdim=800 maxerr=3.11E-14 time=82.162
-99.0After sweep 1 energy=-126.83458341353801  maxlinkdim=4 maxerr=0.00E+00 time=0.048
After sweep 1 energy=-126.9230774639686  maxlinkdim=16 maxerr=0.00E+00 time=0.048
After sweep 1 energy=-126.93309635145717  maxlinkdim=51 maxerr=9.98E-16 time=0.187
After sweep 1 energy=-126.93867088815098  maxlinkdim=121 maxerr=9.99E-16 time=0.988
After sweep 1 energy=-126.9428880813356  maxlinkdim=252 maxerr=1.00E-15 time=3.717
After sweep 1 energy=-126.94613945958514  maxlinkdim=485 maxerr=1.00E-15 time=13.787
After sweep 1 energy=-126.94871544645446  maxlinkdim=800 maxerr=2.37E-15 time=40.664
After sweep 1 energy=-126.95087634061876  maxlinkdim=800 maxerr=3.80E-14 time=69.801
After sweep 1 energy=-126.95277013600233  maxlinkdim=800 maxerr=3.42E-14 time=79.784
After sweep 1 energy=-126.95449713493802  maxlinkdim=800 maxerr=3.11E-14 time=81.579
-99.0After sweep 1 energy=-126.83458341353801  maxlinkdim=4 maxerr=0.00E+00 time=0.044
After sweep 1 energy=-126.9230774639686  maxlinkdim=16 maxerr=0.00E+00 time=0.060
After sweep 1 energy=-126.93309635145717  maxlinkdim=51 maxerr=9.98E-16 time=0.184
After sweep 1 energy=-126.93867088815098  maxlinkdim=121 maxerr=9.99E-16 time=0.987
After sweep 1 energy=-126.9428880813356  maxlinkdim=252 maxerr=1.00E-15 time=3.847
After sweep 1 energy=-126.94613945958514  maxlinkdim=485 maxerr=1.00E-15 time=13.803
After sweep 1 energy=-126.94871544645446  maxlinkdim=800 maxerr=2.37E-15 time=40.483
After sweep 1 energy=-126.95087634061876  maxlinkdim=800 maxerr=3.80E-14 time=70.965
After sweep 1 energy=-126.95277013600233  maxlinkdim=800 maxerr=3.42E-14 time=80.064
After sweep 1 energy=-126.95449713493802  maxlinkdim=800 maxerr=3.11E-14 time=82.914
-99.0After sweep 1 energy=-126.83458341353801  maxlinkdim=4 maxerr=0.00E+00 time=0.040
After sweep 1 energy=-126.9230774639686  maxlinkdim=16 maxerr=0.00E+00 time=0.064
After sweep 1 energy=-126.93309635145717  maxlinkdim=51 maxerr=9.98E-16 time=0.180
After sweep 1 energy=-126.93867088815098  maxlinkdim=121 maxerr=9.99E-16 time=1.162
After sweep 1 energy=-126.9428880813356  maxlinkdim=252 maxerr=1.00E-15 time=4.250
After sweep 1 energy=-126.94613945958514  maxlinkdim=485 maxerr=1.00E-15 time=13.774
After sweep 1 energy=-126.94871544645446  maxlinkdim=800 maxerr=2.37E-15 time=40.720
After sweep 1 energy=-126.95087634061876  maxlinkdim=800 maxerr=3.80E-14 time=72.192
After sweep 1 energy=-126.95277013600233  maxlinkdim=800 maxerr=3.42E-14 time=80.230
After sweep 1 energy=-126.95449713493802  maxlinkdim=800 maxerr=3.11E-14 time=81.452
-99.0After sweep 1 energy=-126.83458341353801  maxlinkdim=4 maxerr=0.00E+00 time=0.039
After sweep 1 energy=-126.9230774639686  maxlinkdim=16 maxerr=0.00E+00 time=0.058
After sweep 1 energy=-126.93309635145717  maxlinkdim=51 maxerr=9.98E-16 time=0.183
After sweep 1 energy=-126.93867088815098  maxlinkdim=121 maxerr=9.99E-16 time=1.181
After sweep 1 energy=-126.9428880813356  maxlinkdim=252 maxerr=1.00E-15 time=4.130
After sweep 1 energy=-126.94613945958514  maxlinkdim=485 maxerr=1.00E-15 time=13.775
After sweep 1 energy=-126.94871544645446  maxlinkdim=800 maxerr=2.37E-15 time=40.522
After sweep 1 energy=-126.95087634061876  maxlinkdim=800 maxerr=3.80E-14 time=69.021
After sweep 1 energy=-126.95277013600233  maxlinkdim=800 maxerr=3.42E-14 time=79.775
After sweep 1 energy=-126.95449713493802  maxlinkdim=800 maxerr=3.11E-14 time=80.835
-99.0After sweep 1 energy=-126.83458341353801  maxlinkdim=4 maxerr=0.00E+00 time=0.045
After sweep 1 energy=-126.9230774639686  maxlinkdim=16 maxerr=0.00E+00 time=0.058
After sweep 1 energy=-126.93309635145717  maxlinkdim=51 maxerr=9.98E-16 time=0.183
After sweep 1 energy=-126.93867088815098  maxlinkdim=121 maxerr=9.99E-16 time=1.170
After sweep 1 energy=-126.9428880813356  maxlinkdim=252 maxerr=1.00E-15 time=4.107
After sweep 1 energy=-126.94613945958514  maxlinkdim=485 maxerr=1.00E-15 time=13.727
After sweep 1 energy=-126.94871544645446  maxlinkdim=800 maxerr=2.37E-15 time=40.552
After sweep 1 energy=-126.95087634061876  maxlinkdim=800 maxerr=3.80E-14 time=69.529
After sweep 1 energy=-126.95277013600233  maxlinkdim=800 maxerr=3.42E-14 time=78.921
After sweep 1 energy=-126.95449713493802  maxlinkdim=800 maxerr=3.11E-14 time=82.010
Numero de qubits: 100 
Dimension max: 900 
Threads (LinearAlgebra) :15
Threads (Julia) :1


-99.0After sweep 1 energy=-126.83458341353801  maxlinkdim=4 maxerr=0.00E+00 time=0.040
After sweep 1 energy=-126.9230774639686  maxlinkdim=16 maxerr=0.00E+00 time=0.064
After sweep 1 energy=-126.93309635145717  maxlinkdim=51 maxerr=9.98E-16 time=0.180
After sweep 1 energy=-126.93867088815098  maxlinkdim=121 maxerr=9.99E-16 time=1.154
After sweep 1 energy=-126.9428880813356  maxlinkdim=252 maxerr=1.00E-15 time=4.237
After sweep 1 energy=-126.94613945958514  maxlinkdim=485 maxerr=1.00E-15 time=13.677
After sweep 1 energy=-126.94871698502217  maxlinkdim=859 maxerr=1.00E-15 time=42.564
After sweep 1 energy=-126.95088593784396  maxlinkdim=900 maxerr=3.35E-14 time=84.036
After sweep 1 energy=-126.95279220583794  maxlinkdim=900 maxerr=3.63E-14 time=97.353
After sweep 1 energy=-126.95451495444196  maxlinkdim=900 maxerr=2.80E-14 time=99.974
-99.0After sweep 1 energy=-126.83458341353801  maxlinkdim=4 maxerr=0.00E+00 time=0.039
After sweep 1 energy=-126.9230774639686  maxlinkdim=16 maxerr=0.00E+00 time=0.063
After sweep 1 energy=-126.93309635145717  maxlinkdim=51 maxerr=9.98E-16 time=0.184
After sweep 1 energy=-126.93867088815098  maxlinkdim=121 maxerr=9.99E-16 time=0.970
After sweep 1 energy=-126.9428880813356  maxlinkdim=252 maxerr=1.00E-15 time=3.454
After sweep 1 energy=-126.94613945958514  maxlinkdim=485 maxerr=1.00E-15 time=13.850
After sweep 1 energy=-126.94871698502217  maxlinkdim=859 maxerr=1.00E-15 time=41.445
After sweep 1 energy=-126.95088593784396  maxlinkdim=900 maxerr=3.35E-14 time=79.527
After sweep 1 energy=-126.95279220583794  maxlinkdim=900 maxerr=3.63E-14 time=94.632
After sweep 1 energy=-126.95451495444196  maxlinkdim=900 maxerr=2.80E-14 time=100.560
-99.0After sweep 1 energy=-126.83458341353801  maxlinkdim=4 maxerr=0.00E+00 time=0.045
After sweep 1 energy=-126.9230774639686  maxlinkdim=16 maxerr=0.00E+00 time=0.065
After sweep 1 energy=-126.93309635145717  maxlinkdim=51 maxerr=9.98E-16 time=0.183
After sweep 1 energy=-126.93867088815098  maxlinkdim=121 maxerr=9.99E-16 time=0.970
After sweep 1 energy=-126.9428880813356  maxlinkdim=252 maxerr=1.00E-15 time=3.459
After sweep 1 energy=-126.94613945958514  maxlinkdim=485 maxerr=1.00E-15 time=13.842
After sweep 1 energy=-126.94871698502217  maxlinkdim=859 maxerr=1.00E-15 time=41.311
After sweep 1 energy=-126.95088593784396  maxlinkdim=900 maxerr=3.35E-14 time=82.042
After sweep 1 energy=-126.95279220583794  maxlinkdim=900 maxerr=3.63E-14 time=97.343
After sweep 1 energy=-126.95451495444196  maxlinkdim=900 maxerr=2.80E-14 time=99.835
-99.0After sweep 1 energy=-126.83458341353801  maxlinkdim=4 maxerr=0.00E+00 time=0.040
After sweep 1 energy=-126.9230774639686  maxlinkdim=16 maxerr=0.00E+00 time=0.069
After sweep 1 energy=-126.93309635145717  maxlinkdim=51 maxerr=9.98E-16 time=0.182
After sweep 1 energy=-126.93867088815098  maxlinkdim=121 maxerr=9.99E-16 time=0.974
After sweep 1 energy=-126.9428880813356  maxlinkdim=252 maxerr=1.00E-15 time=3.475
After sweep 1 energy=-126.94613945958514  maxlinkdim=485 maxerr=1.00E-15 time=13.583
After sweep 1 energy=-126.94871698502217  maxlinkdim=859 maxerr=1.00E-15 time=41.373
After sweep 1 energy=-126.95088593784396  maxlinkdim=900 maxerr=3.35E-14 time=80.881
After sweep 1 energy=-126.95279220583794  maxlinkdim=900 maxerr=3.63E-14 time=95.902
After sweep 1 energy=-126.95451495444196  maxlinkdim=900 maxerr=2.80E-14 time=99.608
-99.0After sweep 1 energy=-126.83458341353801  maxlinkdim=4 maxerr=0.00E+00 time=0.044
After sweep 1 energy=-126.9230774639686  maxlinkdim=16 maxerr=0.00E+00 time=0.061
After sweep 1 energy=-126.93309635145717  maxlinkdim=51 maxerr=9.98E-16 time=0.182
After sweep 1 energy=-126.93867088815098  maxlinkdim=121 maxerr=9.99E-16 time=0.961
After sweep 1 energy=-126.9428880813356  maxlinkdim=252 maxerr=1.00E-15 time=3.449
After sweep 1 energy=-126.94613945958514  maxlinkdim=485 maxerr=1.00E-15 time=13.770
After sweep 1 energy=-126.94871698502217  maxlinkdim=859 maxerr=1.00E-15 time=41.242
After sweep 1 energy=-126.95088593784396  maxlinkdim=900 maxerr=3.35E-14 time=80.844
After sweep 1 energy=-126.95279220583794  maxlinkdim=900 maxerr=3.63E-14 time=96.355
After sweep 1 energy=-126.95451495444196  maxlinkdim=900 maxerr=2.80E-14 time=98.709
-99.0After sweep 1 energy=-126.83458341353801  maxlinkdim=4 maxerr=0.00E+00 time=0.045
After sweep 1 energy=-126.9230774639686  maxlinkdim=16 maxerr=0.00E+00 time=0.048
After sweep 1 energy=-126.93309635145717  maxlinkdim=51 maxerr=9.98E-16 time=0.185
After sweep 1 energy=-126.93867088815098  maxlinkdim=121 maxerr=9.99E-16 time=0.954
After sweep 1 energy=-126.9428880813356  maxlinkdim=252 maxerr=1.00E-15 time=4.266
After sweep 1 energy=-126.94613945958514  maxlinkdim=485 maxerr=1.00E-15 time=13.644
After sweep 1 energy=-126.94871698502217  maxlinkdim=859 maxerr=1.00E-15 time=41.140
After sweep 1 energy=-126.95088593784396  maxlinkdim=900 maxerr=3.35E-14 time=80.878
After sweep 1 energy=-126.95279220583794  maxlinkdim=900 maxerr=3.63E-14 time=96.624
After sweep 1 energy=-126.95451495444196  maxlinkdim=900 maxerr=2.80E-14 time=99.405
-99.0After sweep 1 energy=-126.83458341353801  maxlinkdim=4 maxerr=0.00E+00 time=0.039
After sweep 1 energy=-126.9230774639686  maxlinkdim=16 maxerr=0.00E+00 time=0.057
After sweep 1 energy=-126.93309635145717  maxlinkdim=51 maxerr=9.98E-16 time=0.181
After sweep 1 energy=-126.93867088815098  maxlinkdim=121 maxerr=9.99E-16 time=0.957
After sweep 1 energy=-126.9428880813356  maxlinkdim=252 maxerr=1.00E-15 time=3.646
After sweep 1 energy=-126.94613945958514  maxlinkdim=485 maxerr=1.00E-15 time=13.798
After sweep 1 energy=-126.94871698502217  maxlinkdim=859 maxerr=1.00E-15 time=41.269
After sweep 1 energy=-126.95088593784396  maxlinkdim=900 maxerr=3.35E-14 time=79.867
After sweep 1 energy=-126.95279220583794  maxlinkdim=900 maxerr=3.63E-14 time=95.387
After sweep 1 energy=-126.95451495444196  maxlinkdim=900 maxerr=2.80E-14 time=99.143
-99.0After sweep 1 energy=-126.83458341353801  maxlinkdim=4 maxerr=0.00E+00 time=0.041
After sweep 1 energy=-126.9230774639686  maxlinkdim=16 maxerr=0.00E+00 time=0.055
After sweep 1 energy=-126.93309635145717  maxlinkdim=51 maxerr=9.98E-16 time=0.178
After sweep 1 energy=-126.93867088815098  maxlinkdim=121 maxerr=9.99E-16 time=1.182
After sweep 1 energy=-126.9428880813356  maxlinkdim=252 maxerr=1.00E-15 time=4.107
After sweep 1 energy=-126.94613945958514  maxlinkdim=485 maxerr=1.00E-15 time=13.692
After sweep 1 energy=-126.94871698502217  maxlinkdim=859 maxerr=1.00E-15 time=41.196
After sweep 1 energy=-126.95088593784396  maxlinkdim=900 maxerr=3.35E-14 time=82.675
After sweep 1 energy=-126.95279220583794  maxlinkdim=900 maxerr=3.63E-14 time=96.159
After sweep 1 energy=-126.95451495444196  maxlinkdim=900 maxerr=2.80E-14 time=100.508
-99.0After sweep 1 energy=-126.83458341353801  maxlinkdim=4 maxerr=0.00E+00 time=0.044
After sweep 1 energy=-126.9230774639686  maxlinkdim=16 maxerr=0.00E+00 time=0.060
After sweep 1 energy=-126.93309635145717  maxlinkdim=51 maxerr=9.98E-16 time=0.180
After sweep 1 energy=-126.93867088815098  maxlinkdim=121 maxerr=9.99E-16 time=0.959
After sweep 1 energy=-126.9428880813356  maxlinkdim=252 maxerr=1.00E-15 time=3.440
After sweep 1 energy=-126.94613945958514  maxlinkdim=485 maxerr=1.00E-15 time=13.864
After sweep 1 energy=-126.94871698502217  maxlinkdim=859 maxerr=1.00E-15 time=41.375
After sweep 1 energy=-126.95088593784396  maxlinkdim=900 maxerr=3.35E-14 time=79.515
After sweep 1 energy=-126.95279220583794  maxlinkdim=900 maxerr=3.63E-14 time=94.144
After sweep 1 energy=-126.95451495444196  maxlinkdim=900 maxerr=2.80E-14 time=99.523
-99.0After sweep 1 energy=-126.83458341353801  maxlinkdim=4 maxerr=0.00E+00 time=0.042
After sweep 1 energy=-126.9230774639686  maxlinkdim=16 maxerr=0.00E+00 time=0.052
After sweep 1 energy=-126.93309635145717  maxlinkdim=51 maxerr=9.98E-16 time=0.188
After sweep 1 energy=-126.93867088815098  maxlinkdim=121 maxerr=9.99E-16 time=0.969
After sweep 1 energy=-126.9428880813356  maxlinkdim=252 maxerr=1.00E-15 time=3.462
After sweep 1 energy=-126.94613945958514  maxlinkdim=485 maxerr=1.00E-15 time=13.597
After sweep 1 energy=-126.94871698502217  maxlinkdim=859 maxerr=1.00E-15 time=41.221
After sweep 1 energy=-126.95088593784396  maxlinkdim=900 maxerr=3.35E-14 time=79.226
After sweep 1 energy=-126.95279220583794  maxlinkdim=900 maxerr=3.63E-14 time=94.660
After sweep 1 energy=-126.95451495444196  maxlinkdim=900 maxerr=2.80E-14 time=99.195
Numero de qubits: 100 
Dimension max: 1000 
Threads (LinearAlgebra) :15
Threads (Julia) :1


-99.0After sweep 1 energy=-126.83458341353801  maxlinkdim=4 maxerr=0.00E+00 time=0.037
After sweep 1 energy=-126.9230774639686  maxlinkdim=16 maxerr=0.00E+00 time=0.063
After sweep 1 energy=-126.93309635145717  maxlinkdim=51 maxerr=9.98E-16 time=0.180
After sweep 1 energy=-126.93867088815098  maxlinkdim=121 maxerr=9.99E-16 time=0.966
After sweep 1 energy=-126.9428880813356  maxlinkdim=252 maxerr=1.00E-15 time=3.465
After sweep 1 energy=-126.94613945958514  maxlinkdim=485 maxerr=1.00E-15 time=13.609
After sweep 1 energy=-126.94871698502217  maxlinkdim=859 maxerr=1.00E-15 time=41.439
After sweep 1 energy=-126.95089115992656  maxlinkdim=1000 maxerr=2.81E-14 time=92.367
After sweep 1 energy=-126.95280054483035  maxlinkdim=1000 maxerr=3.45E-14 time=117.501
After sweep 1 energy=-126.95452996593049  maxlinkdim=1000 maxerr=2.75E-14 time=122.566
-99.0After sweep 1 energy=-126.83458341353801  maxlinkdim=4 maxerr=0.00E+00 time=0.041
After sweep 1 energy=-126.9230774639686  maxlinkdim=16 maxerr=0.00E+00 time=0.065
After sweep 1 energy=-126.93309635145717  maxlinkdim=51 maxerr=9.98E-16 time=0.179
After sweep 1 energy=-126.93867088815098  maxlinkdim=121 maxerr=9.99E-16 time=0.950
After sweep 1 energy=-126.9428880813356  maxlinkdim=252 maxerr=1.00E-15 time=3.360
After sweep 1 energy=-126.94613945958514  maxlinkdim=485 maxerr=1.00E-15 time=13.218
After sweep 1 energy=-126.94871698502217  maxlinkdim=859 maxerr=1.00E-15 time=41.276
After sweep 1 energy=-126.95089115992656  maxlinkdim=1000 maxerr=2.81E-14 time=89.942
After sweep 1 energy=-126.95280054483035  maxlinkdim=1000 maxerr=3.45E-14 time=116.251
After sweep 1 energy=-126.95452996593049  maxlinkdim=1000 maxerr=2.75E-14 time=122.819
-99.0After sweep 1 energy=-126.83458341353801  maxlinkdim=4 maxerr=0.00E+00 time=0.040
After sweep 1 energy=-126.9230774639686  maxlinkdim=16 maxerr=0.00E+00 time=0.055
After sweep 1 energy=-126.93309635145717  maxlinkdim=51 maxerr=9.98E-16 time=0.176
After sweep 1 energy=-126.93867088815098  maxlinkdim=121 maxerr=9.99E-16 time=0.935
After sweep 1 energy=-126.9428880813356  maxlinkdim=252 maxerr=1.00E-15 time=3.330
After sweep 1 energy=-126.94613945958514  maxlinkdim=485 maxerr=1.00E-15 time=13.820
After sweep 1 energy=-126.94871698502217  maxlinkdim=859 maxerr=1.00E-15 time=41.241
After sweep 1 energy=-126.95089115992656  maxlinkdim=1000 maxerr=2.81E-14 time=93.645
After sweep 1 energy=-126.95280054483035  maxlinkdim=1000 maxerr=3.45E-14 time=116.933
After sweep 1 energy=-126.95452996593049  maxlinkdim=1000 maxerr=2.75E-14 time=122.083
-99.0After sweep 1 energy=-126.83458341353801  maxlinkdim=4 maxerr=0.00E+00 time=0.044
After sweep 1 energy=-126.9230774639686  maxlinkdim=16 maxerr=0.00E+00 time=0.054
After sweep 1 energy=-126.93309635145717  maxlinkdim=51 maxerr=9.98E-16 time=0.191
After sweep 1 energy=-126.93867088815098  maxlinkdim=121 maxerr=9.99E-16 time=0.943
After sweep 1 energy=-126.9428880813356  maxlinkdim=252 maxerr=1.00E-15 time=3.380
After sweep 1 energy=-126.94613945958514  maxlinkdim=485 maxerr=1.00E-15 time=13.067
After sweep 1 energy=-126.94871698502217  maxlinkdim=859 maxerr=1.00E-15 time=41.206
After sweep 1 energy=-126.95089115992656  maxlinkdim=1000 maxerr=2.81E-14 time=91.328
After sweep 1 energy=-126.95280054483035  maxlinkdim=1000 maxerr=3.45E-14 time=117.992
After sweep 1 energy=-126.95452996593049  maxlinkdim=1000 maxerr=2.75E-14 time=122.361
-99.0After sweep 1 energy=-126.83458341353801  maxlinkdim=4 maxerr=0.00E+00 time=0.044
After sweep 1 energy=-126.9230774639686  maxlinkdim=16 maxerr=0.00E+00 time=0.056
After sweep 1 energy=-126.93309635145717  maxlinkdim=51 maxerr=9.98E-16 time=0.180
After sweep 1 energy=-126.93867088815098  maxlinkdim=121 maxerr=9.99E-16 time=0.941
After sweep 1 energy=-126.9428880813356  maxlinkdim=252 maxerr=1.00E-15 time=3.362
After sweep 1 energy=-126.94613945958514  maxlinkdim=485 maxerr=1.00E-15 time=13.135
After sweep 1 energy=-126.94871698502217  maxlinkdim=859 maxerr=1.00E-15 time=41.355
After sweep 1 energy=-126.95089115992656  maxlinkdim=1000 maxerr=2.81E-14 time=90.016
After sweep 1 energy=-126.95280054483035  maxlinkdim=1000 maxerr=3.45E-14 time=113.919
After sweep 1 energy=-126.95452996593049  maxlinkdim=1000 maxerr=2.75E-14 time=121.637
-99.0After sweep 1 energy=-126.83458341353801  maxlinkdim=4 maxerr=0.00E+00 time=0.040
After sweep 1 energy=-126.9230774639686  maxlinkdim=16 maxerr=0.00E+00 time=0.055
After sweep 1 energy=-126.93309635145717  maxlinkdim=51 maxerr=9.98E-16 time=0.187
After sweep 1 energy=-126.93867088815098  maxlinkdim=121 maxerr=9.99E-16 time=0.933
After sweep 1 energy=-126.9428880813356  maxlinkdim=252 maxerr=1.00E-15 time=3.323
After sweep 1 energy=-126.94613945958514  maxlinkdim=485 maxerr=1.00E-15 time=13.835
After sweep 1 energy=-126.94871698502217  maxlinkdim=859 maxerr=1.00E-15 time=41.152
After sweep 1 energy=-126.95089115992656  maxlinkdim=1000 maxerr=2.81E-14 time=90.018
After sweep 1 energy=-126.95280054483035  maxlinkdim=1000 maxerr=3.45E-14 time=115.620
After sweep 1 energy=-126.95452996593049  maxlinkdim=1000 maxerr=2.75E-14 time=121.799
-99.0After sweep 1 energy=-126.83458341353801  maxlinkdim=4 maxerr=0.00E+00 time=0.039
After sweep 1 energy=-126.9230774639686  maxlinkdim=16 maxerr=0.00E+00 time=0.051
After sweep 1 energy=-126.93309635145717  maxlinkdim=51 maxerr=9.98E-16 time=0.201
After sweep 1 energy=-126.93867088815098  maxlinkdim=121 maxerr=9.99E-16 time=0.943
After sweep 1 energy=-126.9428880813356  maxlinkdim=252 maxerr=1.00E-15 time=3.375
After sweep 1 energy=-126.94613945958514  maxlinkdim=485 maxerr=1.00E-15 time=13.059
After sweep 1 energy=-126.94871698502217  maxlinkdim=859 maxerr=1.00E-15 time=41.349
After sweep 1 energy=-126.95089115992656  maxlinkdim=1000 maxerr=2.81E-14 time=89.876
After sweep 1 energy=-126.95280054483035  maxlinkdim=1000 maxerr=3.45E-14 time=114.430
After sweep 1 energy=-126.95452996593049  maxlinkdim=1000 maxerr=2.75E-14 time=121.526
-99.0After sweep 1 energy=-126.83458341353801  maxlinkdim=4 maxerr=0.00E+00 time=0.046
After sweep 1 energy=-126.9230774639686  maxlinkdim=16 maxerr=0.00E+00 time=0.048
After sweep 1 energy=-126.93309635145717  maxlinkdim=51 maxerr=9.98E-16 time=0.185
After sweep 1 energy=-126.93867088815098  maxlinkdim=121 maxerr=9.99E-16 time=0.938
After sweep 1 energy=-126.9428880813356  maxlinkdim=252 maxerr=1.00E-15 time=3.363
After sweep 1 energy=-126.94613945958514  maxlinkdim=485 maxerr=1.00E-15 time=13.532
After sweep 1 energy=-126.94871698502217  maxlinkdim=859 maxerr=1.00E-15 time=41.132
After sweep 1 energy=-126.95089115992656  maxlinkdim=1000 maxerr=2.81E-14 time=89.860
After sweep 1 energy=-126.95280054483035  maxlinkdim=1000 maxerr=3.45E-14 time=115.355
After sweep 1 energy=-126.95452996593049  maxlinkdim=1000 maxerr=2.75E-14 time=122.944
-99.0After sweep 1 energy=-126.83458341353801  maxlinkdim=4 maxerr=0.00E+00 time=0.044
After sweep 1 energy=-126.9230774639686  maxlinkdim=16 maxerr=0.00E+00 time=0.045
After sweep 1 energy=-126.93309635145717  maxlinkdim=51 maxerr=9.98E-16 time=0.202
After sweep 1 energy=-126.93867088815098  maxlinkdim=121 maxerr=9.99E-16 time=0.942
After sweep 1 energy=-126.9428880813356  maxlinkdim=252 maxerr=1.00E-15 time=3.370
After sweep 1 energy=-126.94613945958514  maxlinkdim=485 maxerr=1.00E-15 time=13.121
After sweep 1 energy=-126.94871698502217  maxlinkdim=859 maxerr=1.00E-15 time=41.199
After sweep 1 energy=-126.95089115992656  maxlinkdim=1000 maxerr=2.81E-14 time=89.980
After sweep 1 energy=-126.95280054483035  maxlinkdim=1000 maxerr=3.45E-14 time=114.529
After sweep 1 energy=-126.95452996593049  maxlinkdim=1000 maxerr=2.75E-14 time=122.302
-99.0After sweep 1 energy=-126.83458341353801  maxlinkdim=4 maxerr=0.00E+00 time=0.044
After sweep 1 energy=-126.9230774639686  maxlinkdim=16 maxerr=0.00E+00 time=0.065
After sweep 1 energy=-126.93309635145717  maxlinkdim=51 maxerr=9.98E-16 time=0.178
After sweep 1 energy=-126.93867088815098  maxlinkdim=121 maxerr=9.99E-16 time=0.945
After sweep 1 energy=-126.9428880813356  maxlinkdim=252 maxerr=1.00E-15 time=3.351
After sweep 1 energy=-126.94613945958514  maxlinkdim=485 maxerr=1.00E-15 time=13.386
After sweep 1 energy=-126.94871698502217  maxlinkdim=859 maxerr=1.00E-15 time=41.271
After sweep 1 energy=-126.95089115992656  maxlinkdim=1000 maxerr=2.81E-14 time=89.752
After sweep 1 energy=-126.95280054483035  maxlinkdim=1000 maxerr=3.45E-14 time=114.151
After sweep 1 energy=-126.95452996593049  maxlinkdim=1000 maxerr=2.75E-14 time=123.298
