Numero de qubits: 20 
Threads (LinearAlgebra) :15
Threads (Julia) :1


 70.922370 seconds (94.45 M allocations: 64.643 GiB, 13.72% gc time, 31.57% compilation time)


 46.680054 seconds (3.02 M allocations: 58.355 GiB, 18.39% gc time)


 44.761086 seconds (3.02 M allocations: 56.959 GiB, 17.91% gc time)


 44.698631 seconds (3.02 M allocations: 57.728 GiB, 18.83% gc time)


 45.962711 seconds (3.02 M allocations: 60.226 GiB, 18.34% gc time)


 45.282138 seconds (3.02 M allocations: 58.815 GiB, 18.19% gc time)


 46.366566 seconds (3.02 M allocations: 59.874 GiB, 18.20% gc time)


 44.964327 seconds (3.02 M allocations: 57.659 GiB, 18.12% gc time)


 47.638798 seconds (3.02 M allocations: 60.933 GiB, 18.49% gc time)


 45.256245 seconds (3.02 M allocations: 57.985 GiB, 18.21% gc time)


 40.316430 seconds (3.02 M allocations: 52.891 GiB, 18.34% gc time)


 47.450281 seconds (3.02 M allocations: 60.378 GiB, 18.51% gc time)


 46.029008 seconds (3.02 M allocations: 58.898 GiB, 18.57% gc time)


 44.663878 seconds (3.02 M allocations: 56.486 GiB, 18.40% gc time)


 41.193354 seconds (3.01 M allocations: 52.394 GiB, 18.98% gc time)


 44.032007 seconds (3.02 M allocations: 56.299 GiB, 17.83% gc time)


 45.237246 seconds (3.02 M allocations: 56.968 GiB, 17.88% gc time)


 45.086730 seconds (3.02 M allocations: 57.881 GiB, 17.86% gc time)


 46.241822 seconds (3.02 M allocations: 58.270 GiB, 18.39% gc time)


 45.875422 seconds (3.02 M allocations: 58.310 GiB, 18.18% gc time)


 45.830366 seconds (3.02 M allocations: 58.459 GiB, 17.75% gc time)


