Numero de qubits: 15 
Threads (LinearAlgebra) :30
Threads (Julia) :1


 23.150681 seconds (91.41 M allocations: 5.301 GiB, 4.75% gc time, 95.35% compilation time)


  0.854466 seconds (1.39 M allocations: 862.750 MiB, 3.74% gc time, 29.02% compilation time)


  0.783164 seconds (506.43 k allocations: 816.757 MiB, 24.28% gc time)


  0.604929 seconds (506.41 k allocations: 816.756 MiB, 3.00% gc time)


  0.600575 seconds (506.41 k allocations: 816.756 MiB, 4.17% gc time)


  0.745535 seconds (506.41 k allocations: 816.756 MiB, 22.07% gc time)


  0.599965 seconds (506.41 k allocations: 816.756 MiB, 3.88% gc time)


  0.754366 seconds (506.41 k allocations: 816.755 MiB, 23.66% gc time)


  0.601065 seconds (506.41 k allocations: 816.756 MiB, 2.99% gc time)


  0.604954 seconds (506.43 k allocations: 816.757 MiB, 4.16% gc time)


  0.767380 seconds (506.42 k allocations: 816.756 MiB, 22.44% gc time)


  0.606355 seconds (506.42 k allocations: 816.756 MiB, 3.97% gc time)


  0.752785 seconds (506.42 k allocations: 816.756 MiB, 23.32% gc time)


  0.585687 seconds (506.41 k allocations: 816.755 MiB, 3.31% gc time)


  0.614896 seconds (506.41 k allocations: 816.756 MiB, 4.28% gc time)


  0.791215 seconds (506.41 k allocations: 816.756 MiB, 23.42% gc time)


  0.603022 seconds (506.41 k allocations: 816.756 MiB, 4.10% gc time)


  0.765526 seconds (506.41 k allocations: 816.756 MiB, 24.86% gc time)


  0.598628 seconds (506.42 k allocations: 816.756 MiB, 3.23% gc time)


  0.604097 seconds (506.41 k allocations: 816.756 MiB, 4.26% gc time)


  0.759766 seconds (506.42 k allocations: 816.757 MiB, 22.28% gc time)


Numero de qubits: 16 
Threads (LinearAlgebra) :30
Threads (Julia) :1


  1.532849 seconds (544.55 k allocations: 1.633 GiB, 12.80% gc time)


  1.561506 seconds (544.54 k allocations: 1.633 GiB, 13.77% gc time)


  1.711933 seconds (544.54 k allocations: 1.633 GiB, 21.91% gc time)


  5.976085 seconds (544.54 k allocations: 1.633 GiB, 3.16% gc time)


  1.688684 seconds (544.54 k allocations: 1.633 GiB, 19.99% gc time)


  1.593689 seconds (544.53 k allocations: 1.633 GiB, 13.14% gc time)


  2.029981 seconds (544.55 k allocations: 1.633 GiB, 20.10% gc time)


  1.569995 seconds (544.53 k allocations: 1.633 GiB, 11.84% gc time)


  1.598723 seconds (544.54 k allocations: 1.633 GiB, 11.91% gc time)


  1.754018 seconds (544.55 k allocations: 1.633 GiB, 19.35% gc time)


  1.584503 seconds (544.54 k allocations: 1.633 GiB, 13.08% gc time)


  1.586525 seconds (544.54 k allocations: 1.633 GiB, 14.23% gc time)


  1.690105 seconds (544.56 k allocations: 1.633 GiB, 20.23% gc time)


  1.496908 seconds (544.54 k allocations: 1.633 GiB, 11.97% gc time)


  1.479829 seconds (544.55 k allocations: 1.633 GiB, 12.55% gc time)


  1.706287 seconds (544.55 k allocations: 1.633 GiB, 21.65% gc time)


  1.608300 seconds (544.55 k allocations: 1.633 GiB, 13.62% gc time)


  1.761972 seconds (544.54 k allocations: 1.633 GiB, 12.60% gc time)


  1.762583 seconds (544.55 k allocations: 1.633 GiB, 21.22% gc time)


  1.620798 seconds (544.54 k allocations: 1.633 GiB, 12.45% gc time)


  1.578388 seconds (544.54 k allocations: 1.633 GiB, 13.60% gc time)


Numero de qubits: 17 
Threads (LinearAlgebra) :30
Threads (Julia) :1


  2.580954 seconds (584.83 k allocations: 2.521 GiB, 21.16% gc time)


  2.419251 seconds (584.84 k allocations: 2.521 GiB, 15.09% gc time)


  2.804054 seconds (584.82 k allocations: 2.521 GiB, 20.47% gc time)


  2.450799 seconds (584.85 k allocations: 2.521 GiB, 15.96% gc time)


  2.712047 seconds (584.83 k allocations: 2.521 GiB, 21.35% gc time)


  2.502064 seconds (584.83 k allocations: 2.521 GiB, 15.87% gc time)


  2.570930 seconds (584.83 k allocations: 2.521 GiB, 20.18% gc time)


  2.425566 seconds (584.83 k allocations: 2.521 GiB, 14.46% gc time)


  2.741604 seconds (584.81 k allocations: 2.521 GiB, 21.47% gc time)


  2.677222 seconds (584.83 k allocations: 2.521 GiB, 14.11% gc time)


  2.660531 seconds (584.82 k allocations: 2.521 GiB, 20.69% gc time)


  2.396846 seconds (584.82 k allocations: 2.521 GiB, 14.44% gc time)


  2.394626 seconds (584.82 k allocations: 2.521 GiB, 20.95% gc time)


  2.325926 seconds (584.84 k allocations: 2.521 GiB, 14.83% gc time)


  2.569353 seconds (584.82 k allocations: 2.521 GiB, 19.90% gc time)


  2.364465 seconds (584.83 k allocations: 2.521 GiB, 14.51% gc time)


  3.297236 seconds (584.82 k allocations: 2.521 GiB, 15.90% gc time)


  2.449167 seconds (584.84 k allocations: 2.521 GiB, 15.72% gc time)


  2.526984 seconds (584.82 k allocations: 2.521 GiB, 20.13% gc time)


  2.355441 seconds (584.83 k allocations: 2.521 GiB, 14.84% gc time)


  2.554710 seconds (584.83 k allocations: 2.521 GiB, 19.59% gc time)


Numero de qubits: 18 
Threads (LinearAlgebra) :30
Threads (Julia) :1


  5.392372 seconds (626.55 k allocations: 5.342 GiB, 15.91% gc time)


  5.298031 seconds (626.56 k allocations: 5.342 GiB, 16.13% gc time)


  5.336205 seconds (626.58 k allocations: 5.342 GiB, 16.36% gc time)


  5.316215 seconds (626.56 k allocations: 5.342 GiB, 16.83% gc time)


  5.438881 seconds (626.58 k allocations: 5.342 GiB, 17.97% gc time)


  5.481677 seconds (626.56 k allocations: 5.342 GiB, 17.77% gc time)


  5.343073 seconds (626.57 k allocations: 5.342 GiB, 18.42% gc time)


 17.851655 seconds (626.56 k allocations: 5.342 GiB, 7.31% gc time)


  5.507838 seconds (626.57 k allocations: 5.342 GiB, 18.00% gc time)


  5.526912 seconds (626.58 k allocations: 5.342 GiB, 17.80% gc time)


 10.450608 seconds (626.56 k allocations: 5.342 GiB, 11.49% gc time)


  5.570583 seconds (626.54 k allocations: 5.342 GiB, 17.74% gc time)


  5.497000 seconds (626.55 k allocations: 5.342 GiB, 18.05% gc time)


  5.581018 seconds (626.55 k allocations: 5.342 GiB, 17.89% gc time)


  5.489241 seconds (626.57 k allocations: 5.342 GiB, 17.88% gc time)


  5.573854 seconds (626.57 k allocations: 5.342 GiB, 17.65% gc time)


  5.718669 seconds (626.57 k allocations: 5.342 GiB, 18.06% gc time)


  5.865975 seconds (626.55 k allocations: 5.342 GiB, 19.54% gc time)


  5.531270 seconds (626.57 k allocations: 5.342 GiB, 17.81% gc time)


  5.600682 seconds (626.56 k allocations: 5.342 GiB, 17.56% gc time)


  5.452812 seconds (626.58 k allocations: 5.342 GiB, 18.11% gc time)


Numero de qubits: 19 
Threads (LinearAlgebra) :30
Threads (Julia) :1


  8.124817 seconds (667.53 k allocations: 8.377 GiB, 19.91% gc time)


  8.810677 seconds (667.54 k allocations: 8.377 GiB, 19.01% gc time)


  8.051715 seconds (667.54 k allocations: 8.377 GiB, 18.26% gc time)


  7.830473 seconds (667.52 k allocations: 8.377 GiB, 18.64% gc time)


  8.094901 seconds (667.52 k allocations: 8.377 GiB, 19.93% gc time)


  8.170476 seconds (667.52 k allocations: 8.377 GiB, 20.03% gc time)


  8.255477 seconds (667.51 k allocations: 8.377 GiB, 19.99% gc time)


  8.146039 seconds (667.54 k allocations: 8.377 GiB, 19.78% gc time)


  7.972476 seconds (667.53 k allocations: 8.377 GiB, 20.14% gc time)


  7.829518 seconds (667.53 k allocations: 8.377 GiB, 18.48% gc time)


  7.937392 seconds (667.52 k allocations: 8.377 GiB, 18.47% gc time)


  8.001468 seconds (667.54 k allocations: 8.377 GiB, 18.95% gc time)


  8.078905 seconds (667.54 k allocations: 8.377 GiB, 20.09% gc time)


  7.935720 seconds (667.52 k allocations: 8.377 GiB, 20.19% gc time)


  8.107705 seconds (667.54 k allocations: 8.377 GiB, 20.01% gc time)


  8.080559 seconds (667.52 k allocations: 8.377 GiB, 19.98% gc time)


  8.127229 seconds (667.54 k allocations: 8.377 GiB, 20.00% gc time)


  8.374385 seconds (667.53 k allocations: 8.377 GiB, 19.56% gc time)


  8.212076 seconds (667.53 k allocations: 8.377 GiB, 19.68% gc time)


 10.848217 seconds (667.53 k allocations: 8.377 GiB, 16.59% gc time)


  8.097450 seconds (667.52 k allocations: 8.377 GiB, 20.24% gc time)


Numero de qubits: 20 
Threads (LinearAlgebra) :30
Threads (Julia) :1


 19.186015 seconds (720.67 k allocations: 18.107 GiB, 17.28% gc time)


 21.979665 seconds (720.67 k allocations: 18.107 GiB, 15.44% gc time)


 19.163640 seconds (720.65 k allocations: 18.107 GiB, 17.27% gc time)


 19.013391 seconds (720.66 k allocations: 18.107 GiB, 17.40% gc time)


 18.330258 seconds (720.65 k allocations: 18.118 GiB, 16.63% gc time)


 19.059902 seconds (720.67 k allocations: 18.107 GiB, 17.29% gc time)


 19.133247 seconds (720.68 k allocations: 18.107 GiB, 16.80% gc time)


 18.389416 seconds (720.65 k allocations: 18.118 GiB, 16.62% gc time)


 19.023957 seconds (720.65 k allocations: 18.107 GiB, 17.59% gc time)


 18.564327 seconds (720.65 k allocations: 18.119 GiB, 17.84% gc time)


 18.979598 seconds (720.64 k allocations: 18.107 GiB, 17.49% gc time)


 19.997880 seconds (720.67 k allocations: 18.107 GiB, 17.01% gc time)


 19.671630 seconds (720.67 k allocations: 18.107 GiB, 16.79% gc time)


 23.896231 seconds (720.67 k allocations: 18.107 GiB, 14.04% gc time)


 19.626438 seconds (720.66 k allocations: 18.107 GiB, 16.82% gc time)


 19.697196 seconds (720.67 k allocations: 18.107 GiB, 16.25% gc time)


 18.952190 seconds (720.64 k allocations: 18.107 GiB, 16.71% gc time)


 19.936372 seconds (720.65 k allocations: 18.107 GiB, 16.16% gc time)


 18.511150 seconds (720.66 k allocations: 18.119 GiB, 17.84% gc time)


 19.204934 seconds (720.66 k allocations: 18.107 GiB, 17.50% gc time)


 18.835749 seconds (720.66 k allocations: 18.107 GiB, 16.71% gc time)


