Dataset: Ionosphere. Featuremap: ZZ

Bond: 0.2

L = 4

 Max dim = 2
Memoria: 7.767906188964844 MB
Mean D: 2.0
Var  D: 0.0
Mean Renyi2: 1.9532931936871867
Var  Renyi2: 4.040098294384584
Mean accuracy: 0.8726115533782406
Variance of accuracy: 0.00123023789667258

 Max dim = 4
Memoria: 11.698570251464844 MB
Mean D: 4.0
Var  D: 0.0
Mean Renyi2: 0.6941242901384949
Var  Renyi2: 0.22331546591916265
Mean accuracy: 0.9228006881870935
Variance of accuracy: 0.0009820367205104932

 Max dim = 8
Memoria: 26.395835876464844 MB
Mean D: 8.0
Var  D: 0.0
Mean Renyi2: 0.6941242901385006
Var  Renyi2: 0.22331546591915993
Mean accuracy: 0.9274139911935378
Variance of accuracy: 0.0008701132080683225

 Max dim = 16
Memoria: 45.536460876464844 MB
Mean D: 16.0
Var  D: 0.0
Mean Renyi2: 0.6941242901385061
Var  Renyi2: 0.22331546591915835
Mean accuracy: 0.9264516956813345
Variance of accuracy: 0.0008735240666905903
