Dataset: Ionosphere. Featuremap: ZZ

Bond: 0.2

L = 6

 Max dim = 2
Memoria: 7.767906188964844 MB
Mean D: 2.0
Var  D: 0.0
Mean Renyi2: 3.8494041062051942
Var  Renyi2: 13.347390102874094
Mean accuracy: 0.7844469716851838
Variance of accuracy: 0.002096866810197382

 Max dim = 4
Memoria: 11.698570251464844 MB
Mean D: 4.0
Var  D: 0.0
Mean Renyi2: 1.2054465144006863
Var  Renyi2: 1.3100936120120352
Mean accuracy: 0.8833534540576794
Variance of accuracy: 0.0010711573988130203

 Max dim = 8
Memoria: 26.395835876464844 MB
Mean D: 8.0
Var  D: 0.0
Mean Renyi2: 0.8936307280614605
Var  Renyi2: 0.3426614529256806
Mean accuracy: 0.911469862654186
Variance of accuracy: 0.0005503453914809289

 Max dim = 16
Memoria: 81.08333587646484 MB
Mean D: 16.0
Var  D: 0.0
Mean Renyi2: 0.8936307280614735
Var  Renyi2: 0.3426614529256786
Mean accuracy: 0.9119364301752545
Variance of accuracy: 0.001091391519233215

 Max dim = 32
Memoria: 283.42708587646484 MB
Mean D: 32.0
Var  D: 0.0
Mean Renyi2: 0.893630728061475
Var  Renyi2: 0.34266145292567485
Mean accuracy: 0.9120748840871313
Variance of accuracy: 0.0006953373750188722

 Max dim = 64
Memoria: 545.9270858764648 MB
Mean D: 64.0
Var  D: 0.0
Mean Renyi2: 0.893630728061479
Var  Renyi2: 0.3426614529256752
Mean accuracy: 0.9137399469279446
Variance of accuracy: 0.00036066481934143537
