Dataset: Ionosphere. Featuremap: ZZ

Bond: 0.2

L = 3

 Max dim = 2
Memoria: 7.767906188964844 MB
Mean D: 2.0
Var  D: 0.0
Mean Renyi2: 1.9326060659171158
Var  Renyi2: 4.031514735852675
Mean accuracy: 0.8747247543230398
Variance of accuracy: 0.0017935407018007047

 Max dim = 4
Memoria: 11.698570251464844 MB
Mean D: 4.0
Var  D: 0.0
Mean Renyi2: 0.6941242901384834
Var  Renyi2: 0.2233154659191593
Mean accuracy: 0.9251703846266001
Variance of accuracy: 0.0010748020789747663

 Max dim = 8
Memoria: 16.825523376464844 MB
Mean D: 8.0
Var  D: 0.0
Mean Renyi2: 0.6941242901384892
Var  Renyi2: 0.22331546591915868
Mean accuracy: 0.9229488233750325
Variance of accuracy: 0.0009381275298599425
