Dataset: Arrhythmia. Featuremap: ZZ

Bond: 0.1

L = 3

Max dim = 2
Memoria: 82.03607940673828 MB
Mean D: 2.0
Var  D: 0.0
Mean Renyi2: 5.722980956952556
Var  Renyi2: 0.8350866400814254
Mean accuracy: 0.7324297924297924
Variance of accuracy: 0.0013437916038648635

Max dim = 4
Memoria: 126.83881378173828 MB
Mean D: 4.0
Var  D: 0.0
Mean Renyi2: 0.9053053868353428
Var  Renyi2: 0.0037562217856843506
Mean accuracy: 0.7324297924297924
Variance of accuracy: 0.004180263909201638

Max dim = 8
Memoria: 186.42865753173828 MB
Mean D: 8.0
Var  D: 0.0
Mean Renyi2: 0.905305386835387
Var  Renyi2: 0.0037562217856841654
Mean accuracy: 0.7279365079365079
Variance of accuracy: 0.0026945842110677274
