Dataset: Breast_cancer. Featuremap: ZZ

Bond: 0.2

L = 5

Max dim = 2
Memoria: 11.117660522460938 MB
Mean D: 2.0
Var  D: 0.0
Mean Renyi2: 4.9217931868021525
Var  Renyi2: 9.28741741478704
Mean accuracy: 0.9026179299730667
Variance of accuracy: 0.0005667135222291021

Max dim = 4
Memoria: 16.674301147460938 MB
Mean D: 4.0
Var  D: 0.0
Mean Renyi2: 1.5233530150416776
Var  Renyi2: 0.4824723589205736
Mean accuracy: 0.9550350134667177
Variance of accuracy: 0.0003281901371582472

Max dim = 8
Memoria: 37.23387145996094 MB
Mean D: 8.0
Var  D: 0.0
Mean Renyi2: 1.2737726269410836
Var  Renyi2: 0.16841861304630262
Mean accuracy: 0.9441231242785686
Variance of accuracy: 0.00026250678097943474

Max dim = 16
Memoria: 112.80418395996094 MB
Mean D: 16.0
Var  D: 0.0
Mean Renyi2: 1.2737726269410867
Var  Renyi2: 0.16841861304630043
Mean accuracy: 0.9423593689880723
Variance of accuracy: 0.0003080201671867659

Max dim = 32
Memoria: 210.60105895996094 MB
Mean D: 32.0
Var  D: 0.0
Mean Renyi2: 1.273772626941089
Var  Renyi2: 0.1684186130463003
Mean accuracy: 0.9440430934974989
Variance of accuracy: 0.00037999376542205594
