Dataset: Ionosphere. Featuremap: ZZ

Bond: 0.2

L = 4

Max dim = 2
Memoria: 7.767906188964844 MB
Mean D: 2.0
Var  D: 0.0
Mean Renyi2: 1.9532931936871867
Var  Renyi2: 4.040098294384584
Mean accuracy: 0.8697835709911642
Variance of accuracy: 0.0018514115418489727

Max dim = 4
Memoria: 11.698570251464844 MB
Mean D: 4.0
Var  D: 0.0
Mean Renyi2: 0.6941242901384949
Var  Renyi2: 0.22331546591916265
Mean accuracy: 0.9222472224652261
Variance of accuracy: 0.0008060923577350083

Max dim = 8
Memoria: 26.395835876464844 MB
Mean D: 8.0
Var  D: 0.0
Mean Renyi2: 0.6941242901385006
Var  Renyi2: 0.22331546591915993
Mean accuracy: 0.9206467792260814
Variance of accuracy: 0.0008392503954559429

Max dim = 16
Memoria: 45.536460876464844 MB
Mean D: 16.0
Var  D: 0.0
Mean Renyi2: 0.6941242901385061
Var  Renyi2: 0.22331546591915835
Mean accuracy: 0.9194965736447672
Variance of accuracy: 0.0012154370135154648
