Threads Julia activos: 2
Threads BLAS activos: 1

──────────────────────────────────────────────────────────────
⚙️  Test de escalado paralelo ITensor (multiplicaciones)
──────────────────────────────────────────────────────────────
L    Tiempo seq (s)      Tiempo par (s)      Speedup
──────────────────────────────────────────────────────────────
8    0.031               0.1111              0.28×
9    0.106               0.1711              0.62×
10   0.8421              0.3917              2.15×
11   5.852               3.6713              1.59×
12   44.8486             31.4255             1.43×
──────────────────────────────────────────────────────────────

Threads Julia activos: 4
Threads BLAS activos: 1

──────────────────────────────────────────────────────────────
⚙️  Test de escalado paralelo ITensor (multiplicaciones)
──────────────────────────────────────────────────────────────
L    Tiempo seq (s)      Tiempo par (s)      Speedup
──────────────────────────────────────────────────────────────
8    0.0269              0.0831              0.32×
9    0.112               0.0336              3.34×
10   0.7369              0.2236              3.3×
11   5.7432              2.3799              2.41×
12   44.7153             20.2101             2.21×
──────────────────────────────────────────────────────────────

Threads Julia activos: 6
Threads BLAS activos: 1

──────────────────────────────────────────────────────────────
⚙️  Test de escalado paralelo ITensor (multiplicaciones)
──────────────────────────────────────────────────────────────
L    Tiempo seq (s)      Tiempo par (s)      Speedup
──────────────────────────────────────────────────────────────
8    0.03                0.092               0.33×
9    0.0971              0.0237              4.1×
10   0.7341              0.1877              3.91×
11   5.7029              2.0615              2.77×
12   44.8967             15.7744             2.85×
──────────────────────────────────────────────────────────────

Threads Julia activos: 8
Threads BLAS activos: 1

──────────────────────────────────────────────────────────────
⚙️  Test de escalado paralelo ITensor (multiplicaciones)
──────────────────────────────────────────────────────────────
L    Tiempo seq (s)      Tiempo par (s)      Speedup
──────────────────────────────────────────────────────────────
8    0.0296              0.0842              0.35×
9    0.1388              0.0251              5.53×
10   0.7719              0.1901              4.06×
11   5.661               2.0118              2.81×
12   44.6268             15.667              2.85×
──────────────────────────────────────────────────────────────

Threads Julia activos: 10
Threads BLAS activos: 1

──────────────────────────────────────────────────────────────
⚙️  Test de escalado paralelo ITensor (multiplicaciones)
──────────────────────────────────────────────────────────────
L    Tiempo seq (s)      Tiempo par (s)      Speedup
──────────────────────────────────────────────────────────────
8    0.0289              0.0816              0.35×
9    0.1402              0.0198              7.09×
10   0.7697              0.154               5.0×
11   5.7068              1.4281              4.0×
12   44.6055             8.9588              4.98×
──────────────────────────────────────────────────────────────
