Dataset: Arrhythmia. Featuremap: ZZ

Bond: 0.2

L = 3

Max dim = 2
Memoria: 82.03607940673828 MB
Mean D: 2.0
Var  D: 0.0
Mean Renyi2: 6.59196015246351
Var  Renyi2: 2.7349415784453392
Mean accuracy: 0.542051282051282
Variance of accuracy: 8.948791000072989e-6

Max dim = 4
Memoria: 126.83881378173828 MB
Mean D: 4.0
Var  D: 0.0
Mean Renyi2: 0.9108218415420692
Var  Renyi2: 0.002195252775677629
Mean accuracy: 0.6190134310134308
Variance of accuracy: 0.005603341478310951

Max dim = 8
Memoria: 186.42865753173828 MB
Mean D: 8.0
Var  D: 0.0
Mean Renyi2: 0.9108218415421033
Var  Renyi2: 0.0021952527756777724
Mean accuracy: 0.634192918192918
Variance of accuracy: 0.005432488223574912
