Dataset: Arrhythmia. Featuremap: ZZ

Bond: 0.05

L = 5

Max dim = 2
Memoria: 82.03607940673828 MB
Mean D: 2.0
Var  D: 0.0
Mean Renyi2: 32.98153229639264
Var  Renyi2: 3.9057215474606033
Mean accuracy: 0.542051282051282
Variance of accuracy: 1.0738549200087584e-5

Max dim = 4
Memoria: 126.83881378173828 MB
Mean D: 4.0
Var  D: 0.0
Mean Renyi2: 1.428246773316758
Var  Renyi2: 0.002912746099034696
Mean accuracy: 0.7500610500610501
Variance of accuracy: 0.0016606958365200113

Max dim = 8
Memoria: 304.7255325317383 MB
Mean D: 8.0
Var  D: 0.0
Mean Renyi2: 1.3158976538529683
Var  Renyi2: 0.0017344885487686934
Mean accuracy: 0.7387545787545787
Variance of accuracy: 0.0037771322423337085

Max dim = 16
Memoria: 1010.9755325317383 MB
Mean D: 16.0
Var  D: 0.0
Mean Renyi2: 1.3158976538529825
Var  Renyi2: 0.0017344885487696195
Mean accuracy: 0.7366788766788768
Variance of accuracy: 0.0014704238916693135

Max dim = 32
Memoria: 1950.2880325317383 MB
Mean D: 32.0
Var  D: 0.0
Mean Renyi2: 1.315897653853009
Var  Renyi2: 0.0017344885487692214
Mean accuracy: 0.75001221001221
Variance of accuracy: 0.0006388087560248743
