Dataset: Arrhythmia. Featuremap: ZZ

Bond: 0.07

L = 5

Max dim = 2
Memoria: 82.03607940673828 MB
Mean D: 2.0
Var  D: 0.0
Mean Renyi2: 32.52355947430707
Var  Renyi2: 7.131894571505078
Mean accuracy: 0.542051282051282
Variance of accuracy: 1.0738549200087584e-5

Max dim = 4
Memoria: 126.83881378173828 MB
Mean D: 4.0
Var  D: 0.0
Mean Renyi2: 1.4446830041448784
Var  Renyi2: 0.00725976168864258
Mean accuracy: 0.7323565323565324
Variance of accuracy: 0.003175974751066328

Max dim = 8
Memoria: 304.7255325317383 MB
Mean D: 8.0
Var  D: 0.0
Mean Renyi2: 1.3149991475543539
Var  Renyi2: 0.003603818270040453
Mean accuracy: 0.7346031746031747
Variance of accuracy: 0.0011053162005542946

Max dim = 16
Memoria: 1010.9755325317383 MB
Mean D: 16.0
Var  D: 0.0
Mean Renyi2: 1.3149991475543645
Var  Renyi2: 0.0036038182700405827
Mean accuracy: 0.7298656898656898
Variance of accuracy: 0.0037371105356453324

Max dim = 32
Memoria: 1950.2880325317383 MB
Mean D: 32.0
Var  D: 0.0
Mean Renyi2: 1.314999147554394
Var  Renyi2: 0.0036038182700407076
Mean accuracy: 0.7278632478632477
Variance of accuracy: 0.003335565126773918
