Dataset: Arrhythmia. Featuremap: ZZ

Bond: 0.1

L = 3

Max dim = 2
Memoria: 82.03607940673828 MB
Mean D: 2.0
Var  D: 0.0
Mean Renyi2: 5.722980956952556
Var  Renyi2: 0.8350866400814254
Mean accuracy: 0.7058363858363859
Variance of accuracy: 0.0005841529248122658

Max dim = 4
Memoria: 126.83881378173828 MB
Mean D: 4.0
Var  D: 0.0
Mean Renyi2: 0.9053053868353428
Var  Renyi2: 0.0037562217856843506
Mean accuracy: 0.7256166056166057
Variance of accuracy: 0.00048406511410174394

Max dim = 8
Memoria: 186.42865753173828 MB
Mean D: 8.0
Var  D: 0.0
Mean Renyi2: 0.905305386835387
Var  Renyi2: 0.0037562217856841654
Mean accuracy: 0.7278388278388279
Variance of accuracy: 0.0003664419964786274
