Dataset: Arrhythmia. Featuremap: ZZ

Bond: 0.1

L = 4

Max dim = 2
Memoria: 82.03607940673828 MB
Mean D: 2.0
Var  D: 0.0
Mean Renyi2: 5.732065672860658
Var  Renyi2: 0.8370225712929994
Mean accuracy: 0.5952869352869353
Variance of accuracy: 0.0035579930854656157

Max dim = 4
Memoria: 126.83881378173828 MB
Mean D: 4.0
Var  D: 0.0
Mean Renyi2: 0.9053053868354403
Var  Renyi2: 0.0037562217856844044
Mean accuracy: 0.7102075702075702
Variance of accuracy: 0.0020356848415456464

Max dim = 8
Memoria: 304.7255325317383 MB
Mean D: 8.0
Var  D: 0.0
Mean Renyi2: 0.9053053868355274
Var  Renyi2: 0.003756221785684169
Mean accuracy: 0.7322588522588523
Variance of accuracy: 0.0055291407818880344

Max dim = 16
Memoria: 541.3192825317383 MB
Mean D: 16.0
Var  D: 0.0
Mean Renyi2: 0.9053053868355383
Var  Renyi2: 0.003756221785684156
Mean accuracy: 0.7323565323565324
Variance of accuracy: 0.0010289730619400953
